epoch,acc,loss,val_acc,val_loss
0,0.718907575272,173.628925676,0.766101707846,157.624867067
1,0.771008414975,143.574832724,0.769491538153,130.408363989
2,0.772268919102,118.783016205,0.769491538153,107.923187644
3,0.773529423229,98.2973891026,0.769491538153,89.339051974
4,0.776050431544,81.3677551205,0.769491538153,73.9787505845
5,0.776050431544,67.3760530648,0.769491538153,61.282231347
6,0.776470599586,55.8119671846,0.769491538153,50.7881620375
7,0.776890767629,46.2537416971,0.769491538153,42.1134816186
8,0.779831943924,38.3532177661,0.769491538153,34.9428026232
9,0.782773120344,31.8223722161,0.769491538153,29.0151609324
10,0.786134464745,26.4234152161,0.769491538153,24.1150480367
11,0.791176481595,21.9597160395,0.769491538153,20.064135503
12,0.799159674459,18.2687804839,0.769491538153,16.7151011774
13,0.811764715912,15.2163182888,0.769491538153,13.9460845236
14,0.825210093513,12.691438148,0.769491538153,11.6560458814
15,0.83865547105,10.6025550866,0.769491538153,9.76194454452
16,0.850840344274,8.87416595471,0.769491538153,8.19574249397
17,0.856722696864,7.44409357199,0.789830519991,6.89985523386
18,0.860084041327,6.26094072807,0.793220350298,5.82821610014
19,0.859243705117,5.28202571789,0.793220350298,4.94226644807
20,0.858403369033,4.47215964864,0.803389841217,4.21015750352
21,0.860504209056,3.80232593392,0.806779671524,3.6043962018
22,0.858823537075,3.24878914216,0.800000010911,3.10371832928
23,0.854201688674,2.79203773096,0.796610180604,2.68995612355
24,0.854201688674,2.41635613331,0.796610180604,2.34946655419
25,0.857142864969,2.10833895382,0.796610180604,2.06812400737
26,0.862605049517,1.85554316515,0.803389841217,1.83814482568
27,0.86890757015,1.64719008247,0.803389841217,1.64765650741
28,0.873529418614,1.47464825225,0.803389841217,1.49085593426
29,0.873529418489,1.33242738272,0.800000010406,1.36108016362
30,0.872268914456,1.21829208957,0.796610179594,1.2519394129
31,0.872268914425,1.12110609092,0.803389840207,1.16379701586
32,0.872268914488,1.04000792396,0.796610180099,1.08872081062
33,0.878991603006,0.972067941512,0.803389840712,1.01964365426
34,0.881092443123,0.913763396004,0.78644068918,0.98021587881
35,0.882352947751,0.867623048294,0.8000000099,0.931689441204
36,0.883193283647,0.82666174817,0.803389840712,0.89939810866
37,0.886134459692,0.792256763502,0.796610180099,0.869003329237
38,0.892016812595,0.766670070526,0.789830519486,0.842620556637
39,0.888235299903,0.743403751685,0.803389840207,0.83425861294
40,0.891596644616,0.723192267809,0.783050857863,0.804170258975
41,0.894537820661,0.706048656662,0.796610179594,0.798484619391
42,0.894957988797,0.693811514861,0.800000010911,0.787891566753
43,0.899579837355,0.679062511741,0.800000010406,0.780254884292
44,0.900840341544,0.669096725578,0.793220349793,0.774531513958
45,0.899159669313,0.661784750699,0.796610179594,0.764793798075
46,0.900420173502,0.65411267223,0.793220349793,0.756838469182
47,0.901260509649,0.648461150021,0.793220348782,0.755034768985
48,0.902521013713,0.641224422437,0.806779672029,0.748783072678
49,0.905042022154,0.635752910012,0.806779672029,0.748574342768
50,0.904201685787,0.631123618293,0.81016950183,0.743387371807
51,0.907142862458,0.628347471482,0.766101707341,0.775989007647
52,0.901260509711,0.626577642347,0.806779671524,0.74251668332
53,0.903361349734,0.626269553264,0.806779672029,0.742011459702
54,0.906302526405,0.620347696693,0.796610180099,0.738755014993
55,0.905042021997,0.617252801647,0.803389841217,0.740943666232
56,0.90630252628,0.615419554986,0.806779671524,0.74557050608
57,0.905042022154,0.616595403863,0.806779671018,0.7407426824
58,0.900420173251,0.61598969182,0.806779671018,0.743080975646
59,0.902100845514,0.614243808163,0.796610180604,0.744914078106
60,0.905882358113,0.611233458799,0.803389841217,0.738759873782
61,0.905462190133,0.609345810253,0.800000010911,0.739083500737
62,0.90630252628,0.606959139725,0.810169502335,0.740601163799
63,0.907142862427,0.606858266001,0.81016950183,0.731429576369
64,0.904201686007,0.609042683068,0.776271198513,0.78254137807
65,0.899159669438,0.612136278208,0.816949161938,0.737950626571
66,0.90714286249,0.608070477593,0.803389841217,0.745232155768
67,0.906302526218,0.604924711172,0.796610180604,0.742410919424
68,0.904201686007,0.602537827081,0.803389840712,0.729609950619
69,0.907563030375,0.602415362326,0.800000010406,0.747663422156
70,0.904621854049,0.60191919423,0.81016950183,0.729320947397
71,0.908403366616,0.600461901236,0.816949162948,0.728253322133
72,0.906302526218,0.599995363723,0.800000010911,0.732819614774
73,0.907563030469,0.599751181963,0.813559332136,0.731652817484
74,0.910084038848,0.600566028547,0.806779672029,0.748469412832
75,0.90336134986,0.604514853168,0.800000011416,0.739242813345
76,0.905042022154,0.609002830226,0.803389840712,0.742945873131
77,0.907142862365,0.602616455375,0.813559332642,0.741493780229
78,0.910504206765,0.59778390374,0.806779672029,0.741595921375
79,0.909243702513,0.596667445006,0.803389841217,0.740874801652
80,0.909663870743,0.593627212178,0.803389841217,0.741670071068
81,0.911344542849,0.593588733873,0.820338993254,0.737843913547
82,0.910084038629,0.592613076588,0.810169502335,0.743859919956
83,0.908823534658,0.594295360336,0.81016950183,0.741673259917
84,0.911344542661,0.593025918142,0.820338993254,0.734915119612
85,0.909663870868,0.592531058217,0.800000010406,0.732153418206
86,0.909663870586,0.594395878185,0.816949162443,0.74174437634
87,0.913865551227,0.592131016009,0.823728823561,0.731672027354
88,0.914285719238,0.597632466495,0.803389841722,0.752426398508
89,0.911344542786,0.600014314556,0.800000011416,0.755893857802
90,0.911764710766,0.595079876044,0.81016950183,0.746278346595
91,0.91638655948,0.593880782859,0.803389841217,0.74008422989
92,0.921428575987,0.589479976342,0.803389841722,0.736329189802
93,0.920588239714,0.585529092042,0.806779672029,0.745279779374
94,0.918907567796,0.585616916606,0.796610179847,0.749219290786
95,0.922689080113,0.584419259254,0.81016950183,0.737230849468
96,0.924789920449,0.583746391435,0.810169502335,0.743826549942
97,0.922268912008,0.585531962769,0.816949162948,0.738093850976
98,0.921008407944,0.588814237914,0.80338984147,0.755171951096
99,0.911764711079,0.609202708016,0.796610180857,0.745401064218
100,0.920168071923,0.600739170648,0.800000011416,0.765179327484
101,0.926050424325,0.589899545082,0.800000011416,0.745122066999
102,0.926470592555,0.583756669604,0.796610180099,0.742138655509
103,0.924369752031,0.580861942232,0.806779672029,0.757351862677
104,0.928151264724,0.579022819129,0.81016950183,0.733716456567
105,0.927731096745,0.578680113083,0.806779672029,0.73864810093
106,0.926470592555,0.577119876732,0.800000010406,0.741493800434
107,0.926470592493,0.576797320437,0.806779671524,0.738931173995
108,0.92394958424,0.58507143224,0.789830519486,0.747809057519
109,0.924789920449,0.587323754901,0.813559331631,0.756074443712
110,0.926050424513,0.582675168619,0.806779672029,0.743493743872
111,0.92352941626,0.591158443952,0.783050858873,0.754786604037
112,0.92689076066,0.583822383851,0.806779671524,0.751712835441
113,0.926890760598,0.582770865191,0.800000011416,0.743239363876
114,0.927310928577,0.577939530882,0.803389841217,0.744309038429
115,0.926050424451,0.580325735404,0.813559332642,0.748074242119
116,0.92731092864,0.576476871842,0.803389840712,0.74103205992
117,0.925630256408,0.575999772223,0.81016950183,0.75520466849
118,0.928151264787,0.573962294504,0.803389841217,0.734555695017
119,0.927310928577,0.57431301268,0.813559332389,0.747618680788
120,0.92731092864,0.577768363622,0.813559332389,0.746457071628
121,0.927310928702,0.578173968471,0.800000010911,0.751148140026
122,0.927310928702,0.576960264134,0.8000000099,0.747479523643
123,0.927731096745,0.575270938523,0.806779672029,0.745898853419
124,0.928571432829,0.572403190266,0.816949162948,0.746306175903
125,0.92731092864,0.571716316107,0.789830518981,0.744412694947
126,0.926050424576,0.577644515313,0.816949162443,0.739012271671
127,0.92689076066,0.576202867099,0.806779671018,0.740011856212
128,0.927731096682,0.575573136889,0.806779671524,0.752737056906
129,0.92689076066,0.573557187028,0.81016950183,0.744519176119
130,0.927731096745,0.571959955289,0.796610181109,0.747860406415
131,0.92731092864,0.57023250512,0.820338992749,0.737422193006
132,0.928571432829,0.569119591548,0.80338984147,0.751758864876
133,0.905882358175,0.605955268781,0.783050859126,0.810084843535
134,0.902941181943,0.620331210749,0.803389840712,0.768755783469
135,0.924369752407,0.592238008162,0.810169501325,0.751237149461
136,0.927731096682,0.580633544308,0.813559332136,0.745578918922
137,0.927731096682,0.57467106711,0.806779671524,0.741287884066
138,0.928571432829,0.570569336915,0.813559332136,0.733306114956
139,0.928571432829,0.567931172728,0.813559332136,0.734188982491
140,0.928571432829,0.566512812899,0.806779672029,0.742401490272
141,0.926470592555,0.56828437539,0.800000010406,0.767798096447
142,0.928571432829,0.569838702303,0.813559331884,0.72950030535
143,0.928151264787,0.568313842874,0.803389841217,0.743425037901
144,0.926050424576,0.573555276299,0.800000011416,0.738736269333
145,0.921848744029,0.580826232163,0.800000010406,0.767805890007
146,0.918067231649,0.592692045667,0.800000010153,0.750222626884
147,0.924789920449,0.58577205654,0.806779672029,0.752292587595
148,0.926050424576,0.578507882895,0.820338992749,0.743396289268
149,0.927731096745,0.572566668276,0.806779671018,0.745348875805
150,0.927731096682,0.568088016465,0.806779671524,0.740039018756
151,0.928151264724,0.564951834809,0.827118653362,0.736129230867
152,0.928151264724,0.563396510081,0.803389841217,0.741201437631
153,0.928571432829,0.563878738079,0.823728823056,0.7361084046
154,0.928571432829,0.563468303625,0.820338992749,0.731974250179
155,0.92731092864,0.563217662838,0.796610180352,0.75482105047
156,0.928571432829,0.563868144856,0.81016950183,0.737824072272
157,0.928571432829,0.563949597546,0.813559332642,0.743673918106
158,0.92731092864,0.564403113573,0.800000010406,0.744652963291
159,0.928151264724,0.564412195455,0.796610181109,0.748558737969
160,0.928571432829,0.564876647619,0.789830518729,0.753376854173
161,0.914285719269,0.588052112954,0.810169502083,0.753156593796
162,0.90000000546,0.622340305888,0.789830519991,0.775281822277
163,0.921008407944,0.59895561072,0.8000000099,0.764964594174
164,0.926470592555,0.581282425077,0.806779670513,0.751152689174
165,0.928151264787,0.57246578322,0.81016950183,0.752650090193
166,0.92731092864,0.567240327221,0.800000010406,0.749001811116
167,0.928571432829,0.563639024977,0.810169501325,0.732109534033
168,0.928991600871,0.56154091243,0.800000010406,0.733529029761
169,0.928571432829,0.561096980166,0.813559331126,0.731385673002
170,0.928151264724,0.560939112381,0.816949162443,0.732726370379
171,0.928571432829,0.560369109657,0.79322034954,0.746285079394
172,0.927731096682,0.55997992883,0.823728823056,0.738516294855
173,0.92689076066,0.564311026963,0.803389840459,0.7327382807
174,0.928151264787,0.566703393492,0.806779671524,0.738807234219
175,0.90378151809,0.613284623047,0.806779672029,0.779491205337
176,0.923109248218,0.585753686538,0.810169502335,0.762972051309
177,0.928151264787,0.572692664982,0.813559331631,0.745086780544
178,0.928151264724,0.566529228407,0.813559332136,0.736410394564
179,0.928151264724,0.562268881049,0.810169502335,0.734640476562
180,0.928151264662,0.560531064743,0.813559332642,0.746433598005
181,0.928991600871,0.559416919696,0.806779671524,0.727645404763
182,0.928571432829,0.55878642239,0.816949162443,0.737981851828
183,0.921428575987,0.577037594085,0.803389841217,0.76712507161
184,0.921428576049,0.580383964446,0.803389840965,0.770569037078
185,0.926470592618,0.573532830141,0.806779671524,0.742404185614
186,0.928151264724,0.565402783767,0.806779671524,0.740025062177
187,0.927731096682,0.561011831237,0.813559331884,0.733478354701
188,0.92731092864,0.558763122045,0.803389841217,0.725920316021
189,0.928571432829,0.556843457603,0.813559332136,0.727647401014
190,0.927731096682,0.555568536164,0.816949162948,0.739934029721
191,0.928571432829,0.555865880571,0.813559332136,0.735182968237
192,0.928571432829,0.555323399102,0.820338993254,0.731299281625
193,0.90042017369,0.605660981992,0.789830517718,0.765436978158
194,0.913865551071,0.598459638217,0.800000010911,0.769196423434
195,0.926890760598,0.576846007039,0.81016950183,0.744610881906
196,0.927731096682,0.565988167369,0.806779671018,0.732429727154
197,0.92731092864,0.560597256327,0.813559331631,0.727192667581
198,0.928151264724,0.557386370517,0.830508484174,0.732195981983
199,0.928151264724,0.555448785925,0.806779671018,0.733323497287
200,0.928571432829,0.554284048807,0.820338992749,0.714574460761
201,0.928151264724,0.554642106367,0.820338992749,0.731831156601
202,0.926890760535,0.554959776083,0.816949161938,0.725075159032
203,0.919747903787,0.573894301132,0.793220350298,0.770408611176
204,0.912605047038,0.597256405263,0.793220350298,0.758532363479
205,0.920168071797,0.584907322058,0.816949161938,0.756617911286
206,0.926470592555,0.569749661604,0.8000000099,0.742354923386
207,0.927731096682,0.561795052047,0.816949161433,0.743801177053
208,0.927731096682,0.557141230763,0.816949161938,0.730748573602
209,0.928151264724,0.554391975726,0.820338992244,0.726881502038
210,0.927731096682,0.553088793985,0.81016950082,0.727496130992
211,0.92815126463,0.556126454172,0.803389841217,0.735132668483
212,0.926050424513,0.557936407688,0.803389840207,0.73952041238
213,0.92731092864,0.557444411917,0.803389840965,0.741956144066
214,0.921428575924,0.573760316152,0.789830519991,0.747668491582
215,0.927731096745,0.563583505504,0.803389840712,0.756611528538
216,0.928991600808,0.557062791801,0.81016950082,0.729263323849
217,0.927731096682,0.553453908247,0.813559331631,0.736459130453
218,0.928151264787,0.551058421491,0.820338991739,0.725076386484
219,0.927731096682,0.551904686985,0.816949161433,0.737748880508
220,0.928151264724,0.551155561785,0.820338993254,0.72986585811
221,0.925210088304,0.558876421584,0.78644068918,0.766214923838
222,0.928571432829,0.554974644374,0.816949162443,0.728048084146
223,0.921008408007,0.570496958594,0.803389841217,0.765023301213
224,0.918487399754,0.586088713352,0.796610179594,0.770600380534
225,0.926050424576,0.57036610987,0.810169501325,0.749247787362
226,0.928151264724,0.561061040819,0.806779671018,0.751486524182
227,0.928571432829,0.555107086083,0.813559331631,0.732248685117
228,0.928991600808,0.552177269168,0.813559332136,0.735756173982
229,0.928991600808,0.550687416136,0.81016950082,0.728895321741
230,0.929831936893,0.548927830485,0.823728823561,0.730459850723
231,0.930672272977,0.547814813231,0.823728823561,0.722274550947
232,0.930672272977,0.548338840676,0.820338993254,0.7393071409
233,0.93067227304,0.551386944449,0.820338992244,0.730606638779
234,0.926050424576,0.562610573754,0.800000010911,0.736988058535
235,0.905882358363,0.601761344977,0.800000011416,0.764819122977
236,0.92394958424,0.583695938357,0.813559331631,0.746021519273
237,0.927731096745,0.567173793912,0.800000010406,0.743506454815
238,0.926890760535,0.56301807393,0.813559331126,0.738692457898
239,0.929411768851,0.555398466832,0.803389840712,0.741324432826
240,0.929831936955,0.551305199371,0.816949161433,0.727672551648
241,0.930672272977,0.549017908944,0.810169501325,0.727179519201
242,0.931932777166,0.54743479593,0.816949162443,0.730137107736
243,0.932773113251,0.546390608579,0.806779670513,0.730745373641
244,0.931092441082,0.546113412921,0.813559332136,0.721202236616
245,0.932773113188,0.550896266303,0.816949162443,0.72223561194
246,0.925210088366,0.563752228785,0.816949162948,0.743981280569
247,0.912605047069,0.59655518955,0.79322034954,0.785303372448
248,0.915546223208,0.5981419114,0.806779671524,0.761421321307
249,0.928991600808,0.574627927434,0.803389841217,0.736794016624
250,0.931512609124,0.561163791588,0.8000000099,0.737238338438
251,0.931092441082,0.554133335457,0.803389840712,0.732133992648
252,0.931092441019,0.549974791518,0.820338992244,0.72135164172
253,0.932352945146,0.547259163957,0.813559332136,0.724190959991
254,0.933613449335,0.545938443862,0.806779670008,0.726065464949
255,0.932773113188,0.547149771277,0.820338993254,0.724050661265
256,0.934873953399,0.546714140212,0.816949162948,0.72436515406
257,0.931932777041,0.547048222743,0.813559332642,0.740057233532
258,0.915126055416,0.585544568526,0.833898313975,0.745158655159
259,0.922689080051,0.579688399028,0.810169501325,0.750885217372
260,0.929411768851,0.568255427004,0.803389840712,0.745741916915
261,0.931092441019,0.559137005265,0.806779671524,0.730174417213
262,0.93319328123,0.551405561008,0.810169501325,0.724175452176
263,0.934033617315,0.547283500183,0.803389839702,0.726114805977
264,0.934453785357,0.544679857728,0.813559331631,0.724095113702
265,0.932773113126,0.543310443894,0.806779671018,0.721470720687
266,0.936134457588,0.545634074246,0.81016950082,0.727307043843
267,0.931092441019,0.559822478715,0.806779672029,0.759448335838
268,0.927310928577,0.566338239347,0.823728823561,0.728762938815
269,0.932352945115,0.556232135837,0.816949162443,0.732193848844
270,0.932773113126,0.550607619291,0.8000000099,0.732977581731
271,0.934453785419,0.546391917878,0.820338992749,0.726106784101
272,0.934453785357,0.543030132767,0.813559332136,0.716823652639
273,0.934873953399,0.54150599116,0.816949161938,0.721735670405
274,0.937815129694,0.541542681951,0.816949162443,0.719315416732
275,0.937815129694,0.542597178652,0.820338993254,0.719884849706
276,0.938655465779,0.541767217908,0.816949162443,0.728207157325
277,0.934873953336,0.547712330182,0.789830518729,0.74844260438
278,0.915546223396,0.592526411998,0.78644068918,0.77535389389
279,0.915546223177,0.591118812123,0.803389841217,0.756860884569
280,0.931512609124,0.565278317873,0.810169501325,0.737126848455
281,0.934873953399,0.55500477302,0.823728823056,0.734523702476
282,0.934033617252,0.548472442672,0.81016950082,0.726290145163
283,0.93655462563,0.544149443257,0.81016950082,0.719440673367
284,0.93655462563,0.541389001142,0.810169501325,0.723126995361
285,0.934453785357,0.540002394061,0.820338992749,0.724166125059
286,0.939915969905,0.540516779077,0.813559331126,0.728710697364
287,0.939915969905,0.540681885446,0.800000010406,0.719679599596
288,0.934873953368,0.541662005191,0.827118652857,0.709326679929
289,0.938235297799,0.545960678022,0.793220349793,0.764093600592
290,0.923949584365,0.568306463481,0.803389840712,0.733825678543
291,0.921848743966,0.577750853005,0.813559332136,0.735982356435
292,0.929411768788,0.565697256382,0.800000010406,0.762003334902
293,0.934873953399,0.552874388189,0.813559330874,0.729003569837
294,0.936554625568,0.546501662363,0.81016950082,0.722225714033
295,0.934873953336,0.541984956054,0.810169501325,0.727146866968
296,0.938235297799,0.540526760977,0.813559331631,0.733625113964
297,0.936974793673,0.542241825652,0.830508484174,0.721007434493
298,0.935294121441,0.543561499785,0.816949161938,0.720173474086
299,0.939495801863,0.54377277233,0.816949161938,0.719372105295
300,0.937815129569,0.544325649864,0.823728822551,0.724476718296
301,0.939915969968,0.541301442044,0.81016950183,0.724027209363
302,0.94075630599,0.541506810036,0.803389840712,0.732264802112
303,0.939915969905,0.542151694789,0.803389840712,0.725721133968
304,0.940756306052,0.543639273704,0.816949162948,0.732418854358
305,0.911764710766,0.58698682462,0.810169502335,0.761388570575
306,0.929831936955,0.57008775092,0.830508483669,0.735926023984
307,0.934453785419,0.554601126922,0.816949162443,0.73372930945
308,0.937394961652,0.5458480429,0.810169501325,0.725241439827
309,0.937394961652,0.541348099333,0.816949162443,0.723401800556
310,0.939075633821,0.538863146756,0.813559332642,0.714917186963
311,0.940336137885,0.536399953255,0.810169501325,0.721072550547
312,0.94075630599,0.535859934297,0.81016950082,0.726508076918
313,0.941596642137,0.540384953575,0.81016950082,0.722858588069
314,0.941596642011,0.54090884666,0.810169502335,0.73704546589
315,0.938235297737,0.539576860786,0.820338992749,0.716731033083
316,0.94411765039,0.537836346807,0.810169501325,0.719626443871
317,0.92310924803,0.56956207627,0.786440689432,0.773977259963
318,0.913865551039,0.595440581065,0.813559331631,0.7412931909
319,0.934033617315,0.569584504959,0.803389840207,0.745403709553
320,0.932773113188,0.554659190298,0.793220349793,0.7384791748
321,0.936554625568,0.546160725298,0.806779671524,0.727814893601
322,0.93697479361,0.540929984395,0.806779671524,0.724333047867
323,0.938235297737,0.537164073907,0.820338992749,0.714337483301
324,0.94075630599,0.535331405762,0.813559331126,0.719867398678
325,0.941176474032,0.535512024928,0.827118653867,0.711622827134
326,0.937815129694,0.537568243549,0.813559332136,0.718736025742
327,0.929831936893,0.556187339816,0.803389840207,0.752564655017
328,0.937815129757,0.553448286252,0.813559332642,0.725628445714
329,0.934873953399,0.546815078549,0.800000010406,0.730841214374
330,0.937815129694,0.54179220177,0.816949162948,0.733593560376
331,0.94075630599,0.537424481654,0.816949161938,0.711980824248
332,0.942436978096,0.534682951179,0.81016950082,0.714673916162
333,0.942436978221,0.533375420741,0.813559332136,0.709942156481
334,0.941596642137,0.533380994464,0.810169501325,0.731789605597
335,0.942016810179,0.533555011414,0.823728823056,0.723940278514
336,0.942016810116,0.533848682935,0.806779671524,0.71370770416
337,0.942436978096,0.537108051176,0.810169502335,0.720615893097
338,0.939915969905,0.539688345014,0.81016950183,0.727334576643
339,0.905042022091,0.600605229119,0.800000010406,0.774345601009
340,0.920168071923,0.597651109976,0.793220350803,0.754162617659
341,0.933613449272,0.567675902626,0.806779671018,0.742163025727
342,0.938655465779,0.551297047747,0.816949162443,0.726936968706
343,0.939915969905,0.542633298565,0.813559331631,0.727945139853
344,0.942436978158,0.537434532925,0.806779671524,0.722038230654
345,0.941176474094,0.534339566191,0.813559331631,0.710315568972
346,0.943697482285,0.532061763421,0.816949162443,0.717392021317
347,0.946218490601,0.532135466818,0.816949162443,0.713279161413
348,0.942436978158,0.533973699107,0.81016950183,0.729448592764
349,0.94075630599,0.538696276666,0.806779671524,0.736593203019
350,0.940336137947,0.538028252914,0.820338992749,0.719813298371
351,0.943277314305,0.537710919851,0.813559332136,0.7141384937
352,0.934873953399,0.546145330958,0.806779670513,0.732534956124
353,0.939075633821,0.53888980581,0.806779670513,0.705435863996
354,0.94033613801,0.53542358998,0.816949162443,0.711361889617
355,0.943277314243,0.533346689674,0.81016950082,0.705515779681
356,0.94327731418,0.531746416157,0.813559331631,0.710654639592
357,0.943697482347,0.531433716416,0.827118653362,0.711937326496
358,0.942857146201,0.537298994092,0.816949161938,0.73120750209
359,0.919327735713,0.579977685601,0.806779671524,0.759903604196
360,0.932352945083,0.567619184987,0.816949162443,0.749707241685
361,0.938235297737,0.555257738513,0.810169501325,0.733878795373
362,0.938655465841,0.543853513458,0.81016950183,0.72639514026
363,0.942016810179,0.537541194248,0.806779671524,0.730249135171
364,0.941176474032,0.532636459447,0.813559331631,0.723255976277
365,0.944537818369,0.530347284024,0.810169501325,0.706024639182
366,0.944537818369,0.528994709754,0.823728823056,0.716601413185
367,0.946638658643,0.527959766884,0.806779671524,0.710800396689
368,0.944957986411,0.531325480955,0.816949162443,0.722317518319
369,0.922689080176,0.570072055113,0.806779672029,0.746529194258
370,0.931092441019,0.560068146459,0.820338993254,0.743690840269
371,0.937815129757,0.548434978398,0.803389840712,0.727790788069
372,0.940756305927,0.537805938796,0.796610179594,0.723407879219
373,0.942857146138,0.533201272748,0.800000010406,0.712041907391
374,0.944117650327,0.530144095922,0.803389840207,0.725617984594
375,0.945378154516,0.529671834171,0.81016950183,0.716184105914
376,0.944957986411,0.527199155643,0.813559332136,0.713227883234
377,0.945798322433,0.528219302913,0.813559331631,0.708286806688
378,0.944117650327,0.527711924385,0.806779670513,0.705419898033
379,0.944957986474,0.528720506725,0.820338992749,0.706434187243
380,0.930252104872,0.555693165595,0.752542383843,0.801529218585
381,0.910504206545,0.600695786544,0.81016950183,0.745763694331
382,0.931092441019,0.561945015017,0.796610180604,0.73979094473
383,0.936554625568,0.549530461305,0.820338993254,0.725757191747
384,0.939495801863,0.540260441977,0.803389840712,0.726250580812
385,0.942857146263,0.534769027924,0.813559332136,0.719487328651
386,0.943697482285,0.529921297015,0.816949162443,0.704807171377
387,0.94705882656,0.527140903373,0.813559332642,0.717878877106
388,0.948739498854,0.526012078554,0.827118653362,0.717482931028
389,0.946218490601,0.52631349511,0.81016950183,0.713951787706
390,0.942436978158,0.532489652518,0.796610180099,0.738926483413
391,0.928991600808,0.554840585639,0.816949162948,0.728466250129
392,0.935294121441,0.557703930916,0.81016950183,0.739019489389
393,0.936554625443,0.54893984702,0.81016950183,0.745362578307
394,0.939075633821,0.536830207129,0.803389841217,0.72190372065
395,0.943277314243,0.530949590023,0.806779671524,0.724063800553
396,0.943277314243,0.52804114895,0.813559331126,0.723271368924
397,0.943277314149,0.526733576938,0.810169501325,0.713167731035
398,0.947478994727,0.525328478956,0.806779671524,0.714919018543
399,0.944117650327,0.526782413115,0.813559331631,0.713699735827
400,0.943697482285,0.530557383509,0.806779672029,0.733539008488
401,0.932352945146,0.545634885358,0.806779672029,0.736976125988
402,0.938235297737,0.535944751832,0.813559331126,0.722161349604
403,0.945378154454,0.531407516168,0.816949161938,0.721920563003
404,0.940756305927,0.530725349023,0.793220349288,0.72486415859
405,0.944117650327,0.526716193419,0.816949161938,0.705431743699
406,0.94663865858,0.525537949901,0.800000010153,0.719681129617
407,0.945378154454,0.525099531254,0.830508484174,0.704936747329
408,0.94663865858,0.523697148476,0.803389840712,0.714195188829
409,0.944117650327,0.523019760096,0.803389841217,0.711094183437
410,0.947478994727,0.523529166684,0.816949161938,0.714962438001
411,0.945378154454,0.528977600842,0.77966102882,0.754711841628
412,0.890336140552,0.621369466999,0.820338993002,0.756104697615
413,0.926050424513,0.576187246236,0.810169502335,0.745151080317
414,0.941176474094,0.548863273396,0.793220349288,0.730136158608
415,0.940336137947,0.539023859661,0.8000000099,0.725517024428
416,0.943277314243,0.531610589694,0.8000000099,0.714233971248
417,0.944537818369,0.526954218432,0.8000000099,0.706657135386
418,0.945378154391,0.524655791892,0.813559332136,0.711193694907
419,0.947478994665,0.523784541908,0.816949162948,0.714301831641
420,0.947478994727,0.522616103292,0.813559332136,0.707954651218
421,0.943697482285,0.529901158659,0.803389841722,0.712664459216
422,0.942857146201,0.53092458863,0.793220350298,0.72118235089
423,0.939075633821,0.538595304269,0.772881367954,0.777839158551
424,0.934453785357,0.550249600673,0.813559332642,0.731169051033
425,0.938235297674,0.545661654417,0.806779671018,0.722050859261
426,0.94075630599,0.534755088702,0.81016950183,0.711279398809
427,0.944537818369,0.53004149022,0.81016950082,0.710434036235
428,0.945798322558,0.525791660139,0.803389840712,0.720543065314
429,0.94369748216,0.52260921044,0.803389840207,0.710599891715
430,0.94663865858,0.520202411573,0.830508483669,0.700298986192
431,0.945798322496,0.524449402106,0.816949161938,0.706922619525
432,0.945378154516,0.523821508559,0.81016950183,0.719611434613
433,0.945798322558,0.525834543051,0.827118653362,0.71782050648
434,0.944117650264,0.526562928778,0.796610180604,0.721682165639
435,0.941596642011,0.527014973973,0.813559331884,0.741016880941
436,0.94075630599,0.530113503587,0.813559332642,0.711137498839
437,0.937394961715,0.536294153633,0.813559332136,0.720323292381
438,0.943697482222,0.534236968065,0.803389840207,0.730345074908
439,0.94075630599,0.533622364913,0.783050858368,0.719444463819
440,0.943697482347,0.528566919392,0.806779671524,0.713718777491
441,0.941596642074,0.525787654795,0.793220350045,0.720992274204
442,0.947058826622,0.522111679576,0.800000010406,0.721279059931
443,0.945798322496,0.521254085818,0.827118653867,0.720686394279
444,0.94663865858,0.521690808299,0.81016950183,0.723786098472
445,0.944957986411,0.522578164434,0.827118653867,0.701239268659
446,0.93697479361,0.534090407381,0.796610180099,0.729937948413
447,0.929411768788,0.54901092055,0.796610180604,0.743807835094
448,0.933193281136,0.560271500602,0.806779671524,0.753635412556
449,0.937815129694,0.550820824792,0.823728823561,0.724665727151
450,0.943697482285,0.53340686194,0.806779671524,0.711873485375
451,0.944117650327,0.526857168422,0.813559332642,0.70466532192
452,0.947058826685,0.522317797071,0.803389840712,0.704539507122
453,0.945378154454,0.519732223025,0.810169501325,0.705013002885
454,0.945798322496,0.518089085943,0.806779671524,0.701831421105
455,0.94663865858,0.517340422804,0.803389840712,0.706179824926
456,0.948319330749,0.518437113769,0.81016950183,0.708656101914
457,0.944537818432,0.521854526856,0.830508484174,0.700553988501
458,0.928991600621,0.551432111183,0.749152555051,0.814707459535
459,0.901680678004,0.601692227881,0.803389840965,0.750002058381
460,0.937394961652,0.556165135583,0.810169501325,0.733273854195
461,0.939495801738,0.54012676366,0.793220349793,0.722160921258
462,0.942857146201,0.52927977886,0.800000010406,0.721248531746
463,0.944957986411,0.524117992267,0.803389841217,0.721717897108
464,0.944117650327,0.520865120995,0.793220349793,0.714147751109
465,0.946218490601,0.520603522032,0.813559331631,0.707722306757
466,0.944957986411,0.518331089065,0.816949162443,0.703474557501
467,0.944957986411,0.517540917552,0.806779671018,0.704788096375
468,0.944537818307,0.518409657128,0.823728823056,0.700701895912
469,0.942016810116,0.529325198226,0.823728823561,0.705084931042
470,0.931512609062,0.543002580081,0.81016950183,0.734005905814
471,0.936974793673,0.539914787567,0.803389841217,0.735951121581
472,0.939075633883,0.534244900616,0.796610180099,0.728241566884
473,0.941176473907,0.525728241611,0.793220349288,0.716284817053
474,0.945798322496,0.520417268725,0.806779671018,0.700141654681
475,0.94663865858,0.516611095361,0.796610180099,0.704772495617
476,0.946218490538,0.514970586768,0.810169501325,0.703660981635
477,0.949159666896,0.514602589006,0.813559331631,0.703568181244
478,0.944957986411,0.514886043966,0.793220349793,0.721049466376
479,0.910084038597,0.576064296755,0.796610180352,0.783313422385
480,0.910084038848,0.594585446062,0.827118653362,0.748974549568
481,0.935714289483,0.556121006107,0.803389840207,0.72520038435
482,0.939915969905,0.538048146527,0.793220349793,0.725635634641
483,0.942436978158,0.52786291447,0.793220349288,0.714458263021
484,0.944957986411,0.523087444175,0.786440688675,0.713595933833
485,0.944957986411,0.519159488192,0.796610180099,0.706550913342
486,0.945798322496,0.517266283266,0.813559332136,0.720430287264
487,0.946218490538,0.515463107649,0.810169502335,0.705925267127
488,0.943277314243,0.516845391202,0.803389841217,0.720422019898
489,0.942016810116,0.518627905232,0.806779671524,0.722643626949
490,0.944957986411,0.520188727674,0.816949162948,0.695580910828
491,0.939495801926,0.52659157457,0.793220349035,0.719657079648
492,0.919327735776,0.564700290561,0.813559332136,0.75663408334
493,0.936974793673,0.547772363955,0.806779670513,0.733876588486
494,0.941176474032,0.533834394161,0.800000010911,0.721725539636
495,0.94075630599,0.526732977887,0.78644068817,0.719864526543
496,0.944537818369,0.520663819393,0.800000009395,0.70463188725
497,0.946638658643,0.515542975118,0.793220349793,0.713747843847
498,0.944957986411,0.514211690226,0.813559332642,0.702227247468
499,0.945378154454,0.513982808577,0.803389839702,0.703688671528
500,0.944957986411,0.521630724563,0.813559331631,0.707585340334
501,0.939495801863,0.523409669577,0.793220349793,0.737603311822
502,0.944117650264,0.519624564202,0.806779671524,0.714453815404
503,0.946638658643,0.517186162352,0.810169502335,0.700144707146
504,0.946638658643,0.515449819445,0.81016950183,0.708899424238
505,0.944537818432,0.517153185331,0.827118652857,0.699675009412
506,0.946218490538,0.513745398832,0.793220349288,0.726453720513
507,0.947058826622,0.512544273579,0.81016950183,0.698287030398
508,0.946218490538,0.519407921917,0.793220349035,0.73419274415
509,0.942857146201,0.525055282006,0.796610180604,0.734132153503
510,0.94033613801,0.524454448153,0.810169502335,0.716577585471
511,0.944537818369,0.518526385687,0.793220350298,0.708250632731
512,0.942016810116,0.523342025005,0.8000000099,0.71233077221
513,0.92394958424,0.55241053708,0.793220350803,0.735727003065
514,0.939495801863,0.534469339527,0.81016950183,0.725723188812
515,0.941596642011,0.523845612815,0.81016950183,0.72578603989
516,0.943277314243,0.521524340415,0.810169501325,0.714448907618
517,0.944537818307,0.515570029616,0.800000010911,0.704509627011
518,0.944537818432,0.512451402154,0.81016950183,0.700584052983
519,0.943697482285,0.512012990708,0.806779670513,0.701161186574
520,0.946218490538,0.513089561287,0.816949162948,0.696894954827
521,0.944117650327,0.512644538358,0.816949161938,0.706464180502
522,0.945798322496,0.515524940706,0.8000000099,0.714277580128
523,0.921428575924,0.55438654682,0.783050858873,0.761667043476
524,0.918487399503,0.571521068321,0.796610180099,0.767390613839
525,0.942436978096,0.540981472916,0.816949161433,0.728102390544
526,0.942016810116,0.527859139843,0.803389840207,0.723334197271
527,0.945798322558,0.518845391374,0.8000000099,0.716748413393
528,0.944117650327,0.51365777775,0.800000010406,0.702798598904
529,0.944537818369,0.511785232157,0.803389840712,0.703799380084
530,0.94705882656,0.510772318274,0.8000000099,0.710684449491
531,0.94663865858,0.50921542354,0.803389840712,0.696756193193
532,0.945798322558,0.508635602391,0.806779671018,0.69826396239
533,0.935714289483,0.530856443804,0.81694916219,0.737703932544
534,0.91344538306,0.570041231999,0.796610180604,0.777144427017
535,0.930672272977,0.553012082557,0.803389840712,0.72851635642
536,0.939915969905,0.533049761999,0.81016950082,0.721295816919
537,0.944957986474,0.521519347524,0.806779671018,0.721040391316
538,0.944957986411,0.51641898045,0.796610179594,0.705585163024
539,0.947058826622,0.511518682251,0.806779671524,0.705195593632
540,0.946218490538,0.51002809662,0.810169502335,0.708172882007
541,0.946218490538,0.5091166907,0.806779671524,0.696723660675
542,0.947478994665,0.507135680243,0.823728822551,0.692959674839
543,0.945798322496,0.509446455275,0.816949162443,0.700409610898
544,0.93991596978,0.520214203902,0.813559332642,0.706042139207
545,0.938655465779,0.527933725414,0.779661028062,0.747300546048
546,0.934873953336,0.537843641614,0.810169502335,0.720039401014
547,0.936974793547,0.529801670493,0.816949162443,0.722674687535
548,0.938655465779,0.53221635558,0.813559332642,0.700574128304
549,0.940756305927,0.521033375391,0.803389841217,0.709909028421
550,0.944537818369,0.514866315642,0.813559331631,0.699502112502
551,0.946218490601,0.51095389437,0.813559331631,0.695459534556
552,0.94663865858,0.507393165922,0.816949161938,0.698153543775
553,0.947478994665,0.506320161917,0.81016950082,0.691189539635
554,0.948739498791,0.505977184081,0.81016950183,0.698905579619
555,0.944537818369,0.50749832542,0.81016950183,0.704802919242
556,0.935294121441,0.528515800521,0.779661028567,0.740192870467
557,0.915546223177,0.569721739833,0.813559332136,0.748831730273
558,0.931512608936,0.560579760798,0.816949162948,0.727104196104
559,0.936974793547,0.538581096763,0.800000010406,0.720701489408
560,0.942857146263,0.524296508554,0.803389841722,0.718521933939
561,0.943277314243,0.516709111193,0.796610180099,0.71051144802
562,0.945798322558,0.51155312184,0.800000010911,0.706070683265
563,0.948739498854,0.508552505063,0.793220349288,0.697894316103
564,0.947899162707,0.505753582766,0.803389840207,0.702606546172
565,0.948319330686,0.504820244465,0.783050858873,0.725526290425
566,0.942436978158,0.518191495613,0.816949161938,0.697873507011
567,0.939495801863,0.522656167881,0.800000010406,0.718386508651
568,0.943697482347,0.520866062085,0.810169500315,0.715725670932
569,0.94411765039,0.515793557678,0.820338991739,0.710083691751
570,0.946638658643,0.510791374042,0.803389840712,0.703515323037
571,0.946218490538,0.507832788745,0.803389841217,0.701410227913
572,0.944537818369,0.509227391364,0.793220348782,0.704800022356
573,0.944957986349,0.50631399509,0.793220349793,0.714619523893
574,0.945798322558,0.507455308272,0.796610180604,0.695067808285
575,0.898739501177,0.596425467679,0.800000010406,0.75561110246
576,0.929411768851,0.555833512745,0.80000000889,0.73776291033
577,0.941176474094,0.533659741721,0.789830519486,0.714190902851
578,0.941176474032,0.521500396941,0.796610180099,0.720197287151
579,0.945378154391,0.513695367495,0.81016950183,0.708651188066
580,0.944957986474,0.508772981893,0.793220349288,0.709713934337
581,0.946218490538,0.506041923366,0.793220350298,0.700676270966
582,0.946218490538,0.503769985079,0.806779671018,0.718806489039
583,0.947058826622,0.504536077693,0.813559331631,0.690884158268
584,0.948319330749,0.506709628496,0.813559331631,0.697086515568
585,0.943277314305,0.508823553617,0.827118653362,0.699190472142
586,0.945798322433,0.509285310236,0.803389840712,0.724109490039
587,0.940336137885,0.520134804629,0.800000010911,0.725725529558
588,0.92731092864,0.5407915908,0.789830518981,0.746483527503
589,0.928151264787,0.545524293385,0.810169501577,0.738454271171
590,0.937394961527,0.530038464783,0.793220349288,0.736047756369
591,0.944957986349,0.519566015035,0.793220348782,0.724106254214
592,0.94663865858,0.51129564837,0.786440687664,0.710004015999
593,0.947899162707,0.505354290374,0.783050857358,0.69889892764
594,0.94705882656,0.503057832039,0.783050857863,0.69625542174
595,0.945378154391,0.503522368351,0.78644068817,0.701760817382
596,0.946218490507,0.505863363815,0.789830518981,0.708435464714
597,0.945798322496,0.507183255769,0.783050858368,0.717753894248
598,0.940756305927,0.52190658688,0.823728823561,0.736395390862
599,0.91806723143,0.557482002663,0.81016950183,0.759916440915
600,0.927731096494,0.555794316555,0.796610180099,0.753293207136
601,0.938235297737,0.533751105686,0.8000000099,0.724880673623
602,0.943277314305,0.520054586545,0.786440688675,0.710867296841
603,0.944957986411,0.511434437034,0.793220349288,0.709004854247
604,0.947478994665,0.506304839704,0.78644068817,0.70434655931
605,0.945798322496,0.502971653052,0.806779670513,0.697268125869
606,0.947899162769,0.503035218776,0.810169501325,0.681117957426
607,0.944537818307,0.506473079762,0.813559332136,0.706761617782
608,0.945378154454,0.504294778244,0.783050858368,0.712779152191
609,0.945378154516,0.506660492105,0.803389841722,0.697620148376
610,0.939915969905,0.516370629751,0.816949161938,0.720852528588
611,0.929831936893,0.541606948719,0.816949162948,0.724641643843
612,0.938235297737,0.537900520849,0.789830519991,0.722812361636
613,0.942857146201,0.520162106562,0.813559332642,0.708213825347
614,0.942857146075,0.510986572304,0.789830518981,0.701275760845
615,0.945378154454,0.504809029338,0.789830518981,0.693215586876
616,0.947899162707,0.501479002921,0.803389841217,0.703203635196
617,0.947058826685,0.500079589356,0.803389840712,0.688638860391
618,0.94663865858,0.499358753885,0.800000010406,0.696997781931
619,0.945798322433,0.501282278918,0.803389841217,0.69991973093
620,0.933613449335,0.52216700596,0.810169501325,0.725291119794
621,0.928991600746,0.544606255195,0.800000010406,0.766859911761
622,0.929831936768,0.542763616796,0.810169501325,0.737886689982
623,0.942016810179,0.526104233345,0.830508484174,0.719350999695
624,0.944537818307,0.514856368491,0.8000000099,0.703140866453
625,0.946218490538,0.507493813373,0.806779671524,0.698917543989
626,0.944957986411,0.504663556125,0.820338992749,0.697751782203
627,0.944117650327,0.502528223483,0.806779671018,0.692705623679
628,0.947058826622,0.5005978488,0.806779671018,0.708840061042
629,0.94705882656,0.498732431721,0.810169501325,0.703103418067
630,0.944957986411,0.503638343025,0.786440688675,0.69031763784
631,0.927310928577,0.537121133769,0.803389841217,0.745023226839
632,0.914285719019,0.568420647949,0.789830519486,0.754161915537
633,0.938655465716,0.534792317938,0.813559331631,0.719821355606
634,0.940756306052,0.52204757165,0.796610180099,0.712744549169
635,0.942857146263,0.512461414169,0.796610179594,0.705596152504
636,0.947478994727,0.505842823441,0.800000010406,0.70422425462
637,0.947899162707,0.502549925835,0.793220348782,0.701333791523
638,0.948319330812,0.499570411231,0.810169501325,0.702725538763
639,0.944957986411,0.49844012735,0.803389840712,0.687767293999
640,0.949159666833,0.496320893785,0.803389840712,0.691413719775
641,0.947899162769,0.496867000994,0.796610181109,0.692112965604
642,0.939075633664,0.51239233583,0.820338992749,0.727038573916
643,0.941596642074,0.516095566023,0.816949162443,0.718666802018
644,0.939915969843,0.511311249385,0.820338992749,0.697022993686
645,0.943697482347,0.507546517904,0.806779671018,0.704301016816
646,0.943697482222,0.505216629377,0.783050858368,0.719584455935
647,0.945798322371,0.504320870302,0.813559331126,0.703094801155
648,0.945798322496,0.500570569594,0.803389840712,0.688705408472
649,0.946218490538,0.497456039952,0.806779671018,0.690418641446
650,0.945798322496,0.496935704551,0.806779671018,0.700619745052
651,0.943277314117,0.498246910755,0.803389840712,0.706246985722
652,0.94663865858,0.496563036026,0.810169501325,0.697973908004
653,0.946218490538,0.498216055834,0.789830519486,0.725624685065
654,0.915546223396,0.552596416418,0.77627119725,0.810567917965
655,0.906302526155,0.585665508479,0.8000000099,0.74212848433
656,0.943277314243,0.532646202615,0.796610179594,0.738618887077
657,0.942436978158,0.518733973638,0.783050857358,0.720088500593
658,0.944957986411,0.508744262472,0.793220349288,0.704098925247
659,0.948739498791,0.50305200581,0.800000010406,0.699892270363
660,0.94663865858,0.502081033938,0.796610180604,0.709350295996
661,0.946218490601,0.50141635318,0.796610179594,0.700223361031
662,0.946218490601,0.500405673157,0.803389840207,0.696334845434
663,0.946218490538,0.498263408156,0.810169501325,0.700751721354
664,0.949159666771,0.494957157606,0.81016950183,0.699057010776
665,0.949159666833,0.497843084215,0.806779671018,0.69656171233
666,0.94705882656,0.500153240223,0.796610179594,0.699481452926
667,0.948319330749,0.501190011742,0.786440687917,0.718822892945
668,0.926050424325,0.534130440915,0.772881367954,0.767692467419
669,0.909243702513,0.581005917565,0.823728823056,0.730117742793
670,0.936134457463,0.5349652168,0.820338992244,0.718937092413
671,0.939915969905,0.518139461134,0.803389840207,0.708776105764
672,0.943697482285,0.50778962246,0.813559331126,0.692725520013
673,0.947058826622,0.500908891381,0.796610179594,0.697910681114
674,0.949579834875,0.496570775865,0.789830518981,0.691769308963
675,0.950420171022,0.494386782854,0.806779671018,0.696246431541
676,0.948319330749,0.494345317117,0.803389840712,0.705458930993
677,0.947478994665,0.495563385554,0.820338991739,0.684350770409
678,0.944537818369,0.497040868682,0.806779671524,0.686941233732
679,0.941176474032,0.512654709904,0.776271197755,0.730096979667
680,0.912605047038,0.564152401974,0.796610179594,0.752638892097
681,0.93319328098,0.541218283547,0.803389840712,0.743824666334
682,0.939075633883,0.523927468462,0.779661027557,0.713679289414
683,0.944957986411,0.510928495842,0.803389841217,0.698445698467
684,0.947478994727,0.502272580163,0.803389841217,0.6890481372
685,0.948739498791,0.497098207662,0.806779671524,0.688260647705
686,0.949579834938,0.494096647666,0.810169501325,0.698623291517
687,0.947899162707,0.492939881354,0.81016950183,0.682476009353
688,0.949579834938,0.493268832627,0.820338992749,0.696476834305
689,0.949159666833,0.496883811382,0.796610179594,0.706970568936
690,0.927310928577,0.536057224043,0.803389840712,0.711481553518
691,0.916386559355,0.567714774621,0.803389840712,0.75947191099
692,0.934033617315,0.535772847779,0.830508483669,0.725074217481
693,0.942436978096,0.518114314485,0.806779670513,0.709782576662
694,0.944957986474,0.507307080161,0.813559331126,0.702859054177
695,0.947478994665,0.500865801605,0.810169501325,0.700276846603
696,0.948739498791,0.496784822655,0.81016950082,0.68891901586
697,0.948319330812,0.494500495055,0.806779671018,0.69348428512
698,0.947899162707,0.492062802262,0.803389840207,0.683289904211
699,0.949579834938,0.492808234479,0.813559332136,0.685357202413
700,0.947478994665,0.492416545123,0.816949162443,0.702976879932
701,0.947058826622,0.492725044677,0.796610179089,0.692781913078
702,0.950840339065,0.492449890478,0.810169501325,0.696688359067
703,0.941176473969,0.507157947586,0.806779671524,0.730321117377
704,0.900840341857,0.58030150981,0.81016950284,0.747081192368
705,0.933613449272,0.54304461538,0.810169501325,0.729157912024
706,0.934033617189,0.535313322514,0.813559332642,0.697066998583
707,0.938655465841,0.516385188561,0.793220350803,0.695728062068
708,0.945798322558,0.505701297221,0.810169502335,0.688624686104
709,0.947478994665,0.499140870483,0.803389841217,0.690795627691
710,0.949159666896,0.495433021055,0.800000010911,0.687126517296
711,0.950420171022,0.493851467341,0.813559332642,0.683479185832
712,0.947899162707,0.491793978051,0.793220349793,0.692838890068
713,0.949159666833,0.489415570217,0.810169501325,0.687881634902
714,0.946218490475,0.493336244854,0.803389841217,0.685089012829
715,0.935714289483,0.515890556599,0.779661027809,0.755312617552
716,0.921848743966,0.543735371918,0.813559331631,0.718502752862
717,0.941596642137,0.520040174242,0.81016950183,0.705706218037
718,0.943277314243,0.510131551939,0.803389840712,0.694237969184
719,0.944117650327,0.500800522749,0.810169501325,0.684115717472
720,0.945798322496,0.495652377731,0.806779671018,0.68344000285
721,0.948319330749,0.493569001618,0.823728823561,0.683645310038
722,0.948319330749,0.492261662704,0.816949162948,0.680450358633
723,0.94663865858,0.490275582909,0.810169501325,0.686407122572
724,0.947058826685,0.492680280962,0.820338992749,0.673798197912
725,0.948739498791,0.491218125307,0.827118653362,0.681941102622
726,0.951260507107,0.489971192695,0.800000010911,0.697082532159
727,0.94411765039,0.503492084809,0.803389840712,0.709633317034
728,0.886554627671,0.599337678058,0.803389840207,0.736939530757
729,0.934033617252,0.538419439136,0.796610179594,0.741541939772
730,0.944537818369,0.51691993639,0.800000010406,0.722247814223
731,0.945798322496,0.505141338756,0.816949161938,0.698435509104
732,0.947899162707,0.49833970135,0.81016950183,0.693738629252
733,0.947478994602,0.494046608377,0.806779670513,0.694453913276
734,0.949159666833,0.490308598185,0.81016950183,0.695293669983
735,0.950420170897,0.48846084155,0.796610180099,0.690672805249
736,0.945798322496,0.491683531521,0.803389840712,0.686149084972
737,0.93991596978,0.502804598513,0.783050858368,0.734321269949
738,0.922268912071,0.536637201968,0.800000010406,0.749501465741
739,0.941596642074,0.522505382217,0.8000000099,0.722933646481
740,0.944117650327,0.511037436666,0.800000010406,0.711514672485
741,0.944117650327,0.504085876736,0.78644068817,0.699111436888
742,0.944957986411,0.497398360562,0.803389840712,0.69788087071
743,0.947899162707,0.491624983857,0.796610180099,0.682379922624
744,0.947058826622,0.488284100379,0.806779671524,0.68648772169
745,0.947899162707,0.490978895303,0.806779671524,0.693282828998
746,0.945378154454,0.492791502603,0.800000010911,0.68693886571
747,0.945798322496,0.492463465561,0.816949162948,0.690334892374
748,0.944957986474,0.490318687961,0.793220350298,0.714649138309
749,0.946218490538,0.49383196122,0.796610180604,0.701150699692
750,0.947478994665,0.494313817628,0.820338992749,0.682172529273
751,0.946218490538,0.493820834561,0.806779671018,0.685716379497
752,0.946638658455,0.491809138105,0.806779671018,0.692654273268
753,0.942436978064,0.500241983525,0.793220350298,0.704570711669
754,0.928991600808,0.526488972249,0.789830518981,0.726499084699
755,0.928151264724,0.541754965271,0.796610180099,0.765263934762
756,0.936974793673,0.523385901411,0.803389840712,0.698947003332
757,0.943277314243,0.507220527705,0.789830518981,0.703851126008
758,0.947899162707,0.497059269988,0.800000010406,0.692648723469
759,0.950840339065,0.491123696022,0.796610179594,0.692090780048
760,0.948319330749,0.487025445124,0.806779671524,0.680780346111
761,0.949159666833,0.486324513034,0.810169501325,0.684473095304
762,0.952100843191,0.486229435924,0.81016950183,0.683993215783
763,0.947058826622,0.487835991721,0.786440688927,0.73333881164
764,0.908403366616,0.549568417756,0.796610180604,0.737686037512
765,0.918907567608,0.556063596316,0.81016950183,0.7144027615
766,0.945798322496,0.517981138738,0.806779670008,0.710909345898
767,0.945798322496,0.505057112384,0.789830518981,0.689520692421
768,0.947478994665,0.496886223805,0.789830519486,0.692334457979
769,0.946218490538,0.492730536694,0.803389840712,0.688067446321
770,0.949159666771,0.488602818436,0.793220349793,0.683176465459
771,0.949159666833,0.48699956669,0.806779671524,0.685022703167
772,0.946218490538,0.487212174642,0.816949162948,0.684117586431
773,0.950840339002,0.486125505647,0.820338992244,0.683826452595
774,0.946638658643,0.493096627045,0.776271196745,0.713994819734
775,0.900420173314,0.563182540113,0.803389840459,0.72675122851
776,0.932352944958,0.539733692252,0.81016950183,0.724691762257
777,0.940336137822,0.517871119082,0.820338993254,0.698349976439
778,0.943277314243,0.507929301562,0.803389840207,0.701605597795
779,0.947478994727,0.497308316727,0.806779672029,0.68391985964
780,0.948739498791,0.491334187884,0.800000010406,0.681497308662
781,0.948319330686,0.487790450767,0.810169501325,0.687357757556
782,0.950000002918,0.485780390809,0.820338993254,0.680741095947
783,0.950000002918,0.48460748704,0.806779671524,0.678751287319
784,0.949579834875,0.483689780997,0.796610179594,0.675168906228
785,0.949579834875,0.485882605888,0.8000000099,0.702341107999
786,0.910504206702,0.55638038943,0.803389840207,0.734215519186
787,0.915126055166,0.558458013319,0.827118653867,0.712079949298
788,0.941596642137,0.519366552224,0.783050857863,0.718030831066
789,0.944957986286,0.503500961957,0.786440687664,0.695083428743
790,0.947478994665,0.495181382579,0.827118653867,0.692014423972
791,0.948739498791,0.489359181969,0.793220348782,0.685283825054
792,0.95000000298,0.486779090048,0.813559331631,0.688150020979
793,0.950000002918,0.485111461592,0.816949162443,0.680808019335
794,0.951680675024,0.484977296671,0.810169501325,0.67380189542
795,0.949579834813,0.485481043198,0.789830519991,0.687919423742
796,0.94705882656,0.489405130701,0.820338992749,0.688617478488
797,0.939075633821,0.500160904429,0.789830519991,0.737552134667
798,0.929411768851,0.534043714091,0.823728822551,0.715186049878
799,0.935294121379,0.519931227344,0.8000000099,0.701902425895
800,0.942016810054,0.505255993487,0.800000010911,0.690887513807
801,0.945378154391,0.496491015458,0.796610179089,0.695097524736
802,0.947478994602,0.49023802447,0.800000010406,0.684761072114
803,0.949579834875,0.487538038244,0.816949161938,0.680510334039
804,0.948739498791,0.482966708849,0.800000010911,0.679351492959
805,0.947478994602,0.483861450075,0.816949162443,0.679131957434
806,0.951260507044,0.483417666885,0.8000000099,0.673214212313
807,0.946218490538,0.483428018058,0.81016950183,0.694755735034
808,0.944537818369,0.485732213852,0.806779670513,0.677026261212
809,0.93361344921,0.506256680591,0.803389841217,0.724480944165
810,0.912184878902,0.556893775443,0.813559331631,0.721038096032
811,0.938655465841,0.529981065072,0.823728823056,0.716950088739
812,0.94327731418,0.509672037193,0.823728823056,0.702950033596
813,0.948739498791,0.497754334777,0.810169501325,0.698143688299
814,0.948739498791,0.490165645523,0.816949162948,0.682928457098
815,0.948739498854,0.486411283497,0.81016950082,0.680023917202
816,0.950840339002,0.48302397301,0.823728823056,0.679137712818
817,0.95042017096,0.481093419637,0.816949163453,0.677423061456
818,0.95042017096,0.480874582937,0.813559332136,0.678550249944
819,0.95042017096,0.480313548646,0.816949161938,0.685832720187
820,0.945378154391,0.484676326836,0.796610180099,0.696718399808
821,0.922689079863,0.528718783638,0.820338992244,0.692486270504
822,0.915966391313,0.557863303969,0.813559331631,0.721576543178
823,0.942436978096,0.51855297155,0.816949162948,0.703683524314
824,0.945378154454,0.504201124446,0.789830518981,0.704824811826
825,0.947899162707,0.4943490878,0.803389840712,0.697978514736
826,0.950840339002,0.488804761727,0.796610180099,0.690393007408
827,0.948739498791,0.485042449056,0.816949162443,0.694001850435
828,0.950840339065,0.482427981721,0.8000000099,0.680452110404
829,0.945798322433,0.481760891546,0.816949162443,0.672524473425
830,0.94705882656,0.483741112805,0.813559331126,0.6759184508
831,0.948319330749,0.485446378902,0.830508483669,0.696064787901
832,0.945378154454,0.484530995436,0.816949162443,0.694214798636
833,0.94327731418,0.494187613746,0.779661028567,0.714396778305
834,0.928571432641,0.524944075391,0.820338992749,0.710790788723
835,0.934873953336,0.521856802602,0.827118652857,0.714434894465
836,0.936554625568,0.509902578818,0.793220349288,0.715205084469
837,0.946638658518,0.49682280271,0.800000010911,0.693201055466
838,0.946218490475,0.490178182596,0.806779670513,0.684836088601
839,0.953361347318,0.484390848387,0.816949161938,0.685354706089
840,0.951260507044,0.480639370174,0.803389840712,0.680564040855
841,0.947478994665,0.479481901692,0.820338993254,0.675063361556
842,0.95000000298,0.477559120277,0.820338992749,0.691989735527
843,0.950840339065,0.478205929784,0.816949162443,0.679009120848
844,0.942016809991,0.492942741751,0.800000010911,0.711466315439
845,0.896218492955,0.57640839293,0.793220349793,0.710932349249
846,0.937815129694,0.522752298152,0.800000010406,0.712200472416
847,0.944117650327,0.505050775008,0.803389839702,0.6963580079
848,0.94663865858,0.49429628278,0.827118653362,0.685312327187
849,0.951260507044,0.485820070598,0.823728823561,0.683714460518
850,0.952100843129,0.481323321702,0.813559331631,0.680762337931
851,0.95042017096,0.47847458019,0.823728823056,0.66427599222
852,0.950420170897,0.477924709936,0.806779671018,0.685257215621
853,0.950420171022,0.47749563413,0.827118653867,0.680269046355
854,0.948319330749,0.477800053897,0.820338993254,0.672159924346
855,0.948739498791,0.483726142585,0.810169501325,0.679946344788
856,0.931932777104,0.509853876438,0.786440688675,0.760095708451
857,0.91050420689,0.561121183721,0.813559332642,0.717858808526
858,0.93361344921,0.526368120012,0.816949162443,0.703466987711
859,0.944537818432,0.510800541261,0.81016950183,0.696942638543
860,0.94663865858,0.49608898238,0.796610180099,0.695029564833
861,0.949579834875,0.488134746604,0.813559332136,0.676821620788
862,0.952941179213,0.482819992767,0.820338992749,0.671540898792
863,0.952521011233,0.478870495152,0.827118653362,0.673434926292
864,0.951260507044,0.476924006303,0.83389831448,0.665359597085
865,0.950000002918,0.475728821479,0.810169501325,0.681816231901
866,0.952100843129,0.476729322381,0.813559332136,0.686000790636
867,0.948739498728,0.483048917867,0.816949162443,0.687787455522
868,0.912605046913,0.539482890683,0.830508483163,0.712685147584
869,0.922268911946,0.54869816421,0.827118653867,0.712560675912
870,0.940336137947,0.510680407787,0.844067805399,0.681796077449
871,0.946218490475,0.497452657263,0.813559332642,0.685803400258
872,0.947058826685,0.490274166673,0.823728823561,0.68212282304
873,0.949579834938,0.483972651618,0.823728823561,0.670138288858
874,0.952100843129,0.47940592474,0.827118653362,0.667548638784
875,0.949579834875,0.476715181367,0.813559332136,0.668542400255
876,0.950420170897,0.475281416243,0.813559331126,0.679278614157
877,0.950420171022,0.482161225203,0.830508483163,0.664560023001
878,0.945798322496,0.481318881031,0.816949160927,0.671509523513
879,0.947899162707,0.48263652078,0.823728823056,0.680961660409
880,0.948739498728,0.480919181361,0.81016950183,0.688104654268
881,0.946218490538,0.479854789414,0.81016950183,0.67545129182
882,0.947478994602,0.478766640633,0.806779671524,0.689426138745
883,0.87478992249,0.604755213907,0.796610180099,0.719054359501
884,0.934033617252,0.530934872935,0.823728823056,0.714282075732
885,0.944537818369,0.504424795446,0.830508484174,0.68374568224
886,0.950840339065,0.493112227371,0.820338993254,0.68457509552
887,0.950000002855,0.485948311118,0.823728823056,0.684137413562
888,0.952521011233,0.480562351081,0.803389841217,0.67460192058
889,0.948739498791,0.477941278963,0.823728822551,0.669255934529
890,0.948739498728,0.475397640542,0.833898313975,0.662253335876
891,0.950420171022,0.475760158997,0.820338993254,0.683529915446
892,0.951680675086,0.476716992109,0.823728823056,0.673631775177
893,0.948739498791,0.477139684082,0.823728823056,0.690652014846
894,0.944957986411,0.48154125012,0.837288144281,0.671122612084
895,0.94033613776,0.484856497841,0.803389840712,0.698590046774
896,0.944957986474,0.484658932298,0.810169501325,0.710654683537
897,0.946638658643,0.484720273616,0.810169501325,0.67696581301
898,0.946638658643,0.482246379454,0.813559331631,0.67309944559
899,0.931932777041,0.509791523719,0.769491536385,0.763951297029
900,0.927731096682,0.525295687198,0.793220349793,0.703202118308
901,0.942016810054,0.507631518009,0.806779671524,0.69432415447
902,0.942436978096,0.495152588151,0.806779670513,0.677691471779
903,0.946218490601,0.486384328423,0.789830518476,0.67317618758
904,0.948739498728,0.47994073568,0.820338992244,0.675230893543
905,0.95000000298,0.475767000571,0.820338992749,0.673033971908
906,0.953361347318,0.47343843399,0.806779670513,0.666627926847
907,0.952941179276,0.471140293514,0.796610179089,0.678633681798
908,0.946638658455,0.472882470852,0.796610180099,0.710207571923
909,0.944957986411,0.48490786615,0.850847466012,0.648761156252
910,0.918067231461,0.527313172942,0.789830518476,0.704054278842
911,0.936554625411,0.51445000387,0.803389840712,0.700942608259
912,0.944957986411,0.498297365648,0.806779671018,0.693637517044
913,0.946638658518,0.488304482789,0.813559332136,0.687292142945
914,0.945798322433,0.481926391731,0.806779671524,0.679297118369
915,0.950000002918,0.476308976715,0.810169502335,0.681014195337
916,0.950840339002,0.473506904512,0.810169501325,0.672876839416
917,0.951260507044,0.471575848383,0.823728823056,0.677876371448
918,0.95042017096,0.473111020792,0.813559332136,0.666389841144
919,0.949159666833,0.474379715111,0.823728823056,0.669153996948
920,0.947478994539,0.476333863783,0.810169501325,0.677275826365
921,0.935294121316,0.497363208848,0.796610180604,0.712315655361
922,0.893697484482,0.583389319104,0.813559332642,0.733105310444
923,0.929411768788,0.538879219098,0.800000010406,0.704810247583
924,0.941596642074,0.510885087445,0.816949162443,0.692328019162
925,0.947899162769,0.494173626063,0.813559331631,0.682793555623
926,0.950000002918,0.485030794908,0.816949162443,0.677596634727
927,0.947899162769,0.481682768514,0.816949162948,0.682210569665
928,0.949579834875,0.479270915524,0.816949161938,0.678984291978
929,0.949579834938,0.476237546433,0.81016950183,0.674495868764
930,0.950420171022,0.474853059762,0.820338993254,0.658019726559
931,0.947899162707,0.473847200139,0.810169501325,0.685008241464
932,0.949579834938,0.473508972706,0.816949162443,0.672137524112
933,0.946218490475,0.474577617683,0.827118652857,0.668537184343
934,0.936134457526,0.498582924427,0.8000000099,0.726453630096
935,0.930252104747,0.515109507226,0.820338993254,0.708860739308
936,0.939075633758,0.504306631805,0.816949162443,0.694008883783
937,0.939915969843,0.501343134509,0.810169501325,0.686937814547
938,0.945378154391,0.487063263457,0.820338993254,0.672788174476
939,0.949159666771,0.479581000988,0.813559331631,0.679270436198
940,0.950840339002,0.47396237591,0.810169501325,0.668556432603
941,0.952941179276,0.47068537803,0.830508484174,0.663304867381
942,0.950420171022,0.468969983777,0.823728823561,0.684750795364
943,0.950840339002,0.469103238538,0.803389839197,0.670429167101
944,0.94663865858,0.471403523278,0.820338993254,0.671912062471
945,0.946218490601,0.478368987932,0.823728823561,0.666770702702
946,0.915126055229,0.532134578258,0.749152553536,0.764127031221
947,0.926470592368,0.531116975581,0.81016950183,0.726721784826
948,0.941596642011,0.502501379479,0.803389840712,0.701378738981
949,0.942857146201,0.489943313248,0.806779670513,0.683256837271
950,0.946218490475,0.480726822522,0.823728822551,0.677527735294
951,0.950000002918,0.474598843698,0.823728823056,0.672082177158
952,0.952100843129,0.470830869274,0.820338992749,0.676279146287
953,0.95042017096,0.469464625381,0.823728822551,0.669290345604
954,0.947899162707,0.469896284347,0.830508484174,0.666965500783
955,0.948739498854,0.4732595674,0.844067804894,0.663289447962
956,0.947058826622,0.473585202852,0.827118653362,0.670159346471
957,0.94705882656,0.473082512555,0.813559330621,0.663918465376
958,0.944957986411,0.475252317468,0.813559332136,0.673484133462
959,0.934873953462,0.49202064287,0.796610180604,0.716277808456
960,0.934453785294,0.511656096753,0.803389840207,0.704605539977
961,0.938235297799,0.50534205865,0.806779670513,0.712426309363
962,0.945798322558,0.492840460494,0.816949162948,0.690649176048
963,0.943277314243,0.489319387604,0.816949161938,0.676248870159
964,0.944957986349,0.4798791813,0.810169500315,0.676127914655
965,0.949579834875,0.473269821716,0.813559332136,0.679884019545
966,0.951260506982,0.469037156896,0.806779670513,0.672052110656
967,0.950840338939,0.467244942774,0.820338992749,0.678038055109
968,0.949159666833,0.467299803591,0.816949161433,0.656126349154
969,0.947478994665,0.467805723245,0.837288144786,0.670689474728
970,0.948739498728,0.469127873225,0.816949161938,0.6834767577
971,0.948319330812,0.470177467005,0.816949161938,0.694642862021
972,0.931512608999,0.501067438985,0.844067805904,0.681119426327
973,0.942436978158,0.489448692556,0.820338992244,0.695352788699
974,0.945798322558,0.483083402848,0.816949162443,0.688881295717
975,0.947899162644,0.476315117621,0.813559331631,0.670571606038
976,0.948739498854,0.471709788973,0.816949162948,0.670439509517
977,0.947899162707,0.469667949283,0.806779670008,0.661445421183
978,0.951260507044,0.467791473415,0.813559331631,0.667284122968
979,0.95042017096,0.465965128371,0.816949162443,0.679339461913
980,0.947478994665,0.467292523872,0.830508483669,0.660583104117
981,0.938655465716,0.489046338413,0.810169501325,0.701986360348
982,0.906302526124,0.545226984477,0.783050858368,0.733818830575
983,0.93697479361,0.510125830206,0.820338992749,0.698379052898
984,0.944537818244,0.490615630976,0.796610180099,0.678915712793
985,0.948319330749,0.480794853648,0.816949162443,0.676040867123
986,0.951260507044,0.474267456837,0.813559331631,0.663472338248
987,0.952100843191,0.469369726146,0.81016950082,0.664915629363
988,0.950420170897,0.469856585712,0.830508484174,0.675912075124
989,0.947899162707,0.470126638643,0.816949161938,0.658948720512
990,0.947058826685,0.469880416801,0.820338991739,0.672538135516
991,0.950840339002,0.469304902839,0.833898313975,0.672609605021
992,0.95000000298,0.467557626549,0.810169501325,0.673839391793
993,0.948319330749,0.469289645866,0.816949161433,0.667674361649
994,0.947899162581,0.46622382048,0.823728823056,0.665532686953
995,0.948319330749,0.467015054108,0.813559332136,0.674244770054
996,0.945378154454,0.469324145435,0.820338992244,0.664345265445
997,0.948319330812,0.472221173221,0.816949162443,0.683841301728
998,0.949159666896,0.472079165781,0.83389831448,0.675282648054
999,0.945798322433,0.473928492485,0.796610179089,0.689179042133
