epoch,acc,loss,val_acc,val_loss
0,0.735294129731,0.733363637278,0.681355942104,0.686304485394
1,0.761764717453,0.650147677971,0.762711877035,0.652749771284
2,0.766806734021,0.645577798934,0.633898318066,0.847680024171
3,0.769327742838,0.625835889403,0.81016950183,0.578128536879
4,0.781932783884,0.601396818434,0.745762723482,0.654754960436
5,0.787394968339,0.592779470592,0.796610179594,0.63059262704
6,0.774369758937,0.598026823159,0.742372894186,0.649425372229
7,0.799579842157,0.574833037253,0.783050859379,0.640311967013
8,0.776050431263,0.588591985342,0.769491535627,0.608934092825
9,0.791596648792,0.585216413056,0.772881366944,0.641455569005
10,0.781092447581,0.592756663895,0.749152553789,0.673481735638
11,0.786554632599,0.581844056041,0.749152555304,0.687762079097
12,0.793277321368,0.573521251688,0.755932216422,0.649705422127
13,0.801680682587,0.571624716697,0.783050859884,0.604601186211
14,0.802941186181,0.5599469468,0.772881366186,0.630413518619
15,0.799579841844,0.561424259785,0.816949160422,0.534829817081
16,0.805882362351,0.551440418205,0.7830508566,0.699189149727
17,0.787394968401,0.571543046438,0.742372893428,0.627226292077
18,0.777310935389,0.578607243713,0.77627119725,0.698483528222
19,0.797479002009,0.57321093006,0.786440689432,0.596118180429
20,0.78277312,0.583263066511,0.776271198008,0.537823843249
21,0.798739505415,0.56681514522,0.749152553284,0.628497749062
22,0.797479001915,0.568668459832,0.769491535627,0.572751364718
23,0.789075640633,0.56929042951,0.816949161433,0.568787709636
24,0.807563035209,0.543391840204,0.813559331126,0.556561979955
25,0.786974800985,0.573307884121,0.776271197755,0.599705973419
26,0.795798329558,0.581929809563,0.772881366439,0.654991971234
27,0.780672279382,0.578253256548,0.803389840207,0.564703523608
28,0.808823539304,0.545763897733,0.823728823308,0.516470900532
29,0.8012605142,0.562624625236,0.772881366439,0.64619054077
30,0.794957993756,0.564871400532,0.803389840207,0.559642448264
31,0.785714296452,0.573667019887,0.800000010406,0.605265889127
32,0.805462195154,0.557531484661,0.789830519991,0.652333691969
33,0.805462194215,0.555611495367,0.79322034752,0.57896316203
34,0.80714286676,0.545076729338,0.789830519486,0.536527179055
35,0.805462194434,0.562994298502,0.803389839702,0.59660888097
36,0.797899169769,0.568384622106,0.779661025536,0.660076859644
37,0.807563034865,0.551848142744,0.762711876782,0.702180366395
38,0.788235304768,0.561129361172,0.803389841217,0.551408165592
39,0.797058833904,0.572063502394,0.806779672029,0.649416047133
40,0.811344547338,0.542368873797,0.793220350803,0.671028341782
41,0.810504211504,0.558969851301,0.820338992749,0.519131343749
42,0.789915977155,0.561416526646,0.810169500315,0.570183650417
43,0.80798320275,0.543852160051,0.755932214907,0.625277723296
44,0.781932783634,0.573139433663,0.779661028314,0.604229301467
45,0.802521017638,0.558916838981,0.78644068918,0.587879389524
46,0.810504211379,0.542056230186,0.783050858873,0.605062918643
47,0.799579841969,0.553175033986,0.816949161433,0.56854072693
48,0.799579842126,0.564770566221,0.820338992749,0.595707657731
49,0.809243707252,0.569001021756,0.783050857863,0.58696351213
50,0.7962184976,0.54909848234,0.82372882154,0.543638200073
51,0.812605051715,0.540236082836,0.796610179089,0.629259053428
52,0.827731101453,0.523150229592,0.789830517971,0.551769632404
53,0.812605051778,0.539277666162,0.803389839954,0.580362614434
54,0.802521018171,0.557052674195,0.813559331631,0.580804597776
55,0.807983202969,0.53753006308,0.779661028567,0.621823870024
56,0.811764715537,0.539690775061,0.738983061859,0.581647488525
57,0.808403370855,0.564722507316,0.800000011416,0.642781690268
58,0.811764715318,0.535579820829,0.77627119725,0.659635899936
59,0.794957993223,0.561436656299,0.793220350803,0.584536588293
60,0.800840346346,0.558454015957,0.789830518476,0.548305509959
61,0.808823539461,0.534313461109,0.783050858873,0.626485973091
62,0.808823538835,0.542954121755,0.800000011416,0.602121423362
63,0.81890757241,0.519727225126,0.793220350803,0.713584994361
64,0.793697489441,0.545844084669,0.738983064637,0.687239353435
65,0.813445387706,0.525083173599,0.813559331126,0.655055116546
66,0.797479001821,0.560384410645,0.813559331126,0.574460702427
67,0.802941186557,0.537886434023,0.830508483416,0.559935321242
68,0.820168076631,0.529722339654,0.800000010406,0.601001697577
69,0.805042026956,0.551656555009,0.793220348277,0.599175707263
70,0.790756312864,0.561901799427,0.810169500567,0.565330431118
71,0.808823539148,0.541967750034,0.800000010406,0.62130687651
72,0.804621858569,0.550952390807,0.762711875267,0.570379954273
73,0.791596649418,0.558823951747,0.857627125867,0.512825381453
74,0.7962184976,0.566394061038,0.793220350298,0.62692803397
75,0.806722698624,0.543801723596,0.769491536637,0.588991720293
76,0.797899169738,0.548786286359,0.800000010406,0.560453948328
77,0.79663866605,0.556307733654,0.837288143776,0.520550912215
78,0.830672277748,0.529403564058,0.772881367954,0.613602113926
79,0.802100850034,0.550284999227,0.840677974588,0.580552565849
80,0.80378152261,0.558234919332,0.800000010406,0.56979703095
81,0.808823539304,0.540741664616,0.769491534364,0.625719935965
82,0.811764715631,0.544222077151,0.833898312965,0.588489074071
83,0.807983202875,0.551033950841,0.806779669756,0.584043323741
84,0.806722699469,0.531926554448,0.8000000099,0.563944721121
85,0.791176481157,0.56610701925,0.769491535375,0.583415616872
86,0.822689084696,0.534328411419,0.820338992749,0.54599551806
87,0.815966396178,0.534839217496,0.80000000889,0.591687234782
88,0.823109253051,0.533159797964,0.810169502335,0.559812245733
89,0.814285723727,0.547625333885,0.772881366944,0.633192347268
90,0.794957992848,0.546099695213,0.796610180604,0.560741346771
91,0.807983203721,0.528283554622,0.793220349288,0.617284130242
92,0.806302530738,0.549994518245,0.8000000099,0.53891408595
93,0.801680682556,0.538487479404,0.772881366944,0.575232752804
94,0.802100850504,0.537903533763,0.813559331126,0.545198006145
95,0.800000010074,0.550716827678,0.800000010911,0.588195861144
96,0.810084043086,0.545936617061,0.81016950183,0.611031978312
97,0.825210093294,0.518706191613,0.769491536385,0.669562544358
98,0.80756303427,0.55226024882,0.806779670008,0.546994897774
99,0.807563035115,0.537681354852,0.779661027304,0.606727573326
100,0.801260514263,0.556443223338,0.769491537143,0.578433620223
101,0.822268916936,0.530313667974,0.806779670766,0.559977742322
102,0.809663875013,0.546103392422,0.786440687917,0.66868110784
103,0.805882362696,0.535586778356,0.800000009395,0.554123160698
104,0.795378161266,0.563140870362,0.793220349793,0.616822820599
105,0.817226900273,0.528615870709,0.796610179089,0.570877606081
106,0.802100850316,0.550868708703,0.772881367702,0.623838346136
107,0.815126060062,0.523063510124,0.779661027557,0.569910203754
108,0.813445387768,0.535850565787,0.810169501325,0.539577100742
109,0.813025220289,0.532375099122,0.816949161433,0.529587597413
110,0.804201690684,0.538029983828,0.816949162443,0.534371092158
111,0.818487403899,0.530706216401,0.779661026041,0.591562032952
112,0.797899169957,0.547011567608,0.772881367954,0.592102231868
113,0.804621858632,0.545758582683,0.789830517466,0.568283811969
114,0.83277311774,0.504932901094,0.78644068918,0.602747629002
115,0.813865555842,0.529362156205,0.816949161938,0.566893663194
116,0.82815126962,0.521126886438,0.840677975093,0.542277566962
117,0.812605051433,0.539975460337,0.816949161938,0.567530812348
118,0.813025219256,0.532232229449,0.779661028567,0.593044882861
119,0.805042027175,0.54542122487,0.749152555304,0.611639957307
120,0.802100850535,0.537326287447,0.793220350803,0.605840420824
121,0.80546219528,0.552011452928,0.783050857611,0.577839701358
122,0.810504210972,0.544544390708,0.806779670766,0.551551579924
123,0.827731101515,0.519111654087,0.766101705321,0.590428391503
124,0.822268916904,0.519513418663,0.772881368459,0.639440991616
125,0.816386564189,0.532008046425,0.837288144786,0.525548605596
126,0.816806732262,0.531166823847,0.772881367449,0.631713321401
127,0.808823539335,0.528292536986,0.762711877035,0.594699300194
128,0.821848748674,0.532604201626,0.732203401751,0.655741023815
129,0.807983203721,0.528705322129,0.803389839449,0.560681651204
130,0.825210093074,0.524254091992,0.827118652857,0.507782637063
131,0.81512606025,0.527313506622,0.850847465507,0.512727137592
132,0.808403371481,0.531137717027,0.783050858368,0.648938542958
133,0.815546227948,0.520749215193,0.793220348782,0.556926612127
134,0.813865555372,0.531468103632,0.793220348782,0.57588571108
135,0.815546228229,0.523376384296,0.793220348782,0.559018537402
136,0.813865556186,0.530391266804,0.813559332136,0.549783545025
137,0.799159674146,0.540394718814,0.769491537648,0.645271939746
138,0.801260514545,0.551365777756,0.789830520497,0.582949919216
139,0.806302530895,0.545923417418,0.796610180099,0.568297511188
140,0.82689076565,0.516805041112,0.854237296319,0.510483076007
141,0.797479001664,0.555576517364,0.820338992749,0.530797808857
142,0.820168076819,0.525995989494,0.779661028062,0.658839548038
143,0.819747908432,0.538551743291,0.833898313975,0.509982583634
144,0.807983203282,0.548132930139,0.820338992749,0.55532811178
145,0.813025219601,0.529983174056,0.78644068918,0.589495688172
146,0.812605051371,0.544249880151,0.786440688927,0.583982618683
147,0.816386564063,0.516534447013,0.827118653362,0.540071522785
148,0.810924379296,0.545149295426,0.806779672534,0.608499030441
149,0.825210092981,0.516835970695,0.837288143776,0.498329339139
150,0.814705891769,0.544926108401,0.803389840712,0.560615477926
151,0.831512614333,0.507523362627,0.820338992749,0.525485145339
152,0.814705891863,0.53244653341,0.796610180604,0.588518431884
153,0.826890765525,0.518857819067,0.796610179847,0.556156727975
154,0.818487404368,0.515764537948,0.78644068817,0.573440344657
155,0.816806732043,0.538500995195,0.78644068918,0.569234902576
156,0.818067236107,0.527552631848,0.827118653867,0.53234449231
157,0.810924379765,0.541634529485,0.803389841217,0.536474222096
158,0.82142858057,0.524277156704,0.796610180099,0.621656817905
159,0.810084043212,0.537340723479,0.844067804894,0.491342025793
160,0.812605051872,0.53839842972,0.81016950183,0.547661848493
161,0.813445387424,0.534508546047,0.793220348782,0.566824445785
162,0.815546227979,0.520958882608,0.800000010911,0.567590573076
163,0.815546227979,0.533092205045,0.789830519486,0.594231167587
164,0.806302530769,0.541414951514,0.803389840712,0.600486997073
165,0.82226891656,0.540878183639,0.779661028062,0.594331110433
166,0.823109252363,0.525350799518,0.79322034853,0.579069551522
167,0.821848748768,0.531313926326,0.800000009648,0.626480904424
168,0.831512613801,0.517251990454,0.776271198261,0.558603466062
169,0.820588244642,0.520928702622,0.776271198261,0.604082439916
170,0.822689084884,0.517531437596,0.789830519234,0.602233005025
171,0.811344547463,0.532788526048,0.766101706836,0.592474403018
172,0.814705891519,0.533094058893,0.779661028567,0.593728209704
173,0.817647068378,0.540095661712,0.783050858116,0.63729047649
174,0.815546227979,0.525670883348,0.803389840712,0.574337884784
175,0.797899169769,0.54342530001,0.783050858368,0.622950929201
176,0.824789925095,0.523601413775,0.810169502335,0.584038759187
177,0.817226900273,0.523729606399,0.755932215917,0.63632621654
178,0.807142867073,0.542091879023,0.820338992244,0.541091503733
179,0.817647068159,0.530554351279,0.83389831246,0.539045653101
180,0.824789925032,0.524189492891,0.793220348277,0.543029449249
181,0.80000000998,0.540602471053,0.8000000099,0.649290288404
182,0.819747908495,0.531970241866,0.78644068817,0.562932434981
183,0.807983202844,0.526384343151,0.837288144281,0.503347325123
184,0.818067236389,0.526888755001,0.7525423846,0.606102997469
185,0.812605051621,0.523447206917,0.806779671018,0.523064645923
186,0.812184883548,0.526222641196,0.820338993254,0.518990391392
187,0.817647067783,0.545263928306,0.796610179594,0.541321408193
188,0.813865556123,0.522744570992,0.806779671524,0.611618031132
189,0.818067235888,0.533995749319,0.772881366439,0.697953620957
190,0.822689084853,0.529863086099,0.81016950284,0.566127900855
191,0.817226899991,0.530639157169,0.803389840207,0.577716002272
192,0.822268916779,0.52638065311,0.820338993759,0.511523672585
193,0.813865555309,0.526388413202,0.793220349035,0.571661583448
194,0.814285724009,0.52899664775,0.806779670513,0.534063354892
195,0.809243706814,0.53059167922,0.830508482911,0.529911194817
196,0.826050429347,0.511851420141,0.793220350298,0.557640715423
197,0.831932781843,0.516036110985,0.823728822045,0.53995930214
198,0.816386564408,0.522967306255,0.820338992244,0.535409844275
199,0.821848748706,0.513092898615,0.830508482658,0.50955634299
200,0.82521009345,0.518916759546,0.766101707594,0.577952190223
201,0.809663875263,0.540636706096,0.813559331631,0.549363203473
202,0.812605052185,0.540107157394,0.806779672029,0.567287977722
203,0.810084042992,0.537849848542,0.83389831448,0.534498611244
204,0.822689084696,0.511348804725,0.766101706331,0.571679283249
205,0.80840337145,0.527380217493,0.796610179594,0.612127515219
206,0.81428572404,0.535780422671,0.806779670261,0.576104879379
207,0.818067236013,0.537923507643,0.823728823056,0.543538087505
208,0.825210093262,0.504408985001,0.762711875014,0.673141519397
209,0.821428580851,0.522065569999,0.830508483669,0.537123067399
210,0.834453790096,0.508203212422,0.810169500315,0.555893649994
211,0.81428572404,0.530886883808,0.820338992749,0.555076633975
212,0.813445387987,0.532225115898,0.793220349035,0.566437845513
213,0.829411773528,0.518008897472,0.813559331631,0.543314382181
214,0.814285723539,0.527632533314,0.78644068817,0.569991488831
215,0.824369757272,0.510062383159,0.816949160927,0.552884014986
216,0.830252109706,0.51646128469,0.796610179341,0.563561593577
217,0.828991605235,0.519675108784,0.759322045213,0.628228786133
218,0.823109252519,0.530319341153,0.823728823056,0.516276652278
219,0.810924379421,0.542950672418,0.844067804894,0.499096153651
220,0.815546227322,0.532484557167,0.81016950183,0.557306463436
221,0.821848748612,0.512694387407,0.816949161433,0.555309947517
222,0.822268916591,0.52387314559,0.813559331631,0.565306413477
223,0.807983203095,0.539806303482,0.786440687917,0.626171330527
224,0.822689085134,0.523248310256,0.806779670008,0.54822453124
225,0.825210093481,0.519366082774,0.769491538153,0.634560162738
226,0.815546227979,0.537674212938,0.783050859884,0.575505016719
227,0.81764706772,0.54272561993,0.772881366691,0.604670783726
228,0.828151269558,0.513203458187,0.793220348782,0.587518470267
229,0.818067236639,0.529699520529,0.810169501577,0.625783038341
230,0.80588236279,0.535375633128,0.806779671018,0.545840339388
231,0.822268916623,0.542116184883,0.772881366944,0.601451651525
232,0.819327740578,0.528438743141,0.732203402257,0.646804202411
233,0.827310933473,0.523520740391,0.827118652857,0.556931953814
234,0.818067236389,0.529369179786,0.864406787238,0.491655846521
235,0.82731093316,0.520813158111,0.823728823056,0.556393266229
236,0.816386564283,0.533931306055,0.793220347772,0.572842287815
237,0.82647059742,0.516222345103,0.796610178584,0.57959910116
238,0.810084042617,0.532775016173,0.769491537648,0.636239196284
239,0.818487404838,0.521711141403,0.820338993254,0.532544758865
240,0.827731101328,0.513173080762,0.816949160927,0.560020682418
241,0.826890765181,0.505927797376,0.803389840207,0.657548593768
242,0.817647067752,0.529233509189,0.844067805399,0.510657813842
243,0.83193278225,0.517340556351,0.83389831347,0.533371249245
244,0.813025220227,0.529356154104,0.816949161938,0.554266617965
245,0.815966396272,0.528987362511,0.813559332642,0.562238854372
246,0.816806732012,0.527097002987,0.783050859379,0.642857210111
247,0.817647068065,0.522864689816,0.766101706836,0.619535155216
248,0.810084043556,0.535220245197,0.766101706078,0.610412572147
249,0.825630261242,0.508851170196,0.813559332136,0.575791739811
250,0.82647059717,0.527489565219,0.800000010911,0.557943134995
251,0.839915974895,0.499121153305,0.779661027304,0.667085176555
252,0.818907572755,0.525482347532,0.837288144281,0.535516731567
253,0.828991605329,0.516278449728,0.793220349288,0.558741678373
254,0.813445387831,0.531811546002,0.850847465507,0.517346932726
255,0.83781513459,0.505159736212,0.806779669503,0.552849781715
256,0.833193285719,0.50737621294,0.803389840965,0.542568793741
257,0.820588244736,0.516695655068,0.813559331631,0.549745338953
258,0.828571437944,0.524712447484,0.820338992749,0.549813301381
259,0.818907572536,0.525037779058,0.81016950183,0.620218163577
260,0.827310933536,0.521733448348,0.806779671524,0.558045620383
261,0.835294126556,0.504507848977,0.840677975093,0.522277242551
262,0.82605042894,0.524728769421,0.8000000099,0.560892019231
263,0.815126059718,0.540525979386,0.806779671524,0.541848297847
264,0.828991605673,0.514989618901,0.793220347772,0.634739410322
265,0.827310933317,0.525990475814,0.806779671018,0.534409376524
266,0.808823539054,0.542322637811,0.806779671018,0.541302043503
267,0.821008412903,0.520887601338,0.837288144281,0.501330203424
268,0.826890765306,0.504356250636,0.783050858368,0.543940217313
269,0.84159664697,0.510077437809,0.844067803884,0.505669702665
270,0.832352949572,0.510148666924,0.830508483669,0.577601078961
271,0.834033622148,0.498235425841,0.779661027557,0.551218145985
272,0.823949588979,0.519590658864,0.80677966925,0.650775741723
273,0.825210092981,0.51617436136,0.830508483163,0.509805850558
274,0.808403371356,0.527303204222,0.81016950082,0.634616897268
275,0.803781522547,0.528888906031,0.796610180604,0.548643312717
276,0.825210092761,0.515220473888,0.827118653362,0.564434602604
277,0.815966395865,0.525553552168,0.800000010911,0.579772695141
278,0.827731101265,0.518980822956,0.820338993759,0.611560944783
279,0.822268917343,0.523921210663,0.823728823056,0.533395395188
280,0.824369757178,0.5293730791,0.813559331631,0.559513120833
281,0.82647059742,0.506692789683,0.823728824066,0.552228461888
282,0.820168077007,0.525731339425,0.830508483669,0.557210889408
283,0.825210092761,0.514440409057,0.772881368459,0.568769084953
284,0.828571437255,0.519722586232,0.813559332136,0.528002382082
285,0.824789925345,0.52388372579,0.820338991739,0.538840090319
286,0.818907573005,0.521937140303,0.816949160927,0.534842871508
287,0.821848748831,0.519410914514,0.793220349793,0.56783386282
288,0.830252109643,0.516922626143,0.789830518981,0.57817364522
289,0.828571437381,0.522615815411,0.844067804389,0.53456655372
290,0.835294126212,0.510040446521,0.840677973072,0.574196056037
291,0.828151269338,0.522631832782,0.847457635201,0.557684942827
292,0.820588243984,0.514124008944,0.810169499052,0.573704494763
293,0.838655470831,0.498670527383,0.810169501325,0.55075442791
294,0.832352949635,0.514125476364,0.783050859884,0.535216774223
295,0.822268916435,0.520070308491,0.796610181109,0.56422267829
296,0.827310933567,0.526449628894,0.796610181109,0.536469956323
297,0.823529421187,0.526879947539,0.796610180099,0.603637335412
298,0.82268908479,0.519340061997,0.847457634696,0.525014507063
299,0.815126060156,0.528374360389,0.830508482658,0.560601842605
300,0.830252109894,0.502922900021,0.786440688675,0.620793552217
301,0.812184883798,0.537886256274,0.803389840712,0.56449367409
302,0.823529420687,0.519591067331,0.8000000099,0.51915654136
303,0.829831941319,0.509455054591,0.837288145292,0.485432299517
304,0.826050429221,0.511912465502,0.830508482153,0.483910769224
305,0.820168076631,0.530932359022,0.844067805399,0.491316549354
306,0.828991605767,0.516050165848,0.833898312965,0.522109899228
307,0.837394966611,0.511823554312,0.800000010911,0.514871761203
308,0.84285715141,0.491550940269,0.833898313975,0.50640988653
309,0.850420176169,0.5070259917,0.749152556314,0.700229115405
310,0.818487404525,0.527501134844,0.830508483669,0.519628254034
311,0.823109253051,0.514154573605,0.813559332642,0.52089074153
312,0.833613453887,0.506252800905,0.847457635706,0.4714989892
313,0.821428581102,0.513651686212,0.796610179594,0.578786735312
314,0.814705891957,0.518966173237,0.803389841217,0.566413907176
315,0.827310933505,0.513976921241,0.810169502335,0.52566897566
316,0.825210092574,0.524439399921,0.81016950082,0.531890375634
317,0.820168076756,0.517356506917,0.827118653867,0.51624130243
318,0.843697487244,0.48259991805,0.816949162443,0.541123352313
319,0.841176478834,0.485758786661,0.820338992749,0.539238979251
320,0.818487404118,0.517011576903,0.847457636211,0.469520003361
321,0.832352950606,0.505113399423,0.803389839702,0.554701065866
322,0.831092445352,0.506351971827,0.820338993254,0.555134300711
323,0.832352950292,0.509249325904,0.827118654372,0.582944382803
324,0.830672277717,0.510508898708,0.844067805904,0.483749060308
325,0.832352950011,0.511587923534,0.786440689685,0.580874698142
326,0.81176471585,0.527844817792,0.803389841722,0.575365212762
327,0.841596647346,0.497688616336,0.793220349793,0.580154190629
328,0.82478992497,0.52763228084,0.827118653362,0.506461011656
329,0.81512606025,0.526925464763,0.857627126625,0.501962091458
330,0.832352950386,0.503655754124,0.803389840712,0.544887674562
331,0.824369757491,0.519046081966,0.823728823561,0.523048457705
332,0.827310933254,0.511996875854,0.779661027809,0.576881011664
333,0.819327740578,0.523883391453,0.793220349288,0.55741453196
334,0.839495807072,0.494637185849,0.823728822551,0.519719234715
335,0.831092445383,0.504429127802,0.830508482658,0.517918293001
336,0.832773118022,0.516586727048,0.803389841217,0.567809131691
337,0.81722690021,0.533934087751,0.806779671018,0.575938982984
338,0.831512614271,0.509093772745,0.796610180604,0.574226498604
339,0.821008412621,0.518256568514,0.803389839954,0.547709183168
340,0.83109244626,0.509221387479,0.800000010406,0.582241864528
341,0.836554630996,0.50464788937,0.769491536132,0.571461197178
342,0.819747908808,0.527852024163,0.783050859379,0.597565635534
343,0.832352949979,0.503668753696,0.783050857863,0.580754004798
344,0.830252109455,0.507600269617,0.793220350298,0.534172926666
345,0.845378159788,0.480351720318,0.813559330621,0.531235709281
346,0.828571437694,0.519381212869,0.813559332136,0.51996987856
347,0.826470597201,0.506398641919,0.806779671524,0.52395946924
348,0.831512614177,0.510595089216,0.81016950183,0.541322405055
349,0.825210093356,0.50281035202,0.833898313975,0.501697261202
350,0.8369747986,0.505479027431,0.810169499809,0.535629534115
351,0.83109244554,0.51002138875,0.810169502335,0.547953760725
352,0.823109253051,0.527390957317,0.796610180099,0.550190236104
353,0.84453782361,0.493494574325,0.816949162443,0.537168810428
354,0.835714294505,0.499316678359,0.810169501577,0.53599565211
355,0.833613453981,0.512542488633,0.820338992497,0.551693974663
356,0.806722698217,0.541242226426,0.830508483163,0.533041921713
357,0.821848748643,0.524411370023,0.786440688675,0.575788844693
358,0.830252109675,0.508713168319,0.823728822551,0.535133548207
359,0.835294126275,0.505096428754,0.81016950082,0.527557388453
360,0.823529421125,0.503390406141,0.827118653867,0.474722380608
361,0.826470597451,0.526207696584,0.793220348782,0.600999766487
362,0.834453790159,0.505316108121,0.847457635201,0.495699987321
363,0.823949589386,0.514187531718,0.850847466517,0.478429421782
364,0.840756311199,0.494761954555,0.722033910074,0.659008983333
365,0.839915975302,0.511442098829,0.823728824066,0.504440749601
366,0.8252100932,0.521705543262,0.78644068817,0.604291861088
367,0.830672277779,0.50426132066,0.800000010406,0.571522134846
368,0.833193285876,0.506488995799,0.813559331126,0.569133544372
369,0.838235302789,0.50026610453,0.833898313722,0.498744881254
370,0.837394966736,0.489387707268,0.80000000889,0.553003501842
371,0.840336143063,0.499466650877,0.837288144281,0.538698532319
372,0.836974798412,0.48550079741,0.833898313975,0.52586629027
373,0.828151270058,0.510467698375,0.796610180099,0.521975427361
374,0.823949588917,0.514364879359,0.827118653867,0.565890642293
375,0.824369757491,0.511035059806,0.844067805904,0.525523545883
376,0.820168076443,0.52270203065,0.813559332136,0.550277941308
377,0.829831941789,0.515765659636,0.837288144786,0.533034788097
378,0.830252109862,0.52858579259,0.813559332136,0.526150065206
379,0.840756310729,0.506711836309,0.827118652857,0.529213183007
380,0.84285715141,0.488538073798,0.820338992749,0.546845397959
381,0.839075639155,0.498367246428,0.813559331631,0.518095296066
382,0.826890765556,0.508940242763,0.745762725503,0.636540352793
383,0.840756310886,0.499670964642,0.803389839197,0.563124931717
384,0.835294126024,0.494674906917,0.789830518476,0.55799175016
385,0.837394966642,0.495531052539,0.800000009648,0.5521991854
386,0.830672277842,0.520139292978,0.789830518476,0.624914079652
387,0.845798327486,0.492829414288,0.806779670513,0.542555452908
388,0.834873958608,0.49417400526,0.837288144281,0.528507174072
389,0.829831941977,0.511915961609,0.823728822551,0.547140973099
390,0.828571437756,0.509492631188,0.810169501325,0.540792347011
391,0.834873958389,0.51368626373,0.762711876025,0.592728484485
392,0.840756311167,0.501842861416,0.8000000099,0.559261543771
393,0.819747908589,0.517137745067,0.800000010406,0.558313589733
394,0.811764715725,0.529991819046,0.76271187653,0.617729043051
395,0.83613446239,0.514434050236,0.793220348782,0.647720139158
396,0.829831941194,0.512604544706,0.833898313722,0.525559405654
397,0.823949588791,0.511873512114,0.850847466517,0.499730487749
398,0.833193285626,0.505135812335,0.837288144786,0.539057469469
399,0.83067227756,0.511720379955,0.844067805399,0.517397502216
400,0.815546228198,0.520235708594,0.806779672029,0.606517995818
401,0.842436982961,0.490206445935,0.783050857358,0.603244335975
402,0.820168076474,0.513013525013,0.806779671018,0.54288627283
403,0.832773117959,0.496437452295,0.823728822045,0.515331762827
404,0.835714294254,0.52205705577,0.827118653362,0.543467309515
405,0.82815126937,0.50795467633,0.789830518981,0.532312638679
406,0.844957991339,0.501047929858,0.816949162948,0.51198344362
407,0.842016815388,0.507793180488,0.816949162443,0.628165637285
408,0.830672277748,0.503343962164,0.830508483163,0.615037062411
409,0.848739504219,0.487959037903,0.793220349793,0.586338864292
410,0.844957991495,0.493055711211,0.810169501325,0.549248349616
411,0.842857151191,0.496914407035,0.847457635706,0.501222852176
412,0.833613454356,0.496848824645,0.81016950183,0.545197589923
413,0.826470597545,0.515482435269,0.823728822045,0.524638273453
414,0.836974798318,0.500620619151,0.803389841217,0.543679950096
415,0.831092445696,0.496775545055,0.813559332136,0.538317414916
416,0.828991606143,0.504976529972,0.850847465507,0.499163704403
417,0.813445387987,0.535339500536,0.830508483669,0.533170146962
418,0.851260511972,0.475133325091,0.854237296824,0.504152189625
419,0.818907572348,0.515431002064,0.813559332136,0.498197257519
420,0.835714294379,0.505932898456,0.844067805399,0.510356877315
421,0.830252109675,0.520868867698,0.8000000099,0.570283828145
422,0.836974798287,0.516587869053,0.827118653362,0.541495090572
423,0.842436983086,0.509919648442,0.820338993254,0.512201900704
424,0.834033622649,0.503830249789,0.803389840207,0.570953720707
425,0.828571437349,0.5023131307,0.813559332642,0.557956447541
426,0.843697487463,0.496526643728,0.800000010406,0.535692987806
427,0.83739496658,0.500483588136,0.806779670261,0.547644188596
428,0.827731101296,0.515182926562,0.840677974588,0.528036944694
429,0.827731101359,0.519700662022,0.793220350298,0.602386147036
430,0.836554630777,0.503519396697,0.816949161938,0.530282878775
431,0.821008412872,0.51802832123,0.772881368207,0.599123720143
432,0.832352950011,0.513751743408,0.816949161433,0.528555217183
433,0.836134462359,0.505301883554,0.823728823561,0.506047906007
434,0.834873958483,0.507495346377,0.779661028062,0.580792693263
435,0.821008412559,0.512901437727,0.837288144786,0.50301754904
436,0.821428580883,0.509640717394,0.8000000099,0.557787930814
437,0.85462185634,0.487768389253,0.840677975093,0.512619947478
438,0.820168076568,0.525279333298,0.820338992749,0.486507597111
439,0.83781513459,0.506606782935,0.844067805399,0.482445832784
440,0.828991605642,0.501180321917,0.837288144281,0.528111281031
441,0.835294126243,0.497367883586,0.830508484679,0.518231754333
442,0.835294126337,0.496980435301,0.813559332136,0.557231727546
443,0.832352950167,0.514949898603,0.813559331126,0.569150754203
444,0.830252109675,0.509482912594,0.813559331631,0.608104711872
445,0.830252109706,0.506738040941,0.806779670008,0.580208745548
446,0.849579839959,0.492942611616,0.840677974588,0.493886642789
447,0.838655470675,0.497558134538,0.806779671524,0.568882834356
448,0.828991605861,0.508054285741,0.83389831448,0.534479191495
449,0.827310933098,0.51034194134,0.803389841217,0.53729837552
450,0.827731101828,0.504711954033,0.833898313975,0.540419783128
451,0.828571437882,0.505054013475,0.783050859379,0.574485462348
452,0.835294126337,0.502538720443,0.83389831448,0.539236013414
453,0.844537823453,0.495358380794,0.803389839449,0.5666120512
454,0.846218495872,0.497758933038,0.850847465507,0.51139902816
455,0.842016815012,0.495589024786,0.810169501072,0.521075000197
456,0.832352950292,0.511053758666,0.803389841217,0.569877484087
457,0.840756311261,0.489030053698,0.806779672029,0.567292726646
458,0.825210093356,0.519260746028,0.796610180099,0.544631172035
459,0.828571437882,0.52037829361,0.830508482658,0.489286605332
460,0.831512613519,0.505269915554,0.78644068918,0.628567893626
461,0.837815134496,0.501530077715,0.83389831448,0.515821561975
462,0.846218495872,0.497696738283,0.850847466517,0.489058786024
463,0.821008412715,0.526237482909,0.779661029072,0.641284882517
464,0.834873958546,0.491394036144,0.820338992749,0.504855909337
465,0.835714294505,0.499509260027,0.827118651847,0.568595932449
466,0.84957984046,0.483739917393,0.793220349793,0.558719156657
467,0.834873958264,0.492309814053,0.796610179594,0.601308347563
468,0.833193286252,0.505581463836,0.823728824066,0.517166930488
469,0.832352949886,0.511929439522,0.769491537648,0.653959677381
470,0.833613454043,0.504484036421,0.827118653867,0.537700286609
471,0.837815134403,0.495657432668,0.81016950183,0.519173934298
472,0.843277319233,0.495402109942,0.793220349035,0.573142884394
473,0.836554630526,0.50001353902,0.820338992749,0.510097233926
474,0.824789924657,0.526808530186,0.823728823561,0.517210726263
475,0.828151269276,0.520895011754,0.816949161938,0.545305661731
476,0.831932781562,0.507317776377,0.81016950082,0.559421951488
477,0.836134462265,0.509391064936,0.830508484174,0.520838980705
478,0.841596647095,0.486298256562,0.820338992749,0.522182891177
479,0.835294126118,0.497889334477,0.806779671524,0.575628536738
480,0.828991605798,0.524448523094,0.884745769076,0.431530845367
481,0.836134462641,0.50060407185,0.850847465507,0.462936894621
482,0.830252109643,0.508109198461,0.867796617544,0.498174659276
483,0.828991605423,0.521103802787,0.816949162443,0.628251238395
484,0.835294126056,0.501334202891,0.823728822551,0.482876404615
485,0.837394966423,0.503711363129,0.81016950183,0.531801315182
486,0.825630261179,0.51349796289,0.837288142766,0.502670312584
487,0.829411773715,0.50913901818,0.833898314985,0.51137985769
488,0.826470597389,0.514777745081,0.800000009395,0.571327320095
489,0.839495806947,0.492759512283,0.847457635201,0.480863705025
490,0.843697487494,0.512756206471,0.837288144281,0.501006948241
491,0.837815134903,0.504337086522,0.806779669503,0.56827949038
492,0.834453790535,0.507333616718,0.793220350298,0.573913274933
493,0.841176479084,0.495160259119,0.779661028062,0.561932482204
494,0.838235302758,0.49173410168,0.830508484174,0.506642922759
495,0.82310925277,0.507290974197,0.840677973578,0.501645592562
496,0.834033622179,0.503067173846,0.796610179341,0.59530440276
497,0.8386554708,0.488207520557,0.766101707846,0.611806456063
498,0.843697487306,0.490896131749,0.833898313975,0.530704278562
499,0.844957991621,0.480921544667,0.823728822551,0.498908991278
500,0.831932782501,0.508058946486,0.83389831448,0.527581985977
501,0.829831941601,0.506819857175,0.840677974588,0.545016506466
502,0.828571437412,0.495190436287,0.847457635201,0.503732864129
503,0.835714294254,0.491528874248,0.83389831448,0.541256184295
504,0.829411773371,0.500477079083,0.820338993254,0.576407939196
505,0.839915975146,0.489898252168,0.83389831448,0.547621056943
506,0.823949588979,0.506901999982,0.810169501325,0.540803358464
507,0.855882360467,0.474436984061,0.864406787743,0.493416971322
508,0.827731101641,0.510891195105,0.806779670513,0.538533310264
509,0.827310933411,0.509962417749,0.806779671524,0.540967821822
510,0.837815134653,0.484838122392,0.823728822045,0.545747151567
511,0.844117655129,0.491194084568,0.813559331631,0.565847092513
512,0.859243704992,0.476201274816,0.793220347772,0.550270905434
513,0.842857151472,0.489880068869,0.816949161938,0.527814192287
514,0.836134462547,0.506382954346,0.803389840207,0.567604157632
515,0.834453790503,0.504405069908,0.830508483669,0.488598974832
516,0.842016815263,0.498741981018,0.820338992244,0.518340356774
517,0.834033622211,0.496249822634,0.83389831448,0.51252012965
518,0.839915975114,0.495723595264,0.840677975093,0.511722512922
519,0.835714294442,0.514569207682,0.810169502335,0.571865610652
520,0.837394966736,0.504904010059,0.84067797484,0.485441470045
521,0.829831941914,0.510461018272,0.810169499304,0.531835339332
522,0.833193285939,0.51403266301,0.813559332136,0.52021740781
523,0.826470597577,0.510515869102,0.837288144281,0.492263723228
524,0.841596647252,0.486418790395,0.827118653867,0.521866310956
525,0.836554630652,0.495589475327,0.874576278157,0.510961779093
526,0.847058831675,0.492597946099,0.830508483669,0.490235998469
527,0.844537823422,0.482465012797,0.837288144281,0.497856012088
528,0.846218495622,0.489744895146,0.752542385863,0.620882878869
529,0.84621849534,0.490406162599,0.827118653867,0.491168830859
530,0.834033622712,0.500940748811,0.816949162443,0.556095021761
531,0.829831941538,0.49266067717,0.871186447851,0.453283781975
532,0.832773117771,0.502799933541,0.830508484679,0.512336960789
533,0.834453790316,0.501318532754,0.847457636211,0.509966120882
534,0.836554630495,0.498309287673,0.776271199776,0.58619792229
535,0.828571437882,0.513657798505,0.816949161938,0.529931031799
536,0.830672277811,0.514022921909,0.85762712612,0.510308107077
537,0.842436983305,0.492872280045,0.776271197755,0.643507093696
538,0.834873958045,0.499795383766,0.76271187754,0.573353010467
539,0.849159671823,0.488905295354,0.830508483669,0.564266265954
540,0.827310933317,0.507779502005,0.779661027052,0.584928924249
541,0.842436983242,0.497100186918,0.823728823056,0.519182162012
542,0.836974798506,0.495807440811,0.830508483669,0.494417014516
543,0.829831941977,0.510509223153,0.823728824066,0.495923539339
544,0.837394966548,0.50392042091,0.810169500315,0.544320939456
545,0.839075638905,0.492115178811,0.816949162443,0.570192905806
546,0.839075638341,0.503116571759,0.820338992244,0.556060234874
547,0.836134462203,0.493569283864,0.830508483669,0.511304492415
548,0.831512613551,0.497486057683,0.847457635201,0.515465992487
549,0.845798327079,0.498210689883,0.820338992749,0.497207449907
550,0.841176478865,0.484609207686,0.81016950082,0.50369228953
551,0.829411773559,0.507067113958,0.806779671018,0.515504652666
552,0.839495807041,0.497561758368,0.820338991739,0.496290538523
553,0.84453782361,0.489906328347,0.820338993759,0.552143375247
554,0.831932782156,0.502412413505,0.837288144786,0.496580813396
555,0.829831941382,0.508564720854,0.816949162443,0.545077741651
556,0.839075638717,0.491079738661,0.796610180604,0.578412946756
557,0.826890765243,0.517934971528,0.813559330621,0.521299265199
558,0.83655463037,0.51151781476,0.830508483669,0.543527551122
559,0.832773117928,0.504121361347,0.772881368459,0.575007167661
560,0.843277319608,0.491636032567,0.796610178584,0.552231055195
561,0.82268908454,0.518845753854,0.850847466517,0.490131536278
562,0.831092445602,0.511643813156,0.83389831246,0.541563268183
563,0.841176478834,0.491996381244,0.806779671524,0.543452226509
564,0.838655471176,0.490955131238,0.806779670513,0.524709589653
565,0.854201688549,0.483010135591,0.827118653867,0.516391344242
566,0.845798327611,0.494260339364,0.820338992749,0.520428115028
567,0.823529421094,0.523299180629,0.786440690695,0.54059393022
568,0.846638663414,0.482688116833,0.827118653867,0.492637299127
569,0.836974798819,0.486959646918,0.867796617544,0.456544639448
570,0.832352949979,0.499852588353,0.806779672029,0.514858300908
571,0.841176479241,0.480477467711,0.85762712713,0.469292465661
572,0.828151269338,0.510779716325,0.844067805399,0.496708022083
573,0.836554630526,0.498099593023,0.823728823056,0.519414537791
574,0.859663873535,0.475386806928,0.813559330874,0.598667311719
575,0.850840343742,0.47531824008,0.827118653362,0.549221092614
576,0.855462192487,0.472499813478,0.813559332136,0.529923934805
577,0.83613446239,0.49461791057,0.847457636211,0.49709311658
578,0.849159671886,0.474992203957,0.827118653362,0.545497017897
579,0.840336142937,0.500668001181,0.837288143776,0.471616091365
580,0.831512613895,0.500240672098,0.85762712612,0.479962016819
581,0.849579840053,0.470436596351,0.850847465507,0.483211825965
582,0.831932782438,0.503663341789,0.850847466012,0.465225251802
583,0.82226891703,0.510177319353,0.816949161433,0.528607492982
584,0.835714294348,0.497495587759,0.800000010406,0.538641296706
585,0.830252109956,0.503752943347,0.827118653362,0.539416060357
586,0.839495806947,0.49279893149,0.854237295813,0.46707954927
587,0.839915974927,0.487660461176,0.810169502335,0.57357618238
588,0.84075631098,0.490209359206,0.850847466517,0.50006843775
589,0.823109253114,0.515279462076,0.813559333147,0.515527883324
590,0.845378159788,0.471315572273,0.827118653362,0.484812992357
591,0.842857151284,0.487489229303,0.796610178836,0.613826239513
592,0.847899167978,0.490431447866,0.837288143776,0.534682454194
593,0.828991605767,0.511559473492,0.861016956931,0.496707383859
594,0.842857151284,0.494934639917,0.827118654372,0.53577891371
595,0.835714294661,0.503001956723,0.796610180604,0.55596705564
596,0.839075639312,0.50166213791,0.823728823561,0.502991988497
597,0.847899168166,0.478992489268,0.769491537143,0.618145731294
598,0.818487404587,0.517771958522,0.830508482658,0.50745104127
599,0.847058831769,0.482371858188,0.861016956931,0.499970283296
600,0.847058831581,0.484559844021,0.830508483163,0.485063370254
601,0.844117655505,0.480056353571,0.803389841722,0.562486493739
602,0.840756311074,0.490935983246,0.793220349288,0.556703713991
603,0.828151269526,0.496143063765,0.820338991739,0.524920835838
604,0.841596647346,0.494994142476,0.820338992749,0.574438850001
605,0.844957991433,0.48435587342,0.81016950183,0.573795017297
606,0.841596647189,0.493621188959,0.844067804894,0.494975001378
607,0.841176479241,0.487255874395,0.840677975598,0.491271499608
608,0.832773117834,0.499610455879,0.806779670513,0.529956482477
609,0.843697487713,0.494934756998,0.827118653867,0.544773232381
610,0.840336142812,0.485691907902,0.816949161433,0.547495683624
611,0.837394966705,0.500108971503,0.800000010153,0.578072906046
612,0.832773118178,0.49483622332,0.796610180604,0.560804750202
613,0.83277311799,0.514485855595,0.813559332136,0.560445557459
614,0.856302528728,0.471125622163,0.830508483163,0.501700835965
615,0.841176479053,0.503283800761,0.83389831448,0.520202657681
616,0.838235302883,0.47981074562,0.816949162443,0.546085224313
617,0.828151269558,0.506627990606,0.854237296824,0.471077620478
618,0.847058831456,0.482943668304,0.867796617544,0.463709335711
619,0.830252109737,0.510343496382,0.796610179089,0.562194097598
620,0.847058831957,0.480946171403,0.864406786228,0.550808860336
621,0.842857151597,0.495502708433,0.830508484174,0.516032142912
622,0.85294118461,0.486842149415,0.850847466517,0.487084943107
623,0.841596647095,0.484841454461,0.837288144281,0.516623330318
624,0.84495799137,0.487164898736,0.844067805399,0.477892002564
625,0.837815134622,0.499093024858,0.823728823308,0.51928961075
626,0.846638663727,0.483457073194,0.840677974588,0.511083362971
627,0.849159672105,0.474747664726,0.837288144281,0.506648687741
628,0.852941184172,0.489129820416,0.8000000099,0.586994707837
629,0.850840344368,0.483739112042,0.823728822551,0.506638481203
630,0.835714294442,0.494356492268,0.847457635201,0.480286659073
631,0.84075631123,0.487558411982,0.864406787238,0.48975909716
632,0.841176479366,0.502815593973,0.810169500315,0.572170507605
633,0.834453790535,0.500628675358,0.837288144281,0.498990272061
634,0.846218495465,0.495454102003,0.816949160927,0.513438264445
635,0.832773118053,0.527050164129,0.837288144281,0.499876201658
636,0.844957991558,0.48265268494,0.857627126625,0.46560184304
637,0.847899167853,0.479580319948,0.85762712713,0.489561645409
638,0.845798327799,0.492847298217,0.854237296319,0.500491065494
639,0.84747900003,0.481097845345,0.779661028567,0.545404806481
640,0.839075638967,0.490285998883,0.827118652857,0.521753560941
641,0.844117655348,0.486761900307,0.806779671776,0.512304637897
642,0.838235302914,0.500014588487,0.816949162443,0.539803122817
643,0.848319335895,0.482617408319,0.837288144281,0.509630208551
644,0.842857151472,0.493317614583,0.793220350803,0.546184073565
645,0.836554630526,0.49089192142,0.827118654372,0.525568803488
646,0.846638663664,0.490068561171,0.827118653867,0.502217402145
647,0.831092445321,0.497585036988,0.800000009143,0.55164297708
648,0.84243698343,0.488444240498,0.823728822045,0.529821321621
649,0.847058831831,0.49391182246,0.803389840712,0.550629189459
650,0.836554630777,0.49895056575,0.779661027557,0.592307450408
651,0.82899160583,0.520478745562,0.81694916118,0.549661045105
652,0.827731101108,0.520052281905,0.837288144281,0.486032411456
653,0.847899167822,0.478937094264,0.800000010406,0.580369400018
654,0.834033621992,0.516884826218,0.800000010911,0.536512366543
655,0.838655470675,0.49784500515,0.827118653867,0.515768789891
656,0.842857151253,0.499126011271,0.837288144281,0.519195419247
657,0.835714294536,0.498209588637,0.820338993759,0.50952842579
658,0.837815134684,0.489910647367,0.83389831448,0.474626478755
659,0.833193286252,0.498550076945,0.847457635706,0.515553512816
660,0.844117655348,0.478088615227,0.837288145292,0.513550835646
661,0.831512613832,0.510010293239,0.844067804894,0.554233328013
662,0.840336143063,0.483243311841,0.813559332136,0.542270959686
663,0.841176479304,0.502541146703,0.844067804389,0.516222827768
664,0.847899167728,0.472877804221,0.837288144281,0.527995714949
665,0.845378159976,0.488285912999,0.793220349288,0.585853161953
666,0.85546219255,0.471264478101,0.796610179594,0.559408924337
667,0.847058831925,0.482553918009,0.806779670008,0.59049882121
668,0.83235294976,0.499878889466,0.800000009395,0.577343072174
669,0.842436982961,0.488910112436,0.82711865311,0.550202166377
670,0.835294126463,0.499644364285,0.789830519486,0.570877667706
671,0.849159671667,0.498343576528,0.827118653362,0.522391635735
672,0.838235302946,0.48778025615,0.83389831448,0.558920726433
673,0.825630261242,0.501022564607,0.861016955416,0.472283229232
674,0.843697487212,0.494956359017,0.83389831347,0.501453913117
675,0.836974798412,0.480007862281,0.81016950183,0.552069055327
676,0.840336142969,0.492613248402,0.81694916219,0.521444715181
677,0.832773117802,0.512397788653,0.837288144786,0.521407923456
678,0.83823530257,0.516159840836,0.833898313975,0.505294957656
679,0.843697487056,0.491625395674,0.803389840207,0.561849210727
680,0.83907563878,0.493092863781,0.830508484174,0.544260567275
681,0.848319335676,0.487887295636,0.864406787238,0.476418613882
682,0.841176479554,0.494681116194,0.833898313975,0.538955826375
683,0.845378159725,0.487064133547,0.816949161685,0.645774344014
684,0.839915974927,0.501646643364,0.806779670008,0.570195212708
685,0.840336143094,0.494965856504,0.844067805904,0.489771802799
686,0.849579840147,0.496966280701,0.820338990729,0.529269531117
687,0.839495806916,0.493092039616,0.789830518476,0.563540644565
688,0.83865547055,0.504295239022,0.830508484679,0.513681554693
689,0.839075638811,0.495662250282,0.8000000099,0.548115312295
690,0.853361352182,0.484828782464,0.766101707341,0.566979936119
691,0.828991605767,0.509039439543,0.837288143776,0.494425621073
692,0.839915975114,0.487292597837,0.844067805399,0.515806120584
693,0.852521016255,0.476404591769,0.83389831448,0.487610916212
694,0.838235302695,0.49696770996,0.830508482658,0.529321529603
695,0.841176479116,0.506641274835,0.81016950183,0.562141592725
696,0.838235302695,0.496284859145,0.830508482658,0.494657310894
697,0.838655471176,0.48776315256,0.823728822551,0.513241164007
698,0.847899168072,0.475879905824,0.813559331884,0.570881250299
699,0.841176478646,0.495253449102,0.864406787238,0.455051503697
700,0.839495806728,0.504618597882,0.820338991486,0.504348768016
701,0.850000008315,0.477460076297,0.840677975093,0.484925539312
702,0.85042017595,0.488694125614,0.861016956931,0.49952033541
703,0.855042024602,0.487487480044,0.837288144786,0.536002593525
704,0.837815134277,0.490318161193,0.783050858873,0.555041448797
705,0.844117655505,0.479353746478,0.830508483163,0.515803385842
706,0.838655470643,0.489113598248,0.820338992749,0.534739552666
707,0.844117655787,0.494331994477,0.803389840459,0.578783748261
708,0.846218495559,0.489096723372,0.827118652857,0.503471260606
709,0.842016815169,0.490124875069,0.837288143271,0.505617820863
710,0.850840344023,0.476184758287,0.823728822298,0.526861872208
711,0.85588236078,0.473082123622,0.827118654372,0.515928260603
712,0.851680680421,0.493793785447,0.850847466012,0.509494384719
713,0.856722697052,0.478084695408,0.81016950082,0.549684362391
714,0.830252109956,0.51036703765,0.867796617039,0.487693952807
715,0.839915974989,0.503039935839,0.840677975598,0.518606356392
716,0.83277311774,0.500753018911,0.779661029072,0.581110468103
717,0.846638663226,0.478324533166,0.827118653362,0.53895320958
718,0.839075638842,0.496587981102,0.800000010406,0.528301436517
719,0.841176479241,0.496229087511,0.844067803884,0.505957210721
720,0.837815134841,0.495455163085,0.854237296319,0.508009323629
721,0.836134463048,0.48104070487,0.823728824066,0.549572141999
722,0.849579840429,0.479105616755,0.823728823056,0.55181469301
723,0.847899167916,0.47805968744,0.783050857863,0.556458057994
724,0.849159672324,0.479711556979,0.837288143776,0.509454568564
725,0.842436983305,0.494493051988,0.850847466012,0.496252844394
726,0.844117655286,0.492889956798,0.786440687664,0.55890865624
727,0.841176479241,0.489913380227,0.83389831246,0.52457783106
728,0.847478999936,0.486284464942,0.83389831347,0.517372489228
729,0.839075638936,0.499958569826,0.796610179847,0.568768336359
730,0.844117655286,0.496587632365,0.857627126625,0.491543144998
731,0.847899167791,0.495999805535,0.800000009395,0.546981351103
732,0.837394966642,0.501261788381,0.796610180099,0.572108304602
733,0.837815134465,0.50176647606,0.813559331631,0.568974782855
734,0.837815134747,0.494545274422,0.820338993759,0.515369713559
735,0.850420176232,0.481721343019,0.813559333147,0.525502875952
736,0.835714294379,0.498950669088,0.823728820783,0.544071070218
737,0.833613454669,0.495870976106,0.854237295813,0.508257704771
738,0.846638663476,0.486461872157,0.823728823056,0.556628169397
739,0.831512614083,0.522396034397,0.850847466012,0.509222542835
740,0.842436982741,0.503092606466,0.813559331631,0.503905976728
741,0.85630252901,0.47032212441,0.820338991739,0.560578725853
742,0.836974798412,0.498723239176,0.813559332642,0.520659846522
743,0.830672277779,0.506990870007,0.827118652352,0.538509602516
744,0.828991605454,0.500743851003,0.867796617039,0.464979603129
745,0.838235302727,0.498703218057,0.85762712713,0.482711697534
746,0.845798327548,0.489610169615,0.837288144281,0.523017960837
747,0.834453790284,0.50578239748,0.850847465254,0.498335932776
748,0.836554630433,0.488770571263,0.816949161938,0.530112110205
749,0.843697487431,0.489068166173,0.827118653867,0.51444478232
750,0.859663872972,0.486105171134,0.833898313975,0.523693501697
751,0.830672277779,0.504853849902,0.874576278662,0.46943977854
752,0.840336143,0.492106333907,0.850847466517,0.509826044915
753,0.849159671917,0.481931234953,0.850847466012,0.462975779832
754,0.840756310917,0.479490050091,0.813559332642,0.513093074247
755,0.837815134371,0.494607972028,0.854237296319,0.495459386605
756,0.843697487557,0.488649021521,0.854237294803,0.49876923354
757,0.844117655536,0.488027385929,0.83389831448,0.508495362381
758,0.846218495747,0.480954166345,0.820338993254,0.52443121803
759,0.850420176232,0.486337801238,0.823728822551,0.496216832581
760,0.842016815137,0.484850014521,0.803389840712,0.507643312721
761,0.843697487087,0.488349733545,0.827118653362,0.509184867649
762,0.849159672168,0.476739615171,0.827118653867,0.554427064071
763,0.834033621929,0.509174588254,0.854237296319,0.469138134334
764,0.862605049517,0.4680257943,0.816949163453,0.545167112502
765,0.832773118397,0.501917384972,0.820338993759,0.55014550206
766,0.850420175919,0.476362927527,0.786440688422,0.569277227935
767,0.844537823265,0.487843916102,0.854237296319,0.455484208414
768,0.857563032949,0.465720187716,0.850847466517,0.488870604816
769,0.860084040826,0.467343731713,0.806779670513,0.525789085334
770,0.846638663852,0.484475551439,0.816949161938,0.510310469037
771,0.838235302946,0.500940369458,0.830508483669,0.535488300152
772,0.84957984021,0.49640864497,0.803389840712,0.535062529273
773,0.837815134559,0.484656603115,0.84745763419,0.454310384847
774,0.841596647158,0.487887271156,0.823728823056,0.521465050467
775,0.845378159475,0.489673794005,0.816949160927,0.517972795135
776,0.834873958608,0.498534662571,0.813559331379,0.553328182738
777,0.840756311136,0.493586990262,0.803389842227,0.54922396677
778,0.836134462422,0.497356138967,0.816949161938,0.566229561123
779,0.823529420937,0.514991060713,0.783050858873,0.618254361264
780,0.842016815638,0.486837155929,0.861016957437,0.464945400418
781,0.848319336021,0.477831917932,0.827118652352,0.568322355717
782,0.852521016536,0.48774272817,0.827118653362,0.547084875026
783,0.848739503593,0.476664349312,0.806779671524,0.52087847156
784,0.853361352558,0.470026385352,0.813559332136,0.50391541674
785,0.84915967198,0.488687273616,0.854237296319,0.493106865024
786,0.839915974895,0.491562072313,0.789830519991,0.593586168299
787,0.838235302914,0.491810754912,0.80000000889,0.553730171616
788,0.827310932941,0.493383046647,0.833898312712,0.49050245573
789,0.837815134716,0.494079248244,0.827118652352,0.522741156109
790,0.849579839897,0.488928021566,0.827118653362,0.513293484005
791,0.845378159725,0.482291024178,0.806779669756,0.560796185823
792,0.845378159725,0.500530940457,0.844067805399,0.459876663099
793,0.834033622273,0.497444057289,0.830508482658,0.513319891136
794,0.849579840053,0.474031143329,0.847457634948,0.511389174956
795,0.846638663852,0.484979242838,0.840677974588,0.520209567022
796,0.845378159569,0.481915349626,0.850847466517,0.511589973407
797,0.840756310541,0.487339230708,0.827118653362,0.519428720919
798,0.841596647158,0.489858532904,0.884745769582,0.436357165797
799,0.835714294693,0.502294363626,0.850847465507,0.462348683153
800,0.844537823453,0.48916624211,0.861016956931,0.511127206481
801,0.840756311011,0.489526481031,0.844067805399,0.483512694048
802,0.844117654847,0.491225273388,0.833898313975,0.502660860702
803,0.843277319139,0.485453042695,0.813559332136,0.531816369901
804,0.834453789877,0.499039316941,0.800000010406,0.518829730103
805,0.842857151034,0.481450311245,0.830508483669,0.501971083677
806,0.856722696551,0.481138133233,0.837288144786,0.527180422918
807,0.845378159444,0.486088926239,0.850847465507,0.524381821438
808,0.850000007814,0.479345249278,0.850847466012,0.495485528041
809,0.85420168858,0.478080158286,0.844067805399,0.53474171889
810,0.841596647346,0.494123349608,0.830508483163,0.492493829485
811,0.834453790222,0.5030696856,0.823728823561,0.537567735476
812,0.830672277999,0.491686633937,0.820338992749,0.479252179548
813,0.843277319295,0.48766327665,0.806779670513,0.55427485073
814,0.835294126212,0.511518394277,0.830508483669,0.49240508423
815,0.835294126463,0.500181610344,0.83389831347,0.488045453268
816,0.852521016192,0.483492148993,0.803389839197,0.548530817284
817,0.831092446009,0.497703350204,0.844067804894,0.495240360246
818,0.826890765181,0.513939157441,0.816949160927,0.517767418997
819,0.846218495841,0.475034897443,0.840677974588,0.469695402404
820,0.837815134653,0.492713843731,0.800000010911,0.536178917198
821,0.860924377224,0.471638126784,0.847457635201,0.49979331256
822,0.85966387316,0.472659012631,0.769491535122,0.634024689258
823,0.829831942165,0.510037425311,0.833898313975,0.496928315294
824,0.842436982522,0.487695262838,0.816949161685,0.508455997049
825,0.852100848306,0.468749382823,0.816949162443,0.513293028383
826,0.842016815513,0.486133369328,0.823728823056,0.512647604538
827,0.840756310823,0.486822980448,0.830508483163,0.492009325553
828,0.844957991621,0.482251457557,0.803389840207,0.580268266848
829,0.843697487463,0.495726502461,0.854237295813,0.473853311044
830,0.850840344117,0.466637474336,0.830508483163,0.538593202829
831,0.85882353695,0.453771358966,0.813559331126,0.558764362487
832,0.859663872847,0.467365970506,0.806779670513,0.548110484824
833,0.835714294317,0.494712597495,0.83389831448,0.514887088689
834,0.857563033043,0.473358056782,0.806779669503,0.556780197358
835,0.845798327423,0.482066661558,0.840677975093,0.500623991176
836,0.838655470737,0.485273989215,0.871186448356,0.446345663677
837,0.846218495434,0.468716307817,0.823728823056,0.542716359688
838,0.852100848713,0.482936205515,0.803389839702,0.543076308349
839,0.835714294442,0.498416869048,0.827118653362,0.543021098284
840,0.85672269699,0.46989621917,0.786440687159,0.562357107967
841,0.843697487024,0.488184774842,0.816949161938,0.513692373694
842,0.823529421,0.502201141242,0.820338992244,0.514413006477
843,0.855042024414,0.470982200177,0.877966108969,0.482598250953
844,0.845798327955,0.488427973658,0.844067805399,0.468390288242
845,0.849159671792,0.48678339783,0.83389831448,0.510780415545
846,0.8420168152,0.498583317867,0.861016956931,0.498754294494
847,0.85420168883,0.464008150513,0.816949161938,0.554407896632
848,0.847899167916,0.479349599979,0.837288145292,0.53252510878
849,0.834453790503,0.488685206862,0.813559332136,0.543845765419
850,0.828151269652,0.496613184507,0.827118653362,0.501381368203
851,0.834453790347,0.480309662292,0.820338992749,0.500013529497
852,0.845378159694,0.491794900984,0.820338992244,0.558489674229
853,0.852941184672,0.470024027243,0.823728822803,0.53644035302
854,0.841176479147,0.488096766143,0.840677975093,0.507716735793
855,0.850420176232,0.497793640973,0.800000009395,0.544378216994
856,0.85840336897,0.466357978609,0.850847466517,0.49638232513
857,0.843697487056,0.488140957602,0.857627126625,0.496058117283
858,0.860084041577,0.450587308144,0.810169501325,0.540360951828
859,0.843697487337,0.487996678048,0.840677974083,0.464417816976
860,0.844537823328,0.485152642736,0.813559331631,0.510282524056
861,0.841596647064,0.489401300727,0.850847466012,0.485950205286
862,0.839915975177,0.478254982998,0.800000011416,0.538096540813
863,0.848739504094,0.483447366058,0.827118652857,0.524322059447
864,0.84663866332,0.480715007059,0.820338993759,0.540818497286
865,0.842016815357,0.494033493947,0.840677975598,0.502351411318
866,0.852521016349,0.474308862875,0.806779671524,0.537615617706
867,0.851260512222,0.47229214958,0.810169501325,0.53806480235
868,0.843697487181,0.485942977661,0.847457635201,0.504401035481
869,0.83403362196,0.515192253875,0.830508484174,0.522286632809
870,0.841176479116,0.494160604796,0.789830517971,0.560563460245
871,0.844957991308,0.478502190414,0.837288144281,0.494969679895
872,0.850840344399,0.478175733645,0.830508482658,0.511339329309
873,0.847899167853,0.478676563019,0.827118652352,0.505464546761
874,0.839915974833,0.496476092634,0.830508484174,0.511834264307
875,0.851260512441,0.474641821715,0.827118653867,0.534852500689
876,0.836134463048,0.491912047903,0.85762712713,0.48663559455
877,0.856302528947,0.468809333638,0.830508483163,0.460487673091
878,0.849579840398,0.487727371772,0.877966108969,0.460835946566
879,0.845378159131,0.488613181693,0.837288143776,0.520172237087
880,0.846638663946,0.475386008213,0.83389831347,0.538176978796
881,0.837394966767,0.48841305506,0.813559332136,0.547799486225
882,0.852941184485,0.475434141406,0.871186447346,0.483329009959
883,0.850840344336,0.471427150947,0.840677974588,0.503943343536
884,0.853781520506,0.470289730443,0.813559330621,0.5305940524
885,0.859663872784,0.462626437524,0.783050857105,0.589687199411
886,0.842857151347,0.487448986432,0.783050857611,0.597274093052
887,0.844117655724,0.481907259485,0.816949161938,0.560856219823
888,0.834873958671,0.496001865903,0.796610179594,0.574468921554
889,0.848319335833,0.485799732579,0.78644068918,0.569046556444
890,0.845378159569,0.487152716161,0.830508484174,0.508244957207
891,0.840756311136,0.500995262487,0.837288143776,0.516923434401
892,0.845798327423,0.487159727313,0.867796617544,0.477595429299
893,0.864285721811,0.470536273442,0.854237295813,0.470352073595
894,0.851260512441,0.472547197699,0.813559332642,0.537482967316
895,0.844957991683,0.484651108531,0.816949162443,0.543448191578
896,0.843697487337,0.481908607664,0.840677975598,0.466786165359
897,0.862184881287,0.465607859288,0.806779671524,0.498676498563
898,0.850420176138,0.481527627547,0.837288143776,0.493723663738
899,0.839075638842,0.491863129019,0.861016957437,0.480408193449
900,0.853781520819,0.472803661897,0.864406786228,0.489584697758
901,0.833193286439,0.489504383893,0.847457635201,0.487155272294
902,0.844957991495,0.482667503769,0.820338990729,0.514419013161
903,0.849579840178,0.481023877108,0.833898313975,0.487367828771
904,0.84705883155,0.483600560951,0.806779669756,0.520215945224
905,0.855042024758,0.4770225649,0.823728824066,0.531649952723
906,0.848739504313,0.482872610677,0.796610180099,0.547828951124
907,0.830672278061,0.504433307421,0.823728822551,0.51989423572
908,0.838235302914,0.49951908919,0.840677975598,0.480109246606
909,0.841596646939,0.483949534877,0.806779670513,0.58171617909
910,0.836974798412,0.49616445194,0.844067805399,0.482324349173
911,0.840756310948,0.490513902439,0.83389831347,0.525041356178
912,0.847478999811,0.489683406756,0.871186447851,0.462131339867
913,0.841176479116,0.487151390802,0.810169502335,0.536983421798
914,0.845798327361,0.485255005229,0.833898313722,0.507293992123
915,0.844957991495,0.485550633154,0.823728823561,0.530006435968
916,0.851260512128,0.473522616002,0.827118652604,0.525032004815
917,0.839075638748,0.501899769107,0.861016956931,0.509799355925
918,0.845378159538,0.479898965597,0.840677975093,0.545851875665
919,0.853781520569,0.477676149176,0.864406787743,0.441399038091
920,0.851260512379,0.472671937792,0.810169501325,0.514879675235
921,0.848319335895,0.481667502525,0.827118653362,0.463736239126
922,0.856302529041,0.463056609285,0.837288143776,0.5072610204
923,0.852941184485,0.470020665811,0.837288145292,0.484075299512
924,0.851260512441,0.482718965806,0.81016950183,0.551432873485
925,0.842857151441,0.482367167328,0.854237296319,0.471379364193
926,0.837394966423,0.498407541359,0.840677974588,0.491595415493
927,0.858823536887,0.467932737112,0.816949160927,0.51229261367
928,0.848739503718,0.47794986895,0.847457634696,0.488231793046
929,0.844117655661,0.482803859004,0.830508483669,0.481597079059
930,0.837815134528,0.497001222452,0.810169499557,0.645143898109
931,0.850000008189,0.469215412131,0.813559332642,0.507336112907
932,0.840756311136,0.492442786036,0.823728823056,0.500772304454
933,0.850420176106,0.482099889363,0.806779671524,0.516094309546
934,0.852100848463,0.500913353653,0.884745769076,0.462940925006
935,0.850000007845,0.483597831441,0.803389841722,0.577936633411
936,0.841596647033,0.487373852836,0.810169502335,0.556262483284
937,0.850000008095,0.47555731575,0.800000011416,0.545597815413
938,0.849159671761,0.482585434684,0.861016957437,0.472880108377
939,0.847479000155,0.476676252052,0.837288144786,0.500896160633
940,0.842857151191,0.48302331044,0.827118653867,0.589424155274
941,0.83823530282,0.490275182268,0.833898313975,0.505173093182
942,0.849159672074,0.488205851971,0.810169501325,0.618578221838
943,0.860504209463,0.473790118236,0.816949162948,0.537551566201
944,0.838235302633,0.50488232768,0.820338992244,0.505590933107
945,0.841176479116,0.493983169689,0.796610179594,0.525608537561
946,0.849159671573,0.486158301694,0.816949160422,0.527277860601
947,0.840756311011,0.491839207239,0.83389831448,0.510240978104
948,0.849579839959,0.479259939348,0.844067804894,0.520909804409
949,0.842016815388,0.485264502153,0.861016957437,0.472369251362
950,0.856722696802,0.468081892319,0.820338992244,0.534850802209
951,0.840336143,0.499356980772,0.830508484174,0.515109426137
952,0.84789916801,0.489029940719,0.844067804894,0.497702836738
953,0.857142864875,0.468949531495,0.810169500567,0.561680336877
954,0.844957991433,0.478951544383,0.820338992244,0.525845945892
955,0.845378159631,0.476703612713,0.783050859379,0.588078983254
956,0.847899167853,0.4840952991,0.854237296824,0.463040148555
957,0.840336143031,0.494095005658,0.830508483163,0.505045942331
958,0.839915975114,0.478539591045,0.827118654372,0.531300531353
959,0.864705889885,0.464178265393,0.861016956426,0.490292725927
960,0.855882360467,0.471663818734,0.823728821035,0.5529852608
961,0.852100848275,0.482500422996,0.820338992749,0.509388140198
962,0.835714294348,0.48578662898,0.847457635706,0.479115107049
963,0.845378159538,0.479954720796,0.823728822551,0.531545142249
964,0.847899168041,0.482356010052,0.827118653362,0.498937675508
965,0.842436983274,0.483694663068,0.847457635201,0.481923372564
966,0.84831933577,0.477607393089,0.840677974588,0.502190792207
967,0.855042024383,0.468316135818,0.766101706584,0.604871905456
968,0.856302528666,0.471813477482,0.837288142261,0.495471947527
969,0.844117655223,0.48871665808,0.81016950183,0.55890763993
970,0.845798327736,0.478685427801,0.847457635201,0.467704476189
971,0.835294126776,0.5060491838,0.827118652604,0.51640619085
972,0.842857151159,0.500809186271,0.844067805399,0.490177928896
973,0.848319335645,0.471721646509,0.840677974588,0.515654261082
974,0.842436982992,0.485354796115,0.840677974588,0.499014979197
975,0.852941184516,0.472283438318,0.850847466517,0.512677168189
976,0.831932782532,0.497951153071,0.847457635201,0.49221961377
977,0.852100848025,0.467667174126,0.800000011416,0.522576459131
978,0.847478999999,0.480100758906,0.830508484174,0.486677840857
979,0.852521016568,0.468959750467,0.813559332642,0.524704823555
980,0.856302528822,0.471955687715,0.803389840712,0.552224012755
981,0.849579840147,0.474646461173,0.854237296824,0.486480016324
982,0.842857151347,0.49022174949,0.844067805399,0.474552212378
983,0.843697487056,0.482025384339,0.796610180099,0.551484183235
984,0.850420176044,0.47949152227,0.823728824066,0.518744603557
985,0.848739504157,0.47646220523,0.820338992749,0.549093374256
986,0.840756310886,0.479463488271,0.833898312965,0.527819259187
987,0.84201681495,0.511248647415,0.857627126625,0.478665462742
988,0.844537823078,0.491999769004,0.806779671018,0.547236668862
989,0.834453789752,0.491882672205,0.813559332136,0.506821553586
990,0.848739504125,0.485644726317,0.820338992749,0.580031153257
991,0.861764713621,0.463042321732,0.844067805399,0.480736837296
992,0.84411765538,0.487020779808,0.847457635201,0.491648481559
993,0.839495807041,0.500233387872,0.820338991992,0.519904173027
994,0.862184881914,0.476329141429,0.830508482658,0.507577899149
995,0.844537823391,0.488063089049,0.793220350298,0.614279153236
996,0.836134462296,0.501768936286,0.796610179089,0.516282140704
997,0.85420168858,0.476973519731,0.78644069019,0.556769622079
998,0.850840343898,0.482679467367,0.827118653362,0.556738680702
999,0.843697487244,0.491407943968,0.857627125615,0.488658126886
