epoch,acc,loss,val_acc,val_loss
0,0.729411776232,0.717896401006,0.766101706836,0.636103516413
1,0.749159675718,0.645688391878,0.78644068918,0.603271869027
2,0.770588246558,0.623047584997,0.68135594564,0.701896345211
3,0.784033624283,0.593495995714,0.816949162948,0.588276181686
4,0.785294128003,0.584660554195,0.749152554294,0.68973686887
5,0.800840346252,0.564191560347,0.806779670008,0.587232675845
6,0.781512615623,0.578064122245,0.752542386116,0.611897365522
7,0.798319337811,0.561595475786,0.711864420923,0.661458628157
8,0.776470598773,0.592363935934,0.772881366186,0.582578633296
9,0.791596649105,0.567330684951,0.769491536385,0.605768172923
10,0.784033623563,0.591438781877,0.779661028062,0.605782835665
11,0.789075640821,0.566152364892,0.759322044708,0.662624473794
12,0.790756312989,0.565090959626,0.769491538658,0.661587682316
13,0.792436984814,0.552413186356,0.786440689685,0.62359071283
14,0.823529420968,0.543993349273,0.793220348277,0.625183228972
15,0.793277321274,0.559555162527,0.796610179594,0.579225681596
16,0.807983202531,0.532293262132,0.786440688422,0.644006020689
17,0.806722698718,0.550223203736,0.783050859379,0.629665177252
18,0.783613455803,0.575119850453,0.80000000889,0.59152233045
19,0.779411775256,0.566430148176,0.793220349793,0.622906724023
20,0.784453792012,0.57298985684,0.79322034954,0.537325379202
21,0.797899169487,0.555117991197,0.766101705826,0.585169834606
22,0.803781522516,0.558039374587,0.806779670008,0.587999340336
23,0.799579842282,0.552778456611,0.789830518476,0.598637323006
24,0.810084043055,0.528670081164,0.810169498799,0.552303368257
25,0.786554633068,0.559494346975,0.806779670513,0.589016373127
26,0.807983203032,0.555296534187,0.786440689685,0.637474424253
27,0.793277321242,0.567576315191,0.779661028062,0.611103683205
28,0.808823539179,0.543069650709,0.803389840712,0.53997156024
29,0.804621858569,0.545455378175,0.779661027052,0.584252303435
30,0.804201690746,0.556998903261,0.786440687159,0.544115097341
31,0.795798329433,0.550965195256,0.786440687159,0.620134342525
32,0.802941186745,0.552848067792,0.776271198261,0.588107524282
33,0.813445387361,0.537011389096,0.759322044455,0.634861648588
34,0.819327740077,0.534917907711,0.803389841217,0.546288045534
35,0.810084043055,0.533014294856,0.800000009395,0.540680903752
36,0.79537816114,0.56823678274,0.80000000788,0.589888664878
37,0.807563034865,0.544717585277,0.759322047234,0.639560575202
38,0.81092437939,0.540400181091,0.779661027557,0.549729526296
39,0.798319337717,0.552769947421,0.803389841722,0.625642538323
40,0.813865555842,0.524705368399,0.79322034954,0.646376095586
41,0.812184883266,0.544665431932,0.837288144281,0.480117749865
42,0.796218497694,0.55095211022,0.820338990729,0.536982359775
43,0.819327739983,0.525159654215,0.769491538153,0.594731705674
44,0.792016816772,0.569450496281,0.810169501325,0.550566515428
45,0.800840345407,0.546053832694,0.762711876025,0.667419178506
46,0.820588244391,0.526252614256,0.749152553284,0.609403258916
47,0.825210092855,0.532095751968,0.830508482658,0.538591606132
48,0.808823539273,0.544378221818,0.861016957437,0.500935460046
49,0.815126059843,0.556926695959,0.81016950183,0.636267926733
50,0.807563034927,0.537474329294,0.840677975093,0.507524436813
51,0.82563026143,0.52148402069,0.847457635706,0.488083204981
52,0.833613453949,0.527685334264,0.816949161938,0.528986836136
53,0.830252109643,0.522164271659,0.776271195735,0.620437651115
54,0.808823539054,0.548216291742,0.827118652857,0.527863360815
55,0.819327740233,0.528435810868,0.793220350045,0.57461362269
56,0.821848748737,0.523678347875,0.759322044708,0.573182074448
57,0.794117657389,0.547182673103,0.830508483163,0.592116199308
58,0.815546228292,0.523128282811,0.803389840207,0.548879985082
59,0.801680682337,0.54963377763,0.850847466012,0.543609951512
60,0.805042026674,0.546374636726,0.789830519486,0.596204594788
61,0.823529420906,0.516646871077,0.813559332642,0.557641584489
62,0.830252109831,0.512700389758,0.833898313975,0.508164272723
63,0.827310933098,0.509761277211,0.793220349793,0.549068698944
64,0.820588244736,0.527092342116,0.766101706584,0.621117634541
65,0.818067236138,0.526778515272,0.78644068918,0.628487287689
66,0.810924379327,0.536041109502,0.810169500315,0.590603912281
67,0.815126059812,0.527472625573,0.827118652352,0.5390786569
68,0.826470597326,0.51658478254,0.820338992244,0.551553435245
69,0.816806732419,0.535575627655,0.786440686654,0.596914076704
70,0.80672269925,0.54454702934,0.813559329611,0.540124689118
71,0.821428580726,0.523930371653,0.810169499809,0.572930849205
72,0.815126059968,0.539827557202,0.820338992244,0.548424889981
73,0.815966396209,0.537019198432,0.816949161938,0.509514244179
74,0.826050428971,0.52051114244,0.844067805904,0.508037723727
75,0.819747908683,0.533604201524,0.772881367449,0.574043095617
76,0.807142866979,0.547906461007,0.823728822803,0.516226025961
77,0.823529421,0.524229414855,0.820338992749,0.524033072136
78,0.840336142906,0.505594915296,0.793220348782,0.614522024484
79,0.815966395865,0.531079035878,0.796610180604,0.565814112203
80,0.818907572504,0.530734976143,0.850847466517,0.543757753857
81,0.810504211567,0.527627027961,0.789830518981,0.574908931882
82,0.824789925408,0.532577051304,0.830508483163,0.557068360559
83,0.814285724166,0.542067030617,0.840677974588,0.527584280503
84,0.825210093513,0.528798618706,0.78644069019,0.536953576035
85,0.810504211661,0.540670591555,0.830508484174,0.527010552206
86,0.823109252989,0.524855866778,0.81016950183,0.591943170054
87,0.826050429284,0.528667178068,0.793220348025,0.569968676668
88,0.832352949823,0.50664733272,0.820338993254,0.529813145177
89,0.823109252707,0.514078959228,0.769491537143,0.68684703541
90,0.808403370918,0.534604930922,0.800000010911,0.557801738634
91,0.828991605705,0.510669277433,0.789830518981,0.54580457054
92,0.819747908463,0.52300898809,0.833898314985,0.50980683555
93,0.828991605955,0.520348327688,0.789830519486,0.543811155578
94,0.814285724259,0.524959650705,0.816949162443,0.520995174424
95,0.813445387549,0.529800421112,0.806779671018,0.597913684481
96,0.821848748862,0.531501292838,0.813559332642,0.567373954644
97,0.829831941695,0.509541447517,0.806779671524,0.530311245787
98,0.822689084634,0.5337755064,0.793220349288,0.564341702956
99,0.815546227509,0.52880670221,0.800000009143,0.599525295577
100,0.80840337098,0.548485097295,0.776271198261,0.589010297747
101,0.832352950042,0.503238044304,0.786440688927,0.54460850257
102,0.821848749019,0.524353954972,0.847457635201,0.564079482171
103,0.821008412246,0.510471980487,0.813559331126,0.519985259337
104,0.816386564126,0.546066124837,0.793220349793,0.599372602115
105,0.818487404055,0.521474636371,0.840677973578,0.527886339416
106,0.818487404713,0.520232529262,0.793220351308,0.533068083353
107,0.83487395817,0.504671753955,0.793220349793,0.611497627982
108,0.829831941601,0.519856137106,0.793220350803,0.549206898627
109,0.832352950011,0.528684172998,0.833898313722,0.518035429261
110,0.827731101672,0.518234178768,0.854237295813,0.488632689593
111,0.837815134684,0.508674859312,0.793220350298,0.59237945686
112,0.82226891703,0.528825001963,0.77966102882,0.574662847792
113,0.835714294317,0.512824928185,0.823728823056,0.513162636656
114,0.84453782386,0.490261677402,0.77627119624,0.586844384418
115,0.826470597232,0.50920767622,0.888135599383,0.429532397349
116,0.840756310948,0.502330226808,0.8000000099,0.55570412162
117,0.828991605548,0.520599229653,0.850847466012,0.520951357433
118,0.823949589104,0.515409321407,0.789830518981,0.569511283757
119,0.817226900304,0.534160368614,0.810169502335,0.549693068963
120,0.818907572473,0.52519971198,0.783050858621,0.591849351586
121,0.81890757241,0.535708369734,0.816949161938,0.569754459848
122,0.822268916247,0.526639018959,0.833898313975,0.51290699486
123,0.842016815263,0.502048847524,0.793220349793,0.577473070662
124,0.842016815325,0.499216272895,0.776271196745,0.58872003424
125,0.815546227854,0.520819880757,0.813559332642,0.529839963226
126,0.833193286252,0.502017490128,0.823728822551,0.522841396221
127,0.821848748455,0.519722335134,0.823728823056,0.515005533473
128,0.831932781812,0.517109640005,0.752542385105,0.618350509365
129,0.822268916779,0.508740026754,0.806779670766,0.51850026947
130,0.833193285782,0.512560325917,0.867796617039,0.478304986984
131,0.838655470487,0.500471381298,0.806779671271,0.555945410062
132,0.817647068503,0.518391977244,0.847457635201,0.506861591996
133,0.822268916967,0.507497429785,0.76271187653,0.602323522002
134,0.826050428877,0.517604694365,0.820338993254,0.53380909941
135,0.828991605861,0.512372069217,0.840677974588,0.507250200894
136,0.838235302883,0.500801374338,0.827118653867,0.539797459619
137,0.812184883829,0.536411392651,0.779661028062,0.617513599537
138,0.813865556186,0.537108353081,0.806779671524,0.573547019797
139,0.822689084571,0.523146748637,0.827118652352,0.511753963717
140,0.829411773308,0.507559491838,0.847457635706,0.494803933774
141,0.820168076349,0.52756064548,0.830508484174,0.467684028512
142,0.834453790284,0.513565583076,0.81016950183,0.595002783305
143,0.820588244579,0.526065384108,0.789830517971,0.578562627657
144,0.826890765556,0.527129621065,0.830508483163,0.513482594642
145,0.824789925158,0.518013131531,0.793220350803,0.604537900222
146,0.814705891143,0.531891942431,0.796610180604,0.539369779371
147,0.834873957982,0.516192999989,0.816949162443,0.507577686744
148,0.825210092793,0.530624070588,0.827118653362,0.53203997117
149,0.836554630652,0.506959285556,0.830508483163,0.593779985177
150,0.841596647095,0.515379127272,0.81016950183,0.572863473478
151,0.842436983336,0.49827293557,0.837288144786,0.525453097234
152,0.823949589104,0.512475783271,0.806779670513,0.585186882544
153,0.845378159475,0.493564165189,0.820338993254,0.551862439614
154,0.840336142812,0.500649135215,0.83389831448,0.532183374389
155,0.836554630714,0.513155413118,0.854237295813,0.510527732766
156,0.82899160511,0.511991599403,0.847457635706,0.475990425732
157,0.824789925533,0.530681770076,0.783050858368,0.575081134247
158,0.832773118084,0.511358909372,0.806779671018,0.603671846753
159,0.823949588885,0.509106677401,0.847457636211,0.504498827761
160,0.81596639646,0.524619953848,0.820338993254,0.532537272926
161,0.834873958358,0.50888715074,0.837288145292,0.494858008067
162,0.828571437381,0.505811991092,0.806779672029,0.539348099949
163,0.831092445915,0.518555795883,0.803389840207,0.599723692415
164,0.816806731793,0.531551801639,0.830508484174,0.562729571583
165,0.835714294098,0.520406360229,0.783050856348,0.556163489313
166,0.834453789877,0.513985119885,0.806779670513,0.568229939473
167,0.82815126937,0.52133528619,0.789830519486,0.641243672219
168,0.825210093168,0.514257121049,0.789830518981,0.558099602239
169,0.840336142718,0.505065204685,0.827118652857,0.544924982018
170,0.840756310948,0.498647567949,0.800000010658,0.570220908119
171,0.843277318826,0.504640627684,0.810169501325,0.526497924732
172,0.843697487682,0.513089412964,0.786440687664,0.584133369943
173,0.83739496658,0.521568751354,0.816949161938,0.556573152037
174,0.839495806884,0.500738384061,0.816949162443,0.567781025828
175,0.824789925471,0.523713901514,0.813559332642,0.541602843646
176,0.838235303196,0.503418077096,0.816949162443,0.546054818115
177,0.828571437193,0.510987480148,0.803389841722,0.592009018033
178,0.818487404713,0.520853580328,0.83389831448,0.511817905862
179,0.828991605423,0.510802857515,0.830508483163,0.555772147441
180,0.834033621835,0.500187949786,0.844067805399,0.480485312262
181,0.826890765275,0.522012066973,0.813559330368,0.617765225849
182,0.834453790096,0.520988110672,0.78644068817,0.575185093839
183,0.830252109769,0.514763990589,0.850847466517,0.503117368888
184,0.831092445947,0.516547173794,0.827118652352,0.538115317791
185,0.830252110082,0.516742128566,0.837288143776,0.529831904729
186,0.828151269558,0.509894002229,0.786440688675,0.580988449565
187,0.832773117959,0.52595743371,0.820338992244,0.537928657006
188,0.834453790441,0.504404040351,0.830508483163,0.609436569072
189,0.832773117802,0.509077231048,0.810169501325,0.644502981234
190,0.835294126181,0.506242232632,0.810169502335,0.59173577443
191,0.83571429416,0.507897067909,0.813559332136,0.549321040006
192,0.835714294379,0.496175131377,0.867796616787,0.476386162689
193,0.827310933567,0.507062818135,0.813559331631,0.548429151713
194,0.834453790316,0.513891915345,0.8000000099,0.593414114441
195,0.828571437537,0.510490911441,0.806779670766,0.545441632806
196,0.836974798756,0.505698236973,0.827118653362,0.545398308311
197,0.84285715141,0.499633588836,0.840677975093,0.508728874689
198,0.83781513459,0.504489869067,0.816949161938,0.530155445812
199,0.834033622712,0.502017108082,0.850847466012,0.521166827214
200,0.834873958483,0.496734518902,0.796610179847,0.539580836134
201,0.827731101828,0.518358917672,0.816949161938,0.566218489813
202,0.834033622712,0.521550366733,0.786440688927,0.636396505823
203,0.822268916811,0.524037475314,0.877966108969,0.472105195209
204,0.83613446261,0.497215168441,0.837288145292,0.545580587902
205,0.8352941264,0.511769909286,0.813559331631,0.594415285325
206,0.828571437913,0.518905995868,0.789830519486,0.590486370153
207,0.834033622399,0.520895732457,0.806779672029,0.518057786055
208,0.840336143094,0.494112318491,0.766101707846,0.687998674179
209,0.836554630808,0.496579136543,0.827118652352,0.543339689404
210,0.842436983305,0.490139450941,0.820338992244,0.535738813928
211,0.850840344305,0.495980585949,0.793220350803,0.612857663278
212,0.830672277905,0.508040847836,0.793220349035,0.566212309114
213,0.839915974801,0.511997732639,0.847457635201,0.497408069291
214,0.82184874858,0.512660051187,0.813559332136,0.511030980591
215,0.848319335395,0.492115035246,0.813559332136,0.596698830693
216,0.82647059717,0.510456231337,0.806779671271,0.53691126583
217,0.837815134309,0.50876865921,0.776271198766,0.62855490537
218,0.838235302507,0.512561492027,0.830508484679,0.514871738472
219,0.82058824411,0.536673917083,0.85762712713,0.450899046609
220,0.820168076819,0.525166895616,0.833898313975,0.514748198501
221,0.837815134622,0.498049577307,0.82372882053,0.520755678163
222,0.832352950042,0.501147619879,0.803389840207,0.607667091792
223,0.821848748612,0.524888542708,0.783050857611,0.601442915656
224,0.837394966924,0.514347165854,0.81016950082,0.54122517902
225,0.836134462672,0.507027866616,0.8000000099,0.554125387285
226,0.836974798506,0.517731250084,0.769491536637,0.638550080485
227,0.824369756677,0.525946594587,0.800000010406,0.545662455892
228,0.844117655599,0.493089596702,0.803389840712,0.558905025913
229,0.837394966423,0.515110365076,0.823728822045,0.526002501027
230,0.826890765337,0.518079287177,0.803389839702,0.569482878861
231,0.826470597045,0.525706582147,0.813559331126,0.564342391188
232,0.839075638873,0.51514075853,0.793220350298,0.571922413879
233,0.83151261377,0.510423516964,0.827118653867,0.528685854906
234,0.822689084634,0.509721658811,0.833898313975,0.503648266701
235,0.842857150877,0.493236683466,0.844067804894,0.517957682074
236,0.84243698318,0.51215614632,0.820338992244,0.524049761437
237,0.845378159444,0.496115664662,0.813559331884,0.542820436217
238,0.840336142593,0.496286512799,0.827118653362,0.519554327858
239,0.830252109862,0.501893227654,0.833898313975,0.468215516563
240,0.831512613645,0.503799826063,0.837288143776,0.496727458501
241,0.840756311042,0.490655371278,0.850847466012,0.496314806706
242,0.832773117928,0.502621100323,0.810169502335,0.528239554268
243,0.842436983681,0.500526759053,0.854237296319,0.485509522891
244,0.834873958796,0.500092807187,0.844067804894,0.497141766599
245,0.835294126243,0.500868493988,0.813559333147,0.512757572077
246,0.839495806571,0.503361801953,0.803389840207,0.549224012989
247,0.832352950292,0.507809482609,0.830508483163,0.50343489167
248,0.843697487244,0.492899019052,0.772881366439,0.612968624901
249,0.835714294254,0.493546379339,0.837288144786,0.508580215654
250,0.83571429391,0.507708205959,0.816949161938,0.515056739924
251,0.853781520319,0.480778887837,0.789830518981,0.657416785167
252,0.828571437662,0.512017265901,0.823728823056,0.533340018685
253,0.850000007626,0.487745966449,0.83389831347,0.550719894848
254,0.830672277999,0.505233718192,0.816949162948,0.585636060622
255,0.853781520381,0.487599833203,0.83389831347,0.51552608786
256,0.849159671823,0.482762911459,0.85762712511,0.494899068343
257,0.842857151003,0.498678814526,0.816949162443,0.544406978508
258,0.83739496683,0.505274933113,0.850847465002,0.484136706187
259,0.844537823578,0.503452841099,0.847457635453,0.520598311293
260,0.8420168152,0.495170496498,0.837288144281,0.48920727256
261,0.843697487369,0.499378425484,0.888135598878,0.409681888455
262,0.836554630151,0.509913794602,0.864406787238,0.472954426276
263,0.834453790441,0.518920350695,0.840677975093,0.492215422503
264,0.836554630495,0.499908525872,0.810169501325,0.57325476206
265,0.831932782313,0.507629460992,0.83389831448,0.50388177901
266,0.830252109487,0.51772263139,0.800000011416,0.550938872463
267,0.837394966548,0.4951155891,0.837288144281,0.487420536199
268,0.844957991401,0.494789986957,0.840677974588,0.501826168117
269,0.84495799112,0.500599167552,0.81016950082,0.539037262484
270,0.83865547033,0.500140686058,0.81016950183,0.547569421136
271,0.842857151222,0.47862392282,0.854237296824,0.526947560452
272,0.831932781906,0.498961802572,0.820338991739,0.513713681092
273,0.842016815044,0.496590844442,0.854237295813,0.477873816076
274,0.835714294442,0.496002763541,0.833898314985,0.525332496328
275,0.831932781593,0.508997470172,0.806779670008,0.558508396906
276,0.8252100932,0.516548126529,0.850847466517,0.478356628347
277,0.827310933285,0.510783869961,0.830508483163,0.531509090783
278,0.83487395842,0.493915829808,0.81016950082,0.517230812271
279,0.836134462328,0.515227191526,0.830508484679,0.503415081461
280,0.831092446135,0.511291148595,0.861016955921,0.467267816855
281,0.843277319233,0.492324901259,0.827118654372,0.511255365054
282,0.844537823453,0.492039033658,0.844067804894,0.542209197151
283,0.845798327642,0.48561634355,0.844067804894,0.474665108626
284,0.834453789439,0.507027695848,0.820338993254,0.542660896556
285,0.833613454043,0.494714097973,0.83389831347,0.489266932263
286,0.845798327736,0.503065553126,0.87118644684,0.491053747676
287,0.832773118303,0.509636243633,0.850847465507,0.512726795623
288,0.84285715141,0.494162631949,0.806779671018,0.565477890231
289,0.837815134747,0.49454920141,0.820338993254,0.534043520436
290,0.843697486868,0.50208032319,0.861016956426,0.52210516571
291,0.840756310573,0.501004472782,0.837288144281,0.545025056449
292,0.839915974582,0.494064770138,0.844067804642,0.548730178657
293,0.846218495434,0.504923578133,0.813559332642,0.523199598668
294,0.847899167665,0.486955149772,0.827118653362,0.511217755281
295,0.83739496658,0.497075134747,0.820338991739,0.53964418981
296,0.852521016255,0.490766431416,0.816949161938,0.514071476914
297,0.834453790441,0.508506547034,0.813559332136,0.537325245344
298,0.8436974874,0.49552267649,0.844067804894,0.483071448187
299,0.836974798756,0.498093934025,0.796610180604,0.544078087908
300,0.84159664722,0.489619388269,0.823728823056,0.555159473571
301,0.825630260741,0.522374368328,0.84067797383,0.490981421481
302,0.831932781843,0.511045646361,0.83389831347,0.534258602029
303,0.841176479178,0.495730980417,0.830508483669,0.532381177706
304,0.834453790222,0.495599487468,0.850847464497,0.487929571736
305,0.829411773559,0.505980893876,0.823728823561,0.522027390993
306,0.841596647283,0.492735752507,0.813559331126,0.511587548054
307,0.839915974958,0.497475334107,0.871186447346,0.44963844272
308,0.854201688893,0.473691712439,0.857627126625,0.535063416776
309,0.853361352496,0.48880461353,0.783050857863,0.665042803954
310,0.837394967049,0.503874062615,0.847457636211,0.484203651547
311,0.825630261148,0.4988816023,0.820338991739,0.610819111941
312,0.843697487306,0.486420726451,0.847457636211,0.495936340447
313,0.835714294442,0.50618771016,0.833898313975,0.548797463209
314,0.829831941632,0.51260907779,0.837288143776,0.500694780532
315,0.836554630808,0.505142112427,0.830508484679,0.506672513434
316,0.842857151316,0.506949458772,0.823728823561,0.52091773511
317,0.841596646939,0.489710327739,0.837288145292,0.519941893169
318,0.853361352402,0.472116270016,0.871186448356,0.491522750107
319,0.852100848463,0.480141774102,0.830508483669,0.553876265126
320,0.838235302695,0.500677187434,0.840677975093,0.505273952828
321,0.84831933577,0.477342701321,0.82711865311,0.550571459835
322,0.844957990994,0.497557494758,0.803389840207,0.590796815137
323,0.8420168152,0.491761973582,0.830508484174,0.512864876602
324,0.834033622273,0.494843097325,0.813559332642,0.508606045933
325,0.852100848588,0.491358572852,0.803389840712,0.553715173976
326,0.828991605767,0.500812407677,0.830508483163,0.528027968639
327,0.857142865032,0.464707349779,0.793220347772,0.575954428164
328,0.836554630526,0.496040292303,0.833898313975,0.501798816657
329,0.840336142593,0.507998434185,0.874576278662,0.479249616548
330,0.851680680483,0.489054787121,0.816949162443,0.523986019826
331,0.838655470737,0.495595587652,0.830508483163,0.502879695872
332,0.843277319327,0.494339809229,0.793220348782,0.505434119348
333,0.825630261054,0.511572600976,0.840677974083,0.528629380768
334,0.844537823422,0.480718152582,0.83389831347,0.533192738638
335,0.848319335645,0.491944490705,0.823728822045,0.501780924908
336,0.847058831894,0.483747007497,0.871186447851,0.513122821511
337,0.817647068409,0.509837511238,0.796610180099,0.530521126369
338,0.846638663852,0.488714909635,0.810169500567,0.547983763076
339,0.840336143031,0.494372372805,0.813559331631,0.525422566018
340,0.844537823766,0.476790639501,0.837288144786,0.530256727489
341,0.842436983211,0.494312899172,0.783050858621,0.588887796816
342,0.838235302664,0.503748511473,0.803389839702,0.563211539539
343,0.848739503781,0.48203005216,0.847457635706,0.523739025502
344,0.833193286064,0.501930533431,0.840677975093,0.50154128014
345,0.850000008127,0.467651208847,0.806779671524,0.519840063938
346,0.838235302476,0.497186333598,0.823728822551,0.534438349938
347,0.840756310854,0.485588288858,0.827118653362,0.532756656661
348,0.844117655442,0.496487443656,0.789830519486,0.563252764486
349,0.839075639218,0.495163606746,0.833898313722,0.508687756324
350,0.847899167853,0.495836186371,0.867796617039,0.479753041924
351,0.845378160007,0.491138119658,0.827118652857,0.54179332519
352,0.834453790128,0.502471299075,0.816949162948,0.559894667844
353,0.854621856747,0.485171499435,0.857627126625,0.452865396768
354,0.848319335802,0.486732660535,0.854237295813,0.488119678982
355,0.841596647095,0.49901099381,0.857627126372,0.505249128503
356,0.823109252738,0.517717771107,0.837288144281,0.533465647091
357,0.843697487244,0.4999115998,0.796610179089,0.564012885599
358,0.847058831925,0.491455097972,0.816949161433,0.530705768173
359,0.844537823203,0.488638237087,0.833898313975,0.516552326033
360,0.85294118461,0.489259305434,0.867796618049,0.469296771591
361,0.826050428971,0.511935956369,0.793220348277,0.55327408142
362,0.854621856246,0.484025684976,0.796610180604,0.501845151439
363,0.844117655787,0.496970927296,0.871186448356,0.441259043954
364,0.85294118461,0.478867805806,0.793220350298,0.545590835608
365,0.842016815513,0.499052532487,0.772881368459,0.560759456734
366,0.84747900003,0.489488528118,0.803389840712,0.558351324524
367,0.848319335864,0.488721889076,0.864406787238,0.494445094365
368,0.84117647899,0.492921699684,0.820338992749,0.509313481844
369,0.847478999968,0.495283322017,0.857627126625,0.463292485829
370,0.855042024633,0.472672543324,0.823728823561,0.538862413522
371,0.854621856779,0.481558080794,0.840677974588,0.494664359396
372,0.854201688298,0.472614401967,0.837288144786,0.523381232963
373,0.850000008064,0.50165977689,0.847457635706,0.516323993519
374,0.837394966423,0.502472271658,0.871186447851,0.490020497623
375,0.841596647314,0.48373478529,0.820338992749,0.486784937523
376,0.842016814824,0.490166593437,0.830508483163,0.50044786425
377,0.843277318982,0.50232108698,0.823728822551,0.52987468773
378,0.836974798631,0.496823001183,0.840677975093,0.510460941216
379,0.843277319233,0.494204746418,0.837288144281,0.509477081945
380,0.860504209369,0.469710585982,0.820338993254,0.52394485802
381,0.850840344336,0.486085743996,0.82372882154,0.489012082755
382,0.847058831957,0.48888277444,0.803389839954,0.554893559824
383,0.846218495998,0.482183423613,0.803389841722,0.550204120703
384,0.843697487275,0.481096521803,0.861016956931,0.517745263243
385,0.850000008002,0.47587890106,0.810169501072,0.52275363419
386,0.834873958013,0.510344687755,0.820338993254,0.539667147954
387,0.849579839834,0.475817237926,0.827118651847,0.53277466181
388,0.839915975146,0.485074021924,0.823728824066,0.487543143711
389,0.839495807197,0.484455291088,0.816949161938,0.556087607297
390,0.846638663445,0.48690790539,0.813559332642,0.505944402036
391,0.842016815137,0.491171535699,0.833898312965,0.517561359426
392,0.852521016317,0.471880531424,0.820338993254,0.503530785694
393,0.846638663727,0.48540153345,0.847457635706,0.506636422569
394,0.828151269965,0.514466846878,0.806779671018,0.524300465139
395,0.831932781718,0.503015498936,0.847457634696,0.48444097527
396,0.837815134371,0.502738077663,0.871186447598,0.472343472353
397,0.838655470456,0.488937366034,0.85762712713,0.477835435989
398,0.847058831644,0.486687953482,0.83389831448,0.512538851065
399,0.840756310823,0.496297457013,0.796610179341,0.562447912612
400,0.827731101328,0.50092098336,0.837288144281,0.528399222231
401,0.84831933577,0.481635731872,0.833898311954,0.541937665919
402,0.836134462516,0.49426655415,0.810169501325,0.535964276831
403,0.852100848087,0.483976342097,0.867796617544,0.462902000647
404,0.837394966611,0.507096134001,0.864406786733,0.50175961448
405,0.84621849581,0.4928396558,0.830508482658,0.457620014073
406,0.859663873285,0.474083116419,0.837288144281,0.504936475622
407,0.844537823203,0.492648875795,0.854237295813,0.520538681897
408,0.843277319327,0.490992124279,0.871186447851,0.443286100434
409,0.855882360905,0.467366434102,0.78644068918,0.601255190322
410,0.846638663539,0.483724446795,0.816949162948,0.551738705675
411,0.857563032573,0.471204906546,0.840677973072,0.482943074683
412,0.844957991652,0.476341433823,0.888135599888,0.486620040263
413,0.836134462422,0.508140357884,0.827118653867,0.501443973032
414,0.850420175856,0.486551080682,0.854237295813,0.496099392741
415,0.841596647346,0.4892860214,0.803389842227,0.529182866216
416,0.848739504188,0.482640383061,0.837288144786,0.519073342873
417,0.831512614333,0.505322379944,0.83389831448,0.514621863426
418,0.855882360467,0.465421243281,0.844067804894,0.490101374307
419,0.836134462234,0.500376069433,0.850847465507,0.515529421932
420,0.854201688517,0.492598234605,0.847457635201,0.486593939995
421,0.836554630401,0.508658924711,0.83389831347,0.4825653651
422,0.843277319107,0.495788740761,0.813559331379,0.498496049794
423,0.849159671604,0.488926980613,0.884745769582,0.468721158676
424,0.847058831894,0.486687388208,0.871186447851,0.478080353242
425,0.844957991339,0.490238186035,0.810169502335,0.555473527161
426,0.846638663915,0.49194729685,0.877966108464,0.461060684364
427,0.851260512253,0.47748181659,0.854237295308,0.478845641522
428,0.83949580701,0.496268776973,0.816949161433,0.564213438559
429,0.844957991308,0.49537651366,0.854237296824,0.459274903192
430,0.853361352026,0.479984767234,0.813559331379,0.515441642979
431,0.842016815294,0.496428168121,0.830508483669,0.538723900409
432,0.847899167853,0.486833402527,0.816949163453,0.491012538894
433,0.843697487118,0.486857659802,0.840677974083,0.445775977888
434,0.834873958608,0.496642739363,0.833898312965,0.516549974427
435,0.84159664722,0.495583085954,0.833898313975,0.537264653939
436,0.834453790316,0.490774154381,0.800000010153,0.542526998005
437,0.853361351963,0.478159848225,0.844067804894,0.510623033774
438,0.83781513459,0.507526840013,0.844067805904,0.50602352013
439,0.850420176106,0.486742361347,0.820338992244,0.51248489396
440,0.856722696927,0.483007138798,0.830508483163,0.520301173552
441,0.837394966266,0.487029764144,0.827118652857,0.505133064874
442,0.847899167759,0.481454175185,0.827118654372,0.530312443184
443,0.8436974874,0.493856038961,0.803389841217,0.555262522425
444,0.828991605548,0.508453986193,0.850847466012,0.517395961335
445,0.846218495685,0.489602661809,0.85762712612,0.475903412296
446,0.8605042094,0.467374961479,0.837288144786,0.493275452721
447,0.847478998966,0.488298341726,0.833898313722,0.541728680417
448,0.846218495904,0.495903719123,0.789830519486,0.550672831424
449,0.840756310573,0.492000639126,0.816949161938,0.544284008065
450,0.845798327736,0.48107489884,0.830508484174,0.539881768115
451,0.852521016568,0.475720339525,0.803389840207,0.568977854009
452,0.845378159663,0.481595085104,0.823728824066,0.495997923916
453,0.848319336115,0.484938852176,0.820338991739,0.521429736483
454,0.855042024633,0.475535641667,0.861016957437,0.475637936996
455,0.849159671855,0.476395818147,0.861016955921,0.503940354464
456,0.844537823391,0.486512109199,0.840677975093,0.561739169945
457,0.863025217309,0.472266935908,0.833898313975,0.50853038213
458,0.827310933661,0.511694337578,0.840677975093,0.496391135252
459,0.835714294786,0.508919442965,0.864406787238,0.443379942391
460,0.843277318982,0.491152707112,0.813559332136,0.505013267873
461,0.840336143094,0.483000457631,0.83389831448,0.550613103529
462,0.854621856653,0.482121273374,0.823728822551,0.507418129909
463,0.840336143094,0.49883602043,0.830508483669,0.499671114198
464,0.847899167916,0.471511374095,0.823728822551,0.514083967118
465,0.847058831831,0.476145958262,0.823728822551,0.516029339978
466,0.852941184422,0.480134478293,0.847457635201,0.48799655195
467,0.855882360936,0.473295841491,0.820338991992,0.477784529076
468,0.848739504,0.486551042646,0.827118653362,0.53895595796
469,0.847478999686,0.490731558222,0.823728823056,0.548980252975
470,0.846218495528,0.478579671975,0.850847466012,0.490835556539
471,0.839495807229,0.486170418999,0.803389841722,0.560510649014
472,0.854621856434,0.473990038632,0.833898312965,0.519832272398
473,0.842436983555,0.488196421258,0.830508483669,0.508165495881
474,0.840336142812,0.504714502037,0.83389831448,0.536409681379
475,0.837815134058,0.505570102921,0.789830519234,0.522014373692
476,0.845798326891,0.482995282013,0.81694916219,0.591974768598
477,0.844117655067,0.491615780919,0.84745763419,0.478702558804
478,0.861344545297,0.465834571158,0.844067804894,0.551711779025
479,0.846218495528,0.49636702922,0.833898314985,0.497602433219
480,0.835714294505,0.517370460226,0.877966108969,0.434303955254
481,0.840756310948,0.489468459885,0.861016956426,0.473625363435
482,0.846218495371,0.492755502995,0.847457635706,0.483782278027
483,0.828151269119,0.500337813206,0.823728822551,0.507143571468
484,0.846638663163,0.488265849055,0.850847466517,0.470951813005
485,0.845798328018,0.485010633574,0.854237296319,0.511934733997
486,0.842016814637,0.50406664372,0.803389840712,0.505905364024
487,0.837815134309,0.502941528476,0.864406787238,0.45458616872
488,0.835294126463,0.509860299715,0.779661027809,0.636671573934
489,0.847899167885,0.48672798661,0.82372882154,0.522462346544
490,0.837394966486,0.499215648674,0.854237294803,0.488110276097
491,0.852521016411,0.479472906368,0.816949162948,0.51112984828
492,0.84537815935,0.492315886433,0.816949162443,0.539270140104
493,0.856302528979,0.473470986609,0.847457636211,0.505066502902
494,0.856302529073,0.466608272537,0.823728823561,0.531546435114
495,0.844117655192,0.477259813049,0.823728823056,0.524872862939
496,0.84411765563,0.489537637681,0.830508483669,0.496710967715
497,0.850420176044,0.477207244194,0.823728823056,0.497912587251
498,0.851680680233,0.469254929416,0.837288143776,0.491145142054
499,0.851680680421,0.473874865648,0.850847465002,0.493427643837
500,0.844537823359,0.494321955446,0.864406787743,0.477137288805
501,0.849579840272,0.483581982334,0.844067805399,0.475590427043
502,0.852521016474,0.488225560729,0.840677974083,0.47799044014
503,0.844957991182,0.477660143607,0.827118653867,0.524583941547
504,0.855882360655,0.469605846847,0.850847466517,0.512223105814
505,0.865546226001,0.458071909,0.827118653362,0.528740182014
506,0.850000008033,0.474174239931,0.881355939275,0.471985769726
507,0.864285721373,0.464853630534,0.854237296319,0.489899315319
508,0.845378160038,0.491081833902,0.816949161938,0.521962892201
509,0.848739503938,0.487593848947,0.827118651594,0.502191970914
510,0.856302529073,0.468937809321,0.847457635706,0.500174598169
511,0.850840344086,0.477184080934,0.85762712612,0.483370504389
512,0.855042024226,0.468644143372,0.840677974083,0.490918721941
513,0.865546225969,0.468538377622,0.840677975598,0.510871497756
514,0.84957983974,0.483553799198,0.827118652352,0.503922251069
515,0.852521016255,0.482852626373,0.83389831448,0.508596568795
516,0.858823537075,0.473147761265,0.861016957437,0.478067784744
517,0.854621856591,0.480000588072,0.806779670513,0.535960591193
518,0.846218495559,0.473760142296,0.888135599888,0.443169741055
519,0.843697487369,0.493635255123,0.79322035055,0.552452026787
520,0.837394966955,0.494873581658,0.81694916118,0.512874797744
521,0.8521008484,0.48404352896,0.816949160422,0.516188248234
522,0.843277319233,0.488415176816,0.847457635201,0.489126639851
523,0.847058832019,0.484282237329,0.837288143776,0.509252569433
524,0.858823537044,0.468934778562,0.830508483669,0.495733863469
525,0.850840344211,0.469423806655,0.850847465002,0.499814023406
526,0.852521016317,0.480372901536,0.874576278662,0.443517319984
527,0.859663872878,0.476143817723,0.830508484174,0.499932261594
528,0.858823536668,0.473330721823,0.803389840459,0.584107581084
529,0.85630252854,0.474648543328,0.800000010911,0.515035301194
530,0.845798328081,0.485955421038,0.81016950082,0.583105028938
531,0.842436983305,0.474400974591,0.837288143271,0.487321763473
532,0.828571437537,0.513570192607,0.844067805904,0.479396446529
533,0.837394966924,0.488353100644,0.844067805399,0.529004435165
534,0.851680680452,0.471637485909,0.789830518476,0.571298457303
535,0.842857151347,0.487905786913,0.847457634696,0.486658732012
536,0.840756310948,0.489086362995,0.847457635201,0.447403957783
537,0.850000007876,0.474168699736,0.840677974083,0.497024102484
538,0.857563032855,0.466749840893,0.837288144281,0.519983328247
539,0.858403369096,0.472904580011,0.861016956931,0.519275973409
540,0.848319335802,0.489405229876,0.830508483163,0.54562000703
541,0.849579840147,0.473321589164,0.850847466012,0.486487571466
542,0.84705883155,0.485259297296,0.820338992244,0.49820915698
543,0.844957991683,0.496073018666,0.813559331126,0.521763320444
544,0.848739503906,0.485344443314,0.850847466012,0.478087380528
545,0.851260512379,0.46408817291,0.823728823056,0.544768858259
546,0.842857150971,0.484838800865,0.820338991739,0.526452662581
547,0.845798327141,0.484896323636,0.837288143271,0.47915792743
548,0.847058831894,0.486809196592,0.830508484174,0.507874351184
549,0.842857151347,0.498930923672,0.837288144786,0.473856374116
550,0.85168067992,0.476502454394,0.827118652857,0.534611456728
551,0.846218495434,0.484047097569,0.833898313975,0.512348434177
552,0.850420175919,0.481842322885,0.837288143271,0.491230997999
553,0.853781520256,0.474348886111,0.830508481648,0.527014990984
554,0.850840344305,0.477782993006,0.90508475142,0.402674248916
555,0.853781520256,0.487390585369,0.823728822551,0.539826716154
556,0.850840344211,0.466103082131,0.816949161938,0.552669745633
557,0.837815134622,0.507083121124,0.830508483669,0.520812820833
558,0.844537823328,0.48789524528,0.844067805147,0.505111879716
559,0.843697487056,0.477946301124,0.823728823056,0.564243738176
560,0.847478999623,0.479305473195,0.816949161433,0.520853582075
561,0.837394966642,0.492873652267,0.864406787743,0.470166946619
562,0.853781520632,0.486808951161,0.820338992749,0.558910827263
563,0.852941184391,0.476124332764,0.840677974588,0.492747430579
564,0.855042024821,0.46833208075,0.854237296824,0.500371396289
565,0.865126058052,0.464026799504,0.827118653867,0.512752699145
566,0.857983200866,0.472576371324,0.823728823056,0.492208750571
567,0.831512614208,0.498010099811,0.816949162443,0.562334371573
568,0.845798327267,0.478304973858,0.816949162948,0.502047092985
569,0.853361352464,0.476454612275,0.854237296066,0.466015174227
570,0.851260511752,0.477248918641,0.823728822551,0.484491560166
571,0.845798327329,0.471634922189,0.823728823056,0.531574348777
572,0.853781520319,0.481884017368,0.854237295813,0.495596794254
573,0.851680680045,0.484230326223,0.837288144786,0.497236201824
574,0.862605049643,0.466555199515,0.867796617544,0.457921357731
575,0.866806730065,0.462798691316,0.844067804137,0.527697266158
576,0.857563032949,0.465419255573,0.844067805399,0.484097955338
577,0.855042024758,0.475614242663,0.837288143776,0.520443359421
578,0.858823536981,0.459892999725,0.877966108464,0.487814904522
579,0.847058831769,0.488998141641,0.884745769076,0.427057680437
580,0.842857151097,0.483636514699,0.88135593877,0.417203979977
581,0.864285721718,0.450714583939,0.864406787743,0.469908487999
582,0.857983201179,0.471093276218,0.85762712713,0.455384046344
583,0.855462192988,0.477018742094,0.847457635201,0.472693638781
584,0.849159671823,0.474236309998,0.823728822551,0.539744580449
585,0.853781520788,0.478914140058,0.847457635201,0.484755872922
586,0.857563033074,0.481728608211,0.844067805147,0.44396871101
587,0.850420176388,0.466119796852,0.844067803884,0.502954164299
588,0.847899168166,0.481917993643,0.827118653867,0.523247335674
589,0.847478999811,0.493341502209,0.871186448356,0.501693571776
590,0.852941184422,0.463615269189,0.854237296319,0.480807611498
591,0.845378159506,0.470958713505,0.82711865311,0.530031637873
592,0.857142864844,0.463459169633,0.847457634696,0.520653881259
593,0.84159664722,0.481216998536,0.847457635201,0.466566279783
594,0.854621856528,0.468459139069,0.844067805399,0.482446061353
595,0.850420176169,0.47987555246,0.83389831347,0.494190820951
596,0.842016815012,0.492998087669,0.830508484174,0.507710936211
597,0.865966393918,0.450146065007,0.844067804894,0.492601015053
598,0.854201688517,0.483942953854,0.847457635706,0.455978770377
599,0.857563032761,0.461150159418,0.830508483669,0.526441977186
600,0.843277319327,0.482396347996,0.854237294803,0.484940886497
601,0.849159672168,0.472014287628,0.850847466012,0.475250125942
602,0.859243705117,0.475372360378,0.810169499809,0.567317270879
603,0.854201688705,0.478312644513,0.803389839197,0.55153066425
604,0.850840344336,0.471864014144,0.837288143776,0.508823886514
605,0.859243705086,0.463139218067,0.830508483921,0.535930354211
606,0.855882360655,0.47849883856,0.840677975598,0.496720732269
607,0.853781520569,0.465050874732,0.823728823056,0.583815912574
608,0.849159672105,0.473201740627,0.871186447346,0.448847136255
609,0.852100848682,0.486278040256,0.844067805399,0.537848031117
610,0.853781520412,0.461780631711,0.833898313975,0.494494215412
611,0.855042024696,0.474975404212,0.830508482406,0.537525172203
612,0.846218495935,0.481697746279,0.803389840965,0.527733651763
613,0.83991597477,0.501067075628,0.827118652352,0.510067772562
614,0.863865553268,0.467245474301,0.810169501577,0.557388235957
615,0.846638663852,0.497178319403,0.827118653362,0.506063900762
616,0.864285721686,0.45355738521,0.837288143271,0.506502641207
617,0.841596647127,0.49632917523,0.861016955921,0.432464269258
618,0.853781520412,0.468224295579,0.847457634948,0.484738378707
619,0.846638663789,0.489337823784,0.813559331126,0.5052276875
620,0.866386562085,0.454153088054,0.816949160675,0.630345871135
621,0.857983201304,0.463392476637,0.901694921114,0.427306711169
622,0.85672269699,0.472788364791,0.881355939275,0.477209397797
623,0.848739503969,0.4742212916,0.820338993254,0.54135172852
624,0.849579839928,0.481313265735,0.847457635201,0.477228907963
625,0.847478999748,0.487661651109,0.847457635201,0.456462375946
626,0.86638656196,0.451813409027,0.83389831347,0.478147804737
627,0.860084041452,0.453243285073,0.861016957437,0.531990236903
628,0.857563032667,0.461104488266,0.833898313975,0.51906831613
629,0.857563033074,0.472836388385,0.820338992244,0.547609521676
630,0.855462192425,0.480227226751,0.830508484174,0.493500313516
631,0.868487402171,0.452478175936,0.874576278662,0.43868535656
632,0.852521016317,0.48340770956,0.827118652099,0.497770581963
633,0.849579840053,0.481576049434,0.837288144281,0.486286494186
634,0.851680680483,0.481367759876,0.837288144786,0.502445879629
635,0.835294125868,0.495720818107,0.854237295813,0.493370064992
636,0.868067234128,0.449951246788,0.867796617039,0.489927683089
637,0.866806730378,0.459712426389,0.854237296319,0.491807528977
638,0.860504209463,0.465620427572,0.85762712713,0.4810934976
639,0.85798320096,0.468670164274,0.840677973578,0.490002900615
640,0.849159671948,0.473398898924,0.827118651847,0.509194145516
641,0.860504209119,0.466865894424,0.823728822551,0.50467909923
642,0.850420176482,0.486637337744,0.881355939275,0.491019702564
643,0.859243704961,0.460751045088,0.813559331126,0.553762334383
644,0.844117655849,0.478905083377,0.840677975093,0.501713578731
645,0.850000008315,0.465970641988,0.840677974083,0.539918743705
646,0.845798327173,0.477676203052,0.847457635706,0.51574999094
647,0.862184881162,0.472840591921,0.803389839197,0.552488659145
648,0.853361352589,0.469934074067,0.837288144786,0.481715738773
649,0.85840336897,0.467743660691,0.816949162948,0.522174194203
650,0.846638663915,0.472715616226,0.769491536637,0.548708984155
651,0.846218495747,0.490870842131,0.844067804642,0.503388503345
652,0.853361352245,0.475764539813,0.877966108464,0.451332978778
653,0.858403368657,0.454103425677,0.847457635201,0.478218583232
654,0.844537823265,0.483772734822,0.847457635201,0.543854996815
655,0.85168068017,0.473771891236,0.861016956426,0.455212472101
656,0.860084041077,0.472283041934,0.820338992244,0.567547369811
657,0.852100848494,0.475563123447,0.847457634696,0.473123151114
658,0.860924377474,0.466562922355,0.864406786733,0.443211221089
659,0.848319335645,0.480510110396,0.864406787238,0.471447160941
660,0.855462192613,0.466549622944,0.84745763419,0.478570878253
661,0.837394966924,0.500238698038,0.827118653867,0.524193170717
662,0.861764713339,0.453191120146,0.800000010406,0.547607429957
663,0.856302528822,0.473086204223,0.854237296319,0.498943611222
664,0.868487402108,0.459560745811,0.864406786733,0.471575192476
665,0.855882360968,0.471270613341,0.83389831448,0.504033817578
666,0.866806729877,0.460470767207,0.844067804894,0.517938187314
667,0.861764713277,0.460977906346,0.816949162948,0.545875591242
668,0.860084041108,0.457884470705,0.861016955416,0.477023377257
669,0.857563032886,0.465831909986,0.830508483163,0.518122850333
670,0.853361352402,0.475244702036,0.816949163453,0.54430397259
671,0.851680680295,0.467295418204,0.847457635706,0.492320781795
672,0.849579840272,0.47108820519,0.847457635201,0.473860285292
673,0.848739504125,0.474736289912,0.847457635201,0.449338705105
674,0.852521016317,0.474005952446,0.850847465002,0.444104183781
675,0.850840343773,0.476755947501,0.847457635201,0.476709756558
676,0.856302528947,0.474081356298,0.833898313975,0.490443529214
677,0.853781520131,0.486657863937,0.847457635706,0.481594160452
678,0.840756311199,0.488566859085,0.837288143271,0.531273906766
679,0.860504208712,0.463446315253,0.854237295308,0.476887271061
680,0.850000008127,0.476350689855,0.874576278662,0.460708597201
681,0.85588236078,0.469936951087,0.813559332642,0.530039711776
682,0.858823537169,0.464253236047,0.857627126625,0.498880944262
683,0.859243705243,0.468720527288,0.867796617039,0.509203317812
684,0.85630252901,0.469625251039,0.847457635706,0.486427286166
685,0.859663873253,0.468458755646,0.850847465002,0.468333131934
686,0.848319335426,0.473711066668,0.884745769076,0.449730783448
687,0.856302528728,0.473699908547,0.810169500315,0.516748935994
688,0.848319335614,0.486377221634,0.854237296319,0.474497657459
689,0.857983201147,0.473738069638,0.840677975093,0.481354136083
690,0.851260512128,0.477680416668,0.827118653867,0.508569168085
691,0.842016815106,0.477621243531,0.837288144786,0.489627340588
692,0.865546225907,0.45571951302,0.827118653867,0.517291881018
693,0.857983200928,0.458896560798,0.861016955921,0.468084951831
694,0.857563033011,0.472505082979,0.840677975598,0.516696825118
695,0.858823537075,0.472054702645,0.871186448356,0.477324674443
696,0.845378159131,0.479195447873,0.827118652857,0.505511522041
697,0.85462185634,0.466389270296,0.864406787238,0.487556615118
698,0.856302528916,0.459906525816,0.827118652857,0.577285095292
699,0.848319335895,0.47764361703,0.850847466012,0.459634168168
700,0.845378159131,0.491200789903,0.83389831347,0.487731663605
701,0.862184881381,0.468653056927,0.861016955416,0.456784043524
702,0.856722696708,0.465793545131,0.891525430194,0.428922592583
703,0.868487402358,0.455394030118,0.827118652857,0.501575175231
704,0.845798327392,0.471067808913,0.847457635201,0.491431737603
705,0.859243705117,0.467977463072,0.813559331631,0.529855641268
706,0.850420175919,0.478827200266,0.871186447346,0.452459957893
707,0.850420176138,0.472516282798,0.847457635201,0.458515176834
708,0.858403368689,0.462603314709,0.833898312965,0.482262859153
709,0.858823537263,0.461759314911,0.827118653362,0.51113560619
710,0.857983201116,0.464157342097,0.857627126625,0.456927103511
711,0.864705889509,0.46431871441,0.867796616534,0.482173390055
712,0.860924377474,0.469299446447,0.840677975093,0.478754785859
713,0.865126057833,0.450865059434,0.837288143524,0.510956590964
714,0.842857151159,0.491678106528,0.830508484174,0.522743931261
715,0.84537815935,0.486632268125,0.901694921114,0.404425360894
716,0.839495806759,0.487622597951,0.827118654372,0.537873476996
717,0.857983201116,0.464017565041,0.847457635201,0.516465606326
718,0.852521016192,0.477406667498,0.867796618049,0.501136448929
719,0.854621856591,0.461317205316,0.844067803884,0.472105145707
720,0.855042024821,0.471652724224,0.827118653867,0.469592721028
721,0.846218495622,0.474173939341,0.854237296824,0.481273056339
722,0.868067234191,0.460003979817,0.850847466012,0.488185651727
723,0.857983200803,0.467510171078,0.847457634443,0.501953227793
724,0.865546225844,0.463684198047,0.830508484174,0.546217874703
725,0.858823536887,0.471665454481,0.854237294803,0.487661118477
726,0.857142864719,0.467383867083,0.837288143776,0.501731583122
727,0.853361352464,0.467005464961,0.844067805904,0.521271714972
728,0.865546225625,0.455312161386,0.861016956426,0.519843411143
729,0.846218495716,0.484931236994,0.864406786228,0.464191470106
730,0.852941184172,0.478778496698,0.891525430194,0.431403887726
731,0.855042024226,0.477027344885,0.820338991486,0.553107503865
732,0.850420175825,0.487208389873,0.830508483669,0.504517197862
733,0.845378159381,0.479182905604,0.881355938265,0.438628031288
734,0.857142864656,0.470319577939,0.813559331884,0.494593010363
735,0.845378159475,0.473752685674,0.83389831448,0.46735199604
736,0.858403368877,0.479765363163,0.816949162443,0.554717310657
737,0.847479000062,0.480993954042,0.867796618049,0.452452644201
738,0.851260512316,0.465439227011,0.844067805904,0.523326943486
739,0.843277319014,0.492602870933,0.803389839702,0.53016185811
740,0.850000007501,0.489669282615,0.854237295308,0.465055497268
741,0.854201688736,0.461934403462,0.840677973578,0.516485019508
742,0.845798327642,0.486260116288,0.847457635706,0.487599479698
743,0.846218495872,0.482574853389,0.85762712713,0.450903484629
744,0.853781520475,0.479856561306,0.823728822551,0.510047889109
745,0.85504202457,0.47385028756,0.83389831448,0.487877924564
746,0.852521016161,0.478445617153,0.850847466012,0.490564419304
747,0.840756311199,0.485615001506,0.881355939275,0.473433329645
748,0.863025217309,0.464210239466,0.779661026547,0.577502995224
749,0.856722697052,0.473078275929,0.854237296319,0.461412155275
750,0.858823536919,0.466884803622,0.816949163453,0.574079769143
751,0.84495799137,0.470102239525,0.874576278157,0.439761977327
752,0.858823537075,0.464087601156,0.861016956931,0.490395019368
753,0.854201688392,0.464557477719,0.850847465507,0.470604980143
754,0.858403369033,0.464534375128,0.844067805399,0.487359757393
755,0.856302528885,0.468035163812,0.844067805399,0.483217506085
756,0.862184881287,0.478730261451,0.877966108969,0.438207318722
757,0.864285721811,0.455731359694,0.88135593776,0.437596370608
758,0.855462192644,0.467412502294,0.820338993254,0.553191865905
759,0.857563032604,0.470390743756,0.877966108464,0.493669759419
760,0.850420176419,0.472476654631,0.847457634696,0.482061169915
761,0.85924370493,0.464232968339,0.81016950183,0.542797174999
762,0.865126058021,0.44772377964,0.867796618049,0.473624901246
763,0.855042024414,0.475805880486,0.840677975598,0.491247573141
764,0.861764713496,0.458238535412,0.823728823561,0.559452685512
765,0.857563033137,0.474802417853,0.820338992749,0.506701203979
766,0.871008410361,0.449373495272,0.823728822551,0.536646822499
767,0.856302528572,0.474821997572,0.857627126625,0.448634597962
768,0.866806730252,0.45108607186,0.861016957437,0.46632472312
769,0.865126057426,0.455307719775,0.88135593877,0.468649901576
770,0.862184881256,0.458667720629,0.87118644684,0.470967023049
771,0.854201688392,0.471536652662,0.830508483416,0.521200107568
772,0.864705889666,0.475163091788,0.85762712612,0.475191071882
773,0.860504209369,0.451397500306,0.864406787743,0.476018440925
774,0.854201688643,0.47023041083,0.864406787238,0.459774202462
775,0.860924377098,0.461423579071,0.847457634696,0.511132452953
776,0.853781520632,0.486760538917,0.813559331631,0.543933388793
777,0.852521016568,0.46712708949,0.813559331126,0.543707526841
778,0.860924377192,0.469741570787,0.850847466517,0.518280544271
779,0.843277319358,0.487513199198,0.830508484174,0.509687318135
780,0.849579840085,0.474409589059,0.857627125615,0.504185900345
781,0.862184881475,0.463955890106,0.864406786733,0.511425316586
782,0.865966393604,0.456430767671,0.847457634948,0.466055342959
783,0.859663873191,0.46603735649,0.847457635706,0.471431315703
784,0.865966393855,0.458135267704,0.847457635201,0.487401762756
785,0.86428572153,0.461707449729,0.837288143776,0.529623957509
786,0.850840343992,0.466518680088,0.823728823056,0.529667871988
787,0.858823537388,0.467340793617,0.827118653867,0.505122145859
788,0.844537823453,0.480869508059,0.871186448356,0.471886583304
789,0.847899167978,0.47234763036,0.888135599383,0.432023063555
790,0.868067234097,0.469677922324,0.854237295308,0.495456386168
791,0.852521016505,0.468646201172,0.844067804137,0.496129845916
792,0.858403369127,0.48242133092,0.867796617544,0.431420753063
793,0.856722696864,0.47656330075,0.823728823056,0.467169799795
794,0.871008410455,0.447259663722,0.857627124857,0.470199242992
795,0.87142857856,0.453433363378,0.867796616787,0.492000225237
796,0.857563033011,0.466022402862,0.861016955921,0.494610322734
797,0.859663873003,0.461869978354,0.82372882154,0.504668438334
798,0.856302529198,0.460616460555,0.844067804894,0.46477410071
799,0.850420176263,0.493019186148,0.864406786733,0.43302329314
800,0.853361352339,0.472539715375,0.840677974588,0.506459912759
801,0.865126057771,0.46591753954,0.857627126625,0.434976554523
802,0.863865553707,0.453894362949,0.864406787238,0.487709845022
803,0.852941184485,0.470273334783,0.830508483669,0.528743410009
804,0.849159671416,0.485580448155,0.850847466012,0.472691026027
805,0.862184881319,0.465760767116,0.820338993254,0.5342392237
806,0.851260512253,0.481383213789,0.861016956931,0.479096976125
807,0.863025217434,0.459405069122,0.840677975093,0.498875701832
808,0.857563032698,0.462481189144,0.864406787238,0.471236964151
809,0.868487402014,0.45629779575,0.827118652604,0.517790682993
810,0.859663873347,0.477122441654,0.874576278662,0.452447112334
811,0.856722696739,0.466313320956,0.861016956426,0.490061654378
812,0.857983201116,0.465296983625,0.867796617039,0.484583731678
813,0.852521016255,0.47267612818,0.861016956931,0.492982186251
814,0.840756310729,0.499691897487,0.830508484174,0.500846207142
815,0.852941184297,0.468682872491,0.847457635706,0.509886979299
816,0.858823536762,0.463565176337,0.877966108464,0.462451151872
817,0.850840344117,0.47006236815,0.861016955921,0.484652298992
818,0.85630252876,0.483481506371,0.830508482658,0.511783033104
819,0.858403369033,0.468080934575,0.861016956931,0.486637754461
820,0.855042024883,0.467880630694,0.847457635201,0.457590576956
821,0.875210091096,0.447017283844,0.830508483163,0.505937658629
822,0.870588242319,0.453862641977,0.850847465507,0.463411626927
823,0.85336135284,0.48076660064,0.854237294803,0.504468751408
824,0.855042024414,0.469870278158,0.857627126372,0.460759895333
825,0.865966393761,0.454741328767,0.806779671271,0.539223067589
826,0.848739504,0.472431051036,0.847457634696,0.4736625042
827,0.856302528634,0.469602671773,0.861016956426,0.456213420225
828,0.855882360717,0.461667387676,0.833898312965,0.519117192949
829,0.854201688611,0.476906994999,0.854237295813,0.462214757578
830,0.8655462255,0.456343722037,0.823728822045,0.522986295112
831,0.872689082655,0.444745208035,0.861016956426,0.49680763483
832,0.869747906172,0.442810807127,0.816949161685,0.516481229814
833,0.850840344086,0.470850099473,0.844067804137,0.492287860331
834,0.8638655533,0.456334797337,0.844067804894,0.461306368143
835,0.860504208994,0.456023540755,0.884745769582,0.468801026122
836,0.859243705117,0.467453750367,0.806779671018,0.525633749063
837,0.856722696395,0.459588697321,0.861016957437,0.449614568282
838,0.869747906548,0.45337226774,0.857627126625,0.471165201422
839,0.850420176106,0.470925257486,0.813559333147,0.549997979049
840,0.871008410612,0.445391374069,0.847457635201,0.517989799885
841,0.859243705149,0.471174882897,0.840677975093,0.540389256205
842,0.84831933577,0.484759954595,0.867796617544,0.436989728425
843,0.868487402139,0.448675032423,0.861016956931,0.482450498363
844,0.856722697177,0.465393379706,0.867796618049,0.445047245692
845,0.853361352339,0.473607133636,0.867796617544,0.467321272119
846,0.856722696864,0.472817445534,0.830508482658,0.499370533531
847,0.862184881538,0.464518058137,0.864406787238,0.444390979359
848,0.857142865094,0.45459227793,0.806779671018,0.54474937638
849,0.855042024696,0.463515006882,0.854237295813,0.465600165018
850,0.850420176545,0.478522600935,0.844067803884,0.49492237578
851,0.863445385602,0.452515905895,0.861016955669,0.469668590416
852,0.85630252876,0.469056819855,0.820338992749,0.496366748618
853,0.867226898107,0.453110323139,0.850847465507,0.498174950733
854,0.863445385571,0.45948083464,0.820338992244,0.511554155814
855,0.854621856591,0.477717824781,0.823728822045,0.501474623458
856,0.855462192644,0.460217254221,0.837288144786,0.490793469599
857,0.843697487118,0.476624517725,0.871186447851,0.475001720049
858,0.868487402265,0.43914014677,0.847457634696,0.472530591538
859,0.852521016161,0.475263049309,0.837288144281,0.49123108387
860,0.860504209213,0.465287617932,0.85762712713,0.49650797551
861,0.863025217497,0.459297058525,0.854237295308,0.516288796471
862,0.864285721937,0.450099486826,0.867796618049,0.45883758063
863,0.863865553769,0.462347021342,0.874576278157,0.441009274731
864,0.853361352809,0.470041021642,0.83389831448,0.512696021947
865,0.855462192863,0.47132245805,0.874576278662,0.456485707629
866,0.861764713433,0.452184652111,0.861016957437,0.465345049561
867,0.868907570275,0.455047390197,0.823728822045,0.49924411309
868,0.850840344274,0.470786724208,0.871186447851,0.466595874752
869,0.843697487525,0.49029071172,0.847457636211,0.487530588599
870,0.862184881225,0.470717313222,0.803389841722,0.551672906694
871,0.858823537138,0.46213521583,0.844067805399,0.444079372337
872,0.855882360686,0.464002287939,0.871186447851,0.439205107547
873,0.859663872909,0.45380585625,0.840677975093,0.492641197675
874,0.85210084815,0.484050550443,0.844067805904,0.49556418723
875,0.864705889478,0.452803701319,0.861016957437,0.480927446889
876,0.859243705243,0.46333384733,0.864406787743,0.461402711979
877,0.865126057458,0.45616110217,0.85762712612,0.453609673401
878,0.864705890167,0.455083412251,0.816949162948,0.489244778783
879,0.865126057864,0.463989742413,0.820338991234,0.477171942339
880,0.866386562054,0.454451286649,0.816949161938,0.52778733408
881,0.857142864468,0.466382539886,0.83389831448,0.477800376334
882,0.868067234066,0.455329948927,0.806779670513,0.539766852128
883,0.871848746414,0.432717752432,0.867796616534,0.513176907675
884,0.863865553581,0.455092822929,0.850847464497,0.480753625854
885,0.868067233909,0.452526576504,0.837288143776,0.509975457848
886,0.856302528885,0.473221826234,0.844067804389,0.477372716291
887,0.857983200991,0.46022866538,0.830508484174,0.523145414257
888,0.860924377286,0.454117985865,0.844067805399,0.487916085175
889,0.85420168858,0.470967340213,0.827118653362,0.514558496869
890,0.863865553613,0.456711064304,0.827118653362,0.561401465687
891,0.845798327548,0.474458745861,0.857627126625,0.484799013805
892,0.861344545297,0.469846641848,0.861016956931,0.494875667206
893,0.873949586844,0.438798110901,0.861016956931,0.458362855396
894,0.868487402296,0.463210604459,0.837288144281,0.49269964003
895,0.859663873222,0.462403082547,0.83389831448,0.550400576096
896,0.859663872784,0.450476943445,0.820338992244,0.523194773217
897,0.867226897637,0.452982321601,0.850847465507,0.492648234812
898,0.860924376973,0.457930636162,0.877966108464,0.441900307849
899,0.854621856466,0.472980356611,0.867796618049,0.468123846387
900,0.871848746383,0.447653437612,0.823728822551,0.502154332096
901,0.849159672168,0.47074941865,0.837288144281,0.459676673099
902,0.865546226126,0.458251658264,0.850847465507,0.48547860677
903,0.860924377224,0.454527851852,0.881355938265,0.440351389222
904,0.862605049392,0.469832500052,0.871186448356,0.511962829505
905,0.865966393949,0.456493845569,0.823728823561,0.504166718257
906,0.865966393855,0.452134494584,0.867796617544,0.450974271964
907,0.847058832145,0.481345017135,0.806779672029,0.518195776616
908,0.852521016129,0.474711487492,0.847457636211,0.488931498538
909,0.860504209025,0.463415174925,0.83389831448,0.520190112166
910,0.864705889666,0.471414195421,0.844067805399,0.514726455181
911,0.852941184234,0.465230901953,0.871186447851,0.454114470694
912,0.857142864719,0.467985935447,0.864406786733,0.480451304529
913,0.850000008283,0.475793914666,0.867796617544,0.501395415452
914,0.85756303298,0.460637646469,0.857627126625,0.467250095586
915,0.868487401826,0.453937325971,0.833898313975,0.528949953489
916,0.858823536919,0.460593009477,0.837288143524,0.513564646497
917,0.847899167728,0.484627631156,0.844067805399,0.512545315138
918,0.853361352589,0.458555747481,0.847457635706,0.498538724194
919,0.861344545328,0.456151013521,0.877966108969,0.415198399859
920,0.87310925101,0.445350053274,0.894915259996,0.416742884759
921,0.858403369033,0.464899823696,0.884745769582,0.430435768123
922,0.864705889979,0.450204639437,0.857627126625,0.425699689883
923,0.875210090658,0.44404692015,0.864406786733,0.494167381171
924,0.862605049517,0.45189860363,0.847457635706,0.502035230146
925,0.858823537232,0.451680467973,0.847457635706,0.501169526729
926,0.851260512097,0.485051994157,0.877966108464,0.489810377359
927,0.862605049173,0.455761887446,0.796610179594,0.575956299901
928,0.85840336897,0.456007091407,0.844067805399,0.453754510162
929,0.858403369158,0.462023568473,0.840677974588,0.481258704753
930,0.849579840272,0.469026269657,0.854237294803,0.470339149742
931,0.863445385477,0.448321845163,0.830508483669,0.495702033326
932,0.849159671761,0.485704663452,0.894915259996,0.405439449316
933,0.85336135212,0.469040821173,0.793220350298,0.65985415396
934,0.863445385696,0.471013900957,0.844067803884,0.52281574324
935,0.855882360467,0.470100911005,0.884745769582,0.441291704774
936,0.867226898013,0.463138265551,0.827118652857,0.520884537343
937,0.863025218123,0.449311775508,0.83389831448,0.519111649717
938,0.859663873034,0.467869647286,0.840677973578,0.534371482114
939,0.860084041264,0.470574525099,0.833898312965,0.473122168901
940,0.860924377098,0.45510881895,0.861016956931,0.454744386471
941,0.855042024696,0.467732922088,0.837288143776,0.51886213836
942,0.857983200646,0.465430863421,0.84067797383,0.495838185236
943,0.85966387294,0.457700151199,0.800000010911,0.515941887336
944,0.85126051241,0.481869157873,0.816949161938,0.532187304759
945,0.865546226251,0.459123157779,0.861016956931,0.473255313049
946,0.852521016161,0.471898343571,0.861016956931,0.461286997896
947,0.855042024758,0.472802498354,0.850847466012,0.486927292862
948,0.860924377098,0.462387020097,0.827118652857,0.481101429816
949,0.857563033199,0.4483396801,0.837288143776,0.503151233166
950,0.875630258888,0.443260085213,0.837288144786,0.488305538893
951,0.857142864687,0.469203118798,0.884745769582,0.449921186193
952,0.859663873097,0.459786244425,0.854237295813,0.473323377007
953,0.863445385383,0.451984035743,0.827118653362,0.52420942157
954,0.847899167728,0.472451061981,0.850847466012,0.492085502814
955,0.857983200615,0.460135929318,0.894915259491,0.435942538461
956,0.86848740167,0.458292586651,0.823728823561,0.524110136901
957,0.853361352026,0.488031306406,0.884745769076,0.44831786772
958,0.86260504958,0.462932197862,0.85762712612,0.486285806207
959,0.871848746352,0.441030219448,0.827118653867,0.503203949433
960,0.868067233847,0.459010619733,0.844067803884,0.535777363232
961,0.865126057864,0.463453047635,0.850847465507,0.464754851945
962,0.852521016067,0.462970839735,0.840677975093,0.491266285211
963,0.864705889728,0.452283239352,0.837288143776,0.496914145805
964,0.864705890104,0.461161382496,0.877966108969,0.4214192889
965,0.872268914269,0.446944070964,0.854237296319,0.456325760332
966,0.863865553863,0.459090053534,0.857627126625,0.481150888285
967,0.866806730002,0.454746531933,0.813559329863,0.526479211652
968,0.872689082561,0.450497109944,0.847457635453,0.484252576101
969,0.855462192487,0.461224713026,0.854237295308,0.48077336282
970,0.871008410518,0.441157133483,0.827118652857,0.528975900199
971,0.845378159663,0.492323600883,0.857627126625,0.451008099873
972,0.851680680295,0.477291770718,0.850847466012,0.48931382748
973,0.856722696802,0.469598079053,0.816949161433,0.487772118995
974,0.860504209369,0.461324332298,0.85762712713,0.47790251546
975,0.870168074402,0.447032524602,0.877966108969,0.440121938869
976,0.857563033011,0.465147910781,0.837288143271,0.539633577658
977,0.8655462255,0.454141306965,0.847457636211,0.490188608735
978,0.859663873097,0.457711715596,0.864406787743,0.494600758462
979,0.873109251136,0.448827097803,0.857627126625,0.485262728344
980,0.868907570369,0.446031800401,0.874576278662,0.480567834135
981,0.86974790661,0.451054275756,0.81016950082,0.507936085432
982,0.861764713433,0.455723350226,0.864406787743,0.47334255758
983,0.867226897825,0.452943642225,0.85762712612,0.434426990859
984,0.871428578529,0.446475515001,0.877966108969,0.43330122884
985,0.859663873128,0.453829004421,0.840677975598,0.536836037444
986,0.854621856779,0.46405087762,0.837288144281,0.485995405306
987,0.853781520538,0.486782967105,0.874576278662,0.456082847664
988,0.860084040951,0.463359265737,0.87118644684,0.465525964054
989,0.85630252876,0.466256734485,0.877966108464,0.464660088895
990,0.855882360717,0.462670898519,0.847457635706,0.477626708099
991,0.870168074715,0.451376227772,0.877966108464,0.442067068765
992,0.85420168811,0.47372944077,0.823728823561,0.499290050591
993,0.859243705337,0.471386146301,0.901694921114,0.415704266752
994,0.858403368939,0.46315858679,0.844067805904,0.498721788495
995,0.855042024758,0.464749870618,0.823728822551,0.564161203675
996,0.860504209369,0.473697688994,0.820338991486,0.548606010312
997,0.860924377317,0.463850497323,0.823728824066,0.504499878924
998,0.856722696833,0.464413290202,0.823728823056,0.542089329433
999,0.847478999905,0.475747562569,0.833898313975,0.519246035966
