epoch,acc,loss,val_acc,val_loss
0,0.733613457155,0.555690784352,0.779661029072,0.966135408287
1,0.771428582266,0.472056127146,0.75254238561,0.568206298907
2,0.770588246558,0.47345592836,0.76271187754,0.561213619628
3,0.769327742713,0.463981165214,0.827118652857,0.452926698251
4,0.781512615811,0.436643786619,0.755932214149,0.55395365519
5,0.783193287854,0.43315709927,0.813559332136,0.433409476684
6,0.794537825463,0.427677833342,0.745762723735,0.4857756104
7,0.802941186651,0.420640763537,0.759322047739,0.514144390001
8,0.782773119718,0.438127534417,0.759322044708,0.504536236873
9,0.790336145229,0.41090187806,0.796610179594,0.431436152403
10,0.793277320898,0.428467641107,0.779661027052,0.433098620656
11,0.804621858757,0.410112442746,0.772881365681,0.482149299424
12,0.797479001696,0.4032938072,0.783050858873,0.456406493434
13,0.809663875075,0.40204431403,0.810169501325,0.41255234788
14,0.802100849627,0.399513824616,0.759322046728,0.553852435138
15,0.800840346315,0.409238066556,0.796610178584,0.439407825659
16,0.810924379327,0.387782638486,0.759322045213,0.459947740501
17,0.80672269878,0.400748337063,0.800000010911,0.449205298924
18,0.795798329057,0.422711047806,0.789830518476,0.425905750086
19,0.796218497444,0.411235459055,0.789830520244,0.502450347957
20,0.795798329496,0.409838884318,0.837288144786,0.367293207196
21,0.796638665799,0.403649863012,0.783050857358,0.445918961854
22,0.806302531239,0.404691585316,0.816949162948,0.456423454555
23,0.805042026549,0.410295171804,0.840677974588,0.39856595205
24,0.823109253051,0.381290043775,0.823728822551,0.404823903689
25,0.807563035178,0.410951247141,0.83389831448,0.482736151729
26,0.821428580225,0.398865170871,0.796610180604,0.47493080959
27,0.808403370918,0.407169093527,0.789830519991,0.444698618125
28,0.823109253051,0.391022588823,0.793220349288,0.419457009851
29,0.824789925095,0.39383002715,0.786440687664,0.436803873565
30,0.807983203095,0.405378365482,0.796610181109,0.40127715721
31,0.813445387893,0.40362174917,0.783050858873,0.451649078878
32,0.819327741047,0.393781721091,0.813559331126,0.413046419557
33,0.823109252457,0.387238666681,0.820338992749,0.425363839304
34,0.820588244329,0.390494066909,0.772881366439,0.435587631318
35,0.811764715099,0.392772954051,0.806779670513,0.404974289238
36,0.821848748737,0.398572719319,0.793220346762,0.411476557664
37,0.818487403648,0.39909637649,0.803389840207,0.446615691912
38,0.829831941726,0.385144988278,0.803389839449,0.405404289016
39,0.819327740108,0.407065722684,0.840677974083,0.442306720099
40,0.824369757178,0.380117945984,0.779661026799,0.51185358322
41,0.824789925158,0.394849358831,0.810169501577,0.409695685289
42,0.813025219538,0.401774425905,0.864406787238,0.327859926843
43,0.836134462359,0.374074990681,0.830508482658,0.453093067759
44,0.81008404318,0.401327556578,0.813559331126,0.389859314313
45,0.817647067533,0.393811757308,0.820338992749,0.452256997637
46,0.821848748393,0.387330633846,0.816949163453,0.408442878117
47,0.818907572504,0.386572082175,0.779661028567,0.551004459797
48,0.814285723571,0.399595570727,0.850847466012,0.366259610628
49,0.826050429159,0.397647645293,0.796610180099,0.418265721745
50,0.832352949729,0.377333773441,0.844067804894,0.382837483944
51,0.819747908495,0.373741392735,0.827118652857,0.437871151178
52,0.846218495747,0.369255434769,0.830508484679,0.426838359874
53,0.843277319327,0.368334559849,0.806779670513,0.431965481742
54,0.816386563437,0.404309202831,0.796610180099,0.417859201335
55,0.828151269558,0.377854290677,0.820338991992,0.456391870092
56,0.831092445853,0.375275228251,0.820338992749,0.378974089873
57,0.832352949823,0.37977023033,0.854237296319,0.357398080939
58,0.828571437537,0.368825339689,0.830508484174,0.467870730465
59,0.813865555341,0.387462687937,0.820338992749,0.431022038715
60,0.820168076506,0.387091887708,0.83389831448,0.416687754946
61,0.841596647064,0.357684200504,0.83389831347,0.399170606255
62,0.837815134747,0.353846914268,0.810169502335,0.441867587551
63,0.83361345373,0.35532914833,0.816949161938,0.467821118564
64,0.82815126962,0.374371404376,0.840677975093,0.35541476846
65,0.846218495246,0.354752992194,0.830508484174,0.405386905928
66,0.832352949854,0.379843094582,0.816949161938,0.388607271016
67,0.823949589386,0.376062099939,0.83389831347,0.422702385586
68,0.840336142781,0.357532181323,0.789830518476,0.627782821561
69,0.839495806916,0.366813203821,0.816949161938,0.422209989658
70,0.823529420968,0.384735938537,0.806779669503,0.411333477409
71,0.840756310573,0.366416337031,0.820338991739,0.417479956428
72,0.83403362196,0.3718670346,0.806779670766,0.463881355663
73,0.830672278061,0.383300658284,0.81016950082,0.444745248783
74,0.836134462453,0.362767846707,0.844067803884,0.382591916469
75,0.831512613801,0.36592631737,0.857627126625,0.319700112724
76,0.831932781749,0.378498004953,0.816949161938,0.429460687026
77,0.83235295023,0.366600755367,0.847457636211,0.349479921415
78,0.844537823484,0.345129711444,0.844067804894,0.362637456128
79,0.833613454043,0.368758567272,0.827118653362,0.416191267828
80,0.830672277811,0.368487091782,0.813559332136,0.426246002758
81,0.842016814824,0.359146590932,0.823728823561,0.436251102868
82,0.838235302789,0.368684167935,0.800000009648,0.415074417778
83,0.83949580701,0.372861375359,0.837288143271,0.417151044107
84,0.840756311136,0.35806715249,0.840677974588,0.382426660445
85,0.839075639093,0.364015060782,0.840677975598,0.366582163688
86,0.833613453949,0.360035558004,0.830508483163,0.385926754608
87,0.852941184485,0.342287489197,0.823728823056,0.374769582839
88,0.843277319452,0.344936391229,0.85762712713,0.353965559438
89,0.843697487557,0.352594368739,0.81016950183,0.420394920539
90,0.832352950011,0.359331578392,0.820338991992,0.438608358977
91,0.84957984021,0.335407982166,0.816949161433,0.407455080647
92,0.848319335958,0.352680906575,0.830508484174,0.385682737928
93,0.847899167885,0.353269642782,0.861016957437,0.351320495545
94,0.831932782156,0.359669966952,0.850847466012,0.395543733706
95,0.828571437475,0.363041451326,0.850847466012,0.374176121112
96,0.843277319702,0.353552461782,0.847457635201,0.402090836443
97,0.847899167634,0.347094880354,0.813559332642,0.400231498783
98,0.842436983305,0.355648346183,0.830508482658,0.381060416668
99,0.83781513434,0.359655715103,0.854237295813,0.345626699691
100,0.831092445759,0.371396362108,0.847457635706,0.374921055921
101,0.85630252876,0.340887387197,0.816949162443,0.407935030506
102,0.831932782188,0.360520310481,0.796610179594,0.414168430461
103,0.847899167665,0.337131690124,0.806779670513,0.451478157634
104,0.821428580851,0.372563584058,0.813559332136,0.391672296923
105,0.85378152035,0.341788055907,0.83389831448,0.395457031742
106,0.836554630777,0.35841674324,0.864406787238,0.344554987878
107,0.851680680546,0.340481137059,0.830508484679,0.431890279749
108,0.846638663852,0.352213681636,0.837288143776,0.362111173318
109,0.844537823547,0.347595793798,0.816949162443,0.404337415693
110,0.847899167728,0.34437257676,0.854237296319,0.355780252145
111,0.848739503718,0.348208715951,0.884745769582,0.379097809857
112,0.847899167665,0.351498019733,0.820338993254,0.424470255625
113,0.857563032886,0.328485644806,0.84745763419,0.341082738491
114,0.858823537138,0.327357854428,0.83389831448,0.3861740969
115,0.845798327423,0.343269357771,0.837288144281,0.403112927231
116,0.854621856591,0.3390883328,0.844067803379,0.34717466859
117,0.848319335551,0.348645322432,0.847457635706,0.406804491813
118,0.845798327955,0.334341970186,0.840677974083,0.434095876576
119,0.839075638999,0.358389828824,0.813559332389,0.421587712715
120,0.851260512065,0.346147854867,0.813559331126,0.42650042348
121,0.839915974801,0.356508363539,0.823728824066,0.391952971912
122,0.831092445321,0.361410265663,0.830508483669,0.410755821456
123,0.859663873347,0.331758116458,0.820338990729,0.362550452667
124,0.854621856841,0.330128966901,0.830508482658,0.375623148692
125,0.849159672168,0.341853913843,0.837288144281,0.40277458942
126,0.847899168104,0.337964911225,0.844067804894,0.391449797646
127,0.840756310917,0.351707717506,0.854237296319,0.360961407486
128,0.84831933552,0.334484019536,0.850847465254,0.364316800325
129,0.839495807072,0.340616251851,0.827118653867,0.376834927663
130,0.855462192675,0.331384278834,0.813559332642,0.393651467069
131,0.841176478677,0.34637346546,0.837288143524,0.334855802673
132,0.842016815294,0.345005954671,0.871186447598,0.355180706987
133,0.844537823453,0.3357733528,0.844067804389,0.36534047935
134,0.849159671729,0.336046913451,0.850847465507,0.388532896921
135,0.850000008283,0.337190095022,0.877966108969,0.360493561979
136,0.857983201241,0.329756396439,0.837288144281,0.351176312919
137,0.842436983023,0.348363067211,0.840677975093,0.381372953876
138,0.836554630683,0.368054226401,0.854237296319,0.369095797982
139,0.842857151097,0.350851147146,0.823728823561,0.396019825112
140,0.859663873003,0.324489798851,0.861016956931,0.335986855045
141,0.835714293816,0.355745730045,0.874576277652,0.365045821705
142,0.849579839897,0.341410940591,0.898305090807,0.320045674946
143,0.853361352339,0.340697452911,0.813559331126,0.370398881198
144,0.848319335989,0.336614279374,0.864406787238,0.342091283935
145,0.853781520569,0.335495545975,0.877966108969,0.337396604404
146,0.855462192425,0.337712022022,0.837288143776,0.398464927987
147,0.850840344336,0.33578097011,0.813559332642,0.400665069409
148,0.845798327799,0.360086140481,0.803389841217,0.41784449048
149,0.860084041077,0.322329893153,0.837288144786,0.339610252024
150,0.851680680233,0.339894718905,0.820338992749,0.4380128962
151,0.861344545234,0.31604124176,0.840677975093,0.390901115486
152,0.852941184109,0.334292586603,0.840677974588,0.40495903247
153,0.868907570526,0.319430741333,0.861016956426,0.314672376645
154,0.86260504958,0.323684006663,0.844067804642,0.388882003977
155,0.843277319233,0.341085895904,0.833898313722,0.458515433374
156,0.855882360467,0.338865809268,0.847457635201,0.336828294699
157,0.850840344336,0.341926499935,0.844067805399,0.367632626824
158,0.860924377474,0.333161123066,0.857627125615,0.325106278062
159,0.844957991589,0.335618723497,0.871186447346,0.353981676811
160,0.845798327955,0.344312811349,0.847457636211,0.451082987553
161,0.847478999905,0.327797784509,0.820338992749,0.383365708261
162,0.850420176169,0.333568954167,0.861016956931,0.349831697168
163,0.855042024696,0.327518247021,0.847457635201,0.339352108222
164,0.844957991527,0.358738942416,0.813559332136,0.389434774043
165,0.849159671886,0.346110135724,0.85762712612,0.388379384085
166,0.865126057489,0.326716271675,0.840677973072,0.354347647247
167,0.857983201335,0.336060022974,0.83389831448,0.394540899828
168,0.860504209119,0.328309332615,0.830508482153,0.390979381562
169,0.856722697052,0.329711021456,0.844067805399,0.382710564503
170,0.854201688705,0.328750305973,0.867796618049,0.341676521731
171,0.866386561928,0.327822086292,0.827118651847,0.374769711772
172,0.861764713402,0.326048477404,0.803389840712,0.393962377461
173,0.847058831988,0.346867322906,0.837288144281,0.382250435398
174,0.862184881413,0.321168090968,0.820338992244,0.390609110879
175,0.843697487744,0.348544972557,0.810169501325,0.444141323757
176,0.862605049486,0.331102234358,0.837288144786,0.401931099025
177,0.854621856528,0.332251355529,0.81016950183,0.393405501999
178,0.850000008064,0.33873620443,0.847457635706,0.344648163576
179,0.857142864719,0.316619700259,0.816949161938,0.436387789262
180,0.869327738443,0.32251666613,0.898305090807,0.279552715373
181,0.854621856121,0.335863147776,0.844067805399,0.392496628024
182,0.858823537013,0.331957017815,0.827118653362,0.335319208202
183,0.844117655223,0.339717548333,0.833898313975,0.464430810158
184,0.854621856653,0.324622177245,0.850847466012,0.338075040761
185,0.858403369096,0.324713900842,0.877966108969,0.379685362769
186,0.860084041296,0.330080437184,0.850847466012,0.394096404377
187,0.855882360529,0.336663867472,0.871186448356,0.322388616185
188,0.850420176106,0.329896849228,0.85084746576,0.35582864796
189,0.860924377098,0.328875019473,0.806779672029,0.364346710997
190,0.876050426961,0.314653874179,0.847457635201,0.397009349981
191,0.852941183984,0.320595300678,0.850847466012,0.37759740417
192,0.863025217747,0.322003268441,0.813559331884,0.407678489337
193,0.847899167791,0.322969416806,0.847457635706,0.35012626427
194,0.858403369221,0.330945578208,0.884745768571,0.311173902225
195,0.860504208931,0.320943604787,0.877966107706,0.311385521571
196,0.860924377411,0.324018969083,0.827118651847,0.377959186811
197,0.866386561897,0.315890994197,0.871186448356,0.321518518125
198,0.871848746508,0.311896021165,0.844067804389,0.380927913017
199,0.863025217403,0.321381957575,0.881355938265,0.318742292728
200,0.870168074371,0.309458346756,0.844067804894,0.353252466389
201,0.845378159945,0.335267308763,0.844067803884,0.366693316943
202,0.857983201053,0.336969774005,0.847457634696,0.363541157253
203,0.849579839678,0.336654351985,0.827118653362,0.370588443763
204,0.856302528885,0.320972506051,0.83389831448,0.367887582188
205,0.860504209494,0.326906206509,0.844067804894,0.347049658897
206,0.860924377161,0.324775204399,0.820338993254,0.384875374199
207,0.852100848432,0.326509701605,0.884745769076,0.282516582285
208,0.863865553581,0.314597805046,0.827118653362,0.37514908113
209,0.868487402296,0.31472403002,0.850847466012,0.341826403419
210,0.869327738192,0.316758199658,0.850847466012,0.329420271629
211,0.866806730158,0.317912392686,0.789830519486,0.446469298296
212,0.860924377286,0.312490597156,0.840677974588,0.318788842503
213,0.859663873066,0.315025113265,0.844067803884,0.384297948204
214,0.855462192487,0.324032866529,0.850847466012,0.3876851417
215,0.868487402045,0.307651173973,0.850847466012,0.34728887311
216,0.849579839615,0.329386605779,0.867796617039,0.300562111187
217,0.865126057426,0.318137506516,0.861016955921,0.362500439256
218,0.863445385445,0.328532878176,0.810169501325,0.408854008605
219,0.851680680202,0.333094363375,0.85762712612,0.376042744303
220,0.854201688455,0.32741452795,0.827118653362,0.389197758067
221,0.861764713245,0.3179803912,0.877966108969,0.31764740781
222,0.859663873473,0.322968632312,0.881355939275,0.319721839249
223,0.859243705086,0.333375957708,0.861016956174,0.354088974548
224,0.859243705305,0.328046110052,0.881355939275,0.325916571448
225,0.85714286475,0.320331334371,0.837288144786,0.387013953021
226,0.853781520506,0.331190766923,0.850847465507,0.354104095754
227,0.852521016004,0.338374913952,0.850847465254,0.357809718446
228,0.858403369252,0.308841074637,0.871186447851,0.364086041069
229,0.858823537013,0.327050251088,0.840677975598,0.380857192043
230,0.84663866357,0.335484033208,0.844067805399,0.374196036008
231,0.85462185706,0.334261850133,0.827118654372,0.397161752112
232,0.865126057645,0.321460875315,0.840677973578,0.378811761358
233,0.863445385539,0.322048572009,0.850847466012,0.359592975764
234,0.862184881726,0.328037171233,0.823728822045,0.384090090833
235,0.873109250635,0.304971660519,0.854237296824,0.369808165704
236,0.857142864969,0.314957861116,0.837288144281,0.405213410761
237,0.863025217403,0.312894963472,0.854237295056,0.356825310042
238,0.858823537138,0.310932123024,0.861016957437,0.34970527559
239,0.860084041264,0.314273208888,0.83389831347,0.420278476204
240,0.851260512316,0.316067411423,0.847457635706,0.360689056248
241,0.868487402202,0.303933071638,0.867796617039,0.340117466462
242,0.871428578591,0.310877939342,0.881355939275,0.316583557465
243,0.858823537075,0.312940417272,0.874576278662,0.335616053571
244,0.868907570401,0.31548000718,0.840677974588,0.362519570516
245,0.855882360717,0.327848836521,0.840677974083,0.366763077866
246,0.857983201241,0.314574034963,0.854237296824,0.35292493612
247,0.870168074339,0.307320678348,0.87118644684,0.326327324324
248,0.862605049424,0.316953297924,0.840677975093,0.374475217787
249,0.864285721718,0.308041109508,0.850847466012,0.357035167989
250,0.86638656149,0.320118906023,0.844067805399,0.376445920349
251,0.877731099349,0.30728773437,0.823728822045,0.396258428661
252,0.856722696958,0.321262266839,0.847457636211,0.361921215903
253,0.867647065773,0.305895630529,0.861016957437,0.332391329804
254,0.86050420915,0.325278655845,0.837288144786,0.387594700807
255,0.880252107665,0.293505269111,0.840677974083,0.364947718679
256,0.867647065679,0.303449001429,0.823728822551,0.367671984611
257,0.865546225875,0.303359159096,0.864406787238,0.295997135657
258,0.865966393949,0.308284788557,0.844067804389,0.383659529168
259,0.869327738036,0.318941187599,0.877966108969,0.308716407772
260,0.864285721843,0.311468566157,0.827118652857,0.38165911868
261,0.865966394043,0.309278712522,0.884745768066,0.316087359847
262,0.860924377568,0.308541992523,0.854237296319,0.366935639974
263,0.863865554145,0.328566856275,0.85762712713,0.311516142687
264,0.861764713402,0.316886469808,0.918644072646,0.24072980344
265,0.864285721811,0.316850065512,0.864406787238,0.308971376048
266,0.85546219302,0.336736137854,0.874576278157,0.32814586131
267,0.863445385602,0.317298112625,0.840677974588,0.358786573349
268,0.868487402327,0.314932586343,0.847457636211,0.328889889011
269,0.875630258888,0.306423097058,0.83389831448,0.385278448399
270,0.866386561772,0.313648230623,0.891525429184,0.306704159826
271,0.873109251042,0.299178158356,0.891525429689,0.342946246203
272,0.865546225688,0.312743208528,0.840677974588,0.327386365888
273,0.873529418489,0.306303514434,0.854237296319,0.392362700175
274,0.853361352652,0.316602797592,0.888135599383,0.280440588939
275,0.842436982961,0.3355133829,0.877966107958,0.324131568199
276,0.863445385602,0.319996663925,0.85762712713,0.360701079465
277,0.867647066118,0.319683743085,0.891525429689,0.310811932877
278,0.861764713527,0.314487235456,0.816949161938,0.361634350555
279,0.865126057958,0.324404710669,0.864406786733,0.31822104329
280,0.861764713402,0.322233586502,0.85762712713,0.396418662268
281,0.865546225813,0.303586746245,0.83389831448,0.351478656217
282,0.865126057864,0.30210886952,0.85762712713,0.36792006252
283,0.869327738005,0.304777112022,0.827118653362,0.382869898326
284,0.852941184266,0.316414999885,0.840677975598,0.336001329882
285,0.871848746884,0.304480179808,0.871186447851,0.307553295393
286,0.856302529135,0.328007149823,0.847457635706,0.321617160845
287,0.860924377192,0.31114326808,0.847457635706,0.365799309844
288,0.865126057614,0.31219634229,0.850847466517,0.355414918671
289,0.868067234285,0.303174061513,0.850847465002,0.362646880607
290,0.872689082436,0.307238697027,0.840677975598,0.350348330624
291,0.860084041202,0.324739030601,0.83389831448,0.363944404332
292,0.868067233878,0.303042259654,0.830508483669,0.384849877807
293,0.86302521756,0.310206230229,0.874576278157,0.330692401661
294,0.865126058084,0.31428360489,0.850847466012,0.358752573383
295,0.871008410612,0.312539077826,0.854237296824,0.338000235069
296,0.864705889509,0.30282456085,0.884745769582,0.294433180685
297,0.85924370543,0.3193770815,0.877966107453,0.327313962156
298,0.860924377443,0.320011892559,0.837288144029,0.412891378784
299,0.858823537169,0.317643098204,0.830508483669,0.369837374632
300,0.865546225875,0.308512110756,0.844067805904,0.325766120359
301,0.84957984021,0.337860917164,0.83389831347,0.358739728455
302,0.860924377224,0.309433959471,0.864406787238,0.363636790096
303,0.862605049361,0.318049688839,0.874576277652,0.347907016811
304,0.859663873003,0.311376072795,0.83389831448,0.347490589876
305,0.86302521781,0.318299999241,0.837288143271,0.403787618787
306,0.866806729939,0.308505373373,0.857627126625,0.320802059972
307,0.854201688611,0.308575810364,0.833898313975,0.375954084288
308,0.871008410737,0.290322134772,0.854237296319,0.355578014154
309,0.869747906735,0.307177004874,0.871186448356,0.324135222741
310,0.856302528822,0.320678738791,0.874576278157,0.336009006505
311,0.854201688298,0.321300755286,0.844067805399,0.402472875633
312,0.87731093115,0.295271740021,0.833898312712,0.38905701098
313,0.857563033199,0.319333757493,0.847457634696,0.366700732323
314,0.865546226095,0.314574520291,0.864406786733,0.35950244698
315,0.864285721749,0.30432108756,0.847457635706,0.346406784098
316,0.862605049517,0.31945574336,0.884745769582,0.315011087773
317,0.868487402202,0.307709374731,0.867796618049,0.355231030734
318,0.881932779896,0.28486530428,0.847457635201,0.27652833876
319,0.875630259107,0.28774214676,0.871186448356,0.342887451209
320,0.846638663539,0.329688811714,0.88135593877,0.322600346469
321,0.870168074715,0.297696364989,0.847457635706,0.341220954465
322,0.859663872909,0.305203855789,0.877966108464,0.300166851131
323,0.865546226001,0.307573372146,0.881355939275,0.321603587055
324,0.865126057896,0.312333379097,0.854237296319,0.335200825422
325,0.871848746633,0.30232833266,0.88135593877,0.340297468827
326,0.860084041264,0.317174527771,0.840677975093,0.387123070973
327,0.878991603413,0.290518100655,0.864406786733,0.354914988312
328,0.869747906172,0.313440104148,0.874576278662,0.293310900866
329,0.851260512159,0.325797896433,0.840677974588,0.37330876013
330,0.871848746477,0.301132637929,0.861016956931,0.365057445936
331,0.868907570275,0.307171164401,0.854237295813,0.364697541094
332,0.861764713183,0.307883311846,0.861016957437,0.346097908472
333,0.866386561772,0.311368686538,0.894915260501,0.301888590331
334,0.871848746696,0.310180811227,0.864406787743,0.352352763573
335,0.871848746633,0.306354271107,0.850847465507,0.404910713308
336,0.864285721592,0.307918638234,0.857627126625,0.354287389792
337,0.859663873222,0.32138140714,0.850847465002,0.351293856246
338,0.867647066086,0.299261057765,0.884745769076,0.302807961701
339,0.859243705055,0.317698598487,0.881355939275,0.318271693884
340,0.877310931307,0.293052208806,0.837288144281,0.367481703286
341,0.870588242695,0.29434782348,0.840677974083,0.39199665173
342,0.861764713621,0.312304151534,0.850847465507,0.355950588455
343,0.861764713339,0.301076485376,0.854237296319,0.347140735773
344,0.868067234254,0.309533480109,0.861016957437,0.330925992895
345,0.888655468446,0.275092421201,0.847457634696,0.325470051397
346,0.871848746352,0.299791005221,0.854237296319,0.355563847127
347,0.876470595223,0.304790157218,0.884745769582,0.340289639877
348,0.869327738286,0.306919847701,0.874576278662,0.369969160375
349,0.876890763421,0.298305618029,0.864406787743,0.326858518487
350,0.871428578529,0.301711175152,0.850847465254,0.355864377156
351,0.863445385539,0.308468535409,0.844067805399,0.367894956621
352,0.85630252901,0.317115599947,0.861016956426,0.353838930854
353,0.870588242256,0.29635813981,0.861016956931,0.316792950318
354,0.873109250666,0.296200671773,0.874576278157,0.315499418968
355,0.878571435402,0.294075146466,0.857627126625,0.35611462852
356,0.85126051241,0.338866550366,0.867796618049,0.319047873808
357,0.861344545391,0.318291453418,0.864406787743,0.32221422657
358,0.861344545516,0.307373485489,0.884745769076,0.292506501899
359,0.875210090908,0.297923088817,0.861016955416,0.348335141442
360,0.865126057708,0.299955819632,0.881355938265,0.322585083671
361,0.858823537326,0.323656920328,0.871186447346,0.347605167746
362,0.872689082718,0.30142822641,0.840677974588,0.374237688795
363,0.866806730252,0.309128992455,0.874576278662,0.345975834308
364,0.873109250822,0.298867473402,0.877966108969,0.278030658677
365,0.866386562085,0.305523922143,0.888135599383,0.299142894667
366,0.873949586625,0.310448283666,0.884745769582,0.319286073542
367,0.875630258763,0.291897707314,0.874576278157,0.325185008568
368,0.86764706593,0.305735015874,0.830508483669,0.417619357549
369,0.877310931182,0.300371342409,0.840677975598,0.39282455611
370,0.883613451877,0.288289379039,0.844067804894,0.383578020385
371,0.876050427118,0.296065932101,0.864406787743,0.325001580483
372,0.882352947688,0.288589945572,0.827118653867,0.36711400198
373,0.871428578591,0.305133716939,0.894915260501,0.304254710895
374,0.859663872847,0.310860968985,0.884745769076,0.343658158271
375,0.871008410674,0.304429490894,0.898305090807,0.275015025889
376,0.868067234254,0.306239160373,0.857627125867,0.356858441038
377,0.864705890073,0.310069080924,0.857627126625,0.343246347602
378,0.857983201179,0.319749414897,0.864406787238,0.327175279037
379,0.863025217403,0.315313532338,0.854237296319,0.337871655443
380,0.877310931307,0.287545044194,0.88135593877,0.31623858144
381,0.871848746571,0.307330408032,0.894915259996,0.312041404262
382,0.866386562022,0.310680416679,0.837288144786,0.400701002107
383,0.867647065992,0.307135590039,0.864406787743,0.346830637399
384,0.873949586969,0.292712846622,0.867796618049,0.332369892716
385,0.870168074308,0.3027620054,0.877966108464,0.290841809679
386,0.870168074277,0.310575716659,0.823728823056,0.360606056401
387,0.874789922741,0.294011150616,0.861016957437,0.36191862629
388,0.868067234066,0.306858578501,0.827118653362,0.395520477856
389,0.864705889948,0.306726726312,0.850847465507,0.334117612533
390,0.873529418708,0.299735047823,0.830508483921,0.378529769037
391,0.87268908278,0.29604642929,0.884745769582,0.333167835249
392,0.872268914488,0.297789650938,0.877966108969,0.346892288997
393,0.877731099318,0.289383510992,0.861016955921,0.355517388527
394,0.855042024915,0.329536867132,0.813559332136,0.391586242528
395,0.861764713746,0.323167603432,0.871186447851,0.324478970178
396,0.860924377349,0.313275584333,0.840677975093,0.362043413444
397,0.863865553456,0.314382794517,0.823728823561,0.400536306581
398,0.863445385539,0.302401389958,0.854237296319,0.353320540513
399,0.868487402233,0.304710363625,0.854237295813,0.365967731954
400,0.860504209463,0.31476743621,0.854237295308,0.340041655258
401,0.87563025895,0.292293346534,0.813559331126,0.3672983146
402,0.870168074371,0.300959916355,0.898305090807,0.264257207702
403,0.871428578466,0.303228540182,0.864406787743,0.364613952715
404,0.862184881663,0.328684727082,0.867796617544,0.311451899014
405,0.872689082655,0.296633438458,0.827118653867,0.469277395851
406,0.878571435152,0.289872543511,0.867796618049,0.324253680121
407,0.881512611854,0.289048677616,0.871186447851,0.345614001849
408,0.878571435246,0.301039409338,0.840677975093,0.335686711152
409,0.866386562085,0.296323129485,0.90508475142,0.289642929968
410,0.877310931244,0.291402027801,0.85762712713,0.339660254449
411,0.881092443311,0.282857613622,0.844067803379,0.344533825009
412,0.877310931244,0.295378853817,0.877966108464,0.338059617617
413,0.860924377036,0.323182028006,0.877966108464,0.362663681351
414,0.881512611541,0.290816615703,0.827118653615,0.390282704795
415,0.863865553769,0.31083269969,0.847457636211,0.329250052508
416,0.872268914801,0.297432771587,0.867796618049,0.313615673806
417,0.855462192769,0.316606342174,0.894915259996,0.308991370123
418,0.885294124108,0.272142866916,0.88135593877,0.322770478993
419,0.851260512316,0.320934589033,0.894915260501,0.309489783278
420,0.86218488135,0.315848611788,0.837288144281,0.384269929601
421,0.869747906391,0.318014074563,0.891525429689,0.2833821968
422,0.865126057771,0.314146934703,0.861016956931,0.315101336593
423,0.876470595035,0.299605041907,0.864406787743,0.31139207464
424,0.870168074778,0.299197935734,0.857627126625,0.315198200329
425,0.869747906172,0.297617027779,0.888135599383,0.29989772653
426,0.865546225938,0.304926045309,0.861016956931,0.310475049446
427,0.880252107477,0.290084768564,0.854237296319,0.329272959066
428,0.865546226063,0.314200120172,0.85762712713,0.329084266545
429,0.863865553707,0.305822473653,0.854237296319,0.32960592567
430,0.873109250603,0.299799367105,0.844067805399,0.362287104824
431,0.866806730002,0.316420954112,0.861016956426,0.319865159091
432,0.869747906548,0.305347205429,0.867796618049,0.308288422808
433,0.863445385508,0.312595750088,0.864406787238,0.326496310469
434,0.863025217716,0.313020630536,0.867796617039,0.294764600252
435,0.870588242382,0.302558416696,0.844067805399,0.361019675257
436,0.871428578748,0.287572335953,0.850847466012,0.37922064679
437,0.884453787868,0.284833884884,0.871186447346,0.342033365962
438,0.87226891455,0.314681984868,0.847457635201,0.315850724987
439,0.869327738318,0.301309656524,0.861016956931,0.323437693576
440,0.873529418739,0.29754295564,0.823728823056,0.374255540733
441,0.865126057771,0.301577936114,0.844067804389,0.398465924281
442,0.870168074402,0.301044616426,0.877966107958,0.316954149849
443,0.880252107665,0.295253450888,0.891525430194,0.297678615077
444,0.860504209056,0.317455030712,0.874576278662,0.331769094029
445,0.863025217654,0.308353598159,0.861016956931,0.3134503297
446,0.892436981013,0.279490557045,0.871186447851,0.335184660535
447,0.881092443499,0.28776696135,0.877966108969,0.335192454253
448,0.873949586969,0.296359920287,0.850847465507,0.33345867886
449,0.871008410612,0.296709148123,0.867796617544,0.378880614699
450,0.865126057896,0.307217416608,0.877966107958,0.310564377045
451,0.875630258888,0.300939658242,0.850847466517,0.354080368749
452,0.867647065773,0.291326746908,0.85762712612,0.331577351538
453,0.873109250948,0.300713738826,0.83389831448,0.415035432741
454,0.886134460005,0.288459503037,0.854237295813,0.397408862235
455,0.886974796121,0.285896158793,0.847457636211,0.34617410234
456,0.878571435308,0.299741477428,0.837288144786,0.369625778585
457,0.875630259013,0.29663835678,0.85762712713,0.348602273012
458,0.866806730315,0.319417168425,0.861016957437,0.369414554562
459,0.866806730096,0.313593955828,0.884745769582,0.305127710451
460,0.86260504933,0.307279111426,0.861016957437,0.303604103088
461,0.867226897919,0.304852167951,0.844067804894,0.376789357071
462,0.878571435246,0.296928780365,0.830508483669,0.384670738099
463,0.872689082592,0.308667755967,0.854237296319,0.350485000696
464,0.875630259013,0.28868249918,0.881355939275,0.312967065974
465,0.870588242319,0.295852643226,0.884745769076,0.297202963887
466,0.873109250854,0.297861994432,0.85762712713,0.344197121117
467,0.874789923085,0.299252078634,0.877966107958,0.3196311397
468,0.873949586782,0.285581162661,0.888135599888,0.319763010052
469,0.863865553675,0.304436033936,0.871186447851,0.312721349993
470,0.868487401858,0.303958275136,0.83389831448,0.36182738588
471,0.876470595066,0.287590328995,0.827118653362,0.379181254592
472,0.873109250822,0.286672294664,0.881355939275,0.31042965148
473,0.873529418614,0.295665786829,0.837288144281,0.374791078838
474,0.864705889885,0.315807939249,0.83389831448,0.362676187403
475,0.86638656149,0.316901407173,0.871186448356,0.317110031906
476,0.868487401983,0.304653669754,0.840677974588,0.383599168574
477,0.874789922803,0.297552522115,0.864406787743,0.340969395619
478,0.879831939497,0.286393123186,0.854237295308,0.341654731403
479,0.859243705305,0.312496762269,0.877966108464,0.29422207284
480,0.873529418614,0.311260464813,0.830508483163,0.378071271357
481,0.867226898295,0.304413556301,0.861016956931,0.339411999715
482,0.86890757015,0.294490202956,0.813559331884,0.384919857543
483,0.861344545579,0.299033495793,0.918644072646,0.281850592817
484,0.869747906297,0.304038559024,0.877966108969,0.348706880805
485,0.872268914738,0.296331866104,0.864406787743,0.339693948185
486,0.862605049674,0.312060183313,0.90508475142,0.265147768592
487,0.87352941852,0.295983748049,0.88135593877,0.272064588427
488,0.865966394231,0.317799280022,0.877966108969,0.327008610686
489,0.867226898232,0.302899792376,0.874576277652,0.306031531923
490,0.865546225813,0.312139648318,0.854237296319,0.322787986816
491,0.875630259013,0.293391753176,0.847457636211,0.336793072522
492,0.86638656196,0.301830296225,0.874576277652,0.305133396665
493,0.873529418739,0.294978279237,0.884745769582,0.316765281987
494,0.866386562116,0.296487596978,0.840677973578,0.351621551218
495,0.875210090658,0.28969905102,0.861016957437,0.345879906031
496,0.871008410486,0.291564493432,0.867796617544,0.28419561621
497,0.865966393698,0.298964597316,0.844067804894,0.359608520706
498,0.873949586969,0.290495583944,0.83389831347,0.375577166961
499,0.880672275519,0.279913504858,0.898305090302,0.28337290801
500,0.868907570463,0.296180862949,0.847457636211,0.345523590759
501,0.873109250509,0.303830646338,0.88135593877,0.315006375976
502,0.870168074433,0.299652226316,0.864406787743,0.376274571738
503,0.878571435433,0.28968105376,0.850847465507,0.327181679023
504,0.872268914613,0.294219731349,0.854237296824,0.33922184827
505,0.878571435559,0.292767870623,0.854237296319,0.344159886241
506,0.87142857809,0.290901893679,0.854237296824,0.339082705962
507,0.884873956004,0.283574668025,0.898305090302,0.276917075517
508,0.86554622575,0.306195652425,0.867796617039,0.326570321664
509,0.869747906548,0.301701291472,0.854237296319,0.346401898348
510,0.884033619919,0.284798752837,0.844067804894,0.350136993895
511,0.887815132424,0.282944806679,0.85762712511,0.32099298132
512,0.885294124014,0.279422199072,0.854237296319,0.357252533027
513,0.881092443687,0.287400165189,0.864406787743,0.311876014885
514,0.879411771393,0.279339611069,0.857627126625,0.35028960319
515,0.874369755137,0.294502130494,0.877966108464,0.332730481275
516,0.883193283897,0.287570647574,0.905084750915,0.309688540144
517,0.870168074183,0.292725196265,0.861016956426,0.306900600319
518,0.878571435371,0.284223034939,0.894915260501,0.261196833862
519,0.875210091096,0.299499164171,0.867796618049,0.322026605197
520,0.872268914425,0.300394517002,0.830508483669,0.381419143371
521,0.873109250635,0.300591884619,0.844067805399,0.337001228863
522,0.876050426867,0.300054638662,0.891525430194,0.309589084301
523,0.864285721624,0.308455144642,0.850847466012,0.316303223656
524,0.875630258825,0.284989963364,0.871186447851,0.286719224147
525,0.881092443499,0.28911019414,0.877966108969,0.35073882796
526,0.881512611666,0.285753528963,0.827118652604,0.363044033837
527,0.876470595348,0.286843765684,0.85762712511,0.343139031176
528,0.879831939341,0.279118270832,0.854237296319,0.318874759315
529,0.8756302587,0.284408246684,0.874576278157,0.336933636943
530,0.874789922991,0.296497925842,0.867796618049,0.328823814768
531,0.872268914331,0.293199843778,0.871186448356,0.329331769624
532,0.861344545641,0.31631859298,0.867796617544,0.292518138033
533,0.871848746696,0.288570280876,0.877966107958,0.322974267053
534,0.876470595254,0.29922550109,0.840677975093,0.362792859959
535,0.868067233972,0.300758372742,0.85762712713,0.364286377331
536,0.871428578215,0.298781758855,0.871186447851,0.330199065602
537,0.881092443812,0.286853469681,0.884745769076,0.324971529639
538,0.878571435058,0.283412382421,0.874576278157,0.295750613024
539,0.884453787868,0.280345267194,0.894915260501,0.316597400075
540,0.868487402265,0.301549883473,0.864406787238,0.307907555189
541,0.87352941899,0.287756379091,0.871186447346,0.31189997469
542,0.873949587032,0.2926275439,0.871186447851,0.293885308712
543,0.87016807459,0.305986451596,0.874576278157,0.307324043175
544,0.871428578184,0.296314428873,0.884745769076,0.288572424991
545,0.870168074621,0.28602384124,0.871186448356,0.321422402857
546,0.884033619763,0.286743400423,0.861016956931,0.337014523003
547,0.872689082311,0.304601065126,0.877966108969,0.307520739355
548,0.873529418646,0.29641254024,0.847457636211,0.378662184449
549,0.869747906422,0.304937617102,0.844067805399,0.39099075058
550,0.878151267203,0.289872543456,0.874576278157,0.29778721635
551,0.873109250948,0.304071775027,0.844067804389,0.383265648163
552,0.887815132362,0.278630888281,0.854237296824,0.345425307972
553,0.876050427306,0.295613402751,0.847457635706,0.350190940045
554,0.866806730002,0.299587867497,0.864406786733,0.310228113369
555,0.873949586656,0.298125802852,0.864406787238,0.338012932847
556,0.87352941899,0.293303716803,0.874576278662,0.357179419059
557,0.858403369064,0.316256474359,0.850847465507,0.33768127243
558,0.858823537013,0.304606967077,0.83389831448,0.359159594118
559,0.872689083031,0.289451111953,0.837288143776,0.364000854256
560,0.871008410299,0.299006195809,0.888135599383,0.286944861287
561,0.872689082906,0.294006117197,0.877966108969,0.325583935668
562,0.873109250509,0.303550388234,0.85762712612,0.346302841964
563,0.875630258888,0.287358092308,0.85762712612,0.371833074617
564,0.868067234442,0.292692231617,0.83389831448,0.36121213354
565,0.888235300654,0.267604766214,0.827118653867,0.331463256283
566,0.875210091002,0.293164961353,0.847457635201,0.355461173359
567,0.869747906579,0.313689895467,0.847457634696,0.334758986514
568,0.877731099224,0.282807444481,0.867796618049,0.334242051467
569,0.872268914676,0.292147679697,0.867796618049,0.335769955385
570,0.876470595285,0.292334103902,0.864406787743,0.328578142102
571,0.872689082624,0.289760083391,0.881355939275,0.326678601962
572,0.870168074277,0.297223420203,0.847457635201,0.367258783682
573,0.873949586782,0.297767212356,0.85762712713,0.368080843493
574,0.883613452253,0.282556380216,0.877966108969,0.345235841885
575,0.888655468508,0.275288894686,0.884745769076,0.289322730154
576,0.871428578403,0.288547547276,0.911864411023,0.266158247398
577,0.870588242413,0.300297054595,0.864406786733,0.321647612536
578,0.875210090752,0.280881725635,0.891525429689,0.362829468229
579,0.873949586782,0.298098751453,0.877966108464,0.286458477757
580,0.870168074527,0.302277427746,0.88135593877,0.28468931479
581,0.87310925076,0.284474061109,0.874576278662,0.321466202706
582,0.876050427368,0.291568717747,0.901694920609,0.334944200307
583,0.872268914676,0.295982403309,0.864406787238,0.330077803489
584,0.880252107477,0.283378367203,0.861016956931,0.35624007344
585,0.871008410612,0.307488061683,0.874576278157,0.309094574302
586,0.87478992296,0.298311642293,0.884745769582,0.26413715937
587,0.880672275457,0.2810073082,0.884745769076,0.274946919532
588,0.886134460068,0.285961995418,0.874576278157,0.289565106159
589,0.872689082592,0.301188598786,0.877966108969,0.314921790197
590,0.873109250697,0.288343912382,0.850847465507,0.378025302474
591,0.874789922991,0.292922524923,0.850847466012,0.379302730658
592,0.871848746508,0.293901174603,0.861016956426,0.358215638894
593,0.861764713621,0.301339108833,0.861016957437,0.31243948992
594,0.87899160335,0.284299207593,0.844067805904,0.362789821827
595,0.876890763327,0.288829483374,0.867796618049,0.339522063227
596,0.871428578654,0.307239058788,0.854237296824,0.367092013738
597,0.889075636676,0.270574066428,0.871186448356,0.327092020346
598,0.877731099474,0.294376888516,0.864406787238,0.32253495165
599,0.878991603288,0.28333554845,0.881355939275,0.320914360174
600,0.87899160335,0.283611740205,0.88135593877,0.316377191946
601,0.885714292182,0.282513147697,0.830508484174,0.342828661866
602,0.874369754761,0.281141245855,0.88135593877,0.291492436934
603,0.871428578529,0.297221483201,0.888135599888,0.312305929234
604,0.871848746696,0.289973443515,0.864406787743,0.353148220139
605,0.875630258637,0.288330290928,0.871186448356,0.350494951294
606,0.874789922991,0.29210379719,0.88135593877,0.315628352275
607,0.873949586719,0.286916165597,0.871186447851,0.312144291477
608,0.865966393855,0.298408649705,0.83389831448,0.370731271646
609,0.875210091096,0.284422789239,0.881355939275,0.326227316443
610,0.880672275363,0.28349180997,0.827118652352,0.378130477553
611,0.878571435433,0.289107816556,0.850847466517,0.333203507366
612,0.875630259201,0.284335595027,0.844067804137,0.396379810205
613,0.858403368877,0.327361964895,0.88135593877,0.296640890351
614,0.883193283584,0.283706239472,0.894915260501,0.302034565327
615,0.865546226001,0.302113331807,0.850847466012,0.323387697844
616,0.883193283835,0.273457168101,0.844067805904,0.352165205246
617,0.865126057896,0.304138571869,0.837288144786,0.311944113002
618,0.88319328371,0.282439071192,0.837288143776,0.347454903837
619,0.865546225813,0.30585264728,0.813559331631,0.389764108458
620,0.886554628485,0.276816147548,0.867796618049,0.395748766455
621,0.87731093137,0.284241617407,0.844067804389,0.327100111519
622,0.873949586688,0.294197248236,0.874576278662,0.341073496741
623,0.877310931056,0.280094899409,0.827118651847,0.377153244122
624,0.884453787836,0.291428395613,0.891525430194,0.245304994064
625,0.873109250447,0.302587691162,0.844067805399,0.362698370938
626,0.889495804405,0.267797628911,0.861016956426,0.319948516344
627,0.893277316972,0.272254679227,0.844067804389,0.441569966027
628,0.875630259201,0.284113920333,0.888135599383,0.316731379257
629,0.880672275519,0.284312977025,0.874576278157,0.311279101487
630,0.878571435246,0.291301396225,0.850847465507,0.356426152416
631,0.880252107665,0.284186226464,0.867796618049,0.294674585936
632,0.868907570307,0.306173579818,0.861016957437,0.314550281329
633,0.877731099349,0.287212931273,0.847457635201,0.3333455369
634,0.873529418802,0.294034241683,0.884745769582,0.34484542499
635,0.85630252876,0.318853043975,0.877966108969,0.308674641111
636,0.88697479659,0.26517676969,0.844067805904,0.362031619522
637,0.87731093137,0.28411848084,0.864406787743,0.326086108841
638,0.880672275488,0.290195173529,0.88135593877,0.315749948055
639,0.878151267391,0.290803992111,0.867796617544,0.310934355988
640,0.869327738192,0.295139951968,0.844067804894,0.324360214489
641,0.880672275488,0.281577799293,0.857627126625,0.342656947736
642,0.874789922929,0.300661495957,0.861016956931,0.34203729747
643,0.888655468352,0.275727127327,0.861016956426,0.360601216523
644,0.87983193956,0.29051676328,0.864406786733,0.320866361955
645,0.88067227577,0.290196974144,0.861016957437,0.311751173209
646,0.871848746665,0.293294884178,0.857627126625,0.3419972464
647,0.884033620013,0.271718169359,0.881355937255,0.314856557176
648,0.871848746571,0.283954981945,0.867796617039,0.30347315623
649,0.894957989141,0.279292397812,0.877966107958,0.329552205627
650,0.876050427149,0.294701383027,0.877966108464,0.315592892784
651,0.857563033199,0.325845889098,0.877966108969,0.306961857382
652,0.869747906109,0.305507522413,0.847457635201,0.368593273684
653,0.87941177133,0.284104695148,0.867796617544,0.294723922039
654,0.862184881413,0.304975292055,0.864406787238,0.330193155335
655,0.87478992296,0.287252601158,0.837288144281,0.308567673915
656,0.873949586782,0.29011631129,0.874576277147,0.299884091621
657,0.869327738443,0.29652165814,0.840677975093,0.350610886622
658,0.872268914613,0.286204590384,0.850847465507,0.356814834179
659,0.878151267016,0.289202002304,0.874576277652,0.322912951994
660,0.872689082718,0.299126683758,0.881355938265,0.299581417498
661,0.865546225813,0.303679421419,0.867796617544,0.322515627306
662,0.887394964163,0.269025942905,0.827118652857,0.356550357036
663,0.880252107508,0.289566016396,0.861016956931,0.377243374301
664,0.883613451846,0.278968414707,0.871186447851,0.330447415332
665,0.879411771455,0.284402434135,0.888135599383,0.28121712365
666,0.889495804781,0.265463163489,0.881355939275,0.380167929677
667,0.879831939372,0.285018689234,0.830508482658,0.386441881342
668,0.882352947657,0.277331037165,0.844067804894,0.378282388293
669,0.881932779333,0.287685634138,0.891525429689,0.303710946529
670,0.872268914801,0.297556226467,0.847457635201,0.372219888872
671,0.881512611541,0.289010829324,0.857627126625,0.381863779278
672,0.869747906172,0.283296201143,0.847457635201,0.319384831209
673,0.875630259263,0.292253608252,0.894915260501,0.309674886292
674,0.871008410424,0.290278880102,0.861016957437,0.332895752327
675,0.871848746508,0.284194644685,0.854237296319,0.326760177832
676,0.871428578716,0.299681486445,0.854237296319,0.383226726993
677,0.866806729908,0.313724327214,0.837288145292,0.361307401147
678,0.863445385884,0.297901962109,0.833898314985,0.366651985289
679,0.884033619794,0.279601643699,0.884745769582,0.32946747412
680,0.874789922866,0.301862524799,0.871186447851,0.347161059978
681,0.886554628298,0.27711251983,0.877966108969,0.294879723372
682,0.871428578529,0.295372123603,0.867796617544,0.314034694206
683,0.876470595097,0.284396023646,0.864406787238,0.360360383672
684,0.871008410549,0.286100671587,0.874576277147,0.315014228256
685,0.873529418927,0.294339160646,0.85762712713,0.338892059811
686,0.873109250885,0.294430136806,0.891525430194,0.310730293362
687,0.868907570275,0.29140049677,0.85762712612,0.361768319856
688,0.87352941899,0.30296686089,0.877966108969,0.333785105686
689,0.867647065773,0.299153225786,0.854237295308,0.336749309548
690,0.873109250572,0.296653578003,0.864406787238,0.291019559475
691,0.875210091159,0.294810184998,0.861016956426,0.316069250358
692,0.882352947782,0.279666635364,0.877966108464,0.368645778715
693,0.884453788087,0.276426186746,0.867796617544,0.30393184712
694,0.88613446013,0.285359332612,0.877966108464,0.297048235723
695,0.874369754636,0.288855731792,0.837288145292,0.388837528683
696,0.865546225625,0.296414478158,0.874576278157,0.336522500709
697,0.882773115605,0.278116862376,0.864406787743,0.284727474832
698,0.884453787836,0.277457877618,0.837288144786,0.503064823163
699,0.869747906235,0.298938979622,0.877966107958,0.302023356591
700,0.872689082499,0.293905271272,0.861016955921,0.296151981894
701,0.873109250822,0.286493833725,0.854237296319,0.306154848218
702,0.875630259107,0.291220405397,0.884745769076,0.318957096755
703,0.89033614074,0.265660938067,0.837288144786,0.361301630041
704,0.878991603257,0.284518243221,0.894915260501,0.320922539964
705,0.882773116106,0.283029419519,0.877966108969,0.326687307113
706,0.865546225907,0.287525424965,0.833898314985,0.332378253404
707,0.876050427306,0.292324545731,0.915254242339,0.273889008467
708,0.869327738005,0.285733638488,0.90508475142,0.269320919068
709,0.878571435559,0.286328415371,0.884745769076,0.28857206067
710,0.88319328396,0.282764498712,0.894915260501,0.296264815192
711,0.891596644741,0.276933395034,0.864406786733,0.313166628197
712,0.889495804405,0.281198684905,0.847457635706,0.350273107036
713,0.885294124046,0.270291583026,0.867796618049,0.360357211903
714,0.869327738443,0.311022635839,0.888135599888,0.283170103743
715,0.871428578403,0.30041622113,0.861016956426,0.331237004249
716,0.859243705055,0.307888460784,0.874576278662,0.302087099055
717,0.87310925076,0.284102221661,0.891525430194,0.296765284108
718,0.881932779583,0.292879594365,0.874576278157,0.313375356149
719,0.882773115354,0.280436599295,0.844067804894,0.340173057612
720,0.871428578685,0.291858843093,0.867796618049,0.311364085177
721,0.873949586813,0.287609151326,0.837288144786,0.371785634529
722,0.883193283835,0.272844686396,0.847457635706,0.349159580703
723,0.874369754542,0.29393214597,0.918644072646,0.290251516248
724,0.883193283991,0.280417490704,0.884745769582,0.319581779572
725,0.882352947938,0.268926912156,0.877966108969,0.327239619347
726,0.876050426773,0.289641362701,0.861016957437,0.353348484105
727,0.877731099161,0.286050809148,0.83389831347,0.349012686319
728,0.892016812846,0.265575460937,0.884745769076,0.285843989638
729,0.86764706593,0.287786098526,0.891525430194,0.330630248602
730,0.877310931182,0.291770954436,0.854237296319,0.333297837336
731,0.870168074277,0.298718041255,0.840677975093,0.371691331394
732,0.868487401858,0.294115407447,0.854237295813,0.315069842168
733,0.873529418739,0.28401221486,0.884745769076,0.332225937744
734,0.876890762889,0.28331512662,0.850847465507,0.309684912753
735,0.87016807459,0.295658156119,0.850847466012,0.343781135345
736,0.880252107289,0.290096755578,0.837288144281,0.345488597718
737,0.875630259201,0.296215781668,0.861016956931,0.35247902951
738,0.873949586844,0.285078425156,0.877966108969,0.297077646163
739,0.866386561709,0.30123954894,0.854237295813,0.344173930207
740,0.871008410486,0.294604046302,0.867796618049,0.316278936941
741,0.881092443812,0.269737540275,0.874576278662,0.310775365775
742,0.881512611854,0.295123619419,0.854237296319,0.407896731112
743,0.871428578466,0.303917505794,0.864406787238,0.348477949625
744,0.870588242382,0.293833200937,0.830508483669,0.359961830616
745,0.877310931276,0.287060520878,0.871186447851,0.272271186429
746,0.87983193956,0.282047561699,0.871186447851,0.344359745887
747,0.873949586907,0.292156000622,0.830508484174,0.365966808777
748,0.880252107665,0.276227530867,0.854237295813,0.314528135804
749,0.873109250572,0.28478313023,0.833898312965,0.384833317376
750,0.873109250603,0.287654855238,0.861016957437,0.345737243134
751,0.877731099349,0.288191900898,0.891525430194,0.293470833987
752,0.879831939497,0.279273020988,0.871186448356,0.305152668097
753,0.868067234128,0.289699167819,0.847457636211,0.32564565874
754,0.882352947813,0.280300773211,0.884745769076,0.302595173719
755,0.883613452002,0.282222526571,0.877966108969,0.348856223652
756,0.876890763265,0.28767303991,0.850847466012,0.388861336856
757,0.880672275582,0.277726620905,0.888135598878,0.286664689907
758,0.884873956254,0.285966736413,0.844067805399,0.368350135036
759,0.878991603319,0.281881368296,0.90508475142,0.250025461286
760,0.880252107665,0.280164435412,0.877966108969,0.29768512136
761,0.884453788212,0.28660765592,0.877966108969,0.330267813183
762,0.886134460193,0.267889375564,0.847457634696,0.370625466108
763,0.869327738224,0.301731633367,0.867796618049,0.323643831315
764,0.88361345194,0.280909906631,0.861016957437,0.339585961869
765,0.878151267454,0.287671514568,0.905084750915,0.25111599819
766,0.885714292151,0.272621924558,0.85762712713,0.358389750091
767,0.886554628172,0.282486178333,0.874576278662,0.326425879973
768,0.895798325288,0.269894095662,0.877966108464,0.358807362995
769,0.889495804436,0.270502026592,0.861016956931,0.382439517369
770,0.874789922678,0.275419064899,0.857627126625,0.340396440698
771,0.87899160335,0.27730847066,0.881355939275,0.285607431052
772,0.879411771393,0.285610602409,0.898305090302,0.329101793752
773,0.893697484796,0.266591202503,0.867796618049,0.315759447829
774,0.877731099287,0.28219919597,0.833898314985,0.372980940235
775,0.88277311573,0.278853038678,0.874576278157,0.316364339505
776,0.881932779802,0.291574521702,0.874576278662,0.305253856926
777,0.878571435183,0.29057738516,0.90508475142,0.277613480496
778,0.884873955941,0.282297857176,0.854237296319,0.342758720772
779,0.864285721999,0.303483562137,0.864406787238,0.306926391009
780,0.874369754886,0.284713530616,0.891525430194,0.31273235911
781,0.881092443499,0.273983645996,0.867796617544,0.292702089016
782,0.887815132236,0.277979411377,0.88135593877,0.271425507016
783,0.883193284023,0.280528288358,0.837288144786,0.360902048395
784,0.881512611729,0.264602578069,0.82372882154,0.458861217566
785,0.883613451846,0.275455286601,0.837288145292,0.360316386162
786,0.883193283428,0.284524450548,0.827118652857,0.314844437133
787,0.879411771393,0.286243111686,0.867796618049,0.304523469533
788,0.864705889603,0.303917244085,0.844067804389,0.392518921992
789,0.878151267517,0.288754886548,0.874576278157,0.299828521813
790,0.873529418677,0.281577118594,0.884745769076,0.302135253294
791,0.872689082749,0.286500561814,0.830508484174,0.3662640525
792,0.872268914801,0.299379967435,0.850847466517,0.359929109339
793,0.88697479634,0.287947365912,0.864406787238,0.318537130983
794,0.882352947751,0.271150890256,0.864406787238,0.343457212388
795,0.890336140458,0.268681745796,0.85762712713,0.368783564133
796,0.879411771393,0.279467796453,0.888135599383,0.313218813705
797,0.874789922709,0.281725835274,0.898305090807,0.268761082694
798,0.884873956129,0.270904141611,0.884745768571,0.30521771618
799,0.875630259263,0.293094327767,0.864406787238,0.329459698429
800,0.873949586782,0.292263586583,0.85762712612,0.31067100704
801,0.870588242569,0.288453749342,0.861016956931,0.299785188762
802,0.885294123952,0.27420445647,0.86440678648,0.319975565645
803,0.884873956004,0.272900910915,0.894915258985,0.292665799827
804,0.871008410549,0.303462372193,0.88135593877,0.333184353692
805,0.882773115855,0.278617027216,0.871186447851,0.332468725362
806,0.88025210754,0.282769494228,0.898305089797,0.329119455069
807,0.876470595035,0.286818100061,0.888135599383,0.291903443319
808,0.881092443561,0.29023851693,0.90508475142,0.261351259394
809,0.883193283678,0.274365575002,0.850847466012,0.331809825816
810,0.867226898357,0.296195278163,0.891525430194,0.280368185586
811,0.871848746414,0.288052468784,0.867796617544,0.311981113849
812,0.873529418739,0.292817176316,0.827118653867,0.386710194902
813,0.880672275582,0.283874190084,0.864406787743,0.311987018813
814,0.861344545203,0.306422441423,0.877966107958,0.289869105191
815,0.87689076339,0.287834407828,0.861016956426,0.345377642346
816,0.8773109309,0.287359022402,0.850847465254,0.33306938956
817,0.868487402045,0.293716614275,0.877966108969,0.350315144475
818,0.874789922866,0.290974500793,0.85762712713,0.337854073746
819,0.881092443374,0.283147903535,0.871186447346,0.314621490126
820,0.872268914738,0.282287116734,0.847457635706,0.336808370616
821,0.885714292338,0.266031364053,0.915254242339,0.280225244588
822,0.896638661373,0.265367248002,0.881355939275,0.305476993954
823,0.868487402358,0.300450200258,0.861016957437,0.293928277631
824,0.876470595097,0.282489710331,0.871186447851,0.337857352759
825,0.891596644835,0.26983208563,0.888135599383,0.293498032332
826,0.876470595223,0.285234564352,0.891525430194,0.297722833042
827,0.878571435433,0.279312991811,0.861016957437,0.338847933905
828,0.883613452096,0.277372692469,0.894915260501,0.284420826678
829,0.877731099255,0.289553139335,0.861016957437,0.327197818591
830,0.890756308719,0.266225150469,0.837288144281,0.373290687863
831,0.884033619982,0.268388707774,0.847457635706,0.363751892032
832,0.886554628141,0.269802801757,0.854237295056,0.351626697138
833,0.860504209494,0.299890033537,0.847457634696,0.365957243242
834,0.885294123889,0.276427393544,0.888135599888,0.284331447997
835,0.878991603069,0.280368376249,0.85762712713,0.356413058305
836,0.882352947876,0.279108850571,0.884745769582,0.26682565879
837,0.870588242632,0.284390829848,0.850847466517,0.345956250078
838,0.884873956004,0.284124711235,0.884745769582,0.303617362059
839,0.876470595097,0.287875134647,0.840677974588,0.393959755267
840,0.896638661373,0.263353375428,0.850847466517,0.329644987959
841,0.885714292057,0.287357007404,0.850847466012,0.358036359109
842,0.873109250822,0.304194319805,0.888135598878,0.312243991263
843,0.888655468446,0.267458411431,0.881355939275,0.293402069075
844,0.880252107602,0.27987864063,0.881355938265,0.265949032506
845,0.886974796277,0.286366633617,0.871186448356,0.293621658237
846,0.881512611604,0.27819499339,0.864406787743,0.327189321361
847,0.880252107602,0.283736826312,0.877966108464,0.276163300468
848,0.871848746633,0.288694549571,0.820338992749,0.420626930766
849,0.884453787899,0.272443117175,0.871186447346,0.341223087193
850,0.872268914738,0.300275561525,0.861016956931,0.358881967174
851,0.879411771518,0.277369559116,0.844067804894,0.33176133889
852,0.876050426742,0.295122612659,0.888135599888,0.318585506404
853,0.887815132487,0.269970073905,0.837288144786,0.331637907363
854,0.889495804655,0.267523437171,0.867796617544,0.313201481003
855,0.876050427243,0.288629691508,0.867796617544,0.335923758572
856,0.878151267579,0.277796606827,0.908474581727,0.258617193643
857,0.870168074371,0.292278894896,0.867796618049,0.342739678793
858,0.893697484983,0.258757893473,0.864406787743,0.324184506847
859,0.873109250697,0.293536583161,0.881355939275,0.287456496729
860,0.879411771518,0.276278568416,0.861016955921,0.336295357448
861,0.892436980606,0.275539362521,0.837288144281,0.349639616086
862,0.885714292213,0.273566225774,0.88135593877,0.337704229027
863,0.878991603288,0.281227634191,0.854237295813,0.321992435003
864,0.873529418646,0.288907771703,0.877966108464,0.319618460801
865,0.877310931307,0.283189097451,0.874576278662,0.311522993969
866,0.887815132268,0.275358265555,0.871186447346,0.309902541245
867,0.890336140646,0.271931105524,0.881355939275,0.285077217177
868,0.890756308719,0.274738525111,0.847457635706,0.352033792884
869,0.866386562116,0.304756045349,0.898305090302,0.26425825252
870,0.881932779834,0.296837928955,0.867796617544,0.32459170346
871,0.871008410299,0.291214225329,0.891525429689,0.287857573543
872,0.88655462836,0.269808163139,0.88135593877,0.296863380914
873,0.879411771518,0.276276089161,0.867796617544,0.326890133732
874,0.871848746633,0.289247885718,0.861016956931,0.368704824882
875,0.884873955941,0.275172452352,0.901694921114,0.272675395959
876,0.873529418927,0.290987611157,0.864406787238,0.32976073718
877,0.890756308594,0.27059310992,0.874576278157,0.290476469228
878,0.883613452253,0.276206473746,0.884745769076,0.284912242538
879,0.877310930775,0.288854066357,0.857627125867,0.329567611123
880,0.891596644866,0.27011332844,0.85762712612,0.305771408634
881,0.885714292025,0.291127712098,0.884745769076,0.297158551702
882,0.885294124046,0.283926812674,0.850847465002,0.312438784167
883,0.892016812595,0.261084231165,0.861016956931,0.314081697109
884,0.887815132424,0.264658449812,0.884745769076,0.297058336374
885,0.886554628047,0.274274894569,0.827118653362,0.406027694817
886,0.878991603225,0.287356372453,0.861016956931,0.283361655928
887,0.878151267391,0.28123656712,0.898305090807,0.288517460259
888,0.871428578779,0.289755500157,0.847457635201,0.351165585188
889,0.884453788087,0.283541035204,0.874576278157,0.294969493144
890,0.881092443749,0.282293098998,0.861016957437,0.328070899188
891,0.867647066086,0.299726399374,0.888135599888,0.316923722088
892,0.877310931244,0.284675995616,0.864406786733,0.331065446707
893,0.889495804655,0.261931807131,0.884745769582,0.353972975196
894,0.889075636551,0.279481863756,0.847457635201,0.372926259477
895,0.886134460255,0.278787532567,0.867796616534,0.32996938245
896,0.87815126711,0.28596266329,0.854237295813,0.341914921304
897,0.894117652932,0.271656402379,0.840677973578,0.410386756757
898,0.881932779614,0.281146850503,0.864406787743,0.312812295
899,0.876890763265,0.292282149043,0.830508484174,0.358892892819
900,0.8941176529,0.261963154381,0.823728823056,0.357055023439
901,0.879411771393,0.286391753703,0.877966108969,0.320115910496
902,0.878571435214,0.283157242399,0.894915259996,0.303643875771
903,0.884033620044,0.269259745099,0.90508475142,0.320306859626
904,0.879411771455,0.279314792758,0.867796617544,0.320835442993
905,0.886974796246,0.269088044868,0.874576277652,0.347441080074
906,0.889075636613,0.275005532941,0.850847465002,0.331116531581
907,0.864285721937,0.302929539186,0.861016957437,0.333648870368
908,0.872689082906,0.305733086099,0.864406787743,0.309255458225
909,0.873949586594,0.288000366604,0.816949162948,0.449773653016
910,0.873949586656,0.300945963037,0.877966108464,0.338922707901
911,0.881512611604,0.274250222785,0.891525429689,0.300990000336
912,0.878571435183,0.292043654718,0.881355938265,0.306099841024
913,0.872268914738,0.295373701545,0.884745769076,0.298563828281
914,0.879411771393,0.276534211912,0.850847465507,0.436434028765
915,0.876050426805,0.280412560031,0.837288144786,0.364123177257
916,0.878151267454,0.281028584495,0.884745768571,0.270904856024
917,0.869327738505,0.308156428976,0.854237296319,0.394801314163
918,0.884873955941,0.264479329892,0.877966108969,0.302041372063
919,0.893277316785,0.27087554282,0.871186447851,0.303129552753
920,0.88991597276,0.273048338668,0.800000010911,0.458030988667
921,0.884033619731,0.279683587294,0.877966108464,0.299993206952
922,0.881932779771,0.269397390893,0.884745769076,0.292720507483
923,0.886134460068,0.257642796165,0.88135593877,0.324225439232
924,0.885714292057,0.269551279524,0.871186447346,0.31936696197
925,0.890756308719,0.270676192561,0.816949162443,0.352690530499
926,0.873529418426,0.302590109287,0.884745769582,0.317548682755
927,0.88319328371,0.274659862417,0.884745769582,0.302946070998
928,0.873109250509,0.282015484922,0.861016956931,0.334224584118
929,0.878571435433,0.284011961603,0.922033902952,0.250799769504
930,0.875630259138,0.285248742392,0.901694921114,0.258992118351
931,0.888235300529,0.259194878525,0.898305090807,0.285611546709
932,0.865546226032,0.306208820192,0.894915260501,0.280884234677
933,0.871428578466,0.299717111059,0.840677975093,0.325854520014
934,0.88487395616,0.292688135879,0.854237296824,0.321964032127
935,0.881512611791,0.289070299474,0.844067805904,0.36408345215
936,0.882352947563,0.279076739449,0.888135599888,0.287632150418
937,0.885294124359,0.27658641869,0.837288143776,0.352563259902
938,0.880252107414,0.278480309406,0.850847466012,0.315579365118
939,0.882773115855,0.276754712788,0.884745769582,0.302113708835
940,0.879831939497,0.273686875096,0.877966108464,0.311428691182
941,0.872268914738,0.292022878398,0.844067804642,0.3462814283
942,0.878151267235,0.284991596951,0.915254242339,0.280943711746
943,0.876890762952,0.280521952281,0.867796617544,0.338691181424
944,0.878571435246,0.293792330981,0.840677974588,0.349481013146
945,0.879411771643,0.286698365404,0.925423733259,0.270133257922
946,0.868067233878,0.296549803069,0.867796617544,0.322436377627
947,0.871848746884,0.293322780381,0.884745769582,0.291929469144
948,0.882773115793,0.283151066643,0.884745769582,0.34776112854
949,0.889495804843,0.271568625414,0.877966108464,0.307903742986
950,0.896218493205,0.258940500708,0.884745769582,0.292093206702
951,0.881092443123,0.285885226028,0.891525430194,0.310307765474
952,0.878151267266,0.285793508481,0.864406786733,0.306944553851
953,0.886134459911,0.271225909573,0.844067805399,0.36888061205
954,0.874369754824,0.283375701112,0.908474581221,0.26719927289
955,0.873949586688,0.284950420167,0.901694920609,0.30453081088
956,0.900840341763,0.264164578917,0.877966107958,0.303958080267
957,0.868067233847,0.292720756814,0.867796618049,0.334461344816
958,0.872689082749,0.285864616236,0.874576277652,0.339027928283
959,0.889495804718,0.261857281196,0.891525430194,0.297636479455
960,0.893697485077,0.262234252827,0.891525429689,0.289320100509
961,0.879831939685,0.288378479257,0.871186447851,0.34433263294
962,0.875630259107,0.281639300381,0.874576278662,0.320315773899
963,0.869327738443,0.287347976455,0.867796618049,0.3085884736
964,0.877310931244,0.282040979752,0.837288145292,0.375155252862
965,0.881092443624,0.269560213874,0.850847466517,0.356445231522
966,0.881932780021,0.282302722992,0.864406787238,0.322504011977
967,0.887815132362,0.270055585142,0.884745769582,0.286530382521
968,0.896218493174,0.264630821768,0.854237295813,0.378890611452
969,0.882773115981,0.283358990324,0.864406787743,0.368552064807
970,0.889495804718,0.273652693186,0.867796617544,0.294169757957
971,0.86596639398,0.302462473206,0.857627125615,0.336753887235
972,0.877731099287,0.290086599615,0.867796617544,0.355427682905
973,0.869747906297,0.288569280627,0.877966108464,0.34483525921
974,0.8823529475,0.284453487329,0.881355939275,0.303648086107
975,0.88277311573,0.277757229448,0.867796618049,0.319459364197
976,0.880252107634,0.282627007451,0.881355939275,0.334870974644
977,0.885714292151,0.271564367892,0.874576278157,0.314469630372
978,0.886974796277,0.275280022771,0.837288143776,0.418935911572
979,0.881092443593,0.280157255615,0.898305090302,0.272011726526
980,0.876050426899,0.281291631559,0.861016956426,0.337023658047
981,0.895378157183,0.26199387262,0.908474581727,0.264295780463
982,0.877731099287,0.281301456226,0.884745769582,0.300981053862
983,0.882773115542,0.282040309396,0.884745769582,0.294098663254
984,0.891176476762,0.266527851347,0.867796618049,0.323809717135
985,0.882352947625,0.265693943725,0.867796617544,0.336375521969
986,0.885294123952,0.278080472159,0.864406786733,0.345918412052
987,0.874369754886,0.298769107163,0.901694921114,0.266336010516
988,0.882773115448,0.28781620309,0.861016956426,0.344834373917
989,0.880672275644,0.279718914468,0.861016956931,0.331749927695
990,0.886974796215,0.268877411703,0.888135599383,0.353675200841
991,0.884453787899,0.273258263985,0.874576277652,0.335178289436
992,0.871848746759,0.294701467906,0.840677975598,0.34929638236
993,0.881932779834,0.288292606076,0.857627126625,0.3391841292
994,0.874369754949,0.284482235551,0.881355938265,0.334750506332
995,0.877731099412,0.282427944259,0.864406787743,0.329105751052
996,0.86932773813,0.284767769848,0.820338993254,0.381997801174
997,0.882773115918,0.277996052667,0.888135598878,0.320528858483
998,0.884453788149,0.273261003572,0.881355939275,0.293323494747
999,0.873529418677,0.290933553662,0.901694921114,0.316865216309
