epoch,acc,loss,val_acc,val_loss
0,0.739116215252,0.528901699985,0.778947380028,0.565363351844
1,0.76530279385,0.488576767963,0.773684223428,0.55120684628
2,0.761374807055,0.469085876173,0.802631589927,0.44053302921
3,0.79116204003,0.421608703702,0.77894737944,0.546348099989
4,0.788870714495,0.420688332176,0.821052641853,0.388911753501
5,0.80556465839,0.404139209155,0.821052641069,0.402382998874
6,0.789852711261,0.421986407288,0.786842116008,0.433027581557
7,0.800982007053,0.40422550612,0.807894747116,0.441086687834
8,0.795744690977,0.40173970664,0.781578958427,0.420267316562
9,0.79574469127,0.398468648585,0.797368431366,0.453684151761
10,0.815057292605,0.384931836808,0.792105273589,0.49479126195
11,0.806873986598,0.386330375268,0.807894747116,0.421476099738
12,0.809165312547,0.376330505831,0.784210537609,0.478554229791
13,0.806219322445,0.379430034327,0.768421064474,0.501520211269
14,0.800982007053,0.397818266919,0.789473694798,0.461224075995
15,0.807528651361,0.39510315253,0.800000010745,0.405280733775
16,0.804909993554,0.385502677734,0.802631589535,0.416559954713
17,0.815384625291,0.373162557251,0.826315799434,0.408032213681
18,0.812765966973,0.382515489311,0.797368431562,0.422427188409
19,0.812111302991,0.373032828387,0.797368432738,0.433273918437
20,0.818985279229,0.371485494919,0.821052642245,0.414335389769
21,0.809819976871,0.382859347166,0.815789484272,0.3872428881
22,0.820949272663,0.37162593251,0.800000011529,0.393406998954
23,0.818003283244,0.37098860237,0.786842116204,0.392665543054
24,0.815057292751,0.373472984106,0.781578958427,0.481103823961
25,0.825531924,0.358837555576,0.815789483488,0.390078291395
26,0.820294607729,0.364074353891,0.821052640676,0.377835107183
27,0.819312611452,0.36566048385,0.792105274765,0.370227585988
28,0.820294607925,0.372055855618,0.828947378617,0.351508741316
29,0.83273323268,0.353386787853,0.807894747116,0.442925498478
30,0.813747963446,0.378598024358,0.823684219859,0.35553670753
31,0.824222594939,0.356111066071,0.765789485095,0.441945539003
32,0.818657946811,0.371672538544,0.83684211342,0.373350384988
33,0.826513920595,0.355019489928,0.805263168326,0.370656050693
34,0.816039289444,0.362861608839,0.800000010745,0.402667404986
35,0.817348617871,0.363542193111,0.810526326299,0.362726282721
36,0.81538462495,0.366700582359,0.815789483488,0.409736194807
37,0.822258601602,0.356919404296,0.781578958427,0.401711844398
38,0.819639943943,0.370565501531,0.80000000996,0.418913506364
39,0.824222594865,0.346661224693,0.813157905481,0.43378733074
40,0.846153854226,0.329127426026,0.794736852771,0.41381189384
41,0.844517193357,0.341336105013,0.784210536433,0.422643119567
42,0.817675950265,0.370899979092,0.821052641461,0.403025066872
43,0.824222594987,0.345950146378,0.821052641657,0.37536699168
44,0.818985279253,0.361978447897,0.792105274373,0.410334357159
45,0.83666122006,0.340036999087,0.80000000996,0.444820575514
46,0.822585933776,0.368375277619,0.802631589535,0.405643461566
47,0.827495917117,0.346021277437,0.826315799042,0.398616364863
48,0.84091653898,0.327827027034,0.810526325907,0.373457423264
49,0.833060565293,0.335103611729,0.805263168718,0.369602399045
50,0.826513920815,0.346860874048,0.784210536237,0.409239850105
51,0.827168584772,0.348417639049,0.781578958819,0.413730405467
52,0.82389526296,0.353828898928,0.852631587339,0.33212714608
53,0.831423904131,0.336419601786,0.797368432738,0.417587733092
54,0.81080197371,0.366818600793,0.818421062278,0.371204707674
55,0.836988551893,0.34073485895,0.784210536825,0.404390770452
56,0.822585933459,0.362948616647,0.805263168326,0.39919130161
57,0.834042562254,0.345369517504,0.810526327083,0.417577907639
58,0.833715229812,0.346402267741,0.805263168326,0.394000154185
59,0.819967275824,0.354529423843,0.826315798454,0.386698068218
60,0.831096571859,0.33922734553,0.800000011529,0.446211602134
61,0.834697226334,0.343927596453,0.79736843313,0.382323104594
62,0.828150581831,0.347796769206,0.857894745312,0.324386323067
63,0.820294608632,0.349766301903,0.810526325514,0.376050498091
64,0.828150581855,0.348240046096,0.82631579865,0.351907516389
65,0.836333887838,0.340783863534,0.79736843117,0.425726443014
66,0.82094927298,0.355440387182,0.847368428974,0.348147830877
67,0.830769239442,0.334672423558,0.797368430974,0.387827588539
68,0.839607209674,0.338960908902,0.842105272177,0.360472933855
69,0.843862529131,0.325571520659,0.805263168326,0.38325199002
70,0.828805246276,0.344813784587,0.823684220251,0.353939864
71,0.837970548512,0.337309547104,0.84736843015,0.348317660391
72,0.838625213226,0.334338201182,0.821052641069,0.360008389542
73,0.833715229885,0.341932124213,0.850000008156,0.35443287882
74,0.823895262716,0.355578112171,0.802631589143,0.381159982252
75,0.83797054878,0.341514084177,0.828947377832,0.333572609154
76,0.844189860963,0.334346243706,0.810526326691,0.380249963387
77,0.824877259506,0.352794877947,0.847368429366,0.351340375645
78,0.835351890633,0.350224375835,0.815789484272,0.427278385547
79,0.833060565001,0.341090884749,0.836842114204,0.36894940058
80,0.843207864002,0.329574065914,0.810526325514,0.375862451344
81,0.819312611452,0.359611596626,0.815789482311,0.383169898469
82,0.836661219426,0.331350913841,0.800000011137,0.387874276916
83,0.839607210162,0.334348602736,0.815789483095,0.388800696225
84,0.840589206708,0.339675245115,0.834210535413,0.359420540399
85,0.830769239661,0.348405872644,0.831578957015,0.358622218727
86,0.838952545375,0.338174805051,0.821052640284,0.373096568951
87,0.845171857705,0.332057807588,0.831578957015,0.394297459702
88,0.840261874339,0.328369846211,0.800000010352,0.341908910581
89,0.852700498998,0.316846158127,0.821052641461,0.407532053902
90,0.836661219816,0.333555952239,0.818421062082,0.411361764822
91,0.833387897467,0.339948750051,0.79736843313,0.404271568613
92,0.838297880808,0.334827095416,0.813157903521,0.405517838454
93,0.843862528838,0.337914708764,0.813157905089,0.359620364138
94,0.830441907585,0.34688526884,0.826315799042,0.348617745416
95,0.837970548195,0.342882101773,0.805263168129,0.350410234526
96,0.856301153545,0.313112968058,0.813157905089,0.394077225735
97,0.843862529058,0.328476240447,0.781578959603,0.423953904158
98,0.845499189635,0.324495843189,0.84473685136,0.310460250482
99,0.837970548756,0.333384594287,0.871052639265,0.333104494077
100,0.846808518794,0.322617136387,0.78947369519,0.420371179273
101,0.841243870666,0.329069888978,0.79736843117,0.40391116104
102,0.848117847782,0.324044637568,0.855263165737,0.300610970853
103,0.84418986111,0.323877210075,0.802631589143,0.391097520772
104,0.832078568357,0.340830517789,0.802631589339,0.391768258947
105,0.845171857778,0.324833892139,0.821052640676,0.357563540928
106,0.848117847733,0.321019334313,0.789473695386,0.40013315509
107,0.831423904155,0.347788397808,0.823684220643,0.33400056021
108,0.831751236305,0.345219135083,0.823684219467,0.377865115573
109,0.842225867554,0.317491342602,0.784210538394,0.415717258951
110,0.831751236159,0.350468638272,0.802631589535,0.376329850602
111,0.841898535307,0.332542931658,0.794736852575,0.422849998711
112,0.832405901043,0.333485314693,0.828947377048,0.376896251557
113,0.837315883847,0.328294076452,0.842105272569,0.330345490604
114,0.841243870544,0.332585499849,0.781578958035,0.429729232123
115,0.846808518745,0.344756638939,0.836842114596,0.3717029329
116,0.845826522126,0.326748840663,0.810526326299,0.395763003218
117,0.848772512423,0.319062943861,0.834210535413,0.339013226992
118,0.847135851138,0.320070540371,0.81842106267,0.366355347006
119,0.854664492236,0.316723496182,0.823684220251,0.353665466175
120,0.856955817869,0.309069979543,0.868421060474,0.353087418443
121,0.840261874217,0.334958588241,0.78947369421,0.386641474931
122,0.835351890999,0.340300466652,0.78947369519,0.387916359462
123,0.845171857412,0.325095254946,0.836842114204,0.319912541345
124,0.849754508993,0.324004463742,0.850000008941,0.353960778074
125,0.829459911039,0.340309995329,0.797368431954,0.390877484589
126,0.847790515267,0.313998440238,0.839473693387,0.34942695844
127,0.84484452536,0.323543022239,0.815789483095,0.401254153957
128,0.84157120306,0.346553991444,0.834210535413,0.399566188357
129,0.851391169839,0.330037978162,0.810526326103,0.391611541376
130,0.84320786449,0.331246620898,0.839473693387,0.373280330708
131,0.849099844401,0.317002584728,0.852631586947,0.356840391741
132,0.851063837908,0.32455968494,0.828947378224,0.385821188065
133,0.847790515462,0.320009541187,0.813157904697,0.449929250698
134,0.844189860792,0.334491084767,0.821052640873,0.338471399179
135,0.854664492261,0.315726043092,0.828947378224,0.392131578863
136,0.83829788071,0.339882297377,0.818421063455,0.385913758098
137,0.846808519013,0.321862523391,0.818421063062,0.437398787735
138,0.845499190122,0.328107213659,0.802631589143,0.378076654516
139,0.843862528716,0.325339721196,0.815789484664,0.36439550418
140,0.851718502208,0.314415235883,0.844736850575,0.332314204131
141,0.840589206221,0.336206038844,0.807894747508,0.411782747233
142,0.849754508896,0.321552033419,0.82894737744,0.370096060129
143,0.845171857583,0.323643246687,0.842105272177,0.358367365295
144,0.849099844597,0.317488377588,0.828947377832,0.343602027058
145,0.846153854129,0.328965430497,0.818421063062,0.391603847941
146,0.848772512545,0.327929841297,0.826315798258,0.35893129077
147,0.850409173048,0.321891149887,0.823684219467,0.382065043797
148,0.853682495471,0.313601080356,0.857894745312,0.342474926018
149,0.851391170009,0.315635196267,0.826315799042,0.403111056131
150,0.843862528862,0.324022172187,0.826315799042,0.3652763327
151,0.845171857802,0.317893803467,0.847368429366,0.366438917424
152,0.856628485817,0.30738335261,0.847368429758,0.341010189909
153,0.854337160258,0.318842815456,0.850000008941,0.333769459302
154,0.856628485792,0.309832879978,0.797368432346,0.393281833318
155,0.853682495617,0.31338640945,0.831578957015,0.343869601278
156,0.85990180819,0.304281070213,0.834210535805,0.392748381403
157,0.842225867676,0.34023068919,0.768421063102,0.470783543234
158,0.834042561815,0.334722220105,0.828947377048,0.385921393325
159,0.853355163589,0.308568437329,0.826315798846,0.383440179456
160,0.841898535502,0.329161013353,0.839473692406,0.364168671009
161,0.849099844694,0.325858906722,0.834210536198,0.34722661227
162,0.848117847831,0.311313850577,0.821052641265,0.391576000734
163,0.86382979496,0.308168180189,0.836842114988,0.403293889849
164,0.861538469133,0.306617691284,0.836842114596,0.349407525856
165,0.85302783122,0.313057828018,0.850000008941,0.319124621486
166,0.847790515145,0.320432149002,0.810526326299,0.341864779543
167,0.854664492529,0.311886472856,0.8078947479,0.427930981166
168,0.850409173414,0.316453377898,0.826315799042,0.362747526581
169,0.843862528375,0.317573589561,0.831578957015,0.371956625047
170,0.850409172731,0.320429657575,0.852631587339,0.368618512575
171,0.856301153301,0.316827142038,0.844736850575,0.35508378078
172,0.847463182946,0.31938928773,0.818421062474,0.395470169606
173,0.853027831025,0.316566687059,0.836842114204,0.39551133138
174,0.842225867749,0.333641467814,0.823684221036,0.379515429248
175,0.844189860768,0.322359024728,0.839473693387,0.341921919025
176,0.840589206172,0.336312230865,0.794736851595,0.437174294708
177,0.849754508579,0.313479153467,0.831578956231,0.366310182763
178,0.843207864856,0.320804024185,0.839473693779,0.355525042935
179,0.840261874486,0.33451693713,0.839473692602,0.359348172739
180,0.84582652215,0.331203031303,0.836842114596,0.388217569133
181,0.850409173585,0.319339168046,0.842105272177,0.341430578699
182,0.847463183507,0.331542108322,0.82631579865,0.404058147001
183,0.854664492163,0.308866299283,0.828947377832,0.33783654099
184,0.858919811473,0.309583072613,0.834210536198,0.349520864504
185,0.856628485646,0.304775882738,0.863157902109,0.3337449627
186,0.851391170156,0.308871535444,0.850000008941,0.369271806
187,0.851718502525,0.308169095632,0.813157904305,0.419441208537
188,0.85302783105,0.315598441102,0.871052638088,0.329426100576
189,0.854337159794,0.309423072227,0.834210535021,0.41978038024
190,0.851718502476,0.314578677179,0.834210535805,0.388525576551
191,0.84975450914,0.321295999899,0.815789484664,0.403969039087
192,0.85597382142,0.305197641638,0.865789481292,0.29425343925
193,0.852373166385,0.31275003537,0.834210536198,0.377000592208
194,0.857937814512,0.30526324314,0.810526325907,0.392053100011
195,0.86448445882,0.306055154252,0.871052638873,0.334686902989
196,0.853355163492,0.323437729652,0.844736850575,0.382784327884
197,0.851718501988,0.30714166161,0.786842116596,0.451843701842
198,0.861538469182,0.298305127166,0.878947374852,0.309879144053
199,0.862520465606,0.292009261865,0.818421061494,0.400307696705
200,0.86513912351,0.300818096325,0.842105272177,0.350969115762
201,0.848445179907,0.312087223979,0.84736843015,0.353291875621
202,0.857283149921,0.310666456608,0.836842114596,0.355379969764
203,0.8566284855,0.303658983684,0.792105274765,0.429196946347
204,0.855646488953,0.307438119313,0.831578957015,0.332255518848
205,0.855646489148,0.317657889728,0.876315796454,0.33099157123
206,0.847463183239,0.317177011276,0.850000008156,0.349722974137
207,0.846808519038,0.323283041497,0.842105272177,0.33774794844
208,0.864157127012,0.306618194856,0.821052641853,0.428290495526
209,0.860556472148,0.303739744194,0.871052638873,0.311427406991
210,0.862847797951,0.306460022658,0.839473692602,0.37780979712
211,0.862193133408,0.29886689766,0.839473693387,0.43333677105
212,0.853355163346,0.312375738354,0.831578956623,0.409660552959
213,0.852373166775,0.31615793527,0.828947378617,0.364696868891
214,0.842225867359,0.320593991727,0.80000000996,0.408194103425
215,0.851718502061,0.317042052862,0.85526316613,0.331965464412
216,0.85924714372,0.309800954429,0.836842114596,0.36603209619
217,0.852373166799,0.315819273543,0.852631587339,0.359182229633
218,0.849099844401,0.319400808117,0.81842106267,0.381643945351
219,0.860883804444,0.299955858332,0.842105271785,0.34546261369
220,0.861865801063,0.29782127553,0.821052641461,0.363869143576
221,0.84746318319,0.31600753852,0.850000008156,0.331533329169
222,0.855319156877,0.312821530952,0.834210536198,0.3848517967
223,0.855319156804,0.316137037635,0.828947378224,0.371185137915
224,0.852045834528,0.311660195096,0.847368429758,0.38775910768
225,0.858919811205,0.302375122755,0.81578948388,0.367588574336
226,0.861538468401,0.306016001091,0.842105271785,0.355724552548
227,0.855646488856,0.308789693871,0.842105272569,0.369305068872
228,0.856301153545,0.314119720478,0.815789483095,0.374820773857
229,0.858265146516,0.312190582451,0.855263166522,0.322871460641
230,0.852373166629,0.316518881497,0.823684219467,0.397905310175
231,0.853027831147,0.308065427888,0.844736850575,0.329297573796
232,0.850736505588,0.310583716048,0.823684219859,0.358971776784
233,0.863829794765,0.297607724605,0.80789474692,0.423957103912
234,0.837643216265,0.330509435459,0.850000008156,0.372038196821
235,0.851718502012,0.311992758111,0.863157902893,0.310106907659
236,0.857937814512,0.311525270913,0.834210535413,0.441366629381
237,0.855646489002,0.311372605069,0.805263168326,0.407652574591
238,0.844189861036,0.327906134025,0.836842114596,0.373719351464
239,0.857937814512,0.296276051426,0.857894744136,0.331766848636
240,0.868739778179,0.280722321769,0.834210535413,0.362548335443
241,0.862193133895,0.30564832659,0.852631586947,0.337500109104
242,0.847790515559,0.322587885834,0.818421062278,0.398337559309
243,0.86579378815,0.292019641353,0.847368428386,0.33228446004
244,0.853355163443,0.314419507986,0.828947377244,0.362292264245
245,0.850736505637,0.306617007147,0.855263166522,0.327405754673
246,0.857610482216,0.310126696764,0.84736843015,0.3580767391
247,0.857937814634,0.301392432171,0.844736850183,0.341282847484
248,0.873322429126,0.283062965995,0.842105271785,0.34599915735
249,0.855646488856,0.301688346936,0.818421063062,0.378355388088
250,0.859574475626,0.299329438895,0.860526323318,0.389638992909
251,0.857283150408,0.307607622808,0.865789481292,0.334122698632
252,0.853355163346,0.305047631895,0.860526323711,0.352291118917
253,0.87201310026,0.283416720366,0.857894743744,0.353253799344
254,0.845826522808,0.309515697132,0.844736850575,0.36496390743
255,0.865466455952,0.292854922066,0.831578957015,0.396194627165
256,0.855646489027,0.317999898485,0.85526316613,0.325314986973
257,0.860883804663,0.308740484868,0.847368429758,0.37133429099
258,0.862847797902,0.299844692316,0.82894737744,0.360729920947
259,0.849099844548,0.31572786796,0.823684221036,0.418010971288
260,0.856628485621,0.298754528073,0.821052641461,0.426138849831
261,0.858265146589,0.298324287886,0.863157902109,0.303772870892
262,0.849754509188,0.310764615605,0.852631587731,0.34522290692
263,0.850081840899,0.312430010474,0.852631586555,0.296172727341
264,0.860883804639,0.304896134627,0.823684219859,0.395851578024
265,0.867103117041,0.290076295551,0.884210532825,0.29011603658
266,0.858919811132,0.311616840341,0.844736850968,0.349420305366
267,0.866448452327,0.290440984159,0.821052641265,0.423295272294
268,0.862193133554,0.301717427698,0.855263165934,0.363941084299
269,0.8693944426,0.297148719095,0.847368429366,0.348894898535
270,0.849754508749,0.301304114931,0.828947377832,0.387236941557
271,0.860229140047,0.297183576234,0.844736850575,0.352343299304
272,0.866448452571,0.298721115747,0.82894737744,0.354245701535
273,0.852373166531,0.29937634907,0.850000008941,0.327273877019
274,0.853682495568,0.30950711695,0.868421060082,0.33211564079
275,0.863175130076,0.289748432401,0.855263166522,0.324664522257
276,0.861211137032,0.305327927904,0.823684220643,0.373806977399
277,0.851063837665,0.319923152165,0.834210535217,0.377414067827
278,0.86252046563,0.309069955639,0.821052641853,0.385629337747
279,0.856301153399,0.304963921207,0.868421060474,0.330064394426
280,0.858592478836,0.289454856793,0.842105272177,0.394327823367
281,0.852700498949,0.310554069243,0.82894737744,0.346673574813
282,0.856628485743,0.31033482055,0.839473693387,0.342956122403
283,0.871358435985,0.286805100724,0.813157905089,0.369887001898
284,0.861538469499,0.301561862858,0.842105271785,0.325394478627
285,0.867757781316,0.303433403705,0.860526323318,0.325664827331
286,0.871358435985,0.286411657911,0.828947378617,0.427520607034
287,0.851063837713,0.314379754158,0.813157905873,0.382150131057
288,0.880523738124,0.265782632873,0.823684220447,0.405374275569
289,0.866121120129,0.288367376991,0.823684219467,0.373189598371
290,0.861211136935,0.301097332093,0.863157902501,0.320451440657
291,0.856301153277,0.298766437516,0.800000010352,0.377114883232
292,0.854337160355,0.306386349229,0.834210535805,0.363280753164
293,0.856628485768,0.301433532622,0.84736843015,0.344177813906
294,0.852373166312,0.307732296361,0.836842114596,0.34835426828
295,0.851718502281,0.317885436029,0.844736850575,0.342487121246
296,0.872013100479,0.283088314592,0.831578956623,0.332436016369
297,0.864484459235,0.290963446971,0.842105271785,0.345870195471
298,0.857610482338,0.300110854701,0.831578956623,0.374224494162
299,0.865793788028,0.288967864807,0.836842113812,0.356293443125
300,0.854664492407,0.305589875758,0.81578948388,0.353309842072
301,0.860556472221,0.293163889793,0.82894737744,0.339313876349
302,0.860229140218,0.288124401019,0.852631587339,0.353638468114
303,0.858265147028,0.30214555127,0.807894747116,0.409018915735
304,0.861865801063,0.287934907171,0.831578955642,0.348745418909
305,0.866121120617,0.296701958545,0.847368429366,0.340524248926
306,0.863829794716,0.296641276488,0.831578957015,0.376894534731
307,0.845826522565,0.325077115063,0.842105271785,0.324026055064
308,0.849754509091,0.314755786945,0.84473685136,0.338973568409
309,0.859574475577,0.293485604937,0.815789483488,0.389248423548
310,0.86546645583,0.295038093945,0.802631590319,0.390185410255
311,0.859574475919,0.308797287162,0.844736850183,0.336722881019
312,0.859247143745,0.30084469416,0.834210536198,0.368489079496
313,0.860229140315,0.294766617472,0.80526316911,0.400859820117
314,0.858265146808,0.292527350062,0.860526323711,0.32899876483
315,0.852373166629,0.312934339537,0.80000000996,0.415886252187
316,0.868412445786,0.281096629405,0.852631587339,0.326208538707
317,0.866775784794,0.284554182494,0.847368429366,0.32612248814
318,0.867430449044,0.294125019692,0.810526326299,0.428330296381
319,0.872013100479,0.278560760471,0.831578956427,0.406093380279
320,0.872995096952,0.286287587857,0.85526316613,0.341537608128
321,0.862847797926,0.300528979453,0.860526323318,0.327672934429
322,0.859247143793,0.304529837401,0.852631587143,0.357877409502
323,0.863502462299,0.301666831756,0.850000008549,0.319432876538
324,0.865793788248,0.291825168868,0.857894745312,0.340261253394
325,0.85040917339,0.299079072675,0.794736852771,0.379938359666
326,0.859247143403,0.294693964703,0.82631579865,0.386006835873
327,0.85957447565,0.300557386432,0.84473685136,0.346944318766
328,0.856301153423,0.321047582409,0.865789481292,0.313371287683
329,0.869721774701,0.283492187264,0.823684219859,0.37599976802
330,0.857937814512,0.309243034326,0.842105272177,0.337927897412
331,0.86612111991,0.293565018831,0.823684219859,0.408561208727
332,0.857610482485,0.295089778894,0.834210536198,0.335413168086
333,0.868085113636,0.29507709408,0.852631587731,0.381266076167
334,0.856955817869,0.302078364932,0.821052641069,0.508435667566
335,0.866775785111,0.294543509303,0.847368429758,0.343846087589
336,0.859901807971,0.302969798976,0.850000008156,0.343298935626
337,0.853355163419,0.304081771465,0.857894744724,0.338294306598
338,0.856628485963,0.30756554313,0.836842114988,0.369106556142
339,0.861538468962,0.288598334292,0.82631579865,0.411119285475
340,0.86710311709,0.286315117202,0.842105272569,0.406247122042
341,0.855319156657,0.306178315273,0.850000008549,0.337621204163
342,0.85662848567,0.293862465644,0.860526323318,0.332562597502
343,0.860883804224,0.295100018202,0.821052640676,0.358685335193
344,0.868412445786,0.290618629455,0.834210535805,0.368245539868
345,0.865466455659,0.299012805764,0.81578948388,0.370931378455
346,0.867430449361,0.30184920555,0.84473685136,0.368201059289
347,0.863829794692,0.294178734279,0.842105272177,0.37448200309
348,0.866121120056,0.284813983735,0.847368429366,0.365672803974
349,0.859247143671,0.305322066779,0.821052640873,0.40908329773
350,0.856955817917,0.291497673531,0.842105272569,0.341601978693
351,0.856955817747,0.298448348921,0.828947378224,0.343849581495
352,0.869067110182,0.278466380245,0.815789483095,0.375860933018
353,0.880523738416,0.281294338304,0.805263168718,0.442945254452
354,0.861538468938,0.291368760726,0.831578956623,0.326176373349
355,0.86579378776,0.283486925372,0.834210535413,0.337347110421
356,0.873322429273,0.283079234459,0.786842116792,0.420363888218
357,0.854991824142,0.318748980017,0.855263166522,0.327134051875
358,0.849754508993,0.308233933276,0.847368429366,0.333224313038
359,0.862847798243,0.294695336936,0.800000010352,0.415409521249
360,0.864484459137,0.297494046414,0.8657894809,0.312610038041
361,0.859901807702,0.300451636147,0.842105272177,0.337436722101
362,0.86415712689,0.285496582523,0.850000007764,0.320100109001
363,0.870376439512,0.28997333652,0.84473685136,0.360933616365
364,0.874959090508,0.281801875739,0.823684220251,0.377786667858
365,0.867103116895,0.288522883573,0.852631587339,0.383871718972
366,0.868412445834,0.288806800552,0.834210535805,0.361195088462
367,0.874631758017,0.274642375293,0.850000008941,0.385432170067
368,0.857610482314,0.301982267636,0.831578956623,0.360748719228
369,0.865466455781,0.295344099561,0.857894745312,0.335599608977
370,0.867757781291,0.299034900729,0.842105272177,0.363128789995
371,0.860556472197,0.286279839636,0.810526326691,0.421748072614
372,0.870703771588,0.292030503504,0.855263166522,0.330211149382
373,0.855646488929,0.299018798265,0.857894743548,0.358068099883
374,0.862847797902,0.308713886774,0.855263166522,0.326377671384
375,0.857937814537,0.296801780026,0.85789474492,0.344385064293
376,0.85270049851,0.315600299671,0.800000009568,0.367127017976
377,0.862847798146,0.30164966154,0.847368429758,0.336023574009
378,0.867757781486,0.291367414258,0.855263165737,0.374986822276
379,0.855319156804,0.310988985822,0.847368429758,0.332170962479
380,0.8556464891,0.310402795904,0.821052641853,0.417430798278
381,0.868739778155,0.296284733424,0.844736850575,0.368990362352
382,0.862193133432,0.305343966388,0.852631587339,0.322217814379
383,0.866121120227,0.298582292487,0.834210536198,0.349068569019
384,0.871031103494,0.281370466962,0.850000008549,0.320093296211
385,0.87201310026,0.278982365897,0.836842114596,0.402242987956
386,0.863175130271,0.28715554787,0.884210533217,0.306810880325
387,0.863829794692,0.284957003466,0.802631588947,0.420291553055
388,0.86284779817,0.293265397305,0.871052638873,0.292502163052
389,0.865793787979,0.292392165581,0.82105264048,0.414308102409
390,0.866448452522,0.294857868285,0.85789474492,0.3816745317
391,0.865793788248,0.294029318022,0.821052641461,0.419426081996
392,0.866775784721,0.281829649811,0.823684220643,0.339133682379
393,0.874631758017,0.28778222402,0.836842114988,0.357565281606
394,0.870376439,0.285249601123,0.850000008549,0.351401189747
395,0.869721774676,0.290108943797,0.850000008549,0.349340116997
396,0.872340432702,0.294302052213,0.85789474492,0.335273511536
397,0.86612112008,0.281519532268,0.839473693387,0.37205637739
398,0.878232412711,0.278475196567,0.839473692994,0.368269408771
399,0.875613754588,0.27119709191,0.834210535805,0.409492129509
400,0.87070377132,0.281158101449,0.802631589339,0.381511826558
401,0.865793788004,0.287361977034,0.8657894809,0.359282118501
402,0.864484458967,0.290265608783,0.807894747508,0.379900008097
403,0.864811791287,0.282007987814,0.805263168718,0.3566600224
404,0.867103116992,0.283236450282,0.831578955839,0.367346904498
405,0.864157126939,0.30058637084,0.839473692798,0.335951057091
406,0.867103116895,0.290746069387,0.889473690798,0.277227601655
407,0.8589198114,0.307369225727,0.857894744136,0.379473655852
408,0.871031103494,0.280285637881,0.855263165934,0.294733752153
409,0.875613754612,0.27258134002,0.834210535413,0.345763422144
410,0.87528642256,0.28895330979,0.821052640873,0.354648825945
411,0.874304425746,0.274107960231,0.85526316613,0.374549381165
412,0.870703771467,0.288588978945,0.823684219663,0.389293478918
413,0.862193133554,0.293318442028,0.81842106267,0.449479080663
414,0.856628485134,0.302806169545,0.81842106267,0.403518870167
415,0.865466455684,0.291215755277,0.81578948388,0.385971409808
416,0.864484459064,0.285991259883,0.863157902109,0.305263898433
417,0.860229140023,0.30182377591,0.850000008941,0.32152737356
418,0.865139123461,0.283934129506,0.855263165737,0.300191069843
419,0.870376439195,0.284352410539,0.876315796062,0.317414817792
420,0.865466455684,0.286050893267,0.857894743744,0.320040300537
421,0.870703771125,0.286458847764,0.823684219859,0.336135502917
422,0.866775784672,0.288184812887,0.834210535805,0.348321631918
423,0.862520465752,0.307141697652,0.863157902893,0.335989536791
424,0.87103110364,0.285400167751,0.839473692994,0.335167440549
425,0.873977093645,0.277066611223,0.844736850968,0.395513606013
426,0.872013099894,0.283856111571,0.85526316613,0.340327072398
427,0.872340432458,0.284866864392,0.855263166522,0.328950662325
428,0.865466455781,0.292600668043,0.855263165737,0.291495489251
429,0.86906710989,0.290996754394,0.876315796846,0.296668518996
430,0.869721774652,0.289058115382,0.839473692994,0.37179097733
431,0.867103116919,0.294110281564,0.892105269589,0.312037474537
432,0.876923083674,0.277862636363,0.826315799042,0.431285696055
433,0.876595751353,0.285360117719,0.871052638873,0.302232391648
434,0.856301153423,0.310835904093,0.818421062278,0.418975216625
435,0.866775784696,0.279240737473,0.813157904305,0.438052860505
436,0.860229140023,0.290020552112,0.850000008941,0.349473959313
437,0.863175130393,0.297368153183,0.826315799826,0.382355517365
438,0.86022914012,0.301519338298,0.860526324103,0.30328275827
439,0.85957447587,0.284437452396,0.863157902893,0.32098392736
440,0.878559744909,0.271234026538,0.85526316613,0.315649141925
441,0.869067110377,0.297194291113,0.831578956231,0.356922764564
442,0.857610482485,0.295005463541,0.855263165541,0.353479806873
443,0.871358436034,0.276813705027,0.85526316613,0.330777096758
444,0.865466456001,0.287334893255,0.79736843215,0.404071473431
445,0.859901807849,0.287710644863,0.842105272177,0.347496423013
446,0.864484458845,0.289581568942,0.860526323711,0.302003513348
447,0.87855974508,0.275282009589,0.860526323711,0.296858540197
448,0.883797060351,0.263321018776,0.839473692994,0.360723725306
449,0.867103116992,0.284685923543,0.850000008549,0.340498968518
450,0.875613754807,0.272864557333,0.863157902501,0.316198745693
451,0.86153846906,0.293329419663,0.876315796846,0.315092673084
452,0.867430449142,0.281985209308,0.836842114596,0.347664009608
453,0.871685768159,0.27490262804,0.842105271785,0.408004827379
454,0.863829795107,0.289604068869,0.852631586359,0.368029083138
455,0.876923083649,0.281365298421,0.836842114596,0.33834288102
456,0.861865801185,0.298227560455,0.881578954427,0.302992611854
457,0.872340432556,0.280079081679,0.818421062278,0.415591765085
458,0.871031103665,0.276509912951,0.844736850575,0.367304362491
459,0.866448452449,0.288652802731,0.84473685136,0.343943180565
460,0.868739778252,0.279135510133,0.836842114596,0.33791071777
461,0.866448452352,0.285900924704,0.850000008156,0.31539121851
462,0.867103117065,0.288679716237,0.860526323711,0.316968528627
463,0.866775784648,0.28608004656,0.823684220643,0.386629517631
464,0.869721774676,0.289498561914,0.865789481292,0.357013339079
465,0.878887077059,0.273576646857,0.844736850575,0.33873405087
466,0.87201310026,0.283361456142,0.852631586947,0.333891191054
467,0.86841244581,0.283169733235,0.842105272569,0.351976456268
468,0.878559744885,0.274152646137,0.823684220643,0.36474651499
469,0.873649761471,0.284950284263,0.842105272177,0.357853380926
470,0.865793788199,0.286149977623,0.860526323711,0.346259603007
471,0.87168576794,0.282625456528,0.831578957015,0.368227788382
472,0.873649761593,0.27523183968,0.871052639265,0.309707185523
473,0.859247143452,0.28737637632,0.860526324103,0.318193445105
474,0.86153846906,0.294938741706,0.844736850968,0.32443617038
475,0.879214409257,0.25870065228,0.836842113616,0.372475022162
476,0.868412446029,0.285762962469,0.831578956231,0.350575036725
477,0.859901808117,0.306456735327,0.842105272177,0.350991059144
478,0.871358436229,0.286625507762,0.839473692994,0.319430857027
479,0.865793787906,0.292192871138,0.82894737744,0.342613359533
480,0.870376439219,0.26889248659,0.84473685136,0.351750151266
481,0.866121120056,0.290512421176,0.855263165737,0.340165026241
482,0.863829794546,0.294929120958,0.818421063062,0.365075852575
483,0.878559745153,0.266509815435,0.839473692602,0.345768594318
484,0.879214409501,0.279451189432,0.850000008549,0.331443226688
485,0.877577747924,0.281648837332,0.831578956623,0.378535941243
486,0.873977093767,0.283775693554,0.852631587339,0.392147959927
487,0.88052373827,0.277487902629,0.813157904697,0.403760167347
488,0.884451724894,0.254095810772,0.850000008156,0.32850373654
489,0.874959090264,0.273399223157,0.831578957015,0.366530146989
490,0.884124392915,0.275545731268,0.863157902501,0.320720474799
491,0.870049106899,0.283463354419,0.85789474492,0.36111689824
492,0.859901808263,0.294901401009,0.821052641069,0.365739841284
493,0.870376439219,0.278117139792,0.868421060474,0.304487707951
494,0.858919811278,0.302961968689,0.865789481292,0.320361706869
495,0.868739778057,0.291534025118,0.839473693387,0.408303371949
496,0.875613754978,0.269308066529,0.865789481292,0.333283316074
497,0.870376439171,0.275074443556,0.831578956623,0.31263415111
498,0.865466455757,0.285351909427,0.821052640873,0.406141663093
499,0.877250415896,0.276175501028,0.876315796846,0.311012514156
500,0.862520466021,0.293509520871,0.842105271785,0.340890103044
501,0.877905080196,0.267513998958,0.860526324103,0.313708709963
502,0.862193133603,0.281261281626,0.818421062278,0.366361907806
503,0.864157127037,0.285589827871,0.807894746528,0.396968885447
504,0.878559744836,0.273489462605,0.836842114204,0.364636417681
505,0.873649761495,0.281019187676,0.826315799434,0.340602398605
506,0.871358435936,0.277664803209,0.863157902501,0.339982157034
507,0.857283150238,0.308198360982,0.852631587339,0.340953325853
508,0.860883804736,0.293226497449,0.81578948388,0.391118270002
509,0.866448452303,0.286175053798,0.863157902109,0.309875819759
510,0.872667764827,0.279078420639,0.839473692994,0.375835708208
511,0.871031103714,0.286864070799,0.850000007764,0.342109905262
512,0.870376439268,0.285493256997,0.823684220251,0.388618454913
513,0.877905080513,0.268096749563,0.850000007568,0.365134009087
514,0.867757781438,0.281021460491,0.842105272177,0.361145136045
515,0.868085113685,0.284055933483,0.860526324103,0.3507195905
516,0.872995097123,0.273105841092,0.863157902893,0.335946896934
517,0.878232412687,0.266252915,0.834210535805,0.334841718432
518,0.877905080464,0.27196243926,0.865789481292,0.302537221609
519,0.875286422511,0.26749752088,0.847368429758,0.363058608663
520,0.874631758042,0.269997734627,0.826315799434,0.386121003276
521,0.866448452303,0.280872134879,0.815789483488,0.364005481628
522,0.873649761495,0.284281783999,0.828947378617,0.34544825772
523,0.875613754588,0.278919437537,0.842105272177,0.325996495881
524,0.868739778203,0.284445602139,0.842105271785,0.379461961137
525,0.869394442429,0.275624605353,0.847368429562,0.367660259601
526,0.864484458967,0.279884404512,0.865789481292,0.344458030156
527,0.866121120324,0.297408834725,0.865789481292,0.333858845486
528,0.866121120105,0.289349230299,0.84473685136,0.316462446935
529,0.877905080196,0.272801689424,0.813157905481,0.395296607522
530,0.870049107192,0.282617485166,0.852631585771,0.319691917701
531,0.87855974469,0.28075590613,0.886842112008,0.312055105797
532,0.871358435839,0.280227722176,0.836842114008,0.35299379631
533,0.872340432604,0.281240511402,0.821052640676,0.432647969623
534,0.87070377132,0.28570396412,0.873684218055,0.287715657908
535,0.875941087201,0.276316586595,0.871052638873,0.303009034908
536,0.877250416067,0.280851096756,0.823684219075,0.362076181649
537,0.862847797731,0.291980156061,0.865789481292,0.316593302316
538,0.867103117187,0.288433500306,0.839473693387,0.352941490857
539,0.877905080586,0.266679356554,0.850000008156,0.325811690945
540,0.887070382675,0.256655890519,0.826315799434,0.384291300011
541,0.86775778134,0.291533043068,0.847368428974,0.364830352783
542,0.862520465582,0.281135804098,0.860526324103,0.393495936633
543,0.869067110158,0.27599588768,0.847368429758,0.319322156524
544,0.873322429321,0.279301110661,0.828947377832,0.390131751909
545,0.88052373805,0.284695278364,0.850000008156,0.342252459414
546,0.866775784696,0.287968678804,0.821052641853,0.376122725735
547,0.879541741553,0.266260636797,0.863157902893,0.293768084093
548,0.872995096928,0.272833606643,0.842105272569,0.392652875033
549,0.868412445688,0.284468128637,0.831578957015,0.370551203917
550,0.87070377132,0.276842668066,0.855263165737,0.321267151592
551,0.874959090484,0.279021227717,0.876315796846,0.32229262164
552,0.879869073727,0.267964354026,0.855263166522,0.329127134038
553,0.892962362782,0.260728439292,0.823684219467,0.359861470465
554,0.876923083576,0.279301185548,0.871052639265,0.364610076453
555,0.878232412565,0.263375129529,0.823684221036,0.357651334008
556,0.870049107119,0.283934907246,0.839473692602,0.337071548706
557,0.864811791336,0.303477576252,0.80526316911,0.380116888935
558,0.868085113465,0.28271885795,0.834210535413,0.344261670559
559,0.870703771491,0.286282147763,0.836842114988,0.35355445201
560,0.872013100235,0.285593431598,0.823684219859,0.338035193211
561,0.871031103567,0.275702955971,0.84473685136,0.375232797876
562,0.883797060741,0.264291266577,0.863157902501,0.320157874253
563,0.875613754978,0.275275736876,0.844736850575,0.335849217874
564,0.880523738294,0.268300186788,0.881578954427,0.305542154703
565,0.880196405876,0.270523964711,0.85526316613,0.3595702326
566,0.869721774579,0.274523601261,0.823684220251,0.349058880667
567,0.883142396052,0.263797702283,0.839473692602,0.368550177418
568,0.880523738221,0.265167212368,0.839473693387,0.352484508718
569,0.868739778081,0.2867137675,0.860526324103,0.372079659143
570,0.876923083674,0.284198149389,0.839473693387,0.34474822956
571,0.868412445883,0.277295328681,0.84736843015,0.348969657957
572,0.873322429273,0.277362045149,0.800000010941,0.383967921628
573,0.867430449191,0.290531868908,0.868421060082,0.311586918616
574,0.867757781438,0.287096182281,0.836842114988,0.371870151978
575,0.86841244581,0.28803920494,0.847368429758,0.381238542902
576,0.86873977796,0.297643600367,0.84473685136,0.373815435665
577,0.872340432409,0.286641107172,0.839473693779,0.389824856018
578,0.874631758139,0.280567904681,0.82894737744,0.384116502111
579,0.86841244581,0.289856230066,0.786842116596,0.373558368289
580,0.86317513032,0.297789608267,0.844736850968,0.348931815536
581,0.881505734987,0.281170775436,0.831578956231,0.374742601582
582,0.872340432287,0.287561162294,0.839473693779,0.327001571153
583,0.87168576833,0.276701315826,0.826315799042,0.364392246898
584,0.87790508022,0.267830568133,0.844736849791,0.341159907366
585,0.878559744641,0.264414966718,0.818421062278,0.372279923893
586,0.873649761544,0.274628457999,0.789473695582,0.505260827087
587,0.871031103762,0.268385483883,0.84473685136,0.328330075938
588,0.874959090459,0.272316989242,0.8657894809,0.338818405583
589,0.879869073995,0.277772394288,0.80526316911,0.393103834474
590,0.870703771588,0.279445142853,0.792105273589,0.421129412704
591,0.867757781486,0.277604352854,0.852631587339,0.369848480791
592,0.880196406194,0.27924842909,0.857894745312,0.363165919902
593,0.884124392866,0.263681925993,0.842105272569,0.393073644991
594,0.876923083479,0.278719817508,0.823684219663,0.377534075447
595,0.872340432507,0.279304593477,0.831578956623,0.352068155391
596,0.88183306721,0.274741360919,0.860526324103,0.309355003845
597,0.879541741455,0.262438587744,0.82631579865,0.386932001155
598,0.879869073824,0.256122969289,0.868421060474,0.308577663838
599,0.880196405852,0.262172865273,0.826315799434,0.376063713988
600,0.880523738075,0.271199434983,0.865789481684,0.337020503774
601,0.877250415848,0.27191559521,0.842105271785,0.363513181194
602,0.883142396052,0.260352910612,0.84736843015,0.342158924788
603,0.876595751451,0.268264422094,0.863157902501,0.329604941567
604,0.872667764925,0.274943275572,0.852631587339,0.329515151349
605,0.873649761593,0.277607933421,0.871052639265,0.26918505816
606,0.870703771296,0.282451011542,0.852631586947,0.333930387309
607,0.864157127012,0.292131248767,0.852631587339,0.351415554184
608,0.873977093694,0.271676568482,0.84473685136,0.359248820864
609,0.888707043545,0.261540875325,0.831578956623,0.362240747781
610,0.874959090533,0.26605399805,0.83947369221,0.40744222337
611,0.882160399188,0.257936304417,0.852631587339,0.346959697429
612,0.877577748095,0.274137516405,0.842105271785,0.353443597443
613,0.866448452547,0.282999429134,0.850000008941,0.373280112938
614,0.868739777984,0.287702478138,0.850000008549,0.335837274643
615,0.883469728323,0.272083369498,0.860526324103,0.281498149148
616,0.874631758042,0.27207349609,0.85526316613,0.319205141651
617,0.872013100187,0.281979081602,0.857894744528,0.353760913707
618,0.876595751792,0.275637124691,0.876315796454,0.283356074758
619,0.882815063683,0.263702425642,0.823684219859,0.348480443127
620,0.878559744836,0.267733802,0.821052641853,0.370367162101
621,0.875941087006,0.267356268139,0.839473692994,0.341341543465
622,0.874959090484,0.286070937425,0.878947375636,0.291424442475
623,0.876923083625,0.275496957827,0.850000008156,0.357779438178
624,0.881833067112,0.259580009957,0.873684217663,0.310535453395
625,0.881833067136,0.266897339921,0.873684217271,0.367756649607
626,0.87823241254,0.277902543377,0.847368429758,0.354912300104
627,0.881178402618,0.265051179271,0.857894745312,0.336214748187
628,0.880851070541,0.274655133975,0.842105272177,0.342674134734
629,0.877577748022,0.285194598251,0.839473692602,0.316125889597
630,0.884779057019,0.272579912887,0.850000008156,0.382229091973
631,0.873977093499,0.275772540935,0.850000008549,0.323240757044
632,0.875613754588,0.269085507069,0.881578954035,0.279415195305
633,0.874959090386,0.278526994749,0.871052638873,0.317270234619
634,0.866775784599,0.292814224849,0.850000008156,0.331708736307
635,0.876268419301,0.266443287521,0.847368429758,0.364178785282
636,0.876595751597,0.27335653326,0.84736843015,0.336029022693
637,0.868412445664,0.294600636793,0.878947375636,0.303513089514
638,0.877905080513,0.273480583979,0.85526316613,0.30627022077
639,0.874304425892,0.267217729137,0.828947378617,0.356051635242
640,0.885106389388,0.259980765633,0.834210535413,0.343982657589
641,0.871358435839,0.281817293817,0.85526316613,0.376129064868
642,0.870703771491,0.278367662709,0.844736850183,0.337540122925
643,0.876923083601,0.267397676111,0.860526323711,0.321796236756
644,0.873649761495,0.277667559034,0.836842114596,0.360813254172
645,0.872340432556,0.273896016903,0.860526323711,0.323731556798
646,0.878232412565,0.268817229629,0.852631587731,0.336977483864
647,0.88936170843,0.259561263476,0.850000008549,0.334163899301
648,0.890671037077,0.246021997635,0.852631587339,0.348431724062
649,0.869721774725,0.276129746951,0.873684218055,0.309263102208
650,0.884779057019,0.252491723972,0.860526322926,0.333111106296
651,0.874304425941,0.27428366872,0.85526316613,0.327643573333
652,0.87201310026,0.270064709338,0.834210535805,0.345433720265
653,0.876268419131,0.263001098752,0.865789481684,0.294506080947
654,0.883469728469,0.260910326371,0.84473685136,0.312156870863
655,0.879541741431,0.273766114671,0.836842114988,0.342068322591
656,0.868085113758,0.287261482342,0.863157902109,0.319296213235
657,0.885106389437,0.265496520333,0.844736850968,0.355352479603
658,0.879869073873,0.268648762698,0.836842114988,0.373725990912
659,0.881505734645,0.266981062412,0.847368429758,0.355780504632
660,0.872995097099,0.278561494153,0.831578957015,0.365702724832
661,0.877905080342,0.26901268392,0.871052639265,0.31212832998
662,0.877250415896,0.270372181616,0.823684220643,0.378994242123
663,0.879214409355,0.262487185191,0.831578957407,0.394293486665
664,0.882487731606,0.270464907403,0.850000007764,0.330953570763
665,0.888052379392,0.249420537113,0.828947378224,0.39845167272
666,0.875613754661,0.270709470626,0.821052641853,0.375020592473
667,0.879869073556,0.262841787825,0.860526323711,0.34574728388
668,0.885433721464,0.26672897665,0.813157905089,0.368103276932
669,0.876923083649,0.27686212328,0.834210534629,0.365088811929
670,0.867103116992,0.275984025742,0.873684217663,0.282273160559
671,0.882160399188,0.260953035027,0.821052641853,0.371793545268
672,0.881178402667,0.268388166109,0.852631587143,0.31720312996
673,0.875286422389,0.269647975906,0.852631587339,0.324088230245
674,0.877250415848,0.277147651938,0.852631586751,0.300430946273
675,0.886743050526,0.248489978758,0.868421060474,0.360769526788
676,0.874631758383,0.274791663846,0.839473692602,0.354930068844
677,0.868739778033,0.29162407671,0.839473692994,0.329151102342
678,0.87299509705,0.280883308765,0.865789481292,0.327592616754
679,0.880851070468,0.267418445012,0.821052641461,0.355449077875
680,0.87332242937,0.269609316546,0.834210536198,0.337105698501
681,0.876268419253,0.272552139946,0.850000008156,0.343745333535
682,0.87823241276,0.27430869078,0.834210535217,0.313398861559
683,0.886743050575,0.250394514641,0.889473690406,0.299417664995
684,0.877577748192,0.266973661329,0.815789484272,0.397083618372
685,0.88510638929,0.264988458619,0.857894744528,0.34490391329
686,0.883469728128,0.279969562426,0.863157902501,0.33055357026
687,0.889034376085,0.257107474995,0.818421061886,0.372660184745
688,0.894599023944,0.239965817691,0.844736850575,0.304758270063
689,0.88543372144,0.251878100182,0.84736843015,0.44366243198
690,0.87692308343,0.274921332318,0.818421061298,0.378425432516
691,0.879214409233,0.259738270143,0.839473693387,0.383637666898
692,0.865466455854,0.284656128044,0.834210535805,0.328717146933
693,0.885433721611,0.261792229763,0.852631587731,0.368535704543
694,0.860229140218,0.300596749168,0.813157905873,0.407399733869
695,0.879869073678,0.271745885065,0.868421060082,0.295014492089
696,0.886415718498,0.257412875192,0.847368429758,0.336159989348
697,0.882815063975,0.264855293513,0.821052641853,0.370331531145
698,0.875286422487,0.26826116619,0.844736850968,0.346505773499
699,0.882160399408,0.270750409518,0.850000008941,0.392107170296
700,0.867430449166,0.279565148228,0.871052638873,0.322265138482
701,0.886088385861,0.255467073782,0.826315799042,0.360194955291
702,0.874304426087,0.268212997688,0.847368428974,0.334929140582
703,0.881178402862,0.273578371671,0.839473692994,0.333774320169
704,0.884779057141,0.264620511456,0.836842114988,0.341544084741
705,0.882815063683,0.263145341403,0.839473692994,0.362251514214
706,0.878232412613,0.268476201433,0.78947369519,0.402584198446
707,0.864484459332,0.292132773575,0.857894744332,0.342088289795
708,0.877905080415,0.26948314144,0.886842112008,0.306204050497
709,0.872013100187,0.277673832615,0.844736849595,0.333909779165
710,0.889034376256,0.257179714785,0.805263168718,0.428760882516
711,0.86841244581,0.284271089916,0.85526316613,0.323993362597
712,0.873322429321,0.26283643201,0.842105271001,0.382744928902
713,0.882160399262,0.257458379174,0.850000008549,0.314400378443
714,0.87757774807,0.26433502222,0.834210535805,0.357325691093
715,0.885433721708,0.262503460133,0.857894743744,0.313475653174
716,0.883469728323,0.26402536778,0.847368429758,0.348042435607
717,0.888707044009,0.255495638058,0.839473693387,0.355382532372
718,0.884779057263,0.264955063664,0.873684218055,0.329251582508
719,0.887397714996,0.247768020321,0.813157905873,0.459617097936
720,0.881833067234,0.262625640453,0.84736843015,0.373819896951
721,0.873649761349,0.275097147514,0.842105271785,0.352945269085
722,0.884779057263,0.267719886997,0.884210533217,0.299781562843
723,0.88248773146,0.265512101209,0.831578957015,0.383196418995
724,0.874631758261,0.266431445111,0.84473685136,0.322458970786
725,0.876595751597,0.258387849253,0.852631587339,0.356773193509
726,0.877250415896,0.270147263043,0.839473691426,0.367322207257
727,0.867430449166,0.291719045359,0.831578956623,0.364111701284
728,0.877250416189,0.266114702555,0.863157902501,0.331271109254
729,0.883797060278,0.262559325981,0.836842114204,0.377696137716
730,0.876923083869,0.272750218,0.834210536198,0.360807485927
731,0.874959090386,0.273663289816,0.873684217663,0.357706637808
732,0.884124392817,0.255323959714,0.857894745312,0.317644295234
733,0.877577748217,0.273306769645,0.802631590123,0.428912524673
734,0.878232412784,0.274219796993,0.828947378224,0.34970335515
735,0.883142395808,0.257999507979,0.863157902501,0.305332511535
736,0.877250415994,0.272252792508,0.828947377832,0.384980035112
737,0.876268419228,0.27180262379,0.865789480507,0.297780520283
738,0.876595751695,0.279075128002,0.836842114596,0.410265025021
739,0.890343705146,0.251828413687,0.876315796062,0.296432168676
740,0.890343705098,0.244460100361,0.855263166522,0.365305057506
741,0.880196405852,0.273646994959,0.85789474492,0.352831136815
742,0.872667764535,0.26692920031,0.82894737744,0.352699710032
743,0.877905080269,0.263412653172,0.83947369221,0.411169308899
744,0.885761053882,0.259777464841,0.821052641461,0.426267003408
745,0.882815063707,0.272801198149,0.84473685136,0.335970954283
746,0.871685768208,0.270705944809,0.868421060082,0.327861312544
747,0.893289695005,0.25356808521,0.842105272177,0.355870239136
748,0.879541741577,0.265087878281,0.831578955839,0.399865597168
749,0.881178402496,0.260432347314,0.82894737744,0.346711732876
750,0.872013100431,0.267587241413,0.863157902305,0.313152132997
751,0.879541741553,0.263500346124,0.863157902893,0.328908701329
752,0.890343705025,0.254872884216,0.834210535805,0.424181963219
753,0.89721768158,0.245398342066,0.826315799042,0.370600648064
754,0.885106389461,0.263345365814,0.823684219075,0.390101985945
755,0.888379711469,0.250776345465,0.821052641461,0.402651757075
756,0.870703771564,0.27918601144,0.831578956623,0.326322290176
757,0.873977093718,0.285598666409,0.847368429758,0.339203840367
758,0.877577748119,0.268375046237,0.844736850575,0.347379730996
759,0.879214409525,0.273370125857,0.894736848379,0.282615097393
760,0.875941087103,0.273466165519,0.855263165737,0.332238670463
761,0.883142396052,0.258066999096,0.83947369319,0.343766222156
762,0.881178402715,0.259430105708,0.847368429758,0.361091467534
763,0.884779057141,0.26345551875,0.826315798846,0.392953483081
764,0.889034375963,0.246793878531,0.834210536198,0.349623948621
765,0.884451724747,0.257956411452,0.871052638873,0.351527950623
766,0.879214409086,0.261360806242,0.8078947479,0.393369115644
767,0.888052379246,0.250461255933,0.821052641853,0.379554302652
768,0.887070382749,0.256327430177,0.834210535805,0.370221613539
769,0.879214409135,0.27305557427,0.84736843015,0.352693009938
770,0.873649761203,0.280466648069,0.847368429758,0.348322993291
771,0.884124392769,0.258538888286,0.842105272177,0.338252466956
772,0.883469728006,0.259360723417,0.831578956231,0.385638011681
773,0.878232412321,0.277301321425,0.842105271785,0.391508997706
774,0.874959090435,0.276043773729,0.842105272569,0.354958150287
775,0.878887077059,0.268009851809,0.873684218055,0.289794239644
776,0.870703771345,0.289991252626,0.821052640873,0.398947248309
777,0.879541741651,0.265225638728,0.828947377832,0.340268937583
778,0.878559744617,0.278664297999,0.85789474492,0.374728024055
779,0.874631758261,0.280438872812,0.873684218055,0.305294486155
780,0.873977093499,0.277954882746,0.850000008941,0.348279844283
781,0.879541741651,0.267326742972,0.842105271393,0.358819697558
782,0.880523738075,0.265335996655,0.873684216879,0.297994209113
783,0.882160399579,0.266834110523,0.85526316613,0.343377235309
784,0.882487731362,0.257305345575,0.850000008549,0.366174864877
785,0.891653033574,0.248881098817,0.828947378224,0.368939066318
786,0.878232412735,0.25938345899,0.857894745312,0.326317885168
787,0.879541741602,0.256984633794,0.847368429758,0.405566026935
788,0.874959090508,0.27248120263,0.850000007372,0.385023563586
789,0.882487731533,0.255781517417,0.828947378617,0.414820354677
790,0.879869073824,0.273934746463,0.842105272177,0.420511262528
791,0.872013100284,0.269429961148,0.839473692994,0.31432788025
792,0.882160399335,0.258465264906,0.834210535021,0.354797668755
793,0.890671037442,0.240194952371,0.863157902501,0.286195428959
794,0.873322428931,0.27534602065,0.810526326299,0.394558103933
795,0.87626841918,0.267818023527,0.855263165345,0.310179179522
796,0.889034376012,0.250438530737,0.821052641069,0.363748559299
797,0.888379711566,0.254528228998,0.844736850968,0.328212893972
798,0.893289694956,0.233183835004,0.85789474492,0.363304063359
799,0.883469728274,0.255180362936,0.852631586947,0.328159402364
800,0.889689040262,0.253527197403,0.818421062278,0.378939865231
801,0.890016372875,0.256833246164,0.847368429758,0.401983133689
802,0.887070382871,0.242431475906,0.863157902501,0.309285827784
803,0.885761053785,0.249328868417,0.842105272569,0.36097954577
804,0.88739771502,0.26416756433,0.852631587339,0.36618539607
805,0.881833066917,0.263925642345,0.850000008941,0.353044199794
806,0.872995097099,0.269321734781,0.855263166522,0.353611038471
807,0.878559744982,0.274943100499,0.828947377048,0.381403393069
808,0.887397715118,0.252010511901,0.842105272569,0.395158596855
809,0.888707043545,0.257377852326,0.868421060474,0.310385907614
810,0.890998369592,0.245008183575,0.850000008549,0.346749656638
811,0.89459902392,0.240029742719,0.865789481292,0.344576381852
812,0.887070382602,0.264207847869,0.850000008941,0.35321648055
813,0.87757774807,0.267981065854,0.852631587339,0.332934935332
814,0.881178402642,0.274947131281,0.878947375636,0.286872356211
815,0.88412439272,0.258739356206,0.865789481684,0.308601960907
816,0.884124392793,0.262552110879,0.821052641461,0.394603657904
817,0.878232412516,0.272121533411,0.860526323711,0.394412160434
818,0.884124392769,0.26110710731,0.847368429758,0.353968247673
819,0.893617027081,0.240321871076,0.844736850183,0.355071106117
820,0.882487731655,0.258248018945,0.876315795669,0.325719565619
821,0.890016372777,0.247536746895,0.836842114596,0.380667378673
822,0.877577748265,0.279526084278,0.855263166522,0.335096680804
823,0.887070382749,0.257597189939,0.850000008549,0.326312038263
824,0.893617027203,0.248875999296,0.863157902501,0.344372968104
825,0.895908352981,0.246861350447,0.860526323711,0.312555642253
826,0.880851070176,0.269569346233,0.873684217663,0.308103653005
827,0.890671037077,0.250422218235,0.839473693387,0.363163827287
828,0.890016372777,0.254113407921,0.863157902893,0.341009836289
829,0.877905080269,0.279627853997,0.855263166522,0.363998530849
830,0.890998369275,0.257565243813,0.84473685136,0.330039901965
831,0.88477905697,0.261208203534,0.868421060474,0.26305792417
832,0.887397715093,0.253822102245,0.850000008941,0.34814552165
833,0.881505734719,0.268730421784,0.876315796846,0.324846808272
834,0.870049106728,0.282482333201,0.85526316613,0.337745884715
835,0.88216039953,0.258949871989,0.852631587731,0.34401011489
836,0.886743050575,0.25139134646,0.836842114988,0.368319533869
837,0.87757774807,0.284259469355,0.863157902893,0.328721361936
838,0.890343705049,0.245926442987,0.85526316613,0.370613368295
839,0.879541741699,0.253298989605,0.842105272177,0.371573294366
840,0.892635030657,0.245840007307,0.839473692994,0.399137477856
841,0.878887077083,0.275515699448,0.850000007372,0.307073016994
842,0.880196406047,0.258401750253,0.823684220251,0.422303368092
843,0.879869073581,0.260575170098,0.821052641853,0.405386104555
844,0.887070382724,0.259998807533,0.84736843015,0.334672513087
845,0.884124392598,0.258283955675,0.826315797865,0.368509056525
846,0.887725047316,0.254235065201,0.868421060474,0.31101890771
847,0.889689040652,0.244870282499,0.85526316613,0.298617543359
848,0.894599023847,0.248333824969,0.842105271785,0.381134599668
849,0.889689040652,0.246666655659,0.844736850575,0.342100015008
850,0.888707043691,0.256060279574,0.815789484272,0.371084760838
851,0.884779057116,0.254162810697,0.860526324103,0.294584801868
852,0.877905080342,0.256948364641,0.85526316613,0.367659229258
853,0.880523738367,0.258383331576,0.863157902893,0.320287372384
854,0.898199678589,0.246682958961,0.850000008156,0.339913157599
855,0.878887076986,0.272862354607,0.852631587339,0.336749148335
856,0.887070382992,0.261325084513,0.826315799826,0.40289854871
857,0.883142396027,0.25768500456,0.868421060082,0.321927395828
858,0.882487731655,0.256279847614,0.850000008941,0.29177858966
859,0.886415718328,0.255350338739,0.852631587339,0.320497403963
860,0.868412445883,0.277228902367,0.839473693387,0.330357607969
861,0.881178402715,0.251653770976,0.839473693779,0.375119877048
862,0.882487731362,0.260855257794,0.834210535413,0.329917808713
863,0.890016372875,0.249002936005,0.844736850183,0.354443306226
864,0.887725047292,0.256089895238,0.842105271785,0.423368473047
865,0.882487731606,0.257795262679,0.839473692994,0.34998296863
866,0.887725046901,0.249006971868,0.871052638873,0.342810769547
867,0.88183306699,0.257816450347,0.807894747116,0.381039744194
868,0.897545013949,0.245035347552,0.836842114204,0.397428894808
869,0.877577748022,0.277426341635,0.842105272177,0.365353335375
870,0.888707043789,0.255206067077,0.863157902893,0.318230447127
871,0.892962362928,0.247655457675,0.850000008549,0.305346543398
872,0.887725047316,0.245865075639,0.844736850968,0.384612886462
873,0.879214409282,0.261103289915,0.842105271785,0.433961190198
874,0.884451724845,0.257230590145,0.802631590319,0.442046102247
875,0.89427169177,0.238865244053,0.844736850183,0.343860242035
876,0.88216039953,0.259025551862,0.844736850575,0.380138737422
877,0.873649761471,0.286025004115,0.85526316613,0.336290699516
878,0.883469728177,0.266247026666,0.823684220251,0.371621456022
879,0.889034376207,0.251008350891,0.813157903913,0.398499519724
880,0.879214409525,0.268995980424,0.818421061886,0.376880019658
881,0.890343704927,0.25039284104,0.850000008549,0.336037797339
882,0.887397715191,0.260167662394,0.834210535413,0.357638312173
883,0.89198036626,0.242111893362,0.850000008941,0.369647989724
884,0.888379711615,0.258511030665,0.857894744528,0.295429803134
885,0.893944359694,0.245774264229,0.852631586359,0.324732657007
886,0.883797060643,0.263912353921,0.815789484272,0.395738048847
887,0.896890349503,0.240698610949,0.850000008941,0.364299494792
888,0.901473000768,0.222181592868,0.821052641461,0.385543737119
889,0.890016372558,0.245455417979,0.834210535021,0.429800547757
890,0.879869073483,0.26510959714,0.878947374852,0.283021956964
891,0.892962362879,0.244942702161,0.857894745312,0.338609082502
892,0.8831423961,0.26933435745,0.855263165345,0.328829597784
893,0.886743050575,0.259987082914,0.85789474492,0.336974085676
894,0.870049107241,0.287896317617,0.847368429366,0.35274091483
895,0.892635030559,0.240951207101,0.876315796454,0.359642609672
896,0.890343705122,0.250368287511,0.852631587731,0.355881327641
897,0.894926356216,0.245038012253,0.852631587731,0.414148522107
898,0.882815063805,0.258915375353,0.828947378224,0.379561299452
899,0.880851070322,0.267956408649,0.881578954427,0.308439398748
900,0.877250416018,0.268628211832,0.831578957015,0.392291577202
901,0.890343705,0.235052288226,0.831578957015,0.385422983712
902,0.891325701668,0.250643276494,0.868421060082,0.304500891178
903,0.889034376207,0.259728661886,0.834210534629,0.387214732699
904,0.889361708283,0.248672898639,0.84736843015,0.340785134915
905,0.890016372582,0.252969357551,0.852631587339,0.373692469812
906,0.88281506378,0.261196841629,0.842105272569,0.358755737629
907,0.87168576794,0.27062508373,0.85526316613,0.359191435254
908,0.887070382919,0.255226310164,0.847368429366,0.359881287637
909,0.881833066746,0.259944100802,0.857894745312,0.352074637445
910,0.887397715069,0.25595700823,0.800000011921,0.403124842499
911,0.881833067258,0.262629794221,0.844736850575,0.306753655516
912,0.88674305055,0.250253306957,0.860526323711,0.295974977226
913,0.893617027471,0.244980779149,0.842105271785,0.35772053395
914,0.883142395954,0.252183607561,0.842105272569,0.381253701001
915,0.893289695053,0.242595272252,0.818421063062,0.418059393764
916,0.891653033867,0.244096456295,0.871052638873,0.272350990688
917,0.893944359548,0.250204187478,0.834210536198,0.379173446624
918,0.894926356264,0.24553704688,0.831578957015,0.380465734762
919,0.898199678394,0.233933701396,0.834210535805,0.410715627561
920,0.886088386105,0.255423763427,0.831578956623,0.459316357351
921,0.87266776473,0.268648951122,0.828947377832,0.386394286945
922,0.887725047072,0.256812713484,0.850000008549,0.334266798534
923,0.89394435945,0.246009202954,0.839473693387,0.371285368174
924,0.879214409525,0.260211144547,0.855263166522,0.351271197292
925,0.890671037125,0.241373170647,0.855263165737,0.375057218413
926,0.879541741504,0.267266548496,0.844736850968,0.330445451172
927,0.880851070688,0.276761320156,0.836842114008,0.371467086695
928,0.889034376158,0.252670230445,0.871052638873,0.366191267955
929,0.890016372582,0.252405738431,0.860526324103,0.388979576602
930,0.88772504717,0.249167581269,0.826315799042,0.396744231559
931,0.881178402569,0.256716718234,0.847368429758,0.45092618618
932,0.887070382773,0.248295372551,0.823684220643,0.409161403925
933,0.881833067307,0.25376121031,0.844736850183,0.328311753251
934,0.885433721537,0.256852494553,0.834210534629,0.383843313946
935,0.887397714825,0.258528374399,0.842105271001,0.337801567585
936,0.891325701766,0.246842610458,0.892105269589,0.273306650735
937,0.87626841935,0.268533948731,0.842105272569,0.389690345717
938,0.883142396052,0.258542343026,0.831578956623,0.342243981388
939,0.900491004099,0.234851305588,0.85526316613,0.35083820166
940,0.894599023895,0.245695362629,0.850000008549,0.418446419356
941,0.885433721611,0.257445754433,0.831578956623,0.407590532109
942,0.880851070444,0.25504961004,0.842105272569,0.369433370517
943,0.884124392549,0.261290333555,0.834210535413,0.406871346806
944,0.888379711932,0.249796248884,0.826315799042,0.414438524872
945,0.879214409355,0.266579085014,0.818421062278,0.419261008771
946,0.885106389364,0.260803600348,0.855263165737,0.323952833068
947,0.894599023822,0.235354903587,0.834210535413,0.354501232572
948,0.890343704805,0.253713716012,0.836842114008,0.342813589151
949,0.886088386105,0.253593596506,0.828947378224,0.333633219223
950,0.884451724942,0.251522424751,0.855263165737,0.361371350614
951,0.888379711664,0.244437691086,0.831578957407,0.346729195683
952,0.900491003977,0.240748251294,0.855263166522,0.344384914687
953,0.896563017329,0.240300317572,0.850000008156,0.362774288962
954,0.894599023944,0.241855029219,0.839473693779,0.344617069466
955,0.893944359596,0.238495267859,0.852631587339,0.427681028034
956,0.873322429199,0.276216811526,0.876315796846,0.333321568385
957,0.881505734962,0.262481580229,0.850000008941,0.370750120498
958,0.889361708381,0.248985048133,0.878947374852,0.266665549198
959,0.883797060643,0.272469787229,0.857894745312,0.338712913695
960,0.885761053833,0.251068117582,0.836842113812,0.387819517526
961,0.886415718474,0.251674973577,0.855263166522,0.307178124491
962,0.894926356362,0.240155783305,0.818421063455,0.420413652129
963,0.894271691478,0.243432184395,0.828947378224,0.32872611916
964,0.892962362831,0.233737214993,0.842105272569,0.379120718751
965,0.895253688243,0.246761381958,0.831578956231,0.407728070405
966,0.892962362636,0.240843916483,0.847368429758,0.378972809486
967,0.892635030267,0.243066328982,0.823684220643,0.398908970914
968,0.899836339605,0.242025143817,0.871052639265,0.311746674957
969,0.888052379319,0.265054012473,0.865789481684,0.327333155514
970,0.886088386007,0.260945630158,0.863157902893,0.3322546339
971,0.886088385885,0.253711743869,0.839473693387,0.365794900541
972,0.889034376061,0.246824744672,0.850000007764,0.329202963235
973,0.887725047218,0.264551982284,0.860526323711,0.30867925502
974,0.885106389339,0.259340840337,0.823684220643,0.402233753978
975,0.886088386105,0.260637989893,0.850000007764,0.345069147738
976,0.878559744763,0.275292723719,0.850000008549,0.324132754124
977,0.882815063805,0.252678081004,0.84473685136,0.330731870588
978,0.87855974469,0.274241514187,0.839473692994,0.365286206076
979,0.882160399335,0.268021488734,0.831578956427,0.355380213672
980,0.884451724747,0.256512862066,0.828947378224,0.379558578832
981,0.88445172504,0.266104595794,0.871052638873,0.327378489549
982,0.889689040457,0.247778434491,0.857894745312,0.36637274133
983,0.878887077351,0.259041797373,0.844736850575,0.357940809118
984,0.897545013778,0.235370143558,0.844736850968,0.393480637708
985,0.89721768158,0.23806334554,0.839473693779,0.435610414213
986,0.881833066966,0.247255016265,0.90000000596,0.341943323094
987,0.883797060546,0.252529610268,0.834210536198,0.380676721639
988,0.89132570179,0.239475911089,0.831578956623,0.409774383395
989,0.887397715142,0.252470500512,0.82631579865,0.358694000206
990,0.887070382871,0.256790569543,0.823684220643,0.392191284935
991,0.884124392525,0.254990386963,0.860526322926,0.319025819925
992,0.891980366309,0.246167289422,0.847368429758,0.365982056565
993,0.897872346147,0.22727796652,0.842105272569,0.407826211169
994,0.879869073337,0.264400670741,0.850000008941,0.381421965915
995,0.888379711615,0.255336154647,0.828947378617,0.369460839141
996,0.891980365919,0.234272251896,0.85526316613,0.351009005092
997,0.888379711713,0.243450228834,0.826315799434,0.40105700858
998,0.903764326327,0.219731698099,0.842105271393,0.389199573694
999,0.888379711566,0.239365430254,0.850000008549,0.371568870326
