epoch,acc,loss,val_acc,val_loss
0,0.747626852531,0.532684635566,0.776315800846,0.73431386317
1,0.769558112745,0.484213608876,0.789473695975,0.525023167659
2,0.776432090032,0.461700258859,0.802631589535,0.655872624292
3,0.788216050098,0.420040123335,0.747368433758,0.677146171563
4,0.793126033122,0.425864755583,0.805263168718,0.37510979553
5,0.794762694382,0.417585329172,0.807894747312,0.413670388688
6,0.789852710871,0.428283066106,0.784210537609,0.437965634622
7,0.793780697982,0.403693388788,0.75789474892,0.492822480829
8,0.789852710846,0.41884599951,0.781578957446,0.456473219012
9,0.798690681103,0.39274320488,0.797368431562,0.488246250211
10,0.815384624803,0.386678277361,0.794736852771,0.459609416068
11,0.802618667874,0.385569104074,0.807894747508,0.434136433135
12,0.808510648151,0.374615570576,0.755263169345,0.559129792021
13,0.809492644502,0.378055454166,0.773684222055,0.471292418477
14,0.796399355569,0.398860027633,0.797368431562,0.467187309442
15,0.792471368335,0.398899003278,0.826315799042,0.386658058943
16,0.805237325704,0.381373950581,0.778947379636,0.431866368769
17,0.80949264499,0.374305844746,0.81578948388,0.410528346455
18,0.818985279156,0.386118401994,0.807894746528,0.424048872665
19,0.818657947323,0.368612675261,0.802631589927,0.441222007779
20,0.814402627916,0.366547875509,0.831578957015,0.457914857243
21,0.81603928898,0.372975431718,0.792105273197,0.426415528955
22,0.811456638253,0.368947785525,0.823684220643,0.429604652583
23,0.818003282756,0.370770490782,0.800000009372,0.405973967312
24,0.809492644843,0.376377773912,0.807894746332,0.448388703413
25,0.823895263082,0.362781835522,0.802631588751,0.38206342196
26,0.823240598051,0.358020713355,0.805263168326,0.397222134101
27,0.814075295888,0.367297121697,0.821052641461,0.391061851755
28,0.825531923561,0.361767849548,0.813157904697,0.385088363871
29,0.816366621276,0.360098998524,0.813157904305,0.432805581067
30,0.814729960382,0.372560877335,0.813157904501,0.398231474621
31,0.822258601675,0.358687527039,0.786842117184,0.476362694557
32,0.825531924,0.364309036229,0.813157905481,0.380684617025
33,0.828150581636,0.351329695939,0.807894746332,0.404025798271
34,0.819312611305,0.353980857592,0.844736850575,0.384774092634
35,0.827168584504,0.356744573532,0.821052641853,0.418903867567
36,0.81767595007,0.354061898972,0.823684219467,0.495371977921
37,0.817021285771,0.354881332239,0.8078947479,0.447945530257
38,0.834697226309,0.358153150534,0.82631579865,0.434848553844
39,0.823567930883,0.343369520756,0.815789484272,0.470135738975
40,0.846153854226,0.324009771994,0.800000010352,0.435459897621
41,0.845499190171,0.334970568491,0.813157904697,0.49676677494
42,0.822258601554,0.360035941419,0.813157905481,0.430786307705
43,0.828477913883,0.336649406037,0.813157905089,0.428346101391
44,0.829132578743,0.34906715529,0.802631588359,0.423523993403
45,0.838952545546,0.332884355855,0.802631588947,0.543043313818
46,0.830441907341,0.351847226071,0.781578959211,0.459748636159
47,0.830769239807,0.337654657625,0.815789483095,0.422063994908
48,0.849099844475,0.315260564661,0.831578956231,0.411966260621
49,0.848445179785,0.319164571433,0.794736853556,0.424120634451
50,0.839279877622,0.33470630008,0.810526325514,0.438277488991
51,0.835351890706,0.334077459993,0.800000011137,0.457497705283
52,0.83076923971,0.337669997615,0.852631587339,0.390687971033
53,0.841243870861,0.321994422345,0.786842117576,0.622590739403
54,0.824222595402,0.352178429852,0.818421061886,0.400672944924
55,0.841898535307,0.324854816296,0.794736853163,0.446127857621
56,0.83044190717,0.34926454821,0.815789483488,0.439782241653
57,0.840916539053,0.329491915148,0.823684221036,0.432979754754
58,0.835679222953,0.330723392873,0.834210536198,0.415398404649
59,0.834042561669,0.336868045775,0.842105272177,0.405159051775
60,0.844189861036,0.323600315557,0.813157905481,0.483583384095
61,0.840261874022,0.326493356694,0.792105273981,0.452688985725
62,0.843207864295,0.329964614697,0.860526324103,0.363753339129
63,0.833060565269,0.332195830984,0.828947377832,0.400139192634
64,0.836661219865,0.339276458214,0.847368429758,0.355128087459
65,0.849099844597,0.322521360533,0.821052640676,0.409252395682
66,0.83436989416,0.338716830668,0.844736850575,0.379157104137
67,0.842225867359,0.321935844743,0.826315798454,0.400326612847
68,0.839607209821,0.326191548904,0.852631587731,0.391303260835
69,0.849754508847,0.312129643918,0.850000008941,0.41430177732
70,0.851391170034,0.317815127909,0.815789483095,0.404993595801
71,0.843535196542,0.321188431392,0.83947369221,0.36734502243
72,0.851391170204,0.315310466041,0.839473693387,0.372118575759
73,0.833715229861,0.324088010541,0.842105271785,0.365125116426
74,0.841243871129,0.327945078277,0.850000008156,0.375645204098
75,0.845826522199,0.320650665891,0.85526316613,0.317483367241
76,0.849427176917,0.315653351576,0.82631579865,0.384802093092
77,0.832078568576,0.330504143278,0.831578956819,0.365940191403
78,0.836661219938,0.332285451689,0.842105272177,0.433969996968
79,0.845171857607,0.319437914926,0.821052641461,0.390443649872
80,0.846153854153,0.30729121346,0.839473693387,0.441312912545
81,0.838625213006,0.335624839489,0.810526325514,0.438054030091
82,0.848445179956,0.311488668479,0.828947378224,0.505908870818
83,0.849099844743,0.312766168468,0.828947377832,0.425616093495
84,0.846481186766,0.321860094599,0.828947378224,0.393360800159
85,0.84975450914,0.320160765423,0.852631586947,0.385435609597
86,0.843207864368,0.316408387804,0.834210534629,0.428198810287
87,0.84942717699,0.317715863214,0.818421062278,0.561462426923
88,0.859574475675,0.305262447727,0.836842114596,0.407335438373
89,0.858592479104,0.302380521082,0.805263167541,0.448483874157
90,0.848445180127,0.312608148982,0.831578956623,0.437691106584
91,0.847790515559,0.317284752549,0.831578957015,0.441269552752
92,0.849427176941,0.30971579628,0.831578957407,0.447634156548
93,0.847135851114,0.321038862504,0.844736850575,0.352854079518
94,0.845171858046,0.313490221777,0.821052641069,0.370224774012
95,0.836988551722,0.32999865323,0.813157903913,0.46050580874
96,0.861538469206,0.293823260799,0.84736843015,0.4049486077
97,0.851063837787,0.312020473703,0.818421063455,0.428800390408
98,0.851391170253,0.306136320868,0.847368429758,0.336383628301
99,0.848772512252,0.314953591696,0.863157902893,0.343491962921
100,0.85826514693,0.299467380703,0.831578957015,0.477885325733
101,0.844189860939,0.314419449507,0.821052641853,0.478996032927
102,0.852373166531,0.315178231914,0.876315796846,0.301027785705
103,0.849754508944,0.305376207825,0.828947377832,0.449015179851
104,0.853027830928,0.309840416764,0.834210535413,0.393121519391
105,0.860556472538,0.304637341963,0.83947369221,0.399644534236
106,0.860556472611,0.3056670906,0.810526325907,0.419513427228
107,0.8451718579,0.326898517285,0.860526324103,0.356783923889
108,0.844844525579,0.327825447066,0.863157902109,0.355777737599
109,0.854009827376,0.297377643771,0.781578959603,0.554653618705
110,0.84124387052,0.328754240784,0.826315799434,0.396518589806
111,0.850081841192,0.314099006754,0.828947377832,0.496093468495
112,0.855319156853,0.314887747614,0.818421062278,0.474217833996
113,0.852373166677,0.30827170768,0.876315796454,0.357174859554
114,0.850736505369,0.312993375514,0.828947378224,0.406081658787
115,0.843207864197,0.325560328784,0.831578957407,0.444068271636
116,0.855319156779,0.300602169677,0.84736843015,0.448414079857
117,0.860229139998,0.293746698937,0.844736850968,0.368656923066
118,0.860883804663,0.300200133366,0.865789481292,0.364785009101
119,0.863829794594,0.286580260401,0.839473693387,0.416750429988
120,0.863829794351,0.290095606218,0.85789474492,0.390575144108
121,0.852373166507,0.312172769875,0.852631586751,0.444276199468
122,0.851391170204,0.318076826022,0.842105271785,0.452212104022
123,0.859247143354,0.306484792732,0.860526323711,0.384067723571
124,0.85368249569,0.304872894114,0.863157902893,0.436623348805
125,0.844517193552,0.312326668727,0.828947378224,0.382262754659
126,0.853027830879,0.30256324284,0.852631587339,0.409329365669
127,0.853682495715,0.304736116255,0.844736850968,0.417335410731
128,0.846808518672,0.331035594988,0.860526323318,0.391292074233
129,0.856301153106,0.311954260135,0.802631589535,0.468639955234
130,0.853682495715,0.310496006597,0.847368429366,0.398658669741
131,0.857610482241,0.295952082141,0.857894745312,0.396585150996
132,0.852700499242,0.303984056103,0.839473693387,0.413695119677
133,0.853027831025,0.308172596423,0.813157905089,0.526499254749
134,0.85335516315,0.314033004966,0.82894737744,0.420312665231
135,0.864811791409,0.291358558687,0.850000007372,0.385386988729
136,0.840261874291,0.321753570868,0.828947378224,0.431689370672
137,0.856955818039,0.308844218189,0.842105271785,0.43112409772
138,0.847790515559,0.309722668423,0.857894743744,0.42017104027
139,0.855319156975,0.302937763184,0.860526323711,0.367314131963
140,0.868085113709,0.286815350558,0.842105272569,0.373361240778
141,0.851063837616,0.309042401124,0.805263168326,0.514616165733
142,0.857283150116,0.300224417854,0.855263166522,0.431379513737
143,0.861538468816,0.297081205384,0.826315799826,0.499162043508
144,0.857937814683,0.293523697109,0.857894744528,0.381476685834
145,0.85728315014,0.306139919861,0.8368421144,0.380447530726
146,0.858592478738,0.307310726109,0.836842114204,0.373767161276
147,0.850736505174,0.301825247746,0.844736849595,0.419396856726
148,0.871358435692,0.288622512383,0.855263166522,0.395750723032
149,0.864157126793,0.293737042945,0.815789484272,0.453332453566
150,0.853682495617,0.302849428893,0.884210533217,0.339928069495
151,0.85171850233,0.308948685984,0.85789474492,0.34884666173
152,0.870049107143,0.278986655255,0.855263165737,0.439075389264
153,0.868085113807,0.296790477061,0.865789481684,0.351666566145
154,0.865793788248,0.291125653466,0.831578956623,0.582544549021
155,0.863175130271,0.292712766017,0.847368429758,0.351252045027
156,0.867103117187,0.288197645489,0.834210535805,0.576795461731
157,0.848445180151,0.317880120945,0.805263167541,0.502365867497
158,0.848117847587,0.313684834625,0.839473693387,0.416417889389
159,0.861865801136,0.28777157115,0.863157902893,0.343279812074
160,0.860556472587,0.301130010382,0.852631587339,0.383057302207
161,0.851391170131,0.304740988078,0.844736850968,0.392651345682
162,0.86153846906,0.292642453451,0.857894745312,0.573535887292
163,0.869394442771,0.28409754173,0.860526323711,0.402160016849
164,0.86022914034,0.291678269968,0.85526316613,0.368021161835
165,0.862847797951,0.288697703969,0.868421060474,0.330158754713
166,0.865466455708,0.294279806587,0.836842113027,0.414856187889
167,0.867103117041,0.283863776807,0.839473693387,0.505470972738
168,0.854991824532,0.298158263088,0.826315799042,0.395080615828
169,0.861211136813,0.302270870756,0.842105272569,0.423678754358
170,0.855973821103,0.307541576296,0.857894745312,0.400833160267
171,0.861538468962,0.297023508742,0.85526316613,0.411420737486
172,0.858265147028,0.293515722738,0.85789474492,0.468991600115
173,0.865466455976,0.294764554227,0.871052639265,0.388960652041
174,0.862847798243,0.305523641005,0.852631586947,0.374883918395
175,0.860883804712,0.301512548064,0.842105272177,0.568669557894
176,0.850081841265,0.309007353032,0.813157903521,0.444651658864
177,0.865139123632,0.291967599862,0.863157902109,0.372896024191
178,0.8589198114,0.295115297328,0.852631586947,0.426480869995
179,0.853682495471,0.302294043115,0.863157902109,0.478742941433
180,0.857610482631,0.30261232378,0.85789474492,0.422972909617
181,0.86710311709,0.293258680814,0.850000008549,0.418701096307
182,0.85793781461,0.301840753013,0.852631587339,0.377509685636
183,0.86350246225,0.286015862751,0.834210535413,0.373601484233
184,0.861211137081,0.300917464121,0.857894744528,0.370740353975
185,0.865139123924,0.284182113064,0.860526323711,0.351098728277
186,0.869067109963,0.284803315666,0.863157902501,0.443917532596
187,0.8566284855,0.290840948783,0.839473692994,0.44930203319
188,0.86972177475,0.285993139912,0.884210532433,0.362125948255
189,0.861211136764,0.287171286846,0.839473693387,0.366097679529
190,0.859247143574,0.289311098386,0.836842114596,0.466855577416
191,0.861211136715,0.29523105962,0.834210536198,0.427637114356
192,0.866121120373,0.286322092275,0.886842112008,0.311988297977
193,0.867757781438,0.283090358998,0.834210535805,0.412844040459
194,0.866775784574,0.282961232133,0.836842113812,0.41014598486
195,0.871358435668,0.28902393488,0.876315796846,0.3719016427
196,0.861211136935,0.298735649622,0.836842114204,0.446116838463
197,0.858265146881,0.293110496159,0.828947377244,0.450269024531
198,0.8671031167,0.279393819207,0.876315796062,0.360413154604
199,0.872995096782,0.273487645973,0.839473693387,0.444406808526
200,0.871358435936,0.272363244833,0.842105272177,0.441960255116
201,0.865793788199,0.280996271826,0.892105269197,0.347789119112
202,0.86415712689,0.288064232767,0.844736849791,0.386585636086
203,0.867430449313,0.284380451832,0.836842114596,0.415990155757
204,0.863175130247,0.278214498315,0.852631587339,0.323384715467
205,0.857937814878,0.299675210295,0.865789481292,0.354476827932
206,0.865139123558,0.287075667276,0.852631586751,0.345033132676
207,0.85826514693,0.300055683333,0.871052639265,0.380619430903
208,0.862193133456,0.283347818949,0.863157902501,0.356649797663
209,0.872995097245,0.279525578615,0.871052638481,0.307726115724
210,0.871031103714,0.286223024075,0.852631587339,0.445488141886
211,0.873977093694,0.271032451204,0.884210532825,0.346568128333
212,0.866775784428,0.287684577249,0.831578957015,0.473166354689
213,0.86710311709,0.284887302749,0.876315796846,0.377268616091
214,0.847790515511,0.301576881566,0.826315798846,0.416204202859
215,0.869721774725,0.290743688935,0.842105272569,0.4146907294
216,0.873977093669,0.27899432369,0.85789474492,0.391190992873
217,0.85924714372,0.299214968851,0.850000008549,0.530673709155
218,0.869721774676,0.289103963063,0.839473692798,0.486873709266
219,0.869394442698,0.273934830455,0.886842111616,0.342239251459
220,0.877905080415,0.273336375242,0.852631587339,0.392047644885
221,0.865139123827,0.289659262357,0.860526322926,0.395437754565
222,0.868085113709,0.284271504876,0.863157902501,0.444315045779
223,0.866775784867,0.296246324899,0.865789481292,0.383927451705
224,0.86513912351,0.288147064988,0.855263165737,0.414241205869
225,0.869721774701,0.279037092579,0.84473685136,0.377960391404
226,0.86873977796,0.276315452811,0.842105271001,0.400680100304
227,0.868085113465,0.287494265442,0.852631587339,0.391364809079
228,0.865466455781,0.294648323518,0.839473692602,0.4238823742
229,0.867103116822,0.285771229803,0.860526323711,0.339429430723
230,0.875613754783,0.28162281472,0.842105272177,0.475742576586
231,0.86906711006,0.280423905376,0.85789474492,0.366371187541
232,0.86186580138,0.289492242883,0.823684220251,0.400778403407
233,0.869067110572,0.275409029874,0.836842114204,0.511310912288
234,0.850409173317,0.309112494202,0.860526323318,0.413719085709
235,0.859901807849,0.291278538314,0.842105272569,0.429734643657
236,0.8631751301,0.285871054603,0.852631587731,0.416464260459
237,0.858592479007,0.287225783691,0.855263165737,0.442939439923
238,0.854337159892,0.303999989251,0.852631587731,0.396257099789
239,0.866775784867,0.277718060576,0.8657894809,0.327784881554
240,0.886415718425,0.261118389405,0.860526323711,0.407897061394
241,0.867757781413,0.282775621835,0.871052639265,0.347053176802
242,0.866775784867,0.289541217864,0.844736850968,0.404782508063
243,0.875286422682,0.27175570299,0.8657894809,0.305468533038
244,0.870376439268,0.283631236638,0.857894744528,0.390679293532
245,0.869067110304,0.277834206929,0.860526324103,0.313204831358
246,0.863502462347,0.287058890922,0.85526316613,0.359113033969
247,0.872995096952,0.271062907546,0.868421060082,0.330541919362
248,0.884451724894,0.261786376737,0.844736850968,0.385009086643
249,0.863829794424,0.285409892688,0.850000008549,0.351763534013
250,0.870703771467,0.275035051402,0.871052638873,0.384129928485
251,0.86972177492,0.283348993778,0.881578954035,0.298485694596
252,0.864484459259,0.282912578159,0.884210533217,0.291102540982
253,0.874959090533,0.268129589428,0.834210535413,0.427326376355
254,0.865139123949,0.284183905116,0.871052639265,0.425726257946
255,0.874631758261,0.271707056334,0.834210536198,0.459453298911
256,0.867103116919,0.293167198238,0.892105269589,0.317888390018
257,0.87103110386,0.273503011611,0.834210536198,0.401773510134
258,0.871685768159,0.277445641625,0.810526325514,0.437115200501
259,0.86513912351,0.284551240205,0.881578954427,0.42505230173
260,0.871358435936,0.276976742942,0.84736843015,0.373824812542
261,0.866775784623,0.276132266611,0.855263165345,0.385100903786
262,0.867103117285,0.288300589024,0.881578954035,0.345644914459
263,0.869394442551,0.276838806389,0.876315796062,0.352613967861
264,0.867103116992,0.287669973521,0.860526323318,0.343676709879
265,0.877577748265,0.272174717913,0.842105272177,0.374566842551
266,0.868412445932,0.289947197137,0.850000007372,0.377925502841
267,0.871031103811,0.270148300811,0.813157904501,0.454975839631
268,0.869721774676,0.28061017949,0.86842105969,0.360319093475
269,0.87430442599,0.268428126377,0.886842112008,0.351223776393
270,0.869721774725,0.277908072386,0.86842105969,0.339690438107
271,0.882160399042,0.271241090702,0.850000007372,0.366957913914
272,0.873977094011,0.269506105564,0.86052632273,0.423626667775
273,0.871358435766,0.271633522306,0.860526323711,0.349443267136
274,0.864484459308,0.280907326256,0.85789474492,0.372778468452
275,0.872340432507,0.264981339856,0.873684218055,0.329818563107
276,0.873322429443,0.279834444773,0.863157902305,0.356045526532
277,0.859247143598,0.288224394284,0.850000008549,0.439653514979
278,0.87070377154,0.287921064663,0.852631587339,0.367041842406
279,0.861538469255,0.283257321594,0.894736847987,0.291018513366
280,0.877250415945,0.261151838606,0.842105272177,0.399953519154
281,0.86579378815,0.283515226193,0.86842105969,0.40124234288
282,0.872995097026,0.28026749317,0.863157902893,0.396868706674
283,0.869721774823,0.27115873378,0.863157902893,0.427799004112
284,0.874304426087,0.270733074137,0.865789481292,0.344984802633
285,0.88576105376,0.271898589475,0.876315796846,0.354782374189
286,0.877905080391,0.265083910053,0.831578956623,0.520309936156
287,0.862520465728,0.295785118004,0.85789474492,0.366310670731
288,0.88936170843,0.248217058927,0.844736850183,0.454492180437
289,0.875613754539,0.268114265472,0.863157902501,0.48430406567
290,0.871358435839,0.273614593545,0.852631587339,0.421828053082
291,0.872340432556,0.272156237629,0.836842114204,0.385403959063
292,0.870703771637,0.277745968919,0.871052638873,0.318299774854
293,0.874304425916,0.273321054513,0.852631587339,0.402862549004
294,0.873649761544,0.280732620809,0.852631587731,0.361504424129
295,0.872340432483,0.288465360309,0.868421060082,0.339233939361
296,0.880851070639,0.259008037978,0.855263166522,0.366870648555
297,0.875286422658,0.266586936547,0.868421060474,0.328122867468
298,0.867757781072,0.28259520971,0.84736843015,0.406065772104
299,0.881833067063,0.263169850643,0.85789474492,0.431797406525
300,0.869394442551,0.274190513266,0.839473692994,0.369699492961
301,0.87561375471,0.26752056621,0.873684217271,0.335939542005
302,0.869721774969,0.273192047434,0.892105269589,0.321145892353
303,0.869721774725,0.27617926034,0.852631587339,0.424701426301
304,0.878887077278,0.260200490181,0.855263165737,0.329764764577
305,0.877905080342,0.267210695803,0.85526316613,0.369578746932
306,0.882487731777,0.267944311826,0.855263166522,0.401893331761
307,0.857610482509,0.300904081892,0.871052639265,0.380927427449
308,0.864811791238,0.289831846038,0.834210536198,0.407761153833
309,0.874959090215,0.266255267702,0.842105272569,0.435546566779
310,0.863829794716,0.279486402401,0.81842106267,0.388977789148
311,0.873977093621,0.279115583522,0.86842105969,0.39541698618
312,0.870049107143,0.280189142701,0.84473685136,0.410847589326
313,0.875941087249,0.270287745644,0.831578956623,0.408044471839
314,0.873649761276,0.271346379619,0.836842114204,0.423535239975
315,0.866775784818,0.288149927161,0.810526325907,0.463662989386
316,0.885761054077,0.255268916296,0.85789474492,0.316058048815
317,0.875613754905,0.261209589402,0.860526324103,0.353049375867
318,0.878232412516,0.266686176502,0.84473685136,0.480672373994
319,0.881833067112,0.25596116653,0.852631587339,0.402955417848
320,0.880196405852,0.254065400535,0.826315799826,0.461497036897
321,0.87430442599,0.26838347567,0.876315796062,0.408291832228
322,0.872995097001,0.276380447663,0.889473690406,0.356655568385
323,0.87954174148,0.27667607642,0.863157902501,0.34957378758
324,0.875613755027,0.270465656354,0.881578954427,0.297108174059
325,0.872013100528,0.271734952547,0.834210535021,0.439716362713
326,0.869067110304,0.274564122392,0.836842114596,0.419009998881
327,0.872340432751,0.280353631297,0.85789474492,0.425025600994
328,0.876595751622,0.290775610293,0.868421060082,0.331712189327
329,0.884779057092,0.261437316565,0.836842114204,0.382163033949
330,0.867757781389,0.285996981887,0.852631587339,0.331020247994
331,0.875613754832,0.268464871714,0.828947377832,0.63013512697
332,0.872995097099,0.268126949732,0.844736850575,0.476760373538
333,0.876595751695,0.268782104708,0.844736850379,0.481818910943
334,0.873977093694,0.274056258659,0.855263165737,0.42462757754
335,0.877905080391,0.268390628921,0.863157902893,0.386751684527
336,0.872340432556,0.280341124558,0.860526324103,0.338567023992
337,0.866448452181,0.281133978593,0.878947375244,0.389214738438
338,0.875286422804,0.273138554757,0.860526324103,0.456062431231
339,0.871685768061,0.264531434199,0.871052638873,0.467297396281
340,0.877577748168,0.268699502245,0.852631586947,0.366383760983
341,0.876268419228,0.270625042631,0.892105269589,0.280219638853
342,0.870376439219,0.270699108423,0.863157902501,0.433345167008
343,0.876923083771,0.259601659297,0.84473685136,0.446855358338
344,0.872667764705,0.273659161912,0.850000008549,0.397260790944
345,0.87561375488,0.268746457637,0.860526323318,0.382604985725
346,0.871358435839,0.274382069142,0.852631587731,0.403197535507
347,0.876268419131,0.268834165355,0.818421062278,0.400397983559
348,0.886415718157,0.255901699523,0.855263166522,0.392240839109
349,0.87070377132,0.277696844181,0.85789474492,0.415860456827
350,0.875286422414,0.269204356889,0.85789474492,0.345802924309
351,0.863829794765,0.272970076925,0.852631586947,0.352797831131
352,0.889689040506,0.249423747753,0.834210534825,0.362724121715
353,0.887070382822,0.256422867038,0.844736850968,0.506972649941
354,0.885761053687,0.263923783697,0.876315796846,0.324635423812
355,0.879541741748,0.258853652513,0.852631586947,0.383697635113
356,0.883797060643,0.256865691491,0.836842114988,0.469645046874
357,0.863175130173,0.288803375969,0.878947375244,0.432222052924
358,0.863502462445,0.282877163747,0.85526316613,0.349538506646
359,0.876595751451,0.272677522868,0.839473693779,0.330238930034
360,0.877577748168,0.26273798558,0.881578954427,0.337704204788
361,0.874304425575,0.269803583506,0.884210532825,0.304594784528
362,0.881505734938,0.257739162723,0.897368426386,0.319343006698
363,0.882815063487,0.262563391934,0.836842114596,0.373085833234
364,0.881178402886,0.258427470921,0.871052638873,0.359104978323
365,0.879214409233,0.254178403369,0.85526316613,0.404134234705
366,0.873649761593,0.270657316663,0.85526316613,0.318827496282
367,0.882815063926,0.245928872718,0.84473685136,0.392397409233
368,0.870049107045,0.277800546349,0.863157902501,0.368533612007
369,0.878232412711,0.26972929267,0.881578954427,0.375105055613
370,0.876595751305,0.275781142226,0.892105269589,0.353977487486
371,0.873322428785,0.269169771357,0.839473693779,0.389493692877
372,0.88052373827,0.263437415998,0.847368429758,0.37916599924
373,0.869067110475,0.268373849163,0.844736850183,0.412128121507
374,0.876268419399,0.274075037714,0.863157902501,0.431878055923
375,0.877250415994,0.266568129158,0.894736848379,0.314183782591
376,0.863175129954,0.280241588266,0.844736850968,0.362648636252
377,0.875613754832,0.271660068389,0.865789481684,0.380410382012
378,0.879869073727,0.259957396923,0.876315796062,0.348616231286
379,0.874304426111,0.271515478305,0.844736850183,0.393943512128
380,0.86873977835,0.27923703814,0.821052641265,0.409959287423
381,0.877250416116,0.266565724156,0.873684217271,0.331883564345
382,0.877577748168,0.262191916723,0.863157902109,0.418855404423
383,0.867757781584,0.27058870817,0.857894745312,0.353712540821
384,0.878232412491,0.261979617912,0.852631586947,0.350386312006
385,0.8837970604,0.251800513279,0.871052638873,0.354278432002
386,0.874631758163,0.265932412538,0.871052638481,0.40333682592
387,0.876595751207,0.26021543047,0.842105271785,0.591681535155
388,0.886743050672,0.262687415448,0.892105269589,0.338960625848
389,0.88576105398,0.255486299541,0.844736850575,0.455600336055
390,0.875941087006,0.263093040657,0.868421059886,0.434731836026
391,0.885761053833,0.257592355275,0.831578957015,0.477287802295
392,0.883142396344,0.253964047719,0.865789481684,0.429384076548
393,0.880523738319,0.262753208762,0.894736848379,0.360060844174
394,0.879541741431,0.257841973072,0.839473692994,0.49873067306
395,0.880196406072,0.262784781974,0.876315796062,0.47960437338
396,0.876268419423,0.271422579173,0.889473690406,0.314785346331
397,0.88019640595,0.257108530731,0.842105272569,0.467051467332
398,0.888707043691,0.254561795059,0.873684216683,0.534780705409
399,0.893289695005,0.243182128124,0.860526324103,0.434619126393
400,0.890343705,0.2465258006,0.852631587731,0.631958335453
401,0.883469728323,0.252913052957,0.884210533217,0.438644601317
402,0.880196406194,0.260657698407,0.844736850575,0.40935618851
403,0.88216039931,0.252973447116,0.865789480507,0.360218978181
404,0.883142396271,0.254864987097,0.850000008549,0.439488616766
405,0.874959090533,0.275011390222,0.860526323318,0.385046564392
406,0.878887077059,0.265213387125,0.886842111616,0.317870698932
407,0.87168576811,0.273220100892,0.863157902501,0.443050531865
408,0.8765957515,0.253682778819,0.863157902893,0.352869406055
409,0.890343704854,0.251927548587,0.839473692602,0.497704424329
410,0.883142396149,0.262109844026,0.855263166522,0.374838154051
411,0.880851070517,0.253076903515,0.863157902501,0.466894864129
412,0.883797060156,0.255591446116,0.834210535805,0.461785328774
413,0.877905080586,0.265137213187,0.852631587731,0.37167510108
414,0.871031103811,0.27658392815,0.839473693387,0.469857989077
415,0.879214409379,0.256276355191,0.839473693387,0.468281420508
416,0.884124392988,0.251157024738,0.873684217663,0.329074073293
417,0.875941086932,0.272816536413,0.850000008941,0.398257281456
418,0.881505735133,0.258980625307,0.860526322926,0.403909111999
419,0.885433721635,0.239180847747,0.852631587731,0.352589518367
420,0.877905080342,0.262309797285,0.860526323318,0.301671716747
421,0.879869073971,0.260548194956,0.884210532825,0.370972367962
422,0.88183306721,0.25705988584,0.85526316613,0.356995831789
423,0.873649761398,0.277458529145,0.897368426778,0.295681741137
424,0.880851070298,0.259155294904,0.847368428974,0.358525255167
425,0.887397714874,0.25165312345,0.863157902893,0.387079726497
426,0.881178402569,0.255867132696,0.894736847987,0.371400861756
427,0.877250415945,0.266605209597,0.881578954035,0.321451908452
428,0.879869073873,0.269127254832,0.913157899521,0.277145096496
429,0.882160399188,0.259988190888,0.90000000596,0.285717255576
430,0.884779056994,0.25825797518,0.860526323318,0.3963915403
431,0.880851070639,0.26585111625,0.886842112008,0.453564171897
432,0.883469728323,0.257566005939,0.8657894809,0.392807763075
433,0.878232412711,0.259508601543,0.894736847987,0.390556293867
434,0.869067110304,0.284370234116,0.85526316613,0.426076900243
435,0.876595751549,0.258974288307,0.836842114596,0.46651349274
436,0.875941087103,0.265823586483,0.881578954427,0.405297463486
437,0.877577748412,0.26794500156,0.839473693779,0.348282452396
438,0.879869073727,0.265771875589,0.886842111224,0.344049161803
439,0.878232412857,0.254027381246,0.884210532825,0.383567376209
440,0.899509007529,0.236264096376,0.873684218055,0.461314290531
441,0.877577748461,0.270124926592,0.881578954035,0.332441221894
442,0.880196406047,0.257065540994,0.847368429758,0.344971379916
443,0.887725047096,0.252911513949,0.889473690406,0.346012282781
444,0.880851070541,0.261660974238,0.836842114596,0.407879381768
445,0.878559744812,0.252858032439,0.860526324103,0.448611113938
446,0.873977093596,0.264616842611,0.857894744136,0.361577805053
447,0.893289695248,0.241598438095,0.892105269589,0.31613217972
448,0.890343704756,0.239962444933,0.855263165345,0.323769787516
449,0.880196405901,0.264100915839,0.860526323318,0.363301833307
450,0.883142395832,0.24957043123,0.868421060474,0.373639777459
451,0.878887077254,0.265480817415,0.868421060082,0.299015917905
452,0.876923083966,0.256817125436,0.881578954035,0.338589431602
453,0.889361708283,0.249462305652,0.85789474492,0.497323064635
454,0.878887077303,0.261454645598,0.871052638873,0.347014375875
455,0.885761053931,0.255112389898,0.873684218055,0.297253997627
456,0.87463175831,0.271680422687,0.915789478704,0.348026666078
457,0.890343704951,0.247618457453,0.847368429758,0.401189010462
458,0.881833067258,0.256302458975,0.85526316613,0.377435439148
459,0.887397714898,0.259961889705,0.855263166522,0.403444045787
460,0.88183306721,0.25901171203,0.865789481684,0.299887221082
461,0.879541741602,0.25839886571,0.873684218055,0.325715715027
462,0.872013100309,0.270154471886,0.871052639265,0.403189009675
463,0.885433721757,0.25217009895,0.852631587731,0.373339975163
464,0.883142395978,0.266608275999,0.855263165737,0.432250817478
465,0.894926356313,0.246025609375,0.84473685136,0.466631720064
466,0.879869073922,0.255320156485,0.889473690798,0.339012627219
467,0.877577748363,0.257155844846,0.847368429366,0.434635306113
468,0.889361708332,0.241627939519,0.850000007764,0.391434318185
469,0.887725047316,0.251930438477,0.892105269589,0.330326803328
470,0.886088386129,0.25860394863,0.871052639265,0.353673516889
471,0.895908352689,0.246887145249,0.852631586947,0.354429978873
472,0.885433721659,0.243728045239,0.836842114204,0.442197762541
473,0.880523738172,0.256088071251,0.865789481684,0.430085615744
474,0.877577748265,0.252443109972,0.852631587731,0.430573280008
475,0.891980366089,0.242062924408,0.831578956623,0.523233262149
476,0.882815063878,0.253944113339,0.868421060082,0.382738237355
477,0.869394442551,0.27517701004,0.865789481684,0.398072651847
478,0.886743050599,0.250761063814,0.871052638873,0.4722734637
479,0.874959090581,0.264882839882,0.873684218055,0.331874362621
480,0.885433721562,0.240329459935,0.855263166522,0.55662544084
481,0.878887077156,0.266422934572,0.878947375636,0.43449930719
482,0.870703771515,0.267060970604,0.844736850183,0.40035624575
483,0.882160399579,0.255632306387,0.878947375636,0.440150904565
484,0.886743050721,0.249592400097,0.85789474492,0.341147637487
485,0.884779057068,0.248963251514,0.836842114988,0.414348589235
486,0.884124392671,0.262531067742,0.842105272177,0.497460359806
487,0.89198036626,0.253508615314,0.82894737744,0.484236333541
488,0.898527010714,0.228233771887,0.863157902501,0.446293827936
489,0.885433721513,0.242382230071,0.85526316613,0.525966977238
490,0.8870703827,0.244938991558,0.863157902893,0.42592429734
491,0.881505734938,0.26024548242,0.876315796062,0.36792600386
492,0.881505734987,0.259229065148,0.857894744528,0.404035146405
493,0.886415718523,0.250496409163,0.842105272177,0.368296277807
494,0.869394442429,0.272826051141,0.860526323711,0.395394510191
495,0.888052379319,0.252102192765,0.860526324103,0.408168920213
496,0.891653034184,0.241621806664,0.868421060082,0.420523071983
497,0.882160399481,0.25484855276,0.852631587339,0.532149864423
498,0.884779057043,0.24919314982,0.886842112008,0.330944111337
499,0.894926356216,0.241587978534,0.878947375636,0.382679135292
500,0.878559744885,0.266801015712,0.865789481292,0.314712436121
501,0.891980366065,0.240078675325,0.884210533217,0.290498449453
502,0.87855974508,0.259316554133,0.842105272569,0.40279855443
503,0.87954174148,0.259885749149,0.868421060082,0.366465462571
504,0.892635030608,0.240998238907,0.860526324103,0.497693263451
505,0.88772504717,0.249266023016,0.873684217271,0.347765117035
506,0.887725047414,0.245007461746,0.881578954035,0.401265174828
507,0.867103117041,0.284393510638,0.857894745312,0.347166973879
508,0.882160399383,0.260024457229,0.847368429758,0.458136204465
509,0.879541741407,0.256512611762,0.82894737744,0.642747121395
510,0.873649761642,0.26051223858,0.850000008549,0.448112427986
511,0.883142395905,0.25930791776,0.873684217663,0.340471818313
512,0.882815063926,0.257370037919,0.878947375636,0.350510884439
513,0.892307698385,0.244127298908,0.863157901913,0.460162945359
514,0.877577748168,0.254559658086,0.876315796846,0.365169790065
515,0.884124392769,0.252908328112,0.834210536198,0.434605537099
516,0.889361708332,0.245785454051,0.85526316613,0.407441675218
517,0.890016372826,0.240795609529,0.876315796454,0.336584277928
518,0.891653033842,0.247472410366,0.878947374852,0.276621915536
519,0.888052379392,0.235302048737,0.852631586947,0.426068360842
520,0.888379711859,0.233964796015,0.831578957015,0.535487810359
521,0.889361708332,0.248509465795,0.855263165737,0.431361122665
522,0.873322429126,0.265912926904,0.868421060082,0.392551198415
523,0.890343705049,0.253097063631,0.850000008549,0.364360147555
524,0.883469728421,0.257101876446,0.844736850968,0.423588137357
525,0.888707043935,0.241869563468,0.85526316613,0.419771602825
526,0.883142396222,0.258452223907,0.868421060474,0.437066862529
527,0.876268419326,0.273126073866,0.857894744136,0.371759898788
528,0.880851070566,0.264028719437,0.876315796062,0.374313369716
529,0.894599023847,0.240440942773,0.844736850575,0.499720240556
530,0.879214409403,0.265216142197,0.865789481292,0.408140452324
531,0.884124392769,0.246697067618,0.894736847987,0.289066933861
532,0.885106389437,0.251079953686,0.860526323711,0.389921016637
533,0.882160399627,0.249420772573,0.810526326299,0.597133165238
534,0.884124392964,0.251263456497,0.892105269589,0.331381260038
535,0.881178402667,0.252807110775,0.863157902109,0.323969162589
536,0.878232412613,0.263291280357,0.868421060082,0.365686442107
537,0.874631758066,0.26006437287,0.857894745312,0.394442267486
538,0.88216039953,0.259386189959,0.871052639265,0.368085474618
539,0.889034376256,0.239207919896,0.865789481292,0.464485661529
540,0.89787234622,0.238863871564,0.852631587731,0.428551036547
541,0.884779057019,0.256630670772,0.871052638873,0.331310646472
542,0.881178402813,0.25302812973,0.844736850183,0.525326288743
543,0.885106389437,0.242651633167,0.878947375636,0.366300770653
544,0.880196405974,0.248171523354,0.873684217663,0.423056211661
545,0.890016372558,0.249801452366,0.873684218055,0.41932680339
546,0.878887077108,0.25929304146,0.865789481684,0.353251154655
547,0.89819967837,0.238820504315,0.857894745312,0.357687943744
548,0.896563017232,0.24372723109,0.886842111616,0.358477512982
549,0.88510638929,0.254669952132,0.836842114204,0.380828744487
550,0.873649761495,0.25649830033,0.85526316613,0.490922095364
551,0.884451724991,0.245664303421,0.873684217663,0.421103435213
552,0.8975450139,0.232366125223,0.860526323711,0.432333248735
553,0.895908352908,0.23773539986,0.860526323711,0.387139946038
554,0.895908352884,0.244222183565,0.865789481684,0.388665809031
555,0.893944359645,0.232663312084,0.860526322926,0.388876606249
556,0.882160399554,0.253759349436,0.863157902501,0.405319291834
557,0.872340432702,0.270178614398,0.860526323711,0.339363822544
558,0.88052373827,0.252294572022,0.876315796454,0.338480459883
559,0.881505734865,0.257977648961,0.857894744528,0.435178922304
560,0.886088385861,0.242961418252,0.873684218055,0.330210293197
561,0.886088385885,0.243375407888,0.855263166522,0.39159738147
562,0.895908352738,0.236469469151,0.881578954035,0.359989175633
563,0.88674305038,0.24717366609,0.863157902109,0.387716955168
564,0.891325701717,0.238636390511,0.84736843015,0.562868913845
565,0.884451724796,0.242576339288,0.89736842717,0.280609561894
566,0.880523738319,0.251511274473,0.847368429366,0.413541558901
567,0.88936170821,0.235061572849,0.860526323711,0.358618388137
568,0.89067103732,0.244107336874,0.863157902501,0.33786820443
569,0.876595751695,0.258919503192,0.881578954427,0.39600895249
570,0.884779057092,0.253905934261,0.871052639265,0.435865430416
571,0.884124392403,0.244539931306,0.860526323711,0.542219017638
572,0.883469728226,0.244256700426,0.889473690406,0.402271547764
573,0.877577748217,0.260712378394,0.873684218055,0.370608436081
574,0.897545014022,0.24452163422,0.878947375636,0.414912625475
575,0.882487731557,0.255136171584,0.884210531845,0.577727502619
576,0.882160399237,0.254694149661,0.860526324103,0.447975526109
577,0.891980366187,0.250836672743,0.85526316613,0.44318637579
578,0.887070382773,0.248259594586,0.85789474492,0.416379805619
579,0.888707044009,0.251630693911,0.842105271785,0.41710563418
580,0.877250416335,0.258405442691,0.860526323711,0.345148755942
581,0.893617027374,0.246569661927,0.842105270805,0.375729963519
582,0.894599024139,0.240600719907,0.878947375636,0.367280377664
583,0.884779057312,0.252049187076,0.852631587339,0.558008906941
584,0.88739771502,0.24117521399,0.876315796846,0.287320938576
585,0.89132570162,0.234595902439,0.828947377048,0.611845261406
586,0.890016372729,0.244608726202,0.855263165345,0.736029811769
587,0.88412439272,0.243869880553,0.857894745312,0.520653762171
588,0.899836339459,0.235447066371,0.884210532825,0.4200879548
589,0.891980366211,0.242105926165,0.84473685136,0.451573770007
590,0.888707043838,0.242161368422,0.852631587339,0.526375327864
591,0.893617027325,0.24250048409,0.857894745312,0.499157634496
592,0.889689040603,0.240958186118,0.857894744528,0.470791205239
593,0.89427169177,0.236605693794,0.881578954035,0.411981399694
594,0.888379711761,0.241816243832,0.844736850968,0.391761007422
595,0.884451724942,0.250075913649,0.831578956231,0.54951542262
596,0.883797060546,0.256009839772,0.847368429366,0.405714670081
597,0.890671037272,0.228607515431,0.857894745312,0.361417586738
598,0.895908352835,0.228539732472,0.881578954427,0.494266761218
599,0.89689034965,0.234497105229,0.834210536198,0.626787481615
600,0.897872346025,0.232790440182,0.860526323711,0.327144634069
601,0.889689040652,0.233954305478,0.873684218055,0.414675601292
602,0.892307698239,0.238384217613,0.868421060474,0.388261376266
603,0.890343705195,0.23646175588,0.884210532825,0.392708732563
604,0.89263503073,0.242945944582,0.878947375244,0.428010104689
605,0.887070382675,0.256292211675,0.913157899913,0.29970949789
606,0.886415718376,0.247433337306,0.884210533217,0.354776321091
607,0.877250416043,0.256868901801,0.876315796062,0.489507734782
608,0.890016372826,0.229335548909,0.850000008941,0.428739312534
609,0.905400987245,0.228131179007,0.884210533217,0.325385649021
610,0.886415718376,0.241997957248,0.863157902109,0.446560330163
611,0.895253688292,0.232316513303,0.860526322926,0.481398145769
612,0.899181675062,0.23173560907,0.868421060082,0.561876311498
613,0.881505735036,0.255389027819,0.865789481684,0.475203481183
614,0.884779057116,0.253216219721,0.892105269197,0.377620284248
615,0.888379711615,0.233770591376,0.886842111616,0.340930986713
616,0.887070382822,0.241499075718,0.892105269197,0.270176850968
617,0.88477905697,0.249107118367,0.844736850575,0.56782470802
618,0.897217681921,0.234092721048,0.860526322926,0.447729439695
619,0.899509007334,0.226263996462,0.871052638088,0.486112059132
620,0.886415718157,0.238583494891,0.836842114596,0.483789956538
621,0.89198036626,0.234636402943,0.865789481684,0.368684525865
622,0.889361708478,0.248060622375,0.900000005568,0.42116214717
623,0.881505734841,0.250289523334,0.850000008549,0.433529416198
624,0.891653033989,0.238180880139,0.873684217663,0.363360998201
625,0.892962362709,0.237032716039,0.860526323711,0.387098098694
626,0.885433721513,0.249276428914,0.860526323318,0.366491230225
627,0.876923083625,0.254987493019,0.876315796258,0.421348900355
628,0.893289695005,0.251057895646,0.868421060474,0.358692431354
629,0.89165303355,0.245703099818,0.884210532629,0.341630532926
630,0.896235685131,0.236713852815,0.876315796846,0.455664664839
631,0.890016372729,0.242053116045,0.852631586947,0.494879580814
632,0.887070382651,0.249857883205,0.905263163541,0.254398253589
633,0.888379711713,0.239259510559,0.855263166522,0.457992616299
634,0.874304425941,0.263392765628,0.881578954427,0.36876207422
635,0.884779057263,0.24143146207,0.855263166522,0.521095376438
636,0.88117840252,0.24819895282,0.850000008941,0.450402681108
637,0.880523738319,0.254885948486,0.881578954427,0.290594965486
638,0.89165303394,0.232223203363,0.884210533217,0.340585138306
639,0.885433721757,0.237034763384,0.873684218055,0.483785121293
640,0.9070376487,0.222899382909,0.84736843015,0.433466818133
641,0.883469728469,0.251661656431,0.873684216879,0.501601854772
642,0.891980366163,0.235316640031,0.850000008549,0.473806299553
643,0.892307698483,0.238967596649,0.876315796846,0.347162337004
644,0.890343705,0.242707522599,0.878947375244,0.425175882589
645,0.893617027374,0.228808868684,0.897368426778,0.328566438666
646,0.885106389388,0.24534247833,0.865789481684,0.365657807842
647,0.90180033299,0.225103237971,0.860526324103,0.353435319224
648,0.905400987294,0.217916902404,0.873684217271,0.36713348296
649,0.888379711713,0.242622783296,0.878947375636,0.365517351618
650,0.898527010495,0.22753996224,0.865789481684,0.506673498533
651,0.895908352933,0.242135664665,0.884210532825,0.40106864865
652,0.888052379344,0.238678166692,0.863157902893,0.543596283965
653,0.895581020661,0.231333480461,0.865789481684,0.638441089986
654,0.890998369494,0.235950504992,0.85789474492,0.464377524919
655,0.898527010666,0.248512333454,0.863157902893,0.468017257703
656,0.888379711761,0.248800644901,0.878947375636,0.48125118279
657,0.894271691917,0.231950653294,0.85526316613,0.409122827244
658,0.890343705146,0.241196109679,0.871052638873,0.341920530712
659,0.894926356264,0.231518492056,0.844736850968,0.58942636908
660,0.884779057214,0.251497141997,0.881578954035,0.381419247417
661,0.888379711615,0.239754840361,0.86842105969,0.50641135539
662,0.886743050599,0.250910300585,0.873684218055,0.534008699481
663,0.895908352786,0.235371103779,0.834210535413,0.55927813311
664,0.884779057116,0.257233317958,0.85789474492,0.494219661113
665,0.902454997533,0.214190455853,0.84736843015,0.6591796785
666,0.88183306721,0.246179196327,0.842105271785,0.520336155731
667,0.893944359548,0.238288574739,0.889473690798,0.540798665116
668,0.897217681726,0.231018197149,0.865789480507,0.436950665678
669,0.889034376158,0.242066339391,0.873684217663,0.325832963584
670,0.896890349601,0.237523371614,0.884210533217,0.329977078477
671,0.905400987294,0.223095615409,0.84473685136,0.557799374562
672,0.893617027374,0.22512820129,0.863157902501,0.658699796324
673,0.887397714947,0.23844501314,0.852631586555,0.655801858892
674,0.893617027374,0.228924249027,0.871052638481,0.392774291112
675,0.896563017402,0.22701003915,0.884210533217,0.427352279012
676,0.885761053882,0.241546802753,0.871052639265,0.504054849866
677,0.878887077156,0.263301008693,0.860526323711,0.356070574084
678,0.896890349357,0.237297931231,0.855263166522,0.563081548091
679,0.893617027374,0.242596450583,0.865789481684,0.458538733891
680,0.890343705,0.23064926246,0.860526323711,0.576948106136
681,0.893944359499,0.236387851237,0.863157902501,0.3900644916
682,0.878887077156,0.253585338989,0.878947375636,0.354723946788
683,0.893944359694,0.233720484215,0.868421060474,0.518220363177
684,0.896890349625,0.234446311269,0.857894744528,0.651457139418
685,0.89623568496,0.229367773677,0.863157902501,0.696630543651
686,0.886415718376,0.254241030008,0.860526324103,0.683647703377
687,0.902454997338,0.231221427712,0.860526322926,0.692883758865
688,0.903109661735,0.21332878518,0.868421060474,0.476940054022
689,0.895253688292,0.22327235266,0.871052638481,0.437258007412
690,0.891980366163,0.234596431134,0.852631586751,0.448425784358
691,0.893617027374,0.236430304315,0.878947375636,0.368743252283
692,0.888707044033,0.241841457426,0.860526323711,0.431063900587
693,0.893289695102,0.231462823789,0.873684218055,0.403323146978
694,0.873322429248,0.26689865026,0.886842111616,0.339064402907
695,0.901473000719,0.224904080055,0.850000007764,0.347678142704
696,0.905400987586,0.221953273078,0.84736843015,0.419650343164
697,0.894271691843,0.234704084127,0.850000008549,0.482113111536
698,0.889034376061,0.23587061715,0.857894745312,0.438898266125
699,0.902782329756,0.227730062863,0.850000008549,0.586025270844
700,0.894271691819,0.238670796026,0.868421060474,0.442646928028
701,0.901473000719,0.21968661947,0.834210535413,0.408024641401
702,0.883797060643,0.247703972451,0.871052639265,0.368824031846
703,0.890343704854,0.235050899419,0.85526316613,0.380748756236
704,0.895253688365,0.227171078809,0.844736850968,0.425850032236
705,0.900818336225,0.227039623789,0.852631587339,0.435457291946
706,0.896563017402,0.240149385875,0.85526316613,0.561964988225
707,0.884124392744,0.255765908831,0.881578954427,0.36276891635
708,0.88772504695,0.240340097853,0.884210532825,0.392630329732
709,0.885433721562,0.244299055848,0.836842114204,0.526631616967
710,0.890671037272,0.233795361261,0.871052639265,0.503915568343
711,0.88641571823,0.256318242404,0.863157902501,0.323150659921
712,0.89819967837,0.229059971193,0.85789474492,0.553010575409
713,0.902454997338,0.216007305884,0.876315796846,0.325461868617
714,0.88870704374,0.238085264237,0.881578953839,0.355119521035
715,0.894926356167,0.22509693679,0.86842105969,0.432685536121
716,0.894599023871,0.228212089095,0.865789481684,0.583503882875
717,0.893617027276,0.233467049632,0.88157895325,0.301953250187
718,0.896890349552,0.22650230879,0.865789481684,0.483326189219
719,0.899836339508,0.215343431411,0.860526323711,0.418137425355
720,0.891980366163,0.224397872788,0.839473693779,0.514297522879
721,0.894599024091,0.232648394611,0.855263166522,0.417683834349
722,0.891980366065,0.245825490127,0.884210533217,0.470954653528
723,0.892307698532,0.23676008713,0.873684217663,0.53734993757
724,0.897872346464,0.226862922279,0.865789481684,0.383012762039
725,0.897545014095,0.22279319192,0.855263165737,0.428728502955
726,0.888052379417,0.248878358029,0.855263165737,0.429829138685
727,0.884124392622,0.257147647158,0.871052639265,0.464952948538
728,0.89198036626,0.239881941636,0.884210533217,0.362097799478
729,0.898199678297,0.224317599619,0.834210535413,0.620454425587
730,0.890343705025,0.239355724244,0.857894743744,0.484086164064
731,0.886415718328,0.235029723963,0.892105268805,0.424871657142
732,0.901145668545,0.220369346043,0.871052638481,0.418907804812
733,0.894599024091,0.228000916744,0.839473693779,0.704929661282
734,0.895253688268,0.228742670939,0.873684218055,0.459539335418
735,0.892307698483,0.234852332528,0.886842112008,0.444535661089
736,0.886415718376,0.238744090112,0.857894744136,0.484401018693
737,0.890671037223,0.235174225896,0.871052638873,0.508463558592
738,0.890016372973,0.240158449908,0.847368429758,0.445970807239
739,0.890343705146,0.221035676783,0.871052638481,0.497211503375
740,0.907037648359,0.221540047174,0.81842106267,0.746095827613
741,0.885106389388,0.242822968073,0.881578954427,0.489762033778
742,0.891653033745,0.231397111745,0.842105271785,0.838964305151
743,0.894271691575,0.229069829504,0.873684217663,0.544153188565
744,0.896563017329,0.225833524674,0.836842114596,0.514655749611
745,0.890998369275,0.242226976862,0.85789474492,0.51103178723
746,0.897217681677,0.238973007981,0.889473690798,0.383223390284
747,0.900163671633,0.221830740591,0.850000008549,0.644016750087
748,0.89263503051,0.231558387823,0.828947378224,0.545890407677
749,0.894599023871,0.235941892971,0.881578954427,0.368184855041
750,0.89165303394,0.241969401947,0.85789474492,0.475314563876
751,0.89852701047,0.215744718968,0.844736850379,0.602579049348
752,0.901473000426,0.221432246964,0.852631587339,0.487325611151
753,0.900491004099,0.223384489248,0.868421060474,0.459132525067
754,0.90016367173,0.234000804654,0.85526316613,0.482967496892
755,0.903436994055,0.212084578436,0.85526316613,0.492198456592
756,0.8860883863,0.248324506518,0.834210534825,0.406756557804
757,0.890998369494,0.250669827388,0.85789474492,0.476733737871
758,0.889034376061,0.232911599099,0.86842105969,0.502545041155
759,0.884451724918,0.243517698376,0.865789481292,0.415996284372
760,0.890343704878,0.231261144286,0.847368429366,0.511938707218
761,0.897217681677,0.222008123295,0.852631587339,0.546469593111
762,0.899509007285,0.228523586288,0.855263165345,0.651851875279
763,0.890998369494,0.233840464728,0.842105272177,0.579777311845
764,0.900491004197,0.217748458421,0.878947375244,0.592929453577
765,0.890998369446,0.232704589748,0.8657894809,0.504450714868
766,0.892635030559,0.230531233394,0.84736843015,0.585685871869
767,0.89852701047,0.220626228705,0.860526324103,0.567455048534
768,0.892307698141,0.228499968684,0.855263166522,0.599304488814
769,0.887397714996,0.25164390526,0.863157902109,0.38873797281
770,0.893617027276,0.237566441802,0.860526324103,0.687404706797
771,0.89361702713,0.231038561923,0.876315796454,0.440963956233
772,0.894599023847,0.228268236636,0.860526323711,0.464460227375
773,0.889034376012,0.238919943539,0.884210532433,0.272662117453
774,0.899509007407,0.232228773345,0.860526324103,0.528400425795
775,0.895908352738,0.223603884307,0.842105272569,0.443087905264
776,0.889689040286,0.242050571125,0.857894745312,0.486131749302
777,0.902782329805,0.220476504513,0.871052638481,0.392610128569
778,0.891653033793,0.23813893495,0.89736842717,0.358700694658
779,0.889361708527,0.237676798245,0.881578954427,0.36486818786
780,0.893289695248,0.23239863634,0.876315796846,0.553367080785
781,0.900491004197,0.233268425621,0.884210532825,0.270541045423
782,0.898854342815,0.217906913082,0.878947375244,0.303371954424
783,0.890998369592,0.232856399186,0.847368429758,0.523419995053
784,0.895253688195,0.228057989606,0.881578954035,0.475779563817
785,0.89361702713,0.22165849307,0.842105272177,0.514979967283
786,0.897872346366,0.221206500864,0.8657894809,0.506630620334
787,0.894599023944,0.227579689749,0.836842113812,0.714922117244
788,0.902127665018,0.227715845714,0.847368428974,0.550865930021
789,0.902127665213,0.214196540116,0.889473690798,0.578082554882
790,0.898527010714,0.226477700002,0.860526324103,0.420344934273
791,0.901473000719,0.229338756041,0.878947375244,0.389040205841
792,0.901800332917,0.21805502597,0.871052639265,0.404487112618
793,0.907037648651,0.209697001338,0.865789481292,0.62620098728
794,0.894599023822,0.22932271577,0.857894744136,0.39447617086
795,0.890998369494,0.2392496844,0.82894737646,0.40354810564
796,0.895908352884,0.234013219837,0.855263164953,0.590135529338
797,0.902127665067,0.227117519376,0.84473685136,0.607087928872
798,0.914238957405,0.203110625407,0.876315796454,0.515567025477
799,0.900163671852,0.223712268444,0.871052639265,0.371748529537
800,0.912274964068,0.209864334927,0.878947375636,0.45434002807
801,0.900818336176,0.212103527388,0.860526324103,0.656738721412
802,0.897217681604,0.228154207511,0.836842113027,0.581399382188
803,0.897217681775,0.228014758525,0.836842114596,0.419599996008
804,0.896890349576,0.233173738624,0.886842111616,0.304931584277
805,0.891325701473,0.2327855427,0.886842112008,0.454289935785
806,0.896235685253,0.233651257006,0.823684219859,0.436513716467
807,0.887725047267,0.236740559353,0.839473692994,0.512749062061
808,0.902454997192,0.215151235482,0.871052638873,0.602602364335
809,0.902454997387,0.222937399468,0.894736848379,0.329042460041
810,0.898527010714,0.226329540477,0.852631587731,0.534520545475
811,0.899836339337,0.212412787494,0.844736850968,0.537290419333
812,0.900491004002,0.221989693837,0.852631587731,0.591045964108
813,0.899181675062,0.225380772923,0.894736847987,0.426244543891
814,0.89263503051,0.233571988358,0.897368426778,0.331890054303
815,0.899181675306,0.216012985546,0.860526324103,0.659408885326
816,0.895253688634,0.234857170919,0.860526324103,0.564174776955
817,0.897545013997,0.230763295018,0.860526322926,0.524707870626
818,0.906710316429,0.212840119618,0.860526323711,0.387663299144
819,0.912929628563,0.197440220908,0.892105269589,0.692582516024
820,0.887397714996,0.236518619346,0.842105271785,0.42244323166
821,0.907364980679,0.21203321114,0.878947375244,0.540667498579
822,0.892307698483,0.233743550355,0.881578954427,0.395883631619
823,0.900491003904,0.229100375647,0.873684218055,0.386530245329
824,0.898527010592,0.227417549408,0.852631587731,0.569741975649
825,0.90572831959,0.212696965798,0.884210533217,0.527521105181
826,0.891325701522,0.239546491047,0.860526323711,0.416604008251
827,0.890343704903,0.229211893496,0.860526323318,0.473029944483
828,0.89787234622,0.228614234561,0.863157902893,0.611329274774
829,0.891325701571,0.243336814493,0.871052638873,0.448539576407
830,0.904746322922,0.210665928893,0.860526323711,0.588511095821
831,0.89852701047,0.230527966091,0.865789481684,0.683251763161
832,0.892962362684,0.229316725466,0.871052639265,0.536760253077
833,0.895908352884,0.223772791338,0.871052639265,0.632461013157
834,0.889689040603,0.249513977824,0.89736842717,0.315288639601
835,0.892307698385,0.22898469074,0.850000008156,0.499809211667
836,0.895581020661,0.233315990219,0.881578954035,0.480520579331
837,0.885106389632,0.241696322285,0.894736847987,0.485697646064
838,0.900818335981,0.211081201066,0.85526316613,0.598810103818
839,0.900163671974,0.216038235511,0.84473685136,0.548484542649
840,0.911292967547,0.202975241961,0.844736850575,0.416766590383
841,0.89230769858,0.240388900574,0.873684217663,0.480535121098
842,0.905073655071,0.208305786364,0.852631587339,0.577528694767
843,0.894271691868,0.237439082303,0.836842113812,0.623862281973
844,0.901800332722,0.225067125132,0.881578954035,0.370944616886
845,0.903436994104,0.208692177772,0.844736850771,0.358649538749
846,0.899836339556,0.21782888445,0.863157902501,0.33864870591
847,0.90278232961,0.209332297214,0.881578954427,0.345776991448
848,0.905073655217,0.211221706575,0.871052639265,0.537801177809
849,0.903436994055,0.2192937733,0.868421060474,0.45538339569
850,0.905073654852,0.2133322579,0.852631586947,0.762834537259
851,0.903764326473,0.224592655095,0.85526316613,0.422175705739
852,0.901800332746,0.217273441905,0.884210532825,0.400861203583
853,0.899509007334,0.220200419238,0.873684218055,0.370679366748
854,0.900491004099,0.215279553625,0.886842112008,0.32101104955
855,0.896890349454,0.237379077666,0.850000008156,0.504310412149
856,0.898527010714,0.223735705662,0.850000007764,0.442450697497
857,0.899836339654,0.218352869568,0.884210532825,0.595984914953
858,0.899509007236,0.224051782654,0.884210533217,0.361045092105
859,0.899836339508,0.216999896689,0.868421060082,0.507333340396
860,0.893617027276,0.230552512302,0.878947375244,0.585637861406
861,0.896890349406,0.218992858518,0.847368429758,0.637649324415
862,0.895908352884,0.23114897729,0.847368429366,0.647980658193
863,0.898199678394,0.221739884144,0.847368428778,0.656491155349
864,0.901145668447,0.222366560789,0.850000007764,0.424002859683
865,0.900818336322,0.215149147451,0.876315796846,0.421069010912
866,0.900491004002,0.222081101445,0.892105269197,0.362628101204
867,0.89885434284,0.220545317603,0.873684217663,0.392999082143
868,0.911292967449,0.205424828713,0.871052638873,0.453218214918
869,0.899836339605,0.233030507448,0.868421060474,0.514693156457
870,0.909656306189,0.212598624153,0.868421059298,0.505618211748
871,0.906710316185,0.210352159925,0.902631584751,0.257238982905
872,0.901145668399,0.211465430165,0.85789474492,0.370019874654
873,0.897872346269,0.22062159742,0.860526323711,0.538956184357
874,0.914893621948,0.200015024076,0.8657894809,0.442072226624
875,0.907692313048,0.212977415117,0.884210532825,0.39865184306
876,0.896890349503,0.225305019779,0.850000008549,0.557136162074
877,0.881505734987,0.246715674922,0.863157902501,0.490686359749
878,0.901800332893,0.215566015346,0.826315799042,0.601008131623
879,0.899836339605,0.210817603532,0.85526316613,0.677017792388
880,0.899509007285,0.221027019377,0.852631587731,0.512774728339
881,0.904746322702,0.214344425951,0.850000008549,0.525096092043
882,0.890016372924,0.240348070165,0.860526323711,0.409865387531
883,0.902127665311,0.211945224309,0.863157902501,0.500900118394
884,0.904091658501,0.223243434236,0.886842111616,0.507295980325
885,0.901473000719,0.215425321012,0.865789481292,0.401687813043
886,0.898527010592,0.23170695143,0.836842114988,0.796197752421
887,0.909001641646,0.205967349035,0.871052639265,0.596291754153
888,0.912929628416,0.193297068585,0.84736843015,0.404755361443
889,0.904091658501,0.210012621128,0.850000008941,0.583841127778
890,0.903764326327,0.219508060426,0.863157902109,0.400025425746
891,0.902782329658,0.218180007971,0.876315796846,0.479492881138
892,0.892635030705,0.227543692937,0.886842112008,0.346998362635
893,0.896563017159,0.21970223892,0.865789481684,0.488933346192
894,0.884779057165,0.241999027062,0.876315796454,0.372686823963
895,0.914238957649,0.196046995636,0.831578957015,0.630966643403
896,0.907692312902,0.209286735637,0.884210533217,0.487323420333
897,0.904746322946,0.217619013642,0.847368429758,0.565699045566
898,0.901145668252,0.218219477239,0.855263166522,0.481573973136
899,0.906055651739,0.211577096852,0.865789481684,0.582726068226
900,0.898199678248,0.226718497647,0.892105269589,0.400483331014
901,0.90736498063,0.204688144521,0.876315796454,0.429837155066
902,0.897545013997,0.222394506191,0.855263165345,0.392216706779
903,0.900818336078,0.213839351244,0.860526324103,0.538667290061
904,0.902454997143,0.209170204498,0.868421060474,0.60414223657
905,0.909983638534,0.211932132615,0.881578954427,0.472462505317
906,0.899509007383,0.230065477642,0.844736850968,0.529610757483
907,0.895908352738,0.239170682045,0.860526324103,0.678438714895
908,0.897545013851,0.219810887664,0.878947375048,0.411084889692
909,0.898199678297,0.226881545223,0.850000008941,0.509340807878
910,0.896890349552,0.220712439171,0.834210535805,0.489955291241
911,0.892635030608,0.231415333617,0.863157902501,0.338863006931
912,0.906055651715,0.206040725571,0.855263166522,0.529566079325
913,0.911947631846,0.205464950107,0.863157901521,0.355236907614
914,0.901145668496,0.216774623246,0.852631587731,0.501810692333
915,0.911620299428,0.197879574383,0.82894737744,0.500431442401
916,0.905400987416,0.210207614298,0.850000008549,0.526465596256
917,0.900818336176,0.222957870337,0.850000008156,0.644575706938
918,0.905728319614,0.20163701212,0.844736850575,0.577679162217
919,0.912602296242,0.193796804368,0.850000008549,0.737895963803
920,0.898199678443,0.208487932614,0.85526316613,0.610958412342
921,0.895253688438,0.228595508064,0.834210535413,0.461260969794
922,0.904746323141,0.221820842218,0.847368429366,0.445284607335
923,0.905073655266,0.216734297404,0.860526324103,0.44178301018
924,0.909001641939,0.202853904903,0.84736842917,0.580067962107
925,0.911292967547,0.203039646441,0.855263165737,0.537387464262
926,0.888379711688,0.234190168506,0.876315796454,0.452664961828
927,0.889689040555,0.242772504402,0.847368429758,0.540067427378
928,0.905400987391,0.218958931185,0.84736842917,0.712073854814
929,0.899509007431,0.214372990622,0.852631587731,0.580651516948
930,0.895581020759,0.220425477493,0.847368429758,0.486080200436
931,0.893289695102,0.220262161848,0.878947375244,0.528721024008
932,0.909983638558,0.195282477445,0.850000007764,0.554312874804
933,0.901145668642,0.219256757812,0.8657894809,0.383344134398
934,0.911620299574,0.199893180481,0.844736850183,0.730029190186
935,0.893944359645,0.232976016133,0.876315796846,0.487140778877
936,0.903109661979,0.218195415221,0.852631587731,0.707347614632
937,0.896890349406,0.219479288711,0.810526326691,0.855115564474
938,0.899181675209,0.222948213504,0.834210535805,0.649782068073
939,0.901145668642,0.207763915907,0.836842114204,0.888212814088
940,0.908674309497,0.206622787997,0.821052641461,0.586533433524
941,0.905073655266,0.217647533945,0.855263166522,0.623966472407
942,0.904746322848,0.209279129039,0.842105272177,0.644457930544
943,0.904746322897,0.208731138001,0.873684218055,0.557153131382
944,0.8975450139,0.225818519401,0.889473690798,0.51864136028
945,0.901800332795,0.224351801022,0.863157902501,0.516589613043
946,0.897545013997,0.219830366175,0.884210533217,0.424299302652
947,0.914893621996,0.196336082894,0.85526316613,0.642205252818
948,0.90180033299,0.214244197084,0.847368428974,0.564615519467
949,0.900163671828,0.222993147507,0.873684218055,0.454906741801
950,0.900163671633,0.221902580041,0.88684211142,0.493429090907
951,0.90638298406,0.194071699524,0.886842112008,0.457840336443
952,0.915548286369,0.195469459386,0.821052641461,0.649083014466
953,0.914566289676,0.209956998738,0.852631586947,0.418360268143
954,0.908019645222,0.216404604309,0.852631587731,0.425614655303
955,0.911947631846,0.19129671975,0.873684218055,0.394259934274
956,0.890343705293,0.243575385246,0.852631587731,0.437221416939
957,0.898527010666,0.229322356691,0.892105269589,0.421244942722
958,0.898527010763,0.217343461121,0.897368426778,0.31187256037
959,0.89885434284,0.229605835941,0.873684218055,0.369408587403
960,0.907364980484,0.198034148516,0.860526323711,0.480029501792
961,0.902782329366,0.216382253436,0.865789481684,0.538054506601
962,0.915875618518,0.205803928156,0.871052638873,0.468421565966
963,0.9070376487,0.213923285812,0.878947375244,0.517465454214
964,0.910638302955,0.200526246756,0.852631587339,0.514535545452
965,0.89721768158,0.219302927192,0.881578954035,0.560983587085
966,0.906055651788,0.20046943422,0.836842114596,0.640633151202
967,0.901473000524,0.212850229218,0.863157901717,0.337318622059
968,0.906710316063,0.207917370856,0.873684218055,0.401491854449
969,0.892962362587,0.235023435656,0.871052638873,0.447223682302
970,0.905400987538,0.215490742983,0.865789481292,0.594064601609
971,0.910638302711,0.207316519637,0.889473690406,0.339959783772
972,0.899836339703,0.212092253619,0.834210535805,0.494058780303
973,0.90507365512,0.217458972903,0.86842105969,0.39238677528
974,0.906055651983,0.209485905644,0.834210535805,0.623953494212
975,0.910638303052,0.207695403215,0.878947375636,0.473302603032
976,0.895581020612,0.232938321172,0.85526316613,0.451246892952
977,0.901800332942,0.207523052508,0.873684217271,0.476903046889
978,0.897545013949,0.225088744594,0.860526322926,0.427632351448
979,0.896235685253,0.220890980921,0.826315799042,0.467627029241
980,0.907037648456,0.211515553233,0.850000008941,0.475528178616
981,0.902127664994,0.224518231707,0.865789480507,0.322609717138
982,0.910310970708,0.200276465005,0.868421059494,0.489597997912
983,0.902782329512,0.219266776883,0.842105272177,0.553300106576
984,0.902454997436,0.207803842393,0.871052638873,0.396056423711
985,0.908019645271,0.200175739689,0.878947375244,0.559120971079
986,0.901800332746,0.210628353694,0.852631587339,0.401136632863
987,0.906382983986,0.208087235612,0.868421060474,0.451453810372
988,0.911620299574,0.206964073638,0.834210535805,0.627981508651
989,0.902127665262,0.207172949987,0.828947377832,0.608992335687
990,0.908674309521,0.208244929087,0.85789474492,0.543349705792
991,0.913584292764,0.204116765885,0.86842105969,0.435008633564
992,0.908346977493,0.203514919331,0.850000008941,0.606682651339
993,0.915220954024,0.190598100522,0.857894745312,0.584539579206
994,0.896563017256,0.211134398297,0.876315795669,0.606542978131
995,0.903764326083,0.218914976354,0.850000008941,0.48018657805
996,0.907364980728,0.212393206334,0.894736848379,0.506989426679
997,0.912274964068,0.203935651665,0.860526323711,0.557460418667
998,0.918821608669,0.183582633705,0.855263166522,0.56177157169
999,0.912274964166,0.201138075334,0.871052639265,0.563048874886
