epoch,acc,loss,val_acc,val_loss
0,0.749918178748,0.541151999842,0.757894748724,0.487336231102
1,0.761374806885,0.518036176745,0.773684222643,0.513832018564
2,0.758101485048,0.48919317814,0.784210537609,0.44539476186
3,0.788216049489,0.454353992749,0.736842117812,0.567318041564
4,0.77414076379,0.45063885583,0.826315799826,0.399110054401
5,0.784942727676,0.44863755512,0.778947379244,0.450281617281
6,0.777414086773,0.45944898606,0.810526326691,0.456351275409
7,0.79574469144,0.4270088474,0.742105275393,0.522351867078
8,0.78854338159,0.437305790557,0.778947379244,0.47075018022
9,0.787888717559,0.414196246165,0.813157905089,0.453180864257
10,0.808183315904,0.40947300481,0.794736853556,0.50662233406
11,0.801964003526,0.416005224855,0.781578959211,0.476297316975
12,0.811129305786,0.405619313279,0.776315800061,0.468388439205
13,0.80523732546,0.411141584236,0.805263168326,0.467726737849
14,0.788216049513,0.43063492845,0.794736852379,0.508163000408
15,0.799672677528,0.425877046578,0.80526316911,0.457650126987
16,0.802946000365,0.415860147625,0.794736853163,0.460406679856
17,0.804582661746,0.410329017014,0.8078947479,0.431695530093
18,0.812765966778,0.416831480147,0.77631580065,0.485067416571
19,0.813420631735,0.400551408871,0.821052642245,0.448952827995
20,0.808510647639,0.409400258951,0.818421063455,0.462531250264
21,0.81080197388,0.414383450575,0.789473694994,0.488041598448
22,0.812765967339,0.409656862849,0.839473692994,0.430729828971
23,0.817021285966,0.412506118685,0.792105273981,0.434805271363
24,0.800654674464,0.414417837821,0.794736852771,0.504664353634
25,0.810147309411,0.402564913522,0.810526326691,0.427248906736
26,0.815384624779,0.401417522818,0.810526326299,0.406771344525
27,0.810147308752,0.404244376404,0.792105275157,0.420255320735
28,0.808510647809,0.409554798943,0.805263168326,0.425095060546
29,0.813093298927,0.399768347363,0.802631589339,0.466070049785
30,0.808510647907,0.414824109031,0.815789483488,0.4313071825
31,0.812765967314,0.40028804087,0.773684222055,0.448253876481
32,0.814075295669,0.409941478722,0.818421062278,0.425205198656
33,0.818003282536,0.396645536594,0.800000010745,0.4397300322
34,0.81276596707,0.393389462547,0.789473694406,0.438912945849
35,0.81276596668,0.402188778033,0.828947377048,0.419214775884
36,0.805237325655,0.409228225557,0.802631589535,0.472829315223
37,0.8022913357,0.400765172979,0.821052641853,0.461405317838
38,0.818003282731,0.401193413475,0.789473695975,0.414278249599
39,0.811783970646,0.38882787133,0.807894747116,0.489914321292
40,0.830769239417,0.382156234619,0.826315799042,0.417708175159
41,0.840589206196,0.376804263607,0.771052643657,0.496922313873
42,0.809819976871,0.400421156065,0.810526326691,0.417318488422
43,0.819639943821,0.375209719077,0.823684220643,0.399100236987
44,0.812111302747,0.392756739951,0.778947379832,0.478572332447
45,0.824222595012,0.370386015447,0.800000010156,0.495764549429
46,0.808510648297,0.393630289797,0.768421064866,0.465105481985
47,0.822585933923,0.382686474478,0.810526326691,0.490386243566
48,0.832405900848,0.360071865327,0.82894737744,0.426135349333
49,0.823895262887,0.362665397165,0.789473695975,0.426919481374
50,0.829787242847,0.376357812623,0.805263167933,0.421867160911
51,0.828805246057,0.375665255062,0.802631589339,0.438463334288
52,0.822913266218,0.382162636887,0.81842106267,0.401504354944
53,0.829132578328,0.369453568335,0.81842106267,0.417549803951
54,0.815057292581,0.392451326947,0.805263168718,0.447042780977
55,0.830769239881,0.365407211508,0.78947369519,0.441017912407
56,0.814729960334,0.393186119374,0.786842117576,0.462208952853
57,0.832078568479,0.371659755036,0.823684219859,0.411008433586
58,0.833387897809,0.371264752641,0.815789484664,0.424907477671
59,0.827823249681,0.378871979671,0.850000008549,0.406825907823
60,0.831751236549,0.368216999631,0.826315799042,0.441678318734
61,0.834369893989,0.358614096299,0.776315800846,0.456921084441
62,0.833387897589,0.369729282789,0.842105272177,0.391930768953
63,0.826186588421,0.375156263941,0.836842114596,0.412609270039
64,0.828805246252,0.374177816639,0.828947378617,0.406761884787
65,0.835351890852,0.36253390321,0.823684220251,0.383571935376
66,0.82749591741,0.379585000465,0.826315797669,0.386683885106
67,0.837643216046,0.362164702419,0.844736850968,0.395186178043
68,0.833060565366,0.362511067509,0.834210535217,0.399095454841
69,0.842880532024,0.351343446114,0.826315799434,0.395146613401
70,0.831751236573,0.36004487508,0.810526326299,0.437529486065
71,0.83797054861,0.352568515828,0.857894745312,0.363224131692
72,0.835024558508,0.353238544614,0.805263167541,0.421789838785
73,0.824877259628,0.363739752426,0.855263166522,0.398975668965
74,0.82553192361,0.370430439284,0.852631587339,0.370031419161
75,0.837970548927,0.358367497385,0.855263166522,0.358956164631
76,0.835679222856,0.360965577919,0.847368429366,0.360703590277
77,0.827823249486,0.368205114663,0.815789483292,0.421313622231
78,0.839279877501,0.369383391084,0.842105272569,0.418046406323
79,0.831423903985,0.359615223863,0.800000011137,0.472045826775
80,0.842880532121,0.343075052562,0.844736849791,0.358902631205
81,0.825859256296,0.37659801005,0.844736850575,0.391457422097
82,0.843535196371,0.342915332125,0.81578948388,0.422351591926
83,0.844517193527,0.351157060451,0.839473692602,0.386668115903
84,0.844189861256,0.357666773767,0.810526325514,0.412010321884
85,0.838625213226,0.355165717181,0.852631587731,0.380479837425
86,0.834042562083,0.355539091712,0.810526325514,0.402144397756
87,0.845171857778,0.358775142855,0.836842114204,0.395811120146
88,0.840589206269,0.342837768496,0.823684219859,0.405318002118
89,0.84713585126,0.337492052825,0.818421063062,0.423325266003
90,0.839279877525,0.349608683901,0.831578956623,0.394261952294
91,0.836661219768,0.352279093245,0.813157905481,0.441450978678
92,0.838952545717,0.345945254517,0.842105271785,0.384782841037
93,0.842553199752,0.355687371569,0.828947377832,0.383963633133
94,0.843862528862,0.351811183479,0.844736850968,0.353807242881
95,0.832733232705,0.362889850796,0.821052641069,0.417237568647
96,0.859574475919,0.328247900534,0.831578956035,0.404255005629
97,0.839279877549,0.348587492252,0.781578959211,0.446296812476
98,0.83895254557,0.344427267739,0.823684219859,0.397483895288
99,0.841243870959,0.352632868907,0.847368429758,0.356626308646
100,0.841571203181,0.338496300305,0.834210535805,0.388989249244
101,0.842553199484,0.350147218451,0.805263168718,0.44119346681
102,0.84844517959,0.338593160621,0.805263167933,0.394236802565
103,0.844844525701,0.342414887966,0.863157902893,0.381479672892
104,0.842553199484,0.352731672349,0.797368431562,0.453295062247
105,0.855973821322,0.336071820335,0.836842113812,0.381173818421
106,0.84844517998,0.34093361532,0.815789483095,0.411381890213
107,0.83600655542,0.362678299803,0.805263168326,0.40774508796
108,0.841243871129,0.361588347374,0.802631588751,0.390145728561
109,0.848772512106,0.334493540093,0.850000008941,0.390086463898
110,0.83076923949,0.358310256623,0.831578956623,0.418968538411
111,0.849754508725,0.347198743843,0.842105272177,0.395076645979
112,0.842880532365,0.351035530702,0.852631586751,0.431894898317
113,0.83535189056,0.343941673636,0.839473692994,0.39553218879
114,0.842225867554,0.347989088123,0.828947377832,0.399649888865
115,0.846808518867,0.35248088805,0.815789484272,0.404409832762
116,0.854664492553,0.338887013519,0.836842114988,0.39346712612
117,0.853682495812,0.332428804939,0.855263166522,0.397684363893
118,0.849754508847,0.333982939105,0.823684220643,0.381270589797
119,0.857283150116,0.32839276894,0.818421062278,0.379265007784
120,0.861211136691,0.32528130712,0.852631587339,0.377617382395
121,0.840261873925,0.345102037192,0.831578956623,0.379405341356
122,0.837643216314,0.345227141025,0.834210534825,0.394586801725
123,0.848772512374,0.343158058597,0.810526326299,0.404737202892
124,0.841898535697,0.339357929563,0.871052639265,0.37481303464
125,0.836661220109,0.352767945921,0.821052641461,0.394638659482
126,0.85040917339,0.327479012603,0.842105271785,0.357674244203
127,0.849099844523,0.339158363848,0.852631586947,0.426134102782
128,0.838625212982,0.35823427212,0.831578956427,0.372495244992
129,0.85466449209,0.340183956759,0.836842114988,0.381328828192
130,0.849099844523,0.337735665941,0.836842114596,0.401918571491
131,0.851063837738,0.334494810875,0.805263168718,0.449656523666
132,0.847135851309,0.339227649918,0.852631587339,0.400696798963
133,0.847135851163,0.337744480685,0.823684220643,0.412947993333
134,0.837315884091,0.348269866258,0.810526325711,0.429936808191
135,0.857610482314,0.325585538951,0.842105271785,0.349319699612
136,0.837643216314,0.348949535504,0.847368429758,0.382675188496
137,0.852373166629,0.343826124435,0.828947378617,0.405190706081
138,0.845171857778,0.344099305668,0.865789480507,0.388731369553
139,0.853355163687,0.332896841461,0.831578955839,0.401781905639
140,0.850409173512,0.328420310786,0.847368429366,0.351206731002
141,0.844189860866,0.34434563188,0.842105272177,0.354822940585
142,0.842880532072,0.338724383344,0.813157905089,0.428880491147
143,0.850081840972,0.334943335723,0.831578956623,0.410595555643
144,0.850081841118,0.329968098191,0.860526324103,0.377713960056
145,0.84549919,0.339397868273,0.847368429758,0.366635218802
146,0.852045834138,0.338241349552,0.839473692602,0.367466946917
147,0.84942717638,0.334287174003,0.852631587339,0.360651769332
148,0.854664492114,0.320663564547,0.836842113616,0.454595330661
149,0.85368249569,0.326598298445,0.84473685136,0.387817898765
150,0.848117847636,0.329976271295,0.789473694994,0.434790691116
151,0.851718502354,0.34041103742,0.847368429366,0.355913938562
152,0.862520465874,0.32175663916,0.844736850183,0.376675749443
153,0.852700499046,0.338941626586,0.857894744136,0.373473646805
154,0.857610482192,0.325463394224,0.852631586947,0.376293040077
155,0.852045834601,0.333578070836,0.834210536198,0.438789245771
156,0.855973821469,0.324017367397,0.850000008549,0.371022413926
157,0.835679223173,0.360170902541,0.815789483095,0.459588688774
158,0.839934542214,0.345205706192,0.815789483292,0.432969296229
159,0.857610482485,0.324797747324,0.839473692602,0.410949155884
160,0.846808518989,0.33356638849,0.855263166522,0.386989017752
161,0.845171857826,0.339023434626,0.850000008156,0.362129949327
162,0.859247143598,0.319717816051,0.828947378617,0.383507804308
163,0.857937814659,0.323486129398,0.857894744528,0.381453596595
164,0.855646489051,0.329232887135,0.855263165737,0.409681163189
165,0.856955817893,0.323384913492,0.850000008941,0.36757258267
166,0.852700498754,0.329202325128,0.823684220251,0.395109076151
167,0.864811791506,0.327468402513,0.823684219467,0.410898243812
168,0.839607209772,0.333747006233,0.823684221036,0.405059557604
169,0.858919810863,0.331774727668,0.836842114204,0.360974017482
170,0.851718502208,0.337220997771,0.844736850968,0.376603899328
171,0.853682495105,0.331852863663,0.847368429758,0.417775544975
172,0.850736505808,0.330631988047,0.828947378617,0.379184927228
173,0.859247143598,0.326046946122,0.807894747116,0.421407491165
174,0.852700498973,0.338280298852,0.84736843015,0.377382546663
175,0.843207864124,0.33431638084,0.844736850575,0.378767624693
176,0.850409173097,0.346848282042,0.842105271393,0.380826845275
177,0.859901807849,0.322739944502,0.800000009764,0.438150362896
178,0.850409173414,0.329004854013,0.834210535805,0.371802126842
179,0.842880531926,0.344595799165,0.865789481684,0.34641905727
180,0.852045834479,0.335264186556,0.844736850183,0.413552593489
181,0.843862528887,0.336028093792,0.850000008941,0.354315364929
182,0.849099844792,0.338320935111,0.868421060474,0.389247887792
183,0.861538469109,0.319814861534,0.82631579865,0.381018573712
184,0.859247143793,0.324001430106,0.85789474492,0.381911160351
185,0.855646489027,0.317873022481,0.852631587339,0.397863484625
186,0.851391170131,0.326986813488,0.839473692602,0.399541953284
187,0.852045834601,0.320465194881,0.821052641853,0.380442230031
188,0.856301153496,0.32200326609,0.82105264048,0.409957716389
189,0.855646489051,0.324995479691,0.892105269589,0.326620516294
190,0.852700499193,0.32990616991,0.821052640676,0.405057045631
191,0.851391170107,0.338550286297,0.823684220447,0.382944277047
192,0.856301153496,0.322217378692,0.844736850968,0.38342955461
193,0.858919811278,0.325089156006,0.842105271785,0.363389053431
194,0.860229140169,0.313739035894,0.828947377832,0.425427745489
195,0.864811790872,0.316336617551,0.847368429758,0.376200907423
196,0.848772512349,0.334525582748,0.894736848379,0.347548876203
197,0.855973821005,0.322572489109,0.834210535217,0.419176830371
198,0.858265146686,0.317103635325,0.831578956623,0.418348013031
199,0.866775784452,0.312705532539,0.871052638873,0.344521535266
200,0.860556472538,0.316825838878,0.831578956231,0.389275142433
201,0.856955818137,0.32299094624,0.842105271785,0.373949461862
202,0.865466455513,0.319438843925,0.85789474492,0.346938067876
203,0.854664492578,0.318301120715,0.865789481684,0.335130406053
204,0.851063837787,0.321988389652,0.800000011921,0.41074941724
205,0.850736506003,0.345193723579,0.852631586555,0.341027192575
206,0.852700498827,0.328178426547,0.881578954427,0.340993718244
207,0.853682495861,0.337738322,0.831578956623,0.379030617101
208,0.858919811473,0.317868206181,0.839473693387,0.356735398111
209,0.860229139998,0.327954845683,0.863157902109,0.363870460295
210,0.861538469328,0.317882576747,0.860526323318,0.35180388739
211,0.8599018078,0.315901505753,0.836842114596,0.376039891455
212,0.859901807678,0.32576782382,0.855263166522,0.378998636954
213,0.859574475626,0.323449781046,0.844736850968,0.41383410853
214,0.845499189878,0.33034421431,0.852631587731,0.428969970953
215,0.853682495763,0.336405959029,0.818421062866,0.385484419714
216,0.859901808019,0.320165018196,0.85789474492,0.348813784015
217,0.85564648927,0.330544044729,0.839473692994,0.383717322575
218,0.855973821274,0.328720598846,0.839473693779,0.405362098086
219,0.857610482338,0.318549741285,0.865789481292,0.418908344582
220,0.861865801087,0.321040740081,0.831578957015,0.376462231096
221,0.847790515535,0.334054358297,0.857894745312,0.360116021757
222,0.863175130466,0.314905651042,0.852631587339,0.375140090252
223,0.85008184124,0.336867929249,0.8657894809,0.398489154091
224,0.856955818064,0.322750121568,0.839473693779,0.40316560286
225,0.860883804517,0.314686258715,0.850000008941,0.401964523437
226,0.863502461957,0.315473409318,0.857894745312,0.373370965011
227,0.859574475358,0.322812990189,0.834210535021,0.38157076592
228,0.854991824508,0.328934991528,0.834210535021,0.389002457065
229,0.85859247886,0.326900625068,0.834210535021,0.433551945577
230,0.859574475504,0.320648128639,0.857894745312,0.336679369187
231,0.859247143696,0.318482929783,0.839473693387,0.413978727387
232,0.857283150164,0.321597364531,0.863157902501,0.356091461537
233,0.865139123705,0.311883738816,0.813157905481,0.402598734528
234,0.848772512349,0.337657600885,0.836842114008,0.404280156681
235,0.855646488831,0.324301601791,0.873684218055,0.343695501797
236,0.857937814659,0.320558210234,0.842105272177,0.3759397607
237,0.85597382103,0.319600661165,0.839473693387,0.403041202624
238,0.854009828157,0.332356467794,0.836842114596,0.396069504419
239,0.862193133505,0.314915268967,0.839473693387,0.384873555483
240,0.871685768305,0.29659703202,0.884210533217,0.35320115261
241,0.86252046585,0.316853290652,0.836842114596,0.353383359818
242,0.846481186522,0.341782854452,0.821052641461,0.388495618723
243,0.859901807971,0.314328783114,0.839473693387,0.376634808012
244,0.859574476065,0.319667804114,0.850000007568,0.359761591462
245,0.855319156853,0.315277198107,0.82894737744,0.360245497064
246,0.860229140291,0.329672029306,0.865789481292,0.375865188427
247,0.863829794448,0.3087138931,0.860526324103,0.340244701573
248,0.871358435595,0.302288452008,0.842105271785,0.362910160648
249,0.854009827791,0.321252848947,0.844736850968,0.391519907225
250,0.863502462518,0.316337761739,0.850000008941,0.392563004292
251,0.860556472294,0.318406206539,0.868421060474,0.355635298171
252,0.852045834406,0.323330962674,0.836842114204,0.370172209253
253,0.864157127037,0.310776069492,0.886842112008,0.306684324616
254,0.848445180029,0.324888661937,0.842105271785,0.382255162652
255,0.858592478714,0.315989979904,0.85526316613,0.36504345799
256,0.851063837884,0.328199672115,0.857894744528,0.403568728631
257,0.862847798195,0.312448791044,0.847368429758,0.355367744145
258,0.857937814488,0.312544215324,0.86842105969,0.364370138066
259,0.853682495593,0.327567845376,0.831578957015,0.390201997404
260,0.86317513032,0.313638529428,0.834210536198,0.39675035759
261,0.861211136935,0.318995416192,0.836842114596,0.428722928523
262,0.854337160453,0.328181574813,0.84736843015,0.389091766145
263,0.858919811083,0.311741565545,0.863157902501,0.346174409638
264,0.855973821469,0.3266588491,0.85526316613,0.330492277189
265,0.87168576811,0.305915539045,0.836842114988,0.373575422717
266,0.859574475845,0.324264344169,0.855263165737,0.330149729418
267,0.870703771271,0.300349200349,0.834210535021,0.391778820194
268,0.865139123534,0.318605129224,0.842105271785,0.381181720081
269,0.869721774725,0.306483390032,0.831578956623,0.418576727768
270,0.858265147076,0.31994161611,0.844736850968,0.406641210184
271,0.858592478933,0.31619530148,0.850000008156,0.345250056689
272,0.874959090459,0.304323546808,0.844736850968,0.367515081393
273,0.861865801526,0.315929536203,0.868421060082,0.355303309417
274,0.853027831098,0.327777394126,0.847368428974,0.389485895242
275,0.864484459015,0.305234628204,0.852631587339,0.369735607583
276,0.866448452669,0.312441354992,0.834210535021,0.360185398034
277,0.854009827791,0.32980538687,0.876315796846,0.367586616476
278,0.855646488734,0.330273150105,0.855263165737,0.396037735633
279,0.856301153399,0.326631896039,0.82894737744,0.418746263818
280,0.860556472245,0.314004390334,0.850000008941,0.328988226082
281,0.855319156828,0.321148346165,0.839473692602,0.376481386637
282,0.864811791506,0.317868671409,0.844736850575,0.399801677387
283,0.871358435936,0.30066806598,0.852631587731,0.399188287556
284,0.866448452791,0.313433733819,0.847368429366,0.38173829622
285,0.869067110158,0.316924648518,0.852631586555,0.355729918829
286,0.87103110364,0.305217299452,0.847368428974,0.362627887412
287,0.860229139998,0.329906638023,0.836842114204,0.396549593804
288,0.885106389388,0.282717305679,0.823684219859,0.385758645097
289,0.864157126841,0.307381775809,0.836842113812,0.387756200164
290,0.863829794619,0.308522779415,0.842105271393,0.400856227418
291,0.864157126841,0.313749314391,0.881578954427,0.330038265325
292,0.859247143696,0.314576511675,0.84736843015,0.386626020662
293,0.867103116968,0.311220559979,0.84473685136,0.378261468569
294,0.85662848528,0.323150050932,0.839473693387,0.370632856594
295,0.856301153277,0.325596468563,0.881578954427,0.351671119809
296,0.865139123632,0.304573615547,0.831578956231,0.373940084963
297,0.86022914034,0.317282492798,0.85789474492,0.369098322515
298,0.856301153399,0.323607326042,0.850000008549,0.389148236595
299,0.869721774579,0.313231451001,0.852631587731,0.358690929256
300,0.857283150286,0.317326252558,0.839473692994,0.380898165075
301,0.858919810888,0.312620333461,0.85789474492,0.307563749632
302,0.858592479055,0.313705195449,0.871052638873,0.368734328566
303,0.859247143525,0.321658327584,0.863157902109,0.358251708952
304,0.870376439268,0.300603709225,0.863157902501,0.337627814691
305,0.867103116797,0.306313101879,0.844736850968,0.384440799636
306,0.871685768135,0.308523163937,0.865789481292,0.398472982777
307,0.836661219572,0.344236559477,0.839473692994,0.389110570112
308,0.85270049912,0.331182222533,0.836842114596,0.459806395106
309,0.863502462225,0.308015120876,0.863157902501,0.37210895523
310,0.857610482485,0.324758736578,0.82631579865,0.402599005764
311,0.860229139925,0.32068055345,0.850000008156,0.387862965808
312,0.860556472684,0.319481294944,0.810526326299,0.397039406345
313,0.858265146735,0.31664762827,0.865789481684,0.346580769033
314,0.862520465533,0.309625712746,0.831578957015,0.411089126707
315,0.854664492334,0.329977347801,0.831578957407,0.40193473832
316,0.872013100309,0.306480555769,0.873684217663,0.33470122276
317,0.872340432702,0.301506564713,0.823684220643,0.39319050812
318,0.863829794521,0.310878196844,0.85789474492,0.329058633186
319,0.869721774725,0.295847790087,0.871052638873,0.360048906387
320,0.870703771247,0.302700265663,0.860526324103,0.40634258415
321,0.871358435766,0.307278527334,0.8657894809,0.363683914766
322,0.863829794765,0.315263930239,0.847368429758,0.379900480523
323,0.857610482168,0.314682776063,0.834210535413,0.375106443308
324,0.858265147076,0.318066664607,0.852631587339,0.356350916536
325,0.855973821322,0.315522027868,0.855263165737,0.336983217466
326,0.86317513032,0.310650703005,0.863157902501,0.366343297309
327,0.856628485573,0.323785584938,0.818421063062,0.420979176648
328,0.853682495715,0.334060535725,0.831578957015,0.396232888078
329,0.875613754563,0.306169509607,0.850000008549,0.371332651494
330,0.865793788297,0.320122780001,0.842105272569,0.350922293642
331,0.861538468962,0.317022130936,0.857894744332,0.356856242459
332,0.859901807971,0.312062514687,0.863157902501,0.350633708858
333,0.868739778155,0.311695875469,0.828947377048,0.412457486811
334,0.869394442429,0.31261814963,0.836842113812,0.395184312702
335,0.867103117163,0.307386510781,0.823684219075,0.420459247586
336,0.858592479128,0.324895830529,0.855263165737,0.374434528823
337,0.853682495593,0.322701949858,0.831578956623,0.393652003749
338,0.854337160355,0.322197368768,0.868421059298,0.337319902242
339,0.864157126793,0.308370359833,0.834210535805,0.375439438332
340,0.875941087054,0.308851680528,0.826315799042,0.37981747456
341,0.86873977796,0.309907673479,0.850000008941,0.422747396398
342,0.863175130051,0.31808895033,0.831578957407,0.377969328755
343,0.8599018078,0.313701313629,0.886842111224,0.304726732356
344,0.864157126671,0.309783899568,0.868421060474,0.378653064958
345,0.868412445932,0.309522761937,0.828947378224,0.404932145127
346,0.860883804566,0.309978000686,0.852631587339,0.375564124484
347,0.864484459235,0.310053754976,0.850000008549,0.353624895656
348,0.873322428956,0.296324651694,0.836842114988,0.394837417787
349,0.864811791311,0.313362444201,0.834210535805,0.416549636639
350,0.855646488953,0.315387248725,0.802631589535,0.423748781856
351,0.863175130417,0.309225862221,0.873684217663,0.358385620492
352,0.874304426038,0.297864293146,0.857894744528,0.345390852737
353,0.873649761593,0.306629670439,0.842105271393,0.385606412727
354,0.873649761325,0.306671366516,0.794736853556,0.398799900358
355,0.871685768257,0.30557358607,0.85000000796,0.374295980326
356,0.868412446029,0.30758145343,0.847368428974,0.36541075382
357,0.85106383786,0.334778226272,0.873684216879,0.322504056814
358,0.855646489002,0.326528059736,0.836842114204,0.399708765657
359,0.867757781438,0.305596302097,0.873684218055,0.322713124762
360,0.870703771637,0.305098759184,0.847368429366,0.349533362682
361,0.860883804419,0.315057861373,0.850000008156,0.354290109226
362,0.865466455684,0.309135098358,0.850000008549,0.357180479669
363,0.868412445908,0.303642955549,0.852631587339,0.357705108821
364,0.869067110353,0.304504930997,0.842105270216,0.371016722295
365,0.870049106777,0.302392268681,0.847368428974,0.359222537201
366,0.86252046585,0.311118135342,0.847368429758,0.360275348354
367,0.875286422682,0.296950905546,0.844736850968,0.360946741788
368,0.856301153545,0.321249961365,0.860526323318,0.354079082314
369,0.858919811229,0.318707218055,0.813157905873,0.409965412299
370,0.859574475163,0.322384381267,0.828947378224,0.3903215205
371,0.864811791043,0.312812499111,0.85526316613,0.36256229179
372,0.867757781779,0.30594745097,0.844736850183,0.352028085801
373,0.867103116846,0.316003806426,0.839473693387,0.388129842566
374,0.861538469157,0.323362321527,0.863157902893,0.352868012055
375,0.855319156682,0.3235541884,0.83684211342,0.383243437954
376,0.856301153179,0.328324359459,0.860526324103,0.357206052512
377,0.862847797829,0.313328944092,0.884210533217,0.319482551005
378,0.864484459259,0.306169112025,0.818421063062,0.414880992207
379,0.860556472538,0.319974778083,0.850000008941,0.38936387174
380,0.861211136983,0.317348869819,0.881578954427,0.341247716036
381,0.86186580138,0.316413426311,0.863157902109,0.336092349877
382,0.864484458918,0.309242450329,0.818421063062,0.409126372959
383,0.864484458845,0.310750750197,0.876315796454,0.350088234868
384,0.869067110353,0.304851221704,0.881578954035,0.329687620611
385,0.863175130076,0.301515567121,0.836842114596,0.386024845592
386,0.857283150164,0.314600384189,0.821052642245,0.376383828391
387,0.868412445639,0.304486756324,0.815789483488,0.383968134729
388,0.875613755027,0.30728970401,0.876315796062,0.331993051609
389,0.872667764925,0.30036919207,0.82631579865,0.448702660144
390,0.857610482387,0.310956173672,0.886842111616,0.325633406688
391,0.871685768257,0.301631574905,0.807894747116,0.506039787157
392,0.868739778106,0.309733866658,0.852631587731,0.372492094083
393,0.863829794814,0.317223536152,0.823684220251,0.429260166117
394,0.870376438902,0.298842150687,0.865789481684,0.389039931353
395,0.874304425916,0.303773866299,0.860526323318,0.36238792274
396,0.864157126793,0.315874418058,0.839473692994,0.38300413006
397,0.872667765022,0.300370355132,0.84736843015,0.37604598304
398,0.875286422658,0.302637731245,0.871052638873,0.354912532886
399,0.87626841896,0.288178599664,0.85789474492,0.38299956006
400,0.871358435936,0.296870084318,0.850000008549,0.368224421492
401,0.867757781633,0.304262726481,0.878947375636,0.380613354525
402,0.873977093596,0.303317369085,0.839473692602,0.361197360007
403,0.864157126768,0.30360140096,0.860526324103,0.360515250065
404,0.867757781682,0.304626476538,0.857894745312,0.372185726552
405,0.864157126988,0.317135262417,0.815789483488,0.379701126906
406,0.864811791189,0.314193641925,0.850000008549,0.372893973891
407,0.857283150286,0.326344226458,0.860526323711,0.350138239612
408,0.856955817942,0.310209456478,0.89736842717,0.307028163175
409,0.874631758261,0.296590823662,0.850000008549,0.363997301871
410,0.876268419326,0.30096254941,0.878947375636,0.311478340116
411,0.869394442551,0.294206638096,0.842105272177,0.35974048181
412,0.867430448971,0.308856770881,0.847368428974,0.383031097878
413,0.869721774774,0.304486490103,0.85789474492,0.344382687055
414,0.855319156511,0.323396440095,0.842105271785,0.404458777244
415,0.870049106948,0.305641333867,0.860526324103,0.378208489942
416,0.87070377171,0.296878194351,0.834210536198,0.402371554292
417,0.859247143379,0.325260315176,0.857894745312,0.374801645497
418,0.861865801429,0.308809302339,0.857894744528,0.332361536787
419,0.872995097147,0.303622059817,0.84736843015,0.347826140933
420,0.859901807946,0.309459763669,0.863157902893,0.333030306097
421,0.859247143574,0.31330785712,0.844736850183,0.355858133273
422,0.869721774823,0.296424420072,0.886842111616,0.320520103934
423,0.859574475675,0.328392267258,0.873684216879,0.359881538996
424,0.869394442673,0.305703998069,0.886842112008,0.320937299905
425,0.872013100431,0.301793625325,0.852631587731,0.360245076498
426,0.864811791043,0.303215200536,0.831578956623,0.352628550149
427,0.860883804712,0.313161227377,0.85789474492,0.382462512849
428,0.864811791384,0.314239723867,0.868421060474,0.361156217558
429,0.873977093621,0.303220782795,0.878947375244,0.333077715318
430,0.871685767964,0.301536990256,0.873684217663,0.323985480042
431,0.863502462542,0.31102999151,0.884210533217,0.300723645959
432,0.865139123534,0.303836932064,0.842105271197,0.367897879921
433,0.862193133505,0.309185407172,0.860526324103,0.354193656117
434,0.853682495471,0.328066258751,0.847368429758,0.398968745464
435,0.866775784721,0.304790111185,0.876315796846,0.336449380523
436,0.863829794668,0.310192459441,0.85789474492,0.344709676102
437,0.862847798097,0.314952249875,0.860526323318,0.368029902346
438,0.862847797756,0.306770143582,0.834210535805,0.394693663442
439,0.865139123851,0.298765369817,0.863157902893,0.374943738215
440,0.882160399627,0.285988099236,0.847368429758,0.353538719055
441,0.86677578494,0.313797573167,0.85789474492,0.358865326981
442,0.863175130198,0.314681594073,0.863157902501,0.300318517109
443,0.867757781121,0.307707761858,0.847368429758,0.391546718384
444,0.862847798097,0.312459364466,0.863157902109,0.331562429078
445,0.860883804809,0.306683211226,0.844736850968,0.369023575717
446,0.86252046563,0.314722072979,0.844736850968,0.371753552242
447,0.878887077181,0.288924412436,0.865789481292,0.353374234303
448,0.881178402618,0.28919609755,0.90000000596,0.354613259778
449,0.856301153448,0.318873072979,0.842105272177,0.369405588233
450,0.875286422487,0.294100129181,0.85789474394,0.367832324198
451,0.865466455854,0.311848860374,0.844736849595,0.358630213592
452,0.864811791482,0.307748615236,0.834210535413,0.390166150896
453,0.872340432604,0.299223533659,0.852631587339,0.35959914084
454,0.862193133603,0.316133089543,0.84473685136,0.357010182998
455,0.872340432361,0.304687268611,0.889473690798,0.369883358944
456,0.860229140169,0.317031856285,0.842105271785,0.384859224512
457,0.876595751549,0.297443771281,0.810526325907,0.385670418729
458,0.86906711028,0.297894369853,0.878947375244,0.306953729571
459,0.859574475772,0.309672199449,0.844736850575,0.390578404167
460,0.871685768257,0.301930539237,0.860526323711,0.354454947783
461,0.86317513032,0.304098081405,0.847368429758,0.314636154738
462,0.864157126817,0.310045747272,0.821052641461,0.381060018596
463,0.870049107241,0.298900079653,0.863157902109,0.323010200586
464,0.862847798121,0.314764672692,0.894736848379,0.321553346358
465,0.875941087103,0.294481094408,0.839473693387,0.460649205249
466,0.870703771588,0.301871891918,0.839473692602,0.381935929978
467,0.870376439122,0.296419197919,0.826315799434,0.384484715858
468,0.873322429297,0.297226954569,0.828947377832,0.372147852261
469,0.873322429199,0.298197480434,0.886842111616,0.328511617244
470,0.872667764778,0.299563505134,0.836842114988,0.369410375966
471,0.872013100162,0.303366174181,0.860526324103,0.357640882145
472,0.872667764974,0.290868453556,0.863157902501,0.331796990904
473,0.86448445904,0.310662539965,0.85789474492,0.362252481257
474,0.855973821176,0.320236653169,0.876315796062,0.327361073492
475,0.876268419058,0.295731336,0.842105271785,0.391990057291
476,0.875613754978,0.293288727317,0.863157902893,0.356583840557
477,0.857937814586,0.326549941177,0.850000007764,0.352928816635
478,0.874304425965,0.308813105128,0.844736850968,0.360451910939
479,0.862520465728,0.313796316616,0.850000008941,0.355322943314
480,0.872340432409,0.287044964124,0.855263166522,0.36032390668
481,0.868412445834,0.310347218637,0.878947375636,0.377932014042
482,0.861211136861,0.315880185752,0.857894745312,0.356793140135
483,0.875613754783,0.2974501055,0.852631586947,0.351338115276
484,0.87234043258,0.299391754731,0.855263166522,0.357979419274
485,0.870703771345,0.306933247675,0.850000008549,0.380335963821
486,0.861211136618,0.313902860309,0.847368429758,0.362615147753
487,0.878559744982,0.301954863694,0.881578954035,0.332240661631
488,0.885106389339,0.277643006176,0.839473693387,0.401334354286
489,0.871031103714,0.296239704156,0.836842114596,0.396070727441
490,0.876595751597,0.294296911809,0.8368421144,0.352796107825
491,0.862520465679,0.31222342683,0.865789481684,0.348878124631
492,0.865793788297,0.316214372887,0.831578957407,0.384554398099
493,0.875613754978,0.291835311328,0.834210536198,0.384602832755
494,0.858592478933,0.313439411411,0.871052639265,0.333511103729
495,0.868085113734,0.309840027959,0.842105272569,0.37521699517
496,0.877905080635,0.29463846434,0.852631587731,0.359164070681
497,0.869721774823,0.306280929918,0.842105272177,0.392862655541
498,0.863502462177,0.308436729288,0.842105271785,0.454780515455
499,0.876595751695,0.297243750579,0.842105272177,0.390656060809
500,0.855319156926,0.322498561787,0.860526322926,0.340611322048
501,0.874959090215,0.290574012504,0.871052639265,0.369217245472
502,0.867103116943,0.305970638423,0.876315796454,0.354820433465
503,0.862193133505,0.308807545084,0.81578948388,0.379145704847
504,0.873649761227,0.297821063189,0.873684217663,0.351539458981
505,0.875941087006,0.294051964452,0.831578956623,0.414454410294
506,0.869067110402,0.297666833094,0.84473685136,0.348621006001
507,0.849754509018,0.342012132306,0.857894745312,0.387799483087
508,0.868412445981,0.312524684804,0.863157902501,0.335510258906
509,0.862193133359,0.314024032632,0.876315796846,0.334895712569
510,0.868412445932,0.312022204759,0.871052639265,0.382560593615
511,0.867430449093,0.308404336883,0.844736850575,0.358045324977
512,0.860883804614,0.311635403868,0.828947377832,0.466863533482
513,0.864484458893,0.302956395815,0.844736850183,0.406188586335
514,0.862847798024,0.316027746449,0.850000007764,0.336849295534
515,0.866775784794,0.313235454816,0.881578954427,0.339637394431
516,0.872995096879,0.303296274952,0.855263165541,0.361067098958
517,0.876923083649,0.29333903624,0.847368429758,0.337545890263
518,0.877577748217,0.298049955103,0.842105272177,0.365145759951
519,0.870049106972,0.2921759489,0.855263165737,0.371404444015
520,0.875941086786,0.291988070268,0.868421060474,0.349182651035
521,0.873649761398,0.296747072864,0.88157895325,0.28158385037
522,0.869721774725,0.308964043094,0.852631586947,0.396399330495
523,0.862193133554,0.312243580855,0.81578948388,0.423212344317
524,0.863829794814,0.316378311469,0.839473691818,0.378936572147
525,0.870376439024,0.299197267765,0.850000008549,0.364621193981
526,0.862520465874,0.308590730808,0.8657894809,0.4017990008
527,0.860229140266,0.321034776946,0.836842114204,0.38222907263
528,0.868412445737,0.314730338679,0.839473692798,0.385128808428
529,0.88248773146,0.295962862744,0.85789474492,0.357929358774
530,0.872013100333,0.309346736404,0.828947377832,0.368490780263
531,0.869394442649,0.308016460925,0.857894745312,0.35162598103
532,0.868739778155,0.303135703127,0.818421062474,0.431400462348
533,0.870049107045,0.301272496487,0.842105271589,0.357363346817
534,0.867757781413,0.311029619292,0.876315796846,0.321498423129
535,0.867430448971,0.307451807298,0.831578955839,0.357656848985
536,0.869721774579,0.312534118605,0.810526326691,0.396438102556
537,0.857937814342,0.319816341767,0.894736848379,0.310567618029
538,0.86186580138,0.314299639418,0.847368429758,0.343194116593
539,0.872667764754,0.295755648836,0.844736850968,0.35317329707
540,0.884779057214,0.28960944243,0.821052640676,0.409023767509
541,0.862847797975,0.313478291096,0.842105272177,0.367461933117
542,0.863829794546,0.312153277766,0.863157902501,0.326984742632
543,0.869394442356,0.299283138603,0.834210535021,0.360618727331
544,0.863829794546,0.304400893724,0.857894745312,0.348714115931
545,0.871358435692,0.302263201039,0.860526324103,0.395753762636
546,0.864157127134,0.312907660749,0.860526324103,0.348050589281
547,0.87725041614,0.294315904647,0.815789484272,0.400310537606
548,0.873977093547,0.293780494009,0.834210535021,0.361448527118
549,0.865793788077,0.303916253863,0.850000008941,0.361414042841
550,0.864811791384,0.3036062868,0.860526323711,0.32518262372
551,0.872667764974,0.298684047495,0.863157902501,0.359633343294
552,0.872013100187,0.299625727252,0.834210535805,0.395846157139
553,0.874959090386,0.301430904582,0.852631586163,0.362768108711
554,0.875613754758,0.302437696649,0.868421060474,0.347177796997
555,0.876595751597,0.290578289778,0.881578954427,0.353046534289
556,0.860883805005,0.311031060004,0.844736850575,0.371320644737
557,0.86317513032,0.324220401172,0.842105272177,0.408488257739
558,0.864811791189,0.304391386996,0.881578954427,0.318900169658
559,0.869394442502,0.299552271487,0.886842112008,0.325992736426
560,0.868412446029,0.306638652172,0.836842114204,0.393622716791
561,0.870049106899,0.307293011616,0.855263166522,0.335211620862
562,0.879541741407,0.289810505313,0.857894745312,0.37018495031
563,0.868739778057,0.29777412269,0.842105272569,0.375996976478
564,0.873977093596,0.296874764112,0.855263166522,0.370183800788
565,0.867430449361,0.296545548386,0.863157902501,0.342977234113
566,0.870703771442,0.30154834781,0.863157902501,0.342094814405
567,0.871685767964,0.295672459458,0.860526323318,0.382070332741
568,0.864484459211,0.30334855713,0.873684218055,0.345118515193
569,0.863502462323,0.31897031825,0.85526316613,0.388263865031
570,0.865139123388,0.314188222466,0.855263165541,0.401816475695
571,0.869721774579,0.303453251149,0.834210535413,0.358297792337
572,0.870049107045,0.297904601275,0.842105272569,0.397238687269
573,0.851718502427,0.326835348885,0.865789481684,0.350048295908
574,0.869067110085,0.309442817793,0.842105272177,0.381012311352
575,0.860229140242,0.318805947196,0.842105272569,0.36610865691
576,0.865793787687,0.300391258705,0.873684217271,0.336456811154
577,0.867430449337,0.307271605172,0.852631587731,0.39418211746
578,0.867430449508,0.308703730465,0.842105271393,0.405021148587
579,0.864811791116,0.304387129615,0.852631587339,0.409565397685
580,0.864811791775,0.312301507418,0.789473694798,0.408820241273
581,0.868412445932,0.308942289331,0.857894745312,0.364013732239
582,0.870703771467,0.302008575313,0.823684219859,0.366774464418
583,0.868739778277,0.298931909277,0.863157902501,0.345896533666
584,0.870049107045,0.297691252534,0.834210535805,0.396473671726
585,0.874631758017,0.293914224504,0.868421060082,0.33128615954
586,0.867757781486,0.29927736386,0.868421060474,0.354864882844
587,0.864157127085,0.300823982369,0.834210536198,0.413243453288
588,0.881178402667,0.292767322883,0.834210535805,0.365575768936
589,0.869721774969,0.303076347967,0.81842106267,0.417352425278
590,0.864811791433,0.305393922662,0.865789481292,0.340462780533
591,0.876268419277,0.298129109961,0.850000008549,0.392201569323
592,0.857937814586,0.31403442899,0.826315799042,0.375034526922
593,0.87364976169,0.302961841579,0.834210536198,0.370956876952
594,0.867430448678,0.29634375027,0.847368429758,0.381296574236
595,0.870703771442,0.301959745952,0.860526323711,0.356461795733
596,0.865466455781,0.310823011052,0.855263166522,0.355641004826
597,0.877577748168,0.289476841417,0.836842114988,0.350630966848
598,0.875613754734,0.294783522794,0.873684217663,0.322191116057
599,0.878559744763,0.294771061829,0.871052638481,0.322315279688
600,0.874959090386,0.292744437751,0.855263164953,0.348745909397
601,0.874304426136,0.295837666251,0.850000008156,0.345443587677
602,0.884124392452,0.287290502891,0.850000008941,0.35866408001
603,0.87463175831,0.292042864794,0.839473692994,0.40587485915
604,0.868412446176,0.308784000765,0.868421060082,0.332947526617
605,0.872995097147,0.306767682428,0.868421060474,0.365310050253
606,0.868412445883,0.303147206104,0.860526323711,0.383167705352
607,0.862193133408,0.318748059059,0.850000008941,0.377016827513
608,0.869394442698,0.300274943137,0.897368426386,0.316192737364
609,0.883797060448,0.290650024458,0.889473690798,0.290639600668
610,0.878559744934,0.293945039011,0.836842114204,0.376224313618
611,0.874631758188,0.295418166435,0.892105269589,0.322515597861
612,0.875941086786,0.303531224606,0.828947378224,0.425767851944
613,0.866121120202,0.305802063858,0.878947374852,0.316555723646
614,0.869394442356,0.306009347732,0.847368429758,0.376137177582
615,0.868412445981,0.306011946732,0.839473692994,0.402778943045
616,0.8756137551,0.299290506581,0.863157902501,0.349730261528
617,0.868739778008,0.311783572631,0.850000008941,0.368050930237
618,0.871358436083,0.305529233452,0.839473692994,0.3789781557
619,0.871031103543,0.30071091533,0.871052638873,0.325926675559
620,0.869394442405,0.302637567369,0.857894745312,0.345642012912
621,0.872667764925,0.30094849575,0.839473693387,0.342943817941
622,0.866121120251,0.302434626253,0.847368428974,0.342939293257
623,0.867757781389,0.313124943201,0.865789481292,0.360749667608
624,0.872995097074,0.300316103992,0.826315799434,0.380366813538
625,0.873649761276,0.294961059603,0.886842111616,0.311367363203
626,0.871685768257,0.307315017662,0.878947375244,0.300028612151
627,0.868412445639,0.30604676984,0.847368428974,0.324923771973
628,0.873649761447,0.307214990978,0.844736850575,0.366051287341
629,0.879541741651,0.299287190204,0.834210535021,0.334776427082
630,0.87364976152,0.294616112388,0.871052639265,0.368922430483
631,0.869721774798,0.308240277546,0.876315796846,0.326985013426
632,0.865139123754,0.303690385494,0.8657894809,0.353423457887
633,0.868412445883,0.301063936003,0.863157902109,0.326201000815
634,0.856955817844,0.329261528148,0.876315796846,0.335716855639
635,0.868739778179,0.30063568302,0.834210535805,0.385848542896
636,0.862847797877,0.310391270822,0.907894742332,0.30306591596
637,0.860883804663,0.316538841636,0.850000008549,0.374287105803
638,0.874959090337,0.294712241879,0.836842114596,0.35154188194
639,0.865139123656,0.29756739525,0.87894737446,0.312227412127
640,0.881833067405,0.286643870437,0.831578957407,0.363312104741
641,0.86022914034,0.317061343299,0.831578956231,0.371043492109
642,0.870703771515,0.302895314775,0.876315796454,0.336831172242
643,0.868412446029,0.30216888449,0.834210535805,0.408594189555
644,0.873649761544,0.306196808858,0.844736850968,0.373618497905
645,0.872013100382,0.301368404101,0.871052638481,0.393508065198
646,0.877250415774,0.304462412351,0.847368429366,0.352384959323
647,0.885761053955,0.284540431108,0.865789481684,0.336043793365
648,0.883469728274,0.281006381434,0.852631586947,0.355710774807
649,0.865466455879,0.311699713658,0.857894745312,0.350877202925
650,0.875286422438,0.293426167452,0.876315796846,0.34235524967
651,0.870703771686,0.309628556737,0.863157902893,0.336464733228
652,0.865793788101,0.306359203773,0.873684217663,0.326914672887
653,0.875286422755,0.291828343465,0.85789474492,0.342451553155
654,0.870703771784,0.302701875317,0.878947375636,0.338633365022
655,0.870049107045,0.306495687429,0.878947375048,0.359515862588
656,0.86513912351,0.307558067917,0.85526316613,0.384877662444
657,0.880196406194,0.290810622598,0.860526323711,0.343799255617
658,0.871031103665,0.298057386075,0.865789480703,0.336277893842
659,0.875941087054,0.29574186696,0.85789474492,0.360059014546
660,0.870376439366,0.304600272687,0.852631587731,0.338327042807
661,0.865793788199,0.298023517846,0.876315796846,0.337329595546
662,0.866775784672,0.303923574095,0.852631587731,0.33345496679
663,0.869067110231,0.297797705661,0.828947378617,0.404676807113
664,0.864811791433,0.31328321783,0.865789481292,0.365951531518
665,0.884779057336,0.277668156291,0.860526324103,0.385855765915
666,0.869721774774,0.300656578789,0.852631587143,0.370898501188
667,0.872013100309,0.293994834369,0.831578956623,0.41399143423
668,0.878887077205,0.299462904285,0.865789480703,0.337462307297
669,0.870049106948,0.300418352589,0.863157902893,0.362489519004
670,0.868739778301,0.300247759365,0.842105272569,0.398312216821
671,0.88477905719,0.283222277601,0.873684217663,0.33789725234
672,0.87364976169,0.293752359464,0.863157902893,0.340312169522
673,0.866775784623,0.306612307398,0.857894745312,0.325595274715
674,0.866448452498,0.305845820304,0.850000008941,0.336303181113
675,0.874304425843,0.293380892328,0.842105272177,0.377940175663
676,0.879541741797,0.290724445549,0.842105271785,0.388340391929
677,0.861538469035,0.322289318054,0.850000008549,0.353869287885
678,0.868085113514,0.313300383443,0.842105271785,0.354677325703
679,0.87561375488,0.291192653725,0.85526316613,0.3724462674
680,0.87561375488,0.294940335185,0.850000008941,0.372680465495
681,0.867103116968,0.304850307228,0.855263165737,0.394304539028
682,0.866121120422,0.301114134789,0.836842114204,0.372466162852
683,0.876923083869,0.294824152941,0.805263168718,0.438380982898
684,0.872340432678,0.306230175941,0.855263165737,0.32292451609
685,0.878232412516,0.291227330364,0.85526316613,0.377474233116
686,0.868412445712,0.314132748784,0.842105272177,0.351147376736
687,0.881833067161,0.29173827128,0.868421060082,0.333221030078
688,0.887070382675,0.282701135358,0.842105271197,0.387728766195
689,0.873322429346,0.287560866615,0.834210535805,0.408805810699
690,0.872995097099,0.299051322781,0.842105272177,0.388902439564
691,0.866775784721,0.299587949781,0.842105271785,0.36985996993
692,0.868085113563,0.313367050708,0.850000008941,0.356592227852
693,0.87168576811,0.291867123225,0.889473690798,0.319418517922
694,0.846153854226,0.325927929145,0.850000008156,0.365704220867
695,0.87430442599,0.302208068401,0.831578957407,0.363871127122
696,0.887725047511,0.286324887681,0.852631587339,0.351708820016
697,0.8693944426,0.306471241556,0.850000008941,0.382355871757
698,0.868739778155,0.301489160416,0.871052638873,0.350861013867
699,0.877250415994,0.297821961465,0.865789481292,0.321391733657
700,0.864157126988,0.309385729121,0.844736850968,0.351223188305
701,0.881178402618,0.282773373158,0.852631587339,0.369428830319
702,0.866448452449,0.311743711516,0.831578956231,0.353229702156
703,0.869721774823,0.29287508819,0.850000008156,0.377855149318
704,0.867757781194,0.299474057694,0.86842105969,0.336332761977
705,0.878232412565,0.287434447651,0.850000008156,0.369320889224
706,0.869067110329,0.306690111653,0.828947377832,0.393444011478
707,0.856628485841,0.325857125515,0.85526316613,0.350615245829
708,0.872013100235,0.302175007486,0.860526323318,0.36285445822
709,0.860556472197,0.316429687832,0.857894745312,0.326879248636
710,0.877577748387,0.294092353068,0.815789483684,0.444403491547
711,0.861211136618,0.318654315055,0.86842105969,0.343107304217
712,0.864484459259,0.301235997382,0.886842112008,0.32311622997
713,0.872667764827,0.299938355946,0.852631587143,0.377694731946
714,0.864157126768,0.311634947986,0.818421063062,0.414802349025
715,0.87495909063,0.297256570169,0.863157902893,0.315125495048
716,0.875613754856,0.294476332402,0.852631586947,0.342631395612
717,0.879541741602,0.294354520214,0.844736850183,0.337298383642
718,0.872995097123,0.29093641985,0.847368428974,0.369598432321
719,0.881505734841,0.281390090304,0.839473692994,0.394211435347
720,0.878887077083,0.292582723265,0.873684218055,0.333060346691
721,0.875286422463,0.30239404295,0.847368428582,0.346589403129
722,0.879214409428,0.293647815475,0.868421060474,0.344352909878
723,0.861538469304,0.30479505774,0.834210535413,0.363414111106
724,0.869394442746,0.307243237351,0.900000005568,0.316836083798
725,0.873649761056,0.289289837499,0.855263166522,0.404461240935
726,0.868739778252,0.303951997926,0.834210535021,0.374501449154
727,0.863175130368,0.321936112495,0.863157902501,0.363128575276
728,0.871358435766,0.301865450617,0.85526316613,0.356517470393
729,0.8808510702,0.298090482597,0.868421060474,0.333098352838
730,0.871358435961,0.301290611637,0.81842106267,0.39662774961
731,0.863502462396,0.306960876031,0.863157902893,0.365794629251
732,0.875286422609,0.291288471615,0.878947375636,0.324176892025
733,0.871685768208,0.309918836668,0.852631587731,0.357779425961
734,0.873322429078,0.302426304074,0.836842114204,0.356041408365
735,0.871031103762,0.302540216638,0.852631587731,0.390515230057
736,0.868412445737,0.304915641247,0.865789481292,0.343389344892
737,0.864157126793,0.312931195261,0.878947374852,0.321382849722
738,0.865139123607,0.308499288802,0.84473685136,0.358465017163
739,0.874631758188,0.297627980417,0.850000007764,0.360151685774
740,0.88314239593,0.291213423447,0.868421060082,0.340149111948
741,0.871358435692,0.306193916319,0.82894737744,0.362299990228
742,0.864811791141,0.307133107701,0.850000008549,0.357180660738
743,0.866121120178,0.298452145815,0.873684218055,0.327460024261
744,0.879214409282,0.296666581726,0.871052638873,0.352934796069
745,0.866448452083,0.303292083613,0.852631587731,0.378937348772
746,0.864811791409,0.305828593933,0.850000008941,0.344789163724
747,0.88445172504,0.288462355989,0.8657894809,0.374476050125
748,0.874304425721,0.291866894607,0.836842114596,0.362796880697
749,0.870376439122,0.297638539987,0.850000008549,0.331288722687
750,0.871031103762,0.299995931091,0.839473693387,0.423243139233
751,0.877250415823,0.288291812705,0.868421060474,0.350357521742
752,0.878559744836,0.292548447332,0.863157902893,0.35527144794
753,0.876595751573,0.296138355908,0.836842114988,0.38031661785
754,0.88085107059,0.295509782005,0.876315796454,0.319069814329
755,0.880851070493,0.283778606132,0.860526324103,0.361969939433
756,0.863175130515,0.318534578564,0.860526322926,0.353389848342
757,0.871358436083,0.312805650326,0.85789474492,0.383146536684
758,0.869067110231,0.300092743987,0.857894745312,0.365321892069
759,0.875286422463,0.295052421433,0.834210535413,0.376068524918
760,0.869721774628,0.309874386921,0.852631586947,0.351905510393
761,0.880196406072,0.288770034525,0.876315796454,0.320251667872
762,0.875613754783,0.292216997996,0.823684221036,0.404390011963
763,0.872340432263,0.299874617881,0.860526323711,0.351272260966
764,0.875613755027,0.292570119739,0.852631587731,0.350640904085
765,0.871685768159,0.29273790582,0.834210536198,0.370452215503
766,0.870049106899,0.298233650588,0.828947378224,0.363605765675
767,0.877250416116,0.287582966543,0.821052641853,0.422101995418
768,0.87004910685,0.300265801305,0.860526323711,0.347671230373
769,0.865466455684,0.316028801883,0.852631587731,0.375438137568
770,0.867103116602,0.307341981533,0.842105272177,0.398495057426
771,0.871358435888,0.301619401686,0.84473685136,0.403175189993
772,0.87299509705,0.295893701607,0.873684218055,0.376946204048
773,0.869721774823,0.305407139764,0.871052638873,0.336993153477
774,0.873322429321,0.307822711577,0.876315796846,0.363035611318
775,0.865793787979,0.309032478585,0.847368429758,0.344698855065
776,0.863829794741,0.310904369569,0.852631586947,0.346086797452
777,0.871031103714,0.291916003234,0.868421060082,0.334001473445
778,0.862520465923,0.315709129957,0.881578953643,0.338049617915
779,0.867430449142,0.311604849473,0.889473690406,0.344974866259
780,0.865793788248,0.305693701507,0.857894745312,0.33266703608
781,0.872667764583,0.305518478295,0.852631587339,0.358606278749
782,0.878887077132,0.289550249253,0.847368429758,0.346505987213
783,0.872013100431,0.298602398552,0.855263165737,0.350163144991
784,0.872667765095,0.29929907073,0.860526323711,0.359710865115
785,0.872013100235,0.297333310662,0.852631586555,0.348310501192
786,0.871358435936,0.292274551439,0.878947375244,0.306701340026
787,0.873649761398,0.28659728856,0.847368429366,0.312948378832
788,0.87430442599,0.299486353311,0.847368429758,0.417531651592
789,0.868085113709,0.295849626808,0.868421060474,0.324800016506
790,0.874631758359,0.301907095839,0.823684221036,0.410714258832
791,0.874631758115,0.302433250783,0.873684217663,0.323199057314
792,0.870703771735,0.296101184022,0.844736850968,0.355971303131
793,0.883142396003,0.288958572601,0.839473693779,0.446674825869
794,0.867430448825,0.30581133203,0.84473685136,0.364188393676
795,0.874304425892,0.300873837499,0.852631587339,0.346678670447
796,0.884779057214,0.295957457817,0.8657894809,0.374562716112
797,0.879869073849,0.293938167253,0.865789481684,0.356887535682
798,0.882815063683,0.283355080869,0.884210533217,0.320751310081
799,0.881505734865,0.296937774629,0.855263165737,0.331005491586
800,0.878887077108,0.289009309494,0.844736850575,0.351263300614
801,0.875941086859,0.292802738425,0.855263165737,0.349817857391
802,0.882160399335,0.28018960782,0.84473685136,0.36308260762
803,0.87561375488,0.29049515301,0.860526323711,0.32601326405
804,0.873322429395,0.309905326756,0.871052639265,0.316435881008
805,0.877577748265,0.30008047657,0.855263165345,0.305438714372
806,0.868412445932,0.310181828207,0.860526324103,0.353926897686
807,0.864157127085,0.305722827723,0.85526316613,0.327805965036
808,0.872340432604,0.289226545176,0.839473693779,0.375304213333
809,0.883142396003,0.294761143417,0.855263164953,0.35626451078
810,0.879869073922,0.293758042654,0.865789481684,0.368447330364
811,0.874631758066,0.29035050072,0.871052638873,0.331087887704
812,0.874959090215,0.294426735881,0.868421059298,0.352828887928
813,0.870376439024,0.298953486265,0.876315796454,0.340112784363
814,0.869067110329,0.308076499789,0.892105269589,0.293234606372
815,0.878559745056,0.293589595464,0.855263166522,0.350273012894
816,0.87430442616,0.30308847593,0.847368428974,0.356197736912
817,0.869067110329,0.311549953921,0.842105271393,0.338581527436
818,0.867757781584,0.300903862297,0.852631587339,0.332036167947
819,0.875286422536,0.279878573629,0.847368429366,0.373704628186
820,0.867430449044,0.30732237844,0.871052638481,0.338748181778
821,0.880523738367,0.284952074637,0.852631586947,0.392272824863
822,0.867430449166,0.306943991881,0.850000008941,0.37140213654
823,0.872995096855,0.302549717768,0.8657894809,0.338691793627
824,0.87692308382,0.29116057143,0.834210535021,0.375631893691
825,0.879214409233,0.28582847633,0.847368429758,0.325581620839
826,0.86350246242,0.311238691266,0.836842114596,0.352727061922
827,0.872340432507,0.298510533945,0.871052638873,0.332838157437
828,0.883142395905,0.298973499613,0.868421060474,0.342828470429
829,0.870376439463,0.300749421034,0.863157902893,0.334262235825
830,0.875613754978,0.293684002006,0.881578954427,0.334475000193
831,0.86743044941,0.305146431313,0.868421060474,0.324323449112
832,0.870703771345,0.293452591933,0.855263166522,0.334666501167
833,0.872995097172,0.297438996364,0.863157902109,0.330723718716
834,0.855319156926,0.328073490143,0.842105272177,0.358809748714
835,0.86775778134,0.301669638028,0.860526324103,0.340369922795
836,0.871685768208,0.300182544232,0.868421060082,0.32385897433
837,0.860556472489,0.314856607327,0.865789481292,0.371261425365
838,0.880851070493,0.282935446418,0.878947375636,0.325234040128
839,0.873322429541,0.289986797759,0.844736850183,0.355874558862
840,0.883142396198,0.279223645383,0.850000008156,0.335707060748
841,0.864484459308,0.31553205377,0.863157902893,0.349109440797
842,0.88379706057,0.288633646794,0.839473693387,0.378426445305
843,0.869067110426,0.307782866079,0.860526323318,0.340682969943
844,0.871031103616,0.297048209951,0.831578956231,0.362574600345
845,0.871031103519,0.301111051773,0.850000008156,0.355526300588
846,0.8765957515,0.291877672582,0.863157902501,0.318174441394
847,0.891980366236,0.283270042396,0.865789481684,0.345139631953
848,0.873322429224,0.29099804202,0.84736843015,0.395749249398
849,0.868412445908,0.295208927744,0.855263166522,0.330084089067
850,0.87561375488,0.294834973275,0.857894744528,0.341174882052
851,0.872340432848,0.30496218,0.868421060082,0.3255993917
852,0.870376439415,0.297516143318,0.865789481292,0.357869767192
853,0.873322429273,0.298973462281,0.842105272177,0.383996600579
854,0.880851070639,0.287719085526,0.842105272177,0.396137586795
855,0.864484458772,0.310822931242,0.836842114988,0.346502701262
856,0.875941086957,0.295428595394,0.876315796454,0.317663909622
857,0.877250415994,0.293759556441,0.842105272177,0.340390004855
858,0.872340432556,0.294108044777,0.863157902893,0.316156234249
859,0.868085113758,0.297283225292,0.828947377832,0.387844430234
860,0.872013100431,0.293294546556,0.850000008549,0.38555675598
861,0.877250416092,0.290175160232,0.807894746528,0.397086334954
862,0.871031103592,0.298902116173,0.881578954427,0.300736410837
863,0.876923084015,0.295732523533,0.855263166522,0.373129905201
864,0.874959090435,0.290790802773,0.85789474492,0.348052389577
865,0.87528642295,0.294122662011,0.857894745312,0.319778275774
866,0.88117840252,0.291221413292,0.834210536198,0.395845444628
867,0.872667764852,0.298043046073,0.860526323318,0.343026419366
868,0.884124392769,0.276588240952,0.850000008941,0.376122780781
869,0.87430442599,0.305416711839,0.844736850575,0.375116553672
870,0.872013100431,0.295932963533,0.855263165737,0.349798311724
871,0.880523738416,0.291531864371,0.868421060474,0.314007946192
872,0.877577748217,0.286409184257,0.86842105969,0.340369348316
873,0.867103116846,0.303418746282,0.836842114596,0.361561819764
874,0.869067110182,0.301634848819,0.863157902501,0.336812129269
875,0.875613754954,0.289252521638,0.852631587731,0.36493382451
876,0.882815063975,0.289505429139,0.823684220251,0.387192846104
877,0.858919811424,0.327754373459,0.863157902893,0.304913603505
878,0.866448452449,0.308896763369,0.863157902893,0.366815072043
879,0.875286422609,0.284054117146,0.826315799042,0.384079707394
880,0.871358435985,0.300213512936,0.852631586555,0.371823413322
881,0.882160398993,0.284799239124,0.863157902109,0.393786119297
882,0.873322429468,0.299860484072,0.878947375244,0.331849612933
883,0.878232412711,0.293046140937,0.844736850575,0.353240784013
884,0.878232412443,0.300425673425,0.847368429366,0.367502315264
885,0.879541741504,0.287544417056,0.871052639265,0.33417506913
886,0.871358435961,0.304379815199,0.857894744528,0.358821753118
887,0.885106389242,0.287210747886,0.860526323711,0.331728578864
888,0.881505734743,0.277156234714,0.834210535217,0.380185063879
889,0.87266776473,0.291648343266,0.863157901913,0.335383964997
890,0.867757781438,0.299760742305,0.886842112008,0.315911866283
891,0.870049107094,0.296464924745,0.857894743548,0.361890114476
892,0.870376439171,0.298823416757,0.839473693779,0.386230889757
893,0.872013100309,0.298249787863,0.894736848379,0.318444071803
894,0.855646488807,0.324357019125,0.850000008549,0.341499124654
895,0.883797060497,0.286585838048,0.852631587339,0.318997280231
896,0.877905080537,0.295699017552,0.847368428974,0.350268727659
897,0.871031103762,0.293156554651,0.852631586947,0.389371999539
898,0.872995096952,0.298079034256,0.857894744528,0.328706243933
899,0.876923083771,0.296918379542,0.823684219467,0.385075836099
900,0.868412445688,0.308052568347,0.881578954427,0.300073817764
901,0.88477905719,0.280739368347,0.839473692994,0.442939695559
902,0.872340432653,0.301822369732,0.865789481292,0.368518919684
903,0.86972177453,0.295779047159,0.84736843015,0.407271526852
904,0.872995096806,0.287367787163,0.847368429758,0.397082344629
905,0.883142396149,0.285916007848,0.852631587731,0.376698780535
906,0.867103117041,0.308540885613,0.855263166522,0.354335833807
907,0.861538469133,0.318815726439,0.873684217663,0.305286890092
908,0.8693944426,0.300302788554,0.836842114204,0.376491293458
909,0.863502462201,0.30767397627,0.855263165737,0.39167247644
910,0.879541741504,0.295496507656,0.868421060474,0.328892995432
911,0.86579378815,0.307138886047,0.852631587731,0.334035055565
912,0.874631758115,0.290928282319,0.855263165737,0.353125962919
913,0.870376439219,0.307217822829,0.863157902893,0.389548292286
914,0.864157126817,0.313751257057,0.855263166522,0.342734370381
915,0.879541741651,0.286765310081,0.868421060474,0.367410981317
916,0.879214409233,0.293333519646,0.850000008549,0.332119188173
917,0.876268419301,0.297352286729,0.857894745312,0.336777056322
918,0.877905080683,0.283134525267,0.836842114596,0.364070592987
919,0.88314239593,0.280032684981,0.871052639265,0.328166993041
920,0.880851070273,0.282950306546,0.85789474492,0.364488609331
921,0.866775784526,0.316118115812,0.863157902893,0.301305203306
922,0.884451725138,0.288991362064,0.850000008549,0.335819283941
923,0.868085113709,0.302938888054,0.85789474492,0.333844290115
924,0.861865801087,0.310176929761,0.860526324103,0.362056386657
925,0.877905080049,0.285247614232,0.823684220643,0.389009418162
926,0.871685768354,0.300262606811,0.863157902305,0.343648398442
927,0.868739777862,0.310805851523,0.850000008549,0.349316389496
928,0.881833067161,0.295529086643,0.85526316613,0.379714779899
929,0.874631758017,0.297604466659,0.831578957015,0.369367410233
930,0.877905080464,0.300294445221,0.85789474492,0.341875420834
931,0.870703771467,0.302319362522,0.834210535805,0.37474871466
932,0.871031103811,0.293698028053,0.881578954427,0.319800911569
933,0.87070377154,0.302156376761,0.852631587731,0.350116351521
934,0.87332242937,0.296285957464,0.850000007764,0.368787205729
935,0.864811791336,0.316604104387,0.857894745312,0.390022049143
936,0.869721775018,0.30233716213,0.863157902893,0.352577776305
937,0.869721774628,0.312974424493,0.834210535805,0.376218959591
938,0.87004910685,0.294973858689,0.823684219859,0.38167674962
939,0.876268419472,0.296980693821,0.865789481292,0.331560072538
940,0.881505734767,0.295950877997,0.81842106267,0.42095702764
941,0.87332242937,0.298620052916,0.842105272177,0.348705714961
942,0.872340432312,0.298798511216,0.857894745312,0.341773144852
943,0.866448452303,0.298738778333,0.865789481292,0.335852261241
944,0.875286422414,0.297568822447,0.842105272177,0.364002758784
945,0.865793787906,0.304062018433,0.826315799238,0.423819137982
946,0.872013100284,0.300210984259,0.873684217663,0.314920587857
947,0.885433721659,0.284044159686,0.863157902893,0.35613675864
948,0.873977093645,0.291649228514,0.81578948388,0.403579826026
949,0.869067110353,0.300266512604,0.836842114596,0.388102077144
950,0.865139123534,0.30391086866,0.85526316613,0.347054166523
951,0.878887076961,0.284051495115,0.871052639265,0.32060560388
952,0.880196406096,0.29066210712,0.871052639265,0.328065409521
953,0.879541741651,0.293656005986,0.842105272569,0.34748535993
954,0.878232412808,0.294000056251,0.844736850968,0.352122305745
955,0.877577748265,0.288220187219,0.863157902501,0.336112584674
956,0.864811791628,0.317363287997,0.855263165345,0.346469098849
957,0.872340432653,0.30941102972,0.852631586555,0.345079186078
958,0.870376439171,0.298521590622,0.881578954427,0.311690291733
959,0.871031103616,0.295207235121,0.85789474492,0.343653908293
960,0.879541741626,0.292368875954,0.852631586947,0.357912507153
961,0.870376439561,0.298140881141,0.860526323318,0.367123441084
962,0.882487731753,0.280856787951,0.876315796454,0.353962012665
963,0.872340432458,0.300700848565,0.860526322926,0.348191827683
964,0.885106389632,0.286400314963,0.897368426778,0.271636208862
965,0.869067110426,0.301603422252,0.860526324103,0.33475838631
966,0.877905080244,0.287800721464,0.844736850968,0.412765655961
967,0.87430442599,0.293894264591,0.860526324103,0.365812154046
968,0.873649761495,0.298455898426,0.828947378617,0.420471736181
969,0.865793787931,0.312134403705,0.871052638481,0.352293511853
970,0.87168576794,0.300070874039,0.865789481684,0.340253134969
971,0.872340432483,0.299917594062,0.836842113812,0.403415850462
972,0.862847797756,0.305490618544,0.842105272177,0.356421620585
973,0.873977093694,0.306614672049,0.852631587339,0.34365862309
974,0.872995097074,0.300807648218,0.865789481292,0.34547573676
975,0.868085113417,0.301179917843,0.850000008156,0.354875249543
976,0.863175130198,0.313617759355,0.881578954035,0.310670022608
977,0.872013100577,0.291893240857,0.852631586947,0.35204600185
978,0.86448445904,0.311211262075,0.868421059298,0.353423488449
979,0.861538469109,0.312183722031,0.85526316613,0.363456217082
980,0.876923083966,0.293257763247,0.84736843015,0.387765900673
981,0.865466455635,0.309422109724,0.852631586947,0.348063587211
982,0.881833067161,0.280760448804,0.873684217663,0.316005591058
983,0.871358435985,0.298825076883,0.815789483292,0.40307681064
984,0.879214409477,0.28570894058,0.842105272177,0.400764771737
985,0.874304425575,0.291812996878,0.863157902893,0.339184493782
986,0.870049107045,0.287665408934,0.855263166522,0.366530382295
987,0.872340432824,0.292757717362,0.860526323711,0.344763109117
988,0.888052379539,0.281180559836,0.860526324103,0.366026037887
989,0.868085113782,0.300288608752,0.863157902109,0.338756310876
990,0.867103116895,0.299268487298,0.863157902109,0.340015147028
991,0.878887077205,0.294105781142,0.847368429366,0.363904041508
992,0.872340432848,0.298738927192,0.865789481292,0.325552345205
993,0.875613754637,0.282353853472,0.839473693779,0.395803646086
994,0.870049106728,0.296448985618,0.836842114204,0.395736725609
995,0.876595751353,0.298417892173,0.86842105969,0.339679478423
996,0.876923083771,0.290033252797,0.842105272177,0.355596476994
997,0.883142396247,0.289897724523,0.839473692994,0.365148900395
998,0.883797060497,0.282407211783,0.860526324103,0.345238330161
999,0.883142396076,0.293737083948,0.826315799238,0.413711175126
