epoch,acc,loss,val_acc,val_loss
0,0.743698865883,0.543288595749,0.768421064866,0.508468847526
1,0.767921451802,0.477963104283,0.778947380224,0.514086646077
2,0.77086744188,0.468653896997,0.800000010352,0.443108587085
3,0.790834707905,0.426141779266,0.757894749312,0.578998334216
4,0.783960730691,0.42948395037,0.836842114988,0.372448746311
5,0.797054019868,0.420909973962,0.784210537413,0.479482255655
6,0.786579388717,0.439729347849,0.784210536041,0.438796758358
7,0.793780698128,0.412034498628,0.781578958427,0.48838560891
8,0.793453365272,0.417389266925,0.781578957642,0.474634676534
9,0.788216049684,0.404871794052,0.773684222251,0.476512635274
10,0.813420631443,0.383353012344,0.77631580065,0.485593297666
11,0.802946000316,0.382520528647,0.821052641853,0.390818262718
12,0.811456638058,0.371565330292,0.752631590947,0.497667233509
13,0.816039289395,0.371595536897,0.750000012548,0.553605998327
14,0.793453365516,0.398540133333,0.794736853556,0.43522203066
15,0.803927996569,0.3877954823,0.807894747508,0.414472852392
16,0.812111302844,0.385462106225,0.794736853556,0.430868694951
17,0.811129306006,0.371738496357,0.815789483095,0.395636330702
18,0.819639943918,0.378372209723,0.794736852967,0.434356417605
19,0.817675950679,0.364594557318,0.807894747508,0.418438149322
20,0.815057292581,0.367635952592,0.810526326299,0.412550011111
21,0.812111302357,0.37344744704,0.800000010745,0.414935565652
22,0.823567930932,0.367174056116,0.821052641853,0.398709063663
23,0.814402628355,0.370456609015,0.800000009372,0.388078535858
24,0.814402628111,0.378234071617,0.792105273981,0.458860970838
25,0.827823249462,0.359308851697,0.823684220251,0.378419220153
26,0.82585925593,0.35832959569,0.765789485684,0.449232595434
27,0.823567930615,0.360104036202,0.821052641853,0.390809945468
28,0.822258601236,0.361102817748,0.821052641069,0.359704605573
29,0.82520459146,0.35174515994,0.802631590319,0.419430450193
30,0.817348618066,0.374915016934,0.826315799042,0.360321680697
31,0.824549927234,0.355518286179,0.742105276177,0.522448274907
32,0.821603937011,0.364322066673,0.839473692994,0.361327281173
33,0.827823249413,0.351627010761,0.805263167933,0.381171161456
34,0.82585925615,0.35840739939,0.831578957407,0.39602228085
35,0.822913265804,0.356136338398,0.815789484272,0.385379596564
36,0.827823249169,0.357348334441,0.792105274177,0.469317672171
37,0.824877259384,0.355387497657,0.792105274373,0.398872961682
38,0.834697226285,0.355295310617,0.823684219467,0.39766972414
39,0.822258601773,0.346172811442,0.836842114988,0.429891193678
40,0.849754508749,0.324791595102,0.792105273981,0.403623162116
41,0.841898535453,0.328665828469,0.797368431954,0.468016470096
42,0.821276604568,0.363023243509,0.807894746724,0.391884166257
43,0.834697226456,0.335020579178,0.826315799434,0.390303419168
44,0.831096571762,0.345643576466,0.815789484272,0.409863493454
45,0.843207864271,0.329822025949,0.802631588947,0.486224708098
46,0.824549927308,0.351987805711,0.77894738042,0.424092187485
47,0.835024558654,0.328825128315,0.818421063062,0.393188474651
48,0.8422258677,0.321720774839,0.828947377832,0.378449316431
49,0.838297880662,0.322694177006,0.818421062278,0.39565391417
50,0.836661219914,0.330768884685,0.839473692994,0.373095837348
51,0.833715229714,0.336686799098,0.776315801238,0.432516847124
52,0.828477914175,0.346424549123,0.85789474492,0.355219893206
53,0.846481186547,0.322401688003,0.792105275549,0.423525382765
54,0.826513920571,0.352025555852,0.821052641265,0.381236492901
55,0.839607209943,0.321212954075,0.789473694798,0.451912102829
56,0.839934541824,0.344790061207,0.818421062278,0.440208378836
57,0.846153854617,0.330634191413,0.807894748292,0.444283841643
58,0.839934542361,0.335243432196,0.821052641461,0.41167437866
59,0.834369894282,0.341360897118,0.839473692994,0.407826968812
60,0.842553199825,0.322478888346,0.807894746724,0.506909474804
61,0.842225867676,0.323790696634,0.794736852379,0.457378965239
62,0.838297881271,0.334542999693,0.878947375244,0.340302191577
63,0.837315884286,0.332053700178,0.826315799042,0.397110525519
64,0.837970548634,0.335912083393,0.834210536198,0.338076498237
65,0.851718502525,0.32185151103,0.805263168326,0.399349132081
66,0.831751236598,0.342995515718,0.847368429758,0.368460487721
67,0.83960720965,0.324747229906,0.836842113616,0.386013376649
68,0.843207864344,0.325237960343,0.871052639265,0.356319682379
69,0.852045834528,0.312754336793,0.807894748292,0.419563697786
70,0.838625213226,0.3279766441,0.82894737744,0.395920178951
71,0.844517193162,0.319123696176,0.844736850183,0.354180823521
72,0.853027831367,0.310853532118,0.828947377832,0.365567892863
73,0.83600655542,0.328666772334,0.84736843015,0.368613160656
74,0.836333887862,0.332085865725,0.836842114204,0.372876998625
75,0.850736505735,0.323986716404,0.865789481292,0.323818236859
76,0.847135851358,0.319332920875,0.810526325514,0.373865220598
77,0.836006555493,0.335273778947,0.834210535413,0.350983676979
78,0.835351890779,0.335458645996,0.834210535805,0.429680423223
79,0.844189861061,0.317254948861,0.821052642245,0.379750427067
80,0.852700498949,0.312242702729,0.834210535413,0.396575975157
81,0.828150581831,0.346137580811,0.828947378224,0.396648025851
82,0.846481186717,0.314764734553,0.802631589927,0.44844815336
83,0.847790515998,0.317786337951,0.831578956623,0.383285113512
84,0.845499190098,0.32701468836,0.839473693779,0.363040415766
85,0.847790515754,0.317358411001,0.857894745312,0.355359576238
86,0.840916538907,0.321729394447,0.847368429366,0.361047043588
87,0.851718502183,0.32448443618,0.828947377832,0.449553034955
88,0.852700499144,0.304263804894,0.823684220251,0.359112570258
89,0.851063837762,0.306151414482,0.810526325711,0.40722653369
90,0.848117847563,0.315452280502,0.828947377832,0.371321188286
91,0.838625213031,0.319116253351,0.834210535805,0.392135467674
92,0.84418986111,0.316609872947,0.82631579865,0.453708585033
93,0.841243871056,0.324927274229,0.842105271785,0.361446142491
94,0.847135851065,0.321931067141,0.826315799434,0.366913607025
95,0.841243870764,0.326334686087,0.831578956035,0.36228475977
96,0.857283150262,0.297566042951,0.813157905873,0.421050108381
97,0.846481187132,0.316180181252,0.821052641853,0.397898954633
98,0.852045834357,0.307654065536,0.84736843015,0.350983201943
99,0.848445179907,0.320081631481,0.857894745312,0.357459894308
100,0.852700498925,0.30731635103,0.810526326299,0.477536346273
101,0.84713585109,0.314466397651,0.802631589927,0.410778522351
102,0.844517193332,0.316436372344,0.871052638481,0.312964285895
103,0.839279878061,0.315707708817,0.850000008549,0.398029858026
104,0.847790515364,0.311715512663,0.826315799042,0.396660255881
105,0.852700499388,0.309467070823,0.828947378224,0.363262556689
106,0.856301153496,0.312162014578,0.818421062278,0.395300441464
107,0.835351891291,0.332882728958,0.855263165737,0.348462223492
108,0.839279877525,0.331327832357,0.826315799434,0.399097540587
109,0.856955817795,0.297402163269,0.794736853948,0.528914244674
110,0.840916538321,0.32306420147,0.810526326299,0.377762172457
111,0.851391169912,0.323494490907,0.844736850575,0.437324998949
112,0.851391170204,0.320368873026,0.831578955839,0.422595361382
113,0.846808518769,0.311670855499,0.836842114596,0.386787788207
114,0.846481186498,0.314769880709,0.826315799042,0.38669757991
115,0.848117847758,0.329957349576,0.855263165737,0.369437951801
116,0.857283150189,0.300525483567,0.831578956623,0.376007881947
117,0.860883804858,0.298742587052,0.852631587339,0.347195230103
118,0.853027831537,0.30592591856,0.834210535413,0.35569899914
119,0.866448452522,0.286651241662,0.813157905089,0.452294275674
120,0.865466455781,0.290381530096,0.85789474492,0.367811717801
121,0.852045834357,0.31252994916,0.831578956623,0.402590523229
122,0.849427176722,0.318714150443,0.831578957407,0.390329818217
123,0.856628485329,0.305998822756,0.871052638873,0.323778941616
124,0.848117847831,0.308506216055,0.836842114596,0.38262469395
125,0.836661219865,0.321937446362,0.850000008549,0.347832326406
126,0.861211136788,0.297992260209,0.844736850575,0.350716497979
127,0.85204583465,0.308774418855,0.844736850968,0.384475506597
128,0.847790515462,0.32920355679,0.810526326691,0.384233262721
129,0.86022914012,0.30340971159,0.828947377832,0.397074453582
130,0.855319157023,0.308334351741,0.828947377832,0.393576671504
131,0.85139116996,0.306081369196,0.873684218055,0.35244211784
132,0.851718502281,0.310286637158,0.810526326299,0.414877810001
133,0.85793781461,0.305353858674,0.815789483095,0.504453444461
134,0.850409173317,0.319131524029,0.823684220251,0.368564452682
135,0.859901807873,0.295268168328,0.839473692994,0.398131053614
136,0.843207864417,0.320101134674,0.823684220643,0.423464196324
137,0.854991824801,0.307790046817,0.844736850968,0.384749433982
138,0.84877251213,0.3139072283,0.842105271785,0.375064839376
139,0.850409173512,0.308944318803,0.844736850968,0.355192939788
140,0.861211136886,0.295215076494,0.850000007764,0.339901160939
141,0.852373166434,0.310501634977,0.805263168326,0.41420891234
142,0.849099844401,0.309497708049,0.834210535805,0.426557666549
143,0.859574475504,0.300741599754,0.823684219467,0.502727285888
144,0.858265146686,0.301017465064,0.852631587339,0.365053822188
145,0.85957447565,0.306612288387,0.828947378617,0.363485323529
146,0.853355163394,0.309465552993,0.842105272177,0.37945555012
147,0.854337159819,0.305208051352,0.836842113616,0.381515011841
148,0.86284779756,0.288439782044,0.865789481684,0.372423352569
149,0.859901807995,0.294770452808,0.821052640676,0.453571075169
150,0.848445180054,0.302192302165,0.863157902501,0.339325548517
151,0.854337160404,0.311001406406,0.836842114596,0.4463826246
152,0.866448452547,0.290659609085,0.855263165737,0.358920725408
153,0.856955818137,0.309051641615,0.871052639265,0.325174921241
154,0.863829794692,0.300966786498,0.810526323946,0.44919717367
155,0.863829794814,0.298257785915,0.839473693387,0.340152146025
156,0.871031103836,0.286703593996,0.847368429758,0.475382777053
157,0.84288053178,0.324677969882,0.800000010548,0.437098701693
158,0.844844525165,0.31977064482,0.839473692994,0.374427018589
159,0.865139123656,0.29737921514,0.84473685136,0.351042310168
160,0.854991824654,0.307810409382,0.834210534825,0.375720746913
161,0.851718502427,0.309105560872,0.857894745312,0.358271526363
162,0.860883804761,0.295508138887,0.857894745312,0.384429237732
163,0.86579378815,0.294080399221,0.823684220643,0.410268655267
164,0.858919811278,0.293881331121,0.85526316613,0.361228124223
165,0.865466455781,0.288887688357,0.863157902893,0.309478253739
166,0.861865801063,0.299048174264,0.821052641069,0.375657776073
167,0.864484459235,0.292660439899,0.823684220643,0.42272902399
168,0.855319156853,0.30366755058,0.839473692994,0.364273213892
169,0.862193133408,0.303383011885,0.82631579865,0.36914733067
170,0.858919811132,0.304751064592,0.842105272569,0.474755454294
171,0.851718501647,0.306996972186,0.842105271785,0.344593460714
172,0.856955818186,0.297097159446,0.839473692994,0.433526630771
173,0.860229140023,0.299999593539,0.831578957015,0.4381051087
174,0.856628485865,0.315160922959,0.834210534629,0.433461440495
175,0.853682495666,0.305085548049,0.844736850968,0.408406029183
176,0.84680851894,0.316373866289,0.81052632473,0.449927574054
177,0.867103116895,0.295702761286,0.842105271393,0.356016619572
178,0.859901807946,0.3013003621,0.863157902501,0.369708474725
179,0.848445179834,0.314496858475,0.850000007176,0.38828125218
180,0.855319156853,0.309899303391,0.842105272177,0.35561922108
181,0.863175130271,0.300187312813,0.868421060474,0.354141814098
182,0.849099844597,0.311404487947,0.818421062278,0.405180150669
183,0.866121120056,0.29000508231,0.84736843015,0.310691263886
184,0.858592478909,0.302137008236,0.823684219663,0.366107618377
185,0.858919811351,0.288746326762,0.85789474492,0.359939836841
186,0.864157126768,0.292454610455,0.865789481684,0.368387330204
187,0.861865801356,0.283666174383,0.807894746332,0.459972980538
188,0.858592478958,0.291266493405,0.860526323711,0.321142705464
189,0.864484459357,0.28902919724,0.823684220251,0.430262837069
190,0.868412446029,0.288351235329,0.818421063455,0.462605460118
191,0.862193133676,0.301806491106,0.839473693387,0.445536592975
192,0.862520465825,0.287167962305,0.839473692406,0.341726675676
193,0.859901807946,0.291832077133,0.855263166522,0.3864210849
194,0.865793787858,0.286674845738,0.852631586947,0.397827902055
195,0.865466455562,0.287090951979,0.865789481684,0.370325515126
196,0.857610482582,0.304965673472,0.810526326299,0.426197045507
197,0.857610482192,0.292160362209,0.82631579865,0.494897357507
198,0.867103116943,0.287143282443,0.876315796454,0.368388208452
199,0.869394442332,0.280909865262,0.844736850575,0.448048220702
200,0.860883804688,0.290114331122,0.834210535805,0.38005750592
201,0.863502462689,0.290951501868,0.855263166522,0.336819890412
202,0.86088380437,0.294727549615,0.852631586947,0.343696979083
203,0.863829794546,0.291468067915,0.828947378224,0.468801503722
204,0.866121120373,0.288269010417,0.850000007764,0.328968368988
205,0.859901808239,0.303625102934,0.878947375636,0.377099286781
206,0.855646489051,0.298516546088,0.871052638873,0.345984012066
207,0.860229140218,0.307071366172,0.852631587731,0.35696621923
208,0.862847798146,0.286914592411,0.852631586947,0.403098863249
209,0.862520465899,0.286892436356,0.863157902501,0.293350045594
210,0.867430449166,0.28088156172,0.850000008941,0.388404609488
211,0.867757781438,0.281550702296,0.844736850575,0.383205940732
212,0.858919811107,0.294070221987,0.823684220643,0.412973084258
213,0.864484459211,0.289949901359,0.821052641853,0.42965216569
214,0.85139116996,0.300784165293,0.823684220643,0.450507458134
215,0.861865801282,0.294064135432,0.84473685136,0.404246966704
216,0.871685768379,0.285607854372,0.873684218055,0.366577583874
217,0.853682495715,0.30705486816,0.842105271589,0.476423990024
218,0.860883804566,0.298012156985,0.842105272569,0.469444444942
219,0.867757781486,0.278489742291,0.815789484272,0.373066587692
220,0.872667764656,0.283220394092,0.84736843015,0.374394476559
221,0.856955817966,0.298233951294,0.842105272177,0.378441871486
222,0.863175130368,0.284360081845,0.844736850575,0.420450962887
223,0.855646489295,0.305791654601,0.850000008549,0.403683143558
224,0.86448445882,0.29018074275,0.83947369221,0.474164621336
225,0.86088380459,0.285373823028,0.823684220251,0.412250656935
226,0.867757781145,0.291451723396,0.855263166522,0.360653369151
227,0.864157126915,0.294178276376,0.828947378224,0.461766944003
228,0.866775784916,0.298703626063,0.821052641069,0.394716566398
229,0.86808511366,0.291505933454,0.878947375244,0.328476629208
230,0.865793788053,0.286769643316,0.847368429758,0.468155724438
231,0.864157126817,0.288348898151,0.852631587731,0.359178176842
232,0.861865801209,0.295098684451,0.826315799434,0.384847444401
233,0.868085113563,0.28243830674,0.836842114596,0.5779246458
234,0.85433716016,0.311286288007,0.834210535805,0.385499641826
235,0.857610482095,0.288139913852,0.85526316613,0.372387313033
236,0.856628485621,0.292845272128,0.831578957407,0.434346383283
237,0.866121120373,0.289731941105,0.821052642245,0.437632822076
238,0.856301153399,0.303634037277,0.852631587339,0.405803313534
239,0.869067110329,0.278960995949,0.85526316613,0.341957594443
240,0.877250416092,0.269804020187,0.839473693779,0.437042460928
241,0.870376439512,0.281170932658,0.871052638481,0.288054408133
242,0.863829794668,0.300905374266,0.844736850575,0.422981074867
243,0.87528642256,0.276470366894,0.873684217663,0.334831316662
244,0.866448452498,0.29368821405,0.844736850575,0.346908478888
245,0.862520465874,0.289207695546,0.844736850968,0.329107299165
246,0.859901807849,0.29234058299,0.842105271785,0.398995781708
247,0.874631758285,0.278034476066,0.852631587339,0.336448179126
248,0.880196406047,0.266001685064,0.842105272177,0.363085363716
249,0.872340432629,0.283122245866,0.860526323711,0.324860822105
250,0.870049106972,0.285105863638,0.8657894809,0.374138583429
251,0.872667764754,0.28378841609,0.857894744528,0.331014344077
252,0.86186580138,0.292807820402,0.886842111224,0.281934374127
253,0.871358435961,0.269151087164,0.85526316613,0.359559037551
254,0.861211136983,0.294337761413,0.865789481292,0.370008069078
255,0.871358436009,0.279150407944,0.821052641853,0.407203060428
256,0.859901807629,0.297021215525,0.865789481684,0.323608846738
257,0.866448452571,0.282869018666,0.828947376656,0.39618618232
258,0.865466456025,0.283223330656,0.828947377832,0.431647799039
259,0.86317513032,0.291573065807,0.865789481684,0.378650794945
260,0.867430448995,0.28031591066,0.818421063455,0.453751329455
261,0.868085113612,0.278947325457,0.865789481684,0.342266187985
262,0.856955817844,0.299751235748,0.847368429758,0.326896651103
263,0.86546645583,0.281839355772,0.852631587339,0.369942895837
264,0.862193133554,0.291351582169,0.842105272569,0.347169123941
265,0.879214409574,0.269247347337,0.871052638873,0.312715867718
266,0.862520465923,0.291047885587,0.839473692602,0.391450217845
267,0.876923083771,0.273276063149,0.826315798061,0.369444918414
268,0.868739778008,0.27812117201,0.842105271785,0.354779135315
269,0.880196406072,0.268063520533,0.85789474492,0.42395396771
270,0.869394442502,0.284478258101,0.810526326299,0.402160592377
271,0.876923083454,0.27507364021,0.850000007764,0.339524402951
272,0.871031103714,0.271961896252,0.83157895525,0.354784417107
273,0.868412445981,0.277697062574,0.826315799434,0.369405435374
274,0.861211136886,0.291076673789,0.85789474492,0.36383726196
275,0.872667764778,0.272908163667,0.855263166522,0.34058808577
276,0.866775784672,0.281418646553,0.852631587339,0.37772799173
277,0.858265147125,0.296321691616,0.836842113812,0.444292237978
278,0.868085113587,0.297766004319,0.823684220251,0.400070571671
279,0.860229140169,0.288391918941,0.868421060082,0.29163859854
280,0.875613754783,0.268210501979,0.826315799434,0.432934280889
281,0.865793788101,0.289853386014,0.839473692602,0.367119922104
282,0.861211136837,0.286023691101,0.850000008156,0.332925145113
283,0.879541741797,0.267091621994,0.834210534629,0.352259083974
284,0.871358436083,0.279786894732,0.865789481292,0.302459212388
285,0.873322429151,0.281998902873,0.863157902109,0.372437860596
286,0.877577748119,0.267521578962,0.836842114596,0.44158861348
287,0.861211136739,0.298517781351,0.850000008549,0.352858121265
288,0.885433721757,0.255408387668,0.826315798454,0.419741802604
289,0.877250415848,0.270080739315,0.850000008156,0.407354266864
290,0.868739778277,0.277100172885,0.839473693387,0.383256268482
291,0.870703771296,0.276825089678,0.844736850575,0.329620016947
292,0.86972177492,0.28293962113,0.836842114596,0.363267299989
293,0.876923083942,0.277363941549,0.85789474492,0.324324473976
294,0.867103116797,0.288028344853,0.850000008941,0.318125087011
295,0.865466455586,0.293150325295,0.844736850183,0.362295564494
296,0.881178402862,0.260979879585,0.873684218055,0.33368170547
297,0.874631758212,0.270457727482,0.857894744528,0.30927585826
298,0.869394442429,0.283631136408,0.826315799042,0.456958916038
299,0.877577748168,0.276518072689,0.831578957407,0.436431677937
300,0.869394442576,0.281639961399,0.855263166522,0.355481197935
301,0.874631758115,0.269906075999,0.834210535805,0.374289245976
302,0.869067110572,0.280029588021,0.855263165737,0.322069317067
303,0.865793788028,0.284290110848,0.834210536198,0.419506061258
304,0.877905080439,0.26489165255,0.857894744528,0.326776400631
305,0.876268419277,0.273440033605,0.839473693779,0.387601807278
306,0.875286422536,0.277833210749,0.834210536198,0.422495181725
307,0.854009828132,0.30787250381,0.85526316613,0.360247243653
308,0.86350246225,0.296144100371,0.834210535413,0.412537576241
309,0.867103116602,0.2779787735,0.852631587339,0.414645344184
310,0.865793788004,0.280266136215,0.823684220643,0.363344677234
311,0.863502462299,0.285277222193,0.834210535413,0.351747975397
312,0.867757781633,0.286435927446,0.84736843015,0.403296360427
313,0.871685767866,0.280164413136,0.828947378224,0.38767528779
314,0.867430449093,0.273847628409,0.842105271785,0.364227588382
315,0.86513912351,0.295061071137,0.823684219859,0.378305383399
316,0.877905080488,0.269394116958,0.876315796454,0.290910480878
317,0.875941087201,0.267427779888,0.876315796846,0.328535528964
318,0.876923083722,0.265342404584,0.831578957407,0.436908130973
319,0.876595751549,0.264485330723,0.839473692994,0.401633273816
320,0.881178402496,0.25939818428,0.828947378617,0.445322618945
321,0.874304425941,0.272265605787,0.831578956623,0.429436035444
322,0.868412445786,0.286081763181,0.868421060474,0.30187380209
323,0.869067110109,0.282612360456,0.834210535021,0.389607691927
324,0.863502462737,0.281703013844,0.865789481292,0.327621225402
325,0.866121120348,0.277476354577,0.834210535021,0.447022302709
326,0.872995096952,0.270702716074,0.813157904109,0.462843780685
327,0.867430449069,0.281531694978,0.84473685136,0.438937038217
328,0.865466455854,0.300840502538,0.839473693387,0.348185377735
329,0.878887076961,0.272069897736,0.852631587339,0.361642405734
330,0.874304426136,0.280515356562,0.868421060082,0.32650036788
331,0.873322428956,0.27568141496,0.800000011137,0.463982822159
332,0.873649761447,0.272906067508,0.834210536198,0.428530784514
333,0.871031103665,0.273988817762,0.831578956623,0.543124095132
334,0.87004910685,0.280863036223,0.857894744528,0.457539830109
335,0.872013100235,0.273573885323,0.847368429758,0.376616209048
336,0.873322429273,0.286127821001,0.855263165737,0.357693026598
337,0.870703771271,0.286117948787,0.839473692994,0.39518763207
338,0.86710311709,0.288340400238,0.863157902501,0.384655230586
339,0.871685768061,0.274009819124,0.84736843015,0.407488580691
340,0.872995096952,0.272338862595,0.865789481292,0.424991144983
341,0.874631758163,0.278059442602,0.876315796846,0.303768568044
342,0.867757781194,0.282345518909,0.860526324103,0.408975112163
343,0.873649761349,0.274339580207,0.831578956623,0.396786838825
344,0.872340432434,0.271723573655,0.836842114596,0.381947353321
345,0.876923083918,0.270583026366,0.839473692994,0.419829785381
346,0.87168576811,0.276914391868,0.828947378224,0.450006284121
347,0.882815063829,0.27059802805,0.828947378617,0.389909996688
348,0.875613754685,0.258749726174,0.831578957015,0.402465331714
349,0.868412445883,0.287745315915,0.855263165737,0.455736166525
350,0.868085113685,0.282234731403,0.85526316613,0.314578405226
351,0.871685768305,0.268497768543,0.81842106267,0.355254187311
352,0.877577748119,0.263077352255,0.826315799826,0.376858073734
353,0.880196406145,0.271265321143,0.844736849987,0.438036654709
354,0.881833067063,0.269760057316,0.863157902501,0.31190433602
355,0.883469728421,0.267262397384,0.834210535413,0.391042423497
356,0.876923083844,0.265116703751,0.792105274373,0.429378418007
357,0.860229140169,0.292219221603,0.855263166522,0.368803899163
358,0.860883804468,0.292407516843,0.842105272177,0.329011923425
359,0.871031103519,0.283089275262,0.847368428974,0.367105631267
360,0.876268419106,0.270724695799,0.860526323711,0.363525707174
361,0.867103116626,0.285264749609,0.839473692994,0.350082940666
362,0.872667764827,0.266745545231,0.871052638481,0.313215194347
363,0.875613754954,0.269914485665,0.831578957015,0.398426931903
364,0.879214409306,0.264697132399,0.857894745312,0.343870732683
365,0.863502462177,0.26835682001,0.871052639265,0.415207994968
366,0.875613754588,0.276915086394,0.850000007764,0.353547694537
367,0.87855974508,0.257161821642,0.850000008549,0.435617077805
368,0.868085113612,0.277874018657,0.834210535805,0.409994285355
369,0.868412445908,0.280555536607,0.857894744528,0.367039846912
370,0.868085113368,0.283405484431,0.863157902893,0.343524476496
371,0.870049106826,0.278370375775,0.839473693387,0.424806734753
372,0.87986907402,0.268689209867,0.839473693779,0.378062215075
373,0.864157126915,0.277491003345,0.842105271393,0.38607502877
374,0.868412446029,0.287005555454,0.878947375244,0.378484402998
375,0.868739778106,0.27770737469,0.886842111616,0.299089862639
376,0.857937814464,0.290238693081,0.834210535413,0.38601813934
377,0.874959090411,0.273639219715,0.873684218055,0.376788822733
378,0.882487731679,0.267144436298,0.85526316613,0.365970621158
379,0.8661211203,0.285428386433,0.863157902109,0.32291873283
380,0.86677578477,0.287627577207,0.828947376852,0.406604653102
381,0.880523738319,0.270678487183,0.850000008156,0.371829820192
382,0.868739778057,0.275549833954,0.865789481684,0.430615110093
383,0.86743044902,0.282885832616,0.842105272177,0.361069256184
384,0.874631758139,0.267956404371,0.868421060474,0.333838254126
385,0.876923083869,0.257451142332,0.876315796454,0.336127028541
386,0.870703771418,0.271241721952,0.850000008156,0.445593013807
387,0.875286422511,0.25812315483,0.834210534629,0.416700895435
388,0.872667765071,0.268879993236,0.855263165737,0.376237194995
389,0.881833067356,0.255113526096,0.810526326299,0.48151018964
390,0.865466455927,0.274535504475,0.85789474492,0.399915283414
391,0.877577748363,0.267245843385,0.81578948388,0.428700226954
392,0.882160399383,0.260268883324,0.836842114988,0.424676527435
393,0.872013100333,0.274507385205,0.855263166522,0.411365769712
394,0.878232412369,0.262052941737,0.852631587339,0.439410408542
395,0.883797060351,0.271478671004,0.828947377048,0.420180332838
396,0.867757781486,0.278987920451,0.868421060082,0.315802059636
397,0.874631758115,0.262697527809,0.831578957015,0.452919870744
398,0.880851070493,0.270741641539,0.855263165737,0.41265757056
399,0.888379711615,0.251469355852,0.844736850968,0.425660161216
400,0.884451725138,0.259032137582,0.805263167933,0.549329712132
401,0.875613755076,0.267325593456,0.826315799434,0.461857930588
402,0.876923083869,0.266673309099,0.836842114596,0.377408197704
403,0.87561375488,0.262191925256,0.842105271785,0.330627087914
404,0.881178402837,0.266743580715,0.810526326299,0.438398659955
405,0.870376439268,0.280128340708,0.868421060474,0.355218932724
406,0.874631758163,0.272094228925,0.863157902893,0.347018878252
407,0.868085113782,0.280315026455,0.873684218055,0.417155903588
408,0.869721774774,0.2692753974,0.847368429758,0.366198854267
409,0.882487731679,0.261959400955,0.836842114596,0.472594310384
410,0.87823241276,0.263677879851,0.847368429758,0.376242545488
411,0.875613754758,0.259728810703,0.842105272177,0.450778642693
412,0.878559744787,0.2648426175,0.828947378617,0.43659644844
413,0.872013100187,0.275166995102,0.831578957407,0.423127694277
414,0.864811791141,0.281888489107,0.834210535805,0.445909883611
415,0.881833067356,0.265965942308,0.839473692994,0.428724489303
416,0.876923083844,0.262643729686,0.868421060474,0.340383966666
417,0.868412445737,0.286997618212,0.857894745312,0.348803415788
418,0.883797060595,0.265316432865,0.844736850575,0.432781619418
419,0.881505734987,0.255866080547,0.878947375636,0.325201770486
420,0.873977093767,0.266588799574,0.839473693779,0.357177750893
421,0.871358435961,0.269788427153,0.876315796454,0.380026487642
422,0.875286422853,0.262979562503,0.842105272177,0.336126944546
423,0.86448445904,0.290411930068,0.868421060082,0.316514957717
424,0.879541741407,0.264617543484,0.850000008941,0.370288514765
425,0.877905080391,0.25803394143,0.852631586947,0.381802996246
426,0.879214409233,0.25926636483,0.894736848379,0.336440243829
427,0.867757781267,0.270892817128,0.85789474492,0.345802005736
428,0.873649761642,0.275814098094,0.878947375244,0.347408752744
429,0.876923083966,0.26743483239,0.871052639265,0.281852696815
430,0.883142396003,0.255713293839,0.842105272177,0.379986300777
431,0.872340432702,0.271426035854,0.881578954427,0.410779926025
432,0.87561375488,0.264006448803,0.857894745312,0.36406870402
433,0.879869073922,0.266621640817,0.86842105969,0.454403056453
434,0.8599018078,0.286574417347,0.839473692994,0.414711191302
435,0.879214409379,0.26377641317,0.800000011529,0.495511686947
436,0.876268419131,0.265398543872,0.850000008549,0.487942094049
437,0.871358435888,0.280451807678,0.842105272569,0.370345470943
438,0.87888707701,0.27226333,0.871052638873,0.331920372089
439,0.873649761642,0.262436923034,0.844736850575,0.35118402927
440,0.893944359645,0.243639729586,0.878947375636,0.38207635796
441,0.8723404328,0.267869235403,0.886842112008,0.246343441643
442,0.873322429078,0.271328078978,0.847368429366,0.377335501878
443,0.880523738294,0.260492877499,0.836842114596,0.388646719717
444,0.875613754978,0.274330244922,0.842105272177,0.391108477476
445,0.87659575167,0.262618716518,0.834210535805,0.431941313484
446,0.874959090215,0.268701155812,0.860526322926,0.292529331741
447,0.895581020807,0.243001334285,0.852631587731,0.394891945382
448,0.887070382554,0.250878007281,0.85526316613,0.339100605516
449,0.869721774628,0.272338640972,0.839473692602,0.448626684333
450,0.885106389266,0.25690097774,0.860526324103,0.339152941079
451,0.883469728226,0.265895016277,0.881578954427,0.29190748844
452,0.876268419375,0.266098250698,0.865789481684,0.354826539941
453,0.884451725089,0.249834862839,0.850000008941,0.562329653903
454,0.875941086957,0.275165977004,0.860526324103,0.378179906683
455,0.882487731557,0.258967339454,0.857894745312,0.348145019922
456,0.872013100723,0.273333090545,0.876315796846,0.354157034929
457,0.886088386105,0.252090663155,0.823684219467,0.458034596292
458,0.878887077254,0.262388776034,0.847368429366,0.386627155247
459,0.884124392573,0.26341394783,0.828947378617,0.429631141355
460,0.873649761471,0.262714270638,0.860526323711,0.303631936633
461,0.87888707701,0.261634126543,0.860526324103,0.317126683903
462,0.87103110386,0.274610368215,0.863157902893,0.392326949351
463,0.877905080366,0.259491941136,0.823684220251,0.409789626879
464,0.874631758188,0.274865538585,0.8657894809,0.379177518989
465,0.892962362977,0.246866308884,0.839473692994,0.370730958272
466,0.887397715093,0.261890452332,0.886842112008,0.330083110474
467,0.876923083869,0.26501903964,0.834210535021,0.412887912784
468,0.880851070249,0.249346339311,0.823684220643,0.374978280197
469,0.880196405876,0.267440520571,0.865789481684,0.33752875305
470,0.879214409428,0.264859593587,0.868421060082,0.36043912229
471,0.87954174126,0.263481368025,0.839473693387,0.339377848315
472,0.884124392866,0.253522227525,0.850000008941,0.396762997462
473,0.87103110364,0.272174505365,0.868421060474,0.354463913227
474,0.871031103543,0.266864689551,0.865789481684,0.378806508486
475,0.88477905697,0.248804558387,0.81842106267,0.421141752912
476,0.882160399579,0.257039659362,0.85526316613,0.410557258975
477,0.86906711028,0.285177978654,0.850000008549,0.38299407772
478,0.877905080439,0.269938588853,0.873684218055,0.356441291632
479,0.87266776473,0.270162557975,0.881578954427,0.278108428482
480,0.888707043789,0.24205569693,0.839473693387,0.428223152629
481,0.872995097196,0.272186315062,0.844736850575,0.406667493505
482,0.871031103519,0.27198468236,0.839473693779,0.349108675415
483,0.888707043887,0.254950361673,0.871052639265,0.379768750428
484,0.888379711566,0.253787781359,0.863157902893,0.337886891521
485,0.886088385934,0.259013440952,0.84736843015,0.358724957684
486,0.879869073776,0.262333729047,0.831578956623,0.389929360497
487,0.886415718376,0.257027685033,0.815789483684,0.471497450051
488,0.887397714947,0.244408466122,0.844736850575,0.333580605723
489,0.883797060204,0.255855685932,0.852631587339,0.446222237294
490,0.880523738319,0.25273861779,0.844736850968,0.355499826269
491,0.870703771393,0.269481740171,0.85526316613,0.355399592821
492,0.876595751695,0.269742809388,0.836842114596,0.357381666372
493,0.884451725138,0.251529816907,0.831578957015,0.379052321047
494,0.866121119885,0.279087788922,0.871052639265,0.372637498574
495,0.881178402642,0.266076884068,0.828947377832,0.567618450646
496,0.888052379636,0.245732590659,0.85526316613,0.346483567234
497,0.876595751597,0.261091530754,0.831578957015,0.443661849419
498,0.880851070249,0.260375808627,0.85526316613,0.359946250463
499,0.887070382773,0.255193162003,0.847368429758,0.362801639666
500,0.871685768208,0.275556208236,0.85789474492,0.362211477695
501,0.892962362831,0.238434476905,0.897368426778,0.32085544961
502,0.87463175831,0.264079977432,0.823684219271,0.396388179384
503,0.872340432556,0.269651092276,0.85789474492,0.349733657153
504,0.890343704829,0.252032394641,0.844736850968,0.384513713169
505,0.886415718279,0.253364402747,0.871052638481,0.329794975678
506,0.890016372777,0.246224806241,0.878947375636,0.391575042845
507,0.862847798121,0.283385764663,0.852631587339,0.391850877971
508,0.873322429053,0.271664130835,0.834210535413,0.525974124668
509,0.873977093523,0.268835375564,0.847368429366,0.44296491689
510,0.872995097099,0.270806074696,0.852631586947,0.43194046494
511,0.876595751353,0.263971645121,0.863157902501,0.386362537294
512,0.878232412735,0.265764995192,0.844736850968,0.388429568664
513,0.878232412394,0.262251119209,0.855263165934,0.341937185835
514,0.877905080171,0.262472024868,0.84736843015,0.367514665591
515,0.878232412662,0.262869308875,0.868421060082,0.371594794969
516,0.880851070566,0.255904739154,0.842105272177,0.469232776578
517,0.89165303394,0.247271874535,0.863157902893,0.377299796744
518,0.882487731606,0.253344838145,0.892105269197,0.263232619636
519,0.886088386007,0.244015114564,0.85526316613,0.394823686709
520,0.888052379417,0.242101258011,0.844736850968,0.390974988717
521,0.878887077108,0.263556526639,0.842105272177,0.350657670352
522,0.878559744836,0.270463097773,0.878947375636,0.352692083563
523,0.877905080342,0.263039595508,0.844736850968,0.489769077669
524,0.878232412662,0.269699050211,0.860526323711,0.381285679532
525,0.887070382919,0.252779609955,0.842105272177,0.383935319134
526,0.881505734914,0.25636566184,0.852631587339,0.479602577139
527,0.876595751695,0.272602556685,0.836842113812,0.422050191341
528,0.877250415848,0.268027592604,0.850000007764,0.385904309428
529,0.894926356069,0.245907229594,0.834210534629,0.46539755837
530,0.876923083771,0.267557188218,0.821052641461,0.530575806575
531,0.883797060473,0.256721231874,0.860526324103,0.361765238916
532,0.885761053882,0.258745935806,0.85526316613,0.412825025817
533,0.884124392817,0.257915641611,0.821052641853,0.514017644665
534,0.883469728323,0.262888705862,0.886842112008,0.314454907051
535,0.88510638929,0.252552666805,0.852631587339,0.340709898125
536,0.878232412711,0.268396776918,0.857894744528,0.418184718967
537,0.875286422341,0.266251635148,0.852631587731,0.380416172669
538,0.86808511366,0.275898112856,0.857894745312,0.387412012103
539,0.884124392915,0.247333178375,0.863157902501,0.378539997454
540,0.88445172504,0.246759480967,0.84473685136,0.477074508936
541,0.873977093523,0.271960551231,0.857894745312,0.365018805789
542,0.874304425746,0.265066083527,0.852631587731,0.450457315633
543,0.891653033989,0.243801843625,0.876315796846,0.408153730654
544,0.885761053541,0.255347696282,0.852631587339,0.39123419571
545,0.880196405852,0.262681935567,0.818421061886,0.439493210727
546,0.878887076961,0.259632879236,0.860526324103,0.371744687439
547,0.897872346171,0.239501768376,0.850000008549,0.390102164696
548,0.885433721464,0.247103313787,0.878947375636,0.395078400462
549,0.876923083771,0.262164621132,0.81578948388,0.407633743295
550,0.870703771345,0.26134069122,0.828947378224,0.451353960865
551,0.883469728274,0.250620876401,0.868421060474,0.388305444878
552,0.888052379344,0.253731674526,0.855263166522,0.358366814648
553,0.886088386007,0.258458997422,0.826315798258,0.410000923557
554,0.890998369372,0.253440639832,0.84473685136,0.42416464634
555,0.890016372875,0.244883947552,0.863157902109,0.353419653367
556,0.877250416043,0.265432036738,0.884210533217,0.303612980082
557,0.870703771442,0.281890972306,0.873684218055,0.283150041997
558,0.874304425794,0.263699992278,0.85789474492,0.319861414985
559,0.879869073581,0.267914546803,0.839473693387,0.397849970767
560,0.883797060326,0.254853496057,0.873684218055,0.384899791212
561,0.882815063707,0.258572910377,0.868421060082,0.409066037007
562,0.884124392866,0.254440370955,0.8657894809,0.343792532451
563,0.883469728274,0.254796488134,0.857894745312,0.404994390749
564,0.891325701863,0.248584507398,0.863157902501,0.429723351891
565,0.880196405803,0.258596355596,0.855263166522,0.408614862156
566,0.886415718254,0.253940311147,0.860526323711,0.416943976698
567,0.890016372924,0.240755033958,0.855263165541,0.461464237248
568,0.877250415994,0.250157570629,0.85526316613,0.361785411471
569,0.870703771369,0.280520792421,0.871052639265,0.427275679935
570,0.874631758237,0.266572034291,0.852631587339,0.399170956087
571,0.885761053687,0.251470693231,0.85526316613,0.434062002631
572,0.883797060546,0.256771716655,0.821052641461,0.414503849544
573,0.875286422414,0.263994126259,0.865789481684,0.366853562075
574,0.88412439272,0.262658091919,0.857894744528,0.32262260101
575,0.875941087054,0.265907889923,0.842105271393,0.485638479953
576,0.877250415896,0.265638967999,0.852631587731,0.396928180423
577,0.884451724821,0.254797999727,0.839473692602,0.45038326211
578,0.88936170843,0.260571356524,0.834210535805,0.434497743214
579,0.877250415653,0.260492266255,0.842105272177,0.408722235365
580,0.871685768159,0.272599915944,0.828947378224,0.388260281357
581,0.883797060473,0.255849553705,0.842105272177,0.437454309265
582,0.886743050697,0.249445585976,0.868421060474,0.354231372383
583,0.880523738246,0.263185432926,0.836842114596,0.488980063247
584,0.881505735109,0.247944625445,0.873684217663,0.340195836842
585,0.886415718352,0.249526598704,0.850000008941,0.58345512602
586,0.885761053931,0.254660265455,0.82631579865,0.619360158833
587,0.878559744763,0.249409423355,0.844736850968,0.465510352017
588,0.890671037174,0.247699165254,0.836842114988,0.399417033255
589,0.891653034086,0.246877183156,0.844736850968,0.482104267842
590,0.882160399286,0.252645681785,0.85526316613,0.479108379149
591,0.887725047121,0.245577130231,0.850000008549,0.499166213069
592,0.883469728421,0.250329032346,0.844736850575,0.405643390218
593,0.883797060448,0.248417410881,0.84473685136,0.36154009404
594,0.877905080293,0.255826756004,0.868421060474,0.40120332212
595,0.889034375914,0.255766754302,0.82894737744,0.536742761953
596,0.876595751597,0.262046968743,0.860526324103,0.369122425274
597,0.885761053882,0.243689805366,0.836842113812,0.386772169326
598,0.896235685107,0.242770852547,0.894736848379,0.393480048775
599,0.888379711664,0.245021474108,0.844736850575,0.365064685278
600,0.894926356069,0.242102125426,0.860526323711,0.452254881168
601,0.888052379392,0.249128454369,0.847368429366,0.362153252409
602,0.887397715044,0.246526495551,0.84473685136,0.353414275364
603,0.8860883863,0.248179179833,0.871052639265,0.395793797402
604,0.886088386178,0.257644086197,0.852631587731,0.406537725946
605,0.877577748314,0.26146405112,0.902631584751,0.281611833738
606,0.885761053833,0.253194537565,0.871052638481,0.36119282599
607,0.875941087054,0.261914484102,0.842105271785,0.406606553331
608,0.878559744982,0.252819580399,0.868421060474,0.467840624492
609,0.891653033696,0.243495502229,0.852631586947,0.358179753839
610,0.886088386056,0.254192041935,0.881578954427,0.518489590864
611,0.890671037101,0.236595364384,0.834210535413,0.522543120888
612,0.886088386032,0.248555190081,0.876315796846,0.390348018538
613,0.875941087054,0.265805007176,0.876315796846,0.414746238786
614,0.872340432458,0.258577659037,0.860526323711,0.344182205296
615,0.884451724991,0.248161276545,0.881578954035,0.298318366799
616,0.876595751451,0.254697201946,0.865789481684,0.311626577255
617,0.877577748217,0.263006608089,0.860526323711,0.434884274489
618,0.883469728372,0.25527808127,0.89736842717,0.274123059626
619,0.890671037077,0.239917268516,0.868421059298,0.444216829397
620,0.884779057043,0.245519132197,0.855263165737,0.364640128249
621,0.888052379368,0.249590476552,0.844736850968,0.36210644973
622,0.874959090435,0.264059604811,0.878947375244,0.416832106173
623,0.878559744739,0.264522581343,0.857894744528,0.342099058952
624,0.889034376207,0.244591275653,0.868421060474,0.392681110931
625,0.892635030437,0.240951935525,0.876315796846,0.303573604497
626,0.877577748314,0.258744296675,0.868421060474,0.365286671615
627,0.882815063585,0.252814880111,0.857894745312,0.374519114154
628,0.886088386154,0.249293832953,0.878947375244,0.315689883758
629,0.882160399359,0.256562695496,0.871052638088,0.336521221211
630,0.89132570162,0.245178475045,0.839473693779,0.501845456792
631,0.886743050697,0.248927243663,0.850000008549,0.332295294851
632,0.881505735036,0.256478171555,0.878947375636,0.277805716041
633,0.880851070419,0.252006059041,0.860526322926,0.393563486893
634,0.871685767988,0.271089034588,0.873684217271,0.342904700261
635,0.882815063926,0.250116763114,0.844736850968,0.365213329439
636,0.87757774768,0.252436679892,0.828947378617,0.358985771637
637,0.880851070639,0.263793592965,0.868421060082,0.311439702851
638,0.885761053809,0.249778166179,0.871052638873,0.290560838264
639,0.878232412565,0.245613854818,0.834210536198,0.429564297028
640,0.895253688536,0.234981770726,0.850000008156,0.347408514294
641,0.876595751597,0.259901107542,0.850000007764,0.386219431012
642,0.88903437589,0.244858736383,0.855263165737,0.338667317475
643,0.885761054077,0.246842930562,0.89736842717,0.297861073741
644,0.885433721806,0.258655223944,0.821052642245,0.392868076929
645,0.890016372826,0.244247543098,0.865789481684,0.353051813543
646,0.88772504717,0.244763289857,0.865789481684,0.341046567315
647,0.898854342986,0.228372385315,0.863157902893,0.333870063076
648,0.897545013851,0.230666943415,0.860526323711,0.289706687943
649,0.877905080635,0.260322473561,0.855263166522,0.356740435457
650,0.890671037101,0.23852667522,0.857894745312,0.378178241659
651,0.884451724942,0.256807211306,0.852631587339,0.384856187935
652,0.890343705073,0.247164185945,0.852631587731,0.358341297341
653,0.893289695053,0.239439007146,0.881578954427,0.30065637276
654,0.887070382773,0.252828622909,0.860526323711,0.331045279293
655,0.890343704903,0.251411292752,0.839473693387,0.386478169754
656,0.880851070493,0.257360488656,0.855263166522,0.396831341101
657,0.898527010812,0.238152690936,0.836842114596,0.420449915998
658,0.882160399579,0.254381542725,0.842105272177,0.426238963899
659,0.894271691648,0.238738110669,0.842105272177,0.399362021374
660,0.875941087347,0.259369709472,0.860526323711,0.366464871909
661,0.88510638929,0.247258539734,0.876315796062,0.363593832667
662,0.878887077254,0.260484769779,0.850000008941,0.326793380646
663,0.888379711664,0.242455970298,0.857894745312,0.381240414319
664,0.887397714996,0.260918180483,0.815789484272,0.417962310258
665,0.900491004099,0.22608165757,0.836842114988,0.508913566086
666,0.885761053785,0.25111866345,0.821052642245,0.551654768123
667,0.892307698361,0.242630765884,0.860526324103,0.357461788418
668,0.889361708283,0.243180464379,0.85789474492,0.410127913464
669,0.888707043887,0.250919495914,0.850000008549,0.33346636828
670,0.888707043935,0.251036464587,0.876315796846,0.337073621326
671,0.896563017037,0.233815537372,0.847368429366,0.376851620961
672,0.891980366065,0.247480976246,0.860526324103,0.425532474587
673,0.882815063658,0.250205729383,0.834210535413,0.454750756269
674,0.887725047121,0.247577377761,0.857894744724,0.345064337146
675,0.892635030388,0.24361535136,0.84473685136,0.379403956056
676,0.885433721659,0.248016847967,0.844736850183,0.362984929281
677,0.874631757968,0.271891878204,0.868421060474,0.367378335939
678,0.883797060595,0.25823913714,0.863157902501,0.328533110542
679,0.880851070346,0.249449255374,0.850000008549,0.396504713992
680,0.887397714947,0.239304117093,0.863157902501,0.388940592316
681,0.890671037174,0.247995202178,0.85789474492,0.388199136231
682,0.877905080488,0.264734348087,0.842105271785,0.334345601675
683,0.894271691868,0.238399645393,0.878947375636,0.390437083593
684,0.891653033964,0.245888303312,0.836842114596,0.391921941244
685,0.889034376012,0.244196584131,0.855263166522,0.459544131386
686,0.884124392866,0.254521472453,0.847368428974,0.684203462429
687,0.892962362733,0.242291809324,0.828947377244,0.521086224958
688,0.894271691722,0.23211209116,0.850000008549,0.322270016206
689,0.896563017281,0.238595351316,0.881578954035,0.34267125
690,0.88576105398,0.250938512644,0.847368429758,0.489085742011
691,0.886088386007,0.239734318613,0.834210535805,0.383448232455
692,0.880196406096,0.266398162455,0.847368429366,0.533431291142
693,0.892962362904,0.238961122271,0.850000008941,0.379866006391
694,0.870049106753,0.269568998889,0.85789474492,0.438142857965
695,0.891325701595,0.247141790976,0.892105269589,0.24873199837
696,0.890998369641,0.229489206619,0.873684218055,0.398770492582
697,0.890343704829,0.245655029812,0.842105272569,0.396827468975
698,0.884451724869,0.249887065824,0.842105271785,0.375959159481
699,0.891980366138,0.241406483082,0.831578957015,0.413075926447
700,0.880523738367,0.254319006758,0.852631587731,0.450908240163
701,0.901145668496,0.224967748921,0.863157902501,0.337843468486
702,0.883142396344,0.252952368556,0.826315799434,0.431648351202
703,0.88608838591,0.244030031491,0.850000008549,0.466725784536
704,0.893289694956,0.241245646918,0.850000007764,0.370777172067
705,0.892635030608,0.236487305515,0.852631587731,0.509067328696
706,0.890016372826,0.246879164751,0.821052641657,0.420521834807
707,0.885761053882,0.257770596353,0.844736850968,0.395696987952
708,0.885106389388,0.249214719345,0.84736843015,0.445804157609
709,0.874959090191,0.260589757595,0.876315796846,0.340322191131
710,0.89067103732,0.246290814026,0.844736850968,0.576360562709
711,0.880523738367,0.262623280749,0.865789481684,0.342348939158
712,0.88772504734,0.248111784344,0.863157902893,0.361909667463
713,0.89394435945,0.239285412111,0.857894744136,0.429472715354
714,0.880851070444,0.25107770669,0.85526316613,0.336178913368
715,0.891653033793,0.235465688427,0.847368429366,0.411389686125
716,0.89099836947,0.238054515891,0.871052638873,0.486708440715
717,0.898854342888,0.234290515229,0.842105272569,0.410203884861
718,0.887725047121,0.243041575146,0.884210533217,0.3005967848
719,0.895581020661,0.230061731776,0.80789474692,0.564493085751
720,0.891325701376,0.2357564458,0.857894745312,0.394761149627
721,0.883797060546,0.254708903787,0.831578956623,0.482655913358
722,0.895581020417,0.243149787375,0.868421060082,0.37050042846
723,0.889034375865,0.247301192075,0.836842114596,0.488856236758
724,0.886088386202,0.243093345297,0.847368429758,0.434199286063
725,0.887070382822,0.240693692121,0.871052639265,0.36249449498
726,0.888707043935,0.244692644315,0.826315799826,0.367546082836
727,0.880523738148,0.263986448035,0.831578957015,0.514805003827
728,0.887725047292,0.248835530646,0.873684218055,0.346995211028
729,0.894599023847,0.242587580004,0.823684219467,0.537948748284
730,0.888707043838,0.246955469879,0.85789474492,0.334032845027
731,0.889034376256,0.246275683043,0.852631587339,0.424231500935
732,0.89885434284,0.227614983303,0.863157902501,0.460339616368
733,0.885433721684,0.248765709194,0.834210536198,0.59772913742
734,0.889034375963,0.242413293337,0.871052638873,0.322210162487
735,0.892307698141,0.239887193536,0.855263166522,0.405546337675
736,0.873649761569,0.257336729622,0.828947376852,0.417299715728
737,0.881833066917,0.251115702076,0.873684218055,0.376893961447
738,0.882160399383,0.263894571156,0.878947375636,0.417934022974
739,0.892635030705,0.233045257973,0.842105271785,0.435315420335
740,0.895908352738,0.228148826497,0.850000008549,0.4352219916
741,0.889034375817,0.248191273114,0.860526324103,0.431125540275
742,0.885106389534,0.244033177456,0.847368429758,0.499221082833
743,0.894926356216,0.232052753568,0.850000008941,0.484494514435
744,0.887725047194,0.238341811635,0.834210535217,0.462144463777
745,0.884779057116,0.254033485925,0.855263166522,0.418610149552
746,0.888052379441,0.250383430113,0.860526323711,0.403795878986
747,0.902454997436,0.22058868664,0.831578957407,0.419783134519
748,0.894926356045,0.236065877936,0.852631587731,0.440102020717
749,0.884124392817,0.245171119366,0.831578956231,0.403380118783
750,0.881178402667,0.253852096711,0.834210535805,0.356075998305
751,0.892307698239,0.237442492004,0.847368429366,0.369148141121
752,0.897217681848,0.240417082474,0.876315796846,0.31872272366
753,0.894926356216,0.236879927877,0.871052638873,0.377458186936
754,0.899509007285,0.232932768148,0.823684219859,0.498616194361
755,0.902127665262,0.219594436725,0.826315799434,0.454605571062
756,0.876923083796,0.268942155602,0.850000008549,0.429585262686
757,0.883469728274,0.265650314373,0.834210535413,0.469136849381
758,0.888379711566,0.246826099335,0.842105271001,0.392402420283
759,0.888707043984,0.254190540468,0.876315796846,0.308909290138
760,0.889689040457,0.244276757649,0.860526323711,0.444627251776
761,0.890016372729,0.233808277949,0.876315796454,0.315282709409
762,0.884779057165,0.252759304106,0.83947369319,0.483181303152
763,0.893944359377,0.233045661879,0.818421062082,0.573759417659
764,0.894926356264,0.230573563729,0.842105272569,0.476388690899
765,0.885761053736,0.245539323635,0.85789474492,0.390943719746
766,0.892307698288,0.236452029283,0.863157902893,0.442224786482
767,0.893617027252,0.227743761075,0.863157902109,0.461135582346
768,0.890998369299,0.240026911466,0.839473692994,0.51594836198
769,0.882160399408,0.263206805781,0.8657894809,0.317804708335
770,0.881178402423,0.251685867262,0.865789481684,0.409612537141
771,0.883142395783,0.246850069938,0.852631586947,0.32771467363
772,0.892962362733,0.235008657088,0.860526322926,0.465684301848
773,0.890671037077,0.246027194745,0.834210535413,0.41850558254
774,0.889034376158,0.252728457482,0.857894744528,0.335228540761
775,0.882815063487,0.250971788349,0.868421060474,0.348562008067
776,0.880851070298,0.25307393221,0.84736843015,0.407158349951
777,0.893944359645,0.235688758194,0.84736843015,0.349953490182
778,0.887070382675,0.254523774511,0.860526324103,0.360718180793
779,0.880523738075,0.254407546922,0.863157902109,0.354517949694
780,0.884779057263,0.249969220006,0.863157902501,0.563513055088
781,0.89427169177,0.244684697737,0.852631586555,0.443364872683
782,0.89819967854,0.227814165135,0.860526323318,0.362366995393
783,0.877905080366,0.255441945693,0.863157902501,0.381511275225
784,0.889361708478,0.237103953872,0.85789474492,0.40674214047
785,0.893617027227,0.23309174187,0.826315799042,0.429343414887
786,0.892962362636,0.235548705356,0.878947375636,0.347248042228
787,0.88608838608,0.238742891095,0.842105272569,0.561834214942
788,0.895908352884,0.236333271218,0.850000007372,0.516680108545
789,0.894271691819,0.229845524811,0.84473685136,0.443910014899
790,0.893617027325,0.235719294255,0.852631587731,0.499802610149
791,0.883797060497,0.245802663169,0.886842111224,0.353999860556
792,0.889689040603,0.233463525269,0.860526323711,0.415907003917
793,0.896235685155,0.227340867442,0.884210533217,0.291017035319
794,0.885106389388,0.254210666962,0.831578956623,0.415454055308
795,0.895253688536,0.237413735369,0.868421060082,0.307356032181
796,0.894599023847,0.242124326045,0.85526316613,0.420594517702
797,0.896563017329,0.231525531139,0.855263166522,0.402350274743
798,0.905400987391,0.214648774635,0.834210535805,0.375746621703
799,0.891980366065,0.240203936572,0.886842112008,0.444685117407
800,0.899181675209,0.225174313265,0.815789484272,0.409893531433
801,0.892962362757,0.241371838287,0.857894745312,0.367769576116
802,0.894271691697,0.232031995442,0.852631587731,0.403805651444
803,0.888379711859,0.239687007546,0.852631587731,0.387113903861
804,0.890671037272,0.24243943117,0.863157902501,0.378834981159
805,0.892307698141,0.244178058939,0.8657894809,0.374347386521
806,0.883797060595,0.24966030941,0.871052639265,0.352926550734
807,0.88412439272,0.242289711392,0.873684217663,0.466344693625
808,0.891325701717,0.232971106347,0.836842114596,0.441409683441
809,0.890343704805,0.239980709337,0.881578954035,0.327861390041
810,0.893289695053,0.235441249124,0.828947378224,0.505947925392
811,0.901800332527,0.218484031962,0.855263165737,0.390896493335
812,0.892635030608,0.239766606375,0.865789481292,0.416524302239
813,0.891325701717,0.23508660587,0.868421060474,0.330291486584
814,0.884451724942,0.252988899214,0.871052639265,0.271468712409
815,0.893289695053,0.228993079815,0.855263165737,0.537622082802
816,0.888052379685,0.244922931843,0.818421063062,0.583346181224
817,0.885433721806,0.251947553713,0.863157902893,0.385977601501
818,0.893289695102,0.234021294974,0.850000008352,0.402576890921
819,0.904418990772,0.21505180743,0.871052638873,0.346241455488
820,0.888707043813,0.244649754523,0.884210533217,0.350838789548
821,0.900491004051,0.226293542853,0.852631587339,0.453294207656
822,0.886088386349,0.254271044798,0.876315796846,0.343063660275
823,0.886088385861,0.2434997792,0.873684218055,0.330593989719
824,0.892307698385,0.229457563489,0.881578954427,0.341208098464
825,0.899181675038,0.22513343033,0.871052639265,0.315483854393
826,0.873977093742,0.259342386273,0.892105269197,0.304041123612
827,0.894926356118,0.235247950213,0.844736850968,0.397944774977
828,0.896235685082,0.224043123704,0.850000007764,0.406709109953
829,0.893944359231,0.246619570014,0.84736843015,0.409621279353
830,0.896235684765,0.229729935534,0.831578957407,0.416863492201
831,0.888052379441,0.238677471939,0.842105272177,0.368796314168
832,0.887397714849,0.241050133555,0.860526323711,0.399583985298
833,0.892635030754,0.236998290598,0.860526324103,0.407063069102
834,0.881833067063,0.247902078155,0.876315796454,0.336182273752
835,0.893289694956,0.234557017481,0.852631587339,0.371491774744
836,0.891980365724,0.238331102238,0.836842114596,0.416323809556
837,0.885433721708,0.250411726529,0.878947375636,0.363270374436
838,0.897217681726,0.225945274005,0.844736850968,0.496930576811
839,0.892962362977,0.220762956453,0.855263166522,0.514672150697
840,0.896235685155,0.224757672992,0.842105272569,0.370154181745
841,0.883142396149,0.250208104224,0.847368429366,0.411943800504
842,0.895908352884,0.228746741475,0.836842114988,0.57347950559
843,0.885433721757,0.235532448444,0.826315799826,0.538732010787
844,0.890016372826,0.244480243576,0.855263166522,0.410058147883
845,0.898854342986,0.230714699554,0.865789480507,0.312249031619
846,0.891980366065,0.230462269467,0.852631587339,0.342231220598
847,0.914238957405,0.211119883882,0.881578954035,0.358120290961
848,0.89950900709,0.226227695083,0.839473693387,0.478014611559
849,0.88968904075,0.239706810382,0.871052638481,0.397409851971
850,0.898199678126,0.230358347833,0.82894737744,0.556511200957
851,0.890998369348,0.242296177414,0.865789481292,0.356855311596
852,0.891653033842,0.230817364206,0.865789481292,0.392061261866
853,0.892962362684,0.235946264435,0.852631586947,0.309990272091
854,0.89918167516,0.232723993629,0.863157902109,0.391506251945
855,0.891325701571,0.245103376965,0.839473693387,0.397620717441
856,0.892962362831,0.238371653166,0.810526324338,0.438184139411
857,0.897217681872,0.229599652901,0.886842112008,0.342371602947
858,0.896563017427,0.230927214217,0.85789474492,0.330982663802
859,0.89328969498,0.23068510493,0.873684218055,0.270573164343
860,0.884124392769,0.245495244618,0.878947375636,0.330425021823
861,0.891980366065,0.226978413392,0.842105272177,0.457171458126
862,0.885761053882,0.247235145642,0.842105271785,0.35286978151
863,0.890998369494,0.239382075873,0.876315796846,0.392354513592
864,0.894599024042,0.236444283704,0.836842114596,0.593012151496
865,0.902454997436,0.227157146851,0.821052641069,0.353277285761
866,0.899836339459,0.225729627728,0.892105269589,0.305666536404
867,0.892635030657,0.229907749168,0.84473685136,0.400682491547
868,0.902127665164,0.222163231195,0.842105272569,0.385385747275
869,0.888379711591,0.24155490366,0.871052639265,0.372700797549
870,0.897545013973,0.235343102063,0.871052639265,0.351022783761
871,0.902454997387,0.226806041129,0.884210533217,0.325349599849
872,0.891653033891,0.231474552401,0.868421060474,0.349523270067
873,0.893617026959,0.226690800243,0.844736850968,0.414112688974
874,0.896890349454,0.230105475468,0.839473691818,0.392040063751
875,0.8942716916,0.233275660097,0.852631587339,0.357474106667
876,0.890998369543,0.241526530778,0.828947378224,0.483146788915
877,0.877905080415,0.264079554689,0.857894745312,0.374109586875
878,0.890343705098,0.24114081824,0.850000008156,0.415552467247
879,0.893944359694,0.222730066515,0.836842113812,0.549312547833
880,0.889034376158,0.233817471717,0.857894745312,0.397197020924
881,0.894271691624,0.230132109175,0.863157902501,0.323292941359
882,0.887397715044,0.244429597749,0.85526316613,0.443338373185
883,0.897217681872,0.223889561307,0.844736850968,0.454666627092
884,0.895253688365,0.237296423996,0.868421060082,0.440895665653
885,0.899509007187,0.228066847204,0.873684218055,0.492032251959
886,0.893944359572,0.24325290647,0.807894748292,0.389832997197
887,0.907692312902,0.214519929246,0.871052638873,0.537221143911
888,0.898854342791,0.213850702589,0.868421060082,0.325695610363
889,0.899509007285,0.229418127762,0.836842114204,0.45264659599
890,0.894599023895,0.233056056737,0.863157902501,0.366486116012
891,0.901800332893,0.219948158161,0.844736850968,0.453978148431
892,0.888707044033,0.244427941086,0.860526323711,0.4306059258
893,0.895581020442,0.235318369445,0.852631586947,0.501709482745
894,0.874631757944,0.254862350374,0.857894745312,0.398862693149
895,0.906710316331,0.218270718349,0.878947375244,0.46392958961
896,0.900491003953,0.226802705541,0.84736843015,0.397281122591
897,0.900163671828,0.22612500478,0.839473692994,0.458960942015
898,0.898527010617,0.233799863957,0.84736843015,0.417776749592
899,0.898199678443,0.232176817441,0.865789481292,0.387077335406
900,0.891653033696,0.235356018137,0.847368429366,0.537895767272
901,0.908674309545,0.210134384164,0.842105272177,0.398744285135
902,0.892962362928,0.232041103637,0.860526323711,0.343916301573
903,0.891653033964,0.233390824815,0.850000008549,0.449444231334
904,0.898199678394,0.227264438304,0.852631587731,0.463152175989
905,0.902127665115,0.230405144269,0.892105269589,0.35088519966
906,0.894599023847,0.2343388169,0.826315799042,0.575385600836
907,0.889034376207,0.244090344161,0.860526323711,0.342905193864
908,0.888052379417,0.23799780127,0.855263166522,0.404061132883
909,0.892962362733,0.238298619506,0.871052638481,0.345579635677
910,0.88412439272,0.243884060452,0.810526327083,0.544529812374
911,0.885106389534,0.247164924596,0.860526323711,0.299686095938
912,0.89459902392,0.23523548466,0.847368429562,0.405954848615
913,0.896563017232,0.23878166731,0.857894744528,0.398869346257
914,0.881833067088,0.246007990417,0.873684218055,0.343744747685
915,0.911620299574,0.207081405692,0.842105272569,0.479438487906
916,0.903764326302,0.217794515048,0.878947375244,0.356947302292
917,0.897545013876,0.22914169685,0.857894745312,0.546834583843
918,0.898527010666,0.219545394433,0.871052639265,0.488194292123
919,0.900163671608,0.217147006442,0.813157904697,0.537278047202
920,0.895253687951,0.226782324873,0.871052639265,0.480440923851
921,0.882160399286,0.255073028538,0.82631579865,0.457418435876
922,0.90278232961,0.219950087628,0.842105272569,0.490526195464
923,0.897872346074,0.223600571577,0.876315796846,0.404268529858
924,0.88968904075,0.235961397928,0.834210535021,0.531589440961
925,0.895908352835,0.223728736764,0.852631587731,0.454487759583
926,0.892635030462,0.238065448818,0.860526323711,0.402124258799
927,0.890016372704,0.247714548967,0.852631587339,0.374526885819
928,0.899181674965,0.234327085036,0.839473692406,0.616104831296
929,0.897217681824,0.22773386917,0.850000008941,0.445817274483
930,0.898199678443,0.227611387714,0.836842114596,0.528449851496
931,0.896563017329,0.230121717455,0.834210535021,0.539238723539
932,0.900491003953,0.220574222879,0.860526324103,0.540087172729
933,0.892307698507,0.22848679453,0.836842114204,0.475232318342
934,0.899836339508,0.229735909353,0.868421060474,0.497343053133
935,0.888707043789,0.235813158737,0.847368429758,0.403101099827
936,0.892635030657,0.239184224646,0.860526324103,0.324327328453
937,0.888707043838,0.236501424567,0.852631587339,0.475386667413
938,0.890671037028,0.241790095222,0.85526316613,0.52651195653
939,0.905728319663,0.214026183528,0.842105272569,0.518752838914
940,0.902454997241,0.215839007703,0.831578957015,0.543764267103
941,0.898199678297,0.22643497681,0.831578957015,0.506982106193
942,0.894271691673,0.233091042778,0.831578956623,0.433845896593
943,0.90016367173,0.223496610301,0.865789481292,0.437954115801
944,0.894926356094,0.231178826412,0.855263165737,0.402455968747
945,0.888379711615,0.242832271853,0.839473693779,0.490192169503
946,0.897217681775,0.232417172132,0.857894744528,0.410483074087
947,0.910965635178,0.203835106889,0.873684218055,0.471579974274
948,0.897217681628,0.230181147384,0.884210532825,0.33158450629
949,0.89132570162,0.236725421624,0.865789481684,0.327860355388
950,0.891653033745,0.237795859591,0.831578956623,0.425214472687
951,0.898854342596,0.219722104616,0.855263165737,0.397142607545
952,0.90180033282,0.223439544998,0.863157902501,0.383745442583
953,0.903109661784,0.221100962169,0.863157902501,0.484831404827
954,0.905073655242,0.21679279474,0.881578954035,0.320091416686
955,0.901473000719,0.211859897489,0.850000008549,0.467214075163
956,0.887725047462,0.259615932255,0.876315796846,0.398317006062
957,0.889361708625,0.247847334976,0.871052639265,0.563170941641
958,0.889361708332,0.237149893572,0.860526322926,0.4731299991
959,0.896235685009,0.235708338139,0.850000008549,0.376138856637
960,0.896235684863,0.221227124064,0.844736850968,0.444148096227
961,0.893617027081,0.232304307139,0.873684217663,0.366515268057
962,0.901473000719,0.226106604441,0.826315799826,0.529368639587
963,0.900491003977,0.221085472001,0.855263166522,0.402193557233
964,0.906382984206,0.215762004235,0.844736850968,0.442309374952
965,0.886743050258,0.239354184199,0.85789474492,0.450020945048
966,0.900163671682,0.223347655551,0.863157902893,0.462885831456
967,0.898854342888,0.216067099731,0.857894744528,0.474757375074
968,0.895908352933,0.227500103287,0.852631587339,0.453675038033
969,0.887397714947,0.25221154553,0.86842105969,0.383584760863
970,0.898527010641,0.230117761869,0.860526324103,0.424685626117
971,0.903764326229,0.223766715933,0.876315796846,0.338939907783
972,0.890998369348,0.227511173505,0.876315796454,0.323075988854
973,0.895908352981,0.232596869232,0.863157902501,0.359281537395
974,0.896890349479,0.237224051222,0.836842114596,0.38409321
975,0.894599023652,0.232591467865,0.826315798258,0.457550191239
976,0.887725047072,0.240793636818,0.902631584751,0.269719963197
977,0.898527010641,0.224444312562,0.863157902893,0.454033847065
978,0.890016372534,0.242666124159,0.863157902109,0.553350060467
979,0.892307698385,0.24034341853,0.823684219859,0.575244855646
980,0.898199678394,0.227642624124,0.850000008549,0.409735774235
981,0.892635030608,0.238483289151,0.873684218055,0.47394720864
982,0.898527010909,0.217010808953,0.839473692994,0.44150780715
983,0.880196405876,0.242288514606,0.826315799042,0.53915166259
984,0.901145668447,0.219519562747,0.855263165345,0.557484507028
985,0.898199678345,0.217060245387,0.878947375636,0.422465345555
986,0.893944359352,0.23035188837,0.884210533217,0.364082364429
987,0.897872346196,0.224747309601,0.842105272569,0.486920323589
988,0.908674309619,0.212255341333,0.863157902501,0.398665409005
989,0.894599023944,0.225112799916,0.842105271785,0.564705610368
990,0.899181675013,0.224809936504,0.844736850968,0.382753696845
991,0.898854342888,0.224187604415,0.871052639265,0.380110768563
992,0.891653033989,0.227232429099,0.85526316613,0.557885144199
993,0.906710316233,0.207350429395,0.847368429758,0.591632558309
994,0.890998369397,0.239513305522,0.863157902893,0.412754322925
995,0.904746323092,0.223188815011,0.857894744528,0.410427514623
996,0.899181674916,0.218349639231,0.863157902893,0.415541604428
997,0.895253688585,0.22694772247,0.836842114204,0.497597938502
998,0.911292967254,0.200956176413,0.852631587731,0.463927473342
999,0.900163671828,0.225976249429,0.852631586947,0.419553315544
