epoch,acc,loss,val_acc,val_loss
0,0.743371533709,0.540236598853,0.784210538198,0.478972657143
1,0.771849438499,0.479225940088,0.79473685336,0.482647105561
2,0.769230780547,0.467870086212,0.797368431954,0.475323840608
3,0.79116203964,0.423436649302,0.752631591143,0.523571019894
4,0.787561385336,0.416785123171,0.826315799434,0.363890889836
5,0.787888717364,0.413583239598,0.797368432346,0.383890408238
6,0.792144036234,0.422073612456,0.802631589143,0.406520881249
7,0.797054020161,0.391539011766,0.823684220643,0.423066900357
8,0.803600664956,0.401562902412,0.778947379244,0.420985308819
9,0.805564658195,0.374550617378,0.784210538198,0.447620476253
10,0.814402628208,0.376115976984,0.784210537217,0.447252398945
11,0.814075295522,0.376789685735,0.802631589535,0.408585318854
12,0.816039289444,0.371695009367,0.750000011764,0.486810228934
13,0.813420631467,0.37665844705,0.797368432346,0.49321969275
14,0.791816704378,0.390034689146,0.815789483488,0.414506227464
15,0.801964003379,0.390479365818,0.802631588947,0.422037100321
16,0.808837980325,0.374757681755,0.800000010745,0.433307731034
17,0.809819976798,0.366532016698,0.813157905089,0.414618561093
18,0.819967276043,0.376907654192,0.781578958623,0.439544026593
19,0.818657947567,0.369311778701,0.826315799826,0.434064292251
20,0.825531923829,0.36337058151,0.821052642245,0.382217232089
21,0.817675950435,0.369089509042,0.789473694798,0.429996594836
22,0.826841253306,0.365023288918,0.800000011137,0.397573132754
23,0.81047464156,0.374923803461,0.789473694602,0.394666804883
24,0.804909993457,0.375982895652,0.792105273981,0.425923874308
25,0.822585933971,0.361767388441,0.81842106267,0.396074026333
26,0.823240598222,0.362329807139,0.805263167933,0.392935920164
27,0.818657947128,0.360016188955,0.810526326691,0.364023049019
28,0.82062194022,0.362017069542,0.850000008156,0.377301368372
29,0.815711956904,0.36342225653,0.810526326299,0.426337718277
30,0.821276604837,0.375059407637,0.807894746724,0.392528202924
31,0.814729960041,0.362467371683,0.789473695582,0.426655791632
32,0.821603937181,0.370569620068,0.831578956231,0.3866491704
33,0.826186588129,0.350060886202,0.800000009568,0.378674154219
34,0.81669395367,0.353927662556,0.81578948388,0.405278802384
35,0.819312611427,0.360081758149,0.786842116792,0.431954852747
36,0.829787242969,0.356255983467,0.810526326299,0.451754334481
37,0.820949272297,0.362349911524,0.807894747508,0.414736593142
38,0.827823249681,0.357919577918,0.802631589143,0.445228559798
39,0.823240598636,0.345028375009,0.805263168718,0.462198256319
40,0.843862528692,0.331088678914,0.810526325514,0.411198011872
41,0.840589206489,0.335634111712,0.784210538198,0.456240941452
42,0.818985279156,0.364221148668,0.810526325907,0.404057330599
43,0.834042561718,0.337434951576,0.836842114596,0.385874656666
44,0.8212766053,0.352121249512,0.80526316911,0.426863909858
45,0.840916538809,0.329497452728,0.797368431758,0.461530713512
46,0.824877259579,0.357221473197,0.802631589535,0.439771827016
47,0.834042562083,0.339036374473,0.842105271393,0.461934893588
48,0.842225867724,0.322686971209,0.821052641069,0.40101680586
49,0.842880532121,0.322764489916,0.797368432346,0.430725319899
50,0.84418986089,0.333966143728,0.842105271785,0.378547227464
51,0.836333887179,0.339751382189,0.797368431954,0.461417997146
52,0.831423904229,0.3405969787,0.857894744528,0.379602728853
53,0.846153854202,0.32624791879,0.810526326299,0.418860982246
54,0.824222595231,0.353778471935,0.828947377636,0.387329700648
55,0.838625213153,0.324195014773,0.792105273589,0.427508834112
56,0.82585925593,0.355159981563,0.821052641853,0.407305722027
57,0.845826522516,0.326939742762,0.818421063062,0.410513812014
58,0.836988551844,0.340626339811,0.81842106267,0.404507548891
59,0.827823249559,0.343214218714,0.828947377048,0.387229755227
60,0.839934542068,0.32453569593,0.810526327083,0.466337298533
61,0.840589206367,0.327679773235,0.78947369519,0.43276229741
62,0.843207864441,0.331486556539,0.863157902501,0.365504735787
63,0.825204591948,0.340223032688,0.813157905873,0.423649256032
64,0.841898535648,0.33592755064,0.852631587339,0.344718043055
65,0.844844525701,0.323035303802,0.810526325907,0.390982487306
66,0.829132578816,0.339011007368,0.850000008156,0.349868520555
67,0.841571203084,0.327674994053,0.81578948388,0.435283067342
68,0.83698855182,0.330640306846,0.831578956623,0.389222472195
69,0.850409173341,0.312144242575,0.815789484272,0.402895055607
70,0.840916538736,0.325773341206,0.823684220251,0.424929309979
71,0.846153854324,0.322385412045,0.834210535805,0.366889160372
72,0.844844525628,0.313702436356,0.844736850575,0.361850865418
73,0.831751236427,0.327555929904,0.836842114596,0.366689463489
74,0.841243870812,0.331027747329,0.842105272177,0.369172195389
75,0.841898535429,0.324011794052,0.873684217663,0.340427602654
76,0.846808518672,0.318911683503,0.852631587339,0.359233356608
77,0.834697226626,0.33019831812,0.823684220643,0.383114634474
78,0.840916538687,0.331061600541,0.844736850968,0.439388338771
79,0.839607209796,0.322834325768,0.826315799826,0.411716653524
80,0.848445179517,0.313611355795,0.844736850575,0.398969979013
81,0.834697226309,0.339035525668,0.844736850968,0.344184466883
82,0.848772512203,0.309282864046,0.821052642245,0.404922113117
83,0.842880532463,0.317887885127,0.855263165737,0.392117342323
84,0.849754508944,0.320979725106,0.823684220643,0.375348490222
85,0.852045834382,0.321835309663,0.855263166522,0.35565913351
86,0.842225867383,0.320109940785,0.818421063062,0.373118464958
87,0.858265146881,0.315853565127,0.834210535805,0.412801304991
88,0.855319156926,0.297042264117,0.860526323711,0.341885451301
89,0.855973821347,0.304809481796,0.81578948388,0.423770669382
90,0.848117847465,0.310281155232,0.836842114204,0.39480244459
91,0.847463183459,0.316643040426,0.807894747508,0.439147504243
92,0.853355163419,0.31434386451,0.839473693387,0.430783215445
93,0.843862528838,0.326604094838,0.857894744136,0.354079770807
94,0.849754509188,0.320482619823,0.821052641069,0.337181333134
95,0.843207864124,0.324394146953,0.826315798258,0.369963567827
96,0.865793788248,0.290615153232,0.810526325907,0.410997030056
97,0.842553200069,0.316717551994,0.8078947479,0.402823331178
98,0.848117847611,0.314943979066,0.836842114596,0.328431904242
99,0.848117847709,0.31619725591,0.855263166522,0.328764579695
100,0.858592479055,0.302204238979,0.834210535413,0.439429963093
101,0.847790515316,0.316089994376,0.815789482703,0.410568985162
102,0.852700498803,0.31252495565,0.871052638481,0.309874226168
103,0.843207864734,0.312571952729,0.863157902893,0.360978520328
104,0.847790515145,0.31655589646,0.813157904697,0.423529546132
105,0.848445180297,0.30982618618,0.844736850183,0.361173604296
106,0.862520465899,0.303169415938,0.839473692994,0.374414735645
107,0.840261874291,0.331054120286,0.842105271785,0.358200975289
108,0.841243871008,0.326924624961,0.839473692602,0.376991222269
109,0.857283149945,0.297873837535,0.815789483488,0.428134131588
110,0.838625212665,0.327606357165,0.834210535021,0.393407137966
111,0.851391169912,0.314582604732,0.847368428778,0.40398413748
112,0.854991824923,0.317087614875,0.81842106267,0.420218507116
113,0.84418986111,0.313081059318,0.85789474492,0.346665880079
114,0.848772511813,0.312283390685,0.810526326691,0.422909241375
115,0.850409173414,0.318315594312,0.828947377832,0.392586999187
116,0.861538469011,0.301875798202,0.831578957015,0.367558336032
117,0.860229140096,0.301417989885,0.850000008549,0.349694337855
118,0.859247143671,0.298238656305,0.821052641461,0.362085350397
119,0.862847798048,0.290468657118,0.850000008549,0.356698332225
120,0.863829794594,0.294988802873,0.85789474492,0.346825985266
121,0.850736505564,0.314571688199,0.810526325711,0.369673402919
122,0.849099844597,0.314363463939,0.834210535805,0.375494746798
123,0.852700498754,0.315040166226,0.860526324103,0.382239657476
124,0.851391170131,0.308043119883,0.826315799826,0.403450345424
125,0.837970548658,0.322367263955,0.857894745312,0.380061671956
126,0.85466449209,0.302506372601,0.852631586947,0.364862297699
127,0.850409173536,0.308908875068,0.836842114204,0.410958399187
128,0.846481186522,0.335804525665,0.852631587339,0.393635593765
129,0.862193133432,0.305648576334,0.826315799434,0.388622185951
130,0.859247143306,0.304953938817,0.839473693387,0.424662562008
131,0.861211136691,0.299523236581,0.857894745312,0.396381505915
132,0.854337160282,0.307710250422,0.82894737744,0.408531555146
133,0.862193133603,0.306519339117,0.831578956623,0.463912264468
134,0.857283150164,0.309210114346,0.828947376656,0.352922091996
135,0.867430449215,0.294003948435,0.85526316613,0.346152006823
136,0.851391170253,0.316503990667,0.84473685136,0.372811119712
137,0.855319156584,0.315674055776,0.839473692994,0.393745351901
138,0.851391170009,0.31119290068,0.850000007372,0.369954108824
139,0.859247143598,0.307296225713,0.842105271785,0.378106818344
140,0.861865801673,0.298234691627,0.842105272177,0.368624401708
141,0.856301153082,0.312427024447,0.821052641853,0.471817746697
142,0.856301153448,0.303663822543,0.852631586555,0.468548855159
143,0.856301153301,0.303235908043,0.818421063062,0.434446921071
144,0.859247143623,0.294881058781,0.857894744528,0.341994506797
145,0.851063837494,0.305515126653,0.839473692994,0.370356589605
146,0.854664492334,0.308216836758,0.836842114204,0.419802113412
147,0.855973820932,0.303781381234,0.831578955839,0.378429402426
148,0.869721774335,0.286372627609,0.863157902893,0.34163033129
149,0.858919811449,0.297043571224,0.834210536198,0.46846145683
150,0.856301153399,0.301111524812,0.834210535217,0.407244259222
151,0.852700499242,0.311189921015,0.839473693387,0.39382593645
152,0.866448452742,0.2832335164,0.831578957015,0.357545988034
153,0.861865801429,0.301791494002,0.860526323711,0.365260269015
154,0.868412445908,0.288440853879,0.821052640676,0.38222974472
155,0.862193133505,0.296874798944,0.828947378224,0.390054172861
156,0.867430449313,0.28442793919,0.836842114596,0.458088474501
157,0.853027831196,0.320544525469,0.823684220251,0.401604955232
158,0.851391170107,0.317892071165,0.844736850968,0.371738221668
159,0.857937814756,0.293032543087,0.842105272177,0.397504013632
160,0.862193133456,0.298929661965,0.839473693387,0.373343728017
161,0.852045834674,0.305421701154,0.852631587731,0.331093632371
162,0.860883804614,0.293247306366,0.842105272177,0.411679828699
163,0.865466455879,0.290887641661,0.857894745312,0.441158814602
164,0.862193133773,0.295424231762,0.850000008549,0.351527462321
165,0.861211136764,0.289812499423,0.868421060474,0.335060374591
166,0.860229140071,0.299456241018,0.82631579865,0.373247834982
167,0.861538469255,0.293893667877,0.81578948388,0.458752768702
168,0.851718502086,0.301211744093,0.842105272177,0.338944618605
169,0.864157126793,0.302478396424,0.868421060474,0.32780547045
170,0.858592478763,0.307269507379,0.831578956623,0.393913066153
171,0.855973820883,0.301677223667,0.865789481684,0.404238747249
172,0.862193133749,0.296596464992,0.85526316613,0.396715263011
173,0.859901808117,0.303298237113,0.863157902501,0.376871706452
174,0.856955817942,0.31011518574,0.84736843015,0.382497347217
175,0.853355163346,0.303723677153,0.836842114204,0.339982965609
176,0.851391169765,0.310549387242,0.80789474692,0.419682944236
177,0.867430449142,0.28722536298,0.847368428974,0.351775860907
178,0.859901808044,0.300658458348,0.842105272569,0.341615074627
179,0.852373166507,0.305950435302,0.860526322926,0.358144794076
180,0.856301153643,0.303002090247,0.810526326299,0.436770248858
181,0.862520465752,0.296595557206,0.868421060474,0.349993745126
182,0.849754508993,0.30624828263,0.839473692994,0.411146385657
183,0.86775778134,0.287943377434,0.828947377832,0.418686491139
184,0.856955817844,0.301092540778,0.834210535609,0.398786658185
185,0.868085113612,0.284495531266,0.855263165737,0.363337259458
186,0.866121120275,0.285238285176,0.850000008156,0.346099926168
187,0.855646488734,0.293835968261,0.823684221036,0.39425891927
188,0.870703771296,0.291249210183,0.868421060082,0.387827739395
189,0.866775784818,0.290154786939,0.834210535021,0.449281981797
190,0.867103117139,0.286400165392,0.844736850968,0.34589584158
191,0.863175130247,0.293401648303,0.831578957407,0.484668678017
192,0.867103116943,0.281890168743,0.83684211342,0.382879983674
193,0.869067110377,0.285007466173,0.836842114596,0.407588875405
194,0.86284779778,0.284617765686,0.865789481292,0.354128261103
195,0.870049106728,0.285001358627,0.878947375636,0.368175266899
196,0.853355163711,0.297338478295,0.847368429758,0.401156629448
197,0.864484459015,0.286157916789,0.85526316613,0.45230416684
198,0.86677578477,0.285443931855,0.855263166522,0.398176882257
199,0.868739777691,0.283815601505,0.857894745312,0.380447020743
200,0.864811791458,0.280414934787,0.828947378224,0.378478381654
201,0.86873977813,0.28270086497,0.860526323711,0.395101129044
202,0.864811791092,0.284159666549,0.847368428974,0.360233539385
203,0.86972177492,0.280281690317,0.850000008941,0.369771337821
204,0.868739778106,0.280184516595,0.847368429758,0.366320529296
205,0.850409173317,0.306820601051,0.860526324103,0.337096471093
206,0.859901808044,0.293552931041,0.860526323318,0.374532843267
207,0.855646489075,0.306687871244,0.873684218055,0.351574019645
208,0.862193133359,0.282790145945,0.821052641461,0.405964700651
209,0.871031103616,0.285806608763,0.873684217271,0.316150624313
210,0.871358435985,0.280474005127,0.868421060474,0.329794609772
211,0.872995097074,0.276693680389,0.842105271785,0.379027174149
212,0.866448452205,0.294205428083,0.865789481684,0.348756496238
213,0.867103117114,0.283769157073,0.860526324103,0.373935103345
214,0.852700498754,0.301072247813,0.8368421144,0.390469762962
215,0.860556472392,0.296605511543,0.865789481684,0.3217090724
216,0.874304425965,0.280762570193,0.871052639265,0.389676291273
217,0.85302783122,0.305072669467,0.828947377636,0.407501932876
218,0.864484459113,0.288969423128,0.865789481684,0.344709983992
219,0.868412445664,0.285290787189,0.834210535805,0.388272326348
220,0.872667764681,0.278805992854,0.855263166522,0.369764746154
221,0.861211136983,0.296473887953,0.85526316613,0.344481455799
222,0.863829794716,0.280881721598,0.852631586947,0.455515443494
223,0.857283150262,0.295566034968,0.868421060474,0.366986203635
224,0.864157126793,0.291836953245,0.868421060082,0.357237321372
225,0.869067110475,0.279816765709,0.852631587339,0.367575237387
226,0.867430448508,0.284204474207,0.844736849399,0.360429919141
227,0.865466455732,0.28787634636,0.852631586555,0.375747825535
228,0.869721774725,0.291928674075,0.81578948388,0.441956060865
229,0.865466456025,0.290591921941,0.881578953839,0.315714596168
230,0.871358435692,0.282083645666,0.855263166522,0.360081840472
231,0.870049106826,0.28164667013,0.852631587339,0.344596570426
232,0.862193133334,0.290377677527,0.847368429366,0.359798641621
233,0.867430449264,0.272411641672,0.807894747312,0.470664841901
234,0.853682495617,0.304309760012,0.857894745312,0.358328563916
235,0.857283150018,0.28811493787,0.850000008941,0.35909122006
236,0.862193133261,0.294802581145,0.797368432346,0.403045056679
237,0.869394442746,0.283812325931,0.839473693779,0.415431982586
238,0.864157126841,0.299715010265,0.865789481292,0.406323889552
239,0.862520465947,0.278752845973,0.876315796846,0.313641523278
240,0.879214409501,0.260047547453,0.85789474492,0.340784820638
241,0.867103117187,0.282934725458,0.871052639265,0.346044578282
242,0.861538469157,0.292002251096,0.828947378224,0.358274838943
243,0.871685768135,0.278036462507,0.857894744528,0.324582883492
244,0.871031103909,0.281854051565,0.85526316613,0.315938808881
245,0.870703771564,0.280024363816,0.878947374852,0.343359189519
246,0.859574475748,0.293794008885,0.852631586947,0.331097176038
247,0.872667764827,0.272547914528,0.847368429366,0.323534572219
248,0.886088386154,0.264992428453,0.860526323318,0.389189425038
249,0.868739777935,0.283827906418,0.873684217663,0.357325783526
250,0.871031103689,0.275668547739,0.871052638873,0.41511135405
251,0.868412445908,0.28231340444,0.852631586947,0.345594777142
252,0.862847798292,0.290826523021,0.881578954035,0.287484144339
253,0.873649761447,0.269865768199,0.881578954427,0.310287945478
254,0.864484459284,0.290440550623,0.842105271785,0.406973381004
255,0.872667764388,0.27887437046,0.850000008549,0.416558982106
256,0.861538468962,0.296580738008,0.860526324103,0.397479957135
257,0.869067110524,0.27768118239,0.839473692602,0.447721203962
258,0.871358435863,0.28079560185,0.834210535413,0.344127599901
259,0.862193133408,0.288887486689,0.826315799826,0.43740910837
260,0.866448452644,0.272228897109,0.857894745312,0.392084656168
261,0.870049107192,0.274160323309,0.844736850968,0.373155303183
262,0.861538469255,0.286427083629,0.886842111616,0.313928211047
263,0.869067110329,0.277479107641,0.85789474492,0.334203289956
264,0.870049106826,0.28827596911,0.852631587339,0.399910305905
265,0.882815063878,0.268743353182,0.884210533217,0.316362408422
266,0.86350246264,0.286550366507,0.844736850183,0.402337422004
267,0.873977093742,0.269243718476,0.847368429366,0.382657199513
268,0.872995096904,0.274183127983,0.831578957015,0.393805130672
269,0.879869073971,0.269078198927,0.847368429758,0.462928366625
270,0.871685768159,0.282686412121,0.85526316613,0.332465311219
271,0.874631757993,0.273779333722,0.868421060082,0.295146998233
272,0.872667764925,0.27362277462,0.844736850575,0.3380765708
273,0.863175130442,0.279156258868,0.847368428974,0.402257288371
274,0.861865801185,0.283482788454,0.855263166522,0.348740097443
275,0.876595751378,0.263489417653,0.873684217663,0.293927083657
276,0.87561375488,0.275983717331,0.847368429758,0.378880411325
277,0.862520465825,0.286292055146,0.876315796454,0.421002049792
278,0.872013100431,0.291093956667,0.844736850968,0.417133917658
279,0.860556472343,0.287237377703,0.871052639265,0.350323794791
280,0.872013100431,0.268696483651,0.876315796846,0.36127312955
281,0.865793788199,0.283278849892,0.860526323711,0.352792128707
282,0.872995097196,0.277148130341,0.860526323318,0.38224592209
283,0.875286422902,0.266582798571,0.823684220643,0.40992455008
284,0.871358436083,0.275773683724,0.865789481292,0.305751256959
285,0.878887076888,0.279986377164,0.860526323318,0.319436043158
286,0.87921440933,0.26490737417,0.818421063062,0.473284851438
287,0.870703771442,0.291684327376,0.844736850575,0.376580149946
288,0.888707043935,0.244283558675,0.857894744528,0.372477160107
289,0.874304425941,0.27273234118,0.831578957015,0.39752164378
290,0.872340432678,0.269047970736,0.860526323711,0.31655080406
291,0.872013100333,0.277771669647,0.839473693779,0.40178858697
292,0.867757781389,0.280556516586,0.847368429758,0.382531831768
293,0.871031103787,0.274422494538,0.847368429758,0.395374158048
294,0.870376439244,0.286250450092,0.871052639265,0.385156344486
295,0.860883804468,0.291574893178,0.842105271785,0.337813383835
296,0.883142396174,0.260553564572,0.87894737446,0.343591324909
297,0.869067110377,0.273359148911,0.873684218055,0.319455356235
298,0.868739778228,0.280922563894,0.847368429758,0.354605159097
299,0.877905080342,0.265008179973,0.850000008549,0.367075559473
300,0.870376439171,0.274253435868,0.831578956231,0.353954052981
301,0.87463175792,0.271029500937,0.855263166522,0.335555546978
302,0.876923083918,0.2695691778,0.852631587731,0.340104011507
303,0.867757781121,0.283269382708,0.857894744528,0.346688259044
304,0.872995097147,0.265391928899,0.828947377048,0.400852880423
305,0.876595751256,0.269484965115,0.878947375636,0.345486096729
306,0.881505735084,0.261930210693,0.828947378617,0.405015664967
307,0.854337160014,0.302857927146,0.865789481684,0.384516665956
308,0.867103116895,0.28908814164,0.878947375636,0.41194830088
309,0.876268418911,0.271608866209,0.831578957015,0.366451474582
310,0.865466455684,0.277877521395,0.842105272177,0.386341493479
311,0.871685767866,0.27675770564,0.834210535413,0.445126837054
312,0.871685768379,0.27938463224,0.863157902501,0.322594513736
313,0.875613754783,0.272382909743,0.855263166522,0.350868706163
314,0.870703771247,0.267633909147,0.850000008941,0.331840871987
315,0.866121120519,0.28815656618,0.844736850575,0.360450856221
316,0.886415718254,0.259744926961,0.844736850968,0.412780654408
317,0.874959090362,0.263052215048,0.834210535413,0.350920235432
318,0.877577748168,0.273388465394,0.852631587339,0.401956025847
319,0.882815063878,0.256926216667,0.844736850968,0.407001407347
320,0.874631758212,0.263428592371,0.857894744528,0.37385861931
321,0.873977093621,0.266925571704,0.85789474492,0.346671296743
322,0.869721774725,0.276501651419,0.868421060474,0.361221829034
323,0.872340432604,0.277566019421,0.842105272177,0.387501482406
324,0.873977093767,0.275640113147,0.850000008549,0.345355688568
325,0.870376439219,0.273061645158,0.878947375636,0.319079809863
326,0.870049107045,0.270667491404,0.818421062278,0.405505858143
327,0.876268419326,0.277303880824,0.871052638873,0.414137201027
328,0.868739777911,0.292533931216,0.852631587731,0.411441465836
329,0.884124392744,0.262113866637,0.86842105969,0.311054777534
330,0.872340432678,0.281070100461,0.863157902501,0.375235532766
331,0.877577748022,0.26901966393,0.855263165737,0.363643676049
332,0.876923083771,0.274510528636,0.836842114596,0.47912072823
333,0.876268419375,0.268985923406,0.863157902501,0.440539407847
334,0.873977093864,0.278342588509,0.863157901521,0.356077263525
335,0.879869073629,0.263514730977,0.865789481292,0.321464129848
336,0.871031103714,0.274808536691,0.855263166522,0.424295011925
337,0.865139123315,0.284322463263,0.865789481096,0.348565469511
338,0.863829795009,0.283086615366,0.855263166522,0.338664903183
339,0.874631758017,0.265577204602,0.873684218055,0.355362306254
340,0.883469728226,0.263185593184,0.873684217663,0.418962383631
341,0.874631758017,0.274368976959,0.881578954035,0.351321495008
342,0.86906711028,0.269327747314,0.886842112008,0.301128047806
343,0.871685768013,0.26923121401,0.850000008156,0.426063249014
344,0.875941086932,0.267229596299,0.818421063062,0.430587134079
345,0.878232412613,0.260032890778,0.850000008549,0.353190321105
346,0.874631758163,0.274032760828,0.876315796454,0.352679412078
347,0.885106389339,0.265415069274,0.84473685136,0.399474880174
348,0.881178402496,0.256046791651,0.850000008549,0.485398576056
349,0.874304426185,0.274183355519,0.878947375636,0.348409672063
350,0.868085113758,0.269245247801,0.860526323711,0.391046995891
351,0.872013100406,0.274991849142,0.868421060082,0.374933129251
352,0.884451724991,0.257858277093,0.86842105969,0.356306763182
353,0.885106389632,0.265378546985,0.844736850575,0.45184265754
354,0.881833066966,0.265170130548,0.842105272569,0.409016469058
355,0.881505734938,0.25532428022,0.865789481684,0.352526675769
356,0.878559745007,0.263195525407,0.842105271393,0.348222717849
357,0.867430449215,0.29320624887,0.823684221036,0.473113733676
358,0.867103116846,0.282163292907,0.876315796846,0.328065497266
359,0.87725041614,0.271289793228,0.847368429366,0.376509448582
360,0.877250415994,0.264935094606,0.863157902109,0.367111151744
361,0.868412445761,0.270519936087,0.860526323318,0.389957092617
362,0.875941086957,0.267437212328,0.844736850968,0.400918556346
363,0.873977093669,0.269938798976,0.863157902109,0.332160135622
364,0.882815063805,0.258989740614,0.836842114988,0.384177110628
365,0.878559744836,0.257906406716,0.85526316613,0.351345589153
366,0.87561375488,0.26804641344,0.844736850575,0.518136293929
367,0.886415718474,0.249610706337,0.85526316613,0.378254620912
368,0.87266776451,0.27426104264,0.85526316613,0.525748321026
369,0.871685768037,0.274498063483,0.842105271785,0.366567830592
370,0.875941087152,0.282090183575,0.839473693387,0.36773916271
371,0.867103116724,0.272594684434,0.84736843015,0.387170342769
372,0.874959090289,0.267513400149,0.8657894809,0.363851810295
373,0.86808511366,0.275225496275,0.844736850968,0.385958774697
374,0.878887077132,0.27668563607,0.847368428974,0.401652955378
375,0.867103116846,0.275046352735,0.871052639265,0.448978190057
376,0.861211136788,0.280310321918,0.857894745312,0.437670582674
377,0.875613754783,0.26575072965,0.850000008156,0.346875925171
378,0.880851070541,0.259594453966,0.850000008549,0.386078225267
379,0.870049106899,0.282570607041,0.865789481292,0.364801831046
380,0.873322429468,0.275984201395,0.857894745312,0.349814207648
381,0.880196405925,0.264237017762,0.852631586947,0.387682981754
382,0.876268419618,0.268919070608,0.868421060082,0.380281354829
383,0.875286422438,0.270762737099,0.85526316613,0.46767296622
384,0.87888707723,0.258925287411,0.871052639265,0.369922148322
385,0.881178402715,0.255368424488,0.828947378224,0.386190580381
386,0.872667764778,0.266296819461,0.878947375244,0.311620984532
387,0.877905080244,0.259570379955,0.839473692994,0.45023265094
388,0.883142396247,0.267540645311,0.847368429758,0.438438273344
389,0.883142396198,0.257234089708,0.876315796454,0.361354201357
390,0.877577748363,0.263143289191,0.863157902501,0.398459243299
391,0.879869073824,0.263032210226,0.873684217663,0.414699178656
392,0.879214409525,0.253848714591,0.85789474492,0.324013358065
393,0.87725041614,0.264998522538,0.855263166522,0.509386125659
394,0.880523738246,0.260362019381,0.855263166522,0.391303877735
395,0.880851070444,0.266839665983,0.865789481684,0.377824214498
396,0.872013100333,0.268510747897,0.823684220643,0.390115396698
397,0.877577748144,0.253534004791,0.889473690798,0.394697623054
398,0.881833067258,0.261184085638,0.831578957407,0.409744742273
399,0.893289694736,0.244710935955,0.868421059102,0.501321990956
400,0.881505734987,0.25155396296,0.852631587339,0.425195413931
401,0.878887077351,0.265462340628,0.865789481684,0.378252826833
402,0.879869073629,0.263432672168,0.85526316613,0.3857378934
403,0.874959090191,0.254123323992,0.836842113812,0.379719403593
404,0.881833067331,0.260038703837,0.865789481292,0.333828302327
405,0.874959090484,0.272569007839,0.828947377832,0.442473889947
406,0.881833067161,0.260231996429,0.886842112008,0.292994363702
407,0.866775785111,0.286360579936,0.884210533217,0.350065632838
408,0.880851070298,0.255160459454,0.884210533217,0.325162985875
409,0.891653033647,0.247607008151,0.850000008941,0.376267672976
410,0.882487731655,0.26510793496,0.84736843015,0.510514423953
411,0.881833067161,0.250197362613,0.876315796846,0.347273004455
412,0.880851070127,0.257487241193,0.871052638873,0.375167674513
413,0.877250415799,0.261143918398,0.852631587339,0.473778802154
414,0.868739777813,0.276339460279,0.857894745312,0.477879055
415,0.877250415994,0.262710614665,0.865789481684,0.366085666018
416,0.879541741748,0.252552095941,0.873684218055,0.343427925265
417,0.868739778081,0.282676185513,0.85526316613,0.355832542613
418,0.883797060692,0.257947064002,0.85789474492,0.342580538053
419,0.884124392622,0.24478456926,0.876315796062,0.324376930427
420,0.881178402764,0.2615409951,0.881578954035,0.305580708118
421,0.880851070468,0.261179912049,0.873684218055,0.334355779406
422,0.881505735084,0.254229899631,0.900000005568,0.398544055215
423,0.872340432604,0.279890554978,0.84736843015,0.34863529787
424,0.879541741748,0.26332072469,0.863157902501,0.32653864967
425,0.88216039914,0.25629821583,0.863157901717,0.440149695009
426,0.884124392573,0.251800075161,0.894736848379,0.343012418738
427,0.881178402715,0.261241052789,0.876315796454,0.338417711482
428,0.88052373827,0.264268913409,0.881578954427,0.327546592369
429,0.879214409477,0.257900814742,0.90000000596,0.272920965701
430,0.883469728177,0.257401594878,0.897368426778,0.335660197529
431,0.875941086957,0.266909293962,0.850000008549,0.483695030298
432,0.880523738026,0.258376219218,0.905263163541,0.409088837185
433,0.878887077108,0.26144961152,0.863157902893,0.331485220784
434,0.866121120202,0.278588883035,0.863157902501,0.374270983798
435,0.879541741748,0.258802435839,0.860526323711,0.361099796407
436,0.8765957515,0.2654685249,0.852631587339,0.396513738394
437,0.875613754978,0.27160405435,0.876315796846,0.386475989373
438,0.876595751597,0.262006027459,0.844736850968,0.337560629572
439,0.873649761642,0.259537094019,0.884210533217,0.319293699058
440,0.895581020856,0.23100656771,0.855263165345,0.382915197945
441,0.877905080781,0.26632274358,0.855263165737,0.406404440032
442,0.872667764681,0.261003468106,0.865789481684,0.345888974054
443,0.8831423961,0.258009129367,0.831578955839,0.391658816176
444,0.880523738465,0.265036605847,0.855263166522,0.403655548116
445,0.88445172504,0.25735017193,0.834210535805,0.42385350843
446,0.876268419253,0.265272789655,0.889473690798,0.373161641599
447,0.890671037467,0.245349244042,0.85526316613,0.313207114298
448,0.8975450139,0.240570983862,0.876315796846,0.294230480413
449,0.875941087152,0.26597922745,0.878947374852,0.357174907367
450,0.886415718328,0.24610536947,0.857894743744,0.459192111143
451,0.876923083771,0.265819828151,0.828947378224,0.374036457236
452,0.87528642256,0.258040397819,0.868421060082,0.290335773215
453,0.89132570162,0.244816436116,0.884210533217,0.419779721324
454,0.878559745031,0.264361235606,0.855263165737,0.480458683993
455,0.889034376012,0.25420711315,0.8657894809,0.374363843128
456,0.876268419399,0.270786852537,0.894736848379,0.271407718371
457,0.885433721806,0.250975258766,0.871052638873,0.409770921364
458,0.884451725138,0.259340845916,0.865789481292,0.36812715136
459,0.881505734889,0.25981003635,0.886842112008,0.392939488787
460,0.879214409477,0.254932117841,0.823684219859,0.393612037803
461,0.877250415945,0.256359275626,0.881578954427,0.340634512965
462,0.870049106997,0.267812025165,0.878947375244,0.332756602145
463,0.8860883863,0.251457077607,0.878947375636,0.363445655525
464,0.876923083722,0.264301529601,0.855263166522,0.407859086825
465,0.893617027276,0.243978029995,0.852631586555,0.446469168142
466,0.880851070444,0.259857596799,0.836842114596,0.386111302518
467,0.8837970604,0.253446690785,0.897368426778,0.299408712904
468,0.890016372973,0.241493693492,0.860526324103,0.387567632829
469,0.886743050599,0.249680624193,0.85526316613,0.48423714611
470,0.882815063878,0.259047393103,0.876315796846,0.30212597453
471,0.885106389242,0.249394001851,0.878947375636,0.408406342531
472,0.887070382919,0.247793645781,0.863157902501,0.346316037301
473,0.882487731557,0.263918305289,0.860526323711,0.415746118272
474,0.884779057068,0.254699652191,0.860526324103,0.333757049754
475,0.890671037198,0.242469150757,0.865789481684,0.383636477397
476,0.889361708576,0.250193295153,0.84736843015,0.436939901899
477,0.87332242937,0.275015912637,0.842105271785,0.407757098966
478,0.874304426136,0.263042341448,0.871052639265,0.350787791497
479,0.875286422609,0.265110067511,0.863157902893,0.339023186694
480,0.885106389339,0.235766228901,0.85789474492,0.350747455065
481,0.883797060595,0.260156237917,0.852631587731,0.432097088902
482,0.879869074068,0.263128603455,0.892105269589,0.343089904546
483,0.890343705,0.250082700614,0.876315795669,0.370775613199
484,0.886088386178,0.251133073564,0.863157902893,0.390195887255
485,0.889689040457,0.254896331828,0.892105269589,0.365786338977
486,0.883142396198,0.260421084601,0.836842114988,0.40613488153
487,0.89132570162,0.25307626925,0.863157902109,0.444315239726
488,0.890998369592,0.233501974116,0.847368429366,0.423597052132
489,0.876923083722,0.254661303869,0.868421060474,0.310184059738
490,0.887397714898,0.241206912538,0.871052639265,0.455363581569
491,0.878887077108,0.26475815158,0.850000008941,0.431680618401
492,0.877905080439,0.263125385145,0.878947375244,0.306191863699
493,0.879214409525,0.248816684697,0.868421060474,0.43111822729
494,0.874304425794,0.274458865788,0.871052638481,0.326048980369
495,0.877577747997,0.262592422891,0.884210532825,0.343969759876
496,0.896563017281,0.239105564766,0.852631587731,0.410280008862
497,0.890016372631,0.256765561134,0.8657894809,0.469151451029
498,0.881505734792,0.259864832172,0.884210532825,0.361594994746
499,0.89525368839,0.240568094501,0.863157902501,0.417683838374
500,0.87332242937,0.27019246461,0.85526316613,0.416394701611
501,0.891653033989,0.239598098599,0.884210533217,0.421317562149
502,0.882815064073,0.255399105642,0.892105269589,0.334749089816
503,0.874304425892,0.266889056639,0.844736850968,0.41158732793
504,0.889034376061,0.248738756484,0.855263165737,0.389514216363
505,0.890343705,0.240690914401,0.850000008941,0.408156084022
506,0.888379711835,0.242587677264,0.889473690798,0.305293309487
507,0.866448452474,0.281467865245,0.871052638481,0.387237717215
508,0.877905080439,0.260198775156,0.865789481292,0.366588754361
509,0.877905079878,0.257428961471,0.831578957407,0.507140206532
510,0.882160399481,0.250162278459,0.873684217663,0.452955081219
511,0.888707043789,0.25096431851,0.842105271589,0.448541832562
512,0.882487731704,0.257763641162,0.84473685136,0.389095743293
513,0.8831423961,0.256165407535,0.863157902501,0.342331186207
514,0.879541741529,0.255154816668,0.88947369021,0.368586604083
515,0.883142396052,0.253470275502,0.860526324103,0.414216558907
516,0.892635030705,0.243616920087,0.889473690798,0.33562442443
517,0.887725047096,0.24467082854,0.878947375636,0.483833362543
518,0.884124392622,0.255267510768,0.873684217663,0.353197203741
519,0.888379711469,0.238271207733,0.881578954035,0.314597153824
520,0.882160399286,0.243562170971,0.84473685136,0.44795210588
521,0.888707044033,0.2425526026,0.842105271785,0.460408094137
522,0.8837970604,0.257239866161,0.876315796846,0.336359532936
523,0.886743050502,0.252251131772,0.871052638873,0.429916439464
524,0.88117840291,0.261753610526,0.857894745312,0.39032021915
525,0.887070382773,0.250186471685,0.842105271785,0.417950863595
526,0.889689040603,0.251485910177,0.881578954035,0.358356892018
527,0.879869073824,0.270138029578,0.860526323711,0.416630223459
528,0.88216039953,0.266355044175,0.860526323711,0.32551192635
529,0.896890349357,0.235219893321,0.860526323318,0.460746050938
530,0.880196406242,0.2626004978,0.850000007764,0.370590363586
531,0.885761053785,0.248312327333,0.834210535413,0.4803033318
532,0.880523738319,0.251423647801,0.881578954035,0.312896587996
533,0.881505735182,0.248183280935,0.88684211142,0.356832858457
534,0.886088386154,0.25467058205,0.834210535805,0.513275122221
535,0.88870704374,0.248178970181,0.876315796846,0.322247398946
536,0.878559744934,0.256869436178,0.85789474492,0.407288729875
537,0.877577748046,0.257273447104,0.881578954427,0.352192690222
538,0.878887077156,0.266226375678,0.852631586359,0.37222816585
539,0.887725047267,0.241263228223,0.881578954427,0.441253001079
540,0.895253688341,0.235958013194,0.876315796846,0.343950200714
541,0.882160399237,0.261526999058,0.865789481292,0.40900172057
542,0.880523738075,0.255649462022,0.868421060474,0.397355404555
543,0.886743050599,0.246827651446,0.85789474492,0.479972952791
544,0.880851070419,0.250636714844,0.881578954427,0.351805534695
545,0.89263503034,0.24101224318,0.85526316613,0.539907782795
546,0.88216039953,0.261541514903,0.850000008549,0.354233413879
547,0.890998369348,0.239488248992,0.873684217663,0.353287026661
548,0.891653033647,0.242696441859,0.876315796846,0.345828343841
549,0.882160399237,0.254274318206,0.873684217663,0.417891098854
550,0.881505734938,0.254119786521,0.868421060082,0.394296029652
551,0.885106389168,0.246412970072,0.852631587339,0.383950768111
552,0.891325701498,0.240923706677,0.871052639265,0.464186454351
553,0.888707044033,0.251083562272,0.865789481684,0.396560421084
554,0.887725047072,0.249030641596,0.842105272177,0.38974725555
555,0.894271691868,0.236143690167,0.85789474492,0.437865728802
556,0.883469728299,0.255116507285,0.857894745312,0.314009440769
557,0.866121120422,0.278230964836,0.876315796846,0.331216026173
558,0.88183306721,0.255153527044,0.868421060474,0.390542140012
559,0.885433721635,0.25562372291,0.884210532825,0.323781063926
560,0.884124392817,0.252721935344,0.871052638873,0.462166683644
561,0.884124392695,0.254760347566,0.873684217663,0.394038973509
562,0.890998369494,0.246891205606,0.839473693387,0.371570046061
563,0.890343705,0.248443718725,0.881578954035,0.34071784261
564,0.889689040677,0.241090897344,0.847368429366,0.424871302261
565,0.885761053858,0.245225509275,0.852631587731,0.379078820112
566,0.886743050453,0.254900351895,0.878947375244,0.361139539194
567,0.887397715044,0.243522517582,0.850000008156,0.465812958159
568,0.886088386007,0.244413183693,0.881578954035,0.376577200441
569,0.875613754734,0.267771628901,0.850000008156,0.371474346054
570,0.877905080293,0.261781591958,0.857894745312,0.420805065051
571,0.888707043789,0.247306308234,0.863157902893,0.418996440122
572,0.885106389437,0.248899268619,0.865789481292,0.503297610445
573,0.873977093767,0.263866955984,0.842105272569,0.444563842805
574,0.887397715142,0.251322422329,0.85789474492,0.398422109345
575,0.875613754758,0.264116861947,0.84736843015,0.408120935379
576,0.87921440894,0.254900389881,0.868421059102,0.572594429195
577,0.887397715288,0.247341764036,0.894736848379,0.40558064842
578,0.884779057312,0.253557351762,0.857894745312,0.472785342131
579,0.881505734914,0.255951015279,0.85789474492,0.505397848089
580,0.883469728518,0.257895203066,0.839473693779,0.399667468003
581,0.889689040603,0.251600302421,0.876315795669,0.324658099573
582,0.892307698336,0.244547692599,0.850000008156,0.52220445989
583,0.881178402813,0.251614792129,0.871052638873,0.47261632095
584,0.88870704396,0.237324643725,0.884210532825,0.446350686828
585,0.886088385959,0.243502362465,0.871052638873,0.403223645869
586,0.890016372777,0.244474192605,0.818421063062,0.489138182606
587,0.882815063926,0.246028796633,0.823684220251,0.587317687163
588,0.89787234622,0.236139532413,0.847368429758,0.487799323305
589,0.893944359596,0.248051998265,0.873684217663,0.600912740268
590,0.882487731704,0.249109779045,0.836842114596,0.467754498577
591,0.886415718523,0.244812486919,0.836842114988,0.658107519832
592,0.888052379539,0.239455692336,0.847368428974,0.411744387091
593,0.891980366309,0.241361945394,0.871052639265,0.435153317366
594,0.888707043765,0.241646271107,0.84736843015,0.511951131894
595,0.889034375914,0.251166401303,0.839473693779,0.523526920531
596,0.882160399335,0.255800380312,0.847368429758,0.488830570202
597,0.900491004148,0.223349887507,0.85789474492,0.460524032886
598,0.895908352933,0.235019224939,0.873684217663,0.379376682248
599,0.893944359426,0.23727344065,0.873684217663,0.412344216416
600,0.898854342791,0.233389704943,0.863157902893,0.316424631378
601,0.889034376109,0.248753758826,0.850000008549,0.348208878118
602,0.894271691697,0.233640575129,0.834210534629,0.541372193748
603,0.887725047218,0.24291777063,0.876315796846,0.353434137904
604,0.892962362757,0.248059656525,0.863157902501,0.409414363351
605,0.887725047316,0.250243663185,0.876315796454,0.490349360127
606,0.885433721757,0.247094568903,0.892105269589,0.344311673851
607,0.870049107192,0.267680652187,0.889473690798,0.36432502839
608,0.890998369348,0.234130043637,0.836842113812,0.451480670577
609,0.896563017085,0.235218078167,0.850000008941,0.473571792049
610,0.884451725138,0.246323061635,0.863157902893,0.37789238095
611,0.896890349503,0.231944231573,0.876315796846,0.43538789795
612,0.893944359182,0.233560275328,0.886842111616,0.473201089961
613,0.886088386007,0.248047319074,0.863157902501,0.429742445713
614,0.882815063829,0.253834682325,0.881578954427,0.54794169152
615,0.892307698483,0.233984389657,0.85526316613,0.403611729066
616,0.892307698532,0.243127286228,0.894736847595,0.426952872051
617,0.889361708283,0.247183845092,0.850000008156,0.445037576
618,0.891653034135,0.241901245747,0.850000008549,0.569018967458
619,0.893289694712,0.229510897183,0.865789481684,0.634474707591
620,0.887725047096,0.243715199841,0.865789480115,0.368170710675
621,0.895581020661,0.238274970521,0.860526323711,0.513894898121
622,0.886088386251,0.249702843552,0.839473692994,0.557566819287
623,0.88641571823,0.247144758021,0.860526324103,0.544829869317
624,0.892962362928,0.241609104225,0.857894745312,0.367086202029
625,0.894271691429,0.232981164779,0.878947375636,0.336178729004
626,0.886088386154,0.248575133191,0.860526323711,0.417245728839
627,0.888379711566,0.238686793742,0.881578954035,0.470137607269
628,0.88837971181,0.247102832161,0.865789481684,0.487806238684
629,0.89296236266,0.243680122907,0.863157902501,0.342537260723
630,0.888052379417,0.240383249863,0.876315796454,0.523319179582
631,0.888379711664,0.242485125648,0.863157902501,0.542586874859
632,0.888052379051,0.249221098345,0.868421060082,0.403647322806
633,0.887725047316,0.242120692178,0.881578954427,0.289938007193
634,0.874631757993,0.25921188406,0.871052639265,0.37343845873
635,0.881833067258,0.246122900439,0.860526324103,0.540377991522
636,0.875286422389,0.251962976617,0.868421060082,0.425693437696
637,0.884124393061,0.253256207643,0.842105272177,0.552138430117
638,0.883469728323,0.241913066829,0.881578954427,0.355643789357
639,0.888707044082,0.236392636648,0.894736847987,0.322313639318
640,0.902454997485,0.229288334741,0.855263166522,0.406537829569
641,0.885761054126,0.243547680045,0.842105272569,0.420105373153
642,0.885761053663,0.241800849107,0.871052638481,0.578826444955
643,0.886743050648,0.243797280288,0.836842114988,0.405232174963
644,0.8860883863,0.250884040911,0.884210532825,0.339830707504
645,0.893944359377,0.233974528636,0.86842105969,0.397667519394
646,0.89132570162,0.243692754404,0.852631586947,0.383406989991
647,0.900818336322,0.228869573625,0.878947375636,0.300127473209
648,0.896890349357,0.22258335322,0.90000000596,0.443643209455
649,0.881505734743,0.253249265409,0.839473693779,0.421810614294
650,0.893617027081,0.226219361644,0.860526324103,0.39182173272
651,0.882160399432,0.250831863086,0.892105269589,0.345808035382
652,0.888379711859,0.234505650702,0.860526323711,0.396269455442
653,0.896235685058,0.228132109067,0.884210533217,0.362943486884
654,0.895908352933,0.242489745267,0.850000008941,0.430474364126
655,0.88641571823,0.255717856623,0.881578954035,0.403949633161
656,0.887725047316,0.248326523023,0.865789481684,0.512649644114
657,0.898527010812,0.236020335012,0.863157902501,0.372927421656
658,0.885106389534,0.238972341173,0.85526316613,0.502832386551
659,0.897217681726,0.232023212056,0.871052639265,0.442328886167
660,0.884124392915,0.249747883995,0.873684218055,0.331582212526
661,0.888707043789,0.234287259599,0.868421060474,0.578503269467
662,0.884124392866,0.253033584952,0.852631587339,0.552005094878
663,0.899181674989,0.236326634377,0.85526316613,0.439862010145
664,0.890016372729,0.25273820528,0.865789481292,0.508695411904
665,0.90147300067,0.218941751698,0.807894747116,0.496023888064
666,0.891325701766,0.239744267204,0.852631587339,0.355519828232
667,0.895581020661,0.230174481453,0.871052639265,0.466141493068
668,0.898199678638,0.228356066862,0.850000008156,0.475108507963
669,0.894271691526,0.233901703123,0.850000008549,0.50897372196
670,0.88936170843,0.24638845573,0.863157902501,0.407079135849
671,0.899836339386,0.225436042567,0.852631587339,0.330683382812
672,0.891653033891,0.239479968244,0.876315796062,0.375966569666
673,0.885106389339,0.243198885565,0.884210533217,0.663650359105
674,0.894599023993,0.228659792685,0.857894743744,0.614096637093
675,0.893617027203,0.229302703169,0.863157901717,0.566588103413
676,0.890671037418,0.240605093003,0.850000008549,0.479766264846
677,0.880196406047,0.254157047908,0.852631587339,0.388502516746
678,0.884779057165,0.250836473927,0.873684217663,0.414339443314
679,0.893944359645,0.234260263094,0.886842112008,0.341466667892
680,0.893944359499,0.230288485251,0.826315799434,0.49386041105
681,0.892307698336,0.239352673578,0.873684217271,0.386532879639
682,0.890998369543,0.244092549112,0.876315796846,0.468407110254
683,0.89721768197,0.232532795607,0.876315796846,0.315104364848
684,0.894271691795,0.240318992435,0.86842105969,0.379462050414
685,0.890343704756,0.238798674416,0.855263165737,0.432902335117
686,0.890343705049,0.250768478839,0.850000008941,0.581925843533
687,0.904418990674,0.222987282995,0.865789481292,0.618128208174
688,0.905728319565,0.221467103385,0.86842105969,0.424270455431
689,0.893289695102,0.233185476831,0.871052639265,0.371703163983
690,0.890998369592,0.232437486761,0.860526323711,0.431840828935
691,0.894599023993,0.236161705024,0.886842111224,0.339987577287
692,0.885761053833,0.248711701403,0.860526324103,0.36664192153
693,0.897217681824,0.226437886378,0.871052639265,0.350434886478
694,0.872013100187,0.268158786594,0.865789481292,0.497491452558
695,0.895253688316,0.235351880844,0.881578954035,0.36318828373
696,0.897872346196,0.231542102539,0.892105269197,0.293803236946
697,0.893289695005,0.240799884274,0.855263166522,0.428902048944
698,0.895908352762,0.23412655877,0.865789481292,0.391376064135
699,0.904746322995,0.230943705912,0.839473693387,0.384837920087
700,0.889034376109,0.245287652335,0.85526316613,0.382712013739
701,0.899836339581,0.224567325241,0.831578957015,0.475759882249
702,0.888707044106,0.246102952568,0.850000008941,0.37323729961
703,0.890998369299,0.23380483737,0.865789481684,0.354102211922
704,0.892635030315,0.232464316226,0.84736843015,0.48065859025
705,0.897872346171,0.228381351391,0.865789481292,0.429905232916
706,0.88870704396,0.241226509372,0.85526316613,0.343998279451
707,0.883469728274,0.254554020002,0.839473693387,0.363153868035
708,0.889689040482,0.24133880964,0.813157904305,0.521001205361
709,0.869394442502,0.254662951286,0.873684218055,0.300989022599
710,0.894599024091,0.22906298586,0.871052638677,0.374070690804
711,0.890671037418,0.242016743723,0.823684220643,0.594980137092
712,0.888052379636,0.239758073838,0.873684218055,0.458242158562
713,0.897217681677,0.229501157645,0.836842114596,0.420131066624
714,0.891653033989,0.240515914694,0.852631587731,0.382878196653
715,0.900818336273,0.225155633764,0.868421060474,0.369390592336
716,0.897217681677,0.224517929439,0.865789481292,0.46711621499
717,0.900818336151,0.231367056235,0.881578954427,0.336418904737
718,0.893617027032,0.233199221809,0.863157902109,0.362712273929
719,0.899181675209,0.223479321659,0.836842114596,0.439793564251
720,0.89099836947,0.226641296708,0.868421059298,0.556133299999
721,0.891325701668,0.239199978778,0.857894745312,0.490270351695
722,0.895908352762,0.23538419674,0.85789474492,0.413555488211
723,0.889034376109,0.23883819087,0.844736850575,0.364094443125
724,0.896235685253,0.232929654145,0.863157902893,0.352833278981
725,0.89132570162,0.224130050193,0.863157902109,0.384313850298
726,0.890671037223,0.245996847833,0.878947375636,0.433339000554
727,0.885761053882,0.255518523144,0.860526323711,0.408234484097
728,0.890671037467,0.244338609401,0.852631586751,0.401758218447
729,0.898527010592,0.226238499415,0.86842105969,0.397144944933
730,0.891653033867,0.241402352599,0.863157902893,0.382837779533
731,0.888379711713,0.237726129001,0.852631587731,0.399861854978
732,0.899836339654,0.21886780479,0.857894744528,0.574560209697
733,0.893944359596,0.236862227556,0.8657894809,0.368455459723
734,0.891325701668,0.237908818223,0.868421060082,0.332297232059
735,0.898199678394,0.228866271608,0.828947378617,0.450898919853
736,0.886088385959,0.245210601608,0.865789481684,0.425490452911
737,0.891980366041,0.233967629035,0.852631587731,0.389620925311
738,0.890343705098,0.246052608859,0.860526324103,0.448525231512
739,0.894599024042,0.225877459172,0.871052638873,0.471252719206
740,0.907037648456,0.224650974517,0.878947375244,0.313182419604
741,0.892635030315,0.235362372884,0.842105272177,0.493071539294
742,0.891325701766,0.244650502948,0.842105271785,0.439191921757
743,0.8932896952,0.227187973858,0.863157902109,0.481949094947
744,0.890998369421,0.23266726546,0.839473692602,0.605734867925
745,0.891325701473,0.231398809416,0.873684218055,0.457338953874
746,0.895581020807,0.240743223808,0.873684217663,0.353794605312
747,0.902454997265,0.221721597725,0.85789474492,0.547217558641
748,0.893944359352,0.229490081116,0.865789481684,0.411466759653
749,0.896563017476,0.241075923454,0.852631587339,0.520170499226
750,0.886088386251,0.244566294367,0.84473685136,0.447132791877
751,0.901473000572,0.219157083411,0.863157902501,0.452834177348
752,0.902454997289,0.228418514686,0.839473693779,0.398029237936
753,0.895581020807,0.236212057495,0.873684217663,0.51482830622
754,0.899181675013,0.233928963394,0.868421060474,0.389053651565
755,0.908346977445,0.210604609977,0.828947378224,0.528451546574
756,0.886743050697,0.252306856152,0.855263166522,0.412051269513
757,0.88019640595,0.259263640927,0.82894737744,0.457505434669
758,0.890671037272,0.23287789882,0.878947375244,0.297046472712
759,0.889689040652,0.24488299014,0.81578948388,0.524933634248
760,0.893617027349,0.24007622238,0.855263165737,0.550398257619
761,0.891980366163,0.228239970859,0.871052639265,0.526244626478
762,0.895908352835,0.239919727813,0.855263166522,0.413699106618
763,0.897217681604,0.22289460217,0.81578948388,0.684508249462
764,0.900818336322,0.216415499834,0.815789484272,0.703310261332
765,0.88772504695,0.243678497357,0.839473693779,0.485276994517
766,0.889689040701,0.238639927432,0.873684217271,0.526411108723
767,0.895908352884,0.222030247303,0.83947369319,0.573900209691
768,0.893617027081,0.231205699213,0.828947378617,0.587075924907
769,0.880523738221,0.249515038422,0.850000007764,0.426912189421
770,0.89198036587,0.238920557863,0.865789481684,0.455854775148
771,0.895581020759,0.237573899949,0.84473685136,0.485003222507
772,0.894599023847,0.222839298019,0.84736843015,0.55886489797
773,0.890998369543,0.239797052666,0.842105271785,0.640391675075
774,0.895581020807,0.236529084282,0.839473693387,0.456640339206
775,0.888707043691,0.241756502014,0.884210533217,0.374516289285
776,0.888707043594,0.244093478541,0.889473690798,0.700770800402
777,0.898199678516,0.223277873856,0.84473685136,0.431540024186
778,0.895253688414,0.242407946347,0.85789474492,0.447567436171
779,0.886415718328,0.243763145989,0.865789480507,0.450416547337
780,0.892635030852,0.236347474055,0.836842114988,0.499461232305
781,0.89558102071,0.236111321305,0.863157902893,0.448930119312
782,0.897217681775,0.220916502072,0.852631587339,0.451976596601
783,0.891325701717,0.235659765965,0.892105269589,0.422328049542
784,0.89492635624,0.221219293016,0.89736842717,0.39461485594
785,0.892307698385,0.223161460171,0.852631587731,0.484599461175
786,0.891980366163,0.23364836036,0.850000008941,0.575015634944
787,0.894926356264,0.224189145097,0.850000008549,0.515061800128
788,0.897545013754,0.227974858899,0.865789481684,0.59287941249
789,0.896890349698,0.2227712961,0.831578956623,0.682938230413
790,0.894926356216,0.227819098246,0.852631587731,0.449510752449
791,0.892635030559,0.228408086166,0.842105272569,0.696030022119
792,0.894926356216,0.226244181305,0.834210536198,0.448526308366
793,0.905073655315,0.219992433768,0.884210532825,0.508286559584
794,0.888052379344,0.23821702788,0.839473692994,0.391701897874
795,0.897545013754,0.231006260491,0.844736850968,0.640327830926
796,0.897545013949,0.22820616196,0.873684217271,0.522151155806
797,0.901800332942,0.210345625081,0.828947377048,0.628747434839
798,0.911620299672,0.199927910345,0.836842113812,0.701215665758
799,0.899509007407,0.224642638825,0.813157905089,0.55012160568
800,0.900818336127,0.212282179957,0.852631587339,0.687012591113
801,0.894271691673,0.230224496079,0.860526323711,0.414456386361
802,0.90114566835,0.215271339261,0.878947375636,0.405598508174
803,0.89885434284,0.225720769336,0.847368428974,0.585592924891
804,0.904746322946,0.230146819022,0.863157902109,0.443871091896
805,0.89165303394,0.236194963772,0.860526324103,0.531027490183
806,0.89067103732,0.239084947104,0.85526316613,0.350382031414
807,0.890998369689,0.236735421406,0.868421060082,0.497093045657
808,0.902454997192,0.208980631806,0.868421060082,0.538775248015
809,0.898854342986,0.223199861099,0.847368429758,0.461356823358
810,0.901145668447,0.222225542537,0.871052639265,0.333762713721
811,0.901800332795,0.21694412012,0.863157902893,0.394275982237
812,0.901800332844,0.223465615382,0.85789474492,0.429099679278
813,0.90147300067,0.219249581577,0.871052639265,0.380673650239
814,0.88412439272,0.243819539924,0.868421060082,0.616433463326
815,0.903109661881,0.215420059638,0.876315796454,0.431187738161
816,0.894599024042,0.226599637759,0.886842111224,0.419314378693
817,0.898527010617,0.23930788416,0.844736850575,0.553398460152
818,0.899181675111,0.220749905491,0.868421060474,0.546193848416
819,0.902454997119,0.207097920002,0.871052638481,0.726089143028
820,0.891325701644,0.237854042345,0.855263166522,0.491827847164
821,0.91194763187,0.209564718665,0.878947375244,0.516713222555
822,0.889689040652,0.235188852337,0.865789481292,0.485939739826
823,0.898854342791,0.226819380532,0.842105272569,0.619596582043
824,0.900163671828,0.222093152559,0.876315796454,0.509170311301
825,0.914238957332,0.215976119539,0.894736847987,0.453201558761
826,0.892962362684,0.234475996811,0.865789481684,0.4337759922
827,0.903109661686,0.21381379816,0.884210533217,0.443628261403
828,0.904746322897,0.217547336541,0.892105269197,0.365260755476
829,0.89394435945,0.232914225564,0.868421060082,0.378886536764
830,0.899181675087,0.214541810163,0.868421060082,0.437829999302
831,0.896235685107,0.228964974087,0.863157902893,0.468670344399
832,0.896235685155,0.223149087795,0.878947375244,0.418552105548
833,0.896563017378,0.223731475657,0.863157902501,0.567977318313
834,0.883142396149,0.244733975336,0.863157902501,0.395869028365
835,0.889361708234,0.234321877088,0.873684218055,0.42068150832
836,0.890016372631,0.231175656631,0.873684218055,0.363121849782
837,0.889689040555,0.245926981504,0.860526323711,0.449821395642
838,0.90114566835,0.211423545752,0.85789474492,0.490957213848
839,0.904091658403,0.214455991506,0.860526324103,0.476011437251
840,0.908019645173,0.210455629879,0.834210535021,0.468826715714
841,0.892635030803,0.233021370817,0.863157902893,0.479423347334
842,0.902454997094,0.221649012163,0.831578955839,0.477398118036
843,0.886415718376,0.234958894425,0.850000008941,0.505282375096
844,0.895581020612,0.225142822517,0.868421060474,0.491354653151
845,0.903436994006,0.219745263361,0.881578954427,0.407676352152
846,0.90769231295,0.219656361846,0.857894744136,0.504086707181
847,0.909983638509,0.20709667947,0.844736850379,0.467263858244
848,0.900163671779,0.220759625432,0.850000008156,0.42586497199
849,0.896235685253,0.223421686265,0.860526324103,0.369252394402
850,0.901800332844,0.217137349543,0.84736843015,0.763192456763
851,0.893944359596,0.229621927919,0.850000008549,0.542762567634
852,0.901473000621,0.212244569479,0.8657894809,0.681245211236
853,0.899836339556,0.218254891695,0.878947375636,0.335369076149
854,0.907364980679,0.219704999933,0.844736850968,0.455806113384
855,0.891980366016,0.237605159368,0.873684218055,0.45423350505
856,0.901800332893,0.219737414669,0.89736842717,0.333707196022
857,0.902454997289,0.218235372337,0.818421062474,0.561144084431
858,0.898854342888,0.214238627706,0.863157901717,0.574634711475
859,0.899836339556,0.221187206414,0.884210532825,0.399012000276
860,0.895581020759,0.230384975855,0.876315796846,0.36091933464
861,0.899509007285,0.205252717118,0.842105271785,0.449209220898
862,0.900163671828,0.22573508269,0.85526316613,0.704990908001
863,0.899836339556,0.223723966919,0.847368429758,0.552012784108
864,0.900163671828,0.217672994901,0.850000008549,0.701547416725
865,0.903764326278,0.216537141082,0.850000008549,0.612154438618
866,0.906055651837,0.216209735244,0.878947375048,0.381905216449
867,0.902782329415,0.207370857582,0.855263166522,0.430986415686
868,0.906710316429,0.20547390929,0.86842105969,0.469653596857
869,0.894926356167,0.226481893003,0.873684218055,0.402596393376
870,0.90147300067,0.224901136867,0.836842114596,0.672382030913
871,0.908346977493,0.207844246425,0.871052639265,0.525875307305
872,0.897545013802,0.217320735248,0.860526323711,0.463735300803
873,0.89983633941,0.219556565022,0.881578954035,0.421092783001
874,0.902782329585,0.206651464154,0.834210535805,0.616504417966
875,0.904091658403,0.208862458937,0.850000008156,0.519637421295
876,0.905073655217,0.21695197615,0.839473692602,0.600057016738
877,0.887725047121,0.250453512526,0.850000008156,0.479207837092
878,0.891980366114,0.236580835469,0.84736843015,0.542911133814
879,0.907364980874,0.208671538721,0.850000008549,0.634169242803
880,0.89525368839,0.222414113285,0.844736850968,0.504583588351
881,0.913911625036,0.209392444967,0.836842114988,0.629288597822
882,0.897545013924,0.229731096842,0.863157902501,0.417807631895
883,0.901145668642,0.215277412495,0.871052639265,0.467624283549
884,0.901473000621,0.222511674598,0.844736850575,0.58331298037
885,0.901145668447,0.220066180479,0.850000008549,0.539749075903
886,0.898527010592,0.229182429127,0.868421060474,0.575530348828
887,0.912602296291,0.200583793652,0.839473693387,0.669223995357
888,0.907037648554,0.20794781497,0.826315799434,0.598048970983
889,0.900163671779,0.214929729264,0.868421060082,0.432754176685
890,0.896890349406,0.22355154148,0.834210535021,0.566080843502
891,0.90441899087,0.215064323008,0.855263166522,0.426235653154
892,0.894599023993,0.231305995967,0.852631587731,0.416981523628
893,0.896890349552,0.22330699542,0.868421060474,0.435706106223
894,0.879541741504,0.251847902487,0.860526324103,0.651045581782
895,0.910638302833,0.200318071386,0.842105272177,0.845390524793
896,0.901145668594,0.22383741115,0.857894745312,0.674089000343
897,0.903109661735,0.218413803365,0.85526316613,0.707763144279
898,0.900491003782,0.220570161166,0.852631587339,0.601193787478
899,0.903764326424,0.222348975897,0.836842114204,0.558093163955
900,0.900163671779,0.222401826311,0.842105271393,0.522965671452
901,0.900491003856,0.211053315815,0.850000008549,0.427406241069
902,0.901800332942,0.216454934587,0.847368429366,0.46478292295
903,0.896890349454,0.217251372563,0.86842105969,0.584110247809
904,0.899836339142,0.211070082742,0.84736843015,0.395466381464
905,0.907692312804,0.210320584122,0.836842114596,0.56092830597
906,0.892307698434,0.228970287318,0.836842114204,0.655393685657
907,0.894926356118,0.23912380579,0.868421060474,0.53054039362
908,0.895908352786,0.229346992151,0.831578956623,0.630572097441
909,0.893617027179,0.226712939181,0.850000008941,0.680304219243
910,0.900491004051,0.217197287487,0.826315799826,0.666152354213
911,0.897545014144,0.225132692802,0.873684217663,0.435286108471
912,0.895908352933,0.21921238644,0.842105272569,0.643710472274
913,0.904091658598,0.218276277257,0.839473693387,0.473355515215
914,0.893944359596,0.228172572034,0.860526323711,0.477131159097
915,0.918821608474,0.196091373663,0.834210535805,0.694955710813
916,0.911620299574,0.204967510023,0.842105272569,0.658605623712
917,0.8975450139,0.225197713697,0.873684218055,0.415047929296
918,0.907364980874,0.206656561759,0.842105271785,0.663322517609
919,0.902127665091,0.205929286412,0.828947378617,0.593698790357
920,0.900163671657,0.208073216637,0.852631586947,0.670871684475
921,0.898199678443,0.221745901929,0.823684220251,0.700145755747
922,0.908346977542,0.216314753155,0.836842114596,0.607220909127
923,0.900491004051,0.22221046973,0.881578954427,0.39137014308
924,0.898854342742,0.222498201134,0.834210536198,0.703315352521
925,0.906710316429,0.204555448941,0.844736850575,0.618200426706
926,0.893944359548,0.234263649695,0.852631586947,0.607835612989
927,0.891980366065,0.238176663238,0.807894748292,0.719992011807
928,0.906055651934,0.226532590453,0.865789481684,0.521147509044
929,0.909983638461,0.212352717089,0.815789484272,0.623576591587
930,0.904091658574,0.216572428778,0.855263165149,0.727936512381
931,0.899181675013,0.221290330933,0.860526324103,0.5306136162
932,0.908674309716,0.202617106551,0.842105272177,0.557259111711
933,0.902454997533,0.215395876207,0.85789474492,0.490609297126
934,0.909328974015,0.210955262755,0.839473693779,0.608852194894
935,0.893289695102,0.225096515782,0.871052638481,0.374674654558
936,0.898199678443,0.223439975693,0.852631587339,0.600558980469
937,0.902782329707,0.211684575301,0.892105269589,0.389951667768
938,0.901145668496,0.219635620455,0.863157902893,0.617759110086
939,0.906382984157,0.211422408448,0.842105272569,0.592836244336
940,0.911292967376,0.208476660592,0.810526326299,0.582982394789
941,0.907037648359,0.215549678823,0.82894737744,0.559997548683
942,0.903109661832,0.213489061512,0.842105272177,0.580181206232
943,0.89918167516,0.213760635612,0.863157902893,0.68436271528
944,0.900163671706,0.220906242324,0.813157905089,0.749842936926
945,0.903436993909,0.215786664008,0.852631587339,0.749518823029
946,0.905073655169,0.218506324479,0.886842111616,0.371388863594
947,0.913911625182,0.201892577705,0.852631587731,0.581743650072
948,0.904091658403,0.217401361818,0.857894745312,0.44492514
949,0.903436994153,0.22726892864,0.844736850968,0.609778518965
950,0.894926355972,0.220879329332,0.865789481292,0.624000031681
951,0.903109661735,0.207855219118,0.860526323711,0.49958894598
952,0.914238957478,0.205725594574,0.839473692994,0.608922339164
953,0.903109661832,0.216296290789,0.857894744528,0.830214500679
954,0.904418990528,0.217076164208,0.852631587731,0.384997098476
955,0.915875618616,0.197995238523,0.85789474492,0.650182680452
956,0.886743050453,0.239720204799,0.860526324103,0.432736102196
957,0.894926356264,0.240990379784,0.863157902109,0.406981606352
958,0.902782329658,0.215019822519,0.847368429366,0.42846573451
959,0.898199678321,0.229488511861,0.868421060474,0.526168455539
960,0.904091658452,0.210867629718,0.860526323711,0.50285794379
961,0.896235685058,0.218832144879,0.881578953643,0.439299506159
962,0.906382983913,0.213493457062,0.852631586947,0.574175043226
963,0.904091658501,0.208841430747,0.868421060474,0.637329056576
964,0.911620299574,0.200400414834,0.815789484272,0.555272472309
965,0.898199678297,0.222653057504,0.884210532825,0.48217360158
966,0.897872346293,0.218883489474,0.823684220251,0.682471770602
967,0.904091658452,0.214927647543,0.823684220643,0.520904462161
968,0.906710316282,0.215211300895,0.850000008941,0.634505685738
969,0.888707043789,0.238649319781,0.842105272569,0.541207053242
970,0.899836339361,0.216363831926,0.857894745312,0.594029930728
971,0.903764326327,0.215427465162,0.855263165345,0.551589555615
972,0.904746322897,0.210596227867,0.839473693387,0.748959418636
973,0.902454997338,0.219928595714,0.863157902109,0.608550544955
974,0.902454997411,0.213766811614,0.85789474492,0.569866592873
975,0.900491003904,0.218024534337,0.865789481292,0.568682359117
976,0.898854342937,0.22397591825,0.828947378224,0.567058922766
977,0.906710316331,0.208887711729,0.876315796454,0.675035244586
978,0.899836339703,0.222208649285,0.842105271785,0.547100450846
979,0.900163671877,0.219768331445,0.868421060474,0.617604701273
980,0.903436994055,0.215196127289,0.839473693779,0.644923554726
981,0.903436994153,0.2194872788,0.831578957015,0.991385966058
982,0.904418990723,0.205724902848,0.828947378617,0.737128780724
983,0.898854342986,0.218685448289,0.836842114596,0.651606845782
984,0.904746323019,0.20912413007,0.84473685136,0.771692827492
985,0.905400987586,0.20464295975,0.834210535805,0.754341542746
986,0.898527010568,0.218891500295,0.844736850183,0.427036940202
987,0.905073655217,0.210999950597,0.863157902893,0.705332944418
988,0.91227496402,0.205713741466,0.886842112008,0.459389468839
989,0.904746322897,0.211846532886,0.839473693779,0.719516045064
990,0.905073655364,0.210772738075,0.839473692798,0.684427250914
991,0.907037648603,0.20999943427,0.839473692602,0.757893419004
992,0.906382984206,0.204701520067,0.850000008156,0.622408859217
993,0.910965635226,0.200672533253,0.865789481292,0.507043452352
994,0.900818336225,0.212919229034,0.836842114988,0.557658061165
995,0.903764326034,0.22041902212,0.84736843015,0.621850408165
996,0.910965635226,0.199941530213,0.8657894809,0.627976478268
997,0.912602296389,0.192019966271,0.821052641461,0.959293616085
998,0.916530282964,0.189135097059,0.863157902501,0.638577945703
999,0.91391162528,0.200564107046,0.842105272177,0.629916059174
