epoch,acc,loss,val_acc,val_loss
0,0.740752875976,0.546399947652,0.710526330691,0.570164121197
1,0.76530279385,0.478518261054,0.784210538198,0.506255410023
2,0.764648129331,0.47327263663,0.815789483095,0.456383483975
3,0.792144036454,0.423801207467,0.794736852771,0.666085573336
4,0.780360076339,0.437834322904,0.815789484272,0.468989718019
5,0.796072023712,0.421205636778,0.7868421164,0.413093005699
6,0.787561385385,0.427580566568,0.802631588555,0.42851981403
7,0.792471369213,0.408671672467,0.786842116008,0.436029532238
8,0.788543382077,0.407573045507,0.778947378852,0.448166369264
9,0.797381352627,0.392882422442,0.778947380028,0.466018716462
10,0.814075295742,0.3784826598,0.802631589535,0.471667672851
11,0.807201318796,0.380040894578,0.781578958819,0.389706302238
12,0.815384624779,0.367827001868,0.771052643265,0.432227499195
13,0.813093299269,0.378558259256,0.781578958427,0.485131219324
14,0.792144036576,0.397220916997,0.802631588359,0.427836142971
15,0.795090026361,0.390062325227,0.834210534629,0.387772338171
16,0.803600664444,0.379926303161,0.810526326691,0.430854760699
17,0.8088379803,0.369807948701,0.813157905481,0.39137690181
18,0.818003282463,0.380661604094,0.776315800846,0.448017473676
19,0.810474641414,0.372529334259,0.79473685434,0.44305951261
20,0.81571195688,0.372879011236,0.821052641853,0.418025782234
21,0.8127659669,0.3706432569,0.80000000996,0.470598907038
22,0.808183315879,0.371083239828,0.800000011529,0.429332821385
23,0.812438634872,0.375287529026,0.792105274177,0.395821226467
24,0.807528651165,0.380480898883,0.800000010352,0.457572198767
25,0.823895262789,0.360545493943,0.794736852379,0.404666111461
26,0.822585933801,0.357625433642,0.802631589143,0.38410642351
27,0.812438634726,0.367449338238,0.828947378224,0.34506196764
28,0.821603936791,0.361046661295,0.784210538001,0.388803945462
29,0.823895262472,0.360654572479,0.813157903913,0.425799274106
30,0.820621940416,0.374235896025,0.83684211342,0.367594315916
31,0.821603937425,0.365411476008,0.781578959211,0.416312548283
32,0.816366621154,0.370278997246,0.813157905089,0.378866959167
33,0.829132578474,0.353966477228,0.802631588751,0.389737561884
34,0.821931269014,0.354635933161,0.813157904305,0.431970648566
35,0.822258601115,0.357864155548,0.815789483488,0.407093261025
36,0.815711957075,0.361757221112,0.805263168718,0.418025285839
37,0.817021285649,0.364313511937,0.797368431954,0.394008488443
38,0.830114575021,0.362026460749,0.813157904305,0.387143372215
39,0.819967276214,0.350428787074,0.834210536198,0.435581424519
40,0.837970548658,0.335299792735,0.765789484899,0.42712133966
41,0.844844525311,0.335786638461,0.7868421164,0.453430811433
42,0.820621940172,0.366932737469,0.81578948388,0.385980089318
43,0.833387897492,0.336445229533,0.802631590123,0.387661801945
44,0.826186588885,0.352509861711,0.792105274765,0.404028717012
45,0.840261874461,0.334469199424,0.810526324926,0.442087116994
46,0.817348618286,0.360157202179,0.760526328103,0.452855887529
47,0.827168584967,0.344544643929,0.821052640676,0.393922201505
48,0.845171857509,0.320894987287,0.794736853163,0.390769725665
49,0.842225867554,0.324231553244,0.794736853556,0.425771696297
50,0.840261874559,0.337688990535,0.815789483095,0.397713232099
51,0.833715229592,0.332250899762,0.807894747508,0.42637720557
52,0.831096571933,0.341176778151,0.82631579865,0.352773783728
53,0.83044190756,0.334622871423,0.805263169502,0.40987032897
54,0.820294608388,0.35708215301,0.826315799042,0.403114228632
55,0.838952545595,0.330077944241,0.771052642284,0.451750758055
56,0.831096571542,0.352857511338,0.839473692994,0.402754120186
57,0.836006555664,0.330522147253,0.805263169502,0.432860922755
58,0.834369894013,0.334646322559,0.836842114596,0.391140713062
59,0.837970548732,0.335685721676,0.834210535021,0.403441485557
60,0.838297880735,0.325349714327,0.794736853948,0.46874362196
61,0.834697226261,0.32953974971,0.778947379832,0.432361905855
62,0.842225867627,0.332853555661,0.857894745312,0.349543546375
63,0.832405900897,0.335853217551,0.813157905481,0.411604480558
64,0.835679223221,0.337523673388,0.834210535413,0.349765718081
65,0.846808518891,0.325924245186,0.807894747116,0.398940793435
66,0.841243870715,0.340372704317,0.836842114008,0.353812790157
67,0.84058920644,0.323904946349,0.802631589143,0.386872838055
68,0.83698855221,0.332066705868,0.84473685136,0.362133733953
69,0.847135851016,0.311905479068,0.834210536198,0.395484784431
70,0.843207864295,0.327461493904,0.823684220251,0.357041732114
71,0.844189860549,0.323400101824,0.828947377832,0.375131615045
72,0.855319156926,0.315779692108,0.847368429366,0.370375617946
73,0.840589206782,0.326740937457,0.857894745312,0.341731138184
74,0.842880531926,0.32749392216,0.813157905089,0.394790692604
75,0.840916539004,0.326913139147,0.85526316613,0.311482359101
76,0.85106383786,0.322120815656,0.836842114204,0.373283984556
77,0.837970548805,0.335307063196,0.823684220055,0.355161937392
78,0.841898535331,0.33539887275,0.821052641853,0.408251854199
79,0.839607209577,0.319955043476,0.797368432738,0.409036835159
80,0.848445180078,0.315239993755,0.82631579865,0.400767990763
81,0.834697226187,0.340793069598,0.818421062278,0.398282869302
82,0.843535196591,0.31639710907,0.810526327083,0.415550973364
83,0.843207864636,0.315171080542,0.839473692994,0.401798991094
84,0.852700499242,0.3211556508,0.85526316613,0.357751229631
85,0.849427176795,0.322103772806,0.852631587731,0.354674871999
86,0.841571203279,0.317947139881,0.831578956623,0.355790737624
87,0.852700498705,0.320113618567,0.818421062278,0.482091145464
88,0.860229140364,0.299771627298,0.850000008549,0.350394501204
89,0.858265146711,0.3009545198,0.818421062866,0.39301584585
90,0.846153854299,0.315601058804,0.802631589535,0.404754510517
91,0.847463183532,0.316472093872,0.80526316911,0.423674894742
92,0.850081841533,0.313131738302,0.818421063455,0.444071097618
93,0.844844525653,0.324590092845,0.834210535413,0.365450093376
94,0.845499190049,0.324596136589,0.826315799042,0.336096588345
95,0.841571202938,0.330627697634,0.831578955642,0.336398081829
96,0.86579378815,0.300081444639,0.823684220251,0.391356958714
97,0.847135851236,0.314492687851,0.831578957015,0.373431251556
98,0.852373166897,0.309314343164,0.84473685136,0.315541756143
99,0.853027831172,0.317946913791,0.855263166522,0.358876078855
100,0.855973821176,0.302634143095,0.794736852771,0.508421316743
101,0.847135850699,0.320625714446,0.805263168326,0.415429039773
102,0.853355163077,0.313607124895,0.868421060082,0.290161985209
103,0.844844525604,0.310196127767,0.810526325907,0.43091146969
104,0.846808518477,0.314106338589,0.834210535805,0.405496109596
105,0.85728315036,0.305844577554,0.823684219467,0.391114158029
106,0.856628485548,0.305849631739,0.815789483488,0.392085252697
107,0.849099844548,0.330599086771,0.850000008941,0.331142849221
108,0.843535196469,0.324774498172,0.826315799434,0.390128386844
109,0.860229140023,0.299353601987,0.792105275549,0.503252606716
110,0.83207856843,0.332933461882,0.82631579865,0.379482486849
111,0.853682495568,0.311095806726,0.831578956623,0.417256418311
112,0.851718502378,0.315062103936,0.800000010745,0.388080789315
113,0.848117847465,0.310545723196,0.865789481684,0.323347051432
114,0.8464811864,0.31594134412,0.807894747508,0.391097515632
115,0.844517193308,0.326387617591,0.81842106267,0.381835027157
116,0.858265146589,0.30383084861,0.821052640873,0.404493663043
117,0.860556472392,0.297823997666,0.834210535413,0.337990690403
118,0.859247143647,0.299463333824,0.823684220251,0.347686312137
119,0.860883804566,0.295648564376,0.834210535805,0.374844111571
120,0.863829794546,0.294367857546,0.852631587731,0.346702446078
121,0.848445180005,0.313005650965,0.813157905089,0.406583864879
122,0.84680851894,0.316427809605,0.828947378617,0.38525115402
123,0.855319156682,0.307190088595,0.85526316613,0.32242217152
124,0.849754509066,0.30688184738,0.831578956623,0.379517015805
125,0.836988552332,0.319440996524,0.823684220643,0.404333034451
126,0.853682495324,0.302257082317,0.839473693387,0.371969971868
127,0.851063837982,0.303773410094,0.823684219467,0.426298410828
128,0.852373166799,0.325611218731,0.82631579865,0.383235983085
129,0.861538468548,0.308927104145,0.847368429366,0.389443238935
130,0.856301153423,0.311747965843,0.844736850968,0.430510935168
131,0.857283149994,0.300247840332,0.842105272569,0.410656019984
132,0.852045834601,0.310441715978,0.821052641461,0.423418641348
133,0.859901808044,0.306712883724,0.821052641069,0.448463817005
134,0.852045834406,0.31867246577,0.815789482703,0.391353458828
135,0.858592479128,0.293586734676,0.831578956231,0.356052998665
136,0.847463183605,0.318974435189,0.826315799434,0.378687305486
137,0.856628485621,0.30729714817,0.85789474492,0.354728017709
138,0.84451719343,0.313585303657,0.839473692994,0.343692653996
139,0.849427176771,0.303109974059,0.839473693387,0.372758502386
140,0.868739778106,0.292724908505,0.84473685136,0.344059669842
141,0.854664492139,0.314180624694,0.813157905481,0.444882779774
142,0.853027831269,0.308476727617,0.834210535413,0.383271953091
143,0.855319156633,0.305168660992,0.82894737744,0.370876911485
144,0.852700499071,0.299491948349,0.831578957015,0.36813733652
145,0.857610482119,0.303520508092,0.813157905481,0.384939751484
146,0.850736505466,0.308030849984,0.847368428582,0.367553421835
147,0.854664492041,0.302922889237,0.818421061886,0.379976970144
148,0.866121119812,0.288105996819,0.871052639265,0.336370940823
149,0.863175130149,0.293892582552,0.823684220251,0.417780572962
150,0.855646489051,0.305456594355,0.871052638873,0.339046699706
151,0.856628485865,0.303543648894,0.850000008941,0.36965301511
152,0.862520465777,0.287467968844,0.844736850575,0.331226227793
153,0.863829794765,0.300859959305,0.868421060474,0.324688043788
154,0.872995097172,0.290650544642,0.815789483095,0.433179044208
155,0.862520465825,0.299097646817,0.826315799434,0.370324944121
156,0.868085113734,0.295412308617,0.821052641853,0.411654697238
157,0.843862528814,0.321156430968,0.800000009764,0.419285106424
158,0.851718502012,0.313525649553,0.818421062278,0.377019507418
159,0.856301153496,0.29301031976,0.852631587731,0.376245773802
160,0.861211136983,0.303196282201,0.839473692406,0.347397151452
161,0.859574475772,0.300753542239,0.836842114988,0.345345879439
162,0.854664491968,0.294229098052,0.842105271785,0.371269921135
163,0.860883804663,0.292921603339,0.84473685136,0.42141218682
164,0.871685768086,0.291774505207,0.842105271785,0.364151519233
165,0.858592479007,0.291052111484,0.85526316613,0.322510021457
166,0.866121120397,0.29608598406,0.839473693779,0.378321259183
167,0.8664484524,0.292457096541,0.792105273981,0.425922103177
168,0.856955817917,0.291345403752,0.84473685136,0.374076736369
169,0.860556472294,0.299492263482,0.831578956623,0.349935532456
170,0.857937814537,0.302667930164,0.863157902893,0.350943724043
171,0.855973820981,0.293200665266,0.844736850968,0.358702468919
172,0.862520465777,0.293925292119,0.834210535413,0.393482652874
173,0.854664492261,0.303000423411,0.84736843015,0.357730294878
174,0.850736505905,0.30695150016,0.831578956623,0.387371389038
175,0.853355163321,0.301092990677,0.868421060474,0.322768742262
176,0.851718502086,0.31644633912,0.792105273589,0.448058967014
177,0.867103116846,0.289036605221,0.850000008156,0.335735730888
178,0.860883804517,0.294129788956,0.863157902501,0.336438578302
179,0.85008184107,0.306419949174,0.85789474492,0.374701307492
180,0.857610482509,0.304154713198,0.826315799826,0.394291633866
181,0.866121120446,0.297342870734,0.85789474492,0.33598189949
182,0.862847798341,0.305154958116,0.836842114204,0.369858437132
183,0.865466455635,0.285556559297,0.839473692994,0.32140987492
184,0.858919811278,0.299485641695,0.85526316613,0.349640360065
185,0.864157126817,0.28161841644,0.85526316613,0.351979529898
186,0.865793787882,0.292240412516,0.850000008941,0.365166352017
187,0.862193133408,0.286520739184,0.807894747116,0.442055323725
188,0.862520465777,0.287389154343,0.868421060082,0.341800881378
189,0.871031103884,0.283508605118,0.828947378224,0.421111983174
190,0.860883804663,0.290908769124,0.852631587339,0.330108928307
191,0.861865801282,0.299475658237,0.839473693779,0.440186355461
192,0.869394442698,0.281842821243,0.85789474492,0.310738059202
193,0.861538469206,0.291824036746,0.860526323711,0.390365723839
194,0.867103116895,0.285580517723,0.857894745312,0.349388187659
195,0.872340432287,0.283859873977,0.871052639265,0.329641113695
196,0.860883804931,0.296031264085,0.831578956231,0.387898841193
197,0.863829794716,0.29349117097,0.826315799434,0.480247847295
198,0.874631758115,0.279836386621,0.860526323318,0.341973562969
199,0.869721774603,0.277552740645,0.850000008941,0.383661043953
200,0.875286422804,0.275796993908,0.84473685136,0.360458237186
201,0.867103117139,0.283253479348,0.839473693387,0.374481670433
202,0.867757781243,0.288828496305,0.844736850575,0.366300812941
203,0.863502462542,0.285912085471,0.821052641853,0.37009822462
204,0.862847798073,0.279493020797,0.860526324103,0.323921092974
205,0.859901808117,0.300198482828,0.892105269589,0.309643146582
206,0.867430449142,0.293133569872,0.855263165737,0.33106119067
207,0.862193133773,0.302432503445,0.857894745312,0.324726476591
208,0.86546645583,0.284321154957,0.881578954427,0.372694273777
209,0.874959090484,0.283812131208,0.876315796454,0.297916532146
210,0.86612112047,0.282741790584,0.857894744528,0.325641865928
211,0.871031103519,0.267833161935,0.860526323318,0.345000833726
212,0.865466455659,0.287956663368,0.844736850183,0.379292585602
213,0.869721774628,0.283246867386,0.857894745312,0.416603672232
214,0.846153854373,0.301539121854,0.813157905481,0.401341175373
215,0.865793788101,0.296181878682,0.847368429758,0.350519293115
216,0.875613754832,0.278701386465,0.857894745312,0.34577623835
217,0.86153846906,0.297487373295,0.852631587339,0.374259009639
218,0.862520465728,0.291933849112,0.84736843015,0.398932294344
219,0.867757781218,0.273106438731,0.826315799826,0.349322835927
220,0.871358435888,0.275653475426,0.844736850575,0.363104932528
221,0.858265146759,0.294709476202,0.842105272569,0.352338327162
222,0.867103117139,0.283580960547,0.852631587339,0.372949243303
223,0.858592479055,0.296269069299,0.852631587339,0.353054832961
224,0.874631757968,0.283489480645,0.82894737744,0.375705611299
225,0.873977093816,0.272474096006,0.857894745312,0.345748346385
226,0.875613754441,0.284390494698,0.850000007372,0.340872487372
227,0.866448452352,0.285641072458,0.828947377832,0.387728525718
228,0.868739778203,0.293316460919,0.844736850575,0.348638294902
229,0.868085113636,0.289090164548,0.8657894809,0.302426585284
230,0.87168576794,0.278232725031,0.85526316613,0.388078491545
231,0.867757781389,0.281914863274,0.871052639265,0.301829067062
232,0.865139123607,0.290191382725,0.834210535413,0.373318698625
233,0.870703771686,0.277691958024,0.823684220055,0.481990548736
234,0.848772512349,0.309689690742,0.850000008941,0.378939281671
235,0.858592478982,0.286647823661,0.860526324103,0.373481979179
236,0.86612112008,0.28288650929,0.834210535805,0.417600142264
237,0.865793788199,0.291996653347,0.852631586947,0.406634393736
238,0.864157126841,0.295738633303,0.836842114596,0.398158930946
239,0.866775784916,0.27398536078,0.868421060082,0.320230276235
240,0.878887077156,0.264723223832,0.834210535805,0.372467197423
241,0.87135843618,0.279561950122,0.878947375636,0.326577255986
242,0.859901807995,0.295745310404,0.855263165345,0.347468982408
243,0.869721774603,0.279262957447,0.873684217271,0.332649920806
244,0.870049107241,0.285356227248,0.863157901717,0.355246334183
245,0.864484459235,0.279279128275,0.868421060474,0.319336186549
246,0.862847798195,0.28469887338,0.828947377832,0.372425098887
247,0.872995097026,0.274985617562,0.839473691818,0.314478636077
248,0.883797060448,0.265513409777,0.83947369221,0.396927798317
249,0.86775778134,0.281682650924,0.865789481684,0.335340774734
250,0.870049106972,0.277535892534,0.87894737446,0.371459926749
251,0.869721774945,0.283976949167,0.842105271393,0.359774057206
252,0.864484459162,0.285808090156,0.897368426778,0.284509610575
253,0.877250416092,0.266543159458,0.852631587339,0.356526725441
254,0.86121113713,0.284418858051,0.860526323318,0.379502742544
255,0.874959090533,0.270912292703,0.84736843015,0.460855844815
256,0.863502462225,0.295633557326,0.865789481684,0.38829639693
257,0.87004910707,0.275571274525,0.834210535805,0.410523890403
258,0.871358435839,0.274119492642,0.847368428582,0.357057690623
259,0.861211136886,0.287912562704,0.847368429758,0.348280266025
260,0.86808511366,0.277246538845,0.852631587339,0.364103986107
261,0.868739778252,0.27549496793,0.863157902501,0.338158857443
262,0.860229140315,0.28775112291,0.863157902893,0.324795127687
263,0.86972177492,0.274675009086,0.8657894809,0.289239732356
264,0.870703771588,0.291756437009,0.857894744136,0.372600452659
265,0.881178402813,0.269634164781,0.860526323318,0.365580924328
266,0.865466455732,0.286560750589,0.821052641461,0.431983613962
267,0.872995096928,0.269553673392,0.847368428974,0.331787140642
268,0.871685768159,0.278714633721,0.85789474492,0.341979727253
269,0.878559744836,0.266999229045,0.871052639265,0.381684892033
270,0.871031103811,0.281442492248,0.844736850575,0.357621603694
271,0.876923083601,0.27462732084,0.876315796454,0.302371221801
272,0.877250416189,0.273789442353,0.818421061886,0.366551895718
273,0.870376439171,0.274714107605,0.857894745312,0.343887755145
274,0.863829794668,0.285114690242,0.857894745312,0.350070528295
275,0.873649761471,0.270013617856,0.871052638873,0.298106793072
276,0.87954174148,0.276511356631,0.863157902893,0.370334522298
277,0.858592479128,0.290949303809,0.831578955839,0.343378772239
278,0.8664484524,0.288366715886,0.844736850183,0.37365018683
279,0.8693944426,0.27755472723,0.876315796454,0.290151787813
280,0.872340432458,0.267254920231,0.834210535413,0.352033287387
281,0.872013100431,0.278380572262,0.85526316613,0.366223223989
282,0.872667764852,0.281322113356,0.860526324103,0.334201419248
283,0.876595751597,0.265723073981,0.834210534629,0.363565197652
284,0.872667765071,0.273852368972,0.871052638481,0.305520417264
285,0.87495909024,0.277117672706,0.8657894809,0.286493917229
286,0.878559744739,0.260082156234,0.813157905873,0.527630314736
287,0.869721774823,0.29106124182,0.802631589535,0.381191591288
288,0.890998369592,0.249795727209,0.85789474492,0.392083440803
289,0.877250415848,0.268452114482,0.815789483488,0.407803558769
290,0.871685768037,0.266395628967,0.876315796846,0.323899557912
291,0.873977093669,0.27355081521,0.842105272569,0.390884797744
292,0.867103116895,0.280669504784,0.850000008549,0.370125275597
293,0.871358435936,0.276893008712,0.84473685136,0.330285544737
294,0.868739777984,0.281358929659,0.84736843015,0.378062567632
295,0.869394442283,0.28407642803,0.85789474492,0.340720985831
296,0.878232412906,0.261614370342,0.852631587339,0.352652095615
297,0.878887077278,0.267389863839,0.85789474492,0.32250135974
298,0.874304425941,0.280323218767,0.852631586947,0.366858503732
299,0.883142396003,0.263819096017,0.839473693779,0.353420976794
300,0.867757781389,0.27795667238,0.850000008941,0.327683112183
301,0.881505734914,0.265051531778,0.855263165737,0.319917873283
302,0.876595751597,0.274876030442,0.852631586947,0.339072656262
303,0.865466455732,0.279543024172,0.873684217663,0.318472331797
304,0.874959090459,0.267214245965,0.842105270608,0.381792242513
305,0.87430442577,0.271925101106,0.860526324103,0.327800587365
306,0.879214409306,0.271326278142,0.855263166522,0.363627981865
307,0.858592479348,0.296391034618,0.865789481292,0.369778014511
308,0.865139123607,0.288284913675,0.873684218055,0.35852639305
309,0.873649761203,0.270547775018,0.844736849399,0.377342955361
310,0.873977093669,0.274796552581,0.828947377832,0.38678185279
311,0.870376439146,0.27872651549,0.828947377832,0.382642814803
312,0.871031103909,0.280918668584,0.852631587731,0.375530633087
313,0.875613754734,0.272007855316,0.842105272569,0.377332361392
314,0.870703771076,0.27336694703,0.852631587731,0.337823740652
315,0.863502462542,0.285344624851,0.839473693779,0.370577077067
316,0.88477905719,0.256677259351,0.852631587339,0.336152697828
317,0.87757774829,0.257868598775,0.863157902893,0.329889899512
318,0.879214409428,0.270456573537,0.836842114988,0.410809323585
319,0.880523738221,0.255251958049,0.847368429366,0.375099697549
320,0.882815063878,0.254289951876,0.834210535805,0.351316033556
321,0.875941087054,0.268296903208,0.863157901913,0.281583514984
322,0.872995097099,0.274800430568,0.860526324103,0.35256621383
323,0.871358435936,0.27945353441,0.863157902109,0.305281122598
324,0.879541741602,0.267591661632,0.850000008156,0.328692167912
325,0.87070377154,0.268827766255,0.842105271785,0.377144508477
326,0.873649761251,0.269911032243,0.842105272177,0.359518769105
327,0.869067110231,0.281825112908,0.860526324103,0.321979666844
328,0.87430442616,0.287577653682,0.84473685136,0.366847029836
329,0.880196405925,0.265489724218,0.85526316613,0.34638078644
330,0.867430449434,0.283270887399,0.855263166522,0.337369146352
331,0.873322429126,0.270297503225,0.828947377832,0.416469348876
332,0.870376439366,0.274010339179,0.863157902501,0.347502659672
333,0.883469728518,0.265521033339,0.834210535805,0.45626422943
334,0.873322429248,0.284253131958,0.821052640676,0.425632541742
335,0.878887077059,0.265686928674,0.844736850968,0.348268421348
336,0.874959090411,0.274668649691,0.868421060082,0.339380810285
337,0.876268419277,0.276541773422,0.852631586751,0.368385649363
338,0.868085113807,0.278814814351,0.842105272177,0.356113150195
339,0.875613754783,0.266074655904,0.884210532825,0.3862972944
340,0.886088386202,0.262048151696,0.84473685136,0.386880255117
341,0.871358436034,0.276006166036,0.855263165737,0.349422789716
342,0.873977093621,0.26867985724,0.889473690406,0.288670716896
343,0.872013100138,0.268798855267,0.863157902501,0.407125367815
344,0.872340432458,0.274464007062,0.831578956623,0.366995017559
345,0.879869073751,0.267615221054,0.871052638873,0.340839762731
346,0.862847797829,0.277718349788,0.855263166522,0.366898837803
347,0.882487731704,0.262360909585,0.865789481684,0.366060207971
348,0.883469728323,0.252481526198,0.852631587339,0.359856663186
349,0.872667764876,0.275143204383,0.836842114204,0.347109297163
350,0.873322429321,0.265982621656,0.85526316613,0.342286374683
351,0.867430449215,0.272469268592,0.852631586555,0.32974299343
352,0.889034376109,0.250839407983,0.857894744136,0.347424865942
353,0.883142396247,0.261651643002,0.826315799042,0.418878457029
354,0.881178402545,0.266572472573,0.836842114204,0.336876701741
355,0.883469728396,0.263983971008,0.860526323711,0.353901259535
356,0.88150573506,0.263117097902,0.85526316613,0.347576528637
357,0.867430449166,0.285397359997,0.839473692994,0.353764565536
358,0.863829794668,0.28428811931,0.857894745312,0.324712697367
359,0.877250415896,0.267801044281,0.839473693387,0.383064491561
360,0.878887077205,0.267922835953,0.857894745312,0.312543523958
361,0.872013100382,0.269011522666,0.844736850575,0.342032037745
362,0.881505735084,0.261592830483,0.863157902109,0.357846968652
363,0.875941086932,0.266200880296,0.873684217271,0.326108605506
364,0.884124392842,0.257575868316,0.842105272177,0.347142870394
365,0.875941087006,0.259961596602,0.881578954427,0.318444785379
366,0.872340432507,0.27356134201,0.839473693779,0.408134538489
367,0.888707043935,0.240245222763,0.844736850575,0.355270145504
368,0.867757781535,0.273881475444,0.842105272177,0.394065595063
369,0.876923083552,0.26464322049,0.871052639265,0.30911588006
370,0.873322428956,0.277162874331,0.85789474492,0.385634716585
371,0.87659575128,0.265098842756,0.852631587339,0.339023475767
372,0.879214409477,0.25889093948,0.881578954427,0.337638290412
373,0.867757781389,0.267805923398,0.85789474492,0.385191660485
374,0.875941087298,0.275202260016,0.828947378028,0.467073768674
375,0.873322429053,0.273394665273,0.868421060474,0.329170895657
376,0.868085113465,0.27658840094,0.852631587731,0.344576444841
377,0.879869073873,0.267336105618,0.850000008941,0.338307128347
378,0.883469728323,0.262055034519,0.871052639265,0.368883026659
379,0.874304426111,0.271577354322,0.876315796454,0.351777969343
380,0.869721775018,0.27670890245,0.839473693387,0.424537502505
381,0.879869073824,0.260990217442,0.871052638873,0.325423650834
382,0.88019640634,0.263693160182,0.860526324103,0.333994662913
383,0.874631758163,0.271813415641,0.834210535805,0.362777887693
384,0.880523738246,0.257570402984,0.852631586947,0.338444912747
385,0.882160399286,0.253356619448,0.860526323711,0.372350228866
386,0.873649761593,0.266217720971,0.860526323711,0.32017077561
387,0.880523738148,0.252213745713,0.828947377832,0.410462406662
388,0.884124393012,0.260635038528,0.878947375244,0.390190572215
389,0.887397715191,0.251958136465,0.86842105969,0.371329902166
390,0.877577748265,0.265152697442,0.868421060474,0.325339517945
391,0.885433721708,0.253891049071,0.831578956035,0.447027995397
392,0.877577748363,0.251950957105,0.850000008941,0.340869500928
393,0.877250416092,0.26818576785,0.871052639265,0.320223239087
394,0.879541741529,0.254797254601,0.844736850575,0.32556363159
395,0.884124392525,0.261136573028,0.855263166522,0.379081634486
396,0.874959090435,0.269012937086,0.863157902501,0.339307868888
397,0.883142396247,0.254013891971,0.852631587731,0.381150451265
398,0.886088386105,0.255881955288,0.855263166522,0.343902605545
399,0.890343705098,0.241228739926,0.873684217271,0.438995541852
400,0.885433721611,0.24661604462,0.847368429758,0.37667553889
401,0.878887077205,0.264998391386,0.855263165737,0.37832527155
402,0.886743050599,0.256961707549,0.834210535805,0.370138641091
403,0.877250415945,0.256771713931,0.857894744528,0.345960542581
404,0.878559745104,0.258770199334,0.855263165737,0.347610598331
405,0.883797060448,0.264899124547,0.844736850183,0.315510819417
406,0.880196406242,0.264777204808,0.907894742332,0.224219664077
407,0.863829794765,0.280157691267,0.881578954427,0.389281647223
408,0.88117840252,0.255012362098,0.900000005372,0.261367282266
409,0.892962362928,0.24475506419,0.826315799434,0.395593664756
410,0.88216039953,0.264946721393,0.85789474394,0.375743447861
411,0.884451724796,0.246312762846,0.850000008549,0.357627435297
412,0.88248773146,0.259643709631,0.884210532825,0.332592584266
413,0.884124392671,0.26288697858,0.844736850968,0.399907021442
414,0.872667764461,0.280047851579,0.85789474492,0.429334384463
415,0.877577748217,0.258446806971,0.852631587731,0.345466080801
416,0.888379711908,0.247220731603,0.884210533217,0.309955609506
417,0.871031103665,0.282201254455,0.860526324103,0.310964939999
418,0.883797060643,0.261697592256,0.878947375636,0.299277855292
419,0.893289694809,0.241893402447,0.857894744528,0.325407715432
420,0.879869073776,0.255899127916,0.881578954427,0.306621535138
421,0.878887077108,0.260938289113,0.889473690014,0.301922467824
422,0.879214409428,0.250581475064,0.865789481684,0.299514625352
423,0.871031103909,0.27370273261,0.855263166522,0.319318010345
424,0.879214409379,0.256449248719,0.878947375244,0.29821458434
425,0.892307698336,0.248278862158,0.860526323318,0.334677210076
426,0.882815063634,0.254652759095,0.873684218055,0.339705661031
427,0.878232412662,0.263270309463,0.881578954035,0.346923848893
428,0.878232412662,0.266174432982,0.873684217271,0.308546269806
429,0.882815063829,0.256589873051,0.889473690798,0.267219235261
430,0.889034376012,0.253557217139,0.865789481292,0.359644118459
431,0.874959090386,0.267299042647,0.881578954035,0.377878206103
432,0.88281506378,0.255382254449,0.860526324103,0.432806364273
433,0.881833067405,0.25963703086,0.892105269589,0.302248230073
434,0.861211136593,0.282366841833,0.852631587339,0.390588732211
435,0.879541741699,0.253691234388,0.850000008156,0.428705989572
436,0.875941086908,0.260549029684,0.855263166522,0.399213936096
437,0.872995097099,0.271650496809,0.860526323711,0.35444733653
438,0.878559744885,0.26426908629,0.873684218055,0.346090419892
439,0.877250415994,0.255985262638,0.884210533217,0.33668131052
440,0.895253688585,0.239649208932,0.868421060082,0.271589925161
441,0.878559744958,0.273679214934,0.876315796454,0.3755608497
442,0.878232412516,0.262858996455,0.876315796062,0.324495321804
443,0.884451725089,0.256494560027,0.847368429366,0.409364107599
444,0.882815064024,0.263225129649,0.860526323711,0.346972768419
445,0.88019640612,0.25590167326,0.847368429366,0.32012636542
446,0.879869073629,0.260582990786,0.894736848379,0.293004272266
447,0.89623568535,0.242019780513,0.8657894809,0.346171135852
448,0.890998369397,0.242006103523,0.876315796062,0.279156002563
449,0.871685768305,0.266627882737,0.863157902893,0.323234038519
450,0.885106389364,0.246820852888,0.863157902893,0.380998117964
451,0.879869073898,0.259764153927,0.831578957015,0.543882660888
452,0.872013100479,0.262373958812,0.850000008549,0.344054142406
453,0.888052379392,0.244597671559,0.868421060474,0.450930710804
454,0.882815063634,0.263515479537,0.834210535021,0.444356254803
455,0.891325701815,0.256018879668,0.871052639265,0.351200034413
456,0.874959090484,0.271658202434,0.886842112008,0.251631822466
457,0.887397714996,0.248993828323,0.860526323318,0.368891384548
458,0.890671037564,0.249336655953,0.865789481684,0.30306767998
459,0.881178402691,0.259229816418,0.878947375636,0.367697418476
460,0.882487731777,0.253190084804,0.850000008941,0.36346596646
461,0.877905080488,0.25630895394,0.881578954427,0.28718448876
462,0.871031103909,0.26987993496,0.886842112008,0.263274476447
463,0.883797060692,0.25070466171,0.852631587731,0.412860272044
464,0.87855974486,0.268601656805,0.836842114988,0.374777984562
465,0.894926356264,0.240525728743,0.839473692994,0.392860123482
466,0.883797060595,0.256140239308,0.826315799042,0.358267498761
467,0.885106389461,0.259029665548,0.876315796846,0.3026818644
468,0.886415718132,0.244078583545,0.836842114596,0.36898761532
469,0.887070382578,0.246024994814,0.889473690798,0.363866587989
470,0.879541741699,0.256057940459,0.850000008549,0.328083299642
471,0.888379711615,0.254887049536,0.857894745312,0.363389681647
472,0.890343705098,0.243506781828,0.865789481292,0.318575581558
473,0.875941086981,0.261917937408,0.850000008941,0.406209898085
474,0.876595751549,0.259104226931,0.878947375244,0.348501301987
475,0.88739771502,0.243466297503,0.871052638088,0.352693543281
476,0.886088386251,0.248931993961,0.860526324103,0.374211325892
477,0.872340432458,0.277112517542,0.868421060082,0.316675306007
478,0.885106389485,0.258173952573,0.876315796846,0.325373095161
479,0.875941086908,0.259560544389,0.873684218055,0.310293301143
480,0.883469728372,0.242816513929,0.865789481292,0.335993109093
481,0.883469728323,0.258812965555,0.836842113812,0.482717106043
482,0.873322429419,0.268663723479,0.873684218055,0.331514420067
483,0.891980366358,0.24328321921,0.847368429758,0.355185668916
484,0.884779057312,0.247932376083,0.85789474492,0.395933890302
485,0.888379711713,0.248067945778,0.90000000596,0.3049002775
486,0.880851070444,0.261483995623,0.84473685136,0.4315131676
487,0.888379711566,0.255278148434,0.836842114596,0.417882306437
488,0.895581020564,0.232633925975,0.839473692994,0.316572920876
489,0.884451724942,0.245943916507,0.85526316613,0.379559873444
490,0.889361708356,0.243622616176,0.839473693779,0.437553814258
491,0.881833066917,0.257070581026,0.871052638873,0.316036643035
492,0.880196406096,0.258729522554,0.871052638873,0.303912398028
493,0.883797060668,0.246921423365,0.868421060474,0.337092512646
494,0.873649761471,0.271905872648,0.865789481292,0.336679835826
495,0.882815063829,0.255768226848,0.852631587339,0.42444086746
496,0.890016373021,0.23928281542,0.863157902109,0.345610312107
497,0.889361708527,0.255608420205,0.844736850575,0.379988146816
498,0.885761053638,0.256379023,0.8657894809,0.313923029505
499,0.893944359499,0.239805194933,0.865789481684,0.333696860011
500,0.878887077205,0.265309374018,0.878947375244,0.29568950084
501,0.897872346293,0.231262185536,0.865789481292,0.378531564809
502,0.884451725089,0.251230557898,0.873684217663,0.307190400674
503,0.872995097001,0.263497062679,0.836842114596,0.336718316769
504,0.886743050575,0.243332485796,0.871052638284,0.301022795771
505,0.887397714849,0.245677438608,0.876315796846,0.320630812886
506,0.889689040603,0.246489255538,0.863157902109,0.30890359411
507,0.870376439415,0.277552468013,0.889473690014,0.287814877393
508,0.877905080537,0.262563068839,0.82894737744,0.414106610075
509,0.87954174126,0.259256478676,0.873684218055,0.290868317059
510,0.880851070688,0.257125590823,0.852631587339,0.441164464276
511,0.885106389217,0.258474925263,0.842105271589,0.382541874163
512,0.879541741651,0.256109411017,0.871052638088,0.3185020924
513,0.891325701522,0.243514526012,0.873684218055,0.28471299408
514,0.880523738148,0.25934516865,0.86842105969,0.337706067621
515,0.880851070639,0.256806003694,0.857894745312,0.355969857823
516,0.890671037296,0.241951021479,0.865789481684,0.330719327757
517,0.895581020564,0.239562290611,0.863157902893,0.386418679283
518,0.886743050404,0.248863245535,0.847368429366,0.330935223439
519,0.889361708186,0.239513775668,0.892105269589,0.298980397208
520,0.893289694956,0.2351795728,0.850000008941,0.366850197903
521,0.89230769819,0.245657226825,0.836842114204,0.399651275853
522,0.878559744787,0.257307191686,0.889473690406,0.339254805824
523,0.88772504717,0.25586896483,0.842105272177,0.359131476051
524,0.882815063975,0.254835144403,0.857894745312,0.37678206381
525,0.885761054028,0.246791743407,0.839473692602,0.354849409841
526,0.88248773146,0.251291167026,0.855263166522,0.317170067233
527,0.879541741699,0.273933725922,0.868421060474,0.349392433836
528,0.877250416018,0.263443719484,0.865789481292,0.305077933081
529,0.888379711542,0.24336529071,0.868421059298,0.32641160012
530,0.879214409501,0.263949354324,0.834210535413,0.365979894301
531,0.88674305055,0.249225945181,0.85526316613,0.365005558506
532,0.882487731557,0.248918223293,0.863157902893,0.342843895838
533,0.885761053882,0.248845952638,0.860526323318,0.362000747896
534,0.878559744982,0.262661056111,0.850000008941,0.404816407801
535,0.890016372729,0.24635968477,0.886842112008,0.320960808362
536,0.887070382919,0.25295913232,0.850000008156,0.31486467133
537,0.88052373805,0.257586732867,0.871052639265,0.318686884949
538,0.879214409379,0.256824441366,0.860526323318,0.319816703106
539,0.881833067063,0.242705013268,0.860526323711,0.346556495655
540,0.897872346074,0.229016365093,0.865789481292,0.347085659243
541,0.880523738124,0.256737727058,0.855263165737,0.380931088036
542,0.88576105398,0.249321051738,0.892105269197,0.289545301103
543,0.890343705098,0.241599100017,0.84473685136,0.487670158885
544,0.880523737977,0.252342290191,0.863157902501,0.341615000018
545,0.891325701571,0.246364300981,0.84473685136,0.376418042633
546,0.879541741553,0.258337817841,0.876315796454,0.32909629505
547,0.894926356216,0.239611988562,0.876315796846,0.3842427171
548,0.892962362977,0.237205300268,0.844736850575,0.363351736847
549,0.885433721708,0.249416225876,0.871052639265,0.311979521428
550,0.883469728226,0.246240816552,0.836842114204,0.344084662189
551,0.883469728274,0.249804705857,0.836842114596,0.509558474296
552,0.896563017232,0.232746944886,0.881578954427,0.319121167114
553,0.897217681775,0.236401624575,0.855263166522,0.383792217239
554,0.89394435945,0.244391536617,0.868421060474,0.311459568067
555,0.895908352933,0.234782199055,0.857894745312,0.359743822183
556,0.882487731801,0.25316759895,0.873684217663,0.300674896038
557,0.877905080439,0.268436161513,0.828947377832,0.372645990071
558,0.883142396003,0.256013393414,0.871052638481,0.328571630019
559,0.887725047365,0.253243225158,0.878947375244,0.296997538097
560,0.886088386129,0.248298970291,0.836842114204,0.389083571004
561,0.885761053687,0.244397497229,0.881578954427,0.306633508708
562,0.898527010666,0.241558775045,0.871052639265,0.353533682816
563,0.887070382675,0.243811677512,0.852631587731,0.348269067584
564,0.89721768175,0.233076258631,0.83947369319,0.459025425949
565,0.887725047316,0.243032495303,0.871052639265,0.333764989786
566,0.885433721513,0.254469919726,0.863157902501,0.384184685413
567,0.891980366114,0.232135893811,0.873684218055,0.314227026642
568,0.889034376109,0.239169366211,0.839473692798,0.387892556649
569,0.887070382822,0.254055989965,0.860526323711,0.327146821042
570,0.886088386032,0.258023440736,0.889473690798,0.330277212285
571,0.890671037077,0.242904512181,0.860526323318,0.367152419704
572,0.894926356216,0.236482842161,0.852631587339,0.325567889805
573,0.877577748363,0.258904822614,0.847368429758,0.349593689229
574,0.88772504717,0.248741992609,0.850000008549,0.366820087924
575,0.881178402691,0.262681860469,0.871052639265,0.359444680944
576,0.883469728226,0.247305330444,0.868421059494,0.459360714977
577,0.883797060546,0.249222080979,0.865789481684,0.323959679922
578,0.894271691917,0.244973781528,0.852631587143,0.423708994843
579,0.887397714923,0.24610217559,0.84736843015,0.374091114251
580,0.884779057409,0.258106428021,0.865789481684,0.399243230567
581,0.890343705098,0.244416177818,0.842105271001,0.385488417819
582,0.888052379392,0.242430686285,0.852631586555,0.398583145243
583,0.886088386154,0.247522546059,0.860526324103,0.396062731839
584,0.891980366187,0.23612646643,0.85789474492,0.474593954119
585,0.891980366163,0.238506789179,0.860526323515,0.347092083226
586,0.892962362928,0.246418401272,0.826315799042,0.529408441778
587,0.88445172504,0.239308804375,0.815789483292,0.589262199847
588,0.899509007212,0.235692764428,0.850000008941,0.456400642116
589,0.896563017524,0.236727479639,0.855263165737,0.435568573351
590,0.889034376109,0.243033662713,0.815789484664,0.461024230568
591,0.899181675062,0.226407490306,0.815789484272,0.487466857044
592,0.890998369641,0.240343033489,0.842105272177,0.418686477009
593,0.890998369616,0.246429769334,0.855263166522,0.406266279168
594,0.891653033745,0.23488127377,0.860526323711,0.383505760415
595,0.884779057165,0.252252112923,0.873684218055,0.40144136616
596,0.890016373021,0.251953080784,0.834210535021,0.531001399561
597,0.899181675306,0.2299606435,0.844736850968,0.486739001864
598,0.899181675062,0.232661553763,0.871052639265,0.299865930351
599,0.898527010666,0.228383000158,0.876315796454,0.299496166998
600,0.900818336225,0.224134825593,0.82894737744,0.462491572323
601,0.894271691673,0.241743831597,0.847368429758,0.319654625372
602,0.898199678418,0.226679561541,0.876315796062,0.328375748988
603,0.888379711786,0.233067758899,0.871052639265,0.308663657762
604,0.889361708503,0.243968489232,0.871052639265,0.331879939985
605,0.890998369543,0.247946904132,0.865789481292,0.380176517937
606,0.888707043887,0.247992172387,0.876315796846,0.266727385319
607,0.880523738367,0.259790788763,0.850000008156,0.336426786539
608,0.889034376304,0.238099467388,0.85789474492,0.376616747936
609,0.899836339508,0.231646898484,0.82631579865,0.43679993156
610,0.890343705049,0.238585343822,0.873684218055,0.334827254115
611,0.891325701473,0.229666014959,0.868421060082,0.428542508995
612,0.893944359523,0.237767585267,0.873684217663,0.427626158818
613,0.888052379636,0.248105906295,0.852631587731,0.47341661009
614,0.885106389388,0.24872116574,0.878947375244,0.438876595688
615,0.894599023993,0.2330922352,0.876315796846,0.366368390609
616,0.897217681702,0.233621135678,0.876315796846,0.356660932724
617,0.88674305038,0.257598095076,0.878947375244,0.282601079774
618,0.892635030657,0.246636522153,0.850000007764,0.45025031785
619,0.895908352738,0.224972347605,0.871052638481,0.329685166589
620,0.888052379466,0.238013477806,0.86842105969,0.353372922832
621,0.891325701717,0.235450132748,0.847368429366,0.446970382431
622,0.889034376207,0.242976400485,0.8657894809,0.359824967536
623,0.886088386154,0.247538935758,0.89736842717,0.43816048692
624,0.892635030559,0.230989307005,0.871052638873,0.38582189517
625,0.889689040506,0.233074152594,0.89736842717,0.279146887498
626,0.895581020564,0.241065740693,0.85789474492,0.344045466969
627,0.88608838608,0.251792411703,0.855263166522,0.364125857161
628,0.885761053882,0.241684924087,0.873684217663,0.424124086096
629,0.893289695005,0.239653720849,0.886842112008,0.330750995691
630,0.901473000621,0.230866574677,0.886842111224,0.397549033009
631,0.889361708478,0.247128119763,0.836842114204,0.461754979583
632,0.891653034037,0.235737806961,0.868421060474,0.365707513122
633,0.889689040847,0.241850365094,0.905263163541,0.272613353757
634,0.879214409062,0.255104284551,0.871052639265,0.428579970349
635,0.890671037247,0.233022776155,0.860526324103,0.481080762407
636,0.882487731362,0.25235987227,0.878947375636,0.363102381785
637,0.884124392866,0.255409115844,0.860526324103,0.406925547829
638,0.890671037223,0.240161744192,0.889473690798,0.269921897421
639,0.888707043887,0.237046521297,0.907894742332,0.267698159186
640,0.900163671974,0.228781420112,0.84736843015,0.424017838268
641,0.886088386007,0.249032411605,0.868421060474,0.325972295018
642,0.886088386007,0.246030121108,0.857894744136,0.474345522145
643,0.887725047462,0.241176400139,0.857894744528,0.352335190947
644,0.894271691868,0.249530701361,0.886842112008,0.31956957486
645,0.890343705171,0.229025265235,0.842105271393,0.417269569688
646,0.892962362733,0.235758128503,0.892105269589,0.311561461527
647,0.898199678638,0.223673493297,0.863157902893,0.321430044237
648,0.901473000572,0.224124737067,0.868421060474,0.421637331692
649,0.885106389485,0.254743922336,0.878947374852,0.297415533453
650,0.891653033769,0.23124326032,0.871052639265,0.344003280892
651,0.894926356118,0.244967493819,0.881578954427,0.336253988007
652,0.881833067112,0.237646861561,0.873684217663,0.338489713844
653,0.899509007285,0.22652904946,0.850000008941,0.387252965757
654,0.898527010714,0.235414347848,0.873684218055,0.372908251521
655,0.896890349503,0.244868327041,0.89736842717,0.405487974735
656,0.884451725016,0.245223589958,0.876315796846,0.550583358819
657,0.899181675111,0.229931445322,0.871052639265,0.468175723126
658,0.897872346415,0.233727989951,0.847368429758,0.407603664904
659,0.896890349552,0.229840023092,0.857894745312,0.403327332252
660,0.885433721757,0.244499238544,0.863157902501,0.354780413289
661,0.891980366114,0.233715159215,0.868421060474,0.522708192721
662,0.884124392769,0.245810334387,0.871052638873,0.41099098979
663,0.895253688292,0.236002315274,0.857894744528,0.513096962051
664,0.889361708186,0.249146507059,0.850000008549,0.484051244793
665,0.903764326278,0.213819109125,0.828947377832,0.386753115041
666,0.889034376012,0.237418014422,0.850000008549,0.435731289483
667,0.890016372729,0.238065476973,0.873684218055,0.431717230555
668,0.896890349503,0.229661573919,0.873684217663,0.375063850838
669,0.89263503051,0.235976183975,0.852631587339,0.405453032866
670,0.894599024042,0.237685843366,0.871052639265,0.343500334132
671,0.896235685058,0.228436570258,0.852631586947,0.424732235588
672,0.902454997485,0.224145739136,0.863157902893,0.530797778517
673,0.890671037223,0.235825821906,0.863157902501,0.395812209762
674,0.890998369543,0.231581706011,0.868421060474,0.40753277719
675,0.904746322873,0.225311554478,0.865789481684,0.315077352557
676,0.889361708332,0.239938100027,0.889473690798,0.278779361397
677,0.884451724796,0.252275314078,0.852631586555,0.356721920366
678,0.890998369397,0.242047472333,0.865789481684,0.340538449281
679,0.892635030608,0.230172244654,0.852631586947,0.390322084242
680,0.887397714898,0.237467365724,0.844736850968,0.415743325784
681,0.889689040506,0.238622594131,0.863157902893,0.376902218356
682,0.889689040457,0.24834410719,0.868421060082,0.327940644142
683,0.89950900748,0.222422679663,0.850000008941,0.364921715709
684,0.893289695175,0.2368764334,0.873684217663,0.384858561892
685,0.900163671877,0.225136459387,0.836842114204,0.473117853662
686,0.887397714849,0.24641000838,0.881578954427,0.400558141174
687,0.906055651788,0.225250265111,0.836842114204,0.609991698843
688,0.905400987245,0.221359988696,0.834210535217,0.425930214718
689,0.896563017232,0.230288413126,0.850000008156,0.353342946048
690,0.89819967837,0.235359611512,0.865789481292,0.324044054827
691,0.896235684863,0.224028781107,0.868421060082,0.382100920796
692,0.888052379392,0.249596316876,0.84736843015,0.390031149426
693,0.898527010763,0.223695923309,0.878947375636,0.417034441211
694,0.879541741821,0.257365257518,0.884210532825,0.381195589532
695,0.895253688536,0.232044449745,0.878947375244,0.335880988769
696,0.897872346415,0.222406111793,0.91052632073,0.290482264912
697,0.894599023895,0.237148807381,0.852631587339,0.343296269676
698,0.886415718157,0.241539101767,0.865789481292,0.334574042305
699,0.905728319712,0.222240043685,0.876315796062,0.329698978211
700,0.891980366211,0.240554473814,0.863157902501,0.356093621123
701,0.910965635226,0.213425359265,0.852631587731,0.429584417413
702,0.890998369543,0.238629969634,0.850000008941,0.359283450775
703,0.887725047218,0.233822141057,0.878947375636,0.347445531432
704,0.890998369543,0.227347423431,0.881578954035,0.3284773346
705,0.898527010568,0.222382010545,0.860526324103,0.348977107595
706,0.893289695175,0.234201846056,0.863157902501,0.353940532419
707,0.889034376061,0.248313382201,0.836842113616,0.42807368755
708,0.89263503051,0.243854464081,0.865789481292,0.370442610649
709,0.885106389242,0.248752068503,0.865789481684,0.340353680159
710,0.896890349552,0.227298493409,0.868421060082,0.393307412516
711,0.888379711835,0.244448335363,0.85526316613,0.374857104838
712,0.891325701668,0.233567747121,0.892105269589,0.339674054016
713,0.906710316477,0.22265103221,0.85000000796,0.405434414347
714,0.886743050599,0.2475035998,0.863157901913,0.320882231654
715,0.89787234622,0.226536905396,0.871052638481,0.358525690963
716,0.897545013973,0.226391371146,0.865789480507,0.391059016128
717,0.900491004197,0.226611056032,0.863157902109,0.457464190387
718,0.891653033696,0.232806045224,0.868421060082,0.382967716669
719,0.897217681726,0.218093022964,0.876315796846,0.314434412998
720,0.902454997436,0.220671260405,0.84736843015,0.551068289947
721,0.899509007285,0.233704821218,0.868421060474,0.471437509018
722,0.892962362733,0.234688108222,0.868421060082,0.419512743221
723,0.896890349454,0.236750292851,0.873684218055,0.356205033445
724,0.895581020856,0.229996271117,0.863157902893,0.427178125526
725,0.899181675013,0.224865414084,0.863157902501,0.408552013449
726,0.88968904075,0.243114814247,0.881578954427,0.295590929147
727,0.888052379441,0.254261065587,0.871052639265,0.353562622621
728,0.885761053833,0.245336535741,0.850000008941,0.540867600611
729,0.903109661735,0.221895062072,0.878947375636,0.366243516304
730,0.888379711664,0.243646595507,0.839473693387,0.57360260063
731,0.886415718425,0.237603773965,0.863157902893,0.320281774888
732,0.903436994055,0.21008004838,0.860526323711,0.476389594757
733,0.895253688512,0.236714089624,0.871052638873,0.438049619824
734,0.897872346147,0.233868899245,0.842105272177,0.502529218478
735,0.901473000475,0.225049657571,0.857894744528,0.3224148464
736,0.895908352884,0.239783765418,0.878947375636,0.323206076346
737,0.889034376085,0.231369639653,0.82894737744,0.381303857072
738,0.883469728226,0.244898859189,0.886842111616,0.318620973961
739,0.89525368856,0.228592764325,0.868421060474,0.372750273231
740,0.903764326131,0.216479589658,0.894736848379,0.290593120493
741,0.896563017281,0.228698125339,0.850000008941,0.483639965641
742,0.89918167516,0.227845779418,0.881578954427,0.384307102124
743,0.89721768175,0.219138085057,0.873684218055,0.485261207042
744,0.895581020661,0.232088541308,0.868421060474,0.424697863739
745,0.901800332844,0.230751951767,0.83947369319,0.35147988798
746,0.89067103732,0.24002534056,0.876315796454,0.300960308864
747,0.909328974259,0.223108843354,0.865789481684,0.476600509885
748,0.90310966193,0.215999532358,0.85789474492,0.386013066431
749,0.897872346269,0.230346507191,0.857894745312,0.432868098851
750,0.897545013876,0.228240827953,0.852631587339,0.3503699978
751,0.901145668399,0.223678273886,0.84736843015,0.404877574917
752,0.904091658549,0.217276696955,0.855263166522,0.374736872124
753,0.902454997338,0.21859028003,0.881578953839,0.482997975266
754,0.900163671828,0.22711661063,0.852631587731,0.377964447489
755,0.908674309521,0.206009648049,0.863157902501,0.398050176509
756,0.886088386398,0.244008019347,0.863157902501,0.340455122161
757,0.895908352884,0.243173696508,0.865789481292,0.381069692927
758,0.890998369299,0.237103921754,0.847368428582,0.338132539323
759,0.895253688463,0.233338670932,0.850000008156,0.340955998103
760,0.893289695102,0.229262554914,0.865789481684,0.356020468962
761,0.901800332746,0.217150016661,0.84736843015,0.55621110603
762,0.894271691819,0.228438872527,0.878947375636,0.30057786724
763,0.896563017159,0.223823430413,0.85789474492,0.493268125655
764,0.905728319663,0.206378420918,0.831578956231,0.564954305786
765,0.897545013949,0.229006643706,0.852631587339,0.395439541528
766,0.891325701571,0.233151874271,0.894736848379,0.358779245359
767,0.903109661759,0.213369670646,0.82631579865,0.458076107031
768,0.899836339556,0.220228727652,0.842105271785,0.424476421391
769,0.891653033793,0.234774448319,0.857894745312,0.406010615305
770,0.893289694858,0.235289586745,0.852631587731,0.447699012436
771,0.899509007163,0.224716823322,0.873684218055,0.38326970526
772,0.899181674965,0.214515287897,0.865789481684,0.465899737015
773,0.890016372777,0.234488312818,0.842105271001,0.546352338756
774,0.894926356313,0.227757107506,0.876315796454,0.49371487083
775,0.889034375963,0.2346117055,0.85526316613,0.346166209262
776,0.892307698361,0.23560977869,0.884210532825,0.331468371381
777,0.904091658501,0.218098149759,0.855263165737,0.389808520724
778,0.890016372851,0.231009958512,0.860526322926,0.348480876941
779,0.89721768175,0.232194354193,0.8657894809,0.369579242587
780,0.899509007383,0.227068666791,0.852631587731,0.338596729982
781,0.896235685302,0.226967505302,0.881578954427,0.369704871023
782,0.89361702713,0.223250336189,0.83947369221,0.534129257072
783,0.896890349381,0.229757703548,0.886842111616,0.395336829717
784,0.898854342888,0.221397959432,0.828947378224,0.342176212989
785,0.900818336273,0.223391670792,0.871052639265,0.485834577789
786,0.901800333039,0.216354521758,0.842105272569,0.388790525577
787,0.902127665164,0.215968453559,0.873684217663,0.409545941288
788,0.897217681677,0.229956725548,0.868421060474,0.554061345532
789,0.907037648603,0.211165413886,0.834210535021,0.562728255119
790,0.898527010666,0.225413343772,0.836842114596,0.569788945877
791,0.902127665067,0.216333532333,0.857894745312,0.492887465128
792,0.899836339703,0.219225902624,0.86842105969,0.426084296897
793,0.908019645319,0.211505561833,0.871052639265,0.378446550483
794,0.887725046999,0.238168625395,0.886842111616,0.288751089292
795,0.899836339508,0.230796562283,0.868421060474,0.608095327223
796,0.898527010861,0.226930698279,0.860526322926,0.403489806803
797,0.903436994201,0.215274560265,0.844736850183,0.613725101329
798,0.908674309472,0.203009598027,0.844736850575,0.70035336641
799,0.903436994153,0.215910448015,0.850000008549,0.458097927995
800,0.907037648456,0.204905664985,0.889473690406,0.402347920579
801,0.901473000768,0.225778532977,0.860526323711,0.515750638668
802,0.908346977445,0.213328132225,0.868421060474,0.306105559446
803,0.898199678443,0.223052994782,0.839473692994,0.56403642745
804,0.90212766514,0.226181066095,0.863157902893,0.346257449249
805,0.893289695005,0.230155033973,0.850000008941,0.409618690601
806,0.899509007236,0.231296021549,0.85526316613,0.317328885136
807,0.892635030754,0.226967321379,0.876315796846,0.391152863569
808,0.904091658549,0.210701946499,0.852631586947,0.552424684045
809,0.899836339459,0.227241763977,0.855263165737,0.342040993795
810,0.90016367173,0.221716391367,0.871052639265,0.371563802347
811,0.897872346025,0.218462731268,0.863157902501,0.444969838568
812,0.903764326229,0.219848979811,0.871052638873,0.521081693768
813,0.905073655071,0.21942858433,0.90000000596,0.325684348169
814,0.888052379587,0.233329485771,0.839473693387,0.432755814607
815,0.904418990772,0.209311439143,0.894736847791,0.277132432317
816,0.902454997436,0.22055098629,0.90000000596,0.304708476594
817,0.898527010666,0.241934072071,0.857894745312,0.444039809598
818,0.909656306335,0.220006490583,0.852631587339,0.392849835325
819,0.911620299477,0.19616170868,0.847368428974,0.611723024143
820,0.889361708064,0.23688315304,0.85789474492,0.41533057209
821,0.907037648554,0.204400738822,0.886842112008,0.398110195381
822,0.888707043935,0.229269715839,0.886842111616,0.351339822425
823,0.898199678297,0.221006829473,0.902631584751,0.36525881205
824,0.900491003953,0.212035470262,0.860526324103,0.521775241565
825,0.909656306238,0.211579421077,0.876315796846,0.378695167892
826,0.891980366114,0.237781728974,0.876315796454,0.308777715318
827,0.902454997241,0.221945123083,0.865789481684,0.482251939045
828,0.901145668691,0.220803769046,0.860526323711,0.405435542958
829,0.897217681824,0.236988028432,0.876315796454,0.447119075263
830,0.907364980533,0.210899659175,0.868421060474,0.468252779497
831,0.894271691819,0.230231060427,0.892105269589,0.434409006924
832,0.901473000816,0.211484168391,0.89736842717,0.346179067217
833,0.900818336371,0.216198298447,0.878947375244,0.506206413814
834,0.887397714898,0.235688925974,0.89736842717,0.410787335076
835,0.902127664969,0.215928371545,0.850000008549,0.438770916781
836,0.89263503051,0.232213338186,0.876315796454,0.418084426299
837,0.894926356264,0.237007993601,0.865789481684,0.605063123333
838,0.901800332698,0.217203416386,0.863157902501,0.369513730469
839,0.907037648603,0.20783035384,0.89736842717,0.326553315659
840,0.913911625328,0.202558037817,0.844736850183,0.556845639931
841,0.89394435945,0.237144785703,0.860526324103,0.514616376942
842,0.910638302955,0.209963738999,0.8657894809,0.324432779582
843,0.895908353079,0.232373410658,0.865789481684,0.421476695511
844,0.90343699425,0.225732338932,0.863157902893,0.392348308758
845,0.901145668594,0.213050301244,0.881578954427,0.396368197552
846,0.905728319614,0.210737416879,0.85526316613,0.378205096921
847,0.909001641939,0.206719743302,0.884210533217,0.3393271316
848,0.905400987343,0.210947731108,0.884210533217,0.335168032954
849,0.895908352884,0.226337676024,0.826315799434,0.505193115509
850,0.900818336078,0.219271842658,0.881578954427,0.473467894632
851,0.903436994006,0.220388325922,0.865789481292,0.519899185614
852,0.897545013973,0.217730080529,0.863157902501,0.403329172
853,0.898199678443,0.213104411386,0.881578954427,0.325303477094
854,0.909001641988,0.208369934578,0.868421060082,0.344814359163
855,0.898199678297,0.236320959086,0.865789481684,0.351998465521
856,0.897872346025,0.224523804755,0.85526316613,0.351528692669
857,0.9112929674,0.214893219853,0.85526316613,0.387125819544
858,0.900818336078,0.213441222694,0.881578954427,0.419004879933
859,0.897872346415,0.221280226882,0.873684218055,0.366733344436
860,0.894926356021,0.222453957328,0.836842114204,0.349287300947
861,0.907692312999,0.210091897342,0.876315796846,0.398626232645
862,0.892962362831,0.227784630473,0.844736850575,0.478136413573
863,0.904746322848,0.2227188995,0.871052639265,0.395329134912
864,0.902127665067,0.216952828399,0.842105272177,0.664864000243
865,0.903436994128,0.214162404894,0.842105271785,0.502982868929
866,0.906382984011,0.216905604438,0.834210535021,0.337708370991
867,0.896235684887,0.2217143885,0.886842112008,0.364028153635
868,0.913584293008,0.20031792337,0.871052638481,0.512021792851
869,0.908674309521,0.21987038794,0.850000008941,0.402184109768
870,0.906382984255,0.207577357377,0.865789481684,0.400660366633
871,0.908346977493,0.209758112936,0.863157902109,0.358285267824
872,0.909983638461,0.205648335283,0.871052638873,0.316790782071
873,0.905400987196,0.217884530224,0.900000005568,0.304871377826
874,0.905073655169,0.203353968511,0.852631587339,0.557270220944
875,0.910965635178,0.206546466397,0.863157902893,0.399576793164
876,0.901145668301,0.215533500135,0.868421060082,0.418009974831
877,0.88968904036,0.245219525197,0.850000008549,0.383358329948
878,0.89950900748,0.221395136626,0.857894744528,0.429800673852
879,0.893944359596,0.214988781191,0.84473685136,0.39445780092
880,0.895581020466,0.2275899253,0.855263166522,0.540308663746
881,0.913256960688,0.212464451795,0.852631587731,0.451892107065
882,0.897545014193,0.233125385413,0.868421060474,0.427582324706
883,0.911292967595,0.203772509821,0.884210532825,0.337242686467
884,0.908674309667,0.213772159428,0.852631587339,0.534207102446
885,0.910638302857,0.204199021487,0.865789481292,0.435177421634
886,0.897872346269,0.226747852089,0.889473690798,0.345674192529
887,0.914566289579,0.204424871279,0.881578954427,0.422674101022
888,0.908346977396,0.202821334759,0.860526324103,0.445900989491
889,0.903109661735,0.211364387685,0.881578954427,0.311627222044
890,0.905400987269,0.212930546175,0.834210535413,0.415141974636
891,0.904418990723,0.209933221606,0.886842111616,0.365676507495
892,0.890343704903,0.227212973022,0.871052639265,0.334031262734
893,0.904091658549,0.213888468294,0.863157902109,0.374717253474
894,0.884451725138,0.237628996065,0.860526323711,0.418189644135
895,0.911292967498,0.195508785064,0.842105272569,0.536565408044
896,0.906710316429,0.201919814816,0.889473690798,0.261164122292
897,0.902127665164,0.215717180287,0.839473693387,0.548673462314
898,0.900818336029,0.217802440686,0.850000008549,0.560437418269
899,0.907692313048,0.210450785689,0.865789481684,0.409765801583
900,0.903764326327,0.2136712624,0.88157895325,0.3817572268
901,0.91489362185,0.197562279289,0.868421060474,0.456735793009
902,0.902127664945,0.214235352,0.863157901717,0.422742303475
903,0.904091658549,0.214094513165,0.852631587731,0.395153745513
904,0.902127665067,0.206367691588,0.852631587731,0.380755446741
905,0.908019645076,0.206003000526,0.834210536198,0.84572187802
906,0.905073655315,0.217642921824,0.889473690798,0.325914332412
907,0.904418990674,0.223483835238,0.842105272177,0.484338864874
908,0.898199678345,0.225542886477,0.886842111616,0.324894521896
909,0.902127664969,0.218633518099,0.863157902893,0.417559247244
910,0.908674309765,0.210286609693,0.857894744528,0.544134172708
911,0.890998369592,0.227890895744,0.863157902893,0.438805326664
912,0.900818336054,0.205036276761,0.873684218055,0.323484200073
913,0.909656306287,0.20946665199,0.878947375636,0.344902517
914,0.895908352835,0.2324355185,0.842105272177,0.403354952231
915,0.911947631797,0.197230165425,0.894736847987,0.305703124025
916,0.914893621899,0.193224897151,0.876315796846,0.454368107948
917,0.900818336029,0.222186622423,0.892105269589,0.29331666696
918,0.906710316185,0.199344131828,0.826315799434,0.619192123232
919,0.907364980508,0.200754413407,0.857894745312,0.555578535229
920,0.910965635226,0.194698774576,0.831578957015,0.659511136038
921,0.898854342791,0.230000973151,0.871052639265,0.477609225985
922,0.904418990723,0.210468030049,0.850000008352,0.347420667981
923,0.904746322897,0.210932133756,0.857894745312,0.422768893003
924,0.906382984255,0.214287041802,0.857894745312,0.611345954174
925,0.909328974064,0.201225876593,0.850000008941,0.362638894495
926,0.896890349357,0.22210030672,0.878947375636,0.368616106849
927,0.887397714923,0.243113668196,0.850000008156,0.378092838102
928,0.906055651934,0.219202406543,0.857894745312,0.523255739455
929,0.910638303052,0.200214970594,0.873684218055,0.332344304355
930,0.897872346098,0.221057007778,0.876315796454,0.37378229987
931,0.898854342888,0.217970862802,0.842105272569,0.38651424053
932,0.91292962866,0.188221375152,0.860526324103,0.542259947382
933,0.907364980776,0.221659343848,0.85789474492,0.416638438396
934,0.914238957405,0.199830321467,0.839473693387,0.51648256685
935,0.897545013802,0.213761044768,0.836842113812,0.5351870854
936,0.904746322946,0.221134930276,0.847368429366,0.372779196286
937,0.896890349601,0.214603325796,0.868421060474,0.384858423778
938,0.90507365512,0.21995678516,0.839473693387,0.635301198731
939,0.907692313097,0.205675516637,0.865789481292,0.512223321686
940,0.912602296291,0.200580121686,0.842105272177,0.615392413467
941,0.906055651837,0.204366936669,0.818421062278,0.696519606728
942,0.906055651837,0.208784596845,0.847368429758,0.566569651417
943,0.909656306165,0.199871568345,0.868421060082,0.571023346927
944,0.896563017427,0.216910783847,0.844736850968,0.49413191249
945,0.912602296242,0.214206956451,0.831578956623,0.47146561991
946,0.904418990772,0.219035698726,0.855263166522,0.41685579325
947,0.9184942763,0.195216514153,0.857894745312,0.60650576035
948,0.912602296291,0.199478727221,0.892105269589,0.406130814988
949,0.904418990821,0.20976948251,0.878947375636,0.472170507467
950,0.903436994006,0.210371497815,0.855263165737,0.541968660279
951,0.905400987343,0.201077780335,0.865789481292,0.534123063296
952,0.910638302979,0.196852712407,0.860526323318,0.296033545874
953,0.910638303004,0.198883264569,0.884210532825,0.321150863577
954,0.912929628587,0.203589753116,0.868421060474,0.474464339447
955,0.915548286247,0.188770892583,0.857894744528,0.401663824328
956,0.894599024042,0.22754002168,0.865789481684,0.323729439995
957,0.903764326034,0.225986225351,0.873684218055,0.333604245786
958,0.906382984108,0.208226502296,0.863157902893,0.397350692642
959,0.901473000768,0.220897025088,0.847368429758,0.42344114056
960,0.910638303052,0.198456516311,0.884210533217,0.385539943712
961,0.90900164189,0.199518781862,0.873684217271,0.358074373899
962,0.915875618567,0.203210943446,0.863157902305,0.684127478303
963,0.909001641841,0.199090917112,0.852631587731,0.483633321398
964,0.914566289774,0.186868517054,0.878947375636,0.404314855304
965,0.902127665018,0.216139386244,0.852631587339,0.425362951515
966,0.903109661857,0.208993143549,0.842105271393,0.556817071728
967,0.903436994006,0.202050803343,0.823684221036,0.48478543603
968,0.916202950839,0.197083834555,0.839473693387,0.496803484881
969,0.902127665091,0.22034905393,0.857894744528,0.47772880179
970,0.90507365512,0.213302861266,0.871052639265,0.424050765767
971,0.904746322897,0.20837750542,0.878947375244,0.404107982599
972,0.907692312828,0.199841044331,0.85789474492,0.545032743365
973,0.913584293057,0.206683397009,0.860526322926,0.53563255264
974,0.896890349552,0.222639758144,0.852631586947,0.648017320502
975,0.901145668496,0.212000226864,0.850000008549,0.615597657097
976,0.897545014071,0.227802644296,0.860526323318,0.42820698432
977,0.909328974113,0.201402053104,0.884210533217,0.396160964183
978,0.90376432618,0.211177032972,0.84473685136,0.466548979236
979,0.904091658696,0.213785451018,0.876315796454,0.46029937438
980,0.909328974259,0.200689944493,0.834210534629,0.970733448006
981,0.905728319614,0.216709162498,0.842105272569,0.440374674449
982,0.906710316282,0.206473969998,0.834210535805,0.878755715131
983,0.903764326229,0.205930322688,0.876315796846,0.566678763125
984,0.911947631846,0.200781615616,0.897368426778,0.48424567183
985,0.911292967547,0.200161912089,0.850000008549,0.632892931599
986,0.902782329707,0.208505070331,0.876315796846,0.399110797165
987,0.915875618665,0.196027279968,0.889473690798,0.356156206558
988,0.922749595439,0.192739730764,0.863157902109,0.509190426703
989,0.906382984303,0.196477451083,0.850000008549,0.506761717556
990,0.909001641695,0.211124415625,0.857894745312,0.484723911138
991,0.913256960688,0.193794348209,0.836842114204,0.478839375298
992,0.907692313048,0.202942977311,0.865789481292,0.344476534457
993,0.91620295079,0.190445436137,0.85526316613,0.446714451291
994,0.902454997289,0.214920280956,0.852631587339,0.496819881505
995,0.908346977347,0.207287263255,0.850000008941,0.509199996323
996,0.907692312999,0.206038360472,0.842105271001,0.652206071343
997,0.916530283159,0.195856566442,0.823684220643,0.817997302692
998,0.921112934082,0.186559494387,0.863157902501,0.497235635207
999,0.914238957551,0.192966304943,0.868421060082,0.479678245593
