epoch,acc,loss,val_acc,val_loss
0,0.733224234414,0.692253964915,0.75789474892,0.683646844406
1,0.768576116443,0.635752505518,0.81842106267,0.617785244004
2,0.766284791298,0.629243019096,0.826315798258,0.563518157131
3,0.784942727457,0.600234271559,0.747368432777,0.674215522252
4,0.785270059753,0.597015977442,0.839473693387,0.52133220944
5,0.790180043264,0.574664528846,0.797368431758,0.548823627986
6,0.793780697494,0.573425814217,0.800000010745,0.597804352249
7,0.793780698202,0.558362244535,0.776315800846,0.620213630952
8,0.786906720988,0.572236406164,0.771052643265,0.709583320312
9,0.800327342388,0.546714421746,0.786842116204,0.650649680903
10,0.815384624876,0.552913799126,0.781578958231,0.617558895365
11,0.811456637936,0.539519084553,0.789473695582,0.562263973057
12,0.811783969963,0.537905739148,0.728947380656,0.699959975716
13,0.80458266099,0.553038969465,0.778947380813,0.650711338379
14,0.795090026483,0.563955517379,0.805263167541,0.60269575919
15,0.801636670864,0.567205051207,0.821052641069,0.542989752402
16,0.814075296083,0.550823776743,0.80000000996,0.59670438343
17,0.81342063193,0.537788727133,0.800000011137,0.586687276238
18,0.81440262794,0.563517933147,0.747368433954,0.658385165428
19,0.811129305835,0.54483120258,0.807894748292,0.610720159388
20,0.817348617871,0.545650388039,0.823684220643,0.5782046171
21,0.821276604885,0.548284285002,0.794736853163,0.606737019004
22,0.818657947543,0.545975177944,0.813157905089,0.614554113855
23,0.807528651483,0.558615105096,0.800000009764,0.575828663024
24,0.800327342461,0.552913318484,0.76842106369,0.668046123299
25,0.8160392892,0.540707991478,0.786842115223,0.631222570217
26,0.827823249584,0.534156016262,0.792105273981,0.58060135908
27,0.815057292361,0.54803550158,0.836842114988,0.538139591484
28,0.820294608168,0.546934601913,0.847368428974,0.553852415791
29,0.820621940196,0.535345197748,0.80789474692,0.607210338508
30,0.820621940586,0.549474836225,0.805263167541,0.604291609635
31,0.813420631199,0.538576186898,0.781578958819,0.645309014932
32,0.818003282439,0.549004221265,0.834210535217,0.545867435046
33,0.822585933971,0.530297683031,0.802631589143,0.588048308107
34,0.817021285795,0.533515884911,0.826315799826,0.556145025515
35,0.822585933752,0.540091261365,0.821052641853,0.547175571715
36,0.81505729202,0.537351323959,0.800000011137,0.613368302584
37,0.817021285478,0.539649768225,0.802631589731,0.628531035232
38,0.828150581953,0.53663116196,0.821052639892,0.566057679488
39,0.819967276312,0.5294121198,0.813157905285,0.614768794101
40,0.832733233193,0.514419805521,0.778947379244,0.592542670471
41,0.844189860963,0.5150369047,0.810526325907,0.619361923321
42,0.818003282634,0.547264409241,0.797368431954,0.586688287164
43,0.8245499276,0.516387831267,0.834210535805,0.606413441073
44,0.826513920766,0.529773376699,0.802631589927,0.595044210553
45,0.833715229861,0.509312553657,0.786842115812,0.67669349752
46,0.815384624974,0.537692832332,0.781578959211,0.631196028896
47,0.831751236281,0.519069589589,0.805263167933,0.564791655854
48,0.841243870959,0.504428276161,0.807894747508,0.588404769568
49,0.841571202889,0.502639142952,0.789473695975,0.599058677295
50,0.837315884286,0.510876967357,0.818421061494,0.569768632713
51,0.830769239295,0.516890442703,0.797368431562,0.598484488498
52,0.826841252989,0.519511109678,0.839473693387,0.563363116823
53,0.833715229568,0.510235372669,0.818421063455,0.568294283199
54,0.819312611573,0.532759344592,0.797368431954,0.584926309946
55,0.842880532219,0.499814633189,0.794736852771,0.651506043186
56,0.818330614735,0.533998714507,0.781578959211,0.623059200613
57,0.836006555761,0.514357996431,0.792105274765,0.645298234726
58,0.838625212933,0.516660217885,0.810526325907,0.572015699783
59,0.828150581855,0.522404679324,0.821052641069,0.590836841809
60,0.838952545497,0.506225897545,0.813157905481,0.617995067254
61,0.843207864149,0.503232738756,0.794736853163,0.591467269941
62,0.835024558678,0.511667405964,0.842105272177,0.549677831954
63,0.822585934069,0.516968840102,0.836842114204,0.554799952005
64,0.83535189095,0.514652487421,0.82894737744,0.527557889686
65,0.844517193235,0.499636005092,0.79736843117,0.600090071755
66,0.830114575264,0.523266463813,0.847368429758,0.525147523731
67,0.839607209796,0.503134714552,0.813157904501,0.577262931945
68,0.837643216558,0.500630510834,0.831578957015,0.578981665208
69,0.84451719321,0.490423984009,0.821052641853,0.578089248193
70,0.830114575191,0.505612372377,0.823684220643,0.561846989158
71,0.843535196347,0.501126078361,0.836842114204,0.532303098197
72,0.852373166921,0.494647474633,0.847368429758,0.525838553709
73,0.832733233168,0.500542169531,0.85789474492,0.53132602592
74,0.836333887447,0.504107600563,0.834210536198,0.547406702253
75,0.835679223148,0.503031746016,0.842105272177,0.507927873613
76,0.84124387091,0.497774178507,0.821052641461,0.541749214263
77,0.834697226383,0.510365631645,0.839473692798,0.535440980016
78,0.831751236402,0.50993868394,0.821052641853,0.564745590679
79,0.838625213348,0.503218903772,0.81578948388,0.55722774977
80,0.847463183117,0.490730331787,0.815789483488,0.538056582016
81,0.83142390396,0.514777971831,0.81578948388,0.57416875582
82,0.839934541897,0.491453872253,0.802631589927,0.578680923111
83,0.845826522467,0.488896946763,0.836842114988,0.556590870023
84,0.847790515852,0.500139020883,0.826315799042,0.528404814044
85,0.843535196396,0.501060144406,0.836842114596,0.536841786614
86,0.835679222929,0.502663825494,0.818421061886,0.559660821173
87,0.847463183142,0.495744918865,0.797368432738,0.584465618196
88,0.84844517981,0.481801613214,0.836842114204,0.524371651246
89,0.849427176892,0.484544230927,0.823684220447,0.554988455027
90,0.848445179761,0.490920705803,0.844736850968,0.549962282181
91,0.84451719321,0.498535900869,0.818421062474,0.55282410097
92,0.845499190147,0.492723360828,0.836842114596,0.579682945813
93,0.845171857802,0.496820359715,0.836842113812,0.516028426784
94,0.844844525384,0.496312044793,0.821052641461,0.544636833825
95,0.836988551624,0.508096799523,0.810526325122,0.530082557743
96,0.848117848075,0.477281944256,0.813157905089,0.579740753888
97,0.845499189781,0.495265465102,0.800000011137,0.573804273221
98,0.843535196591,0.488425466657,0.865789481684,0.489396197819
99,0.840916538736,0.498891255469,0.836842114596,0.52162388673
100,0.853027831001,0.479705795646,0.802631589535,0.609768726716
101,0.842225867359,0.491430357733,0.823684219075,0.560839427145
102,0.852700498754,0.482875793977,0.871052638481,0.466798416094
103,0.845499190195,0.490683077107,0.810526326299,0.567323874682
104,0.840589205952,0.490911273514,0.84473685136,0.52572408044
105,0.848445180151,0.486935855909,0.831578957015,0.530170991625
106,0.849754508969,0.485463328062,0.80000000996,0.555183651416
107,0.830441907536,0.513082929699,0.831578957407,0.525474985179
108,0.841243871008,0.505155832722,0.852631586947,0.544052345188
109,0.85171850211,0.475550949744,0.784210538786,0.629264634495
110,0.828477913907,0.506807576176,0.807894746528,0.556352893577
111,0.84451719304,0.498456449512,0.844736850379,0.550255156073
112,0.843535196688,0.494594068676,0.81842106267,0.565484707489
113,0.844189861012,0.494401796652,0.842105272177,0.51709786881
114,0.837970548415,0.490616345684,0.807894747312,0.563326733285
115,0.846808518721,0.505439253539,0.839473693387,0.538417051889
116,0.855319156706,0.483697710178,0.844736850968,0.561099415547
117,0.853682495715,0.479625415636,0.828947377832,0.533493379621
118,0.85040917339,0.483680567404,0.834210535021,0.530963321658
119,0.85433716016,0.476773715741,0.831578957015,0.575697277722
120,0.86677578455,0.472597403656,0.857894745312,0.525899598865
121,0.847135851041,0.494864883843,0.823684219663,0.552874671197
122,0.839934542117,0.497286631389,0.813157905089,0.574673070523
123,0.849099844328,0.491810784451,0.876315796846,0.491819879922
124,0.85073650571,0.483709269333,0.834210535021,0.5437674742
125,0.833060565391,0.498792419286,0.82894737744,0.538793092888
126,0.845826522467,0.482654781003,0.834210535021,0.511079891144
127,0.854337160062,0.482027279887,0.818421061494,0.558685782905
128,0.834697226334,0.511691510409,0.818421061494,0.548553596202
129,0.857610482314,0.480863950647,0.813157904305,0.56165383364
130,0.856955817991,0.486581377405,0.857894744528,0.557458107801
131,0.851063837787,0.485421258596,0.836842114596,0.549184252361
132,0.842880532292,0.490105514123,0.821052640676,0.582328512088
133,0.85433716016,0.482388983138,0.818421062082,0.601013906888
134,0.842225867822,0.496890990414,0.831578957015,0.528320899135
135,0.854664492407,0.477430735985,0.865789481292,0.534372342064
136,0.83927987772,0.499316884263,0.834210535805,0.546735722572
137,0.850736505661,0.484917932393,0.844736850968,0.531416284411
138,0.851391169692,0.485555051489,0.836842113224,0.536123884352
139,0.842880532316,0.490708611284,0.82631579865,0.528958281404
140,0.854991824679,0.476698029524,0.860526324103,0.5100842979
141,0.847463182995,0.496577833512,0.815789484664,0.581626024293
142,0.851063838006,0.48075677674,0.844736850968,0.539618273119
143,0.85335516298,0.483237472035,0.836842114988,0.547508656586
144,0.847790515608,0.483092931381,0.842105271589,0.528061573247
145,0.85204583404,0.482250520353,0.826315799238,0.534661815551
146,0.852373166726,0.490037849389,0.85789474492,0.504961922765
147,0.846808518794,0.484884696218,0.815789482703,0.558136245138
148,0.855973820835,0.477754466955,0.84473685136,0.519986041674
149,0.853682495617,0.47770717601,0.818421062082,0.57756593294
150,0.848772512228,0.479458072864,0.860526324103,0.507941162704
151,0.84975450914,0.487247122461,0.815789483488,0.549599040496
152,0.86579378815,0.466819593393,0.839473693387,0.513913096566
153,0.856628485914,0.483808165462,0.850000008941,0.526283494736
154,0.864484459235,0.470558971801,0.821052641069,0.57471317543
155,0.853682495495,0.476523387574,0.823684220251,0.537389867008
156,0.862847798097,0.46398859226,0.84473685136,0.571486677582
157,0.838625213055,0.499713983356,0.794736852183,0.61468951757
158,0.845499189708,0.493211326106,0.823684220643,0.539855057668
159,0.860556472489,0.467464444461,0.834210535805,0.54398401258
160,0.84811784788,0.489874902533,0.85000000796,0.505796934821
161,0.849427176746,0.490511805478,0.823684220643,0.584433355026
162,0.854009827791,0.475296728423,0.831578957015,0.586734956817
163,0.856628485939,0.472282654671,0.842105272177,0.588218772098
164,0.863175130295,0.47029996645,0.852631587339,0.509616859845
165,0.852373166677,0.471361158474,0.863157902109,0.537462228027
166,0.853027830757,0.476746231952,0.836842114204,0.539213519347
167,0.85531915717,0.475421828475,0.831578957015,0.581334167209
168,0.847790515779,0.481312285103,0.836842113812,0.521393334787
169,0.853682495398,0.483500088368,0.839473693387,0.547147763599
170,0.84451719321,0.491383542796,0.844736850968,0.560150332945
171,0.846808518623,0.486049042493,0.844736850968,0.531476175315
172,0.8517185025,0.480646431129,0.815789482507,0.580684880873
173,0.853682495495,0.479771030978,0.857894745312,0.5501986793
174,0.845171857948,0.494517527899,0.847368429366,0.560208968818
175,0.850081840875,0.487956618326,0.84473685136,0.558636646326
176,0.843862528814,0.4925370819,0.797368430974,0.623571495477
177,0.860556472294,0.474726995499,0.85526316613,0.518851183551
178,0.853355163467,0.475678606017,0.836842114596,0.54161233553
179,0.847463183264,0.487897918896,0.836842114008,0.564511055029
180,0.85139117018,0.487958920934,0.818421063062,0.552270041681
181,0.859574475772,0.476084676292,0.84473685136,0.513374627421
182,0.849754509091,0.488235776973,0.82894737744,0.532697378021
183,0.862847798048,0.469477859656,0.807894746724,0.516433834441
184,0.853682495641,0.482309203784,0.828947377832,0.54195508655
185,0.855973821127,0.468926411433,0.850000008156,0.502599819318
186,0.854009827937,0.466611737193,0.839473693779,0.514268306525
187,0.850081841362,0.47058978489,0.834210535413,0.54325432899
188,0.856955817942,0.470024804973,0.873684217271,0.508998016386
189,0.857937815024,0.470079877129,0.821052641461,0.545332679623
190,0.858265146979,0.46564279582,0.813157905481,0.541601545717
191,0.854009828035,0.483001004142,0.84736843015,0.548018983124
192,0.856955817942,0.470752433528,0.857894744136,0.497803831375
193,0.859574475772,0.468390489805,0.826315799434,0.595590039499
194,0.853682495373,0.471062988238,0.831578957015,0.545018655885
195,0.861538468572,0.470977459572,0.863157902893,0.515189146525
196,0.853355163541,0.48752726934,0.826315798061,0.566109590428
197,0.864811791238,0.466924529614,0.80789474692,0.569652986174
198,0.865793787906,0.466680065139,0.855263165345,0.494734065313
199,0.868085113343,0.460354018426,0.813157905089,0.60700712902
200,0.858265146833,0.462798370545,0.826315799434,0.51551467592
201,0.861211136739,0.464378188997,0.855263165345,0.488221451836
202,0.867430448971,0.468337223104,0.839473692798,0.536608812644
203,0.856955817893,0.468088226262,0.828947378224,0.521415997885
204,0.858265147052,0.470677810317,0.85789474492,0.468604446046
205,0.851718502378,0.48629329467,0.878947375636,0.494286055039
206,0.853682495715,0.481244450993,0.86842105969,0.491586475584
207,0.850409173853,0.485846412479,0.831578957015,0.537966221767
208,0.854009828132,0.466973774757,0.831578957407,0.535996842345
209,0.863502462372,0.467814642796,0.860526324103,0.494681095802
210,0.85859247908,0.469459974532,0.839473693387,0.517524789823
211,0.862193133603,0.455233607886,0.834210535021,0.564898271506
212,0.856301153326,0.469046650903,0.831578956623,0.559009734345
213,0.85237316697,0.475178404106,0.857894745312,0.497232573401
214,0.851063837567,0.473159986559,0.807894747116,0.559245513066
215,0.858919811424,0.480915926482,0.831578957015,0.536573864324
216,0.86972177475,0.462975867812,0.831578957407,0.5216347036
217,0.854009827937,0.478528807967,0.839473692798,0.54739365962
218,0.856301153399,0.478457531762,0.826315799826,0.586558332177
219,0.859574475626,0.461527787649,0.85789474492,0.511223555984
220,0.862847797756,0.468806925143,0.852631587731,0.514257353976
221,0.851718502354,0.474367641315,0.847368429366,0.506219364703
222,0.862520465655,0.460439182708,0.85526316613,0.526140878467
223,0.849099844401,0.481736250478,0.836842114596,0.524023673252
224,0.85499182441,0.47122400504,0.860526324103,0.523829100359
225,0.859574475675,0.458025773009,0.823684220251,0.535282440288
226,0.855973821005,0.470583538353,0.82894737744,0.51147642516
227,0.858919810863,0.471295211129,0.828947377832,0.541474180394
228,0.861865801429,0.4750241995,0.836842114596,0.545510606546
229,0.857283150164,0.469717344095,0.868421060474,0.499858621116
230,0.868739777935,0.46133154738,0.834210536198,0.520176550668
231,0.861865801282,0.469503631959,0.873684217663,0.46227702518
232,0.852373166434,0.47392319455,0.821052641461,0.544211037653
233,0.863829794741,0.465004641374,0.831578956231,0.600576055873
234,0.847790515511,0.487445981823,0.842105272569,0.528721924479
235,0.854664492114,0.470218002625,0.834210535805,0.520576011782
236,0.851063837591,0.477040825762,0.839473693387,0.534762405643
237,0.855646489002,0.47066283226,0.850000008941,0.541651499311
238,0.853027831001,0.485558099984,0.834210534629,0.539526724894
239,0.856301153496,0.460269548011,0.85526316613,0.501802357992
240,0.8693944426,0.447813012328,0.831578957015,0.549698900627
241,0.866121120617,0.462999970916,0.868421060474,0.48498859433
242,0.852045834503,0.483725352612,0.834210535413,0.517718864507
243,0.864484459137,0.459692105846,0.839473692994,0.504671006218
244,0.8589198114,0.47156662344,0.852631586947,0.528925623941
245,0.852045834503,0.464832768966,0.863157902501,0.48133061042
246,0.849427176697,0.481733007512,0.842105272177,0.512455940835
247,0.870703771345,0.457903725694,0.802631588751,0.508724964175
248,0.873649761544,0.443941557003,0.842105272569,0.546497878864
249,0.858592478982,0.466880248777,0.850000008941,0.513233735569
250,0.864484458942,0.459538563184,0.876315796062,0.504310064998
251,0.858265146808,0.468610260495,0.868421060082,0.487231152818
252,0.861538469352,0.466437437555,0.876315796454,0.458360570238
253,0.863502462518,0.455243625344,0.828947377048,0.576624416011
254,0.850409173366,0.474592043559,0.847368429758,0.529947480677
255,0.866121120227,0.452837158952,0.823684220643,0.599124760416
256,0.850736505247,0.483481227547,0.873684217663,0.494403000333
257,0.865466456171,0.464053240326,0.813157903913,0.526189575854
258,0.866775784867,0.463019515289,0.847368428974,0.541321404082
259,0.857283150164,0.475849701613,0.847368429758,0.52588100947
260,0.858592479128,0.460430387462,0.828947378224,0.582211471898
261,0.855319156682,0.46995687953,0.85789474492,0.486694160457
262,0.853355163272,0.480640787711,0.85789474492,0.507781375592
263,0.859901808093,0.466986184425,0.889473690798,0.462456329677
264,0.862193133456,0.471614131049,0.842105272177,0.518242640715
265,0.866775784965,0.455269804124,0.863157902109,0.486107448998
266,0.857610482436,0.471041963456,0.826315798258,0.508301842762
267,0.86219313353,0.456477038745,0.828947377832,0.522248334398
268,0.864157126915,0.45279821734,0.8657894809,0.489853939728
269,0.870376439366,0.454368880064,0.860526323318,0.518967924934
270,0.863829794911,0.463924106863,0.821052641069,0.556678463558
271,0.864484458991,0.462926028135,0.860526323711,0.50192850887
272,0.869721774872,0.452514013638,0.813157903717,0.503793988181
273,0.862193133578,0.463372842721,0.834210536198,0.519968697311
274,0.852373166751,0.476645133792,0.842105271785,0.520986552693
275,0.867430448947,0.455875782695,0.85789474492,0.497206904582
276,0.867430449288,0.457125798258,0.82631579865,0.531858376963
277,0.853027831172,0.472044889744,0.847368428974,0.512936722095
278,0.854009827815,0.474842093726,0.818421062278,0.54896681893
279,0.859901807849,0.468788009619,0.878947375636,0.464804732486
280,0.867103116651,0.45657706329,0.826315799434,0.57814449366
281,0.857283149872,0.470670589058,0.839473692994,0.518834226029
282,0.86219313353,0.459698070383,0.850000008941,0.509642100452
283,0.863502462591,0.456991968125,0.828947377832,0.520347171708
284,0.865466456171,0.457975728715,0.847368428582,0.515751883976
285,0.866448452571,0.469767603249,0.863157902109,0.503525234563
286,0.866775784818,0.450402729738,0.850000008549,0.568336108601
287,0.858919811229,0.477194260727,0.818421063062,0.555667991505
288,0.876923083674,0.44000869109,0.842105271393,0.526501085217
289,0.864484458967,0.457124423351,0.834210535413,0.534375179755
290,0.871031103665,0.454953654284,0.84473685136,0.510357154435
291,0.862193133603,0.467761856639,0.821052642245,0.51943021052
292,0.860556472489,0.464647174784,0.863157902501,0.497520541478
293,0.871358435888,0.4573625183,0.852631587339,0.530646606103
294,0.864811791458,0.466578090737,0.857894745312,0.503884923301
295,0.856301153155,0.476045710756,0.85789474492,0.496435330102
296,0.875941087201,0.443107729409,0.873684218055,0.50242103401
297,0.858919811351,0.457858367242,0.850000008549,0.501608499375
298,0.863829794692,0.465514932224,0.836842114596,0.53344811754
299,0.864811791238,0.451569907672,0.855263165345,0.505185737422
300,0.856301153618,0.463286551901,0.84736843015,0.48233539219
301,0.865793787882,0.456791716541,0.857894744528,0.489173727404
302,0.862193133798,0.462895248579,0.836842114204,0.506128002742
303,0.860229140071,0.465401472003,0.831578957015,0.547409745423
304,0.864484459137,0.452934904643,0.85789474492,0.489729587185
305,0.863502462494,0.456109650689,0.876315796846,0.49049393715
306,0.882160399164,0.448766549241,0.860526324103,0.528400769751
307,0.845499189781,0.486749233157,0.847368429758,0.545099418806
308,0.858919811351,0.473729047223,0.852631586947,0.535969276765
309,0.861538468621,0.455509314853,0.826315799042,0.524508159804
310,0.863175130076,0.464874522264,0.805263168718,0.565388323837
311,0.868412445664,0.458505369174,0.8657894809,0.502884375814
312,0.854664492529,0.470350263406,0.868421060474,0.480804764715
313,0.860883804614,0.459218298818,0.826315799434,0.549792126017
314,0.864484459284,0.458754886655,0.863157902109,0.513817292099
315,0.860883804712,0.476357395881,0.82894737744,0.555269274468
316,0.874959090533,0.452100661451,0.847368429366,0.491961002546
317,0.86513912368,0.453082672337,0.855263166522,0.511388139897
318,0.867430449264,0.448251890058,0.821052642245,0.589969548936
319,0.877905080439,0.443794025191,0.863157902109,0.534873745355
320,0.868739778057,0.450267449265,0.836842114596,0.524854864925
321,0.870049106948,0.452820594104,0.831578956623,0.532796835233
322,0.857610482436,0.462480865626,0.8657894809,0.522516021211
323,0.866121120105,0.45910558502,0.839473693387,0.530818509232
324,0.861211136959,0.456730821446,0.863157902501,0.478713473991
325,0.861538469109,0.464919490407,0.834210535805,0.5524051011
326,0.855973820859,0.45824687739,0.836842114596,0.55226001614
327,0.863829794716,0.460721308393,0.847368429758,0.516217698784
328,0.861865801453,0.481511860574,0.868421060474,0.508638229809
329,0.871685768013,0.452181956869,0.850000008549,0.50549213353
330,0.859247143671,0.472125260778,0.852631587339,0.508396473958
331,0.868739777764,0.462237338314,0.821052641461,0.584476212138
332,0.863502462347,0.458534558208,0.847368429758,0.575897329928
333,0.867103116992,0.459927944646,0.823684220643,0.610568046374
334,0.860556472367,0.464979173094,0.852631587339,0.585637375124
335,0.865139123802,0.461617243709,0.855263165737,0.522936653346
336,0.856955818039,0.471426920395,0.85526316613,0.509362257625
337,0.856628485719,0.466688999348,0.85000000796,0.509392855003
338,0.856955818137,0.46695216022,0.842105272569,0.518477384197
339,0.855319156633,0.453816043228,0.85526316613,0.504883997534
340,0.870376439293,0.455877269446,0.844736850575,0.529608138298
341,0.864157126841,0.46495258118,0.857894745312,0.475568238842
342,0.861211136935,0.461119992253,0.850000008549,0.51265616362
343,0.864484459235,0.455039741584,0.836842114204,0.557819913092
344,0.863829794399,0.457907407476,0.826315799042,0.530898688851
345,0.8736497613,0.450494124217,0.828947377832,0.524951042509
346,0.868085113734,0.457390732197,0.823684221036,0.524451454219
347,0.864484458772,0.45673502172,0.84736843015,0.554885626231
348,0.872667764461,0.452523022451,0.831578957015,0.510679544587
349,0.860883804566,0.46276850857,0.844736850968,0.546867128462
350,0.861211136935,0.456971523634,0.855263165737,0.486096796433
351,0.863502462542,0.452397382323,0.826315799826,0.488384181536
352,0.869721774628,0.445552458813,0.821052641461,0.529135792467
353,0.879541741602,0.454199763494,0.810526325514,0.596781671047
354,0.87332242898,0.45522868126,0.860526323711,0.48205197426
355,0.871685768013,0.44821466947,0.84736843015,0.4872982551
356,0.874959090581,0.441712746936,0.815789484664,0.549729288801
357,0.855319156779,0.480004203154,0.873684218055,0.485298805331
358,0.860883804322,0.468969371383,0.85526316613,0.508967502729
359,0.865793787955,0.455115363368,0.831578957015,0.535683655229
360,0.869721774506,0.456790490914,0.852631587339,0.489937610336
361,0.865466455708,0.461873235538,0.863157902893,0.500160275321
362,0.871358435985,0.453255393477,0.863157901717,0.48168518355
363,0.870049107045,0.452998831673,0.839473692994,0.505491094958
364,0.865139123583,0.451657114267,0.844736850575,0.499814256241
365,0.86841244581,0.44510666631,0.873684217663,0.4921503716
366,0.86284779778,0.459620015687,0.844736850968,0.501082931498
367,0.8726677649,0.443134631955,0.855263166522,0.533801894635
368,0.857937814537,0.4640138309,0.85526316613,0.488425676172
369,0.866448452108,0.466079977013,0.871052639265,0.491854522769
370,0.858919811107,0.467411918843,0.857894745312,0.520505102645
371,0.867757781413,0.456769777154,0.826315799042,0.550502781217
372,0.868085113587,0.456928419111,0.855263166522,0.505178285469
373,0.863175130466,0.462460159573,0.839473692994,0.543761079641
374,0.861538469109,0.473431137087,0.842105271393,0.498175925526
375,0.857937814512,0.457441112414,0.886842112008,0.481760856941
376,0.852373166507,0.472147973806,0.831578957015,0.536818536685
377,0.864484459137,0.457521741743,0.84736843015,0.490824669796
378,0.869394442405,0.454861903615,0.876315796846,0.452864051257
379,0.85859247925,0.462541777671,0.873684217271,0.465803452424
380,0.856955818234,0.467354813057,0.823684220643,0.539641560496
381,0.865793788101,0.451472385328,0.842105272569,0.517671931143
382,0.858265146589,0.461364985902,0.857894745312,0.483707678357
383,0.864484459113,0.455545739266,0.828947377636,0.523983851663
384,0.861538469279,0.455456471507,0.839473693779,0.501689626394
385,0.873322429419,0.439298426607,0.828947378224,0.530636635658
386,0.862847797975,0.452903504019,0.844736850575,0.515076784123
387,0.866121120105,0.454016625832,0.836842114596,0.555509113364
388,0.872995097074,0.447410990608,0.873684218055,0.450009947545
389,0.872340432946,0.447640508047,0.813157905089,0.560992175223
390,0.869067110329,0.455499295103,0.876315796846,0.495971546557
391,0.86873977835,0.451877286655,0.828947377832,0.552589195143
392,0.860556472392,0.450843166895,0.842105272569,0.519964653803
393,0.867103117041,0.452001025458,0.839473693779,0.580520364799
394,0.863502461933,0.459530584307,0.826315799042,0.583533506252
395,0.874631758115,0.450205558012,0.828947378617,0.550903587357
396,0.857937814561,0.461641116662,0.878947375244,0.472946718923
397,0.869394442624,0.441973743043,0.852631587731,0.539172578015
398,0.873649761544,0.456185206649,0.850000008156,0.52141554536
399,0.879541741553,0.436441810305,0.860526323711,0.541681898072
400,0.872995096904,0.445522701755,0.852631587731,0.520686618003
401,0.86775778173,0.449446142134,0.865789481292,0.542324406732
402,0.86317513032,0.452291081999,0.850000008549,0.506357335731
403,0.86677578455,0.447735915622,0.842105270412,0.50206355927
404,0.870376439171,0.44702837676,0.839473692994,0.515135629005
405,0.867103117187,0.466972206087,0.831578956035,0.568075087118
406,0.868739778033,0.452933013634,0.886842112008,0.466992720569
407,0.850081841216,0.476459722399,0.868421060474,0.48844577823
408,0.86710311687,0.447105081816,0.884210533217,0.469439065574
409,0.878559744787,0.440566687752,0.839473693387,0.534488365838
410,0.871685768159,0.455006634472,0.868421060082,0.516385453312
411,0.872340432629,0.43860387807,0.828947378224,0.514829278188
412,0.865139123534,0.455584133144,0.842105271785,0.521219065511
413,0.868412445834,0.451156590603,0.84473685136,0.551720621162
414,0.852700498705,0.468580611672,0.842105272177,0.564326177106
415,0.873322429468,0.449142473931,0.84736843015,0.547209087367
416,0.875613754954,0.447004585897,0.878947375636,0.45829392499
417,0.856628485719,0.46981975007,0.855263165737,0.500492764735
418,0.87168576811,0.451255516584,0.85789474492,0.484027300618
419,0.871685767866,0.440455520236,0.881578953643,0.453103103136
420,0.863829794692,0.456523546586,0.876315796454,0.473939297819
421,0.86415712689,0.45466136647,0.847368428974,0.527007174923
422,0.872340432751,0.448851122769,0.863157902893,0.471732804454
423,0.856955817917,0.468716153195,0.850000008156,0.499862482281
424,0.867430449117,0.454586216183,0.863157902501,0.459379256948
425,0.869721774774,0.439714327625,0.847368429758,0.531312030985
426,0.874631758042,0.447232503572,0.884210533217,0.499162312205
427,0.867757781633,0.451963099881,0.852631587731,0.523184001642
428,0.868412446127,0.456757163699,0.876315796062,0.475964163871
429,0.879869073873,0.442672061988,0.884210532433,0.426902318275
430,0.883797060278,0.439760354849,0.860526323318,0.5629796723
431,0.869394442649,0.45626353859,0.871052639265,0.49659386336
432,0.862847797707,0.46025069336,0.84473685136,0.575503502237
433,0.864484459089,0.451571863187,0.863157902501,0.480647348652
434,0.847135851163,0.482231860173,0.826315799042,0.526400248275
435,0.864811791336,0.453798473223,0.797368432346,0.582717842569
436,0.857937814195,0.463481115339,0.852631587731,0.543877721225
437,0.867757781608,0.461905023958,0.834210535805,0.510863875088
438,0.864157126598,0.450201473679,0.881578953643,0.469009741749
439,0.865466455976,0.447376270512,0.876315796454,0.483486533165
440,0.879541741797,0.432732738396,0.871052638873,0.48313031875
441,0.8599018078,0.464512065541,0.844736850968,0.494225379864
442,0.863175130076,0.455293393272,0.857894744528,0.529749830302
443,0.869721774823,0.453286600923,0.871052639265,0.510324723626
444,0.86382979457,0.45484719173,0.815789484272,0.526676490511
445,0.8661211203,0.44864144892,0.847368429758,0.493638019225
446,0.856628485524,0.466462429119,0.871052638873,0.462162852679
447,0.882487731606,0.432044198026,0.847368429366,0.531268629785
448,0.884779057238,0.428331197649,0.842105272177,0.504662580592
449,0.858919811327,0.459739084866,0.836842114204,0.52893413819
450,0.87168576811,0.439307666742,0.850000008549,0.533757538584
451,0.871358435936,0.453009410741,0.860526324103,0.486901344829
452,0.862847798146,0.456951825811,0.863157902893,0.505012023018
453,0.869394442746,0.449479202202,0.850000007764,0.483916702827
454,0.862520465777,0.457150460363,0.842105271785,0.52507645578
455,0.876923083527,0.448599462155,0.828947377832,0.517074699072
456,0.85891981118,0.464236756198,0.871052638873,0.468211762019
457,0.876923083966,0.440904300166,0.842105271785,0.565784704136
458,0.872013100357,0.447356557178,0.826315797865,0.513081756469
459,0.871685768208,0.457167411129,0.852631587731,0.534641157248
460,0.864484459064,0.44949014202,0.871052638873,0.478415919566
461,0.865793787955,0.4543129483,0.842105272569,0.483364799109
462,0.860883804517,0.466764626473,0.84736843015,0.484402209128
463,0.861865801429,0.451578136381,0.823684219859,0.520533458771
464,0.868085113831,0.458100092879,0.831578955839,0.506819104286
465,0.879541741797,0.436048949628,0.839473692994,0.502801315369
466,0.868412445908,0.455270529354,0.844736850968,0.487167511527
467,0.860229140266,0.451729961849,0.823684220251,0.506596371728
468,0.87495909024,0.436332525896,0.828947378224,0.50050200816
469,0.869394442649,0.447455154503,0.850000008156,0.492420872379
470,0.866448452376,0.453432493778,0.863157902893,0.494976639552
471,0.871031103689,0.451038762537,0.844736850968,0.509017454362
472,0.878232412687,0.439906325868,0.868421060474,0.490464988116
473,0.862520465874,0.450554193944,0.85526316613,0.481593530429
474,0.862520465679,0.460486664002,0.847368429758,0.49134390115
475,0.876595751427,0.441003818534,0.828947377636,0.513663632305
476,0.871031103909,0.441039013565,0.850000008941,0.489969786845
477,0.85400982762,0.472812581277,0.876315796454,0.483396267616
478,0.867757781316,0.454281623815,0.860526324103,0.492412857319
479,0.863502462494,0.464352163668,0.868421060082,0.469057280374
480,0.869721774725,0.440239224272,0.85789474492,0.537567261018
481,0.8661211203,0.455020676878,0.868421060082,0.504586858773
482,0.867103117139,0.454431920488,0.850000008941,0.488208145099
483,0.876595751646,0.444724982748,0.839473693779,0.493488253535
484,0.872340432873,0.440322699894,0.855263166522,0.494777883746
485,0.87103110347,0.444843588406,0.850000008156,0.522198978812
486,0.866448452303,0.454201402719,0.831578957407,0.51530994867
487,0.878887077303,0.447821893127,0.807894747508,0.540266905176
488,0.879869073727,0.428841692458,0.852631587339,0.46906003356
489,0.869394442356,0.438697928883,0.865789481684,0.49179089285
490,0.871685768013,0.44427067017,0.834210535805,0.501924323604
491,0.864484459015,0.461767327327,0.863157902893,0.470402867778
492,0.861538469157,0.450989198421,0.821052641461,0.518185821999
493,0.874959090313,0.435695097143,0.871052638873,0.472393693893
494,0.859247143232,0.469579531255,0.878947375636,0.48478257813
495,0.873322429273,0.448700613018,0.844736850968,0.52285355506
496,0.879869073898,0.435660534863,0.860526323318,0.528108057419
497,0.87299509705,0.446896699759,0.823684220643,0.510203004472
498,0.863829794546,0.451389104518,0.860526322926,0.518062958396
499,0.873322428931,0.440658747979,0.871052638481,0.470011541914
500,0.867103117139,0.462402955624,0.839473692602,0.497241990935
501,0.8671031167,0.438755222945,0.871052638873,0.467807436656
502,0.87332242937,0.446681634957,0.834210535805,0.538382952543
503,0.855646489075,0.452014184939,0.852631587731,0.505216433225
504,0.872013100235,0.435946045038,0.863157902893,0.512063439543
505,0.873649761398,0.445632119884,0.842105272177,0.47444106109
506,0.873322429273,0.446360521128,0.863157901717,0.464381472257
507,0.855646489148,0.471050692609,0.863157902893,0.499634519415
508,0.867430449166,0.4578827532,0.834210535805,0.559070821263
509,0.858592478909,0.453571144424,0.852631586947,0.495557543086
510,0.863502462396,0.454636844329,0.850000008549,0.498090094249
511,0.872013100162,0.451829228532,0.865789481292,0.49602419981
512,0.869067110524,0.451552811406,0.85526316613,0.49568185818
513,0.87004910685,0.450552743507,0.834210535217,0.51305885162
514,0.866775784599,0.456206072957,0.847368429562,0.500687279591
515,0.87103110364,0.447761988947,0.863157902893,0.473504015882
516,0.87495909063,0.444432359817,0.871052638481,0.499639425427
517,0.868412445932,0.443360110595,0.860526323711,0.50973761317
518,0.875941086859,0.443370826969,0.863157902109,0.488530921701
519,0.873649761447,0.440278871823,0.876315796846,0.512762251261
520,0.877577748168,0.436533980815,0.839473693779,0.520498656913
521,0.871358435936,0.445036450282,0.847368429366,0.513313677946
522,0.869394442698,0.450337732385,0.863157902109,0.500479879544
523,0.869394442551,0.451996334641,0.860526323711,0.485322279169
524,0.866448452596,0.455394652515,0.855263165737,0.515508849762
525,0.865793787687,0.444439871758,0.852631587339,0.510371603072
526,0.865139123339,0.44999766979,0.863157902893,0.523945615676
527,0.870703771467,0.460611135475,0.836842114596,0.545714377181
528,0.863502462469,0.467225192246,0.850000008941,0.497584006504
529,0.879541741407,0.439556807597,0.834210534825,0.517895380133
530,0.864484459015,0.458818881777,0.85000000698,0.517196817422
531,0.871031103616,0.448876918313,0.852631587339,0.470180525984
532,0.866448452596,0.452029264329,0.873684217663,0.449037020732
533,0.867757781633,0.448688576025,0.815789483488,0.561885407685
534,0.863502462396,0.456138939153,0.878947375636,0.464092560112
535,0.867430449191,0.453601770237,0.863157902501,0.47746079121
536,0.864484459113,0.457155310191,0.818421062474,0.504496229126
537,0.864157127085,0.462009091107,0.850000008156,0.482641915154
538,0.863175130368,0.456901718571,0.82631579865,0.502772608674
539,0.871031103762,0.437462017818,0.850000007372,0.509847494136
540,0.878232412418,0.435259229569,0.831578957015,0.536390740424
541,0.86382979457,0.458467777081,0.834210535805,0.499811247971
542,0.869394442551,0.453837460367,0.881578954427,0.46149848676
543,0.872013100528,0.442012804156,0.847368429758,0.477025711027
544,0.868085113685,0.446182641504,0.831578957015,0.520650163097
545,0.869721774457,0.449518232684,0.844736850968,0.51949858038
546,0.861538469157,0.456995601398,0.863157902893,0.480168830407
547,0.877250415896,0.442068577983,0.881578954427,0.480507705753
548,0.874959090142,0.44454429873,0.842105271393,0.549122319018
549,0.865793788321,0.447699859324,0.842105272177,0.501508372199
550,0.864484459308,0.444805993289,0.82894737744,0.509087051216
551,0.877905080439,0.443986823779,0.852631587339,0.491161816018
552,0.873322429078,0.437790263597,0.886842112008,0.453663306801
553,0.881505734938,0.441097835716,0.818421063062,0.536972276474
554,0.880851070273,0.443160021095,0.871052639265,0.47537026221
555,0.873649761593,0.430520355945,0.857894745312,0.474729194649
556,0.869394442673,0.450600246434,0.844736850575,0.471275686041
557,0.865139123656,0.466558210149,0.807894746724,0.533109800792
558,0.868412445737,0.450097610269,0.868421060082,0.466959877038
559,0.870376439219,0.445923196191,0.876315796454,0.485713892665
560,0.86906711028,0.447745980491,0.847368429758,0.505500815809
561,0.862193133603,0.449457302055,0.850000008941,0.486374325658
562,0.880523738197,0.438607096721,0.863157902501,0.463463947569
563,0.868085113612,0.447011222694,0.863157901717,0.488406571315
564,0.872013100431,0.437626437962,0.844736850968,0.526049040062
565,0.87299509705,0.439344369131,0.85526316613,0.471210901282
566,0.866121120275,0.444411617693,0.813157904697,0.522529555583
567,0.879541741651,0.440210149326,0.852631587339,0.490972463042
568,0.870376439171,0.438892038676,0.844736850968,0.52294090998
569,0.862193133237,0.463713122565,0.836842114596,0.546824187236
570,0.860883804444,0.460048342566,0.871052639265,0.48226067914
571,0.877905080342,0.447436583681,0.839473693779,0.521285302349
572,0.866448452376,0.446986846955,0.834210535805,0.512471326088
573,0.861211136935,0.46261143421,0.852631586947,0.490403015363
574,0.86415712711,0.457373840402,0.865789481684,0.496886322373
575,0.86284779778,0.453875635801,0.836842114204,0.554930328931
576,0.862193133432,0.44848495556,0.839473693779,0.537088189862
577,0.869721774945,0.447682647848,0.857894745312,0.494812931081
578,0.870049106997,0.454492757539,0.836842114596,0.515708292982
579,0.868739778033,0.451900306437,0.834210535413,0.536990551768
580,0.870703771637,0.451683700109,0.828947377832,0.530935266496
581,0.87135843579,0.446050996574,0.823684220055,0.548520202699
582,0.87234043258,0.448595450572,0.844736850968,0.489255936914
583,0.866121120373,0.450723639682,0.855263166522,0.522318776893
584,0.869067110304,0.446845433228,0.850000008549,0.521576631814
585,0.873977093791,0.437243610035,0.871052639265,0.492170361704
586,0.868412445859,0.440338713301,0.7868421164,0.644728765676
587,0.862193133652,0.449187478877,0.831578957015,0.512393208711
588,0.883797060546,0.439548960904,0.865789481292,0.520389251215
589,0.870376439463,0.444940252678,0.823684219859,0.533517485779
590,0.871685768061,0.440838613433,0.823684220643,0.547670783573
591,0.87332242937,0.439298529233,0.821052641853,0.534862110685
592,0.869394442478,0.446599918355,0.842105271785,0.501390160699
593,0.872995097099,0.442501649114,0.855263166522,0.499631810149
594,0.869721774213,0.444680477003,0.84736843015,0.542349287554
595,0.872667764583,0.443007104501,0.860526323711,0.460440340403
596,0.874959090533,0.450344783463,0.860526323711,0.476774954678
597,0.883142396027,0.428361601798,0.873684217663,0.4763954372
598,0.876923083918,0.439866892664,0.876315795669,0.482577995054
599,0.879541741504,0.439681189418,0.834210536198,0.523794671619
600,0.873649761642,0.439146004581,0.857894744528,0.489404405614
601,0.879214409477,0.433683225083,0.83684211342,0.488503587089
602,0.874959090215,0.439460716837,0.860526324103,0.47778498401
603,0.867430448995,0.441072647364,0.89736842717,0.462170041509
604,0.882815063902,0.443655316085,0.881578954427,0.491252819174
605,0.871358435814,0.445814143811,0.892105269197,0.431329222102
606,0.872340432604,0.448018090839,0.844736850183,0.46857827098
607,0.861211137105,0.469752417771,0.823684220643,0.54820086062
608,0.870049106802,0.443407082128,0.89736842717,0.460024896029
609,0.883469728079,0.429969964924,0.839473692994,0.547157613855
610,0.871358436131,0.441927159306,0.860526323711,0.486544232423
611,0.880196405828,0.43137265976,0.847368428974,0.486658370024
612,0.876923083747,0.444615493551,0.855263165737,0.579385577456
613,0.868085113807,0.447678675457,0.868421060474,0.489023029412
614,0.86579378776,0.448673679717,0.839473693387,0.502631948575
615,0.878232412662,0.441324134017,0.863157902893,0.458328150017
616,0.872340432483,0.442074439481,0.844736850968,0.484370481027
617,0.8765957515,0.454380942274,0.881578954427,0.471718662467
618,0.87332242937,0.441287791792,0.836842113027,0.492295538909
619,0.872667764827,0.439415343776,0.85789474492,0.491185689835
620,0.8726677649,0.437991787949,0.850000008941,0.51838405097
621,0.872013100479,0.442065178372,0.818421063062,0.498284278732
622,0.873322429224,0.449957575521,0.881578954035,0.46344285223
623,0.872667764827,0.449860994632,0.860526323318,0.484358666171
624,0.871685768013,0.442372592401,0.884210533217,0.464139029972
625,0.876268419033,0.430690580738,0.876315796454,0.481209713966
626,0.87168576811,0.448139622442,0.865789481292,0.483530874707
627,0.873977093718,0.445724791279,0.857894745312,0.501777000137
628,0.874959090435,0.447011514986,0.850000007764,0.467970971214
629,0.88248773146,0.436980824716,0.889473690798,0.446113682303
630,0.880523738148,0.433747887221,0.850000008156,0.521650365701
631,0.86252046585,0.44733296903,0.860526324103,0.487003865211
632,0.867103116992,0.458339087946,0.860526324103,0.46842454217
633,0.87103110386,0.445944864138,0.892105269589,0.465133576017
634,0.855646488734,0.473767975909,0.850000008156,0.52243770659
635,0.866121120202,0.446450710736,0.860526323711,0.494748379251
636,0.866775784526,0.454604823661,0.823684221036,0.521146644691
637,0.862520465972,0.456229627669,0.860526323318,0.482944127172
638,0.873977093499,0.436760467052,0.871052638481,0.455080871519
639,0.870703771686,0.440546839966,0.860526323318,0.50387256318
640,0.87626841918,0.433723046522,0.860526324103,0.4965514574
641,0.865466455976,0.456960829429,0.847368429366,0.500794601872
642,0.871031103592,0.440978794363,0.84473685136,0.493779151259
643,0.871031104031,0.446041064328,0.876315796846,0.457095058537
644,0.871358436034,0.450957783286,0.844736850968,0.490499277256
645,0.869067110377,0.440902844535,0.836842114204,0.498351720211
646,0.874304425965,0.446287017431,0.855263166522,0.472401390146
647,0.885106389534,0.429653685363,0.847368429758,0.488896479732
648,0.889361708137,0.421174304892,0.836842114204,0.505763868556
649,0.870049106899,0.451174855135,0.850000008941,0.482765477739
650,0.87823241254,0.428507240187,0.85789474492,0.457258710932
651,0.871031103884,0.448306047097,0.868421060474,0.485170932781
652,0.872340432848,0.444702582108,0.852631587339,0.493576126467
653,0.878232412662,0.444217091984,0.865789481684,0.469512415168
654,0.872667764852,0.438320276853,0.873684218055,0.45941211793
655,0.874631758115,0.449744190551,0.860526324103,0.496090508409
656,0.864811791384,0.44918792996,0.852631587339,0.478794212404
657,0.882815063731,0.430305857925,0.852631587731,0.547488436299
658,0.876923083796,0.442885278168,0.85526316613,0.485308106793
659,0.875613754783,0.442133057259,0.876315796846,0.493783097714
660,0.870049107289,0.447304007391,0.865789481684,0.492633332743
661,0.873322429175,0.446006282896,0.847368429758,0.508913235641
662,0.864484459235,0.457428681333,0.860526323711,0.504463597152
663,0.868412445712,0.442985976411,0.826315799042,0.520014834051
664,0.869067110572,0.450155703994,0.823684220251,0.520516002257
665,0.884451724918,0.421708291393,0.836842114988,0.496707006897
666,0.868085113758,0.45436483107,0.868421060474,0.489376383981
667,0.869394442844,0.440893136733,0.831578957015,0.536372108091
668,0.879541741358,0.430259132468,0.871052638481,0.472137185892
669,0.874959090337,0.442393793875,0.836842114204,0.50557958119
670,0.875941086908,0.445400713777,0.836842114596,0.501345781904
671,0.883797060546,0.433961647159,0.868421060082,0.468003117921
672,0.876268419277,0.438993982837,0.844736850575,0.555628837135
673,0.863502462103,0.450685101718,0.860526323318,0.496992491186
674,0.87168576811,0.452080899657,0.860526324103,0.474949493808
675,0.878559744641,0.433107035884,0.868421060082,0.460752735601
676,0.879214409574,0.43993299102,0.871052639265,0.522856697636
677,0.859247143501,0.469768661378,0.865789481292,0.478720583022
678,0.871358435912,0.457472385708,0.876315796846,0.445509780983
679,0.872667764876,0.446112290098,0.839473693387,0.539680364493
680,0.868412445834,0.435890874281,0.839473692994,0.478956100188
681,0.869067110304,0.446510281895,0.85526316613,0.533069186109
682,0.872995097099,0.444962311445,0.873684217663,0.443505719108
683,0.882160399432,0.431297502375,0.852631586947,0.479825877045
684,0.872340432897,0.442353934245,0.85789474492,0.472628733437
685,0.873977093474,0.443799307957,0.834210535805,0.531764790808
686,0.872013100211,0.449440771107,0.855263166522,0.509561328708
687,0.879869073824,0.432056374836,0.826315798454,0.505119666653
688,0.886088386154,0.428139810062,0.871052638873,0.468750938969
689,0.874631758017,0.431387678691,0.815789484272,0.56441156625
690,0.875286422511,0.442303631485,0.850000008352,0.480448776366
691,0.870049106948,0.442630729289,0.84473685136,0.491446278989
692,0.866775784745,0.449247507192,0.847368429758,0.474045670346
693,0.876268419423,0.435223492,0.878947375636,0.498827147249
694,0.862193133432,0.463315740301,0.852631586555,0.503312013455
695,0.873977093596,0.439429879018,0.85789474492,0.45113718196
696,0.878232412906,0.433602157962,0.865789481684,0.526450740468
697,0.873977093523,0.449477427622,0.836842114204,0.527726994729
698,0.870703771369,0.445625456724,0.857894744528,0.496279517875
699,0.876923083625,0.440421648604,0.871052638873,0.47882811784
700,0.86546645622,0.449284837625,0.850000008549,0.511426343141
701,0.878559744763,0.428791119844,0.836842114988,0.511519496182
702,0.867430449556,0.45324543216,0.865789481292,0.489082473869
703,0.859574475504,0.444354698355,0.865789481292,0.505109796987
704,0.881833067112,0.430475385021,0.850000008352,0.483140943278
705,0.874959090191,0.439089805351,0.863157902501,0.473991982639
706,0.867757781535,0.452337417977,0.821052641657,0.50585025098
707,0.857283150433,0.460102567745,0.834210535021,0.527138927853
708,0.869067110304,0.446869210604,0.876315796846,0.458345217532
709,0.856628485402,0.458963108433,0.855263165737,0.476858582936
710,0.877905080635,0.431580243495,0.821052641853,0.553357709003
711,0.864811791189,0.462623801759,0.868421060474,0.473144817117
712,0.873649761593,0.438868922634,0.828947377832,0.521236063814
713,0.870703771296,0.44247029034,0.842105271785,0.495451088014
714,0.866775784379,0.448635711607,0.836842114596,0.516398176747
715,0.87299509705,0.437603778296,0.873684217663,0.488196879625
716,0.878559744982,0.436703190281,0.857894745312,0.480179477875
717,0.872995097245,0.438411220981,0.818421061886,0.502456115853
718,0.876268419228,0.443189141232,0.842105272177,0.514214739792
719,0.882160399164,0.42587633509,0.850000008156,0.478983941439
720,0.880196406096,0.433701839609,0.884210532433,0.466769271971
721,0.867757781291,0.443363782329,0.852631587731,0.507173972891
722,0.877577748217,0.443887081113,0.85789474492,0.48982350293
723,0.873322429321,0.444083318773,0.857894744528,0.489193982984
724,0.870703771637,0.441192912855,0.847368429758,0.501456854571
725,0.872340432556,0.434348533421,0.852631587731,0.503890751812
726,0.869394442746,0.44869520514,0.826315799042,0.524298411255
727,0.866775784818,0.469369623694,0.834210535413,0.506776091692
728,0.870703771271,0.449819827504,0.860526323711,0.497003990373
729,0.87430442577,0.446970237818,0.876315796846,0.462279046445
730,0.866448452522,0.452349289349,0.823684220251,0.520125459488
731,0.863829794594,0.449019433385,0.871052639265,0.482901409464
732,0.881505734889,0.433107766285,0.868421060082,0.462521466574
733,0.871685768305,0.45238760938,0.852631587339,0.495479119059
734,0.865139123632,0.450521761433,0.826315798846,0.514957222695
735,0.87234043258,0.446198609671,0.847368429758,0.490389668628
736,0.863829794814,0.456884730345,0.860526323711,0.466213195536
737,0.865466456025,0.44545878826,0.844736850968,0.489191603504
738,0.86382979457,0.452201055378,0.863157902501,0.506139598395
739,0.876923083771,0.437849383966,0.863157902893,0.463111478443
740,0.876923083722,0.437612167064,0.865789481684,0.478021828556
741,0.870703771345,0.449562694432,0.860526323318,0.506571181511
742,0.86808511366,0.445470271836,0.85789474492,0.477734205754
743,0.871358435668,0.436563852083,0.863157902109,0.53310601923
744,0.872995097001,0.441565783856,0.871052638677,0.492040383188
745,0.870703771052,0.45340021718,0.831578956623,0.494187830506
746,0.865466455781,0.452839772654,0.850000008352,0.5231820441
747,0.881833067161,0.436489316109,0.855263166522,0.485183967964
748,0.879541741602,0.434987214091,0.847368429758,0.497655612662
749,0.878887077351,0.435933206285,0.8657894809,0.480551322824
750,0.869721774872,0.44135049183,0.876315796846,0.450622275472
751,0.879869073703,0.431133868432,0.860526324103,0.481808274396
752,0.874304425843,0.440966186371,0.855263165737,0.530747609115
753,0.885106389388,0.43450443532,0.855263166522,0.502399375172
754,0.880196406047,0.439506139283,0.844736850968,0.500758740071
755,0.880523738197,0.418915941287,0.839473693779,0.510696804445
756,0.864157127061,0.456085130085,0.842105271001,0.498286073929
757,0.863829794863,0.456780096318,0.842105271785,0.492505788607
758,0.873322429126,0.444902328491,0.815789483488,0.528363039619
759,0.876268419204,0.43709075607,0.860526323711,0.499735619089
760,0.871685767964,0.450122156334,0.844736850968,0.520353833311
761,0.874304425843,0.433520823181,0.850000008941,0.507053175451
762,0.872667764535,0.444998387595,0.834210535805,0.49666967439
763,0.873977093572,0.441947868213,0.823684220055,0.537447209813
764,0.881505735036,0.422631452156,0.84736843015,0.464516719705
765,0.868412445761,0.438341914217,0.865789481292,0.471778768654
766,0.874631758066,0.437337976553,0.842105271785,0.541085330671
767,0.883469728445,0.430352527898,0.821052641461,0.558278917286
768,0.876923083601,0.44071664099,0.855263166522,0.508263338357
769,0.866448452083,0.462168813679,0.865789481292,0.492566805333
770,0.863175129881,0.455787052817,0.850000008549,0.497069230597
771,0.876595751524,0.442209437099,0.852631587731,0.498363776623
772,0.872340432751,0.443672926453,0.852631586947,0.505037058145
773,0.871031103567,0.456039457416,0.852631586947,0.451984617663
774,0.864811791482,0.458784924665,0.839473692994,0.501207427955
775,0.874631757895,0.439675054578,0.89736842717,0.455572179666
776,0.862520465557,0.452113583538,0.852631587731,0.494694095301
777,0.873977093864,0.432501288146,0.865789480115,0.503967193004
778,0.867757781389,0.458611069281,0.850000007764,0.505317722496
779,0.862520466021,0.452443868897,0.855263166522,0.484943378325
780,0.873977093816,0.441497141523,0.85789474492,0.504004591586
781,0.875941087347,0.441691031237,0.863157902893,0.501836597331
782,0.878232412565,0.430072127261,0.915789478311,0.399813652431
783,0.865793788053,0.450564913391,0.873684217663,0.446590100268
784,0.873649761764,0.435976039661,0.84736842917,0.498767329086
785,0.88412439272,0.431852523634,0.865789481684,0.5103910634
786,0.873977093596,0.436394079422,0.847368429366,0.503107229738
787,0.866448452547,0.441080634654,0.839473692602,0.498021649295
788,0.876595751427,0.440800857866,0.844736850575,0.495291032485
789,0.873322429517,0.438053259093,0.842105272569,0.490311496548
790,0.87463175831,0.44219168828,0.852631587731,0.512562509626
791,0.877905080586,0.439020315237,0.84473685136,0.497498404627
792,0.871358435936,0.439604029913,0.881578954035,0.46528028285
793,0.87626841957,0.430388512447,0.836842114204,0.481173202199
794,0.869721774554,0.451318082828,0.844736850575,0.526670496127
795,0.872340432556,0.448551345257,0.876315796062,0.44920590814
796,0.8693944426,0.441023115026,0.842105270608,0.527635846091
797,0.880851070371,0.436345065601,0.863157902893,0.484190365398
798,0.884124392769,0.42261781074,0.823684220055,0.521028918851
799,0.881178402691,0.441587360347,0.881578954427,0.474529617123
800,0.876268419253,0.426429149099,0.844736850183,0.479471503904
801,0.882815063658,0.438902256507,0.865789481684,0.483888613746
802,0.877250415872,0.433482327652,0.857894744332,0.483206690338
803,0.873649761495,0.43567663497,0.828947377048,0.539998206065
804,0.87626841957,0.448735556728,0.85789474492,0.501322147878
805,0.878232412565,0.439399834887,0.865789481292,0.468422120731
806,0.864484459137,0.458614103655,0.876315796846,0.470545744033
807,0.862847798146,0.458022200193,0.834210535021,0.505697949348
808,0.877577748119,0.432607173164,0.857894745312,0.495267304543
809,0.877250415945,0.440375550533,0.857894745312,0.476000248013
810,0.878887077303,0.4293900538,0.842105272177,0.507838770355
811,0.875941086932,0.431273371567,0.871052638481,0.476231118174
812,0.876923083649,0.439250064535,0.850000008941,0.501181156227
813,0.874304426087,0.439584812415,0.857894745312,0.489140913675
814,0.865793788053,0.448959559251,0.892105269589,0.441359001359
815,0.877577748339,0.438205898588,0.871052638873,0.458774301371
816,0.880851070688,0.437144444954,0.831578957015,0.539570585285
817,0.871685767696,0.454587185661,0.868421060082,0.488076998215
818,0.873977093962,0.435241370125,0.863157902501,0.478607578497
819,0.876595751378,0.423022142433,0.834210535413,0.546934963253
820,0.870049106972,0.448020898281,0.907894742332,0.446968446045
821,0.882815063902,0.426324157639,0.834210536198,0.525826363187
822,0.864484459406,0.45821237408,0.85789474492,0.475781510535
823,0.873977093474,0.444775713983,0.863157902893,0.482290720469
824,0.877577748265,0.434455386087,0.873684218055,0.484567148709
825,0.876923083479,0.425051618349,0.865789480507,0.468379205387
826,0.868085113441,0.449067951395,0.855263166522,0.480844239851
827,0.872340432409,0.436396700295,0.860526323711,0.469127220347
828,0.879541741504,0.438014114644,0.852631587339,0.494594839254
829,0.878232412613,0.447001108732,0.857894745312,0.499019468301
830,0.87626841918,0.429963902419,0.878947375636,0.463414232786
831,0.867757781389,0.447613429418,0.868421060082,0.456812467622
832,0.867103116943,0.446819126021,0.865789481684,0.510920388134
833,0.873649761569,0.441856829703,0.876315796846,0.445109490305
834,0.856955817552,0.46556434406,0.842105272177,0.507620494421
835,0.863175130222,0.455349638814,0.855263166522,0.497718682611
836,0.8664484524,0.444425155508,0.873684218055,0.483928843548
837,0.860883804712,0.458078322697,0.850000008941,0.50316960894
838,0.873649761178,0.428057700274,0.886842111616,0.474842726596
839,0.87626841957,0.428156924887,0.852631587339,0.477626370952
840,0.879869073873,0.429611961429,0.850000008941,0.499955345533
841,0.863502462542,0.461593556789,0.852631587339,0.478994317353
842,0.884451724991,0.427651196718,0.85789474492,0.527322414086
843,0.867430449459,0.451649087906,0.836842114596,0.509339052203
844,0.875941087152,0.439465249643,0.863157902893,0.494605277518
845,0.872995097099,0.447080812214,0.847368429366,0.474510745979
846,0.875286422609,0.438449075491,0.85526316613,0.49344749337
847,0.887397714996,0.419803763055,0.852631587339,0.477260798216
848,0.87954174148,0.43614664525,0.865789481684,0.49543345151
849,0.872340432702,0.43861083301,0.865789480115,0.505197703642
850,0.883142395881,0.429749284677,0.855263166522,0.469917656952
851,0.878887077449,0.441555531321,0.886842111616,0.439596833367
852,0.871358436107,0.439061347109,0.865789481292,0.497686049264
853,0.869067110353,0.443485996312,0.868421060474,0.489650372808
854,0.881833067258,0.433858468275,0.813157904305,0.522200410892
855,0.869721774628,0.455407061085,0.868421060082,0.462779399204
856,0.869394442381,0.4360508421,0.810526326691,0.539671851616
857,0.876595751402,0.431701959253,0.860526324103,0.479429126178
858,0.880196406096,0.436799576869,0.865789481292,0.499177690791
859,0.871685768257,0.443659076421,0.873684218055,0.424482432635
860,0.869721774872,0.447407505589,0.878947375636,0.479821934316
861,0.871031103616,0.440414839456,0.842105272177,0.524859707803
862,0.865793788248,0.448677392497,0.868421060474,0.483981265245
863,0.872667764827,0.439743520219,0.850000008549,0.494131898606
864,0.877250416043,0.438015100097,0.834210535413,0.510543727953
865,0.87168576811,0.44081775788,0.876315796846,0.471261329165
866,0.875613754783,0.43715742923,0.852631587339,0.489584404191
867,0.86808511349,0.438312956871,0.868421060082,0.48693788679
868,0.889689040506,0.414303351858,0.852631587339,0.499595481314
869,0.870049107045,0.455347951934,0.865789481684,0.48072123802
870,0.87725041597,0.440767807285,0.839473692994,0.518816801082
871,0.879541741602,0.435200429319,0.857894745312,0.502450876918
872,0.884451724845,0.427124121478,0.884210532433,0.438513347781
873,0.869067110329,0.446224831667,0.865789481292,0.501139123777
874,0.871358435985,0.447748027096,0.84736843015,0.526648652005
875,0.880851070273,0.431966371164,0.873684217271,0.469880167003
876,0.874959090337,0.439034391469,0.842105271981,0.50962991287
877,0.863502462396,0.470531781718,0.868421060474,0.478044239706
878,0.877577748119,0.451648523735,0.828947378617,0.508453729906
879,0.87103110386,0.434492518683,0.865789480507,0.515349799865
880,0.863829794863,0.446657991863,0.868421060082,0.481563796338
881,0.875941086786,0.430335697317,0.865789481292,0.477382636776
882,0.872013100455,0.442305957627,0.852631587731,0.477578104131
883,0.880196406242,0.431332792032,0.850000008941,0.504196195814
884,0.872013100357,0.442995087215,0.839473692994,0.496412008217
885,0.871031103567,0.440103654995,0.873684218055,0.459440394256
886,0.877577748046,0.446257446528,0.863157902501,0.469271487115
887,0.892635030608,0.425740913508,0.842105272569,0.564559053826
888,0.881178402569,0.423069172278,0.873684218055,0.474022274543
889,0.87495909024,0.433940340449,0.828947376656,0.505384179911
890,0.871031103762,0.444803508185,0.863157902501,0.448116432483
891,0.88019640595,0.431902322119,0.839473693387,0.480374786807
892,0.874959090386,0.440697346181,0.85526316613,0.483742517664
893,0.873322429175,0.443638545182,0.85789474492,0.48280979889
894,0.857283150262,0.463993603245,0.852631587731,0.488010762553
895,0.88412439272,0.420310724289,0.873684218055,0.464047138236
896,0.877577748265,0.438609167592,0.834210535413,0.49874336547
897,0.876595751695,0.435170516347,0.871052639265,0.474799410293
898,0.871031103494,0.444328679147,0.855263166522,0.498378915026
899,0.872995096806,0.44028694496,0.878947375636,0.44879703008
900,0.868739778106,0.446124510952,0.850000008941,0.509641866347
901,0.879869073629,0.418725617876,0.84473685136,0.491628495878
902,0.868739778008,0.440762348241,0.886842112008,0.431261305158
903,0.867430449093,0.443479079369,0.823684219859,0.509984679912
904,0.876268419326,0.429669276173,0.842105271589,0.509901523786
905,0.880523738124,0.439207504453,0.876315796846,0.450251028138
906,0.865793788101,0.447441326494,0.894736848379,0.46558667837
907,0.863175130344,0.453292535048,0.855263166522,0.477437864205
908,0.87004910707,0.44284228722,0.873684218055,0.474732233113
909,0.865466455684,0.44809824916,0.876315796846,0.47385032573
910,0.875613754929,0.435605280138,0.852631587339,0.496082816665
911,0.867757781413,0.45197064721,0.884210532825,0.430350726961
912,0.876595751597,0.436414280568,0.873684218055,0.480139286306
913,0.871358435741,0.443455977984,0.847368429366,0.499838802963
914,0.874631758188,0.447381638173,0.863157902893,0.489507831437
915,0.881505734938,0.422045399973,0.85789474492,0.501510852654
916,0.878232412784,0.437778396395,0.884210532825,0.448241896927
917,0.873977093572,0.445894756508,0.860526324103,0.475497827326
918,0.880196406145,0.42748030508,0.863157902893,0.510268423314
919,0.886088385739,0.419798051009,0.850000008156,0.483269454813
920,0.879541741675,0.429990753556,0.876315796846,0.489787442119
921,0.864811791141,0.459280847332,0.850000008549,0.496793136785
922,0.879869073922,0.432071098671,0.852631586555,0.464709169574
923,0.868739778106,0.439994632466,0.860526323711,0.491607612685
924,0.867103116895,0.448088866575,0.871052639265,0.495078448598
925,0.87528642256,0.427609340844,0.850000008549,0.504397796369
926,0.866448452693,0.450323204435,0.844736850183,0.480420661796
927,0.865466455732,0.457548777059,0.860526324103,0.493871249062
928,0.883469728372,0.443689667164,0.884210533217,0.444855834308
929,0.866121120251,0.448225477006,0.876315795669,0.472257541198
930,0.873977093767,0.443458999554,0.836842114204,0.526635288212
931,0.868739778179,0.445833650529,0.85526316613,0.510335967925
932,0.876268419277,0.441206528639,0.850000008941,0.494509235613
933,0.878559744982,0.443241035977,0.850000007764,0.480778486713
934,0.864811791238,0.443238748027,0.850000008941,0.502527122827
935,0.872995096904,0.452861991139,0.839473692994,0.489147392347
936,0.876923083771,0.44587706744,0.878947375636,0.470687055666
937,0.86677578477,0.450909865517,0.84736843015,0.514763534461
938,0.862193133334,0.441808300962,0.889473690406,0.441308228593
939,0.879869073873,0.433842210767,0.828947378224,0.521706506414
940,0.876595751305,0.442467301986,0.839473692994,0.52503649812
941,0.869721774676,0.442893685788,0.857894745312,0.447260922899
942,0.87299509683,0.43750017101,0.863157902501,0.477048980562
943,0.87463175809,0.43450173899,0.823684220643,0.566900561907
944,0.866775784794,0.446109657397,0.850000008941,0.533883786515
945,0.869721774676,0.452932276649,0.831578957407,0.511791771376
946,0.874304426282,0.443469814627,0.871052638873,0.463718345095
947,0.883469728177,0.431096981205,0.85789474492,0.456734371421
948,0.881505734816,0.432277248505,0.873684218055,0.460100698824
949,0.878887077303,0.434112779028,0.860526323318,0.462458188989
950,0.870703771442,0.434452459216,0.860526323711,0.453897340125
951,0.87757774807,0.428627438416,0.860526323711,0.493128806745
952,0.877905080464,0.433918881997,0.878947375636,0.456387142994
953,0.881833067234,0.432586039927,0.855263166522,0.499118967276
954,0.872340432604,0.438465467671,0.852631586163,0.473524985933
955,0.885106389534,0.421081439807,0.855263165737,0.518485812176
956,0.866448452547,0.459923171568,0.85526316613,0.492693145612
957,0.870376439268,0.45911213641,0.844736850183,0.502633034987
958,0.868412445834,0.438701564352,0.855263165737,0.475631441529
959,0.872013100187,0.443024354437,0.892105269197,0.432413511566
960,0.873649761373,0.437440953307,0.863157902893,0.483310010676
961,0.871358435936,0.44330910675,0.871052638873,0.487989882497
962,0.881505734889,0.430888979261,0.852631587731,0.534019868625
963,0.877577748168,0.432594991403,0.886842112008,0.451790193586
964,0.882160399432,0.421978585751,0.836842114204,0.500356744583
965,0.871358435961,0.441440485308,0.863157902109,0.517058747772
966,0.879541741455,0.429277468211,0.850000008941,0.484544767753
967,0.876268419375,0.433714471623,0.871052639265,0.465082755802
968,0.879541741358,0.441591824233,0.863157902893,0.467286351872
969,0.867757781169,0.459583375707,0.84736843015,0.487921396957
970,0.869067109938,0.445091471613,0.855263165737,0.44638598475
971,0.877905080244,0.445260254066,0.852631587731,0.512725367946
972,0.870703771588,0.437839347461,0.863157902109,0.474081248437
973,0.873649761447,0.449877538189,0.847368429366,0.51333021
974,0.8661211203,0.447556561393,0.863157902501,0.480056597802
975,0.874959090386,0.444664805762,0.850000008156,0.463591130352
976,0.862847797926,0.453200309274,0.915789478704,0.437014722903
977,0.873322429224,0.436573367852,0.844736850575,0.497143326229
978,0.870049106924,0.447525717769,0.865789481292,0.476221591234
979,0.875286422755,0.446681796236,0.873684218055,0.457309714077
980,0.876595751744,0.431375069724,0.847368429366,0.517904316712
981,0.8664484524,0.451544527751,0.847368429758,0.512767603719
982,0.884124392915,0.420909221087,0.873684217663,0.458560702244
983,0.866448452644,0.45433293122,0.847368429758,0.491477857883
984,0.877905080561,0.423865678731,0.852631587731,0.504140699772
985,0.882160399042,0.429551844292,0.844736850968,0.505774017816
986,0.87430442599,0.43464302963,0.876315796846,0.446520233233
987,0.869721774798,0.442416466053,0.850000008549,0.504946020285
988,0.880523738148,0.431062665538,0.871052638873,0.480860533683
989,0.874304425916,0.439684398387,0.865789481292,0.482100066582
990,0.873977093913,0.440747736982,0.815789483095,0.549008594532
991,0.877250415848,0.435068135639,0.857894744528,0.468760327681
992,0.877905080488,0.433494775365,0.884210533217,0.462953025769
993,0.879541741577,0.42077601851,0.842105272177,0.508931674651
994,0.866121120056,0.449163066897,0.863157902893,0.495690260671
995,0.878559744763,0.446336642298,0.855263165345,0.471406799986
996,0.882160399286,0.428717830665,0.844736850575,0.509948708901
997,0.872667764827,0.442774346729,0.860526323711,0.462914444114
998,0.885433721806,0.422803912074,0.834210535805,0.509778326083
999,0.880523737953,0.436140074033,0.873684217663,0.487573869919
