epoch,acc,loss,val_acc,val_loss
0,0.747299520259,0.535108662081,0.781578958819,0.492077178665
1,0.77446809633,0.476807170738,0.792105274765,0.488202886852
2,0.771194774273,0.461129925743,0.802631590319,0.431991905366
3,0.794435362184,0.42660321255,0.773684221271,0.474504082709
4,0.78919804662,0.420218671134,0.821052641853,0.364831919733
5,0.79803601717,0.415874068322,0.810526325907,0.400203905313
6,0.78461539538,0.436118243466,0.757894748136,0.508878522994
7,0.793453365686,0.409621028105,0.752631591339,0.42390420082
8,0.797381352115,0.405099949511,0.784210536041,0.433072196663
9,0.794108029571,0.401132202309,0.786842115223,0.454017458238
10,0.807855983461,0.385182308487,0.776315800846,0.483535876007
11,0.796726687645,0.395360660387,0.794736853556,0.386518214192
12,0.812111302259,0.375522058073,0.792105272804,0.428215672311
13,0.804909993311,0.378975451468,0.763157906893,0.468218579986
14,0.790507375267,0.396028935007,0.773684222055,0.462875636294
15,0.793780697275,0.398080314484,0.781578958623,0.428796001563
16,0.797708684118,0.383592474309,0.792105273981,0.42296292025
17,0.807201319138,0.374681858453,0.831578956623,0.393507625516
18,0.807201318699,0.382991719119,0.768421064866,0.445759825801
19,0.812111302966,0.374745543882,0.815789484272,0.432672644328
20,0.81603928881,0.373589345067,0.823684220643,0.387494871197
21,0.814402628379,0.37492740325,0.789473694994,0.414518144766
22,0.817348618554,0.369999353788,0.823684220251,0.393651609505
23,0.805891990369,0.376591550531,0.792105273393,0.387227197227
24,0.810801973685,0.37792287756,0.807894747116,0.428598773127
25,0.814075295912,0.364507997009,0.813157904697,0.401784813032
26,0.81767595024,0.367527623309,0.821052641461,0.38273283952
27,0.804255328768,0.368894754804,0.810526326691,0.380930975766
28,0.818985279229,0.367386179841,0.818421061886,0.396199801643
29,0.815384624852,0.360804663486,0.836842114204,0.414090805834
30,0.816693953719,0.375995318501,0.844736850771,0.403861177693
31,0.816039289444,0.363236246762,0.781578959603,0.419690479132
32,0.822913266048,0.371587290848,0.802631589143,0.408999641965
33,0.825531923683,0.356684343697,0.802631588751,0.392270608168
34,0.818003282683,0.356984934481,0.813157904697,0.395740589323
35,0.81767595007,0.361639980513,0.828947378224,0.396233506011
36,0.823567930176,0.363171678451,0.802631589535,0.443490010784
37,0.815384624584,0.361497994518,0.78947369519,0.413110187473
38,0.832733233022,0.361843496098,0.797368430778,0.381607860376
39,0.814729960821,0.35228424301,0.813157905089,0.430502401665
40,0.833715229861,0.338898435479,0.802631589143,0.40690078851
41,0.843862528887,0.33769856975,0.807894747116,0.424926285534
42,0.82062194022,0.36331174058,0.794736853163,0.413656588987
43,0.834042562059,0.337920282164,0.826315799434,0.367440787879
44,0.828477914273,0.353638163461,0.810526326299,0.415891280741
45,0.832078568918,0.334898548295,0.794736852183,0.431671748869
46,0.822585933971,0.357273121183,0.802631589927,0.433640123002
47,0.830114574704,0.343559912423,0.800000010352,0.433379888927
48,0.847463183556,0.315613056611,0.810526326299,0.410955501892
49,0.843207864246,0.323594773216,0.781578959015,0.412419033629
50,0.840589206513,0.336814703057,0.844736850968,0.349056092434
51,0.834697226017,0.336745624591,0.805263167345,0.415749930875
52,0.834369894233,0.342511410695,0.839473693779,0.357116883228
53,0.836006555029,0.328707338916,0.815789484664,0.389275744263
54,0.828150582148,0.35135582776,0.800000010352,0.4167167014
55,0.836333887862,0.327169290383,0.800000010745,0.402097314572
56,0.822585933703,0.355872843378,0.802631589535,0.420042852087
57,0.838625213494,0.332853757071,0.826315799042,0.39474942371
58,0.837315884335,0.335859750423,0.839473693387,0.372749554974
59,0.83469722648,0.344416327689,0.826315799042,0.390703951744
60,0.841571203523,0.325331205014,0.802631589927,0.469009804809
61,0.839279877379,0.32536545683,0.786842115616,0.432654691468
62,0.840916538882,0.328580129581,0.844736850575,0.392769275527
63,0.828477913883,0.337973831956,0.84736843015,0.374533093583
64,0.83764321646,0.337122848206,0.847368429758,0.363167648498
65,0.845499190195,0.319328383733,0.831578956231,0.371984541159
66,0.830441907341,0.338153525772,0.844736850575,0.368333898338
67,0.842225867773,0.328392965045,0.844736850183,0.378083895475
68,0.8389525454,0.325558365964,0.855263165541,0.370779547669
69,0.855646489246,0.309848508845,0.828947378224,0.374507951636
70,0.839607209821,0.323385486175,0.834210535413,0.39931967129
71,0.840916538443,0.32162134959,0.850000008156,0.351864782701
72,0.846153854324,0.317682212825,0.839473692994,0.387499157928
73,0.833715229739,0.329356925553,0.844736850968,0.367618080376
74,0.846808518989,0.324847050566,0.85789474492,0.346752776666
75,0.844844525409,0.32200149155,0.865789481684,0.30977968121
76,0.846481186742,0.326269866201,0.850000008549,0.375730813236
77,0.837970548756,0.329621490414,0.797368432346,0.409452364388
78,0.845499189976,0.331531580507,0.868421060474,0.361753880782
79,0.84255319985,0.322604988209,0.797368432738,0.445491692272
80,0.843862528887,0.318538682922,0.886842112008,0.325242194206
81,0.832733233217,0.336044161049,0.826315799434,0.377121561746
82,0.845826522247,0.310547759107,0.818421063455,0.442537438308
83,0.844189861597,0.313961715957,0.855263165737,0.380227245194
84,0.851718502476,0.325632661471,0.834210535805,0.376746222279
85,0.849754508944,0.319455076442,0.850000008549,0.377834051186
86,0.844844525531,0.319833379464,0.810526325514,0.375304035107
87,0.853682495641,0.323163317315,0.831578956231,0.389370178252
88,0.858919811229,0.301068438714,0.842105271393,0.397916122818
89,0.858919811278,0.303491246041,0.81578948388,0.378113635558
90,0.847463183093,0.312422708293,0.847368429758,0.365731253999
91,0.847463183215,0.312957136921,0.794736853556,0.447706941613
92,0.852373166799,0.310469236335,0.836842114204,0.376023151544
93,0.844844525457,0.322132099792,0.850000008156,0.326095223721
94,0.846481186498,0.320390633373,0.828947378224,0.353278423292
95,0.846808518672,0.3270989505,0.80789474692,0.416529104138
96,0.865139123754,0.294563030858,0.821052640873,0.384278931606
97,0.850081841167,0.313944970976,0.789473695582,0.394392159767
98,0.850081841216,0.310624412705,0.85526316613,0.364511107707
99,0.850081841216,0.318990645238,0.860526324103,0.353635829032
100,0.851063837689,0.301128452092,0.844736850968,0.361468777943
101,0.846481186644,0.310827609645,0.831578955446,0.439031768345
102,0.856301153301,0.312581018165,0.823684219859,0.356178676219
103,0.853682495715,0.309757458,0.842105271785,0.339077339569
104,0.853027830903,0.310617314661,0.81842106267,0.411691468773
105,0.852700499144,0.305425605543,0.839473692602,0.37377689296
106,0.856955817966,0.304236673489,0.83947369221,0.359541898796
107,0.843862528984,0.326004470154,0.831578956231,0.369815536205
108,0.838625213006,0.329429601872,0.81842106267,0.365540880563
109,0.859574475528,0.298031540926,0.860526323711,0.370799050299
110,0.839607209821,0.327948447817,0.823684220251,0.432629471228
111,0.85008184107,0.31447453992,0.834210535805,0.362952728719
112,0.852045834869,0.314380131942,0.834210535217,0.430611471229
113,0.848117847685,0.308975485835,0.839473692602,0.353300924952
114,0.852045834333,0.313057967945,0.800000011137,0.379026142145
115,0.841898535551,0.328942016688,0.84736843015,0.377687277309
116,0.854337160014,0.304630849523,0.82894737744,0.38155238421
117,0.852373167116,0.300067193166,0.863157902501,0.369143611911
118,0.85171850211,0.3056024393,0.826315799826,0.357996624184
119,0.860556472343,0.291817400513,0.831578956623,0.368398173629
120,0.862520465435,0.291856799833,0.852631587339,0.369768548815
121,0.854664492188,0.313525215053,0.844736850575,0.360931136315
122,0.8556464891,0.315675708491,0.844736850183,0.415302476282
123,0.858919810937,0.313872983039,0.810526325907,0.41680526182
124,0.854337160062,0.302663096814,0.878947375636,0.354679991847
125,0.843862529106,0.315689079534,0.844736850575,0.370184706659
126,0.852373166629,0.303174625972,0.831578957015,0.370016123805
127,0.855319156731,0.303360890128,0.836842113812,0.394701595038
128,0.84091653876,0.329537875993,0.836842113812,0.38220866125
129,0.862520465606,0.306391904518,0.836842114596,0.374945311856
130,0.854664492456,0.307417483135,0.81842106267,0.444486941934
131,0.858919811254,0.30336314298,0.839473693387,0.446092880576
132,0.853027831318,0.305481047676,0.855263166522,0.35131656997
133,0.862520465972,0.305826537399,0.81578948388,0.437592131159
134,0.84844517998,0.316411896287,0.823684220251,0.436764353764
135,0.858265146833,0.298657310291,0.83684211342,0.352121496438
136,0.846153854519,0.318723812791,0.852631587339,0.364010589381
137,0.856301153399,0.305744372211,0.828947377832,0.410890400119
138,0.847790515754,0.314172839886,0.847368428974,0.397590440306
139,0.846808519013,0.306840277318,0.815789483488,0.384270894047
140,0.864811791336,0.288946331096,0.865789481684,0.355300030708
141,0.854664492285,0.31539894417,0.852631587339,0.358685709885
142,0.85630115335,0.308728910617,0.834210535413,0.429615400315
143,0.854009827645,0.301423748784,0.847368429366,0.390748728888
144,0.852700498949,0.301420496275,0.842105272177,0.362591448657
145,0.8599018078,0.300033546621,0.826315799238,0.336543545151
146,0.854009827767,0.306514743557,0.836842114596,0.367476849348
147,0.853682495202,0.303641102062,0.839473692602,0.340613345334
148,0.866775784452,0.291302304687,0.852631586359,0.414382207943
149,0.858265146589,0.293989810989,0.850000008156,0.375259485856
150,0.855973821079,0.298843467221,0.802631589927,0.409865907467
151,0.851391170351,0.309652516911,0.868421060082,0.310263115851
152,0.870703771515,0.283482534931,0.860526323318,0.386765095356
153,0.865466456025,0.302111969886,0.865789481292,0.368930679819
154,0.870376439341,0.290260428596,0.878947375244,0.309965118931
155,0.859247143403,0.300339803898,0.82894737744,0.408149896625
156,0.866775784867,0.292442016784,0.85526316613,0.326684467176
157,0.849099844499,0.320709071624,0.828947378224,0.46704137155
158,0.849427176527,0.313018951114,0.821052641069,0.412173181806
159,0.861865801478,0.291280449845,0.83684211342,0.393172721967
160,0.862520465874,0.296222006713,0.876315796454,0.389857097967
161,0.855646489173,0.303767419489,0.813157903717,0.384058964047
162,0.856955817698,0.295060010993,0.863157902893,0.356790875342
163,0.860883804785,0.296140919596,0.857894745312,0.39050470306
164,0.86546645583,0.290901479843,0.850000008941,0.41801601239
165,0.860556472538,0.292236662176,0.852631587731,0.334353554651
166,0.859901807946,0.298441679191,0.844736850183,0.331848245996
167,0.867430449142,0.28810102324,0.852631587339,0.399887794457
168,0.854664492358,0.296872086076,0.80526316911,0.438401271883
169,0.856301153374,0.304236374733,0.836842114204,0.358992501667
170,0.859901807702,0.306127540978,0.85526316613,0.373753235197
171,0.856955817625,0.301895943798,0.857894745312,0.343595623419
172,0.860229140169,0.298463481535,0.85526316613,0.367596905654
173,0.85597382142,0.300272120699,0.826315799042,0.407338537447
174,0.85859247925,0.311379393236,0.860526323711,0.368236416957
175,0.855973821176,0.305830907811,0.863157902893,0.351208774679
176,0.848117847636,0.3155451037,0.836842114204,0.359712515011
177,0.866775784965,0.29034902659,0.815789483488,0.39911643602
178,0.852373166775,0.301032424612,0.839473692602,0.382975477652
179,0.852045834357,0.306657363161,0.863157902893,0.384304704071
180,0.855973821249,0.304715393047,0.863157902109,0.368864350217
181,0.860556472343,0.302031200038,0.818421063062,0.390364281913
182,0.851391170448,0.307380355047,0.894736848379,0.336163950709
183,0.865466455562,0.28763980478,0.831578955446,0.394452695073
184,0.861211137032,0.297638887956,0.847368429366,0.352231920858
185,0.867103116992,0.282848546797,0.852631587339,0.356952250825
186,0.863829794716,0.288915133771,0.863157902109,0.363390569943
187,0.856301153545,0.295052135204,0.847368428974,0.370307126009
188,0.859574475553,0.292005899367,0.844736850771,0.444779078072
189,0.863502462396,0.289544079265,0.884210533217,0.340801139019
190,0.866775784916,0.288772136409,0.831578957015,0.381284180269
191,0.860229140413,0.297618317529,0.850000008549,0.346456056182
192,0.859247143403,0.288092838695,0.852631587731,0.403253047727
193,0.864811791433,0.285475779147,0.847368428974,0.369407407223
194,0.867430449044,0.28129749047,0.850000008549,0.391544427
195,0.870376438878,0.287117099856,0.844736850575,0.402781808933
196,0.863175130466,0.300243863313,0.863157902893,0.366893937713
197,0.863829794472,0.290599524871,0.847368429758,0.41914632713
198,0.871358435888,0.28196134658,0.852631586947,0.452096044478
199,0.866448452279,0.281430097222,0.855263165737,0.364116023389
200,0.87201310026,0.275417115625,0.876315796454,0.347620909841
201,0.865139123656,0.287812037683,0.831578956623,0.36740171062
202,0.864811791287,0.291435420141,0.847368429758,0.347912172958
203,0.866448452547,0.282854522842,0.878947375244,0.310295380909
204,0.862520465728,0.285753306806,0.878947375244,0.331801379899
205,0.863829795082,0.300607230155,0.852631587731,0.380961549433
206,0.861865801478,0.292512178037,0.863157902893,0.349531452067
207,0.857937814781,0.306950479366,0.834210535805,0.363680536491
208,0.866121120422,0.286562059209,0.85789474492,0.352434856422
209,0.860883804858,0.284828997127,0.852631587731,0.368222040596
210,0.869067110353,0.285597615145,0.876315796454,0.332658450254
211,0.868085113441,0.277950860104,0.842105272177,0.363626505218
212,0.85924714355,0.294457713369,0.852631587339,0.388739773636
213,0.863502462494,0.286748407281,0.868421060082,0.36259899259
214,0.851063837835,0.300863106249,0.842105272177,0.425037914285
215,0.866121120202,0.293774355462,0.850000008352,0.376485091101
216,0.870376439171,0.283180571757,0.839473693387,0.356618992445
217,0.853682495617,0.303986857455,0.847368429758,0.392751226484
218,0.859901808044,0.290924266526,0.886842112008,0.326549621293
219,0.864157126866,0.283398470511,0.842105271197,0.438210438006
220,0.869721774774,0.272918139103,0.842105271785,0.404921435604
221,0.858265146808,0.290695715914,0.884210532825,0.308737180171
222,0.865139123607,0.281765570901,0.828947378617,0.377238008377
223,0.863175130564,0.299274063884,0.860526323318,0.377345962695
224,0.862847797926,0.287203443766,0.863157902501,0.387581475275
225,0.86612112047,0.281096167189,0.834210536198,0.389233379106
226,0.87168576772,0.281154368873,0.855263165345,0.3735146742
227,0.867757781169,0.284777449288,0.826315799434,0.3728768578
228,0.867430449166,0.29122065094,0.8657894809,0.354738066857
229,0.864811791482,0.2866605909,0.831578956623,0.407477139932
230,0.874304425819,0.281730645746,0.850000008549,0.363796910522
231,0.871031103494,0.282945278474,0.852631587731,0.337065409711
232,0.864484459357,0.289958529272,0.850000008156,0.364125979231
233,0.87070377154,0.277737258368,0.850000008941,0.397570922916
234,0.84549919,0.303294251824,0.823684219271,0.431148345808
235,0.85793781439,0.291844416189,0.855263165737,0.353178667618
236,0.856955817893,0.288665855607,0.847368429758,0.361893827468
237,0.859574475821,0.289192739252,0.813157904305,0.392908561809
238,0.861211136886,0.300355026131,0.850000008549,0.36841802209
239,0.862193133505,0.282417413146,0.834210535805,0.417224801066
240,0.879541741651,0.2610301754,0.85526316613,0.356520537679
241,0.869394442771,0.286207345993,0.860526324103,0.354647164071
242,0.860883804614,0.299440918068,0.84473685136,0.34707442183
243,0.872995097123,0.277222079295,0.85526316613,0.336870602735
244,0.871358436058,0.282813269172,0.873684217271,0.344780278778
245,0.861865801307,0.283035938986,0.881578953643,0.311598632732
246,0.860556472221,0.293714210255,0.863157902109,0.365654754298
247,0.874959090362,0.273983896407,0.85789474492,0.314092690199
248,0.884124392622,0.265103968566,0.863157902501,0.331416950745
249,0.866775784648,0.28401042603,0.836842113812,0.364180683949
250,0.867757781267,0.274968725474,0.855263165737,0.41934480773
251,0.867757781633,0.28774539186,0.873684217663,0.378105315487
252,0.8651391239,0.289760946915,0.871052639265,0.332555449218
253,0.872995097147,0.264687850454,0.873684217663,0.3521353321
254,0.862847798243,0.288675942326,0.85526316613,0.346966261364
255,0.877905080196,0.271056338834,0.857894744136,0.426206576209
256,0.864811791263,0.294093649479,0.889473690798,0.352777188215
257,0.872667765071,0.274793956428,0.839473692994,0.412137956316
258,0.87299509705,0.28056893758,0.905263163149,0.312179217458
259,0.868412445786,0.285289584462,0.82894737744,0.375961960062
260,0.870049106948,0.277428529049,0.826315799826,0.422772963746
261,0.870049107045,0.275883379162,0.852631586947,0.407592029537
262,0.862847798048,0.288166385196,0.850000008941,0.39027319775
263,0.871358435912,0.277877540312,0.850000008549,0.369150542823
264,0.868739778081,0.28796055302,0.878947375636,0.339773216296
265,0.877250415994,0.273609275373,0.863157902501,0.331212548171
266,0.864157127037,0.285496911662,0.847368429366,0.33196854486
267,0.878887076961,0.267390104127,0.842105272177,0.365913715655
268,0.872995097099,0.277707321658,0.842105272177,0.364227839154
269,0.880851070151,0.265187760873,0.813157904305,0.40642711079
270,0.868412445883,0.280992874414,0.852631587339,0.34687496989
271,0.873649761325,0.276698652456,0.878947375636,0.390009795438
272,0.879214409379,0.274485293647,0.855263165737,0.331378121511
273,0.863829794838,0.278825530601,0.857894744528,0.35505318592
274,0.861865801429,0.288241063353,0.842105271785,0.348323029821
275,0.875941087006,0.26756119292,0.850000008941,0.323921006779
276,0.874304426014,0.276051525584,0.873684218055,0.332753752435
277,0.861538469157,0.288943274837,0.85789474492,0.330757896875
278,0.868739778033,0.289085079004,0.85526316613,0.366984682663
279,0.861865801331,0.291035295185,0.857894744136,0.435872525105
280,0.869394442649,0.270374473896,0.834210535805,0.378294759885
281,0.864157126939,0.28709057423,0.889473690406,0.274479403988
282,0.87070377154,0.280439078354,0.857894745312,0.439592316159
283,0.878559745178,0.265290182892,0.850000008156,0.407392854214
284,0.880523738514,0.269533773145,0.884210533217,0.322120709167
285,0.871685768037,0.281583646131,0.850000008941,0.359031058033
286,0.879541741309,0.264505239391,0.852631587339,0.316324933628
287,0.867757781535,0.294876737724,0.876315796846,0.344738722656
288,0.889689040555,0.249621331417,0.836842114596,0.401260835335
289,0.878887076961,0.267314232567,0.815789483095,0.400303039491
290,0.872995097099,0.272726126856,0.876315796062,0.374470756463
291,0.870703771345,0.27416645471,0.834210535805,0.371587417456
292,0.872013100577,0.27393399641,0.873684218055,0.333248181661
293,0.873649761422,0.279677704932,0.852631587339,0.365851053231
294,0.86710311687,0.287522255184,0.860526324103,0.373686321657
295,0.86546645561,0.290265201401,0.860526324103,0.328831799811
296,0.879214409477,0.256956453826,0.865789481684,0.325919585719
297,0.872995096952,0.274571799017,0.878947375244,0.323609400548
298,0.866448452449,0.285669698926,0.876315796846,0.336136087862
299,0.883142396003,0.268136210909,0.881578954427,0.318761562058
300,0.867103116846,0.278658965362,0.871052639265,0.354492128888
301,0.879214409208,0.271886625071,0.842105272569,0.378094440155
302,0.876268419326,0.272872379255,0.878947375636,0.3342658339
303,0.866448452547,0.283069292711,0.850000008549,0.371530655246
304,0.881505734792,0.26166464326,0.852631587339,0.353114060911
305,0.875613754832,0.269583525044,0.881578954427,0.349817884302
306,0.875286422609,0.27224299435,0.852631587731,0.350069128169
307,0.852373166702,0.300024797131,0.876315796062,0.316503235605
308,0.869394442649,0.288409392324,0.839473692994,0.393114094347
309,0.872667764583,0.274938965449,0.868421060082,0.370117371
310,0.866121120324,0.276608216345,0.850000008941,0.368487858014
311,0.872013100382,0.277154616256,0.847368429366,0.348372744361
312,0.865139123802,0.280023133252,0.850000008941,0.390150081308
313,0.874304425843,0.271294784928,0.855263165345,0.353673239778
314,0.873649761422,0.271358335111,0.842105272177,0.373197503524
315,0.866775784721,0.28172681207,0.823684220643,0.442242870422
316,0.881178402715,0.262270417188,0.871052639265,0.343606073903
317,0.877905080293,0.267791831441,0.852631587339,0.343809596041
318,0.871358435888,0.275346393506,0.847368429366,0.377700056734
319,0.881833067112,0.257234519707,0.844736850968,0.353435485134
320,0.886743050697,0.254002430292,0.831578956623,0.410836908329
321,0.87430442599,0.271810479398,0.863157902501,0.416894859552
322,0.865793788101,0.279644383473,0.850000008549,0.385288072526
323,0.868739777667,0.28422974572,0.871052638873,0.319146653129
324,0.868412446029,0.275370376438,0.884210532825,0.347680130594
325,0.864157126963,0.276194587682,0.85526316613,0.332105712389
326,0.867757781194,0.273146969745,0.868421060082,0.373479992746
327,0.875941087054,0.274327995071,0.85526316613,0.380354513647
328,0.873322429321,0.292285577268,0.842105272177,0.372187113199
329,0.888379711591,0.25979799221,0.873684217467,0.315568871021
330,0.868412446029,0.281770583718,0.871052639265,0.369053320178
331,0.877905080391,0.271793437606,0.881578954427,0.31111757472
332,0.871358435936,0.275344014207,0.886842111224,0.312296745582
333,0.874959090484,0.268144252119,0.836842114204,0.418618823583
334,0.873649761569,0.278170401102,0.863157902501,0.411795947612
335,0.882815063853,0.272240779831,0.85526316613,0.421344301431
336,0.874304426087,0.277057660451,0.839473692602,0.388094600915
337,0.868085113612,0.284141514377,0.863157901717,0.3519527296
338,0.864157127183,0.278811239656,0.886842111616,0.316113073848
339,0.871031103714,0.268005967011,0.878947374656,0.374269479248
340,0.882815063829,0.263335546851,0.850000008941,0.35308860576
341,0.883469728079,0.26885460677,0.85789474492,0.377731108911
342,0.869394442502,0.274976844643,0.860526324103,0.435679326455
343,0.877577748217,0.262577819331,0.852631587339,0.325154911659
344,0.871031103445,0.270950268937,0.894736848379,0.275128722135
345,0.883142396222,0.265751090172,0.85526316613,0.393413914662
346,0.87070377154,0.273090699135,0.828947377832,0.418036926274
347,0.88052373827,0.270494077666,0.844736850183,0.362292879188
348,0.888707044009,0.253171962643,0.860526323711,0.409718179819
349,0.872340432556,0.275912141359,0.855263166522,0.388601201268
350,0.873977093767,0.270423747921,0.842105271785,0.397913931875
351,0.87626841935,0.271327807788,0.860526324103,0.363809670329
352,0.88739771502,0.253816194571,0.852631587339,0.406079294509
353,0.885761054028,0.263079386282,0.863157902501,0.36965830705
354,0.88248773124,0.266605701583,0.847368429758,0.331023255435
355,0.877905080756,0.263235288666,0.836842113812,0.369509732573
356,0.877577748314,0.261509282886,0.836842113812,0.365378849362
357,0.867757781243,0.286193206483,0.876315796454,0.338498472729
358,0.862847798048,0.283341239722,0.873684218055,0.349276738329
359,0.877250416238,0.265617781074,0.84473685136,0.376905733784
360,0.888707044082,0.258583425745,0.881578954427,0.330486265982
361,0.876268419375,0.269832245519,0.871052639265,0.349137571303
362,0.873649761495,0.265228343953,0.868421060082,0.339979368556
363,0.875286422706,0.270216690594,0.834210536198,0.370748796137
364,0.885106389559,0.255323863984,0.850000008156,0.351175456835
365,0.875286422316,0.25766637935,0.876315796846,0.334966801974
366,0.8765957515,0.271053443298,0.855263165737,0.353979051334
367,0.88968904053,0.246109728666,0.85526316613,0.377078899346
368,0.87266776473,0.274446620437,0.868421060474,0.432945658568
369,0.871358435839,0.274341002674,0.868421060082,0.348888687403
370,0.873977093474,0.280681826125,0.834210535805,0.427230895443
371,0.871685768037,0.272755868414,0.847368429758,0.389871206963
372,0.877905080586,0.263829343665,0.852631586555,0.407864550735
373,0.867103116943,0.280322504889,0.8657894809,0.37580981812
374,0.876268419399,0.272302265915,0.863157902893,0.344878148322
375,0.873977093864,0.270994253179,0.842105272177,0.48236089008
376,0.867103116919,0.280515435891,0.860526323318,0.37948173283
377,0.87790508061,0.269231881125,0.878947375636,0.353439666113
378,0.873977093694,0.26765710735,0.873684218055,0.362916218613
379,0.865466455635,0.280657274336,0.839473692994,0.349436984273
380,0.871031103957,0.276653571789,0.855263166522,0.35463032094
381,0.873977093669,0.268317180001,0.886842111616,0.321646653845
382,0.87528642295,0.271676187607,0.860526323711,0.342895765556
383,0.877250416116,0.27310650534,0.834210535805,0.382039528918
384,0.881178402691,0.261789447566,0.881578954427,0.367638086222
385,0.87921440933,0.256318509688,0.839473692994,0.381337465314
386,0.872013100333,0.269776392793,0.863157902501,0.363777701976
387,0.872340432556,0.266656499965,0.852631587339,0.356974270949
388,0.886743050672,0.265225547499,0.878947375244,0.315637671291
389,0.884124392866,0.259635439492,0.863157902501,0.393355310051
390,0.873322429126,0.26650418628,0.84473685136,0.374432620318
391,0.879541741553,0.260155370751,0.871052639265,0.342490067576
392,0.878232412613,0.252855009037,0.857894744136,0.365311119919
393,0.879214409428,0.267831901009,0.844736850575,0.430015495758
394,0.884451724674,0.259440400441,0.84736843015,0.347521935868
395,0.878232412662,0.268867729384,0.860526324103,0.379703704246
396,0.879541741651,0.272609287687,0.865789481684,0.351685518553
397,0.878887077108,0.259976794897,0.842105271393,0.403426746703
398,0.880196406047,0.258626825469,0.834210535805,0.368170545461
399,0.89001637246,0.24632377491,0.892105269197,0.313788673812
400,0.885106389339,0.251446976159,0.863157902893,0.352709781014
401,0.880196406242,0.264660129223,0.881578954427,0.38459432679
402,0.8831423961,0.257424654458,0.852631587731,0.379847524752
403,0.876595751475,0.254488942872,0.842105272177,0.374087669163
404,0.875613754978,0.261727829497,0.852631587731,0.364118202263
405,0.875941087201,0.273094675722,0.834210534629,0.388033051956
406,0.879541741602,0.269488517895,0.881578953643,0.294788571607
407,0.862847798219,0.284992296773,0.844736850968,0.389906961732
408,0.878559744909,0.254719475338,0.881578954035,0.298189571469
409,0.884779057165,0.250496582741,0.886842111616,0.316789574558
410,0.881833067307,0.268391339436,0.863157902501,0.337188174679
411,0.88183306721,0.252047457087,0.836842114204,0.348249835393
412,0.878887077034,0.260282402223,0.842105272569,0.429971392346
413,0.886415718279,0.256446761889,0.878947375244,0.33954816159
414,0.87004910685,0.278754668777,0.860526324103,0.406548905135
415,0.874959090435,0.257010404311,0.831578957015,0.383331927956
416,0.88576105398,0.255670606869,0.871052639265,0.387861578143
417,0.863502462152,0.281430426206,0.857894744528,0.395594876014
418,0.885761054077,0.261162404103,0.860526323318,0.387843804544
419,0.885761053833,0.251117303356,0.850000008156,0.350344717376
420,0.877905080342,0.260233299932,0.834210535805,0.347444294973
421,0.875613754783,0.263641057455,0.871052639265,0.315485514662
422,0.879541741821,0.256684658227,0.873684217663,0.367425402661
423,0.86677578477,0.277356814366,0.873684217663,0.318743033464
424,0.877905080293,0.256100613145,0.884210533217,0.332074844324
425,0.885106389315,0.253322317815,0.860526324103,0.32519816121
426,0.881833067063,0.252685659086,0.886842112008,0.322643034022
427,0.880196406096,0.260228081709,0.886842111616,0.333384637726
428,0.876923083674,0.266161144388,0.884210533217,0.412159764939
429,0.890671037369,0.255830074547,0.886842112008,0.340827262256
430,0.888052379466,0.252407597699,0.876315796846,0.341261614653
431,0.879214409428,0.268007373833,0.905263163149,0.271407111613
432,0.879214409477,0.261354961145,0.857894744528,0.373431112695
433,0.879541741699,0.262604662573,0.860526323318,0.40285108823
434,0.866121119934,0.278429151316,0.873684217663,0.411054053076
435,0.871031103714,0.255913092471,0.836842114988,0.417454504923
436,0.877250416067,0.265625644946,0.889473690406,0.348123501111
437,0.871685768257,0.272384699332,0.865789481684,0.332948126911
438,0.877250416043,0.258618339235,0.842105271393,0.430504659547
439,0.869721774823,0.260769557422,0.868421060474,0.357481148204
440,0.896235685204,0.233213885372,0.878947375636,0.325456074156
441,0.87659575189,0.27413880779,0.852631587731,0.354111072802
442,0.871685767842,0.266035593468,0.868421060082,0.313946047714
443,0.879541741699,0.255607949715,0.878947375244,0.332124585391
444,0.88085107059,0.265443816869,0.86842105969,0.338347703083
445,0.880196406169,0.252585148346,0.860526323711,0.351320285344
446,0.876268419253,0.269346123317,0.881578954035,0.340723048677
447,0.892635030901,0.243952909396,0.84473685136,0.372531750962
448,0.895581020564,0.240670079164,0.860526323711,0.342352165132
449,0.875286422706,0.266402446801,0.889473690406,0.347768638909
450,0.887725047145,0.248124085996,0.84736842917,0.353610916152
451,0.880523738441,0.2596645794,0.863157902109,0.338543027668
452,0.879541741699,0.25763727383,0.842105271785,0.327612994821
453,0.885433721952,0.248742545217,0.84473685136,0.391134656128
454,0.88052373827,0.261519714162,0.873684218055,0.338766079981
455,0.891325701717,0.251713121288,0.871052639265,0.345561528794
456,0.875286422755,0.276058699003,0.873684217663,0.372347950594
457,0.890671037369,0.253634314831,0.871052638088,0.377845327273
458,0.883469728421,0.252633204939,0.873684218055,0.319244563423
459,0.880851070395,0.262183857455,0.876315796846,0.290402256306
460,0.881178402837,0.258943379838,0.852631587339,0.422727492644
461,0.879869073824,0.260471726803,0.878947375244,0.394042423384
462,0.87430442599,0.261889075866,0.902631584751,0.301363704793
463,0.883797060839,0.25311465315,0.8657894809,0.352197966379
464,0.877250415921,0.27128792652,0.868421060082,0.301077721331
465,0.892962362928,0.24456645898,0.871052638873,0.318288048815
466,0.879541741797,0.265323177097,0.839473693387,0.373003927165
467,0.880851070395,0.255605284993,0.834210535805,0.363764667075
468,0.893944359645,0.240045268366,0.876315796454,0.375233348166
469,0.883797060643,0.249645486301,0.844736850575,0.428477067268
470,0.883469728372,0.255575613681,0.868421060474,0.332751224097
471,0.889034375914,0.254851558753,0.85526316613,0.373589816734
472,0.886743050648,0.248496706687,0.878947375636,0.328791253765
473,0.87790508022,0.257622129036,0.868421060082,0.328859339496
474,0.874304425965,0.261106450216,0.876315796846,0.325150221462
475,0.887070382554,0.24626612977,0.878947375244,0.292221548698
476,0.885106389437,0.248401434376,0.876315796846,0.304341231116
477,0.872995097074,0.277604818363,0.85789474492,0.33098921003
478,0.88445172504,0.262269488714,0.884210532433,0.311704073896
479,0.876268419375,0.265562360581,0.842105272569,0.388075692873
480,0.885106389437,0.244661907355,0.871052639265,0.334797344506
481,0.878559744982,0.264638522,0.865789481684,0.368721184223
482,0.881833067258,0.261813944945,0.876315796454,0.369040621782
483,0.893944359596,0.245784332294,0.878947375636,0.338627433397
484,0.887397715118,0.249927525424,0.857894744528,0.355620089759
485,0.884451724845,0.256241453834,0.863157902501,0.342928133487
486,0.880196405706,0.263326154422,0.868421060474,0.430604007709
487,0.885433721708,0.259916542824,0.871052639265,0.319147893732
488,0.895908352738,0.238333951648,0.868421060474,0.370812011584
489,0.881505734841,0.254092633536,0.839473693779,0.377345052996
490,0.890998369543,0.245372359448,0.850000008941,0.376060244338
491,0.881178402764,0.262028544227,0.863157902501,0.304552077913
492,0.878232412662,0.262728509377,0.873684218055,0.337643916501
493,0.884124392964,0.250516175067,0.857894745312,0.376045313355
494,0.868739777764,0.279915244401,0.871052639265,0.378546003915
495,0.878559744812,0.258975019737,0.857894745312,0.342440329765
496,0.890016372924,0.239155963259,0.878947375636,0.33484384393
497,0.884451724772,0.261761046447,0.852631587731,0.390955274653
498,0.880196405998,0.260803381658,0.84736843015,0.475191614002
499,0.900491004051,0.237953731058,0.871052639265,0.400628719571
500,0.87266776473,0.269655884812,0.863157902501,0.381422661554
501,0.892307698288,0.238404645474,0.881578954035,0.318011182195
502,0.884779057458,0.256593203584,0.871052639265,0.337393202185
503,0.87528642256,0.26247354447,0.876315796454,0.314091436068
504,0.888707043765,0.245651919084,0.865789481292,0.401111446738
505,0.885433721513,0.249108561729,0.857894744528,0.348807494516
506,0.883797060619,0.249139115983,0.842105271001,0.387536302013
507,0.867757781389,0.284597853342,0.863157902501,0.296376168643
508,0.875941087103,0.266334658804,0.865789481292,0.346707180842
509,0.881505734767,0.258579434846,0.865789481684,0.318970957737
510,0.874631758212,0.25458355374,0.886842112008,0.304226113273
511,0.880523738172,0.256100619431,0.857894744528,0.476852432316
512,0.879214409501,0.256701834764,0.868421060082,0.370348937509
513,0.882815063731,0.246245412461,0.850000008156,0.527137157214
514,0.876268419204,0.26035798116,0.834210535413,0.433619225223
515,0.883797060497,0.251908414275,0.865789480507,0.340446472588
516,0.885106389607,0.249211735225,0.892105269589,0.287772591804
517,0.889361708332,0.251528770942,0.865789481684,0.34956131703
518,0.882160399286,0.256481272162,0.860526323711,0.38238732353
519,0.889689040433,0.238400954538,0.884210533217,0.474542140289
520,0.898854342815,0.22696441598,0.868421060474,0.371565761806
521,0.880196406194,0.250907636399,0.871052638873,0.361121223424
522,0.879214409282,0.264968856982,0.881578954035,0.299169290301
523,0.881178402764,0.25872582686,0.868421060474,0.363052217622
524,0.878232412955,0.261057362004,0.863157902109,0.381732382223
525,0.888379711615,0.244995438755,0.87894737446,0.414737056969
526,0.88346972825,0.255762904588,0.847368429758,0.354836984692
527,0.87626841918,0.267641131559,0.865789481292,0.359663765219
528,0.882160399408,0.266436408142,0.852631587731,0.345446660657
529,0.889361708234,0.24194466939,0.85789474492,0.381547318609
530,0.884451725113,0.263850829549,0.868421060082,0.414266864864
531,0.886088386251,0.247196087943,0.860526322926,0.338195895605
532,0.8831423961,0.249592568642,0.873684217271,0.36795135738
533,0.884451725089,0.248201789943,0.84736842917,0.405374224433
534,0.880196406242,0.261519184678,0.855263165737,0.339195565923
535,0.886088386154,0.252463258873,0.873684217663,0.30744352033
536,0.886743050502,0.26050841468,0.881578954035,0.363693902826
537,0.87168576811,0.265913205061,0.815789484272,0.368040200813
538,0.879869073873,0.269107527295,0.884210533217,0.309949576974
539,0.883797060448,0.24450208602,0.863157902501,0.435092001155
540,0.895581020759,0.238110913336,0.860526323711,0.341289429508
541,0.88707038248,0.251300272893,0.842105271785,0.386267514432
542,0.881178402667,0.253064003777,0.8657894809,0.374279693809
543,0.889361708478,0.235458762258,0.884210533217,0.334242206856
544,0.878559744641,0.254638542563,0.844736850575,0.390016543985
545,0.885433721611,0.252382289701,0.889473690798,0.335196976337
546,0.883142396296,0.25710097709,0.85789474492,0.482834957924
547,0.892962362928,0.246061152245,0.871052639265,0.397688604841
548,0.889361708405,0.241342387659,0.863157902893,0.452103669133
549,0.885106389412,0.253475446855,0.85789474492,0.343056283809
550,0.886415718425,0.250244121664,0.863157902501,0.382213245628
551,0.887070382651,0.244915457594,0.857894744528,0.416784380174
552,0.892307698288,0.237712090602,0.881578954427,0.366940387732
553,0.89328969498,0.244375998465,0.84473685136,0.403610663535
554,0.887725047121,0.248087516675,0.884210533217,0.422066920802
555,0.896890349601,0.238099577083,0.886842112008,0.443899979419
556,0.880196406169,0.252768725709,0.881578954427,0.32081381358
557,0.873649761495,0.275453457531,0.863157902501,0.394677418472
558,0.884124392525,0.250396328245,0.836842114596,0.568123857811
559,0.886415718523,0.25762920331,0.884210532433,0.424134287296
560,0.892635030608,0.237529167796,0.873684216879,0.329200697796
561,0.886415718352,0.247963672285,0.834210535413,0.4616360431
562,0.888379711664,0.244876990152,0.852631587731,0.434844329255
563,0.884124392549,0.252162187186,0.847368428974,0.531828245418
564,0.892307698263,0.235645900671,0.86842105969,0.511980633336
565,0.884451724942,0.242819500564,0.857894745312,0.4382017161
566,0.885106389388,0.25166168923,0.892105269197,0.309191264541
567,0.891980366114,0.237096916907,0.860526323711,0.448419315422
568,0.89132570162,0.242529985763,0.8657894809,0.449937164313
569,0.881178402715,0.261592642022,0.90000000596,0.359152411915
570,0.886415718157,0.259607989836,0.852631586947,0.38866908791
571,0.883797060351,0.24962043015,0.881578953839,0.396122966404
572,0.881833067258,0.249242657082,0.850000008941,0.432621545107
573,0.877577748022,0.263789766857,0.844736850968,0.38625171445
574,0.887397715166,0.249657417789,0.863157902893,0.407161529147
575,0.88281506378,0.259511436323,0.839473692602,0.576903643824
576,0.873977093596,0.260013765971,0.82631579865,0.402727298402
577,0.882815063951,0.24778302222,0.881578954035,0.357536759501
578,0.883142396149,0.253663304997,0.852631587731,0.430828030596
579,0.889361708259,0.253311866142,0.836842113616,0.518142213187
580,0.88379706079,0.258760731599,0.850000008941,0.402557186743
581,0.884124392964,0.256695664659,0.84473685136,0.400544099215
582,0.892635030779,0.245716013734,0.839473693387,0.430273366067
583,0.878232412711,0.253455152094,0.818421061102,0.369050355985
584,0.886088386251,0.244064082411,0.865789481292,0.339657172154
585,0.892307698434,0.239850975088,0.852631586947,0.419928173387
586,0.886088386056,0.245065429496,0.868421060082,0.39072818653
587,0.876923083918,0.24487193711,0.873684217663,0.497538846229
588,0.897217681677,0.240726084734,0.842105272177,0.422748188284
589,0.891980366114,0.24178343527,0.860526323318,0.373123634604
590,0.88412439272,0.245516890576,0.818421062278,0.576332181084
591,0.89623568496,0.239709310472,0.857894745312,0.357161335014
592,0.885106389437,0.241337722219,0.863157902501,0.38458758386
593,0.886743050648,0.246532128494,0.82631579865,0.456949652578
594,0.88674305038,0.246731885554,0.847368429758,0.522988024983
595,0.890343705,0.252523174242,0.852631586947,0.425864887018
596,0.888707043984,0.255302371803,0.84473685136,0.431160754051
597,0.894271691722,0.232251020144,0.865789481684,0.352470513421
598,0.896235685107,0.232669303419,0.865789481292,0.36193390525
599,0.895253688414,0.235911431907,0.881578954035,0.312204430371
600,0.89165303394,0.241922922291,0.860526323711,0.327722250536
601,0.890671037223,0.241137727951,0.871052638873,0.325106372574
602,0.896563017354,0.233688973699,0.892105269197,0.318490632156
603,0.886415718474,0.243642101719,0.878947375636,0.308844100764
604,0.889034376134,0.249917453061,0.863157902501,0.335744899941
605,0.884779057116,0.250814404352,0.876315796454,0.327081650313
606,0.888052379441,0.248616749547,0.889473690406,0.33283009538
607,0.87299509705,0.264386496683,0.881578954035,0.362826701653
608,0.889034376085,0.238228552025,0.881578954427,0.363301160071
609,0.899181675013,0.236965712797,0.921052635892,0.25939401367
610,0.89198036626,0.244492058724,0.876315796454,0.303013998791
611,0.893289694956,0.236536694852,0.863157902501,0.375179150368
612,0.896563017159,0.241201176907,0.878947375636,0.323578906422
613,0.884124392476,0.249591920437,0.857894744528,0.378273496847
614,0.886743050355,0.252520805123,0.868421060082,0.411815609734
615,0.885761053931,0.239973207679,0.863157902893,0.360170803478
616,0.887725047365,0.243572843443,0.860526322926,0.419135237325
617,0.884451724747,0.255397877512,0.886842112008,0.425171747597
618,0.891980366358,0.24276711253,0.865789481684,0.362568204612
619,0.887725047072,0.238439996012,0.873684217663,0.477357925022
620,0.889034376158,0.241892047751,0.884210532825,0.30941356807
621,0.889361708332,0.238254905771,0.860526322926,0.389912468187
622,0.886743050648,0.253998931533,0.892105269589,0.307397479716
623,0.88445172504,0.254310822488,0.863157902501,0.336767793206
624,0.891653033989,0.234506931119,0.881578954427,0.350973437541
625,0.886088386105,0.23886926851,0.850000008549,0.383340358955
626,0.88216039931,0.247665940986,0.881578954427,0.322366447935
627,0.883797060253,0.242601861119,0.871052638481,0.350246214435
628,0.883797060351,0.251728245316,0.886842112008,0.294999502789
629,0.894271691575,0.240707056244,0.863157902109,0.326459637805
630,0.897217681775,0.233517673383,0.855263165737,0.380415865138
631,0.885433721903,0.250773892148,0.889473690798,0.394648939861
632,0.882160399383,0.247413518807,0.863157902893,0.324501445195
633,0.883142396296,0.245187663557,0.881578954427,0.382657179202
634,0.875613754807,0.265291642666,0.863157902109,0.426685182795
635,0.888052379319,0.240957424177,0.873684216879,0.526976382842
636,0.880523738026,0.249567994893,0.871052639265,0.306229739066
637,0.882160399579,0.260638851427,0.892105269589,0.29635484745
638,0.88968904036,0.239689949903,0.85526316613,0.403679581255
639,0.883469728372,0.238790745259,0.884210532825,0.325243892971
640,0.902782329707,0.22442646878,0.871052639265,0.338531567697
641,0.884124392866,0.255910957789,0.884210532825,0.324887001879
642,0.886415718157,0.241197059465,0.878947375244,0.305544191981
643,0.888052379563,0.242032049269,0.873684218055,0.312772997075
644,0.890671037369,0.249411749371,0.852631587731,0.338450197653
645,0.890998369592,0.231082177503,0.865789481684,0.334532436467
646,0.893944359499,0.245962101761,0.865789481292,0.380908080729
647,0.906710316477,0.228258304178,0.876315796454,0.330297271208
648,0.89787234622,0.223961496497,0.863157901717,0.440205671402
649,0.88216039953,0.255154624474,0.842105271393,0.367224163244
650,0.895253688316,0.230929832223,0.873684217663,0.344948921689
651,0.889361708381,0.246491045055,0.863157902501,0.373561093248
652,0.883797060692,0.243133478748,0.871052638873,0.320850344436
653,0.893944359596,0.231263324506,0.881578954427,0.339004420184
654,0.891980366309,0.238795818048,0.878947375636,0.309898321778
655,0.892307698239,0.250588798901,0.863157902501,0.324884364263
656,0.885106389485,0.251747051929,0.876315796846,0.325429054902
657,0.895253688634,0.240647681572,0.868421060082,0.383798140683
658,0.890016372973,0.242431613247,0.860526324103,0.358608413428
659,0.889361708356,0.240176292559,0.868421060474,0.357247027898
660,0.883469728421,0.254710335266,0.871052638873,0.321470395942
661,0.890671037272,0.234924740285,0.868421060474,0.379393113336
662,0.885106389632,0.245357338802,0.85526316613,0.363368369284
663,0.899509007431,0.23252699682,0.865789481292,0.329773863062
664,0.883142396003,0.255646794324,0.871052639265,0.418580376916
665,0.897217681824,0.223763043228,0.850000008549,0.623522254773
666,0.883469728274,0.248029189944,0.860526323711,0.490362384051
667,0.898527010422,0.233878791771,0.839473693387,0.408235291606
668,0.900818336225,0.226785417807,0.828947378224,0.497693435583
669,0.890016372777,0.237990120027,0.852631586947,0.372995900705
670,0.894926356264,0.241812350048,0.881578954035,0.367054769952
671,0.900818336225,0.230582889893,0.850000008549,0.344431395571
672,0.894599023895,0.235682254411,0.876315796846,0.361649711804
673,0.881505734694,0.242275837775,0.868421060082,0.422285647563
674,0.893289694956,0.236735760852,0.863157901913,0.314813016807
675,0.894599023993,0.229525463611,0.842105272177,0.339354376614
676,0.887725047072,0.238117519881,0.815789483488,0.487295337122
677,0.877577748265,0.260263919018,0.889473690798,0.367118334208
678,0.888379711713,0.253055188516,0.873684218055,0.434137887321
679,0.885761054028,0.242520579911,0.881578954035,0.311087456667
680,0.890016372875,0.237175133292,0.873684217663,0.348778117388
681,0.894926356264,0.245134827284,0.871052638481,0.35523261179
682,0.885106389632,0.24737523778,0.886842112008,0.354183828364
683,0.898854342937,0.231679709593,0.884210533217,0.341019927695
684,0.893617027349,0.232956971083,0.839473693387,0.355891535813
685,0.886415718035,0.238358324325,0.892105269001,0.271655207249
686,0.884451724796,0.258766989767,0.886842111616,0.345404030555
687,0.900163671974,0.233945804044,0.850000008941,0.397492544315
688,0.900163671779,0.224969440039,0.889473690406,0.381416187068
689,0.892635030608,0.238169903416,0.852631587339,0.666695088751
690,0.891325701766,0.237310558984,0.844736850183,0.446010295424
691,0.895908352786,0.233271321798,0.871052638873,0.42963177736
692,0.878559744934,0.256041011754,0.842105271785,0.438607711229
693,0.894926356143,0.235279821862,0.860526323711,0.344105849864
694,0.867757781486,0.268642241264,0.881578954427,0.351987867539
695,0.892635030559,0.234144036008,0.855263166522,0.437280960126
696,0.892635030632,0.226079248882,0.863157902893,0.333199556841
697,0.895908352713,0.23934086673,0.894736847987,0.371117203584
698,0.893944359426,0.240115712308,0.871052639265,0.446918600049
699,0.904418990772,0.227444741103,0.850000007764,0.345593785252
700,0.886415718474,0.248889131586,0.89736842717,0.308164661456
701,0.908019645027,0.220503320882,0.857894745312,0.353921443092
702,0.887070382822,0.245639582857,0.863157902893,0.327245709908
703,0.89198036587,0.236745378688,0.85526316613,0.383885800597
704,0.892635030437,0.229408890357,0.868421060474,0.378577545123
705,0.896890349552,0.237987433836,0.865789481292,0.422135454282
706,0.88805237949,0.239181661276,0.894736848379,0.337841957908
707,0.880851070541,0.258502903432,0.871052639265,0.471178820326
708,0.888379711615,0.243286737573,0.860526323711,0.45138907658
709,0.882487731411,0.250074675873,0.86842105969,0.299926926774
710,0.894599024188,0.230412168902,0.873684217271,0.437695282306
711,0.879214409379,0.255525644049,0.842105271785,0.493753440002
712,0.88968904053,0.234531523301,0.873684217663,0.403045796482
713,0.89361702713,0.227990131516,0.868421060474,0.328772716829
714,0.8942716916,0.239788943867,0.886842111616,0.348447234946
715,0.895908352884,0.233032216408,0.831578957015,0.4453594899
716,0.896563017256,0.23076756834,0.857894745312,0.46716869984
717,0.891325701595,0.239966065721,0.868421060474,0.344007675418
718,0.892307698117,0.241293061365,0.871052638873,0.407841913873
719,0.903764326229,0.21560138829,0.85526316613,0.549960144901
720,0.898527010568,0.220392456189,0.881578954035,0.414306176743
721,0.893944359743,0.237885990385,0.878947375244,0.492155683722
722,0.892962362831,0.238899154539,0.836842114596,0.45792936118
723,0.884451724845,0.243688774901,0.881578954427,0.307454998228
724,0.887725047414,0.240579484673,0.842105271001,0.529481408658
725,0.891980366065,0.226819419274,0.865789481684,0.463865657314
726,0.887070382822,0.240912254039,0.871052638873,0.50422485314
727,0.883797060546,0.260760790824,0.886842111616,0.361595509754
728,0.884124392842,0.248145627093,0.855263166522,0.471075053531
729,0.904418990577,0.22498819348,0.863157902109,0.500101418298
730,0.886415718254,0.245152811034,0.871052639265,0.394005618314
731,0.884451724918,0.237675280027,0.863157902501,0.407484841371
732,0.897217681677,0.215837919369,0.847368429366,0.533263493275
733,0.889034376158,0.235839909395,0.876315796846,0.371430077193
734,0.892962362831,0.242523029825,0.852631587731,0.426715904352
735,0.887070382822,0.2412983305,0.865789481684,0.389908101435
736,0.889689040555,0.247049131373,0.855263166522,0.4576401447
737,0.887397715044,0.23684259469,0.886842112008,0.41356873506
738,0.883797060643,0.253127713305,0.868421060082,0.421759478076
739,0.889034376256,0.228719127518,0.84736843015,0.457060205965
740,0.902127665115,0.218424461025,0.865789481684,0.364166803413
741,0.891653033842,0.237020398864,0.818421061886,0.438331347542
742,0.884451724796,0.241366613078,0.886842112008,0.364356464351
743,0.897545014095,0.223577285562,0.860526322926,0.432132775131
744,0.89525368839,0.231113844237,0.905263163149,0.34977734154
745,0.888379711761,0.245925356885,0.871052639265,0.474784417399
746,0.890343705098,0.240624654878,0.868421060082,0.393644738481
747,0.90343699425,0.217915752945,0.876315796846,0.346298318719
748,0.896563017354,0.224010106614,0.860526323318,0.353109612257
749,0.895908352835,0.233780376354,0.850000008352,0.380277408207
750,0.887725047365,0.240418556446,0.852631587339,0.333211311138
751,0.899836339556,0.220413887349,0.865789481684,0.411898667829
752,0.902782329756,0.227265994225,0.850000008941,0.559359438861
753,0.900491003929,0.224953996232,0.860526323711,0.449927173729
754,0.898527010592,0.22833795643,0.844736850968,0.443545930989
755,0.898854342888,0.218827188015,0.889473690798,0.386374452484
756,0.88477905736,0.246121601056,0.868421060474,0.374629582361
757,0.887070382529,0.252715902655,0.855263165737,0.563671442709
758,0.890998369202,0.230597263614,0.868421060474,0.368549461559
759,0.892635030705,0.237586289061,0.871052638873,0.372220457571
760,0.897217681824,0.224741529663,0.860526324103,0.3959381153
761,0.898854343035,0.219782663136,0.810526325907,0.43386867418
762,0.888707044033,0.242506035315,0.863157902109,0.416228808852
763,0.889689040433,0.237266924112,0.850000008156,0.504040648188
764,0.904091658549,0.214098517593,0.897368426778,0.449266693205
765,0.892635030559,0.235784206147,0.878947375636,0.475049166014
766,0.894271691673,0.233352294246,0.884210532433,0.363162391452
767,0.89623568496,0.222437720763,0.852631587731,0.442777095503
768,0.891980366114,0.227989866927,0.826315799042,0.677194427847
769,0.8870703827,0.252117872206,0.855263166522,0.431071633304
770,0.887725047218,0.23974326188,0.863157902893,0.438605714571
771,0.891325701644,0.238233390465,0.847368429758,0.426492796771
772,0.892307698385,0.226410976672,0.844736850575,0.546557632406
773,0.890998369397,0.242241126075,0.844736850575,0.454886221763
774,0.892962363026,0.234519295562,0.868421060082,0.409717979813
775,0.890671037223,0.240226572996,0.881578954427,0.363519278879
776,0.887397714996,0.252279606895,0.878947375244,0.354003265568
777,0.893617027227,0.227392580954,0.842105271393,0.51751140516
778,0.888707044082,0.246217780452,0.842105271785,0.353999478648
779,0.894599023871,0.237822735313,0.873684216879,0.409553008369
780,0.89067103732,0.23810240847,0.881578954427,0.342901790446
781,0.890016372777,0.239264330995,0.85789474492,0.322641857701
782,0.899509007431,0.221742170007,0.881578954035,0.33199896465
783,0.88805237949,0.239135252413,0.844736850968,0.447221017991
784,0.891325701668,0.230879403971,0.884210533217,0.379050304439
785,0.899836339556,0.22435982718,0.850000008941,0.495152111194
786,0.894599023944,0.223600176591,0.847368429758,0.470366075474
787,0.891325701863,0.223110197226,0.900000005568,0.356519599988
788,0.893289695005,0.237647842026,0.892105269589,0.407199754308
789,0.898527010812,0.225025861161,0.850000008549,0.449796963245
790,0.897217681775,0.236230864764,0.863157902501,0.643364713839
791,0.902782329561,0.22265549622,0.828947378224,0.457642261974
792,0.891980366211,0.229569460173,0.878947375244,0.371570260901
793,0.900818336371,0.222539088378,0.857894745312,0.444543017106
794,0.88772504695,0.240655971526,0.852631586947,0.515240359469
795,0.894271691526,0.23705719624,0.84736843015,0.55108727318
796,0.89590835303,0.231454333927,0.834210535413,0.379528103105
797,0.89885434284,0.221495027267,0.876315796454,0.568473439792
798,0.904091658452,0.209995422394,0.871052638873,0.446862718873
799,0.901800332942,0.224539002701,0.873684218055,0.400009504597
800,0.908019645271,0.212732450383,0.873684217663,0.414266557192
801,0.898199678638,0.228686070624,0.8657894809,0.437698164996
802,0.904091658403,0.217169510432,0.863157902501,0.426458092863
803,0.891980366211,0.227574243993,0.85526316613,0.400205185516
804,0.901145668496,0.234573336178,0.878947375244,0.402558919316
805,0.88739771502,0.247871830688,0.863157902501,0.393331503656
806,0.894271691648,0.236918362515,0.873684217663,0.363071935552
807,0.892635030803,0.229941961951,0.876315796846,0.331756566024
808,0.899181675087,0.21886602192,0.852631586947,0.424851031699
809,0.898199678297,0.234173881648,0.873684218055,0.513879748566
810,0.89918167516,0.222109680825,0.886842112008,0.301799729699
811,0.90016367173,0.221622608914,0.881578954035,0.388362639319
812,0.899509007334,0.223442411469,0.878947374852,0.368604089368
813,0.900163671584,0.228249976075,0.873684217271,0.529497485856
814,0.892962362733,0.237745049738,0.905263163541,0.350809466328
815,0.899836339703,0.216523219236,0.90000000596,0.285400581454
816,0.898199678589,0.224919902785,0.881578954427,0.431663042936
817,0.895581020344,0.235460586993,0.884210533217,0.412946406791
818,0.901473000792,0.22286327752,0.857894745312,0.411489241319
819,0.907037648383,0.21187710906,0.871052639265,0.354350678788
820,0.88608838608,0.237213638663,0.868421060474,0.297830881727
821,0.906055651593,0.207937621086,0.881578954427,0.361511376942
822,0.892962363123,0.237755682375,0.85526316613,0.407812096782
823,0.892962362562,0.230062221546,0.871052638873,0.402971847752
824,0.893944359645,0.225259119074,0.860526323318,0.384477356282
825,0.909656306384,0.212393819192,0.876315796846,0.412575214066
826,0.884124392695,0.241353626127,0.871052638873,0.38865629724
827,0.895908352786,0.225773970217,0.868421058906,0.405231868433
828,0.902127665164,0.22329648429,0.884210533217,0.328108723024
829,0.896235685009,0.237069290171,0.860526324103,0.430177101863
830,0.905728319346,0.211690725133,0.84473685136,0.489343863155
831,0.893617027374,0.243303671027,0.865789481292,0.507006726662
832,0.894926356264,0.232426483223,0.85789474492,0.486817336938
833,0.893617027374,0.228179750322,0.863157902893,0.475929026491
834,0.881178402642,0.25214750566,0.871052638873,0.344735032554
835,0.889689040555,0.235245290577,0.868421060082,0.454161998314
836,0.888052379344,0.229412227422,0.868421060474,0.382055661286
837,0.89198036626,0.241223059766,0.868421060474,0.538294035973
838,0.897545013949,0.216623201064,0.884210533217,0.358391057037
839,0.897872346318,0.217711511181,0.855263166522,0.381352388163
840,0.909328974259,0.213422558037,0.886842111224,0.341135059943
841,0.884779057312,0.245983242779,0.871052639265,0.307872120579
842,0.90278232961,0.21834633629,0.852631587339,0.39059733962
843,0.891980366284,0.229736861543,0.850000008156,0.443614912459
844,0.891980366211,0.233270519312,0.857894745312,0.455709667463
845,0.898854342913,0.225635172199,0.85526316613,0.506215620755
846,0.901800332942,0.224371184568,0.844736850575,0.467295851027
847,0.907364980728,0.213776524232,0.857894745312,0.436918398347
848,0.904091658598,0.219695077385,0.855263166522,0.500330076926
849,0.889361708332,0.231816251706,0.871052638873,0.370734539852
850,0.898854342791,0.22273114339,0.85526316613,0.497862363317
851,0.902782329658,0.224101113493,0.842105271393,0.44338235125
852,0.89525368839,0.222605648626,0.884210533217,0.426331281461
853,0.900491004002,0.221469958181,0.871052638481,0.360758579846
854,0.90638298406,0.210873497355,0.850000008156,0.452479316792
855,0.895908352689,0.24013831409,0.881578954035,0.31581120523
856,0.901145668496,0.228285726419,0.852631587339,0.438822891583
857,0.904746323141,0.218782147333,0.881578954427,0.350380785354
858,0.899181674916,0.223736796649,0.889473690798,0.328125502401
859,0.897545014095,0.22816878346,0.876315796062,0.323568125788
860,0.890998369689,0.23781455361,0.850000008549,0.383300465689
861,0.902454997485,0.211423892118,0.842105271785,0.488688447872
862,0.89361702752,0.224689005114,0.857894745312,0.388378460802
863,0.898527010617,0.228919669018,0.884210533217,0.390525465353
864,0.89885434284,0.219221751213,0.881578953643,0.326099721652
865,0.896235685204,0.228995425666,0.881578954035,0.370288148384
866,0.898854342888,0.223233040993,0.85789474492,0.430683538069
867,0.904746322946,0.215525739189,0.84736843015,0.509877568402
868,0.912274964117,0.200218150673,0.85526316613,0.533697571385
869,0.898199678297,0.23110320223,0.868421060474,0.530261279587
870,0.900491004075,0.226780322956,0.865789481292,0.412747406057
871,0.908346977396,0.210464446722,0.857894745312,0.479283846453
872,0.898527010666,0.216675258769,0.892105269197,0.374320702169
873,0.902782329415,0.219224899508,0.881578953643,0.390069138465
874,0.901800332868,0.214596356541,0.878947375636,0.339661091046
875,0.90180033299,0.213368938467,0.873684217663,0.403830661144
876,0.894271691722,0.223738553032,0.876315796846,0.421224661714
877,0.885433721611,0.249702375293,0.889473690798,0.34147300129
878,0.890016372534,0.23797603154,0.889473690798,0.414645255872
879,0.894926356362,0.217500452502,0.871052638873,0.472857323982
880,0.884124392866,0.237913190541,0.878947375244,0.351126103743
881,0.910965635178,0.212903873799,0.860526323711,0.486875913056
882,0.898527010763,0.228200491385,0.863157902501,0.416590378568
883,0.907364980825,0.208644929395,0.868421060474,0.430553690114
884,0.898854342864,0.224639947705,0.863157902893,0.362930166507
885,0.898527010714,0.222004041716,0.860526323711,0.422239397364
886,0.891325701473,0.240654788535,0.863157902501,0.521365412993
887,0.902782329512,0.215975282877,0.863157902501,0.446806668862
888,0.906055651739,0.211156482764,0.873684216879,0.408390155736
889,0.897217681604,0.222850398472,0.847368429758,0.626470972396
890,0.899181675062,0.221070354678,0.836842114596,0.503895140563
891,0.903436994153,0.217110867977,0.876315796846,0.376645802064
892,0.888707043984,0.240073265065,0.868421060474,0.412402865085
893,0.894926356264,0.229581210861,0.84736843015,0.374079429167
894,0.878887076986,0.251547682636,0.863157902893,0.425187960828
895,0.908019645222,0.204563719071,0.865789481684,0.41113699768
896,0.899509007187,0.220752636935,0.876315796062,0.317442457261
897,0.902454997387,0.221772111246,0.86842105969,0.340852280472
898,0.901800332893,0.220810332702,0.894736847987,0.41839497272
899,0.907692312999,0.21801357602,0.889473690798,0.418430521121
900,0.895253688341,0.229890849548,0.85526316613,0.510634078099
901,0.910310970683,0.207080281673,0.878947375636,0.379034436999
902,0.895581020759,0.225909771806,0.85789474492,0.542558983295
903,0.900818336127,0.211355383196,0.85789474492,0.425915567893
904,0.903109661442,0.216858511269,0.852631587339,0.495107055075
905,0.904746322897,0.219422419486,0.860526322926,0.40250666025
906,0.898199678467,0.226684837219,0.871052639265,0.390224263914
907,0.895908352835,0.238029377649,0.881578954035,0.569633579828
908,0.891325701546,0.233947137854,0.892105269589,0.407924139729
909,0.8975450139,0.229441703304,0.836842114204,0.430791403004
910,0.901145668642,0.21690656449,0.85789474492,0.566777860436
911,0.890998369641,0.234483523119,0.886842112008,0.403066420626
912,0.906055651593,0.214988333066,0.852631587339,0.52490394169
913,0.904418990772,0.214204567436,0.865789481684,0.365227105356
914,0.896235685009,0.225600755531,0.852631587731,0.479372281707
915,0.909001641841,0.211224919798,0.881578953839,0.409853021461
916,0.90736498063,0.210695873596,0.873684218055,0.388388961452
917,0.897872346318,0.228654574381,0.863157902893,0.382085837392
918,0.902454997289,0.217790326776,0.881578954427,0.382479992269
919,0.911947631846,0.202348767027,0.818421061886,0.401072726461
920,0.909983638363,0.205266667582,0.863157902109,0.365888694217
921,0.895253688585,0.225335372168,0.855263166522,0.396628379339
922,0.909656306433,0.21653780252,0.881578953643,0.38262898267
923,0.89918167516,0.222176429244,0.878947375636,0.509577331656
924,0.900163671925,0.216502824475,0.855263166522,0.427670673051
925,0.907364980923,0.205590787665,0.871052638873,0.43838652528
926,0.899836339459,0.227264541163,0.85526316613,0.511570736903
927,0.895253688365,0.235792684582,0.852631587143,0.436686974158
928,0.900818336029,0.224942644996,0.876315796846,0.388931296124
929,0.908674309619,0.209393272399,0.860526323711,0.455076904333
930,0.896235685131,0.224889766979,0.857894745312,0.521523681778
931,0.894599024115,0.221097939791,0.844736850575,0.53269839934
932,0.911947631992,0.193469467588,0.839473693387,0.560276237039
933,0.900491004099,0.215404029422,0.876315796846,0.462173970182
934,0.906055651934,0.215289876714,0.876315796062,0.429939429114
935,0.894599024042,0.232559568871,0.860526323318,0.55438365048
936,0.902127665262,0.223721236027,0.850000008549,0.344353437465
937,0.898199678418,0.221328130848,0.85526316613,0.508086922382
938,0.899181675257,0.222049032982,0.863157902893,0.479892831151
939,0.900163671828,0.218898146054,0.844736850968,0.413876731755
940,0.904746323044,0.2085752058,0.842105271197,0.368323793038
941,0.902127665164,0.21202520335,0.868421060082,0.506383273211
942,0.900491003856,0.210168771109,0.878947375244,0.584181099251
943,0.904418990918,0.209438678086,0.860526324103,0.637051370953
944,0.898527010568,0.214474379449,0.894736848379,0.370237600867
945,0.897872346318,0.225618493626,0.850000008156,0.516467419735
946,0.89950900748,0.218864290112,0.826315797865,0.638318188362
947,0.909983638631,0.200434216233,0.873684218055,0.580505709187
948,0.905400987489,0.210234336162,0.855263165345,0.472590913496
949,0.900818336225,0.223071012434,0.839473692994,0.492898379026
950,0.900818336225,0.221121458661,0.865789481684,0.54808136856
951,0.906710316282,0.198058981993,0.871052638873,0.457285793092
952,0.904091658452,0.216522733132,0.881578954427,0.403083015384
953,0.910965635129,0.208466079816,0.878947375244,0.338494815111
954,0.899509007236,0.21420917311,0.863157902893,0.446298401557
955,0.9112929674,0.195288161243,0.863157902501,0.651618474991
956,0.884779057312,0.238887131051,0.863157902501,0.408837049878
957,0.896563017378,0.231403268535,0.876315796454,0.394833617714
958,0.905073655047,0.207664860866,0.889473690798,0.384959661877
959,0.901473000621,0.224603831964,0.855263166522,0.463114323742
960,0.910965635251,0.200304168077,0.878947375636,0.365448980657
961,0.899836339556,0.218791404971,0.884210533217,0.466767710164
962,0.909983638705,0.20808151601,0.876315796846,0.521450728436
963,0.899509007309,0.221392967845,0.865789481292,0.579182986017
964,0.908674309765,0.200365305502,0.878947375636,0.52412408969
965,0.898199678345,0.220141816763,0.915789478704,0.291128885345
966,0.902127664969,0.210333441133,0.873684217663,0.592157148497
967,0.910310970683,0.200555180015,0.844736850968,0.518582046338
968,0.904091658257,0.210890143935,0.850000008156,0.741825263957
969,0.88936170821,0.235467612586,0.847368429366,0.471929013531
970,0.897872346171,0.21378743629,0.871052638481,0.478622169269
971,0.9008183362,0.222074679369,0.860526323711,0.649165048417
972,0.89819967854,0.210462208096,0.855263164953,0.419324599308
973,0.901800332844,0.219652950573,0.878947375636,0.571744678273
974,0.90212766514,0.213184967668,0.889473690798,0.433231508706
975,0.902454997387,0.217377978829,0.868421060082,0.606889871589
976,0.897217681677,0.227315360661,0.860526323711,0.518347981946
977,0.896563017207,0.219526741558,0.881578954035,0.429798235511
978,0.896235685204,0.229393340625,0.852631587339,0.486908973205
979,0.901800332942,0.219916137721,0.857894745312,0.498844921551
980,0.904418990821,0.211113483223,0.852631587731,0.515911475137
981,0.899836339654,0.22655682389,0.852631586947,0.489888963412
982,0.904418990772,0.210747568046,0.85526316613,0.539235876437
983,0.895908352933,0.223046965617,0.884210532433,0.410496167713
984,0.903436994006,0.207196332755,0.873684217663,0.401010554497
985,0.906055651739,0.20602675614,0.873684216879,0.462650884402
986,0.89819967854,0.212336279052,0.860526323318,0.536314830148
987,0.896235685107,0.216779291351,0.873684217663,0.483935711228
988,0.914238957258,0.207670204591,0.878947375636,0.453571432756
989,0.901473000768,0.210683870526,0.894736848379,0.428759611079
990,0.89918167516,0.219856463686,0.863157902109,0.486155462162
991,0.909983638461,0.201240574009,0.860526324103,0.526431764549
992,0.894926356313,0.220129600957,0.878947375636,0.37933578711
993,0.907037648505,0.195851025522,0.868421060082,0.433405264026
994,0.894926356094,0.223932232437,0.850000008549,0.612750530048
995,0.902454997338,0.214130840163,0.85789474492,0.615993713709
996,0.907037648481,0.207001844407,0.839473693779,0.431181305222
997,0.906382984157,0.203584882011,0.847368429758,0.465738461447
998,0.922422262875,0.186143272762,0.850000008156,0.560845415372
999,0.903436993909,0.22229598783,0.8657894809,0.581644568959
