epoch,acc,loss,val_acc,val_loss
0,0.747058834693,0.717031730542,0.766101707341,0.807161246568
1,0.76806723843,0.641781800747,0.759322046223,0.660119456002
2,0.779831944206,0.59591615272,0.725423741896,0.709903395277
3,0.791176481564,0.589249622828,0.816949162948,0.575062980339
4,0.794117657264,0.565133751002,0.749152553284,0.693054587659
5,0.796218497913,0.55629318148,0.786440688675,0.570678530103
6,0.786554632129,0.542166037062,0.769491537143,0.548799999437
7,0.80588236279,0.518523350295,0.694915268886,0.864522158847
8,0.803781521953,0.531118131924,0.820338991486,0.523102562306
9,0.801680682618,0.503343494719,0.796610179594,0.591676889966
10,0.787815136287,0.510442948235,0.772881365934,0.549393346502
11,0.802941186714,0.477701112252,0.783050857863,0.723522958235
12,0.807563035084,0.4747139894,0.742372894691,0.549095484412
13,0.81008404318,0.473135104732,0.816949162948,0.474585133084
14,0.815966395959,0.449271093005,0.800000010153,0.523941258505
15,0.800420177991,0.48320743908,0.786440687664,0.451622026704
16,0.808403370918,0.455082454351,0.769491536385,0.484041096169
17,0.792857153263,0.450131382731,0.813559331631,0.484718002126
18,0.790336145198,0.468160334333,0.8000000099,0.481594878486
19,0.799579841938,0.449433011292,0.759322044455,0.583073448958
20,0.808823539179,0.455157209031,0.796610178331,0.413151907971
21,0.810084043337,0.447786042122,0.783050857863,0.606557662457
22,0.812184883829,0.435531076013,0.816949161938,0.454778535891
23,0.810504210972,0.449171664647,0.83389831347,0.40894538745
24,0.811764715192,0.422990617694,0.803389840207,0.444660981075
25,0.802521018891,0.446717121865,0.789830519486,0.485012444652
26,0.817226900367,0.435095182503,0.793220349793,0.556519186345
27,0.806722698405,0.458853532756,0.793220349288,0.461205362263
28,0.808823539179,0.435894256129,0.820338991739,0.412254967301
29,0.820588244423,0.423945953647,0.779661026547,0.49887675792
30,0.811344547463,0.436663860283,0.806779671018,0.44955415708
31,0.810924379296,0.432147653601,0.806779671018,0.456316272586
32,0.816806731667,0.424984425197,0.789830518476,0.449068787113
33,0.818487403773,0.425242599444,0.800000010406,0.486892552573
34,0.8201680766,0.416272118562,0.796610179089,0.414358977418
35,0.816806731886,0.42985351451,0.816949161433,0.447104877966
36,0.806722698686,0.437802204674,0.762711874509,0.609707964805
37,0.818067235794,0.430303262437,0.776271198008,0.488403762549
38,0.826050429034,0.418189307753,0.837288144281,0.406786799431
39,0.821008412715,0.432180576778,0.813559331631,0.427508459127
40,0.821848748518,0.409877766393,0.786440688422,0.655289054801
41,0.817226899803,0.42854747627,0.840677974083,0.394516896014
42,0.807563035052,0.429058644294,0.837288143776,0.392405790924
43,0.834873957951,0.395732026156,0.77627119725,0.540367194278
44,0.810924379296,0.423979326879,0.820338992244,0.450842118617
45,0.820588243922,0.416911126216,0.800000009395,0.464133059953
46,0.819747907963,0.415910257449,0.76271187653,0.611798619694
47,0.818067236013,0.403617235808,0.837288143776,0.43204594694
48,0.813865555685,0.417376040755,0.840677974588,0.399585953077
49,0.816806732262,0.415013335207,0.837288143776,0.415417405887
50,0.817647067971,0.40165615686,0.837288143776,0.379590369382
51,0.824369757115,0.387859322522,0.772881367449,1.25118664627
52,0.853781520632,0.384546565628,0.800000009143,0.47065664651
53,0.840336142687,0.382549379099,0.833898314985,0.420514702671
54,0.815126059405,0.416808234246,0.820338993254,0.432304593845
55,0.822689084727,0.395078904207,0.769491536132,0.456978999205
56,0.839075639093,0.390973786393,0.83389831448,0.416792983095
57,0.828571437694,0.394225683564,0.830508484679,0.465487897775
58,0.836134462641,0.380625227012,0.796610178584,0.53686491962
59,0.823529420718,0.407981027606,0.847457635201,0.412552198869
60,0.826890765118,0.401587894359,0.820338993759,0.494096883525
61,0.836134462516,0.371465566153,0.813559331631,0.483752341215
62,0.849159672042,0.372033275022,0.837288144281,0.397886855749
63,0.840336143063,0.372977958554,0.806779671524,0.477967163769
64,0.835294126619,0.385250813148,0.820338992749,0.426154326584
65,0.841596647158,0.367615143135,0.810169501325,0.509808727872
66,0.825630261461,0.402607589991,0.796610179089,0.57913860666
67,0.827310933536,0.391300667234,0.837288144281,0.37794737341
68,0.848739503625,0.370721446241,0.816949162443,0.507712224277
69,0.833193286439,0.392125651694,0.823728822045,0.446359116268
70,0.82478992497,0.390804574692,0.820338992244,0.437986604112
71,0.845378159475,0.371199144285,0.844067805399,0.372329484229
72,0.830672277811,0.391590591113,0.796610180352,0.454859169863
73,0.836974798412,0.394916398686,0.854237296824,0.371294172512
74,0.831092445853,0.374295093041,0.867796617544,0.363321629874
75,0.841176479084,0.375174375721,0.789830519486,0.455832642519
76,0.831932781812,0.397237360884,0.816949162443,0.417722267115
77,0.834033622242,0.374875019688,0.850847466012,0.488062984294
78,0.842436983274,0.360645535754,0.820338992749,0.43052236357
79,0.834873958107,0.380511066258,0.861016956931,0.369649861892
80,0.827731101672,0.383126945634,0.833898314985,0.388261693767
81,0.832352949854,0.38427130075,0.789830518476,0.484749106406
82,0.842857151284,0.378442514766,0.830508482911,0.476882857791
83,0.834873958483,0.390509452874,0.861016957437,0.360431046304
84,0.83739496658,0.370443969855,0.823728823561,0.384189691079
85,0.834033622367,0.378715378162,0.820338992244,0.404067758218
86,0.840336143063,0.36411588999,0.840677973578,0.392345512065
87,0.849159672355,0.361207253667,0.796610178331,0.500706066267
88,0.841596646876,0.368024979585,0.816949163453,0.403630509089
89,0.852941184391,0.36628697494,0.810169501577,0.513149004303
90,0.838655471019,0.380882152176,0.847457636211,0.354761263387
91,0.844957991433,0.353034480733,0.83389831448,0.371913138714
92,0.84159664697,0.358542568778,0.833898314985,0.406610704706
93,0.846638663633,0.366172761148,0.769491536132,0.877911986436
94,0.842436983274,0.365776621165,0.830508483669,0.411399873826
95,0.841596647095,0.362854958269,0.827118653867,0.447506600075
96,0.840336143094,0.372838255879,0.783050860389,0.568933153683
97,0.85294118414,0.35752633081,0.827118652857,0.37102021479
98,0.841596647189,0.37144219016,0.85762712713,0.39759667565
99,0.839495806853,0.372167358801,0.861016956931,0.36954233164
100,0.833613453949,0.378478846787,0.850847466012,0.385393012062
101,0.845798327423,0.354849723958,0.827118652352,0.568952361785
102,0.837394966454,0.370971040597,0.800000010406,0.516176295483
103,0.85168068017,0.345231729239,0.820338992749,0.393486513425
104,0.83277311799,0.383705736177,0.813559332642,0.503800218704
105,0.848319335582,0.350709658241,0.813559331126,0.517806971604
106,0.830672278092,0.371754779754,0.844067805904,0.383842182993
107,0.850840344775,0.347168860347,0.820338993759,0.432919263903
108,0.84159664697,0.361824346753,0.796610180604,0.501270209202
109,0.852941184391,0.352452083264,0.85762712713,0.365861184453
110,0.838235302539,0.360532040606,0.857627126625,0.446152516215
111,0.851260511878,0.353293354318,0.847457635706,0.395425321692
112,0.847478999498,0.362878917396,0.827118654372,0.404120083961
113,0.854621856184,0.341790094213,0.830508483669,0.435710896375
114,0.861344545454,0.327023053604,0.837288144281,0.384990443996
115,0.849579839709,0.354931976177,0.908474581221,0.270042814441
116,0.847478999655,0.352589246308,0.840677975093,0.386882544322
117,0.850000008127,0.35607591622,0.837288144281,0.419783825276
118,0.857142865094,0.33788020973,0.823728822551,0.467876359694
119,0.844957991401,0.364856351026,0.823728824066,0.402413448161
120,0.853781520475,0.34349582954,0.813559332642,0.401044392548
121,0.844117655317,0.358435632238,0.742372894186,1.06926021296
122,0.831932781468,0.375580506697,0.850847466012,0.339288415924
123,0.857983201147,0.333528117613,0.813559332136,0.412054622388
124,0.8521008484,0.336623916301,0.823728823561,0.386304983459
125,0.843697487463,0.343965210443,0.854237296824,0.385318398349
126,0.862605049643,0.341477093952,0.820338993254,0.403585996984
127,0.842016815012,0.357938738454,0.850847465002,0.324477909164
128,0.856302528478,0.338827230044,0.806779672534,0.427108858349
129,0.843277319765,0.348851871755,0.823728821793,0.375388500675
130,0.856302528697,0.332872814648,0.874576277905,0.306373193481
131,0.854621856215,0.348115011416,0.837288144281,0.356288748967
132,0.844117655724,0.349659300714,0.857627125615,0.352583888097
133,0.844117655348,0.341235148517,0.840677975093,0.388152052854
134,0.857563032479,0.342112304032,0.833898313975,0.358830882015
135,0.848319336083,0.341961627615,0.867796618049,0.364496967171
136,0.862605049392,0.333219064822,0.854237295813,0.354451467236
137,0.850420176232,0.347277140965,0.850847466012,0.405423222457
138,0.839915975177,0.36649919511,0.827118653867,0.382152007545
139,0.844537823109,0.36133829775,0.871186447851,0.358713864017
140,0.850840343961,0.329216601609,0.88135593877,0.316996005443
141,0.834453790034,0.363426713054,0.854237295813,0.323913612861
142,0.852521016442,0.345199557679,0.847457635706,0.367971589631
143,0.855042024476,0.348388810603,0.854237296319,0.357713502406
144,0.850000008315,0.348202535272,0.861016956426,0.331254580327
145,0.845798327267,0.339932186239,0.813559332136,0.422284122998
146,0.853361352182,0.340767342574,0.796610181109,0.478920249047
147,0.847058831957,0.338158156676,0.827118652857,0.351571991661
148,0.845798327799,0.352856123178,0.833898314985,0.380775218293
149,0.866806729845,0.323445100979,0.854237296319,0.344816674968
150,0.852521016505,0.337532776494,0.847457635706,0.354364475204
151,0.863025217372,0.321783501232,0.850847466012,0.323098414783
152,0.856302528572,0.328622990108,0.850847466012,0.351546834712
153,0.865546225813,0.319040860386,0.833898314227,0.369005788118
154,0.860924376942,0.331665611442,0.88135593877,0.324337496659
155,0.850420176075,0.334555182528,0.861016955921,0.317066043994
156,0.853361352339,0.344527774201,0.837288143776,0.355495929339
157,0.852941184547,0.338072832517,0.857627126625,0.34252738277
158,0.855462192675,0.334365618118,0.823728823056,0.44502689721
159,0.854621856497,0.33031266455,0.867796618049,0.33584587036
160,0.843277319452,0.351158812533,0.857627126625,0.333467938637
161,0.850420175981,0.333608161251,0.88135593877,0.327038629391
162,0.8537815206,0.33604823902,0.850847466012,0.35336352588
163,0.860084041327,0.332623536425,0.854237295308,0.372317665967
164,0.848319335958,0.356412891173,0.84067797383,0.397999479104
165,0.849159671917,0.350916986831,0.837288144786,0.352840304185
166,0.864705889572,0.327588966868,0.803389840459,0.445302663529
167,0.84621849581,0.34800244849,0.854237296824,0.375359210928
168,0.855462192706,0.333124774782,0.827118653867,0.374088970344
169,0.855882360843,0.339832190988,0.827118652099,0.366244910695
170,0.856722696927,0.33209630069,0.827118653362,0.378240008475
171,0.857983201179,0.336573189023,0.820338992749,0.405262578468
172,0.860084041327,0.329023007538,0.820338992244,0.441897881991
173,0.853361352433,0.34502696962,0.816949162695,0.436851103238
174,0.85588236078,0.332580839057,0.820338993759,0.387005984278
175,0.847478999874,0.350182353292,0.840677975093,0.36864345647
176,0.859663873535,0.334305402831,0.847457634696,0.363378739458
177,0.850000007939,0.343095361365,0.833898313975,0.384527215387
178,0.847479000124,0.342057684601,0.867796618049,0.320656326173
179,0.8554621928,0.316500542357,0.840677975093,0.397790814924
180,0.865126057833,0.317976811009,0.861016957437,0.338627407643
181,0.850840344086,0.350412583166,0.837288144281,0.419487596758
182,0.85798320074,0.328397849379,0.847457635201,0.346497257382
183,0.84873950375,0.343887114224,0.884745769582,0.370295506602
184,0.857983200928,0.319691846006,0.823728823056,0.401688864549
185,0.86134454561,0.325443379151,0.861016956931,0.350907766497
186,0.857983201085,0.33236413208,0.830508484174,0.38039882358
187,0.857563032667,0.335833005991,0.83389831347,0.362427301073
188,0.857142865251,0.327818555601,0.83389831347,0.427881593737
189,0.8605042089,0.333819959821,0.850847466517,0.36191278655
190,0.875210090626,0.319758334596,0.830508484174,0.363946759789
191,0.84957983949,0.329807975212,0.871186447851,0.316862031565
192,0.857142865,0.335164872186,0.874576278157,0.335250225992
193,0.850000008002,0.3305743279,0.833898313975,0.353247285931
194,0.854201688674,0.333643262329,0.840677974588,0.354854896159
195,0.863865553519,0.325313418798,0.85762712511,0.358744087298
196,0.868067234379,0.327368064337,0.854237296319,0.36308274557
197,0.868907570213,0.321165966582,0.847457634696,0.336098016192
198,0.864285721217,0.31999863739,0.844067805399,0.358621340687
199,0.868907570088,0.31667207338,0.867796618049,0.318452570082
200,0.873949586969,0.306934636556,0.837288144786,0.358714249522
201,0.85294118486,0.341046619299,0.844067805399,0.338374832487
202,0.852521016411,0.342634543542,0.823728823056,0.399987954962
203,0.845798327329,0.346197610846,0.881355939275,0.312842964495
204,0.860924377411,0.320619291203,0.864406787238,0.326887594946
205,0.859243705055,0.32834402154,0.861016956931,0.345958644177
206,0.858823537263,0.323554285606,0.837288144281,0.383038228409
207,0.851260512159,0.33278745819,0.847457635706,0.306958065068
208,0.862184881413,0.320949337351,0.806779671018,0.392660657291
209,0.864285721937,0.323322733723,0.844067804389,0.361512577572
210,0.857142864969,0.319783868957,0.864406787743,0.335281258417
211,0.864285721905,0.321170453436,0.823728823056,0.39374055303
212,0.870168074214,0.311461425144,0.827118653867,0.372523192001
213,0.869327738568,0.314266769294,0.861016956931,0.342894055391
214,0.849159671855,0.335927959892,0.867796617544,0.357278401379
215,0.871428578842,0.313318824842,0.83389831347,0.371496614384
216,0.854201688455,0.333278378894,0.857627125615,0.324000098316
217,0.869327738036,0.322023175281,0.833898313975,0.39548811468
218,0.856722696395,0.339047755843,0.867796617039,0.320959613737
219,0.856302528634,0.327062889652,0.874576278157,0.31534375484
220,0.857563032667,0.33602514071,0.837288144029,0.381878529186
221,0.860924377599,0.318131214947,0.847457635706,0.363252474185
222,0.86050420915,0.32593323504,0.844067805399,0.337017634599
223,0.858403368908,0.335584529417,0.844067805904,0.363495418423
224,0.859663873598,0.33499230734,0.850847466012,0.35389391497
225,0.85588236078,0.331367536871,0.854237296319,0.382101803387
226,0.848739503875,0.340172208705,0.854237296319,0.364582144419
227,0.850420175793,0.337835118073,0.837288144281,0.367170950177
228,0.862184881538,0.317991714588,0.830508484174,0.383250437172
229,0.852100848275,0.333958262249,0.844067804894,0.374391315221
230,0.846638663883,0.339373301589,0.854237295813,0.372725895274
231,0.853781520475,0.333355790231,0.806779672029,0.417264181426
232,0.861344545266,0.319359226497,0.850847466012,0.3661165848
233,0.857563032855,0.329924426621,0.877966108969,0.357042689697
234,0.858403369252,0.328930243177,0.864406787743,0.316652602121
235,0.877310931244,0.30472068869,0.871186447851,0.302269502369
236,0.855042024758,0.332124801595,0.83389831347,0.364470636377
237,0.868067234035,0.306856452213,0.844067804389,0.350212766931
238,0.862184881475,0.315351444539,0.864406786733,0.321764970356
239,0.855042024696,0.3233850547,0.867796617039,0.312850394681
240,0.855042024414,0.320574792579,0.833898313975,0.34352376372
241,0.860084041014,0.30612468527,0.85762712713,0.316468137364
242,0.866806729971,0.318467420808,0.884745769582,0.313968835809
243,0.874369754949,0.317302051525,0.874576278157,0.322272022649
244,0.863025217434,0.316648452817,0.881355938265,0.308762678087
245,0.85966387341,0.324044527987,0.847457635201,0.369341921124
246,0.864285721811,0.316903941552,0.854237296319,0.399635649176
247,0.857983201053,0.321917224308,0.850847465507,0.325061318922
248,0.859243704992,0.315370910081,0.803389841217,0.428194308432
249,0.873529418739,0.310338427735,0.881355939275,0.329663893303
250,0.868487402171,0.331999070457,0.844067805399,0.351154999839
251,0.872689082592,0.310699896316,0.840677974588,0.39090787632
252,0.86638656196,0.322608711581,0.867796617544,0.324027140956
253,0.876890762952,0.296721307154,0.850847465507,0.393017971509
254,0.863865553707,0.327594186218,0.888135599888,0.298685658976
255,0.881512611541,0.29439613065,0.850847465507,0.337606564164
256,0.868907570119,0.308965318813,0.844067804894,0.350795546831
257,0.868067234222,0.312186303822,0.844067805399,0.333375804884
258,0.867647066024,0.313113696544,0.874576277652,0.330643542427
259,0.872268914394,0.318756874925,0.874576278662,0.349213882902
260,0.862184881663,0.310426292393,0.874576278662,0.3205370581
261,0.865546225813,0.310550795805,0.891525430194,0.276031177933
262,0.862605049236,0.310736113885,0.867796617039,0.311751577814
263,0.86470589001,0.330411437069,0.867796617544,0.294712056074
264,0.86302521781,0.32183578522,0.871186447851,0.338224578333
265,0.858403369283,0.323429874293,0.867796617039,0.319862058733
266,0.85672269724,0.337374109947,0.840677975598,0.360966314135
267,0.856722696864,0.317189251801,0.884745769076,0.270295095772
268,0.864705889541,0.309479606322,0.844067804894,0.365838362662
269,0.875630258763,0.300506884044,0.83389831347,0.336776281502
270,0.867647066118,0.312888688384,0.833898313975,0.364118277016
271,0.878571435371,0.296811085429,0.877966108464,0.351270446175
272,0.861344545454,0.319801119861,0.850847465507,0.337284284723
273,0.87352941852,0.311576416481,0.871186447851,0.311666696317
274,0.860084041202,0.314159162037,0.854237295813,0.362585098909
275,0.84495799137,0.337724503153,0.823728823561,0.387079258939
276,0.858823537169,0.325260356632,0.898305090807,0.287559383565
277,0.868907570182,0.311286261321,0.837288145292,0.370558959448
278,0.861764713809,0.317345282986,0.864406787238,0.337377951938
279,0.857563032698,0.326684316166,0.854237296824,0.343570922454
280,0.863445385852,0.317782648252,0.857627126625,0.32733322579
281,0.868907570213,0.2995183768,0.877966108464,0.306168720316
282,0.868067234379,0.310983659512,0.850847465507,0.323340034523
283,0.865966393855,0.314149506734,0.837288142766,0.324800288463
284,0.862184881413,0.322375780347,0.847457636211,0.358123974148
285,0.86638656221,0.31156696927,0.881355939275,0.309714376263
286,0.862605049831,0.3265293631,0.861016956426,0.372859934755
287,0.863445385852,0.319554651133,0.85762712713,0.33117443923
288,0.874369754949,0.312772525694,0.840677975598,0.378324863454
289,0.866386561991,0.309095377048,0.864406786733,0.379555775484
290,0.873949586907,0.308016624951,0.85762712612,0.351315199003
291,0.863445385226,0.32449629301,0.857627126625,0.35997219731
292,0.8722689143,0.308892545455,0.877966107706,0.323499708231
293,0.871428578466,0.311551986129,0.871186447851,0.331719835084
294,0.86974790636,0.318354815002,0.850847465254,0.323483517678
295,0.869327738349,0.317943758957,0.844067805399,0.368616896539
296,0.866386561897,0.305282185034,0.874576278662,0.339332847146
297,0.863025217497,0.322446194282,0.840677975093,0.377952345663
298,0.86260504958,0.318630867019,0.901694921114,0.282980695241
299,0.869327738443,0.318673003684,0.864406787238,0.344789711695
300,0.869327738192,0.308879143378,0.844067805399,0.371123789604
301,0.848319335708,0.338543110699,0.840677974335,0.322957299776
302,0.857142864875,0.313285211422,0.854237294803,0.376409363854
303,0.863865553769,0.316892037481,0.854237296319,0.32591182265
304,0.871848746633,0.310975908278,0.881355938265,0.311617478318
305,0.864285721624,0.329517953708,0.877966108464,0.313706395863
306,0.86932773813,0.308739612951,0.857627126625,0.335909880319
307,0.862605049705,0.306733416652,0.874576278662,0.30931717814
308,0.87983193956,0.29430719699,0.861016956931,0.32947197929
309,0.878571435747,0.302463040202,0.854237295308,0.40817848795
310,0.8588235372,0.325750839051,0.884745769076,0.317416003321
311,0.858823537013,0.314278917051,0.867796618049,0.35249962784
312,0.877310931307,0.297671224515,0.90508475142,0.265118849922
313,0.858403369597,0.32064174255,0.867796618049,0.313079961718
314,0.867226898013,0.314702536879,0.850847466012,0.301787408795
315,0.868487402452,0.304983025448,0.861016956931,0.31530393076
316,0.868067234003,0.31975781077,0.861016957437,0.313433798693
317,0.862184881068,0.311887458202,0.881355939275,0.319677068678
318,0.885294123983,0.284845774704,0.888135599888,0.305844042324
319,0.880672275394,0.292043162815,0.881355939275,0.362509301816
320,0.857983200834,0.329049402034,0.884745769076,0.313161593246
321,0.878991603476,0.291022831159,0.857627126625,0.33201626382
322,0.859243704679,0.312461826731,0.830508483921,0.358001821943
323,0.867647066337,0.315194645623,0.864406787743,0.327124850161
324,0.869747906391,0.309354985008,0.90508475142,0.279429036051
325,0.867647065961,0.312520068812,0.844067805904,0.368467633249
326,0.870588242444,0.310949529318,0.844067805399,0.374327974426
327,0.884453787899,0.284926266175,0.854237295813,0.356322094419
328,0.866806729877,0.320444833268,0.864406787238,0.331181733822
329,0.858403368877,0.329001651451,0.894915259996,0.308440712075
330,0.875630259076,0.294371143946,0.877966108969,0.330104010401
331,0.871428578591,0.306739574283,0.871186447851,0.310529442378
332,0.863865553957,0.313350611351,0.830508484174,0.379571050911
333,0.860084040732,0.315856250175,0.833898313975,0.388497014167
334,0.865966393855,0.309989935585,0.901694921114,0.245392473983
335,0.867226898107,0.317039670313,0.867796617039,0.349561203334
336,0.86008404117,0.311883367058,0.847457634696,0.373990087438
337,0.852941184547,0.321079847356,0.816949162443,0.378876220182
338,0.868907570401,0.308137249108,0.844067804389,0.347822053453
339,0.865546225656,0.314683382564,0.84745763419,0.330656425049
340,0.880672275676,0.2944198871,0.850847465507,0.35170138943
341,0.875630259076,0.295021071404,0.854237296319,0.3270520178
342,0.863865553832,0.321284233827,0.837288144786,0.353430834551
343,0.870168074339,0.305944700757,0.857627125615,0.33758927686
344,0.861344545485,0.312850261999,0.874576277652,0.318001204754
345,0.888655468508,0.277732272374,0.816949161685,0.362684765704
346,0.867647066212,0.312259679402,0.874576278662,0.292076885637
347,0.873949586907,0.304339051403,0.85762712713,0.325503646349
348,0.865126057833,0.308669343919,0.840677975598,0.337523546575
349,0.875630259232,0.297607370026,0.898305090302,0.264125145404
350,0.868487402296,0.302222993248,0.881355938012,0.285126477669
351,0.862605049392,0.314713881977,0.844067805399,0.366844558236
352,0.864285721686,0.31416281625,0.85762712612,0.340534153505
353,0.876890762889,0.295016518653,0.861016957437,0.337036654985
354,0.868907569806,0.297232404891,0.88135593877,0.29885737017
355,0.875630259013,0.303674077889,0.850847464244,0.366593844526
356,0.858403368939,0.332801203744,0.884745769582,0.293254767308
357,0.859663873066,0.325047159873,0.830508484174,0.384399254822
358,0.855042024758,0.318065986804,0.874576278662,0.33247460829
359,0.86890757015,0.302089304796,0.854237295813,0.348334313512
360,0.869747906422,0.292046466275,0.891525430194,0.281378434119
361,0.857563033105,0.32406893324,0.864406787238,0.315811132728
362,0.872268914582,0.296698030757,0.854237296319,0.342057443208
363,0.868487402421,0.308979273046,0.881355939275,0.287678622751
364,0.881092443812,0.292791634759,0.823728823056,0.417211201926
365,0.868067234379,0.302899461631,0.884745769582,0.313750602242
366,0.877310930869,0.308738962583,0.837288143776,0.386298655895
367,0.870168074465,0.304829974714,0.864406787238,0.356169727142
368,0.877310930994,0.304877210142,0.816949162948,0.359223576294
369,0.872689082655,0.304687472045,0.90508475142,0.285536486213
370,0.879831939372,0.283981252673,0.837288143776,0.355958716533
371,0.871848746696,0.305820682532,0.871186448356,0.302689986146
372,0.871428578309,0.299751359907,0.867796617544,0.310960397693
373,0.872689082749,0.304780719356,0.867796617544,0.324652684821
374,0.8621848811,0.312342442243,0.884745769582,0.306132761983
375,0.868487402233,0.300755081002,0.888135599888,0.294328677358
376,0.871848746508,0.303690996162,0.871186447346,0.326700065253
377,0.867226897762,0.313838996533,0.901694921114,0.31333715999
378,0.854201688486,0.326642527456,0.894915260501,0.307285662014
379,0.871428578341,0.310521909552,0.864406787743,0.327701218931
380,0.883613451971,0.281730016709,0.894915260501,0.274602562947
381,0.872689082749,0.302766237024,0.837288143776,0.332445894194
382,0.869327738255,0.311065608753,0.840677975598,0.375354725047
383,0.862184881507,0.31096970441,0.864406786985,0.336320147676
384,0.878151267391,0.291889208435,0.874576277652,0.310212931833
385,0.872689082624,0.305954725818,0.830508483416,0.356071865155
386,0.866386561772,0.309129882846,0.871186448356,0.340066460798
387,0.882773115605,0.293885965534,0.861016956931,0.346347407012
388,0.868067234191,0.308097198066,0.854237295813,0.302635214844
389,0.865966394105,0.302132252185,0.867796618049,0.322024725409
390,0.871008410361,0.301270495591,0.864406787238,0.312686593824
391,0.873949586562,0.295106170856,0.827118653867,0.386048889387
392,0.876890763077,0.298065241841,0.823728823561,0.364668233162
393,0.879411771455,0.291785297657,0.847457635201,0.364091937004
394,0.852100848494,0.329911694533,0.816949162948,0.363931458001
395,0.863865553581,0.31950448401,0.850847464497,0.316092997095
396,0.865546225625,0.312383362029,0.877966107958,0.301610361185
397,0.860924376942,0.312539985873,0.915254242339,0.254615092934
398,0.870588242507,0.297894200181,0.874576278662,0.318408145143
399,0.863025217685,0.317495202677,0.837288143776,0.327163954849
400,0.866386561803,0.312401087219,0.81016950183,0.416936946496
401,0.873109250666,0.29390197403,0.857627126625,0.335179215076
402,0.870168074277,0.300299644353,0.874576278157,0.314944028791
403,0.87268908278,0.295346262544,0.861016956931,0.313253055311
404,0.860084041139,0.328684508644,0.837288144281,0.336696396471
405,0.875210090783,0.298148991188,0.861016956426,0.329256230302
406,0.882773115949,0.292206885442,0.877966108969,0.295550042763
407,0.87941177158,0.289946736572,0.894915260501,0.300505217733
408,0.873109250697,0.29891492154,0.850847466012,0.317961099668
409,0.879831939247,0.285943931642,0.830508484174,0.375852022383
410,0.876470595003,0.294994045894,0.857627126625,0.320441808236
411,0.875210090877,0.28681350159,0.90508475142,0.287433379661
412,0.878991603413,0.291507991946,0.837288144281,0.327043667246
413,0.851680680295,0.328985851602,0.847457635706,0.336278080688
414,0.875210090971,0.291112631035,0.877966108464,0.311225916243
415,0.862605049424,0.306843726747,0.850847465507,0.355360487981
416,0.876050427306,0.299426883686,0.881355939275,0.297364733356
417,0.850840344274,0.319749294999,0.844067805399,0.335619307234
418,0.885294124234,0.273568892347,0.854237296824,0.337800863941
419,0.860504209432,0.32046643571,0.877966108969,0.309188106145
420,0.875210090846,0.312386645646,0.867796617544,0.287448766089
421,0.867226898138,0.314595272577,0.857627125615,0.316820875189
422,0.872689082592,0.31143526196,0.874576278662,0.292396389958
423,0.87689076292,0.30151883879,0.864406786228,0.298329208109
424,0.880252107634,0.302784660205,0.901694921114,0.278305243701
425,0.871848746289,0.297841065751,0.840677974588,0.374225478682
426,0.862605049831,0.310221070111,0.864406786228,0.303198101851
427,0.87605042693,0.286040421223,0.840677975093,0.374591548438
428,0.867226898357,0.313117686002,0.857627126625,0.325836176084
429,0.867647065961,0.308606775446,0.884745769076,0.30229986579
430,0.875630259076,0.295856060257,0.833898313975,0.358711970244
431,0.863025217372,0.316156910842,0.844067805399,0.353258178017
432,0.873949586688,0.302080739994,0.861016956426,0.313076420229
433,0.869327738255,0.305172586579,0.88135593877,0.28855093035
434,0.857563033011,0.314939480705,0.85762712612,0.37038609859
435,0.865126057677,0.304750266289,0.857627126625,0.325495393158
436,0.875210091002,0.287411118717,0.81016950082,0.441075685545
437,0.884033619669,0.291106916854,0.867796617544,0.321708220799
438,0.864705889728,0.319856518801,0.918644072141,0.260660639885
439,0.872689082718,0.299386597364,0.85762712713,0.3429810538
440,0.871428578341,0.304795794588,0.857627125867,0.3675183615
441,0.870588242256,0.296207855549,0.830508483669,0.346454057401
442,0.867226898013,0.301988379161,0.844067805399,0.321132516015
443,0.876470595003,0.294500926752,0.867796618049,0.318418041187
444,0.862184881256,0.320886032022,0.884745769582,0.328435736282
445,0.873949586594,0.303913570635,0.861016956931,0.336307361722
446,0.889495804342,0.285601717357,0.867796618049,0.309861502405
447,0.872268914394,0.294850021773,0.854237296319,0.363866989517
448,0.865126057927,0.307914850693,0.827118652352,0.344744400326
449,0.868487402296,0.307701520387,0.857627126625,0.337934924605
450,0.871008410549,0.301861151466,0.830508484174,0.339087734725
451,0.873949586907,0.291465115389,0.830508484679,0.331880841972
452,0.874789922803,0.293881248831,0.888135599383,0.300283804915
453,0.876050427368,0.299295846678,0.871186447851,0.308882777847
454,0.87899160335,0.290982151842,0.891525430194,0.270199343688
455,0.880672275488,0.293824119298,0.88135593877,0.292975207633
456,0.877310931307,0.298309859788,0.83389831448,0.368389109718
457,0.880252107446,0.283716271929,0.847457633938,0.306786978396
458,0.860924377474,0.322386634231,0.874576278662,0.317965541793
459,0.864705889979,0.317971885478,0.874576278662,0.295366190311
460,0.864285721436,0.305408883613,0.874576278662,0.299312519383
461,0.860084041327,0.301343619573,0.840677975093,0.358156560399
462,0.878991603476,0.294065631746,0.894915260501,0.278410375434
463,0.877310931276,0.305304587529,0.861016956931,0.334724176675
464,0.876050426993,0.290719759619,0.874576277147,0.318161266019
465,0.869327738067,0.298832372864,0.854237295308,0.332248897939
466,0.875210091065,0.297115016189,0.861016957437,0.338143514943
467,0.871848746477,0.296851314362,0.844067804894,0.330722817046
468,0.881512611729,0.289730828717,0.844067804894,0.33403645841
469,0.865546225907,0.30273771214,0.884745769076,0.279435512815
470,0.872268914613,0.300130527482,0.88135593877,0.316330030813
471,0.879831939654,0.290593473632,0.847457635201,0.362495729542
472,0.878151267266,0.287186932844,0.847457634696,0.345070549713
473,0.870168074402,0.299027606501,0.871186447851,0.287577953505
474,0.865966393761,0.321406120106,0.847457635706,0.324599375601
475,0.866386561803,0.313146535894,0.88135593877,0.286741496648
476,0.873109250572,0.298538818815,0.840677975598,0.358139586777
477,0.87773109913,0.30031677881,0.891525429689,0.303454895204
478,0.883193283772,0.288006452045,0.888135599888,0.349066145276
479,0.862184881475,0.314625560322,0.864406787238,0.322761634112
480,0.870168074715,0.318902127578,0.908474581727,0.26335913186
481,0.86596639398,0.302442081907,0.867796617039,0.285775820077
482,0.867226898169,0.305293581519,0.874576278662,0.308854393156
483,0.864285721498,0.302193466801,0.850847466012,0.328595987947
484,0.876050426867,0.299316986949,0.888135599888,0.289936080196
485,0.872689082686,0.290717266289,0.864406787238,0.322750725294
486,0.870168074465,0.312276828831,0.894915260501,0.275437430305
487,0.876050427243,0.303202311015,0.898305090807,0.270516982523
488,0.873949587283,0.30514118091,0.820338991992,0.386252524931
489,0.869327738255,0.298668361214,0.867796617544,0.311528909383
490,0.868487402296,0.302867319897,0.864406787238,0.291011996378
491,0.878571435433,0.285174225355,0.871186447346,0.330656317268
492,0.869327738505,0.300890371767,0.840677975093,0.350032416883
493,0.873529418865,0.30031394179,0.884745769076,0.297068973277
494,0.876050427212,0.286704247328,0.844067805399,0.354232926743
495,0.882352947751,0.286353053079,0.867796617039,0.305530876868
496,0.868487402077,0.298583616362,0.864406787743,0.358674010799
497,0.868907570025,0.292994468453,0.857627126625,0.324789702324
498,0.879831939497,0.287153372424,0.854237296319,0.32223646589
499,0.887394964131,0.283461599775,0.888135599383,0.278079020207
500,0.867647066274,0.301208857713,0.854237296824,0.311020039653
501,0.86596639398,0.307239692885,0.884745768571,0.29770740854
502,0.866806730252,0.300929924403,0.867796617039,0.298975533032
503,0.880252107665,0.293841903943,0.864406787743,0.336363420301
504,0.879411771393,0.288013396577,0.854237296824,0.330700660693
505,0.881932779959,0.289089461757,0.844067804389,0.322899594714
506,0.873109250447,0.289883356581,0.840677974588,0.36789835276
507,0.879831939435,0.288746013279,0.884745769076,0.305064712635
508,0.866806730127,0.312146449735,0.861016957437,0.361227796271
509,0.871008410361,0.301764540147,0.85762712612,0.367463204947
510,0.881512611666,0.28187437559,0.901694921114,0.284675040361
511,0.886554628298,0.276218265095,0.85762712612,0.311773601225
512,0.886554628078,0.277646567782,0.844067805399,0.313666869018
513,0.883613451627,0.291572739949,0.867796616534,0.319941210513
514,0.872268914676,0.282058505294,0.83389831347,0.378542855382
515,0.875210090846,0.296801090424,0.844067804894,0.393705435571
516,0.884453788024,0.28755422727,0.867796617544,0.303663639636
517,0.876050426773,0.293047342093,0.874576278662,0.284681895148
518,0.884033619825,0.283775552106,0.891525429689,0.278221584099
519,0.878151267517,0.296671987738,0.830508484679,0.352684306707
520,0.869747906297,0.301944975992,0.850847465507,0.326263892259
521,0.870168074559,0.301118762945,0.830508481901,0.396655383883
522,0.872268914738,0.306642796289,0.874576277652,0.311187001766
523,0.863025217622,0.311587183541,0.88135593877,0.280323817095
524,0.867647066086,0.290630680532,0.881355939275,0.30613543813
525,0.877731099287,0.289775097821,0.854237296319,0.296347852102
526,0.885714292151,0.290838004904,0.884745769582,0.292956512327
527,0.873109250885,0.296412703519,0.867796617039,0.283675585195
528,0.881932779646,0.275867209605,0.833898314985,0.420883765349
529,0.87184874632,0.299636642359,0.888135599383,0.308889462597
530,0.871848746508,0.294647417321,0.888135599888,0.325007247596
531,0.878151266953,0.29172040877,0.891525430194,0.262429638939
532,0.863445385602,0.315665087021,0.877966108969,0.319138613009
533,0.873949586656,0.293955203341,0.874576278662,0.302647797233
534,0.87689076339,0.287702458433,0.830508483163,0.34233228534
535,0.864285721749,0.304266224842,0.844067804894,0.347143990951
536,0.878151267203,0.30897386581,0.884745768571,0.26455638545
537,0.877731099287,0.289528913467,0.888135598878,0.292998324448
538,0.880672275519,0.281786548021,0.844067804894,0.359130916738
539,0.878571435183,0.281890000858,0.877966108969,0.330597335631
540,0.863445385915,0.304167057035,0.837288143271,0.341383477136
541,0.877310931276,0.290484775014,0.85762712713,0.339019408481
542,0.869327738443,0.296587669392,0.844067805399,0.359958267124
543,0.866386562085,0.309514674828,0.915254242339,0.283094301062
544,0.870588242444,0.299251691947,0.867796618049,0.315546156081
545,0.880252107665,0.282638589578,0.864406787238,0.324627921617
546,0.873949586594,0.288735386438,0.837288145292,0.380845998335
547,0.87310925029,0.300098040282,0.877966108464,0.305929822784
548,0.878151267141,0.294720793018,0.884745769076,0.300835588347
549,0.872689082592,0.307277639052,0.888135599383,0.303404674976
550,0.877731099036,0.292149319893,0.871186448356,0.307669903988
551,0.873109250697,0.305147997276,0.861016957437,0.301398145635
552,0.878991603257,0.288925686143,0.864406787238,0.345066904138
553,0.874789922803,0.295014182176,0.881355939275,0.309488820449
554,0.873949586719,0.294489478806,0.867796617292,0.290690629033
555,0.879411771205,0.299777206957,0.84745763419,0.360763285877
556,0.881932779896,0.292205874581,0.83389831347,0.374167232695
557,0.856302528916,0.321177466812,0.840677974588,0.333894733087
558,0.859663872815,0.306625477876,0.837288144281,0.317036689906
559,0.876890763421,0.290329495257,0.840677974588,0.338238893203
560,0.874789922866,0.298224364959,0.844067804389,0.355111265902
561,0.876890763265,0.304453564996,0.874576278157,0.290434637691
562,0.871428578529,0.306802434174,0.884745769582,0.272072295579
563,0.882773115542,0.274751970114,0.850847466517,0.365754133501
564,0.873109250697,0.286733642627,0.850847466517,0.342207910461
565,0.891176476887,0.269084100651,0.854237294803,0.332711616499
566,0.87647059516,0.291357028901,0.874576278157,0.317077589427
567,0.866386561897,0.312508852894,0.877966108969,0.338451631241
568,0.879411771299,0.283694912112,0.864406786733,0.283926461839
569,0.871848746571,0.293100903961,0.911864412033,0.219887829749
570,0.872268914801,0.300605632095,0.857627126625,0.303206143743
571,0.87983193931,0.281073906811,0.857627126625,0.323432942063
572,0.883613452002,0.289365097145,0.864406786733,0.279912322854
573,0.877310930869,0.294458661545,0.864406787238,0.322891858359
574,0.884033619919,0.274778590377,0.884745769076,0.30812481895
575,0.88949580453,0.273576318419,0.877966106948,0.305479210533
576,0.878151267235,0.288369213931,0.854237295813,0.372848577987
577,0.874789922897,0.297073597018,0.861016956931,0.317848333552
578,0.881092443342,0.275645829283,0.894915259491,0.373696463688
579,0.87731093137,0.298277641729,0.888135598878,0.276085373204
580,0.876050427243,0.306221923431,0.88135593877,0.255485406177
581,0.881932779677,0.282761133679,0.874576278157,0.299505776931
582,0.877310931244,0.293426466159,0.894915260501,0.272425194571
583,0.87647059516,0.294212717219,0.864406787743,0.337716948809
584,0.882352947657,0.29147000614,0.877966108969,0.339723638243
585,0.875210091159,0.304350786248,0.857627126625,0.361425837123
586,0.877310931182,0.292673514256,0.871186448356,0.306253695198
587,0.884873956004,0.280802216659,0.861016956426,0.313730711559
588,0.881512611791,0.288475499265,0.871186448356,0.305533038989
589,0.873949586844,0.29904357473,0.891525430194,0.323060865814
590,0.869747906047,0.29028817123,0.881355939275,0.266874399731
591,0.870588242569,0.297484560064,0.874576278662,0.30293973349
592,0.869747906297,0.296467011074,0.867796618049,0.320334526189
593,0.860084041515,0.30500418408,0.871186448356,0.313110074186
594,0.881092443561,0.291443607433,0.854237296824,0.351771627379
595,0.872268914676,0.298716341357,0.844067804389,0.317962952148
596,0.874369754886,0.307106949366,0.881355939275,0.304735356089
597,0.892436980951,0.267048240577,0.847457635201,0.346129696185
598,0.874369755012,0.297877383223,0.861016957437,0.335075203898
599,0.884453788087,0.283242198146,0.861016957437,0.332639770235
600,0.881092443687,0.28108240664,0.861016956426,0.295867587961
601,0.87773109938,0.283864935923,0.833898314985,0.352256654146
602,0.874789922929,0.28683070109,0.850847465507,0.329458176774
603,0.867647066086,0.306686450273,0.854237294551,0.314179776268
604,0.878571435371,0.294910954429,0.854237296319,0.309348289618
605,0.882352947563,0.283420356531,0.861016957437,0.335964690452
606,0.88319328396,0.285453595581,0.884745769076,0.285369129378
607,0.87394958675,0.292850148755,0.874576278662,0.282286258067
608,0.876890763202,0.292312511407,0.87118644684,0.345120693667
609,0.879831939435,0.291154655808,0.901694921114,0.280904367882
610,0.87731093115,0.282854631868,0.823728823056,0.393590458685
611,0.882773115699,0.286710769243,0.847457636211,0.364395727419
612,0.875210091159,0.292942346003,0.827118653362,0.375795182409
613,0.863445385226,0.325793017234,0.840677975093,0.350346831384
614,0.877731099349,0.290756110603,0.864406787238,0.28468916341
615,0.860924377474,0.307299970759,0.884745769582,0.300236675636
616,0.876050427055,0.274585820922,0.861016955921,0.327986467346
617,0.865546226063,0.308086907436,0.881355939275,0.276704934441
618,0.88025210732,0.283896187939,0.881355939275,0.287101568433
619,0.864285721874,0.304855664143,0.83389831448,0.352584285883
620,0.891176476762,0.271924057631,0.877966107958,0.349088385891
621,0.883193284148,0.280782386524,0.847457635201,0.354251024013
622,0.87563025895,0.292273613413,0.871186447346,0.307399289304
623,0.886554628235,0.27728944822,0.877966108969,0.302614738596
624,0.882352947813,0.289989363809,0.864406785723,0.308486313701
625,0.87605042693,0.302352368135,0.850847466012,0.329343400264
626,0.887815132362,0.271326068452,0.864406786733,0.318266241922
627,0.883193283835,0.272597203908,0.891525429689,0.259863197425
628,0.877310931182,0.295707360137,0.847457635201,0.313712486903
629,0.885294123921,0.278730834498,0.837288144786,0.35302899961
630,0.879411771205,0.29123488697,0.871186447851,0.277287372751
631,0.885294124171,0.281346566819,0.88135593877,0.301238896231
632,0.866386562085,0.30935441723,0.864406786733,0.318108138897
633,0.878991603319,0.281343401644,0.867796618049,0.318225582904
634,0.87773109913,0.296179725155,0.850847465507,0.334841176615
635,0.850840344023,0.323052403642,0.905084750915,0.287893142393
636,0.886554628298,0.27744990822,0.877966108464,0.272669220406
637,0.878991603601,0.284138225277,0.867796617544,0.319519865911
638,0.880252107383,0.289392708276,0.898305090302,0.290153663542
639,0.880252107383,0.288426623281,0.847457635706,0.336512635067
640,0.873529418739,0.290354076162,0.891525429184,0.288345794399
641,0.891176476574,0.280833548189,0.850847466012,0.314176877992
642,0.869327738255,0.30271288776,0.877966108969,0.297824706945
643,0.884453787836,0.28124446335,0.901694921114,0.248268589693
644,0.878151267203,0.2893981499,0.874576278662,0.335203067952
645,0.873529419053,0.296428099024,0.854237295813,0.29866585407
646,0.869747906235,0.290993424465,0.871186448356,0.297552552043
647,0.885294124108,0.273604074301,0.850847465507,0.355407569147
648,0.882352947813,0.282587796845,0.88135593877,0.284772435803
649,0.885294123858,0.290470226973,0.840677974588,0.334711648113
650,0.870588242601,0.295924394838,0.806779671524,0.375420690751
651,0.865126057833,0.312710870077,0.871186447851,0.315587463773
652,0.875630258982,0.302112924859,0.840677974588,0.306905824754
653,0.877310931276,0.284395902879,0.864406787743,0.316616977896
654,0.868487401983,0.3043603532,0.830508484174,0.377372083396
655,0.873949586907,0.28902236526,0.864406786733,0.30197771506
656,0.87899160335,0.294741372077,0.857627126625,0.35058940846
657,0.873109251042,0.301095955293,0.864406786228,0.299280111315
658,0.878151267172,0.284309037139,0.864406787743,0.309024086569
659,0.878571435246,0.286059437343,0.867796617544,0.333265449094
660,0.871008410205,0.2979483849,0.867796618049,0.314069790482
661,0.865966393918,0.306748331712,0.867796617039,0.293042840499
662,0.888235300466,0.271219621268,0.830508484174,0.357721471243
663,0.884453788118,0.282420779899,0.861016956426,0.358084815886
664,0.880252107727,0.284243930076,0.861016956426,0.323755823644
665,0.877310931182,0.28308951479,0.854237295813,0.334902341588
666,0.884873956191,0.26751224589,0.85762712511,0.351357290174
667,0.883613451627,0.282104763512,0.864406787743,0.343089516953
668,0.882773115699,0.27197682881,0.847457634443,0.361561029329
669,0.865546225688,0.300301598988,0.837288144786,0.362276911483
670,0.868907570213,0.29961185441,0.803389841217,0.378526934533
671,0.88319328396,0.28546278624,0.884745769582,0.321803501728
672,0.880672275644,0.285158942994,0.877966108464,0.314137950918
673,0.870588242632,0.299190797029,0.85762712713,0.316599212492
674,0.878151267141,0.292891858216,0.877966108464,0.281091531896
675,0.874369754761,0.289835693565,0.844067805399,0.346938679374
676,0.877310931182,0.294091997606,0.85762712612,0.30796276276
677,0.870168074026,0.312794766991,0.857627126625,0.332860432376
678,0.865966394105,0.301257620675,0.881355939275,0.28345424985
679,0.890336140552,0.278233107305,0.864406787743,0.334865066617
680,0.881932779583,0.302655058459,0.833898313975,0.356534041591
681,0.886974796152,0.282589026609,0.877966108969,0.297010095979
682,0.87478992296,0.299902763539,0.867796617544,0.328966571239
683,0.87605042718,0.284792297481,0.871186447346,0.313217983471
684,0.878991603538,0.28455926391,0.857627126625,0.389471819656
685,0.879831939403,0.285738886999,0.871186448356,0.30952130176
686,0.874789923023,0.292366561018,0.864406786733,0.272665024782
687,0.882773115636,0.288621009891,0.827118653362,0.387093501892
688,0.873949586656,0.300926144869,0.854237296319,0.322425390515
689,0.876890762826,0.29306285599,0.874576278157,0.299440511897
690,0.866806730002,0.29750522691,0.81016950082,0.406581553867
691,0.878151267266,0.296316215119,0.877966108969,0.302694025686
692,0.887815132424,0.275747640591,0.85762712612,0.29756526005
693,0.882352947437,0.283788784063,0.884745769076,0.263352812915
694,0.88025210754,0.293033837552,0.861016956426,0.34336713853
695,0.870588242319,0.293555486063,0.844067805399,0.333104521289
696,0.868067234191,0.308227958158,0.891525430194,0.31246496617
697,0.8789916031,0.276265271501,0.888135599888,0.28180344649
698,0.878571435089,0.285270547909,0.864406787238,0.347044477713
699,0.87436975473,0.295699832945,0.894915260501,0.263904002195
700,0.876890762764,0.294634602659,0.888135599888,0.273544435279
701,0.88067227577,0.284392319354,0.898305090807,0.281642054287
702,0.875210090783,0.297549655982,0.898305090807,0.292672729656
703,0.883613451783,0.283225035001,0.847457635706,0.326051557152
704,0.878991603194,0.288900986979,0.850847466012,0.32070532378
705,0.883613452002,0.286755856776,0.864406787238,0.298836816986
706,0.871428578716,0.294741407358,0.871186447346,0.263757658333
707,0.873529418865,0.288245105701,0.844067804894,0.329059859075
708,0.87983193956,0.276869495665,0.864406787238,0.30384100358
709,0.889075636551,0.281177005065,0.864406787238,0.29339395836
710,0.872268914644,0.28607869115,0.864406786733,0.304340551528
711,0.884033619919,0.282352678063,0.854237294803,0.309569097613
712,0.884033619857,0.283046457431,0.901694920609,0.253636294313
713,0.889075636363,0.263530416743,0.874576278662,0.33068107479
714,0.871008410737,0.308229132649,0.833898313975,0.346856291327
715,0.867226897919,0.297571271392,0.925423733259,0.283882549033
716,0.865546225813,0.30940562777,0.857627126625,0.329531404427
717,0.879411771706,0.280892761949,0.864406787238,0.315532380557
718,0.88025210754,0.288508521769,0.847457636211,0.38128005748
719,0.87983193931,0.285467951332,0.85762712713,0.326647997502
720,0.873529418833,0.297325421395,0.884745769076,0.299550549396
721,0.870168074214,0.293894174728,0.877966107958,0.296785881869
722,0.886974796089,0.27796401157,0.840677975598,0.345527339443
723,0.869327738161,0.29117044934,0.854237296824,0.351717538437
724,0.884033620044,0.281629585872,0.871186447346,0.301442822536
725,0.880672275394,0.271708491337,0.864406786733,0.299703124216
726,0.873949586688,0.293411822403,0.871186447851,0.303895498547
727,0.87310925076,0.291156909397,0.867796617544,0.352263845503
728,0.885714292276,0.271947754414,0.874576278157,0.295796861209
729,0.870588242194,0.291707272806,0.888135599888,0.295938044944
730,0.880252107352,0.292128250605,0.891525430194,0.288731041475
731,0.873529418458,0.305643621926,0.857627126625,0.323645133462
732,0.878151267266,0.289237518889,0.847457635706,0.352128247367
733,0.875210090689,0.288038069828,0.871186447346,0.301518629794
734,0.877731099224,0.291859878755,0.861016957437,0.333267904345
735,0.870588242569,0.294711723509,0.867796618049,0.326934782757
736,0.880672275707,0.293912406972,0.861016956931,0.327794643056
737,0.87352941924,0.299378975948,0.881355939275,0.275476391348
738,0.873109250697,0.293062632465,0.884745769582,0.319134083308
739,0.862184881569,0.302088787842,0.833898313975,0.355666899391
740,0.874369754761,0.293289488397,0.891525430194,0.277120995162
741,0.882773115887,0.276540884576,0.881355938265,0.290459651153
742,0.87983193931,0.294058644283,0.840677975093,0.313781859385
743,0.870168074402,0.308041129105,0.850847465507,0.332331216499
744,0.875630259326,0.294875168328,0.884745769582,0.254709806325
745,0.876050426899,0.286642046716,0.871186448356,0.30655452145
746,0.881512611604,0.278678178318,0.840677975093,0.331073960637
747,0.877310931495,0.286799391489,0.857627125615,0.316550156228
748,0.885714292119,0.271564468518,0.850847466012,0.330774315207
749,0.869747906548,0.291969762419,0.85762712511,0.321612928252
750,0.883613452002,0.285347025532,0.881355939275,0.318111250966
751,0.882773115793,0.280639888198,0.888135599888,0.269300730299
752,0.884033619982,0.281090845307,0.891525430194,0.275516655012
753,0.867226897981,0.289145078283,0.85762712612,0.294982127309
754,0.876890763171,0.280582539221,0.871186447851,0.344863150079
755,0.878571435308,0.285805822021,0.881355939275,0.275002082368
756,0.87941177158,0.287924748016,0.861016956426,0.315216038439
757,0.882352947844,0.278728362862,0.874576277147,0.305664658041
758,0.881092443624,0.287598382701,0.85762712713,0.361962010105
759,0.878571435058,0.282415981843,0.877966108211,0.338071519856
760,0.878991603476,0.280089753136,0.874576277652,0.313011171296
761,0.883193283897,0.280872401351,0.837288144786,0.359700567831
762,0.892016812721,0.26537836293,0.857627126625,0.329685585037
763,0.86260504933,0.301326792754,0.891525429689,0.261938465696
764,0.887815132236,0.280994918647,0.85762712713,0.3446499884
765,0.87983193956,0.29098247084,0.830508484679,0.341918369724
766,0.881092443374,0.275513156419,0.857627126625,0.369593776699
767,0.87563025895,0.285731449856,0.891525429689,0.267105348061
768,0.897899165437,0.257727764465,0.905084750915,0.288796309098
769,0.888655468352,0.275649877469,0.847457635201,0.350377522883
770,0.882352947688,0.27090711289,0.881355939275,0.332593610226
771,0.882773116043,0.277578738862,0.857627126625,0.325711052802
772,0.884453787774,0.283772541809,0.867796618049,0.304084880783
773,0.893277316628,0.27408338508,0.925423733259,0.208904084323
774,0.877310931213,0.286423248963,0.861016956931,0.339092842256
775,0.889495804562,0.277616277439,0.850847464497,0.324288269126
776,0.880252107602,0.295053730312,0.837288144786,0.363787074842
777,0.874369754886,0.290545341958,0.840677975093,0.370640062617
778,0.878991603413,0.294419399607,0.864406787238,0.324233781515
779,0.865546226095,0.308636508608,0.850847465002,0.340973274309
780,0.877731099224,0.28507472001,0.881355938265,0.283499272856
781,0.885294123733,0.271870917304,0.874576277652,0.309764734296
782,0.886974795901,0.281621591509,0.850847466012,0.372121515163
783,0.885294124108,0.287329881683,0.850847465507,0.351851696117
784,0.890336140583,0.265686807923,0.844067804894,0.351107626301
785,0.878571435277,0.280753070954,0.877966108464,0.328696613816
786,0.87941177133,0.294400301441,0.850847466012,0.357724461578
787,0.881092443561,0.284665319016,0.861016957437,0.307291380651
788,0.862605049486,0.304867029401,0.905084750915,0.244786756271
789,0.868907570275,0.292681687731,0.877966107958,0.269694455378
790,0.883193283804,0.275207342556,0.871186448356,0.328770424318
791,0.88361345194,0.278140411074,0.877966107958,0.310813482251
792,0.877310931119,0.294512297191,0.877966108969,0.294523659936
793,0.889075636676,0.29366734879,0.884745769582,0.290983309748
794,0.882352947563,0.268994827915,0.877966108464,0.330996194318
795,0.884453788024,0.271940085622,0.891525429689,0.347029299428
796,0.871008410518,0.288669655225,0.864406786733,0.337931632617
797,0.878151267391,0.287698883532,0.888135599383,0.309723947923
798,0.884453788087,0.277549377169,0.922033902952,0.247438551448
799,0.873949586844,0.295724875685,0.888135598878,0.263778516928
800,0.868487402045,0.296035847216,0.891525430194,0.270003364248
801,0.872268914613,0.287514080963,0.888135599888,0.313408116952
802,0.881512611604,0.277413262273,0.901694920609,0.2850396391
803,0.887815132205,0.27346249057,0.864406787743,0.341585468564
804,0.871428578529,0.302523015693,0.861016957437,0.338061129895
805,0.883193283522,0.279735938419,0.881355939275,0.290119487035
806,0.882352947625,0.287102877718,0.857627126625,0.314825761463
807,0.881512611854,0.292350953805,0.844067805904,0.322587925625
808,0.882352947688,0.299231648144,0.888135599888,0.312008002268
809,0.886974796121,0.276524007759,0.85762712713,0.315548640692
810,0.868907570401,0.300813689456,0.881355939275,0.27264343824
811,0.879831939435,0.279385575453,0.854237296824,0.33309437022
812,0.880252107727,0.292940765068,0.877966108464,0.296807576508
813,0.876890763233,0.285319151834,0.881355939275,0.319304670823
814,0.864705889885,0.309935198205,0.867796618049,0.313458108801
815,0.875210091221,0.284665384381,0.861016957437,0.326289157778
816,0.876050426961,0.290439470096,0.874576278662,0.339148606032
817,0.870168074214,0.292594308241,0.877966108969,0.288361283493
818,0.873949586782,0.301305125694,0.850847466517,0.364486260308
819,0.889915972447,0.277023500661,0.881355939275,0.262733193651
820,0.874369754886,0.287793307808,0.861016957437,0.312360032698
821,0.896638661435,0.256808059627,0.877966108464,0.324037369783
822,0.889495804468,0.273591297229,0.793220348277,0.406547703165
823,0.870588242444,0.302693159253,0.88135593877,0.3025783618
824,0.875630258763,0.285258326801,0.844067804642,0.358494952858
825,0.891176476605,0.268116486963,0.891525429689,0.300813481843
826,0.87352941899,0.290426911011,0.864406787238,0.320728446404
827,0.878991603476,0.289730431085,0.854237295308,0.314701454619
828,0.885294124265,0.279055309873,0.864406786733,0.334497955044
829,0.88445378768,0.284997715149,0.867796618049,0.298116148907
830,0.883193283835,0.269175133547,0.864406787238,0.366268804802
831,0.892857148868,0.260330528948,0.847457635706,0.355829493695
832,0.889915972572,0.266274704747,0.874576278662,0.336029254595
833,0.875630259107,0.289930096491,0.874576278662,0.318867088816
834,0.884873955972,0.270076509902,0.861016956426,0.322180972892
835,0.886134459817,0.279569437207,0.847457635706,0.327160266054
836,0.880252107602,0.287180133665,0.884745769582,0.243302324124
837,0.87857143534,0.287837386624,0.861016956931,0.34246253399
838,0.877731099224,0.290521298535,0.871186447346,0.292203698749
839,0.886554628423,0.283264262527,0.850847465002,0.405038617141
840,0.900840341982,0.26203433778,0.867796617544,0.321409348872
841,0.881512611666,0.289767267398,0.888135599888,0.278736579911
842,0.863865553738,0.303770087941,0.861016956426,0.327873879633
843,0.892436980826,0.268109761507,0.861016956426,0.290061948979
844,0.882773115667,0.277371002091,0.867796617544,0.33140784019
845,0.87983193956,0.290380113128,0.850847466012,0.314422298507
846,0.878991603163,0.287354558624,0.901694921114,0.303576593556
847,0.880252107602,0.281358886236,0.884745769582,0.293931131393
848,0.875630259076,0.291739871788,0.844067805904,0.360632803228
849,0.876890763327,0.28219069312,0.857627126625,0.308124321876
850,0.869747906548,0.295916587913,0.908474581727,0.269324697112
851,0.878151267454,0.28408771441,0.867796616029,0.310501118838
852,0.879831939372,0.292177678133,0.871186448356,0.307882948131
853,0.888235300466,0.274637366168,0.888135599383,0.30723089769
854,0.881932779959,0.266777426439,0.861016956931,0.327077719999
855,0.881092443624,0.290636094851,0.857627126625,0.297458736005
856,0.891596644866,0.271306317049,0.844067805399,0.318247161111
857,0.876470594941,0.288131282125,0.874576278157,0.276558495963
858,0.893697485077,0.261858071021,0.854237296319,0.315600495154
859,0.877731099224,0.295567793059,0.908474581727,0.268669038411
860,0.885714292245,0.28568757444,0.85762712612,0.336317821264
861,0.881512611416,0.279592001701,0.888135599888,0.242096903971
862,0.887815132455,0.266019008342,0.888135599383,0.25358346414
863,0.876050427118,0.282070394641,0.877966108464,0.298858564284
864,0.871008410486,0.293362221336,0.867796617544,0.32266188334
865,0.872268914801,0.287562270817,0.850847466012,0.331401780879
866,0.890336140615,0.267909293775,0.861016956931,0.317997134496
867,0.891596644585,0.26778138632,0.857627125615,0.293630473758
868,0.883613451971,0.285285597597,0.867796617039,0.33010996654
869,0.870168074433,0.304947465729,0.854237295813,0.331988296771
870,0.872268914582,0.302249002779,0.830508484174,0.331176290952
871,0.873529418865,0.285383325892,0.864406787238,0.325641397261
872,0.884453787899,0.280090839281,0.877966108969,0.300208507548
873,0.886554627985,0.276830094123,0.867796616534,0.315113598512
874,0.874369755012,0.297988386973,0.864406787238,0.341634071164
875,0.88949580453,0.269389441147,0.830508484679,0.389494657895
876,0.880672275519,0.282547108058,0.867796617544,0.297734557635
877,0.89705882954,0.267262903246,0.884745769076,0.253897324615
878,0.881932779834,0.280163152222,0.871186447851,0.327798283896
879,0.878151266796,0.287484252317,0.871186447851,0.302106775691
880,0.88403362017,0.278184902588,0.830508483163,0.332798535288
881,0.885714292088,0.280167993526,0.867796618049,0.326682826662
882,0.894957989266,0.276254035212,0.871186447851,0.304982411154
883,0.888655468321,0.264906839491,0.871186447851,0.348599708339
884,0.884873956129,0.272836352025,0.854237296319,0.338736715742
885,0.892436980826,0.272142422605,0.888135599383,0.328421962274
886,0.881512611635,0.283193698728,0.867796618049,0.332221445517
887,0.885294123983,0.277015754354,0.85762712511,0.35760207449
888,0.87310925076,0.295811686673,0.85762712612,0.3223576845
889,0.886134460193,0.279059424073,0.820338993254,0.37277654148
890,0.885714291994,0.284559175834,0.861016956931,0.316434147784
891,0.867647066212,0.305226325973,0.894915260501,0.316134778941
892,0.876470594972,0.292936598342,0.891525430194,0.25775677957
893,0.890756308845,0.26351126274,0.90508475142,0.251241705712
894,0.879411771455,0.282810854514,0.864406787238,0.314620026466
895,0.887815132299,0.278941666653,0.861016956931,0.348142578124
896,0.878571435152,0.283681853181,0.867796617544,0.272395822077
897,0.892016812533,0.267578436281,0.867796617544,0.298045271218
898,0.878571435308,0.290347496893,0.861016956931,0.330301666159
899,0.878571435433,0.289042127381,0.877966108969,0.290694087681
900,0.891596644585,0.268849935962,0.864406787238,0.318393363033
901,0.869747906548,0.293483879519,0.888135599383,0.295029582614
902,0.880252107665,0.285283187467,0.871186446335,0.304435354863
903,0.881932779834,0.274992857054,0.861016956426,0.345328583998
904,0.883613451689,0.273738567173,0.847457634696,0.358424630616
905,0.883193283772,0.279058617864,0.87118644684,0.286553099878
906,0.885714292213,0.276249278607,0.847457635706,0.338897258548
907,0.873529418739,0.304049850508,0.871186447851,0.303593005796
908,0.87941177133,0.289215607381,0.884745769582,0.276670955027
909,0.878571435308,0.295219386865,0.857627126625,0.384172934818
910,0.876890762764,0.297004198143,0.867796618049,0.341530784965
911,0.888235300341,0.26514216831,0.854237295308,0.312153227501
912,0.875210090814,0.301105008206,0.884745768571,0.291930140138
913,0.874789923116,0.297727270216,0.850847464497,0.321260739623
914,0.882773116043,0.278283834309,0.867796617544,0.304691149206
915,0.880252107477,0.275630389274,0.864406786733,0.348453847723
916,0.887815132174,0.273879452288,0.888135599383,0.306817322401
917,0.871428578779,0.308491733841,0.888135599888,0.295096719732
918,0.891176476636,0.266808379559,0.877966108969,0.341718642136
919,0.88487395591,0.274922157974,0.932203393872,0.234474847062
920,0.887394964382,0.277146587379,0.877966107958,0.277016769053
921,0.886554628298,0.278101435933,0.901694920609,0.247508063028
922,0.883193283772,0.266398762192,0.833898313975,0.329643697936
923,0.887815132236,0.270684482432,0.877966107958,0.276161487009
924,0.883193283428,0.264320534697,0.850847466517,0.332880728199
925,0.882773115855,0.276432601618,0.898305090807,0.244119347531
926,0.868487402233,0.303667079751,0.881355939275,0.28847073751
927,0.892436980888,0.273414327419,0.850847466012,0.322289917681
928,0.882352947938,0.277444666134,0.867796617544,0.299694069551
929,0.882773115855,0.279983002176,0.901694920609,0.27291521831
930,0.873529418614,0.289226194797,0.850847464497,0.304335112826
931,0.894957989204,0.260522026314,0.861016956931,0.312663968684
932,0.87184874632,0.304923068114,0.88135593877,0.298937994734
933,0.871848746539,0.299097680487,0.833898313975,0.368978867244
934,0.879411771361,0.294760243005,0.901694920609,0.240195845933
935,0.887394964194,0.283359182372,0.871186448356,0.33384003888
936,0.88949580453,0.283352797471,0.850847466517,0.339979845525
937,0.886974796402,0.279950033545,0.85762712713,0.362898252715
938,0.884873955972,0.278504862024,0.864406787743,0.291938433392
939,0.878991603413,0.279690880375,0.85762712713,0.338126909872
940,0.885294124234,0.270514975861,0.911864412033,0.292167031411
941,0.87352941899,0.294313975778,0.850847464749,0.31934974049
942,0.878991603131,0.2828701878,0.874576278662,0.344171192087
943,0.87857143534,0.28411843614,0.888135599888,0.272370939885
944,0.878151267203,0.296023582648,0.864406786228,0.306201722189
945,0.887815132487,0.275695028308,0.867796618049,0.320061343864
946,0.874789922929,0.28543404163,0.884745769076,0.306974507679
947,0.871428578779,0.292238243629,0.881355939275,0.313460479443
948,0.881932779708,0.280500125206,0.871186447346,0.338117458747
949,0.878151267329,0.277845505445,0.901694921114,0.262629593959
950,0.891596644898,0.275589581454,0.861016956426,0.326367150866
951,0.877310931119,0.291329789754,0.881355939275,0.294547628296
952,0.883613452002,0.287863265966,0.877966107453,0.280443540443
953,0.886134460068,0.278083274673,0.854237296319,0.344164897262
954,0.87689076292,0.283880509205,0.884745769582,0.342607516259
955,0.873529418646,0.286828762813,0.847457635706,0.348968716433
956,0.889915972385,0.273422467127,0.877966108969,0.263296662782
957,0.873109250697,0.300781001759,0.877966108969,0.293213782927
958,0.873949586844,0.28809088908,0.796610181109,0.382960704802
959,0.897899165499,0.268342875058,0.871186447346,0.300859682704
960,0.887815132236,0.266803971574,0.854237294298,0.334986654126
961,0.87731093137,0.290099035831,0.850847466517,0.32606998348
962,0.879831939435,0.288503163776,0.864406787238,0.28914966671
963,0.87731093137,0.281186708163,0.867796617039,0.307900184166
964,0.883613451752,0.278080785009,0.844067805399,0.31393608211
965,0.888655468321,0.270777585967,0.877966108969,0.303958528502
966,0.884453787961,0.285535827299,0.894915260501,0.279352912143
967,0.885294123921,0.270030455496,0.844067804894,0.352071562782
968,0.886554628204,0.272496027543,0.891525429184,0.268395676199
969,0.884453787899,0.274274289506,0.844067805399,0.352200085834
970,0.891176476668,0.261509316919,0.894915259996,0.25926128999
971,0.865546225938,0.302415716837,0.877966108969,0.275286397092
972,0.873109250822,0.300522069157,0.901694921114,0.259998089018
973,0.877731099349,0.281252559149,0.881355939275,0.328054097055
974,0.881932779646,0.285837881271,0.888135599888,0.285676309113
975,0.878151267391,0.283290553368,0.871186447851,0.304445896424
976,0.884033620138,0.281340724217,0.90508475041,0.270938095968
977,0.883193283772,0.278089148384,0.874576278157,0.296716369373
978,0.877731099099,0.286910153378,0.861016957437,0.328972132908
979,0.887394964319,0.273612068015,0.881355938265,0.29728803348
980,0.885714292025,0.27208444426,0.847457636211,0.366124133501
981,0.894537821099,0.263899754537,0.881355939275,0.302655059087
982,0.870588242444,0.28803273315,0.874576278662,0.307125188915
983,0.881512611666,0.28146357695,0.844067804894,0.330535978489
984,0.886554628141,0.274474254528,0.874576278662,0.30230761171
985,0.887394964257,0.263792742584,0.830508484174,0.357804449686
986,0.884033619825,0.281998824845,0.884745769076,0.286264733364
987,0.870588242382,0.304901384162,0.871186447346,0.299408764057
988,0.881092443342,0.289719001719,0.891525429689,0.302373270615
989,0.871848746539,0.289937230257,0.861016956931,0.317152029251
990,0.889915972698,0.277254496764,0.871186448356,0.315736159146
991,0.878991603288,0.27957036111,0.88135593877,0.29423844467
992,0.873109250572,0.295631493379,0.911864411528,0.270696616021
993,0.873529418739,0.300337648489,0.881355938265,0.318089943947
994,0.877310931307,0.286552668177,0.861016955921,0.315754928579
995,0.866806729845,0.290230171641,0.830508483163,0.375103647237
996,0.873529418646,0.286131611282,0.854237296319,0.337975493743
997,0.881092443874,0.28325391236,0.850847465507,0.320523038191
998,0.881092443624,0.274932660249,0.854237296319,0.35864170928
999,0.872268914582,0.296852221364,0.85762712612,0.298596660843
