epoch,acc,loss,val_acc,val_loss
0,0.738235305525,0.723933596915,0.755932215159,1.15870238487
1,0.757983205386,0.651097097004,0.759322045718,0.697145163255
2,0.751260516148,0.624566034954,0.752542387126,0.728205038582
3,0.772689086456,0.593255874928,0.820338992749,0.548528251254
4,0.774369758875,0.584987611205,0.732203402257,0.680096620473
5,0.776050430762,0.561938862402,0.77627119624,0.597428514796
6,0.778151271004,0.559175957714,0.701694929499,0.632748147694
7,0.802521018484,0.533687383281,0.78644069019,0.523307083017
8,0.786134463931,0.535696775097,0.820338991234,0.501895388557
9,0.784873960274,0.508935707113,0.796610179089,0.531690461151
10,0.788235303828,0.512917552769,0.762711874257,0.606791804655
11,0.807142866728,0.488771413742,0.772881365934,0.541637968209
12,0.79831933803,0.47470983243,0.745762724998,0.537919940837
13,0.810504211222,0.463747914536,0.766101706836,0.555226904356
14,0.798739505572,0.461154565841,0.759322045213,0.610672981052
15,0.799159674052,0.457795574103,0.810169500315,0.464374354078
16,0.811764714942,0.44926075581,0.803389841217,0.478278582379
17,0.810924379578,0.446186168573,0.783050858368,0.545498549686
18,0.789915976905,0.472239564854,0.800000010406,0.544555139744
19,0.788655472246,0.465395215586,0.772881366944,0.658993165372
20,0.790756312802,0.459949309116,0.816949162443,0.436135521885
21,0.809663875232,0.444531100669,0.789830519486,0.483183262586
22,0.794117657796,0.439113250707,0.738983062364,0.906835136398
23,0.805042026298,0.456867098213,0.816949162948,0.459720834079
24,0.808403371137,0.424077051386,0.806779670008,0.439445147828
25,0.792436985346,0.449265676292,0.793220350803,0.470179237804
26,0.811764715255,0.432135090169,0.742372893176,0.573865306832
27,0.807563034896,0.467481656564,0.766101706584,0.715359838332
28,0.814285723633,0.436555237079,0.813559331379,0.413624818547
29,0.810924379672,0.422795792744,0.81016950082,0.461405631344
30,0.80084034619,0.440439499132,0.816949162443,0.455189862999
31,0.808403370949,0.43816059197,0.806779670513,0.479089302911
32,0.805462194967,0.430152130211,0.803389840712,0.464142786244
33,0.804201690339,0.435477727742,0.806779671524,0.512156357831
34,0.8218487488,0.424045372253,0.813559332136,0.417736942106
35,0.808823539179,0.434815732653,0.78644068918,0.475322842219
36,0.809663874919,0.443192417099,0.786440687159,0.630940458532
37,0.81470589155,0.42045010678,0.810169502335,0.465471009329
38,0.813865555873,0.417077643312,0.837288143776,0.381548465308
39,0.810924379452,0.433244349357,0.806779671524,0.465531608058
40,0.81428572379,0.412757596111,0.820338992749,0.474454392821
41,0.81596639599,0.426418664763,0.823728823561,0.42503537023
42,0.805042026643,0.420150745425,0.827118652857,0.435489227837
43,0.830252109549,0.40219377274,0.789830519486,0.574697525888
44,0.804201690527,0.427121895045,0.806779671018,0.536193143008
45,0.816386563531,0.42033673059,0.820338993759,0.439622649955
46,0.821848748424,0.410020327196,0.779661029072,0.479271625311
47,0.824369756928,0.410087070389,0.766101705321,0.943367169886
48,0.810504211003,0.423349168105,0.837288144786,0.453920630833
49,0.815546227916,0.427869228004,0.783050857105,0.48065012403
50,0.816386564408,0.398063680306,0.796610180099,0.555328358912
51,0.815546228167,0.396363589146,0.78644068918,0.463278893444
52,0.833193286377,0.397111210941,0.79322034752,0.484996643675
53,0.828151269589,0.397670539832,0.803389839954,0.431057820002
54,0.806722698718,0.420487664311,0.793220349793,0.552183916192
55,0.824369757241,0.399320748345,0.789830518476,0.5165711068
56,0.827731101766,0.391162507627,0.800000010911,0.473118976137
57,0.818487404337,0.406304188949,0.816949163453,0.757159453391
58,0.827731101578,0.388494093566,0.793220350298,0.604911066655
59,0.821008412402,0.40606490748,0.840677975093,0.413437292106
60,0.815126059812,0.408470300191,0.813559330621,0.39959720579
61,0.847058831738,0.36588562546,0.783050857863,0.502225087482
62,0.833193286283,0.373654502295,0.840677975093,0.39388217777
63,0.831512614145,0.377602314091,0.759322044203,0.818197628957
64,0.823109252738,0.395438535483,0.769491536637,0.484041676304
65,0.836974798193,0.379557531092,0.779661027557,0.743805478816
66,0.819747908119,0.400219794723,0.800000008385,0.457248139937
67,0.817647068315,0.396263328937,0.840677975093,0.389383361122
68,0.83067227756,0.375854335115,0.837288144786,0.430659303094
69,0.823949589355,0.398622775012,0.783050857358,0.498856707334
70,0.821008412684,0.397186405832,0.830508481648,0.405955898433
71,0.826470597045,0.379166801421,0.827118652857,0.391936990922
72,0.818907572066,0.40189667345,0.810169501325,0.433396759427
73,0.822689084915,0.398475138533,0.816949162443,0.407468765974
74,0.831932781843,0.377443373078,0.823728824066,0.367229865138
75,0.829411773715,0.384307593139,0.810169501325,0.450528543127
76,0.815546228167,0.397888794573,0.823728823056,0.382575998367
77,0.827310933442,0.378990444018,0.833898314985,0.401559918235
78,0.835294126118,0.363234728481,0.850847466517,0.390992891233
79,0.819747908338,0.38406864754,0.830508483163,0.39541886608
80,0.821848748956,0.383453455323,0.830508483669,0.40187620662
81,0.827731101641,0.378277153763,0.816949160927,0.452245842981
82,0.831092445978,0.376297659029,0.816949160927,0.410835376609
83,0.830672278124,0.384923901816,0.820338992244,0.367139386045
84,0.838655470957,0.369841718937,0.844067805399,0.36032368912
85,0.833613454262,0.380221524785,0.83389831448,0.38049882663
86,0.832773118022,0.369722148576,0.837288144786,0.409894517165
87,0.847899168104,0.353369320125,0.840677974588,0.410431490359
88,0.83613446214,0.365809125513,0.810169502335,0.40712636444
89,0.831092445915,0.369123383918,0.796610181109,0.508515006026
90,0.813865555842,0.380160234383,0.816949162948,0.370947292232
91,0.842016815325,0.354526817298,0.796610180099,0.414185044371
92,0.836974798537,0.368585935442,0.830508484174,0.368724963675
93,0.844117655129,0.373618975391,0.823728824066,0.405595349558
94,0.829411773809,0.36573492061,0.837288144281,0.414554599167
95,0.828991605204,0.373452293006,0.833898313975,0.386874648916
96,0.836974798819,0.376809329342,0.820338993759,0.387909659832
97,0.842016815169,0.364114952,0.796610179594,0.46581728125
98,0.827731101484,0.378372270888,0.864406787238,0.384536167954
99,0.831932781937,0.373686778868,0.837288145292,0.360055720528
100,0.828151269307,0.385245911057,0.813559332642,0.405975153133
101,0.844537823203,0.351265979743,0.81694916118,0.422429296046
102,0.825630261367,0.36912763953,0.803389839197,0.496596421226
103,0.84789916754,0.347888425071,0.840677975598,0.363689510815
104,0.822268916967,0.388863417688,0.820338992749,0.405002068034
105,0.839915974676,0.355650285494,0.83389831347,0.388388969446
106,0.829831942102,0.360928840215,0.816949162443,0.379713981586
107,0.845798327955,0.349779594784,0.806779670513,0.396062923437
108,0.845378159663,0.356056518555,0.830508484174,0.390647779708
109,0.851680680358,0.355138922783,0.888135599383,0.32073791344
110,0.843277319327,0.361491752037,0.884745769582,0.328556571345
111,0.842436983242,0.353993391274,0.837288145292,0.423313468632
112,0.843697487212,0.364874090185,0.827118653867,0.38083641471
113,0.846218495246,0.350635594524,0.800000009395,0.421018306671
114,0.852941184328,0.337355568582,0.803389840712,0.407784088815
115,0.848319335958,0.350897617012,0.877966108464,0.307823832384
116,0.84411765538,0.349154521187,0.823728823561,0.416485899649
117,0.847478999498,0.358273129237,0.820338992749,0.392062765814
118,0.844957991652,0.347109372344,0.830508483163,0.379729677118
119,0.839915974927,0.366117279757,0.803389842227,0.558869355185
120,0.839915975052,0.351797540398,0.816949163453,0.396583693891
121,0.833193286252,0.371708030335,0.823728822045,0.394318732291
122,0.826470596825,0.369945064422,0.850847466012,0.34920504121
123,0.851680680139,0.343007265888,0.806779670513,0.423086757756
124,0.849579840085,0.342189261745,0.820338993254,0.434020853207
125,0.83235294976,0.359527081142,0.830508484679,0.376012999501
126,0.846638663977,0.345258210152,0.823728823056,0.39947621196
127,0.842016815012,0.355886825979,0.840677974588,0.368525022925
128,0.846638663351,0.347621120951,0.820338993759,0.425586292362
129,0.837394966736,0.352571042599,0.816949162443,0.365549271768
130,0.84663866357,0.338244987417,0.877966108211,0.305951470604
131,0.838235302507,0.355526771412,0.840677974588,0.370566165012
132,0.839495807135,0.357905197153,0.871186447851,0.353036435163
133,0.841596646751,0.346627780549,0.823728823561,0.407958965054
134,0.84327731892,0.348200491496,0.850847466012,0.357106065409
135,0.846218495653,0.34259357157,0.840677975598,0.355211737171
136,0.848739503875,0.336601356929,0.857627125867,0.352045878768
137,0.839915975365,0.353234432113,0.833898313975,0.387775712599
138,0.832773118147,0.371740784778,0.837288144786,0.398744047067
139,0.82478992497,0.365680386406,0.854237296824,0.35450830942
140,0.852521016474,0.329608456866,0.850847466012,0.339650549626
141,0.827310932878,0.363244225842,0.864406787238,0.348698484632
142,0.847478999811,0.347635160631,0.857627126625,0.351961345364
143,0.844537823234,0.352596889328,0.830508483163,0.353520318298
144,0.848319336146,0.347134006171,0.830508482658,0.357177982265
145,0.838655470831,0.350507477611,0.806779671524,0.395608878742
146,0.839075638467,0.350000756347,0.803389840712,0.459469291745
147,0.843277319233,0.346698301398,0.827118652352,0.385111135636
148,0.845798327298,0.357449160302,0.837288144786,0.396989657086
149,0.85840336919,0.332896035243,0.854237296824,0.317162488098
150,0.854621856779,0.34326505643,0.840677975598,0.359235434019
151,0.856302528885,0.330017430825,0.854237296319,0.350783800422
152,0.844957991433,0.352168416698,0.861016956931,0.332367405674
153,0.862605049643,0.325172649509,0.840677975598,0.365113597995
154,0.854201688549,0.336144690582,0.847457635201,0.370446936875
155,0.841596646907,0.351395121854,0.840677974588,0.332971726181
156,0.841596646814,0.351741459221,0.844067804894,0.331811647105
157,0.840756311136,0.34605735178,0.830508484174,0.365281972276
158,0.850420176169,0.343995094033,0.837288144786,0.425485791165
159,0.841596647095,0.345259601532,0.840677975598,0.339624121785
160,0.83529412665,0.352541726693,0.840677975093,0.339442723762
161,0.84915967223,0.336447653149,0.864406786733,0.331828731475
162,0.844117655286,0.345376222199,0.823728822551,0.358638159362
163,0.846638663852,0.336950146648,0.816949161938,0.415592745957
164,0.842016815075,0.358154838075,0.833898314227,0.401046293014
165,0.843277319327,0.357558325677,0.827118652857,0.372432126837
166,0.859663872909,0.330702060231,0.789830518981,0.473933582242
167,0.844957991808,0.353399637374,0.810169501577,0.424160440342
168,0.854201688611,0.339883036567,0.823728823056,0.390078777795
169,0.852100848275,0.333990718841,0.823728822045,0.37969477803
170,0.849579840085,0.340677405888,0.813559330368,0.383473854828
171,0.857142864969,0.338939239905,0.823728823561,0.367168309135
172,0.856722696802,0.333620737909,0.837288143776,0.413958235944
173,0.841176479178,0.357276370045,0.823728822551,0.416368862835
174,0.847899167916,0.335115979402,0.850847466517,0.382897034666
175,0.839075638842,0.359041891601,0.823728823056,0.370570589425
176,0.852100848212,0.340718460794,0.837288144281,0.417343694148
177,0.836974798569,0.349251363372,0.820338992749,0.384342353728
178,0.840336143344,0.351915492778,0.837288144786,0.352323147894
179,0.851680680452,0.330555212175,0.861016956931,0.354966803564
180,0.858403369283,0.325010708737,0.810169501325,0.370232390903
181,0.838235302445,0.349724829369,0.820338991739,0.434202835721
182,0.855462192393,0.33612409875,0.861016956931,0.357054515158
183,0.836134462422,0.351903931426,0.85762712713,0.381888792045
184,0.847058831706,0.337422726018,0.823728822551,0.394664980092
185,0.854201688924,0.330946116153,0.85762712612,0.344070641355
186,0.847899167415,0.34089791266,0.806779672029,0.388536074846
187,0.850840343898,0.348412814378,0.837288144786,0.369850628583
188,0.8554621928,0.332265817991,0.864406787238,0.37861583786
189,0.849579840022,0.340902889085,0.837288144281,0.374808190264
190,0.86428572153,0.328099288696,0.816949162948,0.405203158194
191,0.851260512003,0.332878391517,0.85762712713,0.345493996547
192,0.850420176106,0.331203845838,0.871186447346,0.351339176865
193,0.847899167853,0.330082176198,0.823728822551,0.42381880887
194,0.855462192863,0.338155571716,0.861016956931,0.353251949079
195,0.857983200866,0.328980214056,0.861016956426,0.353241391322
196,0.85924370543,0.333252060055,0.85762712612,0.351804010823
197,0.866806729939,0.321631446739,0.830508484174,0.368714790223
198,0.864705889854,0.328978779538,0.813559332136,0.372586700181
199,0.857563033137,0.32462720753,0.874576276642,0.326757796235
200,0.870588242569,0.317429897313,0.833898313975,0.364203924061
201,0.849159672324,0.346259056575,0.850847466012,0.325297884517
202,0.847478999874,0.3479502619,0.833898313975,0.360133920938
203,0.8521008484,0.343054499211,0.867796617544,0.313565696384
204,0.849159671855,0.335375062073,0.847457636211,0.363856136609
205,0.849579840272,0.339159451769,0.840677974083,0.369629837067
206,0.851260512379,0.332304664199,0.840677974588,0.35926990773
207,0.852941184203,0.339759048951,0.840677974588,0.317776523341
208,0.856722696739,0.323917282299,0.810169502335,0.390243827981
209,0.865126057833,0.323578478158,0.854237295813,0.359736368818
210,0.855462192863,0.326992056959,0.85762712713,0.345317989903
211,0.861764713684,0.324678286409,0.854237295813,0.374997782189
212,0.857563032823,0.318313054443,0.820338993254,0.376780925855
213,0.860924377161,0.323485797717,0.847457635706,0.331430648722
214,0.846638663601,0.343545692871,0.888135599888,0.318957683899
215,0.858403368845,0.317280805106,0.854237295813,0.363091106763
216,0.855042024727,0.334419050606,0.847457634696,0.350815819608
217,0.86050420915,0.324484623867,0.796610180099,0.415040459294
218,0.852941184078,0.338391346043,0.850847465507,0.324343345049
219,0.837394966266,0.345438745749,0.874576278662,0.31690042428
220,0.853361352245,0.334844596363,0.854237295813,0.377631386774
221,0.856302528916,0.327519699031,0.854237296319,0.36970982568
222,0.8453781596,0.337853235623,0.850847466012,0.330337557752
223,0.856302529135,0.339475245919,0.83389831448,0.370491738479
224,0.853361352903,0.332218226507,0.830508483669,0.35406478185
225,0.850840343929,0.333372790961,0.847457635706,0.402782336383
226,0.844117655286,0.350303610724,0.837288144786,0.381961545228
227,0.856722696489,0.340945609337,0.813559331126,0.39887492245
228,0.865546226063,0.319451249987,0.806779672029,0.389721203785
229,0.855042024852,0.337149663484,0.844067804389,0.377824989637
230,0.843697487337,0.339986124334,0.840677974588,0.368311800252
231,0.849579840178,0.342184425872,0.796610180099,0.413691143489
232,0.860084040983,0.332343963891,0.871186448356,0.348806300911
233,0.85630252901,0.33258376348,0.857627126625,0.386050937666
234,0.854201688862,0.335358321033,0.864406787238,0.350170140423
235,0.869747906235,0.31442876085,0.861016956931,0.309130362282
236,0.844957991182,0.340538456371,0.806779671018,0.399477522883
237,0.86470588976,0.316707831972,0.827118652857,0.374454176937
238,0.86302521756,0.319962173223,0.854237295813,0.307717655864
239,0.85336135237,0.329508732636,0.864406786733,0.302373454354
240,0.85294118414,0.327758889818,0.833898313975,0.369527307544
241,0.85420168858,0.322696851895,0.847457635706,0.362774111772
242,0.852941184328,0.33586779776,0.874576278157,0.334793005581
243,0.85840336897,0.323838558126,0.871186447851,0.336476069323
244,0.858403369283,0.330199102488,0.850847465507,0.335766648337
245,0.853361352527,0.332706724646,0.850847465507,0.368304591563
246,0.854621856309,0.32564919251,0.840677975093,0.396854797252
247,0.862605049705,0.321240315636,0.847457635201,0.331952186775
248,0.85924370518,0.327111847894,0.796610179594,0.412978772137
249,0.862184881319,0.31738184412,0.854237296824,0.362570556796
250,0.855462192863,0.341581041572,0.844067804894,0.349113115567
251,0.869327738005,0.311633376913,0.800000010406,0.407292011557
252,0.855042024946,0.328834270385,0.861016956931,0.350295408171
253,0.865966393667,0.310335217036,0.857627126625,0.369121496392
254,0.853781520538,0.337145595803,0.877966108969,0.29401991731
255,0.875630259201,0.299334072242,0.854237295813,0.341361103611
256,0.871008410142,0.317282346328,0.847457636211,0.362260440775
257,0.860504209588,0.31917782462,0.847457635706,0.351638931213
258,0.863445385383,0.32002685043,0.884745769582,0.345521660174
259,0.863445385664,0.322225922273,0.861016956931,0.350202092301
260,0.861344545297,0.318911698921,0.874576277652,0.312053460344
261,0.864285721718,0.313632543754,0.891525430194,0.271379249391
262,0.857142864844,0.323935682361,0.847457635706,0.334688142637
263,0.850840344712,0.338767215852,0.840677975093,0.302676212485
264,0.852521016255,0.331744484103,0.85762712612,0.349141828084
265,0.857563033074,0.327014017107,0.844067804894,0.31643050366
266,0.854621856653,0.342087013882,0.823728823561,0.372645761944
267,0.852100848463,0.325041638515,0.871186447851,0.298729488153
268,0.867226898138,0.312738345247,0.847457635201,0.376295142381
269,0.876470595035,0.307442422048,0.83389831448,0.344130657992
270,0.858403369158,0.324930506195,0.850847466012,0.344778798521
271,0.863445385727,0.304467198314,0.877966108211,0.327410894683
272,0.855042024696,0.324760518639,0.854237295308,0.324088703715
273,0.869747906172,0.318418651162,0.88135593877,0.336940052777
274,0.854201688611,0.324677728179,0.83389831448,0.380988736432
275,0.845798327298,0.341064289361,0.844067805399,0.360135708288
276,0.849579839865,0.337104773665,0.894915260501,0.293667658469
277,0.864705889822,0.316754270345,0.844067805399,0.346111050412
278,0.859243705305,0.314742317846,0.847457636211,0.372554417889
279,0.850840344086,0.342145303061,0.837288144786,0.340729227384
280,0.86554622575,0.321601962765,0.854237296319,0.336228661176
281,0.863865553988,0.303731445137,0.874576278157,0.30547838677
282,0.86638656196,0.316723318356,0.844067804894,0.343292304804
283,0.858823536887,0.316088029864,0.837288145292,0.364289856247
284,0.857142864875,0.325370890315,0.844067805904,0.357666882165
285,0.859243704992,0.320351581559,0.871186446335,0.34020821365
286,0.853361352558,0.332859594641,0.844067804894,0.369405336804
287,0.85462185681,0.327108302201,0.854237296824,0.360344666925
288,0.860924377317,0.317804135265,0.857627126625,0.375022651912
289,0.857563033199,0.30519208906,0.854237295813,0.348383872817
290,0.863445385351,0.316748152604,0.854237295308,0.347242107457
291,0.854201688423,0.330174456773,0.847457635706,0.338414154063
292,0.858823536793,0.315122274439,0.861016956426,0.36638860073
293,0.868067234003,0.320406041359,0.864406786733,0.38660095168
294,0.855042024727,0.323313645627,0.837288143524,0.351805492573
295,0.868067234285,0.317548423943,0.847457636211,0.368075398823
296,0.864285721718,0.309175671305,0.864406787743,0.336992958876
297,0.854201688361,0.331706244866,0.840677975093,0.385165296179
298,0.868067233941,0.317369381991,0.861016955921,0.306558018203
299,0.858403369283,0.319964751981,0.857627126625,0.359914921729
300,0.860924377224,0.311888852939,0.847457635706,0.38311396596
301,0.84453782314,0.346666737538,0.837288144786,0.34826579971
302,0.863865553613,0.318386201058,0.83389831347,0.423311949818
303,0.857142864719,0.324475291514,0.854237296319,0.366758547471
304,0.858823537263,0.321040880929,0.871186447851,0.307890983519
305,0.854201688486,0.334072954679,0.864406787743,0.335296673353
306,0.860504209181,0.315281846701,0.833898313975,0.370362472515
307,0.862184881601,0.318031530052,0.850847465507,0.354053852101
308,0.867226898107,0.297634017255,0.83389831347,0.339488735801
309,0.873529418959,0.305945346813,0.82711865311,0.458296512396
310,0.853781520819,0.334709806665,0.854237296824,0.331676869764
311,0.854621856278,0.328041163273,0.833898314985,0.336259542002
312,0.865546225719,0.30750888426,0.894915260501,0.278989126432
313,0.853361352589,0.322863903147,0.850847466517,0.333915649676
314,0.860504209181,0.321771879532,0.864406786733,0.331000148524
315,0.859243705211,0.312998059855,0.850847466517,0.347444214179
316,0.853781520225,0.326603613449,0.854237296319,0.327077427595
317,0.860924377098,0.316284622394,0.850847466517,0.331499804727
318,0.876890763077,0.291016497743,0.871186447851,0.353244137335
319,0.876890763077,0.300274560932,0.847457635706,0.363969695518
320,0.850420176169,0.337337553141,0.847457636211,0.33295922638
321,0.873109250697,0.30641455471,0.854237295813,0.352973158077
322,0.856302528509,0.322241336499,0.827118653867,0.417414562051
323,0.861764713871,0.318993586593,0.85762712713,0.331444345857
324,0.859663873066,0.319005967533,0.871186447851,0.296880233338
325,0.863025217747,0.313704127266,0.800000010911,0.394373552684
326,0.857142864969,0.325477189635,0.837288144281,0.373880510234
327,0.874369754949,0.293282201944,0.840677974083,0.382220807312
328,0.852941184203,0.328733235668,0.854237295308,0.330423210384
329,0.854621856873,0.327248447363,0.884745769076,0.330345228062
330,0.867226898107,0.313687502078,0.840677975598,0.359821905524
331,0.864285721999,0.312757675145,0.85762712612,0.333073698931
332,0.860504209369,0.320366551458,0.823728823561,0.385095647078
333,0.860924377349,0.316747101188,0.840677974083,0.378281832057
334,0.864285721811,0.313457337099,0.888135599383,0.27611488006
335,0.859243705305,0.316434281722,0.857627126625,0.358251929599
336,0.86260504958,0.309260696118,0.847457634696,0.353306115368
337,0.849579840116,0.33261619052,0.816949162443,0.381659975118
338,0.864705889854,0.307596582857,0.847457635201,0.359738585681
339,0.851680680014,0.330209249967,0.854237296319,0.325106624261
340,0.877731099099,0.302742777494,0.844067804894,0.361437410369
341,0.871848746445,0.303240773151,0.854237295308,0.350690592743
342,0.8554621928,0.32662152283,0.830508483669,0.359885180085
343,0.860084041327,0.311887538014,0.85762712713,0.356644641419
344,0.853781520538,0.32553550781,0.891525430194,0.325218788206
345,0.880672275644,0.289462233033,0.827118652857,0.394072613032
346,0.862605049705,0.325596641428,0.871186447346,0.321062353045
347,0.865966393824,0.311040663943,0.867796618049,0.342348712323
348,0.864705889572,0.313184276403,0.833898314985,0.341683215604
349,0.873109250697,0.303469924045,0.864406787238,0.29194703856
350,0.866386561866,0.311993347207,0.877966108211,0.31398025736
351,0.864285721686,0.314976848811,0.840677975093,0.368460704146
352,0.85546219255,0.322210513666,0.854237295813,0.347551990016
353,0.870168074245,0.304444713001,0.861016957437,0.351346698384
354,0.876470594847,0.301666069658,0.864406787743,0.309023722754
355,0.866386561928,0.312481414902,0.854237295308,0.374592489894
356,0.841176479022,0.342695854135,0.881355938265,0.295839278185
357,0.85378152035,0.327036987004,0.789830519991,0.431303033637
358,0.864285721686,0.315759364516,0.854237295308,0.344542849367
359,0.868067234316,0.309276501288,0.840677974588,0.358157540087
360,0.868067234003,0.308907423231,0.861016957437,0.295195456721
361,0.853781520506,0.326396130331,0.867796617544,0.321981186205
362,0.872268914613,0.298887125267,0.837288145292,0.363620778198
363,0.866386562273,0.30620939182,0.874576278662,0.294847064162
364,0.877731099287,0.306812220762,0.803389840712,0.425756555051
365,0.864705889854,0.323406166765,0.881355939275,0.319655560178
366,0.870168074245,0.31460290309,0.854237295308,0.370890610709
367,0.868067234316,0.308439116268,0.85762712713,0.342376317387
368,0.860924376817,0.322013819348,0.806779672029,0.384558390447
369,0.869747906297,0.306510712349,0.898305090302,0.300481527917
370,0.873109250697,0.28916476184,0.85762712713,0.369076312472
371,0.869747906109,0.303086756752,0.861016956931,0.344954451388
372,0.873529418802,0.299003781923,0.861016956931,0.342587959179
373,0.869327738255,0.311111034332,0.850847465507,0.363419418618
374,0.859243705117,0.318518952451,0.884745769582,0.296737900572
375,0.858823537294,0.315880519643,0.888135599383,0.277488375146
376,0.867647065961,0.303364191431,0.857627126625,0.336143278659
377,0.856302528853,0.314974634227,0.88135593877,0.311924236621
378,0.85252101663,0.330454314362,0.85762712713,0.335413359074
379,0.86680672972,0.311975572149,0.85762712612,0.345059435751
380,0.872689082843,0.289709926047,0.877966108464,0.303760846856
381,0.865966394105,0.311128243428,0.854237294803,0.36941512652
382,0.860924377537,0.321327418766,0.830508483669,0.3869291597
383,0.863025217654,0.31754056153,0.877966108464,0.342715411621
384,0.862605049236,0.302194917441,0.833898312965,0.372621888074
385,0.866806729814,0.30767718179,0.837288144534,0.339950458068
386,0.864705889728,0.32104389031,0.850847466517,0.358561038718
387,0.871848746602,0.300226459898,0.871186447598,0.370089371326
388,0.863025217685,0.314076691866,0.857627126372,0.307612534707
389,0.863865553894,0.311650622018,0.844067805399,0.336921038737
390,0.865966393573,0.313836468665,0.884745769076,0.327425204091
391,0.868907570213,0.304402125467,0.806779671524,0.393648984921
392,0.872268914676,0.300682119473,0.806779671018,0.405432316269
393,0.872268914676,0.299117627608,0.844067804894,0.390578846873
394,0.848319335833,0.334621170677,0.840677974588,0.393056326467
395,0.85924370518,0.328014551005,0.85762712612,0.324735524133
396,0.858403368908,0.32327804763,0.854237294803,0.312354413635
397,0.860504208774,0.312810952744,0.891525430194,0.285274136811
398,0.857563032886,0.311775839034,0.864406787743,0.349863683742
399,0.864705889916,0.315697806833,0.847457635201,0.351362609636
400,0.855462192832,0.316310676042,0.793220350803,0.460459754439
401,0.872689082686,0.30066997788,0.874576278157,0.314950263001
402,0.857142864938,0.31562941026,0.874576278662,0.331407290078
403,0.863865553644,0.298857822059,0.861016956426,0.318153254625
404,0.85252101638,0.331521845008,0.847457635201,0.339251802761
405,0.864285721404,0.309741667707,0.85762712713,0.346116456756
406,0.876470595066,0.294461354379,0.867796617039,0.324397279802
407,0.869747906735,0.307954365262,0.867796617039,0.334111533365
408,0.872689082405,0.305079003812,0.867796618049,0.309700036895
409,0.866386561897,0.302215528017,0.840677975093,0.359003325103
410,0.870168074371,0.303154579442,0.864406787238,0.325724155942
411,0.875210090814,0.300410316803,0.881355939275,0.318491391585
412,0.868487402171,0.301717795886,0.861016956931,0.325457536694
413,0.853781520506,0.328361532925,0.850847464749,0.349544224471
414,0.871008410486,0.297982406536,0.871186447851,0.323619934841
415,0.860084041077,0.314321303247,0.837288143776,0.370678801973
416,0.866806730065,0.304175925112,0.877966108969,0.305626804293
417,0.859663873535,0.323486381304,0.847457635201,0.333219579468
418,0.878991602975,0.281873394062,0.864406787238,0.356257360776
419,0.860504209181,0.322399534684,0.864406787743,0.311289687562
420,0.865126057708,0.316366697317,0.854237296824,0.311254041869
421,0.860084041327,0.322545766783,0.854237295813,0.32454132314
422,0.878151266953,0.315228161981,0.83389831448,0.318230911837
423,0.874369754636,0.301636004993,0.881355939275,0.311672618265
424,0.870588242538,0.307265727945,0.861016956426,0.324898669149
425,0.872268914644,0.308815018055,0.827118652857,0.360788941257
426,0.865546225969,0.31005797028,0.83389831448,0.327647783241
427,0.868907569962,0.294534643368,0.850847466012,0.335288120213
428,0.863865553707,0.321704853737,0.864406786228,0.354599218847
429,0.863445385508,0.318955214882,0.871186447346,0.297835864442
430,0.866386562022,0.307686492621,0.816949161685,0.377151197706
431,0.863865553707,0.323326229306,0.830508483669,0.389698436326
432,0.872268914801,0.315253558569,0.840677975093,0.331135410437
433,0.865126057708,0.318618900761,0.85762712612,0.305165622068
434,0.85672269724,0.318620701407,0.85762712612,0.379772677702
435,0.865966393792,0.311488591651,0.850847464497,0.332622163755
436,0.864705889979,0.302287388569,0.823728823056,0.435435608913
437,0.877310931307,0.292015707081,0.840677974588,0.309351740721
438,0.860924377286,0.32349250576,0.894915259996,0.279439271191
439,0.864705889854,0.307329771375,0.861016957437,0.354770707188
440,0.868487402014,0.304641463387,0.833898311702,0.400261673761
441,0.866806730221,0.301794701741,0.827118653867,0.36577582776
442,0.868067234128,0.30286819354,0.861016956931,0.306185877835
443,0.873109250541,0.305181716389,0.857627126625,0.331368969722
444,0.859663873128,0.325790767268,0.864406787743,0.353258807717
445,0.868487402045,0.313133972783,0.854237295813,0.332349890938
446,0.885714292213,0.283244243737,0.871186447598,0.310775562616
447,0.864705889478,0.307002261469,0.844067805399,0.360177703423
448,0.871008410518,0.30591723153,0.827118652352,0.357060627254
449,0.859243705305,0.311051510055,0.867796618049,0.327238058987
450,0.866386561772,0.303121574818,0.847457635706,0.376542804037
451,0.867647066212,0.306368903249,0.830508484174,0.32971110318
452,0.87689076314,0.297728886656,0.871186448356,0.352654675432
453,0.874789923054,0.303963415243,0.861016957437,0.358660501507
454,0.883613451971,0.296003831128,0.881355939275,0.290164618169
455,0.884033619575,0.294421166706,0.874576278157,0.300452751849
456,0.874789923116,0.29673534177,0.844067805399,0.383026895066
457,0.878151267203,0.291753939697,0.898305090302,0.277014918247
458,0.846638663883,0.333095269974,0.85762712612,0.31042438856
459,0.860504209244,0.326339694851,0.871186447346,0.307717140259
460,0.863445385602,0.313839264934,0.857627126625,0.305559080631
461,0.860504209307,0.311753073825,0.854237296319,0.332415159476
462,0.873949586782,0.30038195807,0.891525430194,0.306692007171
463,0.873109250729,0.303591088474,0.861016956931,0.306772556472
464,0.86974790636,0.294779502239,0.864406786733,0.32846515411
465,0.867226898044,0.305190633818,0.864406786733,0.343147104196
466,0.876050427243,0.302346653266,0.847457635453,0.339189090308
467,0.869327738192,0.300449940572,0.823728821035,0.394429003473
468,0.881932779771,0.285008996819,0.850847465002,0.352458439104
469,0.868907570244,0.309597594628,0.891525429689,0.295542143159
470,0.866806729877,0.309149504968,0.854237295813,0.341894628512
471,0.869327738631,0.288540002671,0.840677974083,0.359197304032
472,0.869747906015,0.29342825807,0.850847465002,0.351560772886
473,0.868907569962,0.304866323881,0.884745769076,0.296003580535
474,0.860924377349,0.322830817733,0.854237296319,0.348707896673
475,0.863445385195,0.317986929187,0.884745769076,0.278649444613
476,0.862184881413,0.312571950316,0.816949162948,0.395437087706
477,0.867226898075,0.305975262467,0.857627126625,0.342418754315
478,0.873109250697,0.298566986822,0.837288145292,0.421813747356
479,0.858823536887,0.319567810908,0.854237295813,0.36332186482
480,0.860924377505,0.326393401282,0.894915260501,0.293974169577
481,0.860924377724,0.313661872613,0.871186447851,0.290024874258
482,0.863445385664,0.30575992673,0.88135593877,0.320946177847
483,0.85756303251,0.311693054154,0.833898313975,0.340485181533
484,0.876050427055,0.312619439311,0.877966108464,0.2933173722
485,0.869327738224,0.297827718881,0.844067805904,0.343276591151
486,0.86176471384,0.320929819201,0.881355938265,0.305814453227
487,0.863025217247,0.314582286176,0.871186448356,0.296573421871
488,0.857983201241,0.318369013069,0.823728822551,0.358204314264
489,0.872268914676,0.30334245844,0.867796618049,0.31494027433
490,0.856302528916,0.324190071549,0.871186447851,0.295734339536
491,0.878991603444,0.293017770359,0.861016955921,0.337141597864
492,0.868067234128,0.307461433676,0.816949162948,0.373865102528
493,0.871008410612,0.301311652153,0.877966107958,0.310564657042
494,0.871428578622,0.29697551149,0.827118653867,0.334645326675
495,0.870588242319,0.296792650454,0.871186448356,0.32285487917
496,0.867226897888,0.30715140889,0.854237296824,0.383285489628
497,0.864285721749,0.306306626965,0.844067804894,0.326368516848
498,0.876890763296,0.293796185001,0.867796618049,0.35588254748
499,0.878991603382,0.296285806349,0.864406786733,0.304164540275
500,0.870588242444,0.302418947572,0.854237296319,0.328791314894
501,0.857983200866,0.310069440727,0.837288143776,0.313003330665
502,0.865546226001,0.30463719764,0.854237295813,0.308282526273
503,0.871008410674,0.300194440292,0.854237296824,0.372535544463
504,0.868487402358,0.300914102054,0.830508484679,0.356987095485
505,0.872268914676,0.298588505289,0.864406786733,0.331731270494
506,0.867226897794,0.299472767328,0.840677974588,0.366568006386
507,0.878991603163,0.296391280861,0.867796617544,0.312334963989
508,0.864285721624,0.311294094385,0.833898314985,0.359365574258
509,0.865546225875,0.311269870842,0.871186447851,0.376055655654
510,0.876050426805,0.289931888528,0.884745768571,0.295226769364
511,0.881932779834,0.28818988152,0.854237296319,0.349296723319
512,0.880672275425,0.285278272111,0.840677974588,0.339356244431
513,0.883613452002,0.297226556049,0.871186446335,0.29751075075
514,0.870168074277,0.292192423939,0.827118652604,0.412705649827
515,0.87226891455,0.307633428247,0.867796618049,0.382956918613
516,0.879831939497,0.287876543237,0.861016955921,0.317404783978
517,0.867226897668,0.305805360527,0.884745769582,0.286467958968
518,0.876470595066,0.292866060252,0.877966108969,0.313009403583
519,0.87142857856,0.307134040921,0.827118653867,0.383432447721
520,0.866806730002,0.309186152159,0.847457635201,0.323552708378
521,0.869327738318,0.305002282264,0.840677973325,0.342542152915
522,0.869327738412,0.308818787117,0.871186447851,0.320022826414
523,0.86596639398,0.313064976181,0.877966108969,0.309485368241
524,0.863865553456,0.303459351671,0.837288144786,0.349609521991
525,0.885294124171,0.288383320702,0.874576278157,0.344287924248
526,0.878151267203,0.295178603295,0.88135593877,0.321831604876
527,0.868907570275,0.298598553183,0.85762712713,0.29997227925
528,0.875630259013,0.292458991465,0.796610180604,0.462430729894
529,0.873109250416,0.303058786427,0.871186447851,0.321425714862
530,0.872689082968,0.305655868262,0.847457635201,0.34125470048
531,0.870588241849,0.298812190536,0.901694920609,0.249720013022
532,0.857983201053,0.318574825662,0.840677975598,0.32853917244
533,0.863445385664,0.309031422281,0.864406787238,0.329155643897
534,0.881932779865,0.290326477811,0.830508484174,0.350710625366
535,0.863865553644,0.312949027624,0.85762712713,0.350319051263
536,0.86680672972,0.314849836032,0.884745768571,0.286071998462
537,0.880672275832,0.291561435689,0.864406786733,0.321670772571
538,0.882773115667,0.287760092697,0.844067805399,0.335123799015
539,0.870168074152,0.300748685751,0.85762712713,0.408022325328
540,0.867647066118,0.308446613399,0.85762712612,0.34787908831
541,0.868907570432,0.298470240509,0.867796617544,0.347148049717
542,0.868487402233,0.304874264518,0.837288144786,0.358253105843
543,0.857563033074,0.317285140718,0.888135599888,0.295537450177
544,0.866806729689,0.305933769859,0.864406786733,0.35534054464
545,0.87352941899,0.292345210339,0.857627126625,0.343183176876
546,0.878151267172,0.28846147327,0.837288145292,0.398350044832
547,0.867647065585,0.309433165828,0.87118644684,0.319202488509
548,0.876050426993,0.298022424845,0.877966108969,0.307339934601
549,0.868487401983,0.310086061509,0.894915260501,0.301764824254
550,0.872268914738,0.303466390169,0.867796618049,0.349182556589
551,0.868487402108,0.312253119033,0.861016956931,0.316409337508
552,0.87773109913,0.292106462384,0.840677974083,0.330893601086
553,0.873949586625,0.296896918164,0.864406786733,0.314857619041
554,0.868907570088,0.300374137418,0.867796616281,0.287585842344
555,0.870588242194,0.304013754347,0.840677974083,0.374757944117
556,0.868907570526,0.297544083855,0.827118652857,0.389459236446
557,0.852941184453,0.325799086882,0.827118652857,0.33295484607
558,0.863445385477,0.310793215033,0.840677975093,0.32409718961
559,0.874369754886,0.296144519483,0.830508483669,0.375404705909
560,0.868067234066,0.303062230556,0.840677974083,0.380026575115
561,0.882352948064,0.293238838156,0.871186447851,0.291822833435
562,0.863025217434,0.314859214067,0.854237296319,0.318061832339
563,0.870168074402,0.291704647196,0.861016957437,0.358620236612
564,0.870588242507,0.296883171409,0.85762712713,0.351436777198
565,0.886974796434,0.27346667123,0.867796616534,0.338013255243
566,0.877731099161,0.295932294527,0.840677974083,0.367906520364
567,0.864285721749,0.329785962691,0.850847466517,0.340090395535
568,0.881932779614,0.29014114224,0.867796617544,0.285733501727
569,0.871008410612,0.295348152017,0.911864412033,0.243445187649
570,0.874789922866,0.295868030507,0.864406787743,0.315742446362
571,0.872689082499,0.286281610409,0.85762712713,0.321056198802
572,0.87815126736,0.301052100886,0.874576278157,0.276717330976
573,0.871428578309,0.304334925636,0.837288145292,0.311722398436
574,0.881512611791,0.285636094829,0.864406787238,0.318870392297
575,0.881512611635,0.279692805685,0.864406787238,0.31101969358
576,0.870168074339,0.29164567013,0.85084746576,0.356559347551
577,0.873109250635,0.299986513778,0.874576278662,0.349885109433
578,0.877731099036,0.285594712215,0.884745769076,0.378863221003
579,0.865546225813,0.307600429849,0.877966108969,0.280527135326
580,0.869747906548,0.310101935327,0.884745769582,0.281336573915
581,0.871428578466,0.28412395767,0.850847464497,0.328776216229
582,0.875210090971,0.293848506445,0.881355939275,0.309124357714
583,0.872268914488,0.305524604724,0.833898313975,0.358502749291
584,0.870168074214,0.297337773323,0.861016956931,0.372678691742
585,0.868067234191,0.3143802022,0.864406787238,0.356379154817
586,0.876050427086,0.300396386792,0.88135593877,0.304143586086
587,0.878571435371,0.290421122916,0.847457635706,0.330355073815
588,0.879411771612,0.292028255858,0.874576278662,0.310753208853
589,0.873109250635,0.311293444162,0.850847466517,0.37018140939
590,0.868487402077,0.293841534729,0.877966108969,0.287498040062
591,0.868067234316,0.302399417464,0.874576278157,0.334668253501
592,0.869747906235,0.303275321,0.867796618049,0.339058876732
593,0.860084041264,0.308495948177,0.884745769076,0.305005066791
594,0.869747906485,0.292482322567,0.847457635706,0.312191453273
595,0.870168074402,0.295818949478,0.857627126625,0.328321300952
596,0.868067234128,0.318823479061,0.898305090302,0.300726326025
597,0.876890763077,0.2808049131,0.813559332136,0.389520193434
598,0.867647066024,0.306791419539,0.854237296824,0.342492255209
599,0.88025210754,0.2902747044,0.861016956931,0.339161897615
600,0.873529418677,0.2880535,0.874576278157,0.303821363092
601,0.881092443499,0.288081348377,0.820338993254,0.396845630765
602,0.884033619857,0.289605813226,0.850847466517,0.334727865533
603,0.861344545328,0.309925733377,0.844067803884,0.336518617442
604,0.875210090908,0.295788869223,0.867796617544,0.309055731269
605,0.879831939591,0.29731403274,0.830508483921,0.365878148478
606,0.881092443624,0.290445728591,0.884745769582,0.306855364055
607,0.884873956004,0.286214685514,0.874576278157,0.290938086839
608,0.871428578403,0.300191246881,0.874576278157,0.333500502505
609,0.874789922929,0.294422350331,0.854237296319,0.336895599393
610,0.873529418583,0.2890210843,0.833898313975,0.365950209894
611,0.871428578529,0.305646935145,0.840677974083,0.382372910883
612,0.873949586844,0.296574437893,0.796610180099,0.405445864961
613,0.853361352057,0.327764750067,0.837288144786,0.365899769968
614,0.877731099349,0.29321658562,0.877966107958,0.292372827623
615,0.866386562022,0.311495529003,0.867796617544,0.309092574011
616,0.878991603476,0.280466214468,0.84067797383,0.340274961002
617,0.860084041515,0.311909668281,0.888135599888,0.299529709048
618,0.878991603194,0.289692356705,0.871186447346,0.311005949564
619,0.86344538604,0.307239919564,0.83389831448,0.372318246796
620,0.882773115981,0.279367810088,0.874576277147,0.366152663857
621,0.880672275707,0.290583696111,0.857627126625,0.366237949738
622,0.873949586969,0.300857693254,0.871186448356,0.305655123824
623,0.881512611854,0.29031400206,0.877966108969,0.323753540704
624,0.873109250697,0.299724465314,0.877966108969,0.300403559233
625,0.869327738224,0.307831736109,0.874576278157,0.318343740777
626,0.881932779708,0.274508548548,0.85762712713,0.327489472705
627,0.88319328396,0.282837220311,0.894915260501,0.279379391948
628,0.879411771393,0.292109440527,0.840677975093,0.340862575161
629,0.880672275519,0.287292021378,0.844067804894,0.345348608822
630,0.878991603037,0.29854689418,0.867796618049,0.293139038197
631,0.887815132549,0.285924306609,0.87118644684,0.334412961725
632,0.860504209087,0.319357693579,0.837288144281,0.350655522197
633,0.880252107508,0.289564239256,0.85762712713,0.333422136698
634,0.869747906454,0.301293263255,0.864406786733,0.32910317915
635,0.854621856559,0.324315732298,0.877966108464,0.292868403781
636,0.880672275582,0.279306706949,0.888135599383,0.311306632392
637,0.875630259326,0.290694727296,0.864406787238,0.331311455723
638,0.871008410486,0.304187387111,0.857627126625,0.314548534799
639,0.87605042718,0.299048296019,0.827118652099,0.350638649884
640,0.865966393855,0.305596687361,0.898305089797,0.292144931032
641,0.877731099193,0.285333478682,0.830508484174,0.358724012276
642,0.868067234066,0.31099623156,0.861016957437,0.309068550498
643,0.883193283741,0.283877754099,0.867796618049,0.311444908317
644,0.879831939497,0.29350624253,0.877966108969,0.319580769293
645,0.868067234379,0.29863209153,0.827118653362,0.31569061321
646,0.869747905922,0.298886483989,0.881355939275,0.286999007687
647,0.885294123952,0.277935821062,0.820338992244,0.381560144788
648,0.870168074277,0.286957753094,0.884745769582,0.309804714616
649,0.877310931119,0.29080304559,0.837288144281,0.346562509599
650,0.873529418833,0.303728309131,0.81016950183,0.404560536462
651,0.855462192675,0.323069428947,0.861016956931,0.341877768984
652,0.864705889697,0.308095493675,0.861016956426,0.283708117965
653,0.88151261151,0.283941437443,0.867796617039,0.328917259824
654,0.85714286475,0.318306564142,0.803389841217,0.400120601058
655,0.871848746571,0.294080695505,0.881355939275,0.311622596267
656,0.874789922647,0.296039860637,0.854237296319,0.348114306012
657,0.864285722062,0.30512121787,0.871186447851,0.29321929582
658,0.881092443593,0.286963678795,0.861016957437,0.32226462858
659,0.872689082436,0.29961425048,0.85084746576,0.363232982771
660,0.86974790636,0.296319846267,0.837288144786,0.373433595871
661,0.869327738255,0.311569773091,0.877966108211,0.306706113267
662,0.884033619951,0.282742740078,0.844067805904,0.365368978515
663,0.876890763171,0.302433271556,0.867796617544,0.337882242244
664,0.873109251136,0.28980615721,0.884745769582,0.333151834496
665,0.875630258888,0.296828204085,0.827118653362,0.363355985511
666,0.881512611666,0.273544126707,0.844067805399,0.33762650116
667,0.87899160335,0.286968310254,0.844067805399,0.371805228987
668,0.875210090877,0.284295231699,0.844067804389,0.362691782983
669,0.867647066149,0.299297632172,0.83389831448,0.36176640995
670,0.865546225938,0.300563279653,0.83389831448,0.399681127362
671,0.878151267266,0.296442352134,0.877966108969,0.323254212137
672,0.871428578372,0.296284314315,0.877966108464,0.322237563714
673,0.875630259326,0.295702623407,0.877966108969,0.296269553635
674,0.873109250635,0.291625298802,0.888135599888,0.286409434436
675,0.872268914488,0.2946000327,0.833898313975,0.353444582672
676,0.878571435246,0.296707010507,0.847457634696,0.322840329828
677,0.869327738255,0.323550351692,0.877966108464,0.322961948591
678,0.86554622575,0.310454395764,0.874576278662,0.298834381562
679,0.882773115511,0.283765789669,0.854237296319,0.347157333804
680,0.868487402233,0.311218043351,0.844067805399,0.332411719549
681,0.888235300404,0.281674187028,0.844067805904,0.316544432572
682,0.86470588976,0.306243434251,0.864406787238,0.326190458642
683,0.876470595035,0.2900274008,0.861016955416,0.318941259062
684,0.871848746445,0.292331781504,0.864406787238,0.390275083103
685,0.875210090846,0.2994565639,0.854237296824,0.32389622933
686,0.865966393918,0.304406164637,0.877966108464,0.316893430774
687,0.868487402171,0.299901137895,0.840677975093,0.383434532179
688,0.871848746696,0.308772071546,0.850847466012,0.338616300943
689,0.871848746571,0.304969204394,0.874576278662,0.290155313499
690,0.875210090846,0.296124737052,0.803389840712,0.429242442599
691,0.867226898232,0.307130857449,0.891525430194,0.269444273059
692,0.881932779646,0.281067173091,0.864406785723,0.327664844408
693,0.87605042718,0.289880536739,0.884745769582,0.304540188825
694,0.873529418771,0.293538653581,0.867796618049,0.330733795287
695,0.867647065961,0.296331336104,0.854237296319,0.330089059706
696,0.861344545328,0.306873331731,0.888135599383,0.319276452349
697,0.879411771205,0.276833241766,0.891525430194,0.291113736392
698,0.877310931088,0.285446603962,0.861016956426,0.366246888824
699,0.872268914519,0.302935964624,0.898305090807,0.282443569279
700,0.873949586531,0.300984034229,0.884745769582,0.288289941374
701,0.880672275895,0.289420953028,0.884745769076,0.286521781678
702,0.869747906422,0.302652860319,0.891525430194,0.297737374586
703,0.888235300091,0.277428193577,0.83389831448,0.337446559063
704,0.873529418489,0.295079314338,0.850847466517,0.324849481742
705,0.879411771267,0.291888137011,0.864406787238,0.334458074548
706,0.868067234254,0.293964666604,0.871186448356,0.283368026743
707,0.874369754824,0.299174845371,0.847457635706,0.323566480398
708,0.883613452065,0.273983151495,0.83389831448,0.341332323849
709,0.884873956129,0.285755031488,0.861016956931,0.31188981898
710,0.879831939529,0.287183908789,0.888135599383,0.327509043265
711,0.884453787836,0.288386095366,0.844067805399,0.331079527041
712,0.879411771518,0.289357773486,0.891525429689,0.28457254386
713,0.885294124359,0.270455033878,0.857627126625,0.352851417358
714,0.860504209119,0.313930269221,0.871186448356,0.319183580546
715,0.866386562022,0.310125515311,0.891525429689,0.310566121744
716,0.863865553581,0.311018838172,0.854237296319,0.335547923158
717,0.875210090908,0.297877021095,0.861016956931,0.324684673194
718,0.876050427055,0.298146272642,0.830508484679,0.365134538483
719,0.880672275644,0.279338260788,0.844067805399,0.324032039902
720,0.869747906266,0.29572628989,0.877966108464,0.294156078817
721,0.874789922991,0.29567879501,0.888135599383,0.278093956
722,0.881932779646,0.281895662775,0.833898314985,0.379194745636
723,0.877731099224,0.300335680236,0.854237296824,0.37052702487
724,0.887815132518,0.28016687867,0.864406786228,0.311036348059
725,0.882352947688,0.275746620417,0.884745768571,0.307676142239
726,0.869747906141,0.301736302693,0.871186447851,0.327219187393
727,0.876050426993,0.295391422657,0.850847466012,0.327754154612
728,0.883193283772,0.273895949622,0.871186447851,0.295012475133
729,0.865546225938,0.293735330431,0.867796617544,0.3202135752
730,0.875630258825,0.298465190009,0.891525429689,0.279962204397
731,0.874369754855,0.302559090919,0.861016956174,0.303450120203
732,0.872689082217,0.296751729322,0.861016957437,0.353841227053
733,0.874789922553,0.297325262189,0.854237294803,0.329507377946
734,0.870168074214,0.289890117869,0.877966108969,0.326249518227
735,0.865126057677,0.303511272991,0.861016957437,0.326226883584
736,0.874369754605,0.299249113119,0.867796617544,0.318163492101
737,0.868487402421,0.298284421409,0.881355939275,0.28382051111
738,0.865546225938,0.29767527695,0.867796617544,0.355466719085
739,0.860084041014,0.311991200141,0.837288144786,0.369569076509
740,0.871428578497,0.30344757163,0.844067804894,0.303386183929
741,0.874369754667,0.277166078125,0.854237296319,0.332763623762
742,0.879411771393,0.297407087134,0.847457636211,0.339520528471
743,0.867647066149,0.30863694687,0.854237296319,0.319425431696
744,0.870588242695,0.303725024474,0.891525430194,0.289231818517
745,0.873529419115,0.298324171751,0.874576278662,0.315558542324
746,0.884033620013,0.293900419754,0.854237296824,0.34445539461
747,0.871008410643,0.30248029786,0.844067805399,0.337683401307
748,0.878571435496,0.281472165791,0.823728822551,0.375000174868
749,0.874369755137,0.293562701465,0.850847465002,0.34685509292
750,0.869327738224,0.289740103172,0.888135599383,0.306074347663
751,0.87983193956,0.286888688928,0.901694921114,0.277718512215
752,0.875210090908,0.294435524139,0.864406787238,0.318562611653
753,0.87731093115,0.293450115984,0.861016956426,0.292599724953
754,0.875210091033,0.283473614235,0.850847466517,0.32618627814
755,0.879831939466,0.295178513074,0.874576278157,0.27659502897
756,0.882352948001,0.298350266651,0.864406786733,0.352009892022
757,0.873529418802,0.285705473611,0.864406787743,0.305975842021
758,0.871008410737,0.298019005377,0.847457636211,0.366627160902
759,0.876890763327,0.291982390824,0.857627126625,0.377473030366
760,0.876050427055,0.283542075879,0.871186447851,0.342022338093
761,0.875210090908,0.291820293402,0.847457635453,0.343176973921
762,0.88487395591,0.271154845654,0.857627126625,0.333349503324
763,0.87016807412,0.308821489408,0.915254241834,0.267748659193
764,0.884873955784,0.286955712003,0.844067805399,0.340158201186
765,0.872268914676,0.30023392156,0.847457635706,0.347715689153
766,0.884033619982,0.274770150313,0.833898313975,0.383822941616
767,0.885294124234,0.293999507937,0.888135599383,0.271565754882
768,0.897058829477,0.267801672596,0.871186448356,0.292834000946
769,0.886554627891,0.276478068347,0.88135593877,0.346990146753
770,0.884873955816,0.278019344786,0.861016956931,0.338087352719
771,0.875630259201,0.293565714489,0.847457635706,0.349018720689
772,0.881512611541,0.296769874393,0.861016956931,0.328183629818
773,0.882352947719,0.277270186039,0.908474580716,0.228819413111
774,0.876470595035,0.294485746186,0.85762712612,0.352295950466
775,0.886554628235,0.282752973067,0.827118652857,0.332985684875
776,0.882352947938,0.29102492046,0.840677975093,0.380592910604
777,0.87647059541,0.294022989788,0.837288144786,0.346324646751
778,0.875630258919,0.293441548239,0.83389831347,0.341841237335
779,0.86554622622,0.309792963346,0.823728822551,0.380650056274
780,0.868907570213,0.29413257263,0.877966108464,0.267169724487
781,0.877310931307,0.281930653527,0.85762712612,0.313278229749
782,0.88949580428,0.282555400832,0.844067805904,0.374227110738
783,0.882773115918,0.285332420219,0.840677974588,0.370094415179
784,0.882773115855,0.273419426151,0.857627126625,0.359629176778
785,0.877310931182,0.290299062285,0.85762712612,0.328962673512
786,0.880672275175,0.293544279544,0.844067804894,0.359951647441
787,0.880672275582,0.284625349703,0.847457635201,0.32411389899
788,0.859243705055,0.311396869428,0.905084750915,0.252738239023
789,0.874789922866,0.295047222613,0.884745769076,0.305097649095
790,0.886974796434,0.277998433683,0.847457635201,0.332745602449
791,0.87268908278,0.291161215837,0.854237295308,0.32222927709
792,0.865546225625,0.308567148367,0.864406787743,0.300021961647
793,0.884453788024,0.288633090898,0.857627124605,0.320469720005
794,0.882352947751,0.27444947446,0.857627125615,0.353342577815
795,0.874789922897,0.286098755783,0.891525430194,0.317848528783
796,0.877310931182,0.283119798106,0.85762712713,0.344562813198
797,0.872689082749,0.289721756152,0.87118644684,0.325131483692
798,0.87983193956,0.287074812688,0.888135599383,0.299945458675
799,0.866386562085,0.303448630168,0.881355939275,0.266601479754
800,0.870588242444,0.297802819186,0.888135599888,0.307754591044
801,0.876470595035,0.292993007772,0.881355939275,0.299720943448
802,0.882773115542,0.280555333735,0.867796617544,0.309730792387
803,0.884453787899,0.280404214286,0.847457636211,0.369673900938
804,0.867647066086,0.30737723886,0.861016956931,0.313413497566
805,0.885714291838,0.281458686333,0.888135599888,0.289151221261
806,0.880252107352,0.29372635069,0.877966108464,0.33970991279
807,0.869327738318,0.295479401586,0.867796617544,0.33812456357
808,0.880672275582,0.292057021775,0.877966108969,0.327592530019
809,0.88319328371,0.274262897459,0.864406786733,0.335754115892
810,0.872268914832,0.299740826598,0.894915259996,0.277461101096
811,0.878151266953,0.29423924343,0.85762712713,0.342373975916
812,0.880252107414,0.286834961465,0.847457635201,0.342880335936
813,0.873949586688,0.28923262635,0.871186448356,0.29748060087
814,0.863445385445,0.312162459965,0.881355939275,0.304749628119
815,0.879411771706,0.292503065696,0.861016956931,0.339578422828
816,0.882352947625,0.287114650336,0.877966108464,0.33834432116
817,0.868487402358,0.29391863363,0.864406787743,0.303325270476
818,0.878151267579,0.301135227976,0.840677975093,0.367154071139
819,0.876470594784,0.285691669238,0.867796617544,0.315698092077
820,0.862605049831,0.293265723819,0.823728823056,0.362121181026
821,0.887815132549,0.266653310085,0.867796617544,0.337184174712
822,0.889495804655,0.270283548169,0.83389831347,0.38077523111
823,0.865966394168,0.312334032698,0.85762712612,0.303287217772
824,0.872268914425,0.291781102847,0.850847465254,0.362663123283
825,0.88487395591,0.276662538016,0.888135599888,0.305294724529
826,0.873529418927,0.294321419256,0.874576278662,0.365825861945
827,0.878991603538,0.2902811142,0.854237296319,0.310793342353
828,0.87815126711,0.281538887462,0.85762712713,0.339502582042
829,0.885294123827,0.297005625496,0.888135599383,0.297611764648
830,0.886134460255,0.273484384868,0.854237295561,0.345511673239
831,0.888655468446,0.267294143628,0.823728823561,0.396221641641
832,0.882352947563,0.274915120838,0.864406787743,0.347419262943
833,0.865966394105,0.297059328428,0.874576277399,0.288393630378
834,0.876470595003,0.277136089695,0.88135593877,0.290329070446
835,0.875630258856,0.29475726764,0.861016956426,0.334679612985
836,0.881512611791,0.293598703437,0.894915260501,0.253169203177
837,0.878151267172,0.281667302363,0.850847466012,0.35138698421
838,0.871008410799,0.287098569506,0.847457635706,0.325226099909
839,0.868487402014,0.29620073886,0.840677974588,0.422161264219
840,0.886134459942,0.2731227871,0.864406787238,0.31799069047
841,0.874789922866,0.29803415294,0.881355939275,0.317634275088
842,0.86806723416,0.310404973746,0.837288144786,0.35026479765
843,0.88361345194,0.278271162554,0.867796618049,0.301598969405
844,0.881092443749,0.288441820657,0.861016957437,0.335852866961
845,0.882773115793,0.297986439327,0.844067804894,0.339408479631
846,0.873529418739,0.291831931166,0.867796618049,0.323705324051
847,0.882773115981,0.284989115391,0.884745769582,0.311408309676
848,0.869327738505,0.296790239573,0.830508484174,0.363323911961
849,0.878571435308,0.281508710462,0.847457635706,0.328205181538
850,0.861344545641,0.304168383536,0.898305090302,0.291624196852
851,0.884453788024,0.272926982852,0.840677973578,0.335619642257
852,0.86554622575,0.300635997691,0.867796617039,0.351377409551
853,0.888235300529,0.27445201935,0.864406787238,0.328448465252
854,0.87941177158,0.280041201815,0.867796617544,0.324253014115
855,0.872268914676,0.302135186763,0.840677974588,0.326142887001
856,0.880672275707,0.279282144255,0.840677975093,0.313821740164
857,0.872689082718,0.297095363067,0.884745769076,0.28107200645
858,0.892016812721,0.265279892229,0.854237295813,0.322748929452
859,0.867226898044,0.292850334933,0.894915260501,0.271870540992
860,0.878571435496,0.284755005783,0.861016956931,0.317427185506
861,0.885294123858,0.289825587314,0.888135599888,0.26735747031
862,0.881932779959,0.27250468356,0.850847466012,0.312264045101
863,0.88277311573,0.281643528292,0.891525430194,0.295401044758
864,0.874369754855,0.293251265576,0.864406787238,0.31987520462
865,0.874369755012,0.288444962736,0.861016956931,0.335746431029
866,0.878571435308,0.276492449095,0.857627126625,0.329360829003
867,0.886554628078,0.274708313887,0.877966108464,0.286644396577
868,0.878151267329,0.294719260123,0.877966108464,0.317087533016
869,0.873529418896,0.30891019469,0.847457635706,0.341427324813
870,0.869747906422,0.304433227611,0.844067805399,0.350432601899
871,0.874369754824,0.292728069234,0.847457635706,0.327421371715
872,0.880672275895,0.282317293679,0.854237295308,0.317556170589
873,0.87605042693,0.28384851516,0.871186447346,0.306205887632
874,0.871428578591,0.301470240875,0.861016956931,0.316270823954
875,0.893697485077,0.276797789055,0.844067805904,0.395204218452
876,0.876050427368,0.28365266273,0.884745769076,0.312483856802
877,0.88361345194,0.274876761364,0.871186448356,0.270651009439
878,0.884453788212,0.28866347154,0.874576278662,0.332340531935
879,0.882352947531,0.28717991518,0.871186447851,0.323462229033
880,0.885294124296,0.280207064465,0.844067804894,0.348544455118
881,0.87731093115,0.299812776882,0.857627126625,0.318804002698
882,0.884453787961,0.283757654316,0.874576278662,0.310294996821
883,0.88949580453,0.266743824958,0.874576278157,0.342237031845
884,0.884033620044,0.277584159676,0.847457636211,0.351785442145
885,0.87899160335,0.285233833377,0.867796617544,0.337911175848
886,0.878991603413,0.286113189032,0.840677975598,0.336060016148
887,0.881092443687,0.288050097593,0.861016955164,0.339505154576
888,0.874789923054,0.288512113786,0.874576278157,0.296018757621
889,0.878991603163,0.291437789774,0.830508484679,0.360135384788
890,0.881092443467,0.285611666974,0.857627126625,0.334577219213
891,0.861764713558,0.310118640898,0.888135599888,0.331944202404
892,0.871008410392,0.298401505722,0.891525430194,0.267479492194
893,0.88949580453,0.265916449268,0.894915259996,0.275095738565
894,0.877310931432,0.29298455445,0.857627126625,0.343381238091
895,0.881092443561,0.295000590447,0.840677974588,0.3545365433
896,0.872268914331,0.298898347888,0.867796617544,0.290132403532
897,0.892857148805,0.274885690435,0.867796617039,0.309828072471
898,0.877310931432,0.289739818453,0.854237296319,0.355244259334
899,0.875630258888,0.297941070864,0.888135599888,0.296981320385
900,0.892857148711,0.26659564434,0.861016956931,0.318376806801
901,0.877310931307,0.289258773716,0.888135599888,0.298964222325
902,0.881092443561,0.288409448158,0.857627126625,0.303122200703
903,0.878571435214,0.274741708144,0.864406786733,0.337631833471
904,0.880672275457,0.276611536745,0.844067805399,0.343013629665
905,0.884453787711,0.280695357415,0.854237295813,0.319833824537
906,0.87983193956,0.283153770014,0.83389831347,0.380506640079
907,0.859663873285,0.30811637939,0.844067805399,0.348256301451
908,0.874789922866,0.293792134722,0.884745769582,0.291521466448
909,0.878151267235,0.289694935702,0.857627126625,0.367133624473
910,0.866806729783,0.304862568362,0.874576278157,0.312628917207
911,0.879831939435,0.278857323224,0.871186447346,0.312961570445
912,0.878151267141,0.295003985603,0.88135593877,0.289504616253
913,0.875630259076,0.298587407807,0.867796617039,0.310856617482
914,0.88193277974,0.282574274065,0.867796618049,0.295631921613
915,0.874369754793,0.285834454814,0.840677974588,0.376264803427
916,0.881512611666,0.284218031757,0.850847466012,0.330102170802
917,0.867226897919,0.310465800114,0.861016957437,0.337775226177
918,0.886974796183,0.273504995811,0.864406787743,0.336891041532
919,0.880252107634,0.280945641313,0.911864411528,0.241394652748
920,0.880672275832,0.287830626232,0.871186447851,0.295023959698
921,0.882773115699,0.288202728849,0.891525430194,0.290355328944
922,0.880252107477,0.278171989429,0.864406787238,0.322493264104
923,0.881512611666,0.2746430337,0.874576278662,0.280976445682
924,0.880672275488,0.276594523536,0.83389831448,0.343465667186
925,0.879411771361,0.278088508338,0.911864412033,0.277601150796
926,0.871848746571,0.309472426498,0.854237296319,0.325047762559
927,0.889915972572,0.274552726332,0.861016957437,0.31386086913
928,0.87899160335,0.291123055258,0.864406787238,0.312366454025
929,0.878991603476,0.290302548577,0.877966108969,0.286720555591
930,0.872268914738,0.29060001676,0.85762712612,0.335384845197
931,0.887394964131,0.261655188557,0.867796617039,0.307691347359
932,0.874789922929,0.3074683191,0.861016956426,0.32586903747
933,0.871848746571,0.296679237153,0.827118652352,0.371395785235
934,0.875210091065,0.307082078537,0.894915259996,0.26402504799
935,0.87983193931,0.291634664503,0.881355939275,0.345219815497
936,0.878991603225,0.290097647147,0.864406787743,0.324471875962
937,0.877310931432,0.284111793998,0.867796618049,0.351017757272
938,0.876050426899,0.291040274072,0.874576278662,0.293695924677
939,0.874369754886,0.282024068265,0.888135599888,0.320955006595
940,0.881932779646,0.276891576537,0.891525429689,0.324684319228
941,0.878571435559,0.293228575795,0.861016956174,0.323853627416
942,0.873529418739,0.293184829551,0.854237296824,0.363314291652
943,0.882352947688,0.288848929248,0.871186447346,0.303169153378
944,0.870168074339,0.303187952608,0.867796617039,0.326183193411
945,0.881092443561,0.285306801245,0.864406787238,0.31821933174
946,0.875630258825,0.292279465476,0.854237296319,0.322137504816
947,0.873109250948,0.293888419139,0.85762712612,0.32287204938
948,0.880252107352,0.28766805753,0.864406785975,0.350095847432
949,0.87731093162,0.289248221444,0.891525429689,0.265802657768
950,0.889495804374,0.273299131182,0.847457635706,0.336747938104
951,0.873109250509,0.29766489466,0.874576278662,0.300560114495
952,0.871848746195,0.291556067428,0.874576277399,0.30459723871
953,0.885714292025,0.277723787673,0.864406787238,0.367772974832
954,0.871848746414,0.280368268134,0.861016956931,0.377673321325
955,0.876050426867,0.289950319014,0.847457635201,0.345024026804
956,0.88823530031,0.274743681073,0.874576278662,0.28421184449
957,0.868067234128,0.304855701361,0.874576278157,0.311365523139
958,0.879831939435,0.289851785857,0.844067805904,0.37400068027
959,0.898739501521,0.266404160251,0.861016956426,0.301531351219
960,0.879831939435,0.277920736329,0.864406785723,0.360715240019
961,0.878151267454,0.291474261826,0.837288144786,0.345882924716
962,0.878151267329,0.293352911284,0.888135599383,0.275528206821
963,0.872268914863,0.285494519949,0.854237296824,0.334426724747
964,0.875210091033,0.284862603789,0.861016956931,0.361085413371
965,0.890336140677,0.274564706036,0.874576278157,0.305912829083
966,0.889075636613,0.27842254633,0.85762712713,0.304937454067
967,0.882352947719,0.281208302614,0.847457635201,0.40577630143
968,0.890336140677,0.272615902959,0.888135599383,0.277439098837
969,0.881512611854,0.284828872103,0.837288145292,0.365250771928
970,0.885294124234,0.262839402017,0.894915259491,0.261416645878
971,0.859243705305,0.311371949255,0.864406787743,0.293977683378
972,0.872268914738,0.304489976887,0.884745769076,0.280290407965
973,0.876050426993,0.290477552365,0.861016957437,0.328914304027
974,0.874789922991,0.293432132345,0.877966108464,0.277710696903
975,0.892857148868,0.279074488877,0.850847466012,0.328594792098
976,0.87689076339,0.288565582772,0.874576277652,0.296001380215
977,0.888235300466,0.271105273631,0.867796618049,0.306705136831
978,0.879831939278,0.288222798221,0.854237296824,0.349549871254
979,0.885714292276,0.286843163689,0.847457634696,0.338243720264
980,0.883193283804,0.28433381338,0.837288144281,0.406604476084
981,0.894537821099,0.260408335412,0.874576277652,0.304596842724
982,0.872689082655,0.288650075279,0.891525430194,0.289119818453
983,0.875630258825,0.292777300038,0.85762712612,0.347014630245
984,0.884453788087,0.274464665885,0.85762712713,0.321615169898
985,0.88277311573,0.273309864096,0.837288145292,0.369579556161
986,0.887394964257,0.276116695075,0.861016956931,0.311406784044
987,0.868907570275,0.31597308381,0.874576278662,0.302433424077
988,0.876050426711,0.296546522493,0.874576278157,0.323954669159
989,0.878991602912,0.292972264455,0.854237296824,0.367373688715
990,0.87941177133,0.282909091922,0.861016957437,0.330961838491
991,0.874789922866,0.278987150334,0.861016956426,0.315324209031
992,0.863445385539,0.304503094651,0.898305090807,0.24738463791
993,0.876890763171,0.299187933063,0.877966108464,0.34537788108
994,0.874789922866,0.289917854921,0.850847466012,0.349720305179
995,0.871848746571,0.293063004489,0.827118652352,0.412254742141
996,0.86848740192,0.28643150185,0.861016956931,0.346536782965
997,0.881932779771,0.2930656097,0.840677975093,0.336221784164
998,0.881092443655,0.280010424124,0.854237295813,0.345179206707
999,0.876890763233,0.299153526145,0.840677975093,0.307530053181
