epoch,acc,loss,val_acc,val_loss
0,0.738655473567,0.73362522206,0.755932215159,1.07823326249
1,0.758823540813,0.642378959773,0.766101707341,0.636697608788
2,0.766806734115,0.619434477339,0.701694928741,0.8007917831
3,0.783193288293,0.582245904138,0.803389841217,0.634659617129
4,0.767647069824,0.589278401823,0.762711876277,0.69355152017
5,0.786974800516,0.555777505103,0.823728822803,0.520358328344
6,0.789495808863,0.556781457502,0.749152554294,0.616054131318
7,0.792016817304,0.542894525657,0.779661029577,0.535678399569
8,0.776890766627,0.540225048745,0.789830518223,0.518051009057
9,0.800000010387,0.504683715894,0.789830517466,0.51944616437
10,0.786554632474,0.514631050756,0.732203401246,0.571294901482
11,0.798739505916,0.492298525985,0.749152553789,0.62164021195
12,0.790756313209,0.480334769762,0.779661027557,0.534859171863
13,0.804621858225,0.484951576766,0.796610180604,0.577507109208
14,0.808403370573,0.455486673846,0.81016950183,0.602191429522
15,0.796218497663,0.46556346732,0.772881366439,0.484242399113
16,0.802941185806,0.457005021389,0.81016950082,0.506621879668
17,0.805042026799,0.461603013908,0.806779671018,0.471928199974
18,0.777731103087,0.47346175869,0.793220347772,0.479942802782
19,0.792436985377,0.46713247817,0.769491537395,0.593021719764
20,0.794537825338,0.451749913614,0.816949160927,0.404937081797
21,0.803781522047,0.444224454682,0.793220348277,0.532831765838
22,0.801260514357,0.454874981038,0.823728822551,0.464972483278
23,0.806722698843,0.449417627565,0.806779669756,0.467372167666
24,0.814705891957,0.420712022346,0.803389840207,0.449893065681
25,0.793277321023,0.46974072621,0.75254238561,0.709629451319
26,0.815546227729,0.439468884261,0.78644068918,0.549602104951
27,0.797479001508,0.464272823889,0.783050858621,0.523082925859
28,0.810504211222,0.451280802801,0.816949161938,0.388172249546
29,0.815126059968,0.430468198616,0.813559331126,0.501344616635
30,0.807983203095,0.445111789467,0.81016950183,0.436874101601
31,0.802100850285,0.438982158899,0.776271197755,0.520190974413
32,0.813865555904,0.423576123136,0.810169501325,0.482429249938
33,0.80546219409,0.431478428521,0.806779671524,0.459763006891
34,0.82142858082,0.423853117033,0.820338992749,0.444220228342
35,0.812605051778,0.429999540881,0.779661027557,0.646601340907
36,0.812605050964,0.442439492964,0.769491535122,0.479056950469
37,0.805042027018,0.425814123777,0.759322044961,0.476605579257
38,0.819327740672,0.429605704865,0.81694916219,0.408480962328
39,0.805462194654,0.433801710887,0.806779670513,0.503911798662
40,0.813865555435,0.418502574473,0.810169501577,0.45925563296
41,0.810924379202,0.428896262459,0.837288144281,0.393813576865
42,0.796638665423,0.435767985567,0.840677973072,0.392083594228
43,0.819747908244,0.393413624515,0.772881365934,0.673450943209
44,0.798319337968,0.428750918787,0.793220349793,0.786320484859
45,0.80798320275,0.430144143909,0.827118652857,0.428322681178
46,0.81932774014,0.42972151021,0.772881367954,0.539435815634
47,0.816806732043,0.410422844092,0.844067804389,0.410835763282
48,0.815966395739,0.42084473096,0.837288144786,0.383766985925
49,0.812184883579,0.431177654656,0.803389839954,0.476205959032
50,0.815546227666,0.410393698736,0.844067804894,0.46769573388
51,0.815966396334,0.403555008231,0.769491536637,0.644710381531
52,0.833193285907,0.408001216661,0.820338991992,0.456016795489
53,0.833613453887,0.396335140778,0.800000009648,0.45823636651
54,0.807142866666,0.428336860816,0.827118652857,0.458881611162
55,0.821848748862,0.404110905863,0.779661027809,0.522411856106
56,0.82563026168,0.398360646682,0.776271198261,0.435088147362
57,0.823529420749,0.405621200424,0.779661028567,0.523307803324
58,0.828991605892,0.391207342764,0.789830518476,0.493446985923
59,0.813025219382,0.411329631952,0.820338992749,0.463810746574
60,0.815966396178,0.411856972808,0.789830519991,0.565499386545
61,0.834873958233,0.376402253207,0.793220349793,0.522097128491
62,0.827731101108,0.380115171112,0.85762712713,0.404545866079
63,0.826890765619,0.383081104606,0.820338993759,0.486782091907
64,0.820168076725,0.396205019973,0.796610178584,0.490512260315
65,0.829831941225,0.38733349357,0.796610179594,0.451773622089
66,0.826470597201,0.402099803544,0.823728822045,0.467282159854
67,0.818487404055,0.402006448333,0.830508483669,0.40607932854
68,0.826050428783,0.380506842029,0.803389839449,0.489274692106
69,0.814285723978,0.401309819955,0.796610179089,0.494483079446
70,0.814285723446,0.408479814801,0.830508484174,0.432478196793
71,0.833613454106,0.384580099079,0.823728822803,0.434620977648
72,0.818067236389,0.402311532077,0.77627119725,0.456651557426
73,0.827310933285,0.405645842828,0.789830520497,0.476231432315
74,0.827310933505,0.385647898055,0.827118653362,0.677763060619
75,0.826890765556,0.386088937552,0.783050858116,0.461559490632
76,0.822268916779,0.397502290226,0.813559330621,0.406692762622
77,0.825210093419,0.385845721691,0.820338993254,0.412450306749
78,0.838655470456,0.363011901196,0.810169502335,0.682799158334
79,0.823109252488,0.38738117835,0.813559332136,0.469391448455
80,0.824369757334,0.388249541062,0.837288143776,0.415387579571
81,0.82184874858,0.385537855061,0.76949153689,0.603772896958
82,0.83487395842,0.383882222055,0.830508482658,0.454629217543
83,0.829411773559,0.390230498723,0.82372882154,0.38073422785
84,0.834033622242,0.37385079382,0.83389831448,0.372537069907
85,0.83235295023,0.38040677253,0.806779671018,0.403801964249
86,0.837815134528,0.374217787758,0.847457635201,0.37532488061
87,0.84957984021,0.359149617354,0.82372882154,0.409696900933
88,0.840756310823,0.366487744241,0.800000011921,0.409652640885
89,0.837815134716,0.371945003079,0.800000009648,0.535424301937
90,0.821428580695,0.382380952495,0.830508483669,0.357588670201
91,0.836974798318,0.350929920648,0.823728823056,0.394937725264
92,0.839075638936,0.360237119798,0.837288144786,0.365863035796
93,0.837815134684,0.371780704159,0.83389831448,0.398059220637
94,0.833613454262,0.369416008508,0.854237296319,0.364506591869
95,0.841596647033,0.364640242764,0.813559332136,0.439785148443
96,0.832352950292,0.378689822764,0.837288144281,0.39202024131
97,0.839915974645,0.357518813831,0.816949162443,0.400448834492
98,0.842436983023,0.369335687101,0.847457634696,0.416900478556
99,0.831092445978,0.371655488715,0.806779671524,0.426139336774
100,0.823949589011,0.385183410437,0.833898313975,0.381697859552
101,0.841596647095,0.355814286062,0.813559331379,0.428001780252
102,0.836134462735,0.36770882769,0.806779669503,0.451145142569
103,0.837815134246,0.359948576303,0.837288144786,0.365565047173
104,0.820588245049,0.389129875228,0.844067805399,0.380587945298
105,0.842857151191,0.354298955847,0.830508483163,0.387042864778
106,0.818487404744,0.37486543173,0.827118653867,0.375048586183
107,0.846638663852,0.35227082665,0.803389841217,0.392999157941
108,0.835714294379,0.363107500496,0.816949161938,0.443083621183
109,0.848739504125,0.355781635661,0.877966108464,0.345467657482
110,0.835294126463,0.360466445585,0.867796618049,0.339572443864
111,0.840756310917,0.356409091862,0.830508483669,0.413046498799
112,0.841176478521,0.366624301174,0.81016950183,0.473808752468
113,0.842016814887,0.342944756667,0.830508483163,0.430844287435
114,0.852100848463,0.335290941496,0.816949161938,0.422855127666
115,0.840756311042,0.353177967286,0.884745769076,0.275096168457
116,0.840756311074,0.350491756542,0.844067805399,0.404038397943
117,0.846218495685,0.352884533979,0.820338992749,0.412239969471
118,0.844957991433,0.347189081927,0.806779672029,0.373931077514
119,0.835294126588,0.368006295188,0.806779671524,0.406088434349
120,0.836134462516,0.359549603175,0.810169502335,0.425721746001
121,0.834033622211,0.36766833722,0.820338991739,0.402080522882
122,0.831512613488,0.366169235301,0.847457635201,0.345904777553
123,0.857563033199,0.330305787453,0.823728822045,0.42774391168
124,0.853781520569,0.339882370695,0.827118654372,0.425519326291
125,0.840756310854,0.352765493752,0.850847466517,0.345425871848
126,0.839075639093,0.3535446111,0.837288144786,0.404319874563
127,0.838655470706,0.354563644242,0.83389831448,0.36833616504
128,0.853361352433,0.34669104933,0.806779672534,0.446024471231
129,0.836974798819,0.351477260459,0.823728822803,0.367863054182
130,0.845798327329,0.34214687025,0.874576278157,0.288850479459
131,0.849579839772,0.350302008239,0.833898314985,0.368850489984
132,0.834873958608,0.358218777314,0.847457634696,0.374056419452
133,0.847899167791,0.345743140065,0.837288144534,0.377165960685
134,0.849159671792,0.343213972729,0.844067804389,0.337796611112
135,0.856302528947,0.337538584832,0.847457635706,0.333386663411
136,0.854621856653,0.338189510089,0.861016956931,0.358952824973
137,0.838235303008,0.357745420493,0.820338991739,0.387592951625
138,0.840336142812,0.373525176346,0.827118652857,0.392994132082
139,0.838655470706,0.363772924489,0.857627126625,0.329818312268
140,0.847899167885,0.332965493813,0.850847466012,0.31375259161
141,0.833613454231,0.370912846647,0.871186447851,0.320984349791
142,0.847899167916,0.3427645699,0.854237296824,0.356613345823
143,0.84621849534,0.354558867254,0.840677974083,0.354705110192
144,0.847058831988,0.34979377075,0.847457635706,0.342083867702
145,0.841176478928,0.349998349371,0.827118653867,0.39413499567
146,0.844957991339,0.352937280474,0.816949162443,0.449052385354
147,0.844117655286,0.346220802077,0.823728823561,0.370012162348
148,0.839915974927,0.35784037574,0.827118653867,0.373576579963
149,0.854621856372,0.329833017787,0.857627126625,0.34263176812
150,0.852521016693,0.345068287167,0.850847466517,0.352422901761
151,0.860084041515,0.324086338689,0.850847465507,0.333104002147
152,0.841176478928,0.347317544055,0.844067805904,0.351451299516
153,0.856722696739,0.322588421788,0.833898313722,0.391763905726
154,0.854621856466,0.334078274816,0.850847466012,0.35023373921
155,0.849579839928,0.348139440656,0.854237296319,0.313667790743
156,0.857142864906,0.343516438659,0.854237295813,0.316556161869
157,0.852100848588,0.338981478522,0.83389831347,0.353110972666
158,0.859243705368,0.3345921999,0.823728823056,0.462771924749
159,0.842857151128,0.344685826795,0.844067805904,0.336995679443
160,0.842016815701,0.349568399084,0.85762712713,0.356406425773
161,0.853361352621,0.3336831092,0.857627126625,0.316357098204
162,0.847058831581,0.341077242,0.840677974588,0.364617204641
163,0.851260512379,0.341764283969,0.847457634696,0.387261510906
164,0.844117655317,0.359315131314,0.864406786733,0.376041479346
165,0.848739503906,0.347694075776,0.813559331631,0.362766523672
166,0.860084041202,0.333554625762,0.810169501325,0.405110465457
167,0.846638663727,0.350936634529,0.833898313975,0.372674997265
168,0.855042024602,0.335325225812,0.823728822551,0.374060784609
169,0.852941184359,0.332152710508,0.837288144281,0.372310040424
170,0.85840336897,0.337699808626,0.820338992497,0.396854750938
171,0.850420176044,0.346038209807,0.816949162948,0.390562027819
172,0.857142864969,0.335124317165,0.813559332136,0.40363368935
173,0.850000008315,0.352897263069,0.813559331126,0.421616560764
174,0.858823537357,0.331308472823,0.837288144786,0.361943063847
175,0.841596647283,0.352295723235,0.830508483163,0.371054995994
176,0.842857151097,0.336783719578,0.847457635706,0.384442679837
177,0.851260512347,0.343860817001,0.847457635706,0.368194188039
178,0.841176479429,0.35070653871,0.850847466517,0.340886515392
179,0.847058831957,0.328962657914,0.864406787238,0.339276417585
180,0.862605049831,0.324056536241,0.850847465507,0.333533513091
181,0.849159671855,0.349590243568,0.827118651847,0.432749151552
182,0.855882360811,0.336023502881,0.864406787238,0.33558742361
183,0.842436983242,0.345743019345,0.867796618049,0.368911618777
184,0.857142864531,0.333968987321,0.830508483163,0.402666530114
185,0.859243705368,0.325433652942,0.847457634696,0.325986823477
186,0.851260511846,0.340696689008,0.837288144786,0.376093692699
187,0.847899167791,0.344518162514,0.837288144281,0.343485492708
188,0.85630252876,0.333129873398,0.867796617544,0.364578602046
189,0.852100847962,0.341210178092,0.823728822551,0.34061554491
190,0.85966387316,0.325856230519,0.813559332136,0.373129677659
191,0.859663872784,0.322022529413,0.847457635706,0.335836951068
192,0.855042024476,0.329503534988,0.874576277652,0.314573995201
193,0.847058832019,0.330997434617,0.844067804389,0.349452959721
194,0.850000008127,0.334428086673,0.857627126625,0.334804181073
195,0.857142864781,0.328913000162,0.864406786733,0.338346755037
196,0.863445385727,0.330083606804,0.871186447346,0.32791792835
197,0.863445385852,0.323400375449,0.827118652352,0.355614621066
198,0.863865553519,0.324780311741,0.844067805399,0.357085779878
199,0.85840336919,0.3280721296,0.891525429689,0.305279182428
200,0.869327738568,0.312548654827,0.844067804894,0.352379599744
201,0.848739504032,0.353147167298,0.864406787743,0.324697883263
202,0.851680680358,0.343868121333,0.823728822551,0.384925442606
203,0.84495799137,0.347209815288,0.884745769076,0.29306279287
204,0.852941184547,0.327840036658,0.850847465002,0.332729338589
205,0.8588235372,0.331037077254,0.864406787743,0.367499300926
206,0.851680680295,0.336199956735,0.837288144281,0.374597592374
207,0.853361352558,0.330444075934,0.850847465507,0.320697901297
208,0.86302521756,0.322193220352,0.806779671524,0.38916290804
209,0.857983201179,0.325527494632,0.847457633685,0.325657247297
210,0.860084041515,0.32583403106,0.867796617544,0.344761114694
211,0.865546226032,0.320149855633,0.837288143776,0.35873842353
212,0.860504209213,0.319170851487,0.830508484679,0.357073749652
213,0.855462192863,0.327968480292,0.854237295813,0.355817154366
214,0.842016814824,0.334409252099,0.901694921114,0.300932440528
215,0.867647066086,0.308886223715,0.840677974083,0.36675844291
216,0.845378159788,0.333638773918,0.850847465002,0.327833795636
217,0.863865553394,0.324173422131,0.820338992749,0.395782719477
218,0.85294118389,0.337234339512,0.884745769582,0.303324621992
219,0.844537823015,0.339750451051,0.861016956931,0.302330951254
220,0.856302528885,0.325681650142,0.816949161938,0.426296465478
221,0.860924377537,0.325592560036,0.847457635201,0.376611998652
222,0.850840344305,0.332203105256,0.854237296824,0.343379215479
223,0.860924377286,0.337241315338,0.816949162443,0.36450134906
224,0.853781520882,0.335471064306,0.861016956426,0.339167937321
225,0.853361352057,0.329410948885,0.871186448356,0.363073392566
226,0.852100847931,0.338868731641,0.840677975093,0.3890037494
227,0.85378152035,0.339293795426,0.854237295308,0.35020538912
228,0.856722697115,0.315628144765,0.830508484174,0.396453997531
229,0.84663866357,0.335499381044,0.823728820783,0.374267192589
230,0.849579840053,0.344103804868,0.847457634696,0.355560620015
231,0.855042024602,0.336208017152,0.820338993254,0.405077251842
232,0.860084041452,0.321279760536,0.850847466012,0.337975280265
233,0.857563033074,0.330716643209,0.854237296319,0.341989419976
234,0.855882360717,0.334140200231,0.877966108969,0.300964820309
235,0.867226897981,0.309137554393,0.854237295813,0.324373743923
236,0.852521016255,0.335815445121,0.806779670513,0.409453154052
237,0.86386555355,0.314485029474,0.864406786228,0.33786406387
238,0.85966387316,0.318364668888,0.867796618049,0.31727024534
239,0.861344545203,0.323509825112,0.874576277652,0.271837527216
240,0.85966387341,0.322878858779,0.864406787238,0.328891772682
241,0.857142864813,0.317167832172,0.867796618049,0.346066389043
242,0.856722696645,0.326952889468,0.888135598625,0.295517760124
243,0.857142864969,0.325812043786,0.85762712612,0.306403986036
244,0.863445385852,0.316759406456,0.874576278157,0.319843688696
245,0.865546225875,0.318308239724,0.857627125615,0.357726657668
246,0.864285721811,0.320609128964,0.854237296319,0.373140783128
247,0.85672269724,0.315729606224,0.857627126625,0.360331078833
248,0.859243705086,0.320593035921,0.800000010911,0.466884577742
249,0.864285721248,0.309956278605,0.844067805399,0.330868567135
250,0.860924377098,0.33040483069,0.867796617544,0.334780758215
251,0.85924370518,0.318564943617,0.800000010911,0.400429039941
252,0.856302528916,0.332830045795,0.864406787238,0.329700153005
253,0.864285721311,0.31005930438,0.867796617039,0.334447477644
254,0.851680680108,0.331964847655,0.861016957437,0.304678954437
255,0.878571435183,0.298415180437,0.850847466012,0.358583635761
256,0.864705889447,0.310669462862,0.861016957437,0.329825093117
257,0.867647066337,0.314797584007,0.871186447851,0.327379317291
258,0.860084041108,0.318809971526,0.874576278157,0.341194813534
259,0.864285721749,0.324016636355,0.867796617544,0.349420141176
260,0.860924377067,0.319523076206,0.884745769582,0.284546824172
261,0.861764713277,0.309340904467,0.894915260501,0.28059238448
262,0.863025217747,0.314092633761,0.857627126625,0.317618555879
263,0.857983201335,0.333590955575,0.877966107958,0.27777211627
264,0.865546225938,0.327265829208,0.847457635706,0.357659184958
265,0.859243705243,0.326564262879,0.854237294803,0.31174041255
266,0.847058831831,0.346312511125,0.837288145292,0.370542669827
267,0.857983201367,0.321577697045,0.894915260501,0.26579311067
268,0.855042024445,0.321742725699,0.861016956426,0.354914598925
269,0.87647059491,0.306701308085,0.840677975598,0.313019300921
270,0.868487402108,0.320079997644,0.864406787743,0.332625233331
271,0.864285721686,0.305579873154,0.854237296319,0.341937486461
272,0.857563032949,0.324501183565,0.850847465507,0.335805306116
273,0.866386561647,0.319114961794,0.867796618049,0.316981203854
274,0.8588235367,0.327328995285,0.85762712612,0.346893696746
275,0.850420175605,0.33629418998,0.816949161938,0.378485604868
276,0.853781520506,0.325709324815,0.898305090807,0.270248302148
277,0.863445385571,0.319384575665,0.837288144786,0.348835566728
278,0.862184881726,0.317636198529,0.827118654372,0.348540798587
279,0.857563032855,0.340063303787,0.861016956931,0.349389614632
280,0.863025217685,0.322248036175,0.837288143776,0.337934148009
281,0.867226898232,0.31096253872,0.874576278157,0.300970122723
282,0.863025217497,0.314611423792,0.840677974588,0.339016529337
283,0.868067233878,0.31223872268,0.823728823056,0.355821360281
284,0.853781520538,0.323544836971,0.847457635706,0.340166180695
285,0.861344545579,0.32116125139,0.884745769076,0.286406879266
286,0.862184881601,0.323372023446,0.888135598878,0.339907888891
287,0.859243705117,0.322422124829,0.847457635706,0.332776038008
288,0.857563033137,0.324216210675,0.833898314985,0.348926043359
289,0.860084041452,0.310846951759,0.874576277652,0.339145888338
290,0.868487402139,0.311945236131,0.861016956426,0.322702433283
291,0.853781520412,0.332474690291,0.847457636211,0.353531501493
292,0.868067233815,0.313318528618,0.871186447346,0.342777261795
293,0.871848746414,0.316736124276,0.88135593877,0.326138286015
294,0.858823536981,0.320568753837,0.847457634443,0.326248319346
295,0.865126057958,0.317870238154,0.847457636211,0.355939132809
296,0.86932773838,0.3032399984,0.874576278662,0.336964710663
297,0.861344545516,0.32448401954,0.847457635201,0.361369316356
298,0.852941184172,0.32456529423,0.891525429689,0.271978146823
299,0.858403369221,0.324888382287,0.874576278157,0.333616236951
300,0.860924377224,0.314665910624,0.813559332642,0.388043034885
301,0.848319335833,0.342037581612,0.840677974335,0.331645200881
302,0.859663872972,0.319010382268,0.840677973578,0.371165720904
303,0.855882360185,0.321560112744,0.847457636211,0.337934670181
304,0.858403369033,0.31523390893,0.884745768571,0.284250335294
305,0.857563033074,0.325623904331,0.874576278157,0.321653544019
306,0.868907570182,0.314386738699,0.864406787743,0.317222004851
307,0.859243705243,0.316968029842,0.864406787238,0.327040742704
308,0.862605049455,0.303495088436,0.844067804389,0.33440401424
309,0.87731093162,0.302609883891,0.830508483163,0.426176277068
310,0.857983201053,0.330091033233,0.877966108969,0.30047244124
311,0.860084040983,0.32291035974,0.857627126625,0.330246011521
312,0.871428578435,0.300244385032,0.90508475142,0.258980198369
313,0.8588235372,0.320124710425,0.864406787238,0.309755944473
314,0.857142864906,0.322839139499,0.881355938265,0.287460844459
315,0.863865553832,0.30680463546,0.861016956931,0.321253195658
316,0.857563032604,0.331434740751,0.871186448356,0.306333149262
317,0.866806729783,0.314000494692,0.861016956426,0.333396255212
318,0.873529418927,0.29279273757,0.867796617039,0.344893397164
319,0.881092443436,0.286754981356,0.871186448356,0.367320791645
320,0.854201688799,0.334229991536,0.847457635201,0.315046866945
321,0.870588242382,0.306768544112,0.871186448356,0.307281776884
322,0.857983200709,0.321046978736,0.830508483669,0.353255262377
323,0.862605049455,0.323850414082,0.864406787743,0.342326939674
324,0.850840344368,0.317650636404,0.888135599888,0.283681436742
325,0.865966394137,0.309741518844,0.820338992749,0.371984675021
326,0.853781520819,0.329475183071,0.861016956931,0.355116844935
327,0.872268914801,0.292589004042,0.850847466517,0.353099970368
328,0.859243705149,0.324919342893,0.847457635706,0.3160511654
329,0.8588235372,0.326338681729,0.877966108464,0.311595406636
330,0.869327738568,0.310183191312,0.850847466517,0.340735266774
331,0.867647066149,0.316876571453,0.861016956426,0.323974437128
332,0.860924377474,0.319023961655,0.837288144786,0.375410318943
333,0.862605049111,0.317505510962,0.844067803884,0.348651348724
334,0.868487402546,0.307027464811,0.908474581221,0.246099265387
335,0.865126057583,0.314288825751,0.837288144786,0.3527706751
336,0.868487402358,0.307210228398,0.820338992244,0.372692877585
337,0.855042024696,0.329719371601,0.837288143776,0.360084707075
338,0.871848746696,0.303083170784,0.847457635706,0.346370831195
339,0.857142864875,0.323981340247,0.85762712713,0.323548946277
340,0.876470595285,0.306432606973,0.830508484174,0.361169823335
341,0.872268914582,0.299489816541,0.844067804389,0.330663863696
342,0.862605049768,0.328854045768,0.847457636211,0.344546657876
343,0.870588242319,0.300865037719,0.871186447346,0.317202481173
344,0.866386561772,0.312944258407,0.871186448356,0.319060838829
345,0.879411771518,0.287011078379,0.861016956426,0.314651700842
346,0.862184881507,0.316528308424,0.877966108464,0.32625864825
347,0.86974790636,0.308251890628,0.840677975093,0.342458320119
348,0.863865553456,0.315227102167,0.847457635201,0.340108840647
349,0.871428578716,0.299529052739,0.891525429689,0.255906799461
350,0.86470588976,0.309475712502,0.877966108211,0.300120566672
351,0.863865553394,0.311173454804,0.88135593877,0.342328092304
352,0.85882353695,0.317998499257,0.850847465507,0.361011071857
353,0.868487402171,0.305250128982,0.877966108969,0.295033354502
354,0.871008410486,0.303709734482,0.874576278157,0.304225035896
355,0.87352941899,0.304110057339,0.854237296066,0.366790823354
356,0.842857151191,0.335690244633,0.884745769076,0.306534117814
357,0.860924377411,0.333128125391,0.840677975093,0.33911483356
358,0.85966387316,0.311127088901,0.871186448356,0.358394806289
359,0.867647066024,0.305268185745,0.874576277652,0.330476263064
360,0.866806730127,0.303892340339,0.90508475142,0.260889860533
361,0.857983201367,0.327546673193,0.877966107958,0.32241095451
362,0.873109250697,0.302954695821,0.857627126625,0.348944595052
363,0.863865553769,0.310744356775,0.891525430194,0.290498682661
364,0.874789923054,0.306041696774,0.823728823056,0.388331753912
365,0.863865554145,0.312458321366,0.874576278662,0.30154339685
366,0.868487402171,0.316190360224,0.840677974083,0.361348503348
367,0.866806730096,0.303249188628,0.837288144281,0.363422789564
368,0.867226898107,0.310675161531,0.816949163453,0.404869423264
369,0.871428578278,0.304729137671,0.877966108969,0.303598996883
370,0.870168074527,0.288828017073,0.854237296066,0.344593831796
371,0.869327738443,0.308943615365,0.861016956931,0.31551628402
372,0.874369754605,0.300217109936,0.864406787238,0.317435525421
373,0.871428578622,0.314637259518,0.867796618049,0.31977457932
374,0.865966394043,0.315970814059,0.894915260501,0.279999101882
375,0.87184874679,0.303130996899,0.854237295813,0.302530605157
376,0.86596639398,0.313216213927,0.854237296319,0.308059197866
377,0.872689082561,0.311370816716,0.894915260501,0.290331951327
378,0.855882360717,0.333139365821,0.888135599888,0.312388099856
379,0.869327738224,0.309945833987,0.864406787743,0.320903890593
380,0.87983193956,0.28770469162,0.888135599888,0.289272029647
381,0.871008410424,0.311790029197,0.867796617039,0.336172385299
382,0.863025217685,0.319022809852,0.83389831448,0.366946412471
383,0.862605049737,0.310464889547,0.840677974083,0.338517819673
384,0.881512611604,0.29456283149,0.867796616029,0.314258968615
385,0.871428578247,0.303718785748,0.854237295561,0.313016512573
386,0.857142865063,0.322285242394,0.861016957437,0.320381260398
387,0.875630258794,0.291036553215,0.861016956931,0.320208867033
388,0.867647066212,0.314773994216,0.864406786733,0.303332616717
389,0.860504209119,0.309921639619,0.867796617544,0.313200285595
390,0.864285721498,0.310404432045,0.884745769582,0.292562151486
391,0.874369754699,0.305245515006,0.827118652857,0.401908945987
392,0.871428578591,0.303274260176,0.813559332642,0.389129053486
393,0.876050427055,0.297701631641,0.861016956426,0.371591441333
394,0.846638663883,0.333312925773,0.803389841722,0.36653418599
395,0.863025217967,0.320820350184,0.840677973578,0.328005799045
396,0.860084041077,0.318107988231,0.861016956931,0.330375006517
397,0.863445385383,0.317769065108,0.894915260501,0.261918601343
398,0.86680673019,0.307057457866,0.881355939275,0.315366303959
399,0.871008410424,0.309703073355,0.847457635201,0.32751394682
400,0.870168074277,0.312986752543,0.823728823561,0.425641230355
401,0.871848746508,0.297385855554,0.864406786733,0.324867713312
402,0.865966393792,0.312096625739,0.888135599383,0.29929108924
403,0.871008410486,0.302567729171,0.844067803884,0.337836039837
404,0.854201688611,0.328969482293,0.867796617544,0.317685433679
405,0.877310931119,0.29391743249,0.857627126625,0.330280311848
406,0.873529418708,0.299659821835,0.877966108464,0.293842529404
407,0.874369754824,0.299426235838,0.888135599888,0.300037033477
408,0.871008410674,0.305742119353,0.871186448356,0.288302389684
409,0.874369755012,0.294139721353,0.793220349793,0.462164367754
410,0.878151267078,0.294414515826,0.844067805904,0.319292695214
411,0.872689082655,0.294145742298,0.901694921114,0.270664728989
412,0.871848746696,0.293468594269,0.833898313722,0.327315176443
413,0.858823537075,0.328144725553,0.83389831347,0.338100637546
414,0.87605042718,0.298168354339,0.901694920609,0.288848099251
415,0.863025217622,0.313529454829,0.844067804389,0.350652941392
416,0.865546225875,0.309371603387,0.894915260501,0.301535876878
417,0.862184881538,0.317580976899,0.861016956426,0.324675279654
418,0.880672275519,0.281497542183,0.854237295813,0.328842827482
419,0.865546225875,0.315335499279,0.877966108969,0.298337510519
420,0.865966393918,0.314171687849,0.867796618049,0.308023009828
421,0.863025217716,0.320906201291,0.857627126625,0.291331737602
422,0.874789922803,0.313796911287,0.844067805399,0.318826079811
423,0.875630258825,0.304680550142,0.84745763419,0.305424716134
424,0.868487402296,0.308453092062,0.88135593877,0.294694719678
425,0.871428578372,0.302543797162,0.844067804389,0.359618323145
426,0.863865553894,0.311824055349,0.857627125615,0.311971800433
427,0.871428578529,0.293775459908,0.840677974588,0.325127002041
428,0.864705889916,0.320141440351,0.871186447346,0.316069490134
429,0.864705889603,0.314384565172,0.881355938265,0.289219270445
430,0.867647065961,0.299784499839,0.823728823056,0.378559799991
431,0.859663873097,0.313078942333,0.833898313975,0.365804189848
432,0.867226897981,0.311473786721,0.867796617039,0.308198051622
433,0.868907570088,0.310578652963,0.864406786733,0.322223800345
434,0.861344545829,0.315188231213,0.85762712511,0.363952268799
435,0.860084041077,0.307742639969,0.877966108464,0.305821074773
436,0.87310925101,0.299072967271,0.820338991739,0.407112403757
437,0.882773115793,0.292004951558,0.877966107958,0.309881456323
438,0.860924377161,0.32394075713,0.901694920609,0.245058143985
439,0.863025217372,0.303740672352,0.847457636211,0.313132307982
440,0.871848746539,0.303260474348,0.84745763419,0.380186345049
441,0.871428578716,0.300499807824,0.840677975093,0.355724850322
442,0.864705889603,0.2971944047,0.854237295813,0.323872484993
443,0.877310931119,0.304461373533,0.861016957437,0.338002112584
444,0.868067234128,0.319472039651,0.881355939275,0.322361144095
445,0.863025217591,0.312304254833,0.847457635201,0.32483417645
446,0.883613451814,0.285662120999,0.867796617544,0.313769323467
447,0.872689082311,0.296320574609,0.840677975093,0.367387514656
448,0.863025217591,0.311860164651,0.83389831347,0.353713062923
449,0.864285721874,0.310494675207,0.867796618049,0.335440954983
450,0.864285721874,0.309158154012,0.840677975093,0.346782226999
451,0.871428578591,0.300064742127,0.847457635201,0.321756416963
452,0.881932779834,0.287595719956,0.871186448356,0.317538833088
453,0.874369754855,0.302578886047,0.871186447851,0.318992977678
454,0.883193283835,0.292790433916,0.884745769582,0.28074925576
455,0.876050427055,0.298240043035,0.867796616534,0.311503515531
456,0.865966393918,0.30420077726,0.857627126625,0.351260261263
457,0.879411771455,0.289309496154,0.867796617544,0.281215988289
458,0.860924377662,0.324530301655,0.867796616281,0.307701169813
459,0.863445385915,0.324862590983,0.90508475041,0.270334698733
460,0.865126057708,0.310237433276,0.850847466517,0.296955771934
461,0.867647066086,0.30645504316,0.874576278157,0.314044469178
462,0.877310931119,0.296557719553,0.888135599888,0.28009037604
463,0.869327738474,0.303169441135,0.850847466517,0.31199168597
464,0.873949586844,0.292545245123,0.884745768571,0.308916219905
465,0.865126057771,0.299782206884,0.867796616534,0.317116553185
466,0.872268914738,0.305053609251,0.88135593877,0.303453776922
467,0.868067234222,0.297619725578,0.816949160927,0.349990166219
468,0.875630259138,0.285578447629,0.847457635201,0.312102543601
469,0.863865553769,0.305925073126,0.877966107958,0.305349097603
470,0.872268914488,0.298961037347,0.884745769076,0.296735390011
471,0.872689082906,0.296889385365,0.854237296319,0.388697906887
472,0.88067227577,0.28585380441,0.847457635201,0.310187096597
473,0.871428578529,0.299633401219,0.861016956931,0.297524716389
474,0.860504209056,0.322819798864,0.844067804894,0.319999593042
475,0.865546225281,0.317827461984,0.898305090302,0.276774279205
476,0.867226897919,0.304835168167,0.844067804389,0.340202916856
477,0.866386561835,0.298735934012,0.874576278157,0.309314453943
478,0.878991603288,0.293564826751,0.847457636211,0.337315701138
479,0.8655462255,0.313034859682,0.85762712713,0.322445150212
480,0.865966393855,0.316946471325,0.898305090807,0.263028787481
481,0.86722689795,0.31204789308,0.871186448356,0.280306956999
482,0.864705889603,0.311709289032,0.898305090807,0.303095550292
483,0.868067233659,0.301388287823,0.827118652857,0.346361621583
484,0.875630259013,0.300334528856,0.884745769076,0.295918583365
485,0.871008410612,0.304598368501,0.844067805904,0.318383441133
486,0.863445385852,0.315003759971,0.90508475142,0.278899028834
487,0.865966393855,0.305320875829,0.90508475142,0.270529938325
488,0.861344545641,0.322770316905,0.803389840712,0.376593031747
489,0.873109250635,0.30587118922,0.877966108969,0.305238337651
490,0.867226898107,0.318015122622,0.888135598878,0.265345073037
491,0.875210090689,0.286041306355,0.874576278157,0.310865321781
492,0.865966393855,0.312573473235,0.847457636211,0.358526015686
493,0.871008410612,0.299168596835,0.898305090302,0.283884124483
494,0.871848746727,0.298733917425,0.847457635201,0.330416461926
495,0.87731093137,0.297262392273,0.877966108464,0.287859151645
496,0.862184881444,0.297971562897,0.854237296824,0.361176949373
497,0.864285721561,0.305826122239,0.857627126625,0.316051576602
498,0.879411771706,0.291733158643,0.861016957437,0.337606473116
499,0.886134460255,0.282626044099,0.83389831347,0.336336449799
500,0.869747906798,0.299645634771,0.850847466012,0.322285019556
501,0.864705889666,0.306911292361,0.884745769076,0.268848421526
502,0.873949586969,0.30679688263,0.864406786733,0.30571301654
503,0.873529418927,0.295386635581,0.871186448356,0.342493703242
504,0.870168074465,0.294209788311,0.861016957437,0.304498508004
505,0.881932779896,0.292659610455,0.854237296319,0.32319449002
506,0.869327738036,0.299479386605,0.85762712612,0.339849160321
507,0.876050426742,0.295873016025,0.867796617544,0.311424398889
508,0.868487402296,0.315674607587,0.877966108464,0.330840834811
509,0.863025217622,0.312455597741,0.854237295308,0.328082582266
510,0.881932779646,0.290209407762,0.881355938265,0.306855654249
511,0.88025210754,0.286084113048,0.857627126625,0.320004350048
512,0.87689076292,0.290903360473,0.847457635201,0.324784631446
513,0.881512611541,0.292993801591,0.891525429184,0.262082638408
514,0.87941177133,0.286427537527,0.837288143776,0.391849260209
515,0.875210091159,0.293800927096,0.857627126625,0.350543912879
516,0.881932779427,0.290564042692,0.88135593877,0.311398239775
517,0.865546225656,0.299485345997,0.891525430194,0.254455711977
518,0.874789923054,0.286428742197,0.881355939275,0.282371869658
519,0.877731099287,0.296289411632,0.850847466012,0.346958000655
520,0.871848746571,0.304219427198,0.837288144281,0.302829841183
521,0.874369754824,0.304185667232,0.857627125615,0.347037969252
522,0.870588242632,0.310469945697,0.867796617039,0.312435037946
523,0.866386562273,0.310795643985,0.888135599383,0.290534606109
524,0.869327738192,0.296901140511,0.867796618049,0.292051097094
525,0.879831939497,0.288460700511,0.884745769582,0.288485572342
526,0.880672275644,0.29133285244,0.888135599888,0.304957842802
527,0.866806730127,0.303677053488,0.874576278157,0.285739709008
528,0.878151267297,0.283638063912,0.806779671524,0.425943212426
529,0.879411771236,0.297084335496,0.877966108464,0.304087816343
530,0.874789922991,0.29778569792,0.861016957437,0.332212484047
531,0.873949586656,0.294081999928,0.90508475142,0.251743352735
532,0.861764713245,0.31171907184,0.850847466012,0.290341761153
533,0.871428578591,0.295504364858,0.867796618049,0.312493017101
534,0.878151267454,0.295521835718,0.850847465507,0.320329061757
535,0.867647066399,0.313581800738,0.867796617544,0.313062380368
536,0.863445385445,0.312615965892,0.871186447851,0.280790893519
537,0.876890763453,0.293077647756,0.861016956426,0.330564394404
538,0.882773115542,0.277776869937,0.844067805399,0.321160268796
539,0.876050426867,0.291221402186,0.847457636211,0.351276145459
540,0.863445385758,0.308878503372,0.857627125615,0.342360983082
541,0.875210091065,0.28934952727,0.874576277652,0.317574211917
542,0.863445385727,0.30576923787,0.850847466517,0.336448418639
543,0.867647066274,0.31254928149,0.881355939275,0.291999899293
544,0.865126057739,0.297782925591,0.861016956931,0.372220343042
545,0.877310931495,0.287016899967,0.874576278662,0.300102878362
546,0.877731098942,0.296538035033,0.827118653867,0.390266270645
547,0.871008410173,0.305996048867,0.844067805399,0.299015976299
548,0.865546225875,0.301759247167,0.891525430194,0.294463253059
549,0.878151267266,0.308399001622,0.905084750915,0.277391164295
550,0.877310931056,0.288510105291,0.881355939275,0.350979580023
551,0.872689082467,0.306696615198,0.867796617544,0.307318119427
552,0.879411771267,0.28618711428,0.874576277652,0.342243853009
553,0.874789922991,0.298977957706,0.867796617544,0.307883082052
554,0.875210090908,0.29974882397,0.877966108464,0.282966470946
555,0.863445385226,0.305364057711,0.864406787238,0.351432089141
556,0.874789923179,0.299386026338,0.844067804389,0.356192367372
557,0.859243705462,0.321723293904,0.854237296319,0.328454984131
558,0.866386561835,0.30873919546,0.861016956931,0.31536136637
559,0.871008410424,0.29753131727,0.847457635706,0.352880646806
560,0.8689075699,0.302773422554,0.840677974083,0.351007742302
561,0.87689076339,0.300588876627,0.861016956931,0.298794386751
562,0.871428578654,0.307725033339,0.854237296319,0.286681085446
563,0.879411771267,0.28711079405,0.85762712713,0.356536402478
564,0.873109250885,0.294045001292,0.85762712713,0.361518661855
565,0.89033614074,0.271369070754,0.850847466012,0.325003446348
566,0.879831939748,0.287813145108,0.874576277652,0.309612963917
567,0.861764713621,0.320892386905,0.844067805904,0.350096439785
568,0.881092443655,0.29468411044,0.87118644684,0.282842787077
569,0.870588242632,0.297028045616,0.898305090302,0.222523542468
570,0.878991603538,0.299549090019,0.854237296319,0.308702386663
571,0.86974790636,0.293298238403,0.884745769582,0.293720941044
572,0.87436975498,0.303338373268,0.891525429689,0.28140179011
573,0.873529418458,0.305121965511,0.867796617544,0.284766924141
574,0.883193284054,0.286314998816,0.874576277652,0.285450550775
575,0.87983193956,0.277072377464,0.867796617292,0.299150807751
576,0.878991603288,0.291583447584,0.854237295308,0.344058640175
577,0.870168074527,0.302495938507,0.850847466012,0.323554028583
578,0.876050426773,0.28345434305,0.884745769076,0.32994569093
579,0.868067234128,0.314251733873,0.898305090807,0.267002357896
580,0.864705889979,0.311096239029,0.898305090807,0.268803005375
581,0.880672275582,0.276009193449,0.877966108464,0.31333673878
582,0.874789922929,0.298628426552,0.901694921114,0.272601696773
583,0.871848746665,0.294945796208,0.85762712713,0.338096018218
584,0.87478992296,0.293991883786,0.864406787238,0.354898207584
585,0.872268914676,0.309150475649,0.854237296319,0.358395029996
586,0.871848746821,0.300051361354,0.867796617544,0.303086689405
587,0.878991603476,0.294544866579,0.844067804894,0.342153618207
588,0.876470595097,0.29138454654,0.871186448356,0.320536279388
589,0.86974790636,0.312474034641,0.830508484174,0.349704289146
590,0.875210091096,0.293371155467,0.877966108969,0.267430154007
591,0.874369754949,0.302583030519,0.867796617544,0.306574615255
592,0.864285721749,0.302299918231,0.861016956931,0.325790961478
593,0.86806723441,0.304245374909,0.884745769076,0.302998290539
594,0.876050427055,0.286841217773,0.840677974083,0.330788065316
595,0.876050427243,0.297463019512,0.874576278157,0.306798694908
596,0.873109250666,0.314958703555,0.884745768571,0.298354024225
597,0.884873956191,0.271557343365,0.844067805904,0.373238604895
598,0.868067234379,0.300335380022,0.861016957437,0.326034907946
599,0.87857143512,0.292530819375,0.874576278157,0.324624275505
600,0.879411771267,0.27866097758,0.884745768571,0.301104299882
601,0.87647059516,0.287859810125,0.820338992749,0.384869427562
602,0.873949586656,0.289366555541,0.857627126625,0.326536701455
603,0.87983193956,0.307842837568,0.864406786733,0.291962302464
604,0.877731099161,0.290961264484,0.874576278662,0.299444104908
605,0.884033620044,0.289714201056,0.854237296319,0.329178445673
606,0.87899160335,0.287190025273,0.894915260501,0.267011000443
607,0.8789916031,0.286767864013,0.877966108969,0.285300566862
608,0.871848746571,0.29935268938,0.888135599383,0.326158596613
609,0.882352947719,0.2959588329,0.871186447851,0.314390795084
610,0.880672275237,0.29434745218,0.844067804389,0.356358288393
611,0.88319328396,0.288125189428,0.867796618049,0.329634416406
612,0.867226898295,0.291105426668,0.813559331631,0.354780320078
613,0.859243704898,0.326825807662,0.850847466517,0.348263812835
614,0.885294124234,0.284958506801,0.877966108464,0.282199856083
615,0.8588235372,0.310866147788,0.871186448356,0.300961827449
616,0.871008410361,0.283850592068,0.840677974083,0.353519034019
617,0.86344538579,0.304066305957,0.871186448356,0.267429539397
618,0.881512611666,0.284807979967,0.888135599383,0.262712239998
619,0.858823537263,0.312698222153,0.823728823056,0.349844353242
620,0.885294124296,0.2750273067,0.861016955921,0.359176636247
621,0.881092443812,0.289059425289,0.857627126625,0.340352202434
622,0.876890763453,0.298213875962,0.888135599888,0.285651790325
623,0.870168074308,0.291927113299,0.884745769076,0.318325524929
624,0.878571435433,0.286588016616,0.871186447851,0.278887523749
625,0.868067234097,0.312334381584,0.867796617039,0.309221762596
626,0.891176476699,0.273270430756,0.861016957437,0.326880700065
627,0.87983193956,0.278592773768,0.90508475142,0.262489985548
628,0.876470594941,0.292222294808,0.833898313975,0.327794350115
629,0.881092443499,0.290135082421,0.854237295813,0.326251034072
630,0.874369754949,0.298962723511,0.891525430194,0.271269124633
631,0.880672275457,0.28640388652,0.884745768066,0.301329631737
632,0.867647066149,0.3139948819,0.850847465507,0.327670727746
633,0.879411771393,0.289303029304,0.861016957437,0.314363380294
634,0.881932779771,0.29784207388,0.867796616534,0.308449020451
635,0.853781520381,0.320200183656,0.874576277652,0.283941849056
636,0.882352947938,0.277733395393,0.891525429689,0.326608844543
637,0.884033619888,0.278816264718,0.871186447346,0.304241471371
638,0.877731099349,0.296684202699,0.898305090807,0.281405632147
639,0.873529418771,0.295650722408,0.861016956426,0.322523328397
640,0.876890763265,0.290614918414,0.874576277147,0.292572598589
641,0.884033619637,0.283303923165,0.854237296319,0.30678843126
642,0.866386562085,0.305797155289,0.894915260501,0.293579924599
643,0.880252107508,0.284131826547,0.881355939275,0.277911918396
644,0.878151267517,0.296667307103,0.867796617039,0.323398648335
645,0.872689082843,0.295119005349,0.874576278157,0.299304486584
646,0.866806729501,0.296191429015,0.888135599383,0.281873658078
647,0.888235300341,0.277556860819,0.840677974083,0.340977790813
648,0.877731099349,0.290552382354,0.888135599888,0.28865096857
649,0.883193283678,0.285740326159,0.837288143776,0.35185682641
650,0.874369754918,0.298409854618,0.816949162948,0.385426753343
651,0.862184881601,0.314821226702,0.847457635201,0.332104988017
652,0.865546225781,0.309941966603,0.877966107453,0.295703270425
653,0.88151261176,0.281666761452,0.901694920609,0.297063779402
654,0.857563032792,0.306881135275,0.823728824066,0.360543122484
655,0.883193283835,0.281608397799,0.881355939275,0.290076720134
656,0.882352947625,0.291113315502,0.850847466012,0.323890467285
657,0.873529418896,0.303092838038,0.891525430194,0.277996874588
658,0.875210090846,0.288394360294,0.891525430194,0.277807194487
659,0.873529418552,0.29213869286,0.854237295561,0.32133189071
660,0.87184874679,0.299398361024,0.864406787743,0.315773132399
661,0.873109250666,0.30390948436,0.874576277652,0.299623726788
662,0.884873956004,0.277741822833,0.854237296319,0.34227039886
663,0.876890763327,0.290620798472,0.881355938265,0.331504865218
664,0.884453788149,0.283025020984,0.861016956426,0.317010179478
665,0.874369755012,0.291771764898,0.847457636211,0.336526042419
666,0.889075636394,0.263967400585,0.88135593877,0.338323448453
667,0.878151267141,0.281548856394,0.874576278157,0.327283073469
668,0.873529418771,0.286539500595,0.867796616787,0.334595329554
669,0.881932779708,0.294295977637,0.837288143776,0.37737443396
670,0.871848746571,0.300088398628,0.833898313975,0.349204415424
671,0.881932779771,0.297106583423,0.85762712713,0.318554379677
672,0.872689082655,0.295686875744,0.888135599888,0.290791213828
673,0.873109250885,0.294943786758,0.877966108464,0.270128583062
674,0.871428578215,0.286363179835,0.877966108969,0.306992079873
675,0.876470595035,0.289256587668,0.837288144281,0.3527409637
676,0.881092443749,0.29465083889,0.871186447346,0.314105780637
677,0.872268914613,0.314634427741,0.850847465507,0.322801833814
678,0.86722689795,0.305836082929,0.874576277652,0.27676703844
679,0.888235300372,0.281060048086,0.881355939275,0.307647542081
680,0.869327738505,0.304219011405,0.861016956931,0.297430770693
681,0.878151267141,0.289602031724,0.874576278157,0.292400426279
682,0.867647066055,0.302603183858,0.867796617544,0.318517288604
683,0.878151267078,0.290308579873,0.877966107958,0.296133600365
684,0.873529419053,0.292650249591,0.847457635706,0.355219584716
685,0.878991603413,0.290223529343,0.874576278662,0.297805020996
686,0.87058824235,0.296853741287,0.891525430194,0.266591966405
687,0.876470595097,0.287030905665,0.830508483669,0.374461932897
688,0.87563025895,0.305524748946,0.864406787238,0.316785582736
689,0.86932773838,0.30548880448,0.877966108464,0.274469955745
690,0.872268914738,0.294879004743,0.806779672029,0.372498180528
691,0.866806730315,0.304413272827,0.884745769076,0.260010148951
692,0.873109250447,0.282034632722,0.861016956426,0.28400593371
693,0.887394964382,0.279178761087,0.905084750915,0.260202222078
694,0.879831939497,0.294405890824,0.850847466012,0.315582761888
695,0.865966393886,0.297161811642,0.833898313722,0.330115684892
696,0.87352941899,0.307971389174,0.884745769076,0.288620874223
697,0.880252107602,0.280307212629,0.891525430194,0.282022176531
698,0.888655468446,0.28212675572,0.854237295308,0.337892847546
699,0.868067233909,0.303857040725,0.908474581727,0.267245125278
700,0.874789922929,0.295675064046,0.867796617544,0.284259629894
701,0.878151267297,0.286837454283,0.901694921114,0.276747645274
702,0.868487402171,0.301307355547,0.874576278662,0.29368647772
703,0.884873956191,0.275794004411,0.854237295813,0.329052860959
704,0.876890763233,0.286351404685,0.847457635706,0.323073070812
705,0.884873956191,0.289212444969,0.881355939275,0.320021887641
706,0.875210090971,0.293685859562,0.891525430194,0.253046598854
707,0.872689082655,0.297630322948,0.840677974588,0.340712232484
708,0.880672275644,0.278805213112,0.871186448356,0.303603617916
709,0.884453787742,0.28321284521,0.850847465507,0.306927824393
710,0.884453787993,0.283407711037,0.867796617039,0.288458609796
711,0.884033619794,0.286108773233,0.854237295813,0.330328687268
712,0.877731099287,0.288032958413,0.901694921114,0.23750522758
713,0.886134460318,0.269246789932,0.847457636211,0.345382943813
714,0.865126058021,0.320243747318,0.867796618049,0.32226682467
715,0.87268908278,0.301925580894,0.894915260501,0.277437044023
716,0.871008410612,0.310892732939,0.847457636211,0.347539790417
717,0.869327738443,0.295867435321,0.884745769582,0.299889874913
718,0.876470594972,0.292946549477,0.850847466517,0.369840598839
719,0.880672275331,0.28262939969,0.840677974588,0.32068995601
720,0.879411771487,0.290711726778,0.867796617544,0.28160097993
721,0.869327738255,0.290448792877,0.884745768571,0.276969633996
722,0.881512611604,0.285084360811,0.854237296824,0.348786481041
723,0.870168074339,0.2981250186,0.864406787743,0.339162101811
724,0.884453788118,0.275282962686,0.877966108464,0.298585234873
725,0.884873956129,0.272654784648,0.864406787238,0.316586003023
726,0.878571435089,0.296350255452,0.877966107958,0.292692280422
727,0.873109250447,0.294114531182,0.844067805399,0.335827017266
728,0.888655468634,0.271172682254,0.901694921114,0.277391446407
729,0.874369754793,0.287649417726,0.884745768571,0.288525385751
730,0.875210090908,0.294312748326,0.891525429689,0.27336123813
731,0.875210090658,0.296577391794,0.884745768571,0.290733485783
732,0.870168073964,0.301667071887,0.871186447851,0.341280641255
733,0.874789922553,0.290421818203,0.864406786733,0.303703636057
734,0.873109250729,0.283365746295,0.85762712713,0.34824271639
735,0.860504209432,0.301127879943,0.884745769582,0.299132041633
736,0.885294123983,0.298866304052,0.874576278157,0.318631348974
737,0.870588242663,0.299737078682,0.884745769582,0.269485934495
738,0.866806730065,0.297760588289,0.888135599383,0.296761346886
739,0.871008410299,0.300071156595,0.854237296319,0.322773215692
740,0.875210090814,0.304341369645,0.874576278662,0.296913947089
741,0.884873956191,0.275589406428,0.864406787238,0.299727481427
742,0.877310931119,0.296469690396,0.864406786733,0.315178101977
743,0.867647066399,0.308038538721,0.871186448356,0.300779921176
744,0.873949586907,0.300696263892,0.888135599888,0.282666409357
745,0.875210090971,0.296049604208,0.881355939275,0.270674611237
746,0.878151267172,0.289127220928,0.861016956931,0.31145330026
747,0.875630259107,0.291344914104,0.854237295813,0.331667424385
748,0.883613451627,0.282188941392,0.867796617544,0.300680201627
749,0.872689082655,0.296589023371,0.85762712612,0.328479098819
750,0.877731099005,0.282931089738,0.88135593776,0.31435868927
751,0.87983193956,0.285657977094,0.918644072646,0.247947221874
752,0.875630258888,0.285649471415,0.881355939275,0.285501404902
753,0.873529418489,0.29436304016,0.85762712612,0.27313367612
754,0.879831939717,0.281903679522,0.871186448356,0.307114034481
755,0.881512611635,0.290311737119,0.874576278662,0.278868784844
756,0.879411771768,0.288157965921,0.888135599383,0.302025765244
757,0.880252107414,0.27890837576,0.894915260501,0.282347146232
758,0.877310931119,0.290324441928,0.837288145292,0.344983177039
759,0.878571435559,0.288767850293,0.867796618049,0.331595874123
760,0.879831939623,0.280976514027,0.88135593877,0.295322212501
761,0.883193283835,0.281786224785,0.840677975093,0.380608209109
762,0.885294124296,0.27309064391,0.874576278662,0.298208388358
763,0.872268914801,0.309168732013,0.894915260501,0.268384599269
764,0.881092443436,0.288793070985,0.847457636211,0.357906879005
765,0.883613452065,0.294242969816,0.857627126625,0.329340801464
766,0.884453787961,0.276694255811,0.837288144786,0.356892835223
767,0.877310931307,0.289789103089,0.888135599383,0.282421542805
768,0.892436980763,0.270084443306,0.901694920609,0.294983498373
769,0.886554627953,0.276316871773,0.871186448356,0.316039909246
770,0.882773115542,0.273241684553,0.844067804894,0.342655719716
771,0.88067227577,0.283232372927,0.854237296319,0.329815399281
772,0.884453788024,0.284496634357,0.877966108969,0.27328035147
773,0.892857148993,0.270968844465,0.918644071636,0.214262003489
774,0.874789922803,0.286863733365,0.871186447346,0.329795349768
775,0.888235300404,0.267662130511,0.833898313975,0.344634036581
776,0.88529412414,0.28866947915,0.844067804894,0.356431832632
777,0.880252107414,0.296327210634,0.837288144281,0.332169644029
778,0.880672275237,0.292877437422,0.854237296824,0.349444679411
779,0.860504209745,0.306324855064,0.847457635706,0.367512775553
780,0.869327738443,0.296285610951,0.898305090302,0.256737453074
781,0.876890763327,0.2806578292,0.867796617039,0.293956297971
782,0.894957988859,0.275965720799,0.840677975598,0.355173505022
783,0.879831939435,0.288305267864,0.854237295813,0.337654257225
784,0.879831939341,0.271530369899,0.85762712713,0.326202330448
785,0.874369754699,0.280753494522,0.867796616534,0.279921454835
786,0.884453788024,0.289008894466,0.854237296824,0.366849368186
787,0.873949586969,0.289555019519,0.854237295561,0.332791738591
788,0.872268914863,0.300135697802,0.901694920609,0.239443323812
789,0.878571435246,0.287579909202,0.88135593877,0.274144538915
790,0.883613452065,0.276289066018,0.844067805904,0.325469315052
791,0.877731099537,0.285556010409,0.888135599383,0.297144835594
792,0.868907570338,0.303244469304,0.898305090807,0.261119384824
793,0.878991603476,0.292127503779,0.874576277652,0.289896031494
794,0.88025210754,0.272737355308,0.864406787238,0.313008203976
795,0.88277311573,0.269296538398,0.891525430194,0.313483943531
796,0.877731099193,0.288856603049,0.874576278662,0.299908101306
797,0.882352948064,0.276149936686,0.901694921114,0.290414632251
798,0.871848746759,0.287561769542,0.894915259491,0.259519994701
799,0.872689082843,0.298690855949,0.884745769076,0.245249220123
800,0.868487402233,0.296363507523,0.888135599888,0.275012405368
801,0.878571435246,0.282613504353,0.881355939275,0.28049214058
802,0.888655468383,0.272058429807,0.874576278662,0.298924520864
803,0.885714292119,0.282465248905,0.847457635706,0.360952737978
804,0.863445385477,0.304016190495,0.854237296824,0.312347185751
805,0.884453787774,0.281708885606,0.888135599888,0.273881118176
806,0.88613446013,0.285158644904,0.850847466012,0.340333589337
807,0.873529418739,0.287889579741,0.867796618049,0.324652438762
808,0.886134460193,0.292962713903,0.898305090807,0.299401484493
809,0.884873955659,0.278409303534,0.85762712713,0.319009430486
810,0.875630259076,0.303020745946,0.894915259996,0.263763199481
811,0.88193277927,0.289832639895,0.871186448356,0.331188879844
812,0.873949587032,0.296914532401,0.877966108464,0.29759875666
813,0.876050427086,0.284791209191,0.871186448356,0.306874839999
814,0.858823536856,0.309432252991,0.871186448356,0.288497372799
815,0.874789922929,0.29194052697,0.874576278157,0.295076136304
816,0.871428578403,0.285138673431,0.867796618049,0.314888406987
817,0.871428578403,0.295913106993,0.898305090807,0.260218165499
818,0.872268914863,0.298450692713,0.861016957437,0.320925377404
819,0.883193283584,0.279041877177,0.867796617544,0.28403411853
820,0.876050427306,0.285567590079,0.854237295813,0.313497167081
821,0.890756308782,0.264893545914,0.847457634443,0.351827805641
822,0.892016813159,0.270150807937,0.827118653362,0.37899958115
823,0.870588242475,0.302593941628,0.864406786228,0.298837076557
824,0.877731099161,0.285270475692,0.867796616787,0.333824303759
825,0.881512611447,0.280859881973,0.894915259996,0.280379073473
826,0.868487402484,0.29644254775,0.85762712713,0.347700082271
827,0.879411771424,0.290103241762,0.871186447851,0.276772688443
828,0.878151267517,0.28361773937,0.871186448356,0.305519500274
829,0.875210090846,0.294192854033,0.894915259996,0.277236111715
830,0.885714292088,0.27761610822,0.837288144786,0.352539225024
831,0.896218493268,0.264600457365,0.850847466012,0.351546729268
832,0.889915972447,0.269418418482,0.884745769582,0.319632058805
833,0.868907570401,0.299804569199,0.891525429689,0.288378951345
834,0.880252107446,0.278853865004,0.85762712612,0.307706842136
835,0.878151267047,0.287541762491,0.877966108464,0.350548345659
836,0.88361345219,0.289374952956,0.877966108969,0.26040304509
837,0.875630259138,0.287163045883,0.861016956931,0.344200594509
838,0.876050427243,0.285047242124,0.871186447851,0.271810358864
839,0.877310931307,0.291637273141,0.861016956426,0.374583039433
840,0.889915972729,0.266141615921,0.874576278157,0.32015555333
841,0.881512611791,0.299253093376,0.90508475142,0.271921935854
842,0.865126058146,0.302064094372,0.847457634696,0.357205707517
843,0.884033619857,0.282753910314,0.877966108969,0.26511596481
844,0.885714292119,0.280088875732,0.847457635201,0.338447725463
845,0.87563025895,0.29613951488,0.854237295813,0.301151257261
846,0.881512611854,0.2856404384,0.877966108969,0.311932097489
847,0.884453788087,0.288042340443,0.884745769582,0.282727873363
848,0.863445385602,0.293754946139,0.840677975598,0.353953154095
849,0.878571435308,0.282567129036,0.844067804894,0.309924655168
850,0.866386561991,0.302850002243,0.90508475142,0.257887003849
851,0.882773115918,0.273536428277,0.864406786733,0.308369832524
852,0.87773109913,0.296521949081,0.871186448356,0.316723105703
853,0.892857148868,0.26692653607,0.877966108464,0.298063843558
854,0.885294124296,0.274744713949,0.864406786733,0.29913627028
855,0.876890763202,0.296760859484,0.88135593877,0.288539511609
856,0.888655468383,0.272950396008,0.850847466012,0.316911642424
857,0.881932779708,0.282911344971,0.88135593877,0.261862868727
858,0.888655468446,0.264150253243,0.854237295813,0.33775706021
859,0.873529418865,0.298972280395,0.891525430194,0.256175153147
860,0.884033619982,0.281296214926,0.871186447851,0.309569650724
861,0.888235300247,0.283271713476,0.891525430194,0.243609188156
862,0.88025210779,0.27338853264,0.864406786228,0.312204502397
863,0.874369755012,0.281785080225,0.888135599383,0.281553595848
864,0.882773115636,0.288014868853,0.877966107958,0.301999057943
865,0.869747906047,0.294720179409,0.864406787238,0.329566041229
866,0.888655468133,0.276870063381,0.85762712713,0.314444526272
867,0.891596644428,0.273493113814,0.894915260501,0.2784427722
868,0.881932779896,0.290746912407,0.867796617544,0.313708787026
869,0.864705889822,0.302218633806,0.854237296824,0.330227372221
870,0.877310931307,0.301232959285,0.857627125615,0.346836793915
871,0.873949586844,0.289867950791,0.861016956931,0.313168062497
872,0.877310931182,0.280814751799,0.888135599383,0.271140922113
873,0.881512611604,0.277585321063,0.877966107453,0.303057266999
874,0.87689076314,0.294899222856,0.874576277652,0.302024045296
875,0.886974796152,0.275231799549,0.837288145292,0.358497364668
876,0.87899160335,0.291242267322,0.867796617544,0.28975061504
877,0.886974796402,0.272241922651,0.884745769076,0.235226817997
878,0.868067234629,0.289661076507,0.871186448356,0.319487047082
879,0.880672275394,0.284956647208,0.871186447346,0.312085645842
880,0.880672275707,0.278767748274,0.871186447851,0.31857164665
881,0.879411771361,0.291384665413,0.874576278662,0.310950000786
882,0.890336140615,0.274391436441,0.88135593877,0.312910814785
883,0.890336140802,0.261474534607,0.888135599383,0.339667818998
884,0.885294124046,0.274313934636,0.844067804894,0.319434550954
885,0.886554627985,0.275123256133,0.877966108969,0.3306242124
886,0.874369754855,0.293956699437,0.850847466517,0.319209727443
887,0.874369754824,0.282242821146,0.877966107958,0.316516327908
888,0.870588242663,0.288338021778,0.864406786733,0.301580875165
889,0.882352948001,0.290083333717,0.840677975093,0.357679871179
890,0.882352947531,0.282108543722,0.874576278662,0.290034175424
891,0.869747906172,0.303138499313,0.871186448356,0.280166250354
892,0.876470595035,0.294665073874,0.891525429689,0.263529041845
893,0.892436980951,0.259654412516,0.894915260501,0.25604923663
894,0.884453788087,0.280500324963,0.854237295813,0.348430689109
895,0.879831939372,0.288102761138,0.84745763419,0.332757263871
896,0.883193283678,0.281796094069,0.88135593877,0.25486515153
897,0.892857148868,0.269022154442,0.891525430194,0.294695165292
898,0.881092443499,0.28015988848,0.877966108464,0.301846204389
899,0.875630259138,0.297034714903,0.888135599888,0.272626195355
900,0.889915972478,0.266104671498,0.884745768571,0.291896285016
901,0.878991603601,0.287922184648,0.888135599888,0.276588146085
902,0.875210090783,0.288726455978,0.850847465002,0.308997794102
903,0.887394964194,0.269696014108,0.871186447346,0.299382625306
904,0.877310930994,0.280512545477,0.874576278157,0.321929278073
905,0.883193283647,0.280583728567,0.871186447851,0.267927924518
906,0.886974796465,0.27682103703,0.850847465507,0.329789739797
907,0.869327738568,0.305891892348,0.85762712713,0.299705790514
908,0.878151267266,0.299374857589,0.884745769582,0.265602658613
909,0.878151267266,0.288478186041,0.867796617544,0.347640782216
910,0.869327738192,0.298482625604,0.854237296319,0.316599787039
911,0.886554628047,0.273942573215,0.864406787238,0.30682804868
912,0.87983193931,0.288332093546,0.901694920103,0.27601223439
913,0.878151267329,0.28884740897,0.847457635706,0.315025048299
914,0.881092443687,0.276365483759,0.850847466012,0.279597771433
915,0.882352947563,0.271484527717,0.874576277652,0.319508858214
916,0.87899160335,0.282687423176,0.864406786733,0.300706645758
917,0.871848746571,0.303265052292,0.877966108969,0.305807599261
918,0.889075636551,0.267839471176,0.881355939275,0.311554395262
919,0.885714292276,0.281155871141,0.908474581727,0.239394065687
920,0.882773115667,0.279177893884,0.88135593877,0.283204129723
921,0.882352947813,0.286709858676,0.901694921114,0.247448721364
922,0.884453787961,0.27122188444,0.861016955921,0.327185054957
923,0.888235300247,0.268226102088,0.88135593877,0.261725883678
924,0.88613446013,0.269826951092,0.867796618049,0.351941613544
925,0.876050427055,0.283163332185,0.901694921114,0.245582676098
926,0.877310931119,0.297596439359,0.857627126625,0.313525225304
927,0.888655468383,0.277511439216,0.844067804894,0.317920050126
928,0.877731099161,0.288025535072,0.871186448356,0.308032069355
929,0.884453787899,0.285166947774,0.891525429689,0.254538504375
930,0.876890762952,0.287679065019,0.861016955669,0.361507739809
931,0.891176476636,0.259876406251,0.864406786733,0.278941859191
932,0.869747906422,0.298347353067,0.891525430194,0.280837238593
933,0.871428578529,0.300392637781,0.823728822551,0.36841445271
934,0.879831939591,0.2996429514,0.901694920609,0.238798173239
935,0.887815132393,0.292812110418,0.871186448356,0.325835437277
936,0.881092443561,0.281642060109,0.884745769582,0.316358797757
937,0.879831939654,0.282903666052,0.85762712713,0.337025502476
938,0.877310930837,0.291305583323,0.85762712713,0.299275909819
939,0.882773116043,0.283160719011,0.861016957437,0.32316824718
940,0.886554628172,0.276397856046,0.88135593877,0.274396394963
941,0.872268914738,0.296165222161,0.837288143271,0.322398020554
942,0.879411771267,0.281784307869,0.867796618049,0.338319028649
943,0.884033619919,0.283075618828,0.874576277652,0.298366119106
944,0.875630258763,0.297772805817,0.874576277147,0.300348359997
945,0.876890762952,0.284728912946,0.857627125615,0.290747562392
946,0.871848746571,0.289446652147,0.844067804894,0.32602483735
947,0.880252107665,0.290828559853,0.888135599888,0.301265485964
948,0.878151267141,0.283938872225,0.894915259491,0.264283154286
949,0.882773115918,0.282469323163,0.915254241834,0.249904900126
950,0.89369748514,0.267539418111,0.871186448356,0.330917732695
951,0.876890762952,0.296677463798,0.861016956931,0.295562614576
952,0.879831939529,0.286779267823,0.867796617039,0.297538548897
953,0.88319328371,0.279336902736,0.864406787238,0.377001759296
954,0.873109250478,0.283451855194,0.864406787238,0.342732990287
955,0.880672275363,0.283032700513,0.871186447851,0.337622684948
956,0.884033619825,0.276639539975,0.901694921114,0.259772424223
957,0.868067234254,0.302333203215,0.88135593877,0.268618513562
958,0.877310931182,0.287249444154,0.85762712713,0.360007017346
959,0.890756308625,0.269642188985,0.861016956426,0.294744213285
960,0.889075636425,0.267064146197,0.864406786228,0.361538846204
961,0.884453788087,0.279376024764,0.867796617544,0.310573894183
962,0.87689076314,0.288121244835,0.888135599888,0.276221863041
963,0.874789923054,0.287313290336,0.874576278662,0.297949537793
964,0.876890763014,0.283506897317,0.854237296824,0.329825843732
965,0.893697484827,0.269171958993,0.864406786733,0.280393615554
966,0.883613451877,0.284292866202,0.881355939275,0.290555140161
967,0.888235300278,0.278138922363,0.830508482911,0.372738102767
968,0.891596644397,0.275821868127,0.898305090807,0.273778439799
969,0.879831939341,0.288756675416,0.854237295308,0.336010642223
970,0.887815132424,0.269945922597,0.918644072646,0.243370619239
971,0.857563033011,0.312863630689,0.857627126625,0.278222783327
972,0.874789922991,0.30012479995,0.891525429184,0.26177486872
973,0.871428578654,0.290145349341,0.874576278662,0.304934464837
974,0.874369754699,0.289649812947,0.877966107958,0.293857852913
975,0.887394964319,0.277024868711,0.871186447851,0.278871405996
976,0.879411771361,0.281502749642,0.888135598878,0.273538996481
977,0.885714292088,0.274390592987,0.877966108969,0.28517454247
978,0.877731099099,0.280810412454,0.847457636211,0.325480126381
979,0.885714291963,0.284138488043,0.881355938265,0.31292364317
980,0.880672275457,0.278533017083,0.840677975093,0.352168121328
981,0.899579837605,0.259027197014,0.891525430194,0.271759356419
982,0.874789922866,0.286344337684,0.877966108969,0.269658620075
983,0.878151267016,0.286310194921,0.854237295813,0.355474119659
984,0.890336140802,0.269661703194,0.877966108969,0.337583287193
985,0.887394964194,0.266098541775,0.850847466012,0.335597121772
986,0.881092443405,0.281918631714,0.867796618049,0.304722600317
987,0.877731099287,0.307252828024,0.88135593877,0.300734023232
988,0.887815132362,0.286877169442,0.888135599383,0.280232990034
989,0.876050426867,0.287322174949,0.867796617544,0.333364492535
990,0.880672275519,0.278893195304,0.861016957437,0.326820539279
991,0.883613451752,0.272927085145,0.877966108464,0.276747044997
992,0.868067234003,0.303529919137,0.90508475041,0.240209765606
993,0.881512611541,0.293055980662,0.867796617544,0.304086903647
994,0.880252107602,0.285477551831,0.864406787238,0.320926617705
995,0.873949587032,0.293101048387,0.840677974588,0.360906393851
996,0.871008410236,0.291151181458,0.864406787238,0.33150136174
997,0.884453788055,0.289679737507,0.850847466012,0.320236096948
998,0.882773115793,0.279082833097,0.857627126625,0.333110181078
999,0.878571435465,0.293503250246,0.877966108464,0.282929227514
