epoch,acc,loss,val_acc,val_loss
0,0.736974801837,0.725222933098,0.769491538153,0.677730631525
1,0.76218488562,0.637333299401,0.759322046476,0.710815739076
2,0.760084045597,0.647389590834,0.722033910832,0.748090624052
3,0.767226901876,0.611832756487,0.816949162948,0.8953129288
4,0.771008414287,0.610530266648,0.749152554294,0.852664483301
5,0.787815136412,0.574107493297,0.806779670008,0.5824220327
6,0.776890767316,0.574452947731,0.742372896207,0.603363114898
7,0.800420178179,0.536081015719,0.752542386621,0.602266072722
8,0.78907564104,0.568554652057,0.810169500567,0.549584944117
9,0.786554632881,0.529925668064,0.789830519486,0.55569576813
10,0.778151271223,0.5301511715,0.789830518476,0.658016515233
11,0.784033623845,0.518829544145,0.7525423846,0.648003080134
12,0.791176481125,0.499149383351,0.735593233573,0.625770448123
13,0.80672269878,0.474372869217,0.772881367449,0.571628823624
14,0.805462194466,0.474413467493,0.793220349793,0.533565574026
15,0.79243698497,0.479970372556,0.813559330621,0.473154993633
16,0.802941186244,0.446215570443,0.783050857863,0.491120630781
17,0.800420177991,0.453758199895,0.813559332136,0.491900308405
18,0.776470598866,0.474788795311,0.786440688675,0.483511285762
19,0.790336144634,0.454663966853,0.769491535122,0.648340238732
20,0.799579841249,0.465399600033,0.820338992244,0.386111074838
21,0.80840337098,0.463524540855,0.78644068817,0.496559922094
22,0.79705883406,0.446221829932,0.796610180604,0.515500350271
23,0.807563034739,0.440299108217,0.830508484174,0.464955882122
24,0.811344547182,0.426437690134,0.813559331631,0.406542839388
25,0.794537825651,0.449973332312,0.820338992244,0.442292668052
26,0.818907572348,0.433742935949,0.779661027052,0.533396170427
27,0.800000009542,0.456020157847,0.813559331884,0.432061953312
28,0.812605051746,0.428350520579,0.847457636211,0.367228997208
29,0.81386555628,0.426138173507,0.82372882154,0.451291719483
30,0.802941186369,0.443831460378,0.7525423846,0.514455280188
31,0.793277321149,0.437059134793,0.806779671018,0.447314521519
32,0.806302531364,0.42567450464,0.796610180099,0.456077096573
33,0.812605051058,0.425280590205,0.769491536132,0.53985245248
34,0.813865555403,0.427588277035,0.813559331631,0.413841794355
35,0.806302530237,0.43219262396,0.813559330116,0.442010645644
36,0.802521018171,0.437350637021,0.783050856348,0.461765928036
37,0.809663874825,0.416860267864,0.749152554799,0.500816529585
38,0.820588244642,0.419583847339,0.840677975093,0.37273044076
39,0.808403371231,0.437166242383,0.813559331631,0.445301366054
40,0.814285723665,0.415311158408,0.803389840965,0.491115689025
41,0.805042026549,0.438056492708,0.847457635201,0.383924636674
42,0.804201690277,0.425382381227,0.861016956426,0.38188882652
43,0.821428580163,0.400224410952,0.793220348782,0.468043915801
44,0.807983202875,0.428275107743,0.830508482153,0.44602213459
45,0.814705891676,0.426221330893,0.786440688675,0.6057149682
46,0.816806732137,0.41817905037,0.755932215917,0.503106603683
47,0.822689084696,0.408343661436,0.837288144281,0.402236906275
48,0.813865555278,0.418316692239,0.806779671018,0.410612034217
49,0.814705891832,0.428326483033,0.789830517213,0.435212603439
50,0.820168076506,0.409309524088,0.830508483669,0.384242559262
51,0.819747908338,0.401684759075,0.783050858873,0.584163934624
52,0.833613454325,0.404669793761,0.816949161938,0.446604052969
53,0.83319328622,0.391584671189,0.796610179847,0.454375000323
54,0.808823539022,0.425968027353,0.840677974083,0.401714955851
55,0.827731101265,0.403106928873,0.79322034954,0.433711291117
56,0.820168076881,0.399001601113,0.816949162948,0.392741354593
57,0.825210093137,0.398690154244,0.850847466012,0.406868226447
58,0.827731101515,0.392071543183,0.796610179594,0.54985660264
59,0.820168076506,0.407677631418,0.820338993254,0.45117762306
60,0.811344547275,0.410555269162,0.816949162443,0.418133545478
61,0.837815134997,0.37927734279,0.793220349793,0.493340425572
62,0.842857151097,0.369139132771,0.830508483163,0.417220621543
63,0.827310933379,0.372983503414,0.78644068918,0.493784176975
64,0.825210093106,0.39342517304,0.766101706836,0.76410261971
65,0.832773117396,0.377534236368,0.810169500315,0.420701525221
66,0.818067236232,0.40072937903,0.803389839702,0.474094239837
67,0.818907572442,0.397744509086,0.823728823561,0.435704750088
68,0.831932782062,0.37910847405,0.840677975093,0.430159279603
69,0.815966396303,0.39970869884,0.789830518476,0.525391313989
70,0.811764715474,0.401349816487,0.837288143776,0.474876657128
71,0.835294126431,0.374463379266,0.827118652857,0.446328029037
72,0.818067236295,0.401214259825,0.796610180099,0.458841328651
73,0.823529420718,0.395015514824,0.827118653362,0.389872702944
74,0.826470597358,0.386271396527,0.840677975093,0.372834821247
75,0.82478992522,0.382512125977,0.783050857358,0.438693751029
76,0.816806732231,0.395624086402,0.844067805399,0.381185429707
77,0.828991605423,0.379388480799,0.83389831448,0.380309483447
78,0.837815134496,0.356824673321,0.793220347267,0.500376343348
79,0.813445387799,0.390429195901,0.830508483669,0.426697742257
80,0.826050429002,0.391551971122,0.840677974083,0.418681339566
81,0.817226900367,0.38651249085,0.796610179341,0.45330251627
82,0.833193286314,0.382291314043,0.810169500062,0.462927817919
83,0.839495806853,0.383461488708,0.844067804894,0.391371703059
84,0.833613454043,0.371712793823,0.81016950183,0.397734943462
85,0.831092445947,0.380789817976,0.820338992244,0.399138973363
86,0.839495806884,0.366468118457,0.861016956931,0.358127463609
87,0.855882360968,0.36269349165,0.813559330621,0.508465744492
88,0.835714294129,0.362019402405,0.755932215412,0.476951117738
89,0.837815134528,0.370452086199,0.796610179341,0.53218786229
90,0.823529421062,0.382552255055,0.823728823056,0.387208290588
91,0.843697487744,0.357586057653,0.816949161938,0.388041222121
92,0.846218495966,0.362166946957,0.840677975093,0.383689383455
93,0.839075638717,0.372142558323,0.823728824066,0.394781494292
94,0.829831941883,0.368450235247,0.830508483669,0.40041478919
95,0.81890757263,0.370552803241,0.850847465507,0.397492862733
96,0.821848749019,0.381754478956,0.827118653867,0.393503153918
97,0.846218495403,0.355396052228,0.796610180604,0.396513080445
98,0.835714294411,0.374069129798,0.850847465507,0.409493460936
99,0.830252109393,0.37423284884,0.806779670766,0.450951141195
100,0.825210093356,0.387070854218,0.806779672029,0.40412743579
101,0.839915974394,0.358013912253,0.810169500567,0.44061952943
102,0.826890765368,0.379016629099,0.81016950082,0.41997280679
103,0.841176478803,0.352911522972,0.830508483669,0.370575008567
104,0.821848749175,0.391017394234,0.830508484679,0.39517973616
105,0.842857150909,0.360697584571,0.840677974083,0.379578140959
106,0.826890765681,0.374680850444,0.830508484174,0.38314813085
107,0.84621849606,0.348190830003,0.796610180352,0.407491207691
108,0.83949580726,0.363723899825,0.837288144281,0.368741798073
109,0.845378159725,0.365922430186,0.861016957437,0.34200571951
110,0.838655470988,0.355913016256,0.864406787238,0.361114466721
111,0.832773117802,0.366088093345,0.806779671018,0.426894257003
112,0.846218495841,0.363226679819,0.844067804894,0.408068875009
113,0.841596646845,0.34994535505,0.820338991739,0.408570235627
114,0.857563033324,0.335990116446,0.823728823056,0.376956940834
115,0.839915974833,0.353695772087,0.905084750915,0.315902926091
116,0.83781513459,0.353372939463,0.803389840712,0.439295362744
117,0.841596646907,0.353357879993,0.844067805399,0.397989940593
118,0.83697479885,0.354807733159,0.806779669503,0.398467342353
119,0.833613453981,0.37206956176,0.830508484174,0.385402091542
120,0.835294126682,0.35468358091,0.806779671524,0.408588887839
121,0.837394966392,0.370168552225,0.806779670513,0.425511701632
122,0.831932781624,0.374429775433,0.830508484174,0.365101600539
123,0.848319336083,0.339863288177,0.803389840207,0.459070399088
124,0.847899167791,0.343415031836,0.830508484679,0.408107088342
125,0.833613454262,0.34959174702,0.830508484174,0.37983172791
126,0.840336143157,0.344222674702,0.823728822551,0.377676367002
127,0.834453790347,0.365820675807,0.854237296319,0.340288215711
128,0.836554630026,0.348987549958,0.813559332136,0.451011346748
129,0.834453790691,0.354154104124,0.833898314985,0.359200361106
130,0.846218495403,0.337942603639,0.861016955921,0.343471287545
131,0.841176478897,0.356668083749,0.861016956931,0.39940811981
132,0.834873958546,0.362732967769,0.857627126625,0.370154447538
133,0.847478999655,0.344823577887,0.796610180604,0.405821547922
134,0.850420175668,0.349825746184,0.837288145292,0.358443598121
135,0.84285715166,0.347356219831,0.861016956931,0.368823847528
136,0.85462185634,0.337670417745,0.827118652604,0.392290274471
137,0.834033622618,0.357423069895,0.827118652604,0.39292305468
138,0.830672278092,0.37545561317,0.813559331631,0.420009969781
139,0.830252109862,0.370722756619,0.888135599888,0.32436293111
140,0.844537823453,0.334524776622,0.864406787238,0.339337768065
141,0.828571437381,0.367138153991,0.867796617544,0.349664472296
142,0.844117655286,0.35160349869,0.827118653362,0.382487892347
143,0.842857151347,0.357976929715,0.864406787238,0.33653188017
144,0.847479000062,0.349784407264,0.844067804894,0.351422540275
145,0.842016815075,0.34851364242,0.776271198766,0.495533110353
146,0.843697486774,0.361165823235,0.820338992244,0.417417206565
147,0.841596647064,0.351749794166,0.81016950183,0.383161191276
148,0.844957991339,0.361465675913,0.830508483163,0.375560938681
149,0.849159671886,0.3339186949,0.813559331631,0.406708969529
150,0.847478999999,0.343376544876,0.854237295813,0.342025687571
151,0.854201688674,0.330460977154,0.864406787743,0.323451642136
152,0.8386554708,0.349884283557,0.827118653362,0.36852058964
153,0.854621856716,0.329895383444,0.813559330368,0.423855334804
154,0.855042024946,0.337411327178,0.864406786733,0.32878017918
155,0.844117655254,0.348626472674,0.861016956931,0.329899064313
156,0.835714294192,0.350391925273,0.857627125615,0.337196552779
157,0.842857151347,0.35430093515,0.803389841217,0.43323159281
158,0.858823537138,0.339254041672,0.820338991739,0.504970356191
159,0.839915974958,0.344826412779,0.833898313975,0.340045254993
160,0.838235303259,0.357220470232,0.847457635706,0.347268485543
161,0.844537823453,0.340856209648,0.833898313975,0.358264830532
162,0.842436983023,0.343192466903,0.833898313975,0.380210589207
163,0.846638663539,0.349388602777,0.816949161938,0.406600051133
164,0.838235302758,0.36194948395,0.84745763419,0.429559342311
165,0.845798327517,0.35569506306,0.830508483163,0.355453984086
166,0.855882360404,0.341387007464,0.806779671271,0.447336494323
167,0.836974798788,0.361513009584,0.803389840712,0.421680140862
168,0.850840344117,0.343419158456,0.793220349793,0.428150017698
169,0.846218495747,0.337911362384,0.827118652352,0.346056539755
170,0.848739503875,0.340089614401,0.833898313722,0.382065914445
171,0.847478999936,0.343640553875,0.820338992244,0.377283743125
172,0.84579832783,0.337100997598,0.796610179594,0.427946935266
173,0.847478999655,0.353274757943,0.813559333147,0.430138254254
174,0.847899167978,0.337835132786,0.820338992749,0.402995198271
175,0.843697487056,0.355273404378,0.837288144281,0.360107681446
176,0.842857151222,0.342285736887,0.827118653362,0.34936031093
177,0.847058831581,0.349326812153,0.840677974083,0.374755543294
178,0.836134462203,0.356577900974,0.861016957437,0.313217027934
179,0.855462192863,0.329471719936,0.823728823561,0.389412932729
180,0.860504209369,0.321342515822,0.844067804894,0.357973835731
181,0.845378158943,0.346438868003,0.840677974083,0.441029016434
182,0.861344545297,0.337015328725,0.844067805399,0.34001084998
183,0.835714294317,0.355192062124,0.864406787238,0.40494170605
184,0.839495806759,0.34319997708,0.823728822045,0.379180123619
185,0.848319336115,0.334469062464,0.847457635706,0.352732384546
186,0.854621856246,0.34154956582,0.820338992749,0.396119851082
187,0.850000007814,0.346991937271,0.844067805399,0.369963498944
188,0.842857151065,0.343999132624,0.864406786733,0.373313939862
189,0.848739503562,0.346697493237,0.844067805399,0.359258207919
190,0.863025217403,0.327685617951,0.844067805904,0.358036649682
191,0.858403369096,0.330554941192,0.840677975093,0.391661912266
192,0.855462192613,0.32636148182,0.888135599888,0.329326065257
193,0.839075638467,0.335817645304,0.844067804389,0.38232470992
194,0.851260512441,0.341937148302,0.840677975093,0.361313613763
195,0.853361352402,0.339728595282,0.833898312712,0.38752088017
196,0.859243705368,0.33329800057,0.85762712612,0.356369468999
197,0.855462192926,0.333970194354,0.861016955921,0.351561083695
198,0.857142865,0.327523385456,0.83389831347,0.393451236441
199,0.856302528947,0.331839758394,0.864406786733,0.307681729859
200,0.858823537138,0.324669153578,0.820338991739,0.374511761307
201,0.839495807323,0.351302217982,0.840677974588,0.3611443504
202,0.84159664697,0.351075723877,0.827118653362,0.383697254994
203,0.850000007814,0.339257747741,0.847457635201,0.330927692543
204,0.846218495653,0.336716901597,0.83389831347,0.356600022859
205,0.854621857029,0.334872569255,0.861016956931,0.325891968999
206,0.853361352402,0.334533118909,0.830508483669,0.369327632111
207,0.850420176294,0.339234950232,0.840677975093,0.330577800019
208,0.850420176294,0.328516953789,0.81016950183,0.419019229963
209,0.85588236078,0.328234208928,0.84745763419,0.358123518779
210,0.85252101638,0.331637208178,0.844067804389,0.35521564418
211,0.854201688643,0.327065445905,0.813559332642,0.400360631078
212,0.851680680202,0.332055666343,0.827118653362,0.384486381217
213,0.864705889791,0.324178584077,0.830508484174,0.357738393091
214,0.845378159506,0.342153506322,0.884745769076,0.315175501851
215,0.860924377443,0.31594097853,0.864406785723,0.371874335332
216,0.850840344086,0.336077472993,0.854237296319,0.329649097902
217,0.855042024069,0.324517117203,0.823728823056,0.4179411408
218,0.85714286475,0.3379564323,0.861016956931,0.333305118321
219,0.842857151159,0.347733932657,0.874576278662,0.315932295269
220,0.852941184203,0.329846104818,0.871186447851,0.368432305911
221,0.852521016317,0.326061647878,0.847457635706,0.357158053067
222,0.84285715141,0.337254740564,0.847457635201,0.372553593842
223,0.852521016255,0.342809134797,0.827118653362,0.365155119354
224,0.847478999936,0.338021744833,0.850847465507,0.353921105864
225,0.856302528666,0.326019621939,0.85762712612,0.38067298452
226,0.846638663382,0.343702273952,0.827118652857,0.379283548538
227,0.857142864531,0.335367783121,0.820338990981,0.392601397962
228,0.8605042094,0.314488429247,0.820338992749,0.38570785996
229,0.852100847868,0.340722924224,0.827118653362,0.398275218999
230,0.844957991558,0.341996159318,0.837288144281,0.378091944666
231,0.852521016724,0.344578813308,0.837288144786,0.403361220481
232,0.854621856403,0.335139826856,0.847457636211,0.337438902897
233,0.856722697115,0.335554535125,0.867796617544,0.351068589237
234,0.857142864938,0.336253276987,0.844067804894,0.363193443834
235,0.863865553519,0.319377778028,0.867796617544,0.316582486349
236,0.8588235372,0.333559572587,0.867796617544,0.361952759199
237,0.860084041045,0.323507140602,0.833898313975,0.379703456568
238,0.857983200991,0.3182159261,0.857627126625,0.317387576704
239,0.856302529104,0.326545456417,0.864406787238,0.366850631059
240,0.848739504032,0.323227770854,0.861016956426,0.342917554112
241,0.861764713402,0.320154472395,0.854237296319,0.38818043
242,0.850840344055,0.334671255217,0.854237295813,0.366914716565
243,0.8554621928,0.32630068592,0.850847465507,0.351673216259
244,0.856722696864,0.326374618912,0.847457635706,0.340938038177
245,0.86344538579,0.324988053611,0.837288144281,0.383958055527
246,0.862184881726,0.319979666341,0.847457635706,0.383131295443
247,0.857983201304,0.324884480805,0.864406786985,0.329315309018
248,0.86218488135,0.318645404018,0.803389841217,0.434751980133
249,0.863865553707,0.316082347756,0.85762712713,0.348141130786
250,0.858823537075,0.334914510326,0.884745769076,0.329039026557
251,0.867226898044,0.311642592335,0.820338992749,0.409213660127
252,0.855882360905,0.332477484712,0.864406787238,0.367052132611
253,0.863865553394,0.312446986896,0.833898313975,0.397842856913
254,0.862184881507,0.323528062615,0.827118652352,0.343102758687
255,0.871428578529,0.3050021176,0.867796617039,0.334837350994
256,0.861764713151,0.31316832921,0.864406787743,0.311346790864
257,0.861764713746,0.321964224073,0.813559332136,0.407098745769
258,0.859243705117,0.326132650323,0.857627126625,0.330505620309
259,0.859663873222,0.325185381526,0.861016956931,0.360160542084
260,0.86428572178,0.314211200304,0.867796618049,0.340169908921
261,0.86050420915,0.314854714456,0.915254242339,0.233086689454
262,0.857983201022,0.327331806345,0.88135593877,0.302270074959
263,0.860504209682,0.332553722191,0.88135593877,0.302249498129
264,0.858823537326,0.325404410892,0.833898313975,0.355131723555
265,0.854201688674,0.328032685225,0.867796617544,0.308206752795
266,0.842857151566,0.347693544022,0.830508484174,0.342966642673
267,0.86008404139,0.318744992055,0.877966108969,0.291985598535
268,0.86638656196,0.31150500168,0.861016956931,0.356020415928
269,0.875630258919,0.308188127592,0.844067804389,0.385096585567
270,0.860924377224,0.321441231295,0.861016957437,0.340801364537
271,0.871008410674,0.30589190264,0.881355939275,0.314386395769
272,0.858403369033,0.331135434916,0.861016956174,0.319809116897
273,0.867226897794,0.317520177328,0.840677974588,0.356127346913
274,0.852100848651,0.324821903464,0.837288143776,0.347142088527
275,0.846638663351,0.335675409921,0.810169502335,0.420675774689
276,0.858823537013,0.326973986155,0.901694921114,0.267171766672
277,0.86554622575,0.322904286844,0.850847466517,0.397240158297
278,0.86512605799,0.318996296734,0.844067805399,0.346766000961
279,0.856302528666,0.339702418403,0.850847466517,0.350871749664
280,0.865546226063,0.324702877371,0.864406787238,0.308915951116
281,0.866806730002,0.303411602716,0.844067805904,0.336777559845
282,0.85966387294,0.31953503258,0.840677975093,0.382467885202
283,0.857142865,0.320295222166,0.874576277652,0.299217613446
284,0.860084041233,0.322726136073,0.823728823308,0.397151811585
285,0.858823537326,0.321782789655,0.844067804389,0.37735586424
286,0.854621856841,0.330802936224,0.874576277652,0.349231477069
287,0.85546219302,0.31739986871,0.850847466517,0.352312101683
288,0.860084041139,0.32170425836,0.83389831448,0.35989510792
289,0.865126057833,0.305134120382,0.844067805399,0.373091719003
290,0.86722689795,0.316495001543,0.861016956426,0.336704573768
291,0.855882360592,0.324158667923,0.864406787743,0.351182365632
292,0.856302528603,0.315979177109,0.86440678648,0.359913115153
293,0.865546225688,0.322857525474,0.854237295813,0.384011524051
294,0.866386561897,0.318699401913,0.847457636211,0.298370132286
295,0.865126057739,0.314009293049,0.823728822298,0.405133079864
296,0.865126057771,0.308691098249,0.844067805904,0.371035531384
297,0.861344545328,0.32406381635,0.83389831448,0.387718697473
298,0.855462192863,0.325782929915,0.88135593877,0.291428818509
299,0.84957984021,0.331506301281,0.861016957437,0.360983486966
300,0.859663873097,0.310375556436,0.837288145292,0.382185939005
301,0.843277319233,0.343829836242,0.850847465254,0.314135051001
302,0.853361352464,0.319953304144,0.840677973578,0.431067220172
303,0.867226897825,0.318890597104,0.830508483669,0.351210038288
304,0.857983200803,0.319343238365,0.864406787238,0.330431053068
305,0.860084041327,0.330536112448,0.844067805399,0.332892844738
306,0.860924377098,0.315370924066,0.854237296319,0.327276009624
307,0.852521016536,0.318248148702,0.861016956426,0.316104336373
308,0.868907570526,0.311059534558,0.864406787743,0.331371192331
309,0.873529419084,0.307055027717,0.813559330368,0.469495454772
310,0.853781520569,0.327966292843,0.867796617039,0.291777288352
311,0.853361352339,0.326554940278,0.827118653867,0.397968764748
312,0.870588242413,0.300429956753,0.888135598878,0.275764726102
313,0.85672269699,0.326069605466,0.891525430194,0.327446501607
314,0.863865553644,0.325694935021,0.864406786985,0.307492411648
315,0.856302528916,0.314066952721,0.844067805904,0.362893622874
316,0.852521016474,0.328009885916,0.837288144281,0.348818833545
317,0.858823536981,0.316338831966,0.881355939275,0.34416593264
318,0.878151267266,0.293259129218,0.891525430194,0.29812891273
319,0.876470595223,0.289461177829,0.840677975598,0.367073117897
320,0.850840344305,0.329515998072,0.867796618049,0.330809468561
321,0.871848746759,0.296800618291,0.871186447346,0.360843737468
322,0.858403368877,0.312102808899,0.84745763419,0.405277217912
323,0.865966394043,0.317639235298,0.857627126625,0.335338251665
324,0.856302528728,0.324219326144,0.864406787743,0.301998424454
325,0.86302521756,0.314518589155,0.840677974588,0.35318231791
326,0.857563032855,0.325476679067,0.830508483669,0.361257384957
327,0.876470595035,0.293255996397,0.837288144786,0.356288007697
328,0.860924376973,0.3235761783,0.854237296319,0.345405297196
329,0.850840344305,0.33204339699,0.888135599383,0.31293657602
330,0.869747906422,0.306489621266,0.847457635201,0.327821553764
331,0.860924377474,0.32017960804,0.881355939275,0.291811546469
332,0.8605042094,0.318785198244,0.864406786733,0.338320058344
333,0.858823537013,0.32079951876,0.857627126625,0.356023851593
334,0.863445385383,0.314171156134,0.877966108969,0.279409391174
335,0.862184881413,0.31402755902,0.854237295308,0.328764032383
336,0.864705889791,0.309907664748,0.854237295813,0.361525811697
337,0.85672269699,0.329166665572,0.830508483669,0.406588984969
338,0.862605049517,0.307915776843,0.82372882154,0.418512892136
339,0.852941184172,0.329041828174,0.840677975093,0.346144325589
340,0.873949587095,0.303463110145,0.850847465507,0.333268791469
341,0.862184881694,0.309102614035,0.840677974083,0.365908376241
342,0.858823537169,0.322168423106,0.861016956931,0.335411863054
343,0.861764713558,0.313568235633,0.874576277652,0.334605853752
344,0.861764713339,0.314803843355,0.864406787743,0.365239346873
345,0.888235300278,0.283186159198,0.847457635201,0.367668159937
346,0.860504209119,0.319505674757,0.861016956931,0.364613958966
347,0.868067234316,0.309833159208,0.840677975093,0.394334990247
348,0.862605049236,0.310946471895,0.833898314985,0.373774298577
349,0.878991603695,0.294436936572,0.874576278157,0.303667234983
350,0.865546226095,0.315631005463,0.901694920356,0.300403271312
351,0.864285721843,0.315314821476,0.847457635201,0.335422565813
352,0.855042024758,0.322013509053,0.891525430194,0.314738762044
353,0.867647066243,0.298155650661,0.877966108969,0.355262004597
354,0.872268914425,0.300611699329,0.888135598878,0.282676518911
355,0.874789923054,0.311404961345,0.847457633938,0.381060945849
356,0.839495806884,0.340847825005,0.854237295308,0.371443607103
357,0.866386561897,0.328203106158,0.83389831448,0.360613852739
358,0.859663873222,0.317641232984,0.850847466012,0.3461062398
359,0.867647066149,0.307398743607,0.867796617039,0.327812926307
360,0.863025217497,0.310461655275,0.888135599383,0.277717361321
361,0.85252101638,0.32380132194,0.857627125615,0.330998496231
362,0.869327738286,0.301442312452,0.854237296319,0.353797887468
363,0.863025217935,0.308696142038,0.898305090807,0.291643682488
364,0.872689083093,0.303796212275,0.844067804894,0.36905799724
365,0.86974790661,0.319117741667,0.840677975598,0.364101171052
366,0.873949586594,0.308432941755,0.840677974335,0.375216990551
367,0.87394958675,0.304861461478,0.877966108969,0.345254409995
368,0.864285721624,0.309336335688,0.823728823056,0.383213314307
369,0.873949586907,0.299785320037,0.894915260501,0.274990235155
370,0.876050426867,0.290895172238,0.85762712612,0.376024292151
371,0.867647066212,0.303187261656,0.881355939275,0.295914874523
372,0.872268914488,0.297389698246,0.854237295813,0.332121288057
373,0.865546225813,0.310263992647,0.881355939275,0.348094026637
374,0.871428578529,0.305560642313,0.888135599888,0.304235395739
375,0.865126058021,0.312806177078,0.847457635706,0.330988608427
376,0.869327738255,0.312760173116,0.850847465507,0.346731237341
377,0.869327738192,0.311800301286,0.898305090302,0.290217648466
378,0.853361352496,0.328806177509,0.854237296824,0.357569384783
379,0.861344545078,0.315183355614,0.877966108969,0.338876125513
380,0.877731099287,0.291083119254,0.85762712713,0.345834278959
381,0.867226898263,0.304619425172,0.874576277147,0.307080117228
382,0.860924377224,0.328345387712,0.810169502335,0.39075707821
383,0.862605049424,0.314570454106,0.850847466012,0.364380493381
384,0.87268908253,0.294607342283,0.854237294551,0.342122395854
385,0.865546226001,0.304297507459,0.861016956426,0.339507376775
386,0.854621856528,0.321460304062,0.823728823056,0.381189536808
387,0.868907570056,0.294983774111,0.877966108464,0.327103609377
388,0.864285721811,0.308981676946,0.864406787238,0.298166601208
389,0.862605049768,0.311999551553,0.837288144281,0.353897535763
390,0.86386555355,0.308649555686,0.877966108969,0.299877522419
391,0.868907570213,0.301470837716,0.830508483163,0.347311162121
392,0.865546225844,0.304695900185,0.847457636211,0.349389775451
393,0.877731099287,0.292194331057,0.881355939275,0.376733779876
394,0.850000008221,0.33427918142,0.806779672029,0.389200608799
395,0.857983201179,0.326764958222,0.847457634696,0.317970669402
396,0.863445385602,0.317206299535,0.864406787743,0.309626951372
397,0.870168073995,0.314376166646,0.864406787238,0.332330782724
398,0.859243705055,0.314578198233,0.894915260501,0.326022193341
399,0.868067234128,0.314759058322,0.827118653362,0.381407557403
400,0.865126057833,0.316909648329,0.830508484174,0.390955848903
401,0.865966394043,0.303173362465,0.874576277652,0.362379550555
402,0.863865553487,0.314652196609,0.854237295813,0.355364402598
403,0.863865553613,0.308906637422,0.888135599383,0.301479169878
404,0.861764713433,0.327785860434,0.877966108969,0.32746830892
405,0.868487402233,0.305165276996,0.901694921114,0.276634905235
406,0.879831939497,0.293537673807,0.888135599383,0.332612324474
407,0.866806730127,0.304584440212,0.877966108464,0.327452381284
408,0.87563025895,0.303325846134,0.894915260501,0.275207833245
409,0.874369754949,0.296694433371,0.820338993254,0.368825342348
410,0.881092443624,0.288825578166,0.864406787743,0.323075233974
411,0.870168074277,0.292076990032,0.867796618049,0.277189791455
412,0.872689082718,0.304342317504,0.861016956679,0.32948406047
413,0.857142864844,0.330316703133,0.833898313975,0.384749047395
414,0.870588242444,0.301308031781,0.881355939275,0.305393098585
415,0.864285721811,0.315052841007,0.861016955921,0.36115405235
416,0.868907570213,0.302907877821,0.867796617544,0.312102178333
417,0.854621856591,0.323282299352,0.864406786733,0.339746644278
418,0.883613451627,0.280806412122,0.864406786733,0.309367102808
419,0.857563032823,0.325571193219,0.877966108969,0.310047369229
420,0.861764713496,0.312771512767,0.850847466012,0.324774070911
421,0.870588242413,0.314850430881,0.867796617544,0.304863785472
422,0.869747906235,0.316282791782,0.85762712713,0.31564503403
423,0.874369754824,0.303798813404,0.867796617544,0.29452934697
424,0.86848740239,0.312683641871,0.884745769582,0.263465178752
425,0.871428578247,0.299519307152,0.847457635201,0.32306636993
426,0.864285721811,0.311881842663,0.854237296319,0.309752803738
427,0.865966393824,0.299503952108,0.864406787238,0.33188555819
428,0.860924377161,0.318934592348,0.823728823561,0.39691118675
429,0.85294118414,0.317858234909,0.871186447346,0.293569770058
430,0.876050426867,0.301138327747,0.833898313975,0.374183106946
431,0.859663873097,0.322717004589,0.840677975598,0.374789607853
432,0.866386561835,0.306830171331,0.861016955669,0.30606505622
433,0.864705889509,0.31353428801,0.884745768571,0.280090294179
434,0.859243705556,0.315011960157,0.867796617039,0.323150333143
435,0.86302521781,0.311530401101,0.830508483163,0.336472111486
436,0.872689082843,0.293827724416,0.850847465507,0.41070743827
437,0.882352947625,0.282483725159,0.881355939275,0.329546599223
438,0.870168074371,0.314272860433,0.874576278157,0.300952090898
439,0.865546225907,0.307125866922,0.844067805399,0.353790435182
440,0.860504209338,0.306670807388,0.85762712612,0.373847371978
441,0.861344545391,0.309379782747,0.854237296319,0.346269599052
442,0.86554622575,0.302264924599,0.881355939275,0.317648170516
443,0.872689082624,0.30303688057,0.830508483669,0.345498130609
444,0.857563032698,0.323143902235,0.850847465002,0.382675337242
445,0.863025217591,0.310656947412,0.874576277652,0.309444231439
446,0.882773115793,0.287660877126,0.85762712713,0.350407169879
447,0.873109250666,0.29511135259,0.867796617039,0.320127981289
448,0.857142864875,0.313385999973,0.820338992244,0.399461551206
449,0.862184881538,0.310086601242,0.847457634696,0.382689758535
450,0.860504209244,0.310276687748,0.847457636211,0.349043219271
451,0.871428578654,0.301574813343,0.844067805399,0.369135407699
452,0.869747906422,0.294574978065,0.850847466517,0.324810400984
453,0.879411771612,0.304468009277,0.861016957437,0.355690105266
454,0.883193283929,0.2955235333,0.888135599888,0.295604853275
455,0.879831939341,0.291596857017,0.888135599888,0.275089730461
456,0.867647066337,0.309017779349,0.847457635706,0.41234424786
457,0.873949586782,0.291962780904,0.837288144281,0.335409180751
458,0.861344545391,0.324797576732,0.864406787238,0.33101104967
459,0.865126057958,0.324776435373,0.891525430194,0.277377110227
460,0.863865553581,0.306258116919,0.850847466012,0.336485253742
461,0.865546225875,0.310690136673,0.840677975093,0.342022635295
462,0.881932779708,0.28661351406,0.854237295308,0.323368647909
463,0.868487402202,0.313140938841,0.871186447851,0.270277800259
464,0.873529418614,0.294974893363,0.88135593877,0.300202082401
465,0.866386561897,0.304030917514,0.871186447346,0.315491257014
466,0.878151267297,0.294230321508,0.867796617039,0.311967582426
467,0.873109250478,0.296511207128,0.87118644684,0.291308695166
468,0.876890763202,0.283351204084,0.81016950082,0.437686633003
469,0.859663873222,0.311335098902,0.850847466517,0.360129450274
470,0.874369754761,0.300595411467,0.88135593877,0.296156142917
471,0.875210091096,0.289118300709,0.816949162443,0.435208159199
472,0.876050427243,0.288931796492,0.840677973578,0.34428859259
473,0.874789922991,0.299187148772,0.850847466012,0.3166022821
474,0.864285721624,0.326505482432,0.864406787743,0.323657374198
475,0.860504208962,0.326915064701,0.874576278157,0.331137606022
476,0.871008410267,0.304594590117,0.820338992244,0.378315254572
477,0.870588242413,0.304337427521,0.874576278662,0.340839381945
478,0.876050426961,0.291428720492,0.861016956931,0.32567026605
479,0.850420176263,0.320113210548,0.877966108464,0.316621183213
480,0.86008404139,0.326402681504,0.901694921114,0.263732755715
481,0.873109250697,0.300092773809,0.874576278157,0.277149514848
482,0.866386562085,0.308580901857,0.867796617544,0.313323479367
483,0.860924377286,0.309224871472,0.85762712713,0.319924663342
484,0.875630259138,0.30678042638,0.85762712612,0.335758886947
485,0.867226897888,0.30059176935,0.867796618049,0.324954251269
486,0.862605049893,0.319168370538,0.861016957437,0.318378267147
487,0.863865553581,0.314175599865,0.888135599888,0.288207292715
488,0.860924377599,0.321398837328,0.840677974588,0.368188687711
489,0.876470595191,0.295311776874,0.877966108969,0.33191038624
490,0.864705889822,0.311305940269,0.874576278157,0.29099435877
491,0.876470595035,0.291255910145,0.888135599383,0.336729202893
492,0.857563033074,0.311828219418,0.837288144786,0.36624658897
493,0.873529418927,0.294982526577,0.867796617544,0.295997385062
494,0.873109250948,0.291336263326,0.827118653867,0.411385724226
495,0.878151267141,0.289611352189,0.840677975093,0.371019028916
496,0.859243705274,0.301736877163,0.891525430194,0.327125432506
497,0.863445385414,0.297502911384,0.837288144281,0.337343144657
498,0.874369754761,0.297553430499,0.85762712713,0.311653819061
499,0.882352947688,0.288679557923,0.847457635706,0.396755919713
500,0.870168074715,0.301713136796,0.861016956426,0.320554682038
501,0.859243705368,0.30586391338,0.888135599383,0.28513050133
502,0.862184881663,0.305701454381,0.891525429689,0.344852499664
503,0.869327738443,0.293755920635,0.820338992749,0.366266152395
504,0.868067234379,0.301448128425,0.844067804894,0.357377493912
505,0.87941177133,0.294813687017,0.837288143776,0.341805282223
506,0.869327738255,0.299497432651,0.877966108969,0.317316717737
507,0.873949586907,0.298030490181,0.874576278157,0.298743248996
508,0.860084041577,0.314819687148,0.837288144786,0.356516102076
509,0.869327738443,0.309481151238,0.844067804642,0.362786703759
510,0.87941177133,0.285906696684,0.877966107958,0.284476412176
511,0.879411771393,0.286678241065,0.884745769076,0.292327722787
512,0.876050426805,0.287792024367,0.877966108464,0.300749849244
513,0.881932779646,0.292658423308,0.850847465507,0.333213769783
514,0.876470594784,0.288644518899,0.854237295813,0.373899497123
515,0.86638656196,0.292578122262,0.861016957437,0.327040532509
516,0.879831939278,0.288371401635,0.884745769582,0.307405941851
517,0.869747906172,0.29724724556,0.847457635706,0.319658345969
518,0.868067234191,0.292005132438,0.901694921114,0.252880440709
519,0.87941177158,0.300479425117,0.861016956931,0.317217461702
520,0.872268914738,0.30344508096,0.816949162443,0.343490685384
521,0.865126057583,0.310930722205,0.857627125362,0.347698652201
522,0.858403369033,0.310600030721,0.874576277652,0.309358744708
523,0.862605049768,0.311528454229,0.854237295813,0.358278092944
524,0.868067233941,0.288680168205,0.874576278157,0.309377346125
525,0.878571435496,0.290791032703,0.871186447851,0.345631381276
526,0.881512611729,0.290985210462,0.867796618049,0.294499395005
527,0.872268914707,0.291533392408,0.867796618049,0.323530705898
528,0.877731099255,0.28572575492,0.833898314985,0.35544096246
529,0.871428578028,0.301451936223,0.854237295813,0.314238366434
530,0.866806730065,0.302767728901,0.871186448356,0.299755013911
531,0.872268914394,0.295634559262,0.857627125615,0.323148620773
532,0.865126057645,0.317400099866,0.877966108969,0.295291911085
533,0.865126057864,0.302210423133,0.891525430194,0.278105062669
534,0.876470595191,0.287741048892,0.844067805399,0.32986125631
535,0.861344545172,0.315537531978,0.844067805147,0.373166712443
536,0.870588242225,0.319375317293,0.874576277147,0.280522266245
537,0.874789923179,0.289848430677,0.867796616534,0.318842396835
538,0.873949586782,0.287986206501,0.864406787743,0.317296427217
539,0.878151267141,0.288223659588,0.871186448356,0.311284565035
540,0.864285721655,0.307472774962,0.84745763419,0.349072360197
541,0.874369754886,0.292227794823,0.867796618049,0.320223478127
542,0.871008410173,0.295019322447,0.861016956931,0.334140811021
543,0.867647066462,0.309713835777,0.861016956426,0.311932459095
544,0.873109250635,0.298837022077,0.884745769076,0.298782208019
545,0.872689082843,0.296158186559,0.850847466012,0.324304699393
546,0.882773115605,0.284055769811,0.823728823561,0.383889363068
547,0.871008410361,0.303784874315,0.861016957437,0.335359042889
548,0.876890763202,0.295049245383,0.884745769076,0.289112490554
549,0.863025217341,0.312498811437,0.88135593877,0.310612720832
550,0.876890763077,0.290842126531,0.83389831448,0.348733673472
551,0.878151267078,0.296385918861,0.874576278662,0.302169664779
552,0.878151267297,0.291345363682,0.85762712612,0.358359072136
553,0.873529418677,0.295474225694,0.847457634443,0.33251167556
554,0.87310925076,0.30504451041,0.915254242339,0.233946943498
555,0.871008410486,0.303800277083,0.840677974083,0.370586348855
556,0.876470595035,0.292961619137,0.840677974588,0.366670347056
557,0.857563033043,0.326660808598,0.854237296824,0.335391121838
558,0.858823537075,0.312459398977,0.847457635706,0.329934387389
559,0.872268914863,0.301008230404,0.847457635201,0.345628106304
560,0.872268914769,0.296403146372,0.830508482658,0.376926196392
561,0.871008410674,0.313183884387,0.85762712612,0.290921973538
562,0.86596639398,0.312817082795,0.850847466012,0.354356326068
563,0.865546225688,0.289208208907,0.833898314985,0.392069516041
564,0.866386562085,0.29757916061,0.830508483669,0.389834585584
565,0.882352947907,0.280060379766,0.844067804894,0.341675239126
566,0.87689076314,0.290188952991,0.857627126625,0.322010793108
567,0.863865553894,0.318672513534,0.850847466517,0.35878219727
568,0.873949586876,0.295102364943,0.864406787238,0.30586504128
569,0.873949586719,0.301243134367,0.894915259743,0.284350283065
570,0.868487402484,0.306145784163,0.864406787238,0.311985858574
571,0.863025217341,0.29677720609,0.850847466012,0.324622758522
572,0.872689082592,0.297877360026,0.871186447346,0.30987230019
573,0.867226898044,0.306576992702,0.847457635706,0.326446401587
574,0.884033619982,0.280784628041,0.850847465002,0.337025843655
575,0.887394964319,0.274176623821,0.857627124605,0.351109912209
576,0.873529418489,0.288339516981,0.877966107958,0.318211289533
577,0.871848746727,0.297890985533,0.874576278157,0.306140549733
578,0.879831939278,0.283452000453,0.88135593877,0.329777927564
579,0.874789923179,0.303152244405,0.884745768571,0.285180947917
580,0.870168074527,0.307857204972,0.908474581727,0.248692089471
581,0.876050426805,0.289655214896,0.864406787238,0.349534344717
582,0.879831939623,0.297425616556,0.877966108969,0.296501496396
583,0.86932773838,0.307579672813,0.867796618049,0.310887272485
584,0.871848746633,0.298610922513,0.850847466012,0.387794077333
585,0.876890763014,0.311893078827,0.844067805904,0.336998287083
586,0.880672275644,0.297772269665,0.88135593877,0.305243741153
587,0.880252107665,0.286048333654,0.850847465507,0.327498230136
588,0.880672275644,0.287670090943,0.85762712713,0.336706674105
589,0.873109250885,0.302684942206,0.88135593877,0.326934330828
590,0.870588242475,0.292030141963,0.867796618049,0.320326003988
591,0.868067234003,0.298989804383,0.874576278662,0.30210649219
592,0.869327738192,0.294974530351,0.833898313975,0.364631624577
593,0.854201688705,0.308990245341,0.864406787238,0.293693088121
594,0.875630259138,0.290542813245,0.861016956426,0.309768706686
595,0.868487402546,0.297657365441,0.871186447851,0.313038930107
596,0.870588242382,0.313217683617,0.857627126625,0.309828272563
597,0.879831939623,0.283661756993,0.861016956426,0.352645480311
598,0.873529418927,0.302779421038,0.867796617544,0.320488202875
599,0.871848746602,0.295943790303,0.837288145292,0.399297750318
600,0.876890763265,0.286274004743,0.871186447851,0.290442953549
601,0.874789922584,0.287313006959,0.867796618049,0.333838561802
602,0.879411771205,0.286456149009,0.861016956931,0.341614548685
603,0.872268914738,0.299017613339,0.816949160927,0.403327142188
604,0.880252107414,0.284582398887,0.861016956426,0.32624085096
605,0.880672275457,0.291807946448,0.837288144534,0.360323349961
606,0.87605042718,0.292367813393,0.888135599888,0.303423110932
607,0.876470595035,0.286951869914,0.854237296319,0.356555401711
608,0.867226898169,0.304636159153,0.874576277652,0.304434604059
609,0.874789922991,0.293008520988,0.864406787743,0.350448526
610,0.87857143534,0.288146327504,0.888135599888,0.291513675824
611,0.876470595285,0.296487272224,0.81694916118,0.392312782611
612,0.873949586844,0.292765033666,0.827118653362,0.38390028262
613,0.857142864593,0.329380671095,0.844067805399,0.364926251283
614,0.88655462836,0.286361697498,0.850847464749,0.331114918878
615,0.85714286522,0.315528053665,0.854237295813,0.32395437284
616,0.884033619857,0.27370760067,0.85762712612,0.328667910233
617,0.857983201116,0.309180909752,0.898305089797,0.247847515332
618,0.873529418708,0.292710378825,0.867796618049,0.33212041697
619,0.869327738505,0.305419052372,0.861016956426,0.297779161988
620,0.885294124296,0.28220709472,0.833898313975,0.437288153948
621,0.876890763515,0.291238693278,0.894915259996,0.275441520895
622,0.878991603319,0.299891971858,0.881355939275,0.383921802802
623,0.880672275363,0.29011002532,0.844067804894,0.347486364355
624,0.878571435308,0.293400874843,0.874576278662,0.280737062316
625,0.875210090971,0.299264771574,0.867796618049,0.323295800489
626,0.882773115793,0.271487147289,0.864406787743,0.3073782345
627,0.887394964382,0.276329357568,0.867796618049,0.343172501141
628,0.871848746414,0.291067477597,0.854237296319,0.297030770362
629,0.871008410361,0.290644650786,0.847457636211,0.361765729042
630,0.873529418614,0.299120344887,0.840677974588,0.351209183744
631,0.883613451814,0.284848081465,0.898305090807,0.271770512811
632,0.868067234191,0.309608683546,0.884745769582,0.300713511152
633,0.879831939591,0.284816277436,0.871186447346,0.325570940151
634,0.873109250447,0.296573894552,0.891525430194,0.315071161742
635,0.849159671635,0.331030696607,0.861016956931,0.352252937601
636,0.884033620044,0.284447655168,0.884745769076,0.278406255642
637,0.882352948001,0.28226988999,0.850847465002,0.330899803915
638,0.871848746508,0.304760465735,0.844067805399,0.318062398488
639,0.873949586876,0.290623999365,0.840677974588,0.333050023165
640,0.869327738255,0.301532872303,0.857627125615,0.302064937745
641,0.87899160335,0.289828376414,0.854237296319,0.331737803201
642,0.860084041327,0.307385192088,0.874576278157,0.288169657338
643,0.879831939403,0.278094478214,0.861016956931,0.32532058631
644,0.883613451877,0.294351220651,0.891525430194,0.297729337777
645,0.867226898169,0.300219230761,0.837288144281,0.348245081255
646,0.878571435371,0.292614444437,0.854237295813,0.29274822579
647,0.881092443624,0.281928696513,0.857627126625,0.320468751366
648,0.868487402358,0.290899806617,0.854237294803,0.320913202966
649,0.88151261151,0.292891543668,0.864406787238,0.324302570231
650,0.873109250885,0.297129536349,0.813559332136,0.379073342529
651,0.858823537326,0.318432594884,0.833898313217,0.360777674843
652,0.871848746571,0.308123230637,0.881355938265,0.307134721112
653,0.883613452002,0.289515832251,0.877966108464,0.275639672748
654,0.8605042089,0.320365304965,0.867796617544,0.342383577252
655,0.876470595316,0.290154535699,0.850847465507,0.30482763093
656,0.883193283522,0.289001767203,0.823728823056,0.41379750037
657,0.861344545328,0.306534920725,0.881355939275,0.310788369974
658,0.873949586656,0.291345351102,0.874576278157,0.31013113074
659,0.878151266953,0.29201395819,0.874576278662,0.344858726708
660,0.871848746539,0.299226673163,0.85762712612,0.311909028692
661,0.863025217685,0.314233971141,0.833898313975,0.336576669587
662,0.887815132362,0.278189854364,0.877966108969,0.31559924412
663,0.875630259044,0.295561173751,0.874576278157,0.32097222877
664,0.87941177158,0.286953519349,0.891525430194,0.29200308309
665,0.881092443342,0.286369835344,0.850847465507,0.341551450823
666,0.884033619982,0.270124180012,0.864406786733,0.361518280991
667,0.877310930806,0.290773637436,0.847457636211,0.344144888917
668,0.880672275582,0.285199624827,0.854237295813,0.336744189294
669,0.877731098973,0.29927499878,0.871186447851,0.366849734464
670,0.865546225938,0.303527336497,0.820338993759,0.38545943342
671,0.877310931056,0.299405208296,0.871186448356,0.309183153529
672,0.875630259013,0.289864949859,0.877966108969,0.304699532277
673,0.868067234379,0.298528720676,0.877966108464,0.28644046661
674,0.870168074496,0.28910306336,0.88135593877,0.280993249141
675,0.870588242069,0.294912716299,0.884745769582,0.282000371018
676,0.875630258888,0.298269401954,0.871186448356,0.34947302827
677,0.863025217591,0.321668224276,0.861016955921,0.30603513109
678,0.867226898075,0.308505653772,0.864406787238,0.357368103686
679,0.888235300404,0.283056641553,0.850847466012,0.349369327301
680,0.869747906422,0.303556017343,0.888135599888,0.316848027978
681,0.8806722753,0.287981863877,0.844067805399,0.359178582175
682,0.871008410549,0.305237851184,0.891525430194,0.304641337718
683,0.878571435246,0.292068509401,0.85762712612,0.322500335368
684,0.874789923054,0.29433632408,0.844067804894,0.346010217285
685,0.883613452002,0.292953287752,0.88135593877,0.323761021466
686,0.872689082718,0.29477271937,0.871186447851,0.307903973859
687,0.874789922991,0.293147797415,0.844067805399,0.349801239826
688,0.871428578435,0.307960213976,0.857627125615,0.357154775379
689,0.868067233941,0.302688652336,0.908474581727,0.278860541692
690,0.870588242413,0.298271544387,0.840677975598,0.343496682028
691,0.871428578497,0.301864038863,0.830508483669,0.357017554848
692,0.877731099224,0.276953854919,0.847457635201,0.3256568569
693,0.880672275644,0.280474576496,0.881355938265,0.264423813229
694,0.882773115855,0.284862554268,0.840677975093,0.368445440211
695,0.872268914613,0.297588103521,0.861016956931,0.319267886991
696,0.871008410205,0.299287083739,0.840677974588,0.37988686167
697,0.876890763014,0.283585625223,0.908474581727,0.251596468801
698,0.876050426742,0.285662803001,0.871186448356,0.344843107449
699,0.879831939466,0.296214776309,0.871186448356,0.323230186825
700,0.873529418552,0.299708769594,0.898305090302,0.240815112273
701,0.87563025917,0.293872853772,0.891525429689,0.268212498813
702,0.871848746571,0.300278841847,0.891525430194,0.311995241254
703,0.884873955972,0.277609116202,0.850847466012,0.33611707825
704,0.871008410486,0.295837704511,0.891525430194,0.290960533197
705,0.876470595223,0.29441984638,0.854237296824,0.333711872888
706,0.873949586907,0.294986032122,0.911864412033,0.259715200449
707,0.87310925076,0.30173531987,0.874576278662,0.276807035272
708,0.875630259138,0.280097155237,0.823728822803,0.354615687061
709,0.881512611729,0.288881114492,0.861016957437,0.344785673986
710,0.878151267391,0.289233218843,0.911864412033,0.239181619485
711,0.884453788024,0.285655363232,0.881355938265,0.287034979942
712,0.888655468415,0.284779920646,0.85762712713,0.355085994164
713,0.885294123983,0.279135415561,0.874576278662,0.325278351715
714,0.862184881663,0.312056129869,0.833898313975,0.382859718686
715,0.869327738255,0.302503326501,0.908474581727,0.217584516159
716,0.863865553456,0.314582001042,0.867796618049,0.328187754346
717,0.866806730127,0.291358149877,0.850847465507,0.348381026569
718,0.879411771267,0.29384713915,0.861016957437,0.356924107014
719,0.882773115417,0.283859437449,0.877966108969,0.298085357173
720,0.871428578372,0.299561807342,0.861016956931,0.330376156053
721,0.873109250697,0.297004732491,0.884745769076,0.306710250392
722,0.889915972447,0.276928353272,0.894915260501,0.260633362804
723,0.871428578654,0.299714032819,0.854237296824,0.367588931979
724,0.886974796434,0.283762600664,0.871186448356,0.290227002322
725,0.880672275394,0.270353994289,0.874576277652,0.322924215157
726,0.876050426867,0.295692058597,0.864406786733,0.344659793427
727,0.873529418865,0.29255427172,0.864406787238,0.346505449548
728,0.884033620044,0.269758678147,0.864406787743,0.328218013269
729,0.870588242569,0.292969175603,0.877966108464,0.341360423177
730,0.876470594659,0.296273764387,0.901694921114,0.286120251547
731,0.874789922991,0.304964795079,0.854237295561,0.345010543084
732,0.870588242319,0.300630926573,0.861016956931,0.305872065568
733,0.870168073995,0.290466065307,0.888135599888,0.312195131681
734,0.870588242569,0.290425868482,0.854237295056,0.374780520797
735,0.87142857856,0.295890528717,0.857627126625,0.321394576075
736,0.881512611729,0.299988728474,0.871186447851,0.337893479993
737,0.87478992321,0.294259931239,0.905084750915,0.264716696531
738,0.871008410486,0.289458388345,0.864406787238,0.328828366631
739,0.859243704992,0.310298144426,0.83389831448,0.361369259087
740,0.868487402108,0.303596512493,0.840677973578,0.313904292408
741,0.877731099506,0.2793905177,0.813559329358,0.395480842061
742,0.87310925076,0.31034540801,0.861016955921,0.348298811527
743,0.859243705243,0.306722145215,0.85762712612,0.338818917619
744,0.86974790636,0.301646358056,0.867796617544,0.314221358148
745,0.873949586876,0.294028871567,0.891525430194,0.281503754873
746,0.877310931307,0.286526780846,0.881355939275,0.283014306893
747,0.866386562054,0.304210979859,0.864406787238,0.307069072563
748,0.88025210754,0.282114795257,0.830508483669,0.395992861019
749,0.868487402421,0.289646886767,0.864406787238,0.292141274375
750,0.874789923116,0.2841490954,0.850847466012,0.345771116062
751,0.880252107352,0.280064092425,0.90508475142,0.27252730039
752,0.874369754886,0.283530409761,0.877966108969,0.279090278671
753,0.867647066149,0.290015486903,0.884745769582,0.28228128793
754,0.875630258669,0.280858944374,0.85762712713,0.334615984647
755,0.878991603225,0.292186846471,0.881355939275,0.30422591257
756,0.871848746696,0.29241619886,0.877966107453,0.296087530268
757,0.87605042718,0.280855689104,0.894915259491,0.281233927267
758,0.875630259013,0.297308373676,0.867796618049,0.321492224142
759,0.868487401983,0.29326782943,0.861016956931,0.330198846726
760,0.868487402546,0.287503807054,0.891525429689,0.311416952792
761,0.884453787961,0.287791985842,0.864406787743,0.3423669957
762,0.885294124171,0.273807505263,0.874576278662,0.324501507994
763,0.869327737973,0.303316842624,0.871186447851,0.299308459259
764,0.884873956066,0.285556748016,0.84745763419,0.341164724396
765,0.868487402358,0.302385072196,0.871186447851,0.305425535635
766,0.88277311573,0.276653723259,0.823728822551,0.370252987686
767,0.881932779834,0.287609257657,0.888135599888,0.297198884694
768,0.891596644679,0.268268146767,0.874576278157,0.299227461756
769,0.883613451314,0.272735511735,0.898305090807,0.306796052825
770,0.882352947563,0.280883805905,0.884745769582,0.297321896053
771,0.878571435308,0.283540288589,0.854237296824,0.303887417508
772,0.885294124046,0.283227171671,0.861016956931,0.327005193585
773,0.886974795995,0.27101946414,0.854237295813,0.321983602877
774,0.874789922929,0.288530208249,0.88135593877,0.296747709546
775,0.88025210754,0.2797143225,0.850847465002,0.340384791653
776,0.886554628298,0.291322727641,0.820338991739,0.421082675678
777,0.87731093115,0.290410576341,0.830508484174,0.390111315396
778,0.875630259013,0.289160792019,0.861016957437,0.34922279468
779,0.860504209369,0.307486618039,0.840677975093,0.333846029431
780,0.873949586907,0.289440238707,0.854237295813,0.319998400317
781,0.882773116043,0.278045815545,0.864406787238,0.318460125224
782,0.885714292088,0.274926208089,0.864406786733,0.317419467873
783,0.879411771518,0.280610285433,0.861016957437,0.363810217829
784,0.88823530031,0.273648475011,0.864406787238,0.402264033713
785,0.876470594941,0.286288744825,0.840677974588,0.339289342795
786,0.876890762983,0.284696627627,0.854237295813,0.346928079976
787,0.871848746508,0.286246678561,0.847457635201,0.370621913949
788,0.866386561615,0.307748317159,0.874576277652,0.303868178436
789,0.875630259044,0.295449717096,0.898305090302,0.25334422385
790,0.884873956035,0.279069033545,0.867796617544,0.309067045638
791,0.87899160357,0.290784465223,0.874576278157,0.322653098726
792,0.867647065992,0.308518103715,0.877966108464,0.283504202299
793,0.877731099349,0.299607438161,0.861016956174,0.307619606413
794,0.87605042718,0.276421836793,0.874576277147,0.316843185763
795,0.881932779802,0.279177936424,0.884745769076,0.2986586331
796,0.871008410299,0.288688583323,0.871186448356,0.316855199382
797,0.872689082467,0.289170165922,0.88135593877,0.3354850598
798,0.878151267517,0.286488891329,0.871186447851,0.29732312824
799,0.869327738318,0.303615032672,0.894915260501,0.267168468654
800,0.873109250635,0.291513923571,0.881355939275,0.292974931235
801,0.871848746633,0.293689601839,0.884745769582,0.317847736653
802,0.88445378793,0.274149239822,0.861016957437,0.341109777185
803,0.878991603257,0.277326230245,0.850847465507,0.349926689261
804,0.871848746383,0.29551512224,0.833898313975,0.392542698373
805,0.878991603194,0.273926243413,0.850847464749,0.39476547305
806,0.881932779708,0.28726658058,0.888135599888,0.288871844252
807,0.873529418896,0.294209862069,0.85762712713,0.342035245213
808,0.881932779802,0.288730731758,0.871186447851,0.313994835305
809,0.876470594847,0.27815759425,0.867796618049,0.343213277948
810,0.870588242663,0.296698362418,0.901694920609,0.263754578497
811,0.866806729939,0.297425793844,0.874576278157,0.310965803625
812,0.882773116043,0.289798252891,0.88135593877,0.299877020957
813,0.875210091002,0.284931735046,0.888135598878,0.316648606211
814,0.860504208994,0.313648758992,0.854237296319,0.313945655664
815,0.875210090939,0.289596102823,0.877966108969,0.334410666062
816,0.876050427306,0.291620932058,0.874576278157,0.324331729499
817,0.863865553519,0.300317126495,0.884745769076,0.33013491844
818,0.875630259076,0.297450371255,0.877966108464,0.33252068871
819,0.872268914488,0.288889970126,0.877966108969,0.311379051404
820,0.86344538579,0.291366913779,0.871186447851,0.310810235913
821,0.884453788149,0.275537899312,0.83389831448,0.360959026173
822,0.891176476574,0.272894792243,0.85762712713,0.330396712647
823,0.864705889854,0.304299125518,0.857627125615,0.326762470685
824,0.874789922803,0.293079288833,0.888135599383,0.285396503411
825,0.883613451752,0.279117115617,0.850847465507,0.349663184072
826,0.873949586969,0.297722824826,0.884745769076,0.288564713198
827,0.879831939497,0.29571084963,0.884745769582,0.271858323302
828,0.873529418552,0.284877843951,0.871186447851,0.316813894248
829,0.873949586782,0.299088391796,0.871186448356,0.310119902873
830,0.881092443467,0.277877518946,0.861016956931,0.35653938271
831,0.89663866131,0.269359836316,0.871186447851,0.366230342663
832,0.884033619794,0.269315068332,0.844067804894,0.418816746639
833,0.872268914801,0.301371610575,0.864406787238,0.325453445189
834,0.88487395591,0.272751781604,0.877966108464,0.26468849441
835,0.886134460005,0.280804219397,0.874576278662,0.343607929709
836,0.885714292151,0.289823763315,0.854237295561,0.33287122612
837,0.868067233941,0.29456138182,0.861016957437,0.305940519955
838,0.87983193931,0.285589954792,0.874576278157,0.28824818731
839,0.872268914613,0.29755915051,0.847457635201,0.36542101438
840,0.890756308845,0.269422829351,0.88135593877,0.313162640369
841,0.879831939372,0.298585491372,0.83389831448,0.375909836837
842,0.865126057833,0.306665885004,0.881355939275,0.291686033925
843,0.889495804593,0.274329580179,0.850847466517,0.340929414761
844,0.882352947813,0.278541849355,0.884745769582,0.321956721908
845,0.873529418927,0.297074755599,0.871186448356,0.322301659228
846,0.880672275457,0.286572286116,0.877966108464,0.301787512219
847,0.878571435465,0.290236623895,0.898305090807,0.273899609002
848,0.87184874632,0.286221154073,0.871186448356,0.293465356832
849,0.875210091159,0.283662417774,0.844067805399,0.34719685323
850,0.86344538579,0.301431868026,0.871186448356,0.27007177188
851,0.87605042718,0.28128474511,0.884745768066,0.297169052128
852,0.871848746445,0.297051870108,0.864406786733,0.323253494324
853,0.882352947876,0.28564664842,0.881355939275,0.305637473146
854,0.879831939497,0.279649924366,0.857627125615,0.312073934381
855,0.873529418802,0.295041644382,0.884745768571,0.309720878568
856,0.882352947719,0.283275412317,0.877966108464,0.297415090946
857,0.87521009072,0.28843246956,0.867796617039,0.318218150634
858,0.894957989016,0.257814795479,0.911864412033,0.259286446371
859,0.876050426993,0.294439862232,0.840677974588,0.327723695186
860,0.883193284085,0.280453068971,0.888135599383,0.272981170123
861,0.884033619606,0.279011905252,0.871186447851,0.300323786372
862,0.881932779896,0.277995984641,0.874576278157,0.284614982683
863,0.882352947751,0.280012088851,0.901694921114,0.272025934878
864,0.873949587032,0.2938500701,0.871186447851,0.27963391461
865,0.872268914613,0.292745960285,0.874576278157,0.281277520014
866,0.884033619763,0.276139421424,0.881355939275,0.27806296067
867,0.877731099318,0.282708709727,0.857627126625,0.303633224724
868,0.87899160335,0.286198200044,0.87118644684,0.320626675988
869,0.861764713433,0.307605519762,0.867796617544,0.299095877525
870,0.874789922991,0.303101207564,0.85762712713,0.354075561009
871,0.871428578591,0.28875417357,0.844067804389,0.333453657327
872,0.87941177158,0.277353046258,0.874576277652,0.309577894444
873,0.877310931119,0.276010128427,0.867796617544,0.33353490455
874,0.868067234097,0.302864986953,0.833898313975,0.371301407721
875,0.881512611666,0.277306180432,0.877966108464,0.301218383614
876,0.879411771643,0.293151733955,0.861016956426,0.34782864005
877,0.88655462836,0.27885957261,0.871186448356,0.316658079151
878,0.884453788274,0.283702397398,0.840677974588,0.327628638185
879,0.879831939059,0.291669396926,0.877966108464,0.336575507644
880,0.882773115918,0.283614986185,0.874576278157,0.306685203181
881,0.879831939435,0.292285285871,0.867796617544,0.339380201173
882,0.886554628172,0.282121082212,0.861016956426,0.356453653362
883,0.887815132424,0.266443082034,0.884745769076,0.334226235021
884,0.886974796402,0.271229912323,0.871186447346,0.325277434441
885,0.881932779458,0.276069302519,0.847457636211,0.379377187403
886,0.877731099161,0.29182136195,0.867796617544,0.300834114395
887,0.87647059516,0.280155058078,0.867796617544,0.349024772518
888,0.878991603413,0.292754682454,0.847457635201,0.378686015384
889,0.885714292213,0.280542105155,0.840677975598,0.36013572701
890,0.879411771361,0.283251722042,0.833898314985,0.381896590056
891,0.86134454514,0.305354986254,0.884745769582,0.288696590337
892,0.871008410392,0.308370848155,0.871186448356,0.324737851903
893,0.887394964382,0.266597941342,0.888135599383,0.302811347074
894,0.88025210754,0.285288167163,0.874576278662,0.286207274739
895,0.878571435433,0.291846046991,0.854237296319,0.364103450519
896,0.873949586938,0.283193959432,0.840677974335,0.331859698835
897,0.881512611635,0.275875736732,0.874576278662,0.330402767633
898,0.874789922772,0.292397476913,0.874576277652,0.292698514285
899,0.873529418708,0.297982597027,0.881355939275,0.310628403262
900,0.89957983773,0.26368086184,0.854237296824,0.343078464396
901,0.87689076314,0.290241616465,0.911864412033,0.279143796665
902,0.874789922803,0.292762686757,0.901694920609,0.263324929875
903,0.888655468383,0.270595256658,0.850847464497,0.353820736694
904,0.876050426805,0.282348402635,0.847457635201,0.330266199848
905,0.8840336197,0.280425270096,0.884745769582,0.324736682761
906,0.887815132487,0.278101511765,0.888135599888,0.307591106237
907,0.860924377537,0.311154645328,0.844067805399,0.3791135601
908,0.874369754949,0.298266465079,0.864406787743,0.328414431852
909,0.879411771393,0.290264907896,0.884745769582,0.257558913049
910,0.864285721686,0.304571930069,0.837288144786,0.383432057386
911,0.874789922866,0.283594742492,0.871186447851,0.323565482746
912,0.877310931119,0.291214646748,0.871186447851,0.304683960943
913,0.879831939748,0.289312906344,0.884745769076,0.285392684736
914,0.87899160357,0.286002274947,0.864406786733,0.310010639414
915,0.881512611729,0.282734842854,0.847457634696,0.345879406495
916,0.877731099224,0.284652404925,0.867796617544,0.300125271587
917,0.86680673019,0.305671521603,0.861016956931,0.303552784689
918,0.886134460161,0.275842225163,0.874576278157,0.354216374709
919,0.882773115761,0.282845459663,0.901694921114,0.269318968184
920,0.884873956004,0.271476148162,0.894915260501,0.253207672166
921,0.883613451846,0.285647956263,0.874576277652,0.300666001767
922,0.884453787899,0.276226023059,0.871186448356,0.287124642692
923,0.884873956066,0.268259827756,0.844067805399,0.356739132239
924,0.885294123795,0.275889271995,0.854237296319,0.322719177136
925,0.886974796215,0.273340816664,0.881355939275,0.328952643641
926,0.863445385289,0.316757787833,0.88135593877,0.27305753608
927,0.881932779708,0.281148367694,0.850847465002,0.322662651855
928,0.878151267141,0.284376621199,0.861016957437,0.320115615914
929,0.881512611854,0.280454505951,0.854237295813,0.324046915681
930,0.871848746445,0.288822918586,0.877966107958,0.313307313533
931,0.88991597251,0.265967424529,0.864406787238,0.305852350069
932,0.869747906422,0.297997128093,0.922033902952,0.266196010161
933,0.868907570401,0.302382043179,0.847457635706,0.351326022423
934,0.884033619857,0.293848469955,0.837288143776,0.378170363226
935,0.872268914613,0.295803744455,0.908474581727,0.292570939067
936,0.878991603288,0.279836212782,0.874576278662,0.333754499143
937,0.883613452065,0.292112073485,0.854237296824,0.323454994266
938,0.882352947751,0.282227514406,0.871186448356,0.346093583126
939,0.875210091221,0.2871454757,0.844067805399,0.321956385716
940,0.877310931244,0.276474038241,0.884745769076,0.290373417186
941,0.874789923054,0.294557760192,0.854237295813,0.340073225988
942,0.877310931213,0.28660262146,0.830508484174,0.383249977067
943,0.881512611635,0.286046349737,0.847457635201,0.340965883775
944,0.867647066212,0.304533936803,0.884745769076,0.289226498423
945,0.873529418833,0.285651875793,0.847457634696,0.370736346122
946,0.873949586562,0.292795101298,0.861016956931,0.314405561883
947,0.873949587032,0.295929340012,0.861016957437,0.333588598706
948,0.883193283772,0.276508529815,0.861016956426,0.320494187143
949,0.876050427431,0.284628784644,0.891525429184,0.324985651047
950,0.891596644866,0.266437113082,0.884745769582,0.273631317604
951,0.878991603163,0.293534074057,0.888135598878,0.299083767806
952,0.881932779708,0.282211087589,0.854237295813,0.323668460062
953,0.884453787961,0.278878627341,0.871186447346,0.331998223313
954,0.884033619731,0.284268022546,0.850847466517,0.361869449333
955,0.877310931307,0.284940251083,0.884745768571,0.282971131726
956,0.890336140552,0.277074151438,0.850847466012,0.316780298001
957,0.872689082467,0.301269796982,0.891525430194,0.260152021676
958,0.875630259013,0.287440267971,0.877966107958,0.311033232232
959,0.892436980763,0.266907371929,0.861016956931,0.323648907497
960,0.889915972635,0.271525722682,0.854237295308,0.341583825143
961,0.87310925076,0.302001654413,0.891525429689,0.321120965721
962,0.884453788024,0.289044228727,0.864406786228,0.319050803844
963,0.876890763202,0.29115593557,0.861016956931,0.299537459041
964,0.877310931244,0.283073811901,0.884745769582,0.27194570428
965,0.885714291963,0.272070214974,0.884745769076,0.317174625757
966,0.886134460318,0.279699370707,0.88135593877,0.312766611071
967,0.884453787836,0.28199045915,0.830508483669,0.335339345322
968,0.891176476574,0.270249998134,0.837288144281,0.352102123106
969,0.879411771643,0.283322115996,0.850847465002,0.308689459748
970,0.88613446013,0.269942416359,0.867796617039,0.325777906893
971,0.868067234191,0.309958602153,0.901694921114,0.270612549763
972,0.876050427306,0.30660096833,0.850847466012,0.295386309625
973,0.869747906297,0.294063089447,0.877966108969,0.279252448324
974,0.870168074277,0.294826419226,0.871186448356,0.316941516916
975,0.884033619919,0.281111295104,0.894915260501,0.251161660115
976,0.879831939184,0.28984816761,0.861016956426,0.369108415856
977,0.883193283835,0.28011885787,0.874576278157,0.309253731048
978,0.885714292025,0.277686657842,0.871186448356,0.343289357089
979,0.885294124014,0.279269941597,0.844067804389,0.350650876255
980,0.878571435089,0.285911382184,0.888135599888,0.298207901671
981,0.889075636425,0.263885600539,0.850847466012,0.385306661096
982,0.875630259138,0.28499843177,0.84067797484,0.329658641275
983,0.885294124046,0.2816178656,0.908474581221,0.250626581989
984,0.881092443624,0.271047810938,0.833898314985,0.351595591912
985,0.886554628172,0.270627304395,0.864406787238,0.337840539735
986,0.881512611854,0.285948181439,0.847457635201,0.368052898764
987,0.873109250353,0.308302831085,0.854237296319,0.302813886681
988,0.876890762952,0.291691152383,0.864406787238,0.334599092603
989,0.874789922803,0.288400144465,0.874576278662,0.29797603231
990,0.877310931182,0.287344202978,0.874576278662,0.280869478076
991,0.884453788024,0.272451104017,0.861016957437,0.350942989559
992,0.866386562148,0.301011401863,0.871186447851,0.315358239905
993,0.876470595191,0.297130871834,0.908474581221,0.21851853357
994,0.880252107508,0.276116412442,0.85762712612,0.338860312414
995,0.862605049392,0.296209309023,0.840677973578,0.392548475351
996,0.870168074089,0.290902003795,0.816949161433,0.389670508487
997,0.876470595097,0.299631174599,0.844067805904,0.354635902317
998,0.876470595129,0.285471666667,0.874576278157,0.318976590631
999,0.870588242382,0.301578615956,0.857627125615,0.344032248798
