epoch,acc,loss,val_acc,val_loss
0,0.73697480143,0.70787220705,0.759322046223,1.00074796985
1,0.766386566042,0.614405514845,0.76271187653,0.563936315603
2,0.775210095241,0.584481693335,0.755932215917,0.790509097657
3,0.783613456241,0.558570552743,0.837288144281,0.543053398446
4,0.784873960211,0.549393911165,0.755932214402,0.652721572225
5,0.791596648792,0.530963065494,0.793220349793,0.546341426039
6,0.783613455959,0.542898993877,0.708474590617,0.648745144828
7,0.805882363009,0.518877139237,0.76271187754,0.574119265302
8,0.780252110526,0.537965940609,0.813559331631,0.512422893007
9,0.79243698544,0.502441620188,0.793220348782,0.508539727684
10,0.802100850504,0.502764306023,0.755932214402,0.540080730693
11,0.803361354756,0.476722685166,0.783050858116,0.559304592468
12,0.797479001852,0.477315245165,0.766101706836,0.597417951135
13,0.815966396209,0.475392239403,0.803389841217,0.487215236082
14,0.810084042711,0.454754922038,0.772881366691,0.547596400825
15,0.797058833528,0.462123778719,0.80000000788,0.476127776554
16,0.79957984175,0.450024652381,0.776271197503,0.483183703559
17,0.801260514013,0.45081222552,0.783050857358,0.517258411494
18,0.789915976905,0.462495779603,0.813559331126,0.437261579779
19,0.797479001758,0.458885968076,0.813559332642,0.478464938069
20,0.800000009542,0.445618134493,0.877966107958,0.388027093799
21,0.814285723352,0.440430287397,0.796610179594,0.469656829107
22,0.813025220196,0.436806940028,0.800000011416,0.469253060803
23,0.807142866948,0.431307256222,0.823728823561,0.438943391508
24,0.812184883485,0.416455856047,0.803389841217,0.421267895375
25,0.798319338093,0.435881357077,0.816949161938,0.521216176071
26,0.822689084383,0.428273253237,0.810169499809,0.519756981124
27,0.800000009667,0.458833405091,0.816949161433,0.434716976548
28,0.80966387567,0.428246633251,0.833898313722,0.384552830609
29,0.813445387799,0.427194444666,0.813559330621,0.47351445586
30,0.797899170051,0.449286550377,0.800000010406,0.48335503711
31,0.801680682587,0.429404501388,0.793220349288,0.438891101439
32,0.813445387706,0.425901020509,0.779661028062,0.476261449567
33,0.810924378639,0.441074998095,0.796610179594,0.430130918905
34,0.821848748643,0.417032181184,0.813559332136,0.424945776493
35,0.805882362445,0.419466264969,0.820338992244,0.40401395827
36,0.809663874982,0.430056620671,0.810169499809,0.464818305131
37,0.813445387455,0.415587678865,0.789830519991,0.47388049253
38,0.823949588917,0.415821728931,0.830508482658,0.392455964523
39,0.817647068284,0.426332546962,0.847457635201,0.424239667543
40,0.818067236201,0.403213226291,0.779661027809,0.536448013101
41,0.822268916497,0.422508933323,0.850847465002,0.400732499058
42,0.814285724103,0.413402789061,0.830508482658,0.393598987011
43,0.82689076493,0.388880449574,0.806779671018,0.476520577225
44,0.802941186213,0.426987430597,0.816949161938,0.404108505759
45,0.815126059467,0.414037124997,0.813559331631,0.480653070419
46,0.821428580319,0.411628292138,0.783050858368,0.427365005648
47,0.826470596888,0.398631253929,0.827118653362,0.411621895382
48,0.812605051559,0.409986125493,0.844067805399,0.389182440558
49,0.815546227916,0.423569273329,0.806779668998,0.409033838849
50,0.814705891957,0.39686417096,0.837288144281,0.383651747163
51,0.818487404306,0.394312637381,0.816949161433,0.440381117291
52,0.847058831894,0.388347385889,0.830508483163,0.380500165209
53,0.831932781655,0.39013470725,0.82711865311,0.395996460723
54,0.815126060156,0.411777891438,0.840677974588,0.380587770651
55,0.820588244172,0.395202690172,0.800000010406,0.429140330497
56,0.82310925349,0.391834801016,0.793220349288,0.418583703243
57,0.827731101202,0.395120301198,0.840677974083,0.398683749013
58,0.824789925345,0.382249900242,0.786440688675,0.453122849687
59,0.814705891613,0.404276131238,0.847457635706,0.40720151971
60,0.818907572442,0.404347336295,0.844067803884,0.406287389792
61,0.842857151191,0.368116409228,0.827118652857,0.427413550853
62,0.840756311074,0.369548371594,0.837288145292,0.385710470126
63,0.835294126212,0.373317787173,0.806779671524,0.517222889273
64,0.830672277936,0.380961075848,0.783050858368,0.491726360205
65,0.842436982961,0.365838399908,0.803389841217,0.432968508515
66,0.82857143713,0.39594459997,0.833898311702,0.407341659195
67,0.826470597326,0.3883099998,0.827118653362,0.400047474999
68,0.835294126243,0.372067083566,0.833898312965,0.457035774775
69,0.831092446322,0.389194167399,0.80000000889,0.420973652185
70,0.815126059843,0.401117000416,0.833898313975,0.416526023235
71,0.836554630401,0.374206198739,0.850847464244,0.427257189938
72,0.824369757021,0.386895030033,0.830508484174,0.439776070163
73,0.822268916842,0.399564443782,0.830508483416,0.429706239473
74,0.832773118053,0.377776042863,0.800000010406,0.433908757391
75,0.835714294254,0.375905063974,0.840677975093,0.386768990401
76,0.826890765368,0.394323025368,0.816949162443,0.407896025959
77,0.8252100932,0.382864996838,0.844067804389,0.361643891466
78,0.838655470706,0.356317401433,0.820338992244,0.388374556172
79,0.82815126937,0.376170742756,0.83389831347,0.396509698387
80,0.823949588666,0.38279146374,0.813559330368,0.375303402669
81,0.826050429347,0.382481690872,0.796610180099,0.405975596379
82,0.835294126556,0.379878988145,0.813559331884,0.418160429572
83,0.827731101578,0.388567154178,0.816949162443,0.35010008375
84,0.839075639093,0.370409741497,0.789830520497,0.432480478691
85,0.82478992497,0.378189239228,0.830508484174,0.327902520233
86,0.826890765118,0.37256948581,0.830508484679,0.394015171897
87,0.846218495747,0.360191070263,0.816949161938,0.408991376033
88,0.830672277717,0.361034068756,0.816949163453,0.394939021665
89,0.837815134684,0.366173814106,0.823728823561,0.394123901376
90,0.82815126962,0.370589150805,0.806779670766,0.456478814831
91,0.845798327392,0.350619747327,0.850847465507,0.364960985858
92,0.834453790284,0.36898849543,0.820338993254,0.468654146513
93,0.841176478771,0.363389813975,0.847457635706,0.35949363812
94,0.826470597577,0.367466457094,0.810169501072,0.386835850144
95,0.834033622148,0.365097247064,0.867796617544,0.373544114184
96,0.83655463062,0.369011276832,0.830508484174,0.397465994803
97,0.842016815012,0.364036015431,0.813559330621,0.399520119684
98,0.842857151222,0.368559691491,0.840677974083,0.446896102848
99,0.833193286126,0.374604090172,0.840677974083,0.372711254126
100,0.825630261211,0.382307903732,0.827118653362,0.388415216326
101,0.845798327141,0.354316164544,0.847457636211,0.389345000608
102,0.831092445947,0.374049827848,0.837288144786,0.401079407688
103,0.847058831831,0.347895198118,0.803389840712,0.417675407414
104,0.82142858082,0.391804939465,0.840677975093,0.405483146593
105,0.843697487056,0.355739409746,0.854237296319,0.348752884731
106,0.835294126588,0.364841692635,0.823728823056,0.445903906062
107,0.852100848776,0.347547215801,0.823728823561,0.40061867496
108,0.837815134841,0.364357833445,0.8000000099,0.418260857715
109,0.847479000062,0.353915086,0.864406787238,0.326925361371
110,0.845378159475,0.352804143248,0.877966107958,0.356050171337
111,0.842857151284,0.358785182519,0.820338992749,0.442374971395
112,0.844957991339,0.361250172267,0.837288144281,0.364732429069
113,0.847058831393,0.341738055773,0.827118653362,0.377899991317
114,0.85084034443,0.333241514478,0.7830508566,0.418150537347
115,0.848319335582,0.351858670127,0.861016956426,0.327431038464
116,0.841176479116,0.353268432063,0.830508483669,0.37922843331
117,0.858403368908,0.353366096888,0.820338992244,0.404867551211
118,0.846638663727,0.346206891499,0.820338993254,0.43330097028
119,0.8369747986,0.369614922794,0.78644068918,0.419371752416
120,0.837815134496,0.357829507143,0.82711865311,0.370061542334
121,0.841176479022,0.363383608393,0.827118653867,0.407895667321
122,0.831932781405,0.374150085318,0.847457635453,0.366525757426
123,0.85630252901,0.340147571122,0.840677974083,0.416328109043
124,0.852521016505,0.342097027039,0.816949162948,0.385177260865
125,0.84621849534,0.3506190985,0.857627126625,0.365972493538
126,0.847478999999,0.346499193288,0.816949162443,0.384815574197
127,0.844117655474,0.362710993048,0.847457634948,0.35121508492
128,0.852100848119,0.349342647533,0.806779671524,0.424553475832
129,0.842016815263,0.351554377881,0.823728823561,0.367344305298
130,0.852941184297,0.345383564135,0.844067804389,0.322728684709
131,0.84873950375,0.349187329349,0.864406786733,0.306465721295
132,0.843277319702,0.350308607528,0.810169502335,0.405855370717
133,0.835294126275,0.352452980253,0.850847466012,0.403164244936
134,0.852521016161,0.341400629551,0.840677975598,0.325814910486
135,0.847899168104,0.346524811984,0.844067804894,0.347343678697
136,0.846638663476,0.340394216308,0.803389840459,0.399961863092
137,0.840336143188,0.356029712806,0.840677974083,0.358986444329
138,0.836554630652,0.377307353275,0.820338992749,0.432012027982
139,0.831932781687,0.364009864394,0.861016957437,0.322957581256
140,0.852100848526,0.32859786412,0.83389831448,0.387335902175
141,0.831092445728,0.36269430813,0.850847466012,0.332628481469
142,0.843697487244,0.341533230023,0.837288144281,0.390197789139
143,0.842436982961,0.353934665438,0.847457634696,0.340211895247
144,0.844957991746,0.356481975962,0.877966108464,0.337954429878
145,0.844537823328,0.348105223302,0.776271197755,0.451056589515
146,0.843697487087,0.348756220066,0.823728823561,0.414084688524
147,0.848739504125,0.345698812648,0.772881366944,0.458078374613
148,0.844117655129,0.359128467535,0.850847466517,0.392836289512
149,0.850840344211,0.339947151685,0.796610180099,0.421232589536
150,0.844117655849,0.346553963124,0.837288144786,0.351300886627
151,0.858403369221,0.327037600417,0.827118654372,0.387721178201
152,0.844957991245,0.349573431834,0.850847466517,0.360837293694
153,0.860504209432,0.325347497699,0.850847466012,0.369234949098
154,0.857142864781,0.329362970659,0.88135593877,0.350907951467
155,0.841596646907,0.348281403487,0.874576278157,0.354070995003
156,0.847899167415,0.344413754037,0.840677975093,0.361719799938
157,0.844957991558,0.349630574751,0.830508484174,0.400061087462
158,0.855882360717,0.342160784522,0.881355939275,0.320028214889
159,0.851260512222,0.340971334767,0.823728822045,0.441111780956
160,0.837815135091,0.356308316828,0.861016957437,0.360560435233
161,0.845798327361,0.338184850369,0.861016957437,0.348879369702
162,0.849159671542,0.337952346111,0.820338992244,0.358735282416
163,0.847058831612,0.344487353643,0.800000011416,0.414056109675
164,0.839915974864,0.359417998443,0.827118653362,0.422896838794
165,0.845798327298,0.351432122885,0.830508482153,0.36513560802
166,0.854621856685,0.338507590416,0.837288144534,0.332518807786
167,0.847899168198,0.349943470413,0.820338992749,0.393807881212
168,0.84411765538,0.342233115557,0.833898313975,0.412405344768
169,0.845378159506,0.341065057749,0.877966108969,0.311522597037
170,0.852941184485,0.332156435242,0.806779670261,0.443268588223
171,0.855462192738,0.338014628237,0.813559332642,0.363588432702
172,0.8521008484,0.335729928805,0.78644068918,0.440857713632
173,0.846218495653,0.349310827833,0.840677975598,0.364072149904
174,0.849159672168,0.335710753319,0.837288144281,0.428401198301
175,0.836134462422,0.357977965956,0.796610181109,0.40781972128
176,0.848319335958,0.34179335795,0.820338991234,0.36019010021
177,0.850840344086,0.342184330986,0.850847466012,0.365524752981
178,0.844957991401,0.343244615113,0.827118653867,0.356861290664
179,0.851260512504,0.328748111684,0.823728823056,0.382520128105
180,0.859663873128,0.327546602287,0.85762712612,0.316169553515
181,0.852521016317,0.344768301052,0.844067805904,0.391835510226
182,0.853361352214,0.340604077477,0.861016956426,0.369466176667
183,0.843697487244,0.34377767623,0.830508483669,0.386304727487
184,0.847058831518,0.339163031492,0.864406787743,0.341380916157
185,0.857983201085,0.330809158938,0.854237295813,0.365152465401
186,0.851260512191,0.338901881911,0.837288145292,0.346779569036
187,0.849579839709,0.345115962783,0.850847466012,0.36902456598
188,0.847899167885,0.335177172038,0.850847465507,0.36599864716
189,0.849159671667,0.337328888085,0.847457635706,0.37548187413
190,0.865966393918,0.327547520814,0.844067805904,0.371186460321
191,0.857983200427,0.32873097552,0.844067805904,0.370176596535
192,0.857983200897,0.330912553971,0.884745769076,0.311684493481
193,0.851260512097,0.32849181589,0.850847465002,0.365432389144
194,0.841176479178,0.341402470064,0.820338991739,0.387149198896
195,0.860924377411,0.326613901426,0.844067803884,0.366308706481
196,0.866386562179,0.329227912717,0.861016956931,0.341841119578
197,0.863445385602,0.322635954739,0.874576278662,0.360264951079
198,0.865546225844,0.32790835867,0.864406787238,0.348757482181
199,0.859243705086,0.33118378767,0.877966107958,0.323233776931
200,0.869327738568,0.320554095391,0.881355938265,0.291949890301
201,0.850840344305,0.335711809501,0.789830519486,0.389852930807
202,0.853781520538,0.352842789738,0.861016957437,0.332266075063
203,0.844957991308,0.350510394702,0.83389831448,0.358909544993
204,0.851680680233,0.330167602748,0.823728823561,0.396998506292
205,0.85630252901,0.331748737633,0.891525430194,0.289389806468
206,0.855042024414,0.334297662131,0.820338992244,0.388415236973
207,0.854621856372,0.334945562546,0.864406786733,0.318930795511
208,0.852941184234,0.327226392745,0.867796617544,0.316568105497
209,0.857563033074,0.32876038837,0.793220349793,0.419868999555
210,0.855042024602,0.325292846697,0.837288144281,0.326807378144
211,0.867226898138,0.328680397301,0.810169501325,0.402695707787
212,0.86470588976,0.322653415691,0.827118653362,0.406359879016
213,0.857142864781,0.323474364167,0.827118653362,0.373772084713
214,0.850840343961,0.335844992198,0.871186447851,0.3014770255
215,0.867647066149,0.317434996484,0.857627126372,0.376128535086
216,0.847899167978,0.33640677406,0.830508484174,0.389670755398
217,0.857142864875,0.331175952203,0.837288143271,0.381413399857
218,0.849579839427,0.346217573738,0.816949162948,0.398673134146
219,0.849159671792,0.343108643605,0.85762712713,0.326348095154
220,0.85042017595,0.334667133426,0.857627126625,0.336549526365
221,0.860924377161,0.32809331135,0.833898313975,0.395718255254
222,0.852521016411,0.331986673912,0.861016956931,0.340841925308
223,0.852941184485,0.34315794938,0.837288144786,0.391441157498
224,0.857142865157,0.336062207763,0.830508484174,0.367899950089
225,0.845798327517,0.331399840123,0.867796617039,0.373901942524
226,0.844117655223,0.346933356111,0.844067805399,0.364355549595
227,0.852100848275,0.341083906286,0.820338992749,0.389537296937
228,0.863445385727,0.317673494249,0.847457635201,0.377022827897
229,0.852521016161,0.333951856761,0.830508484174,0.411914473494
230,0.847899167728,0.335882713079,0.813559331631,0.389661213352
231,0.85000000797,0.338673577167,0.820338993759,0.376844184442
232,0.860084041077,0.334501654332,0.796610181615,0.402381055436
233,0.860504209338,0.331145929564,0.861016956426,0.365712997646
234,0.849159672293,0.337719894961,0.83389831347,0.395629792648
235,0.865546225625,0.317761820999,0.877966108969,0.317452435461
236,0.847478999561,0.336227903268,0.867796618049,0.325119148624
237,0.862184881381,0.318014096359,0.837288144281,0.429943887201
238,0.858403368939,0.319678336781,0.830508483163,0.355923295526
239,0.854621856779,0.325649057327,0.83389831448,0.366411649006
240,0.853781520538,0.327668062763,0.867796616534,0.337138183162
241,0.860924377255,0.318110015995,0.864406787743,0.366153297914
242,0.856722696864,0.326165563145,0.850847466517,0.328005312926
243,0.86176471359,0.325104828415,0.864406787238,0.322726214715
244,0.865126057958,0.321341941063,0.861016956931,0.332038853633
245,0.854201688549,0.329920552006,0.854237296824,0.323986928405
246,0.86260504958,0.321076558887,0.850847466517,0.358030784181
247,0.857563032917,0.3207329182,0.85762712713,0.365962002932
248,0.85924370518,0.324198388064,0.850847465507,0.325847835548
249,0.870168074371,0.315810250455,0.816949161433,0.426358367237
250,0.860504209181,0.333831049291,0.874576278662,0.342276647056
251,0.865126057708,0.316183557742,0.884745769582,0.316054763493
252,0.855042024539,0.334973761021,0.793220349288,0.410546022957
253,0.866806729626,0.30911408861,0.861016956931,0.323773525971
254,0.85588236078,0.329084550688,0.827118652857,0.359525171819
255,0.873529418802,0.30353451222,0.867796617544,0.304917934903
256,0.86008404092,0.310868258455,0.813559332136,0.420947009224
257,0.863865553675,0.314849656208,0.837288143776,0.362769361585
258,0.862184881194,0.319886411838,0.844067805399,0.359351512834
259,0.863445385414,0.32027512165,0.867796618049,0.332853884768
260,0.865546225875,0.315006641233,0.850847466012,0.383110464629
261,0.856302528916,0.315222336097,0.898305090807,0.28049113955
262,0.856302528853,0.32019834805,0.898305090807,0.273530039494
263,0.850840344524,0.339767983324,0.861016956931,0.344712949595
264,0.860924377286,0.326305590664,0.867796618049,0.314021796967
265,0.854621856716,0.326865123593,0.884745769076,0.319635722281
266,0.849159672355,0.33703603104,0.861016956931,0.30944770745
267,0.857563033137,0.322944296148,0.837288144786,0.349339948367
268,0.868487401889,0.311872373405,0.891525429689,0.297909350687
269,0.870588242413,0.310625642311,0.813559331126,0.414539196765
270,0.858823537294,0.322045536774,0.861016956931,0.329332752753
271,0.867226898107,0.305481589071,0.840677974083,0.420922107553
272,0.857983200991,0.326728504049,0.871186447851,0.326170270568
273,0.866806730096,0.314883277986,0.837288143776,0.339013429327
274,0.861764713621,0.314020596171,0.864406787238,0.331182407057
275,0.843697487494,0.335366646047,0.837288144786,0.382870334279
276,0.857142864813,0.324962671024,0.850847466012,0.33983992299
277,0.868487402171,0.319060734998,0.901694920609,0.30419533182
278,0.865966394043,0.318082061541,0.854237296824,0.357294510482
279,0.860504209244,0.330380467541,0.854237296824,0.361420745504
280,0.857563033199,0.321890296227,0.854237296824,0.364995217172
281,0.86092437713,0.311096900166,0.864406786733,0.34365693505
282,0.85798320074,0.31900468093,0.847457635706,0.328121542173
283,0.866806729532,0.319209087022,0.854237295813,0.365564295706
284,0.861344545391,0.32023364894,0.857627126625,0.336164474614
285,0.863865553957,0.319310887725,0.854237296824,0.35553226721
286,0.855462192832,0.332222467617,0.884745769076,0.314960494701
287,0.859663873347,0.323102979389,0.857627125615,0.408028987757
288,0.864285721655,0.317875353526,0.85762712612,0.376456309489
289,0.856302528947,0.314175169156,0.837288144786,0.353289172811
290,0.864705889321,0.311353648911,0.827118651847,0.410488013304
291,0.85672269652,0.330990915813,0.854237295308,0.359566113391
292,0.870588242256,0.305264179211,0.877966107958,0.301891287315
293,0.866806730033,0.319909886786,0.837288144281,0.358674719172
294,0.865966393667,0.319189749314,0.844067805399,0.339869005385
295,0.870588242444,0.31623817211,0.847457634948,0.333757175038
296,0.864705889634,0.312657107466,0.83389831448,0.385213433307
297,0.860924377537,0.321968001822,0.874576278662,0.355320538568
298,0.859243705211,0.319495756586,0.810169501325,0.377544380409
299,0.85714286522,0.321255796832,0.90508475142,0.278223091326
300,0.861764713183,0.312066667197,0.840677975093,0.366873554696
301,0.849159672042,0.343361025034,0.806779672029,0.390472761845
302,0.860924377255,0.317509436166,0.830508483921,0.353009230315
303,0.856302528666,0.322860125851,0.850847463992,0.368868198119
304,0.858823537263,0.317015548002,0.854237295813,0.359218217559
305,0.860084041515,0.324983984686,0.877966108464,0.299503041147
306,0.862605049424,0.319881572944,0.854237296319,0.326508411853
307,0.854621856685,0.31733140383,0.844067805399,0.342364900888
308,0.873109250916,0.297809007773,0.884745769582,0.331377316361
309,0.872689082968,0.300982758004,0.837288144281,0.321897761044
310,0.855462192926,0.332200724397,0.81694916219,0.430977915429
311,0.858403368595,0.320089076192,0.884745768571,0.286580510943
312,0.863445385571,0.309243753255,0.840677975093,0.371043192128
313,0.860924377474,0.318186037336,0.894915259996,0.252514045149
314,0.867226898044,0.312205285343,0.867796617544,0.345145385302
315,0.860504209526,0.316332937023,0.877966108464,0.315725508446
316,0.855042024445,0.332790219123,0.867796618049,0.3259186763
317,0.863025217403,0.316581183324,0.864406787743,0.312837211826
318,0.88487395616,0.291465264878,0.840677974588,0.354774374578
319,0.878151267329,0.294498961521,0.867796616029,0.314532110594
320,0.848319335927,0.33615801049,0.874576278157,0.33522391193
321,0.874369755074,0.297612122792,0.83389831347,0.341472514037
322,0.862184881287,0.318331563751,0.847457634696,0.384533922235
323,0.865546225938,0.318137572969,0.840677974588,0.362301283121
324,0.858823537294,0.31371145067,0.877966108969,0.304256151383
325,0.862605049455,0.311335650445,0.877966108969,0.29745774211
326,0.861344545391,0.322418558482,0.81016950082,0.423815329259
327,0.880672275519,0.292302839771,0.864406787238,0.344863036868
328,0.863865553487,0.324963565603,0.850847466517,0.36210869379
329,0.852941184485,0.327344951494,0.864406787743,0.322705990714
330,0.863865553988,0.30837097213,0.888135599888,0.307782034816
331,0.86680673019,0.315065801942,0.874576278157,0.317716240914
332,0.861764713496,0.312091995962,0.850847465507,0.337634401933
333,0.861344545234,0.319034271498,0.847457636211,0.340618106773
334,0.860504209432,0.316508367626,0.854237295813,0.343690076275
335,0.869327738443,0.313365043086,0.884745769582,0.254112989752
336,0.861344545454,0.308880146945,0.857627126625,0.320239727906
337,0.850420176169,0.324201237465,0.867796617039,0.354552846907
338,0.868907570401,0.304507886999,0.830508483669,0.422646768802
339,0.85630252876,0.326179024646,0.85762712612,0.325285711657
340,0.866386561897,0.303948084041,0.823728822045,0.362011725304
341,0.875210091002,0.299168314198,0.844067804894,0.383293691454
342,0.860084041202,0.323990678313,0.854237296319,0.328945377557
343,0.863445385571,0.306246025003,0.820338992244,0.346737417503
344,0.861764713308,0.312893493931,0.864406787238,0.344137135262
345,0.878151267329,0.282859516064,0.867796618049,0.343440532369
346,0.863865553581,0.320002260712,0.864406786733,0.337368284589
347,0.869327738255,0.30645188035,0.861016957437,0.325182776961
348,0.860504208962,0.318304957227,0.85762712713,0.339290577729
349,0.872268914738,0.301453776994,0.847457636211,0.345238455555
350,0.867647066212,0.305740950136,0.891525428174,0.275471580199
351,0.868907570213,0.308556195849,0.871186446335,0.291096359207
352,0.852100848338,0.319138582037,0.854237295813,0.352192856245
353,0.863865553581,0.304161027872,0.837288144281,0.38959133966
354,0.867226897856,0.307160759149,0.877966108969,0.295388560079
355,0.873529418802,0.310369027943,0.837288144281,0.363457393091
356,0.840336142875,0.349031103055,0.847457635201,0.337367168896
357,0.869747906109,0.321707754967,0.857627125615,0.315659280424
358,0.855042024758,0.316127024818,0.861016957437,0.359877625133
359,0.867226898232,0.307627023636,0.847457636211,0.371180680723
360,0.867226898107,0.307640819278,0.888135599888,0.333160800891
361,0.861344545422,0.323585199098,0.877966108464,0.280562875698
362,0.874789922803,0.301298149337,0.850847465002,0.358196614973
363,0.865126058021,0.319798096639,0.861016957437,0.312525655948
364,0.877310931495,0.304568826237,0.871186448356,0.314841552022
365,0.87352941899,0.310539872182,0.833898314985,0.388277098694
366,0.87605042693,0.313558334219,0.861016957437,0.359666875737
367,0.872268914676,0.304573773626,0.830508483163,0.366284035462
368,0.860924376785,0.317350432222,0.864406787238,0.348166464433
369,0.86890757015,0.308378626319,0.81016950183,0.39468505404
370,0.878571435371,0.286527496144,0.888135599888,0.299301679514
371,0.874369754824,0.300840095633,0.854237296319,0.394899813742
372,0.877310931182,0.299642231644,0.871186448356,0.310131792674
373,0.861764713496,0.30893666442,0.854237295813,0.324511595954
374,0.861764713245,0.316741959841,0.884745769582,0.310912893611
375,0.867647066055,0.306903194816,0.894915260501,0.306708275388
376,0.871008410549,0.308041075581,0.847457635706,0.333106501943
377,0.864705889697,0.316143483299,0.844067804389,0.370473779896
378,0.860504209369,0.324292165689,0.877966107958,0.319204489432
379,0.856722696802,0.319251320074,0.837288144786,0.34831837369
380,0.873529418927,0.290343500549,0.850847466012,0.338023315989
381,0.868487402421,0.304956930196,0.874576278662,0.327601935146
382,0.857983201053,0.320453330092,0.874576278157,0.330691366693
383,0.86008404117,0.31362927446,0.810169501325,0.390269762694
384,0.875210090783,0.295585118719,0.881355939275,0.301522457751
385,0.873109250854,0.30702384613,0.87118644684,0.331963017015
386,0.859243705117,0.320490966927,0.84067797383,0.344452590066
387,0.874369754824,0.293582471549,0.837288144281,0.413829178407
388,0.868487402358,0.309874837944,0.871186448356,0.309078157643
389,0.866806730315,0.309262102728,0.857627126625,0.304300771363
390,0.866806729939,0.309057594324,0.840677974083,0.370506929202
391,0.870168074152,0.295603592113,0.874576278662,0.294501618403
392,0.870168074339,0.301392173966,0.847457634696,0.329753300207
393,0.875630259013,0.295955084061,0.850847466517,0.33917381968
394,0.845798327893,0.334511204944,0.820338992749,0.407531537431
395,0.855882360655,0.330840062773,0.854237296066,0.365517011323
396,0.852100848338,0.324810965777,0.871186447346,0.301315995154
397,0.858823536825,0.315659550269,0.854237296319,0.320971880613
398,0.863865553644,0.300883260556,0.850847466012,0.324812193417
399,0.869747906485,0.311281428508,0.850847466012,0.351400453282
400,0.855042024602,0.320027925348,0.88135593877,0.300181671914
401,0.863445385696,0.303389081199,0.837288144786,0.365337636701
402,0.865126057614,0.308125746194,0.898305090807,0.316367147427
403,0.871848746508,0.308744376564,0.844067805904,0.354384076292
404,0.856302528822,0.328079192477,0.891525430194,0.312232347868
405,0.871848746352,0.301800233058,0.884745769582,0.308598380031
406,0.877310930931,0.296116675818,0.861016956931,0.311950523406
407,0.871008410674,0.3001611782,0.844067805399,0.373829222774
408,0.872689082499,0.308104499822,0.871186447851,0.305762096166
409,0.862184881413,0.297477557206,0.877966107958,0.326499592513
410,0.878991603225,0.290381206497,0.857627126625,0.345015271867
411,0.873949586782,0.294058487766,0.864406787238,0.325285122935
412,0.878151267266,0.293208383556,0.881355939275,0.282139377258
413,0.859663873191,0.329342093444,0.844067803884,0.34268480331
414,0.868487402045,0.302880697085,0.840677974588,0.342592130715
415,0.865126057551,0.310905356805,0.894915260501,0.341524358839
416,0.876470595223,0.302370506237,0.844067804389,0.32910762803
417,0.850000008064,0.324427962225,0.901694920103,0.294663790298
418,0.876050426805,0.279405553802,0.82372882154,0.36683051345
419,0.853781520444,0.319596170096,0.874576278662,0.31055539316
420,0.862605049643,0.315353390565,0.888135598878,0.304242482882
421,0.868067234254,0.316264514788,0.830508483163,0.363214552497
422,0.872689082311,0.313785399216,0.871186447851,0.276257395302
423,0.875630258825,0.305191334634,0.877966108969,0.322930071692
424,0.864705889916,0.312983274726,0.857627126625,0.308237322433
425,0.867647065742,0.307691987025,0.894915260501,0.271258507145
426,0.873529418802,0.302012769599,0.861016956426,0.325666763993
427,0.87563025895,0.290146529228,0.867796617544,0.295463566874
428,0.868907570244,0.314569577833,0.874576277652,0.301476305856
429,0.862184881507,0.314078900392,0.810169500315,0.366946102704
430,0.869747906297,0.307822643881,0.867796618049,0.315881899669
431,0.860924377255,0.315943400509,0.861016956426,0.328815345005
432,0.875630259138,0.303669520873,0.844067804894,0.367158922351
433,0.863025217747,0.311510046678,0.844067805904,0.327479176634
434,0.858403369002,0.312226649421,0.884745768571,0.290055536302
435,0.866806730002,0.308506907066,0.871186447851,0.318240770407
436,0.870168074465,0.298377146827,0.81016950183,0.389767515394
437,0.884033619982,0.291731236565,0.84745763419,0.365326469954
438,0.86638656221,0.316370258397,0.850847465507,0.365441097483
439,0.869327738255,0.298347842614,0.861016957437,0.307072364646
440,0.867226897919,0.310613824125,0.881355939275,0.329049853071
441,0.867647066118,0.302678729901,0.844067805399,0.343053054159
442,0.86428572178,0.304856574789,0.854237296319,0.348223710559
443,0.872268914331,0.296792776887,0.874576277652,0.326351285612
444,0.872268914331,0.312235166467,0.844067805399,0.393057991135
445,0.866806730065,0.312322734793,0.88135593877,0.345495749518
446,0.891596644491,0.283356565591,0.840677974083,0.373686827688
447,0.871848746226,0.292227007237,0.871186448356,0.363126985508
448,0.867226897919,0.307050743273,0.867796616534,0.342905103339
449,0.865126057833,0.31388765964,0.806779672029,0.376475276204
450,0.870588242319,0.305259022118,0.830508483163,0.385290103822
451,0.86974790636,0.305110634868,0.833898314985,0.341514732531
452,0.873949586844,0.29164437801,0.786440689685,0.401887737467
453,0.878991603257,0.303311815419,0.854237296319,0.325439920554
454,0.87899160335,0.293353381121,0.891525430194,0.312993094578
455,0.881512611697,0.290253962077,0.864406786733,0.321731842896
456,0.875630259201,0.299276712163,0.874576278662,0.272236254698
457,0.880672275613,0.288453138332,0.850847465002,0.368912801652
458,0.850420176232,0.330741931465,0.837288143524,0.341226530972
459,0.86302521781,0.323885101238,0.864406786985,0.320171057925
460,0.855042024633,0.312726668489,0.847457635201,0.32964976416
461,0.868067234003,0.305097519334,0.864406787238,0.336961853649
462,0.872268914707,0.297865391239,0.847457636211,0.350688768267
463,0.86806723369,0.308358447411,0.88135593877,0.311826032571
464,0.873529418802,0.298356674479,0.867796618049,0.311136544887
465,0.870588242413,0.300624304701,0.877966107958,0.338599235861
466,0.864285721624,0.30496657954,0.837288144786,0.363598649911
467,0.86974790636,0.294299762383,0.861016957437,0.328477096633
468,0.882352947625,0.283980198259,0.85762712612,0.282737913526
469,0.867226897825,0.307415014915,0.816949161433,0.438732627779
470,0.86554622575,0.310358309124,0.867796617544,0.34130975402
471,0.875630259138,0.291976351909,0.871186447346,0.306430122578
472,0.874369754761,0.288493927928,0.83389831448,0.431445541018
473,0.870588242319,0.30003908761,0.888135599383,0.28858607616
474,0.863445385758,0.327564960776,0.837288144786,0.329093285852
475,0.865546225468,0.319993268745,0.840677974588,0.332725135073
476,0.867647066118,0.310162131448,0.844067804389,0.326615524115
477,0.876050426867,0.29975067749,0.867796617039,0.333538434894
478,0.870588242319,0.296710918344,0.850847466012,0.341691650513
479,0.857983200928,0.311741912229,0.881355939275,0.315209425354
480,0.865546226063,0.319412640562,0.844067805904,0.361554247375
481,0.870588242382,0.30791224094,0.877966108969,0.306107467893
482,0.865966393949,0.308372005335,0.901694921114,0.267044256331
483,0.860504209244,0.30889270763,0.867796617039,0.339213357954
484,0.877731099287,0.30684047226,0.854237295813,0.31009632248
485,0.87100841033,0.302269107216,0.854237295308,0.3287145264
486,0.859663873253,0.313484647922,0.844067804389,0.32698160552
487,0.868907570025,0.306393426937,0.867796618049,0.34335270202
488,0.860924377443,0.317894052573,0.894915259996,0.282197935538
489,0.878571435684,0.305334206483,0.857627125867,0.33761647833
490,0.873109250822,0.310373479453,0.888135599888,0.292229264343
491,0.872268914613,0.289804666538,0.864406786733,0.32041852997
492,0.864705889916,0.310926504566,0.854237296319,0.334796677833
493,0.873109250822,0.298036925581,0.840677974083,0.322809601045
494,0.867226898013,0.296349551967,0.864406787238,0.318782741362
495,0.878571435152,0.290749630535,0.844067805399,0.391408848213
496,0.866386562054,0.300999023572,0.850847465002,0.345657692275
497,0.864705889384,0.303396087504,0.894915259996,0.27208128682
498,0.876470595223,0.294464910747,0.871186448356,0.302803827197
499,0.892436981013,0.280288521349,0.861016957437,0.353303079004
500,0.863445385664,0.307040754526,0.850847466012,0.384890247357
501,0.865966394043,0.308215214229,0.877966108969,0.307013560528
502,0.871428578591,0.303195883305,0.867796617544,0.357486484888
503,0.872268914613,0.294528229929,0.871186447851,0.30126634297
504,0.871008410236,0.296023152009,0.833898312965,0.336964609196
505,0.878151267329,0.299970961395,0.837288144281,0.377573812917
506,0.875630258888,0.293697044058,0.894915260501,0.282482972021
507,0.881092443624,0.297533079418,0.877966108464,0.304700397713
508,0.868907570463,0.316165499734,0.867796617039,0.322338252249
509,0.870168074339,0.30661979205,0.867796617039,0.325594690392
510,0.885714291963,0.289161182267,0.857627125615,0.365808394374
511,0.884453787899,0.284638160683,0.884745769076,0.338192392077
512,0.878571435152,0.28656734156,0.894915260501,0.311920906149
513,0.881512611729,0.289399294899,0.871186448356,0.324923508185
514,0.873949586656,0.291396642761,0.874576278157,0.330497099055
515,0.874369754761,0.300027388125,0.871186447346,0.288709816728
516,0.879411771393,0.290224920802,0.867796617544,0.361792621534
517,0.874789922772,0.297000427308,0.884745769582,0.281754104136
518,0.873949586907,0.294639774583,0.864406787238,0.320848574451
519,0.874789922897,0.307404337193,0.871186448356,0.280354705118
520,0.867226898044,0.308516740275,0.874576277652,0.316534864132
521,0.860084041233,0.313433344726,0.827118654372,0.373328396198
522,0.863865553738,0.310518283076,0.81694916118,0.341452451076
523,0.862605049768,0.313457935297,0.850847465002,0.383135485952
524,0.876470595097,0.288303217209,0.844067804894,0.348774132461
525,0.882773115636,0.291284086418,0.898305090302,0.283862076352
526,0.887394964445,0.28730247943,0.901694920609,0.273186994496
527,0.875630259107,0.304298713357,0.864406787743,0.352703345403
528,0.882352947688,0.286099847547,0.854237296319,0.322272724077
529,0.873529418677,0.293609612942,0.840677975093,0.319222540768
530,0.86554622575,0.302538254799,0.83389831448,0.447060832722
531,0.878991603413,0.292350266637,0.898305090302,0.293012696334
532,0.855882360717,0.323797759506,0.830508483669,0.381718581258
533,0.866806729751,0.299278230665,0.908474581727,0.238403013418
534,0.881092443906,0.28932764072,0.884745769582,0.289322783981
535,0.865966393855,0.316300266,0.871186448356,0.288684250282
536,0.871848746821,0.307172971112,0.861016957437,0.328638715922
537,0.875630259326,0.292242171258,0.850847465507,0.312656386234
538,0.87941177133,0.287976178759,0.861016956931,0.334023381126
539,0.87857143487,0.286913964874,0.901694920609,0.301597918305
540,0.867226898232,0.312566663412,0.850847465507,0.349772052682
541,0.874789923023,0.29590052072,0.861016957437,0.304502028719
542,0.868487402296,0.302003548254,0.867796618049,0.389017539351
543,0.870588242695,0.309895859914,0.840677975093,0.374095779039
544,0.869327738318,0.308151354364,0.867796618049,0.307063047537
545,0.873109251073,0.291434437052,0.888135599888,0.280203780949
546,0.883193283522,0.286818848258,0.857627126625,0.353729363436
547,0.87983193931,0.299375590438,0.88135593877,0.32494625083
548,0.873949587032,0.296054892226,0.85762712713,0.348887645119
549,0.87058824235,0.306663680994,0.871186447851,0.296842124945
550,0.874789922803,0.290321720654,0.884745769076,0.325305493643
551,0.873529418739,0.307864143357,0.915254241834,0.288114626529
552,0.871428578497,0.29297741717,0.850847466517,0.310440617724
553,0.876470594972,0.299347553027,0.823728824066,0.397399439966
554,0.876470595097,0.29840146236,0.854237295308,0.314819766619
555,0.870168074277,0.305451512415,0.894915260501,0.251318607795
556,0.872268914738,0.293004889808,0.884745769582,0.296722413435
557,0.856722696896,0.322067596738,0.854237295308,0.340091570454
558,0.860924377286,0.309132862234,0.813559331631,0.395041522207
559,0.876890763233,0.295504524999,0.864406787743,0.300293883214
560,0.862184881381,0.299669616261,0.854237295813,0.329957924562
561,0.869327738505,0.302351790535,0.867796618049,0.338402416999
562,0.869327738192,0.308551039766,0.840677974083,0.350434793633
563,0.870588242256,0.288807431698,0.840677974588,0.348465421253
564,0.871428578779,0.291100772798,0.854237295308,0.328691119707
565,0.889075636613,0.274624958893,0.884745769076,0.329407414137
566,0.878991603663,0.302144531708,0.854237296824,0.319064741544
567,0.862184881601,0.325280638357,0.884745768319,0.282623475765
568,0.876890763077,0.295795291138,0.871186448356,0.340134261429
569,0.876890763171,0.295791724172,0.867796618049,0.341530274095
570,0.878151267329,0.295854030036,0.884745767814,0.262385605692
571,0.87016807412,0.290155892456,0.864406786228,0.297830211788
572,0.865546226126,0.307434449771,0.864406786733,0.319449785907
573,0.86554622575,0.304403448352,0.881355938265,0.329042312358
574,0.891176476699,0.273042341139,0.871186448356,0.319462662373
575,0.892016812783,0.278011131636,0.857627126625,0.32284441865
576,0.872268914362,0.295478976144,0.87118644684,0.332403268854
577,0.871848746633,0.304400641009,0.88135593776,0.294130580847
578,0.885294123952,0.284160558111,0.861016956931,0.379784535364
579,0.871428578654,0.305635394497,0.844067804389,0.352028145376
580,0.868907570432,0.308966129783,0.864406787743,0.375506301047
581,0.876470595129,0.281065264815,0.901694920609,0.237055269307
582,0.871008410486,0.290238654217,0.867796618049,0.298489839091
583,0.87815126736,0.299311038373,0.881355939275,0.287425287447
584,0.88277311573,0.286420184274,0.891525430194,0.280955656637
585,0.874789922647,0.308896873013,0.850847466012,0.375412969361
586,0.8739495865,0.294675048269,0.847457636211,0.373503390005
587,0.877310931244,0.290980419105,0.840677974083,0.373219275405
588,0.873949586782,0.293855839519,0.85762712713,0.338827857464
589,0.867226897794,0.308202991505,0.833898313975,0.351375188552
590,0.869747906109,0.293719292673,0.888135598878,0.295366614489
591,0.873109250885,0.297381541144,0.823728823561,0.370129286043
592,0.872689082373,0.296139135323,0.874576278157,0.310898448577
593,0.860084041515,0.306982030028,0.847457636211,0.315360573136
594,0.881512611729,0.284539745228,0.915254242339,0.271976269024
595,0.875630259138,0.301689020655,0.901694921114,0.266396459445
596,0.866806730033,0.314914620067,0.840677975598,0.324130159566
597,0.88025210754,0.27887877483,0.850847465507,0.340631492247
598,0.86932773838,0.301175175031,0.90508475142,0.305264406727
599,0.877731099161,0.292702639953,0.874576278662,0.311827358742
600,0.882352947625,0.275580050901,0.877966108464,0.296165917448
601,0.875210090908,0.283879235222,0.857627126625,0.338548237805
602,0.880672275582,0.28735036273,0.884745769582,0.311276001729
603,0.870588242382,0.299088535063,0.813559332642,0.358760315672
604,0.877310931432,0.28774921517,0.854237295813,0.330662211119
605,0.880252107352,0.286812659243,0.844067803379,0.352066790653
606,0.871428578591,0.292228311782,0.874576278157,0.292528182331
607,0.878151267235,0.289202941629,0.857627126625,0.328399767468
608,0.875210090846,0.297750348836,0.898305090302,0.284081923886
609,0.877310931182,0.294390223607,0.884745769582,0.277027489207
610,0.87731093115,0.288924623563,0.837288144534,0.441686510566
611,0.883613451814,0.293129416253,0.874576277652,0.290393007446
612,0.868487402296,0.293935755236,0.847457635706,0.351149060085
613,0.860924377098,0.32982479964,0.854237296824,0.32200863225
614,0.882352947751,0.28392172748,0.837288144786,0.409296819404
615,0.857142864906,0.31170289501,0.844067805904,0.34973629905
616,0.87941177158,0.274775402472,0.874576278662,0.29128690386
617,0.862605049705,0.310528766536,0.881355939275,0.297126171321
618,0.881512611416,0.29219692364,0.867796617544,0.308034617896
619,0.869747906485,0.312103650439,0.867796618049,0.31309634586
620,0.889915972698,0.277510392675,0.898305089797,0.275035747122
621,0.878151267579,0.290789928225,0.854237295813,0.356339308417
622,0.88361345194,0.295263151169,0.871186447346,0.357938282728
623,0.880252107665,0.287354086635,0.850847466012,0.358415046044
624,0.874369754949,0.30101080836,0.877966107453,0.339550484161
625,0.868487402108,0.314532367575,0.861016956426,0.339084127697
626,0.893697485077,0.270490574032,0.874576278157,0.310899165064
627,0.885294124296,0.272061836405,0.871186448356,0.31995729357
628,0.878991603382,0.287774521998,0.854237295813,0.388945908933
629,0.880252107383,0.288519592189,0.881355939275,0.282187405342
630,0.87605042718,0.299103417559,0.837288144281,0.352840186113
631,0.878991603413,0.282363106097,0.861016956426,0.319386683341
632,0.873529418927,0.312774371645,0.88135593877,0.274113716842
633,0.880252107634,0.28891943932,0.87118644684,0.312475866654
634,0.874789922929,0.295227958899,0.847457635201,0.372425234198
635,0.847899167697,0.329578934237,0.898305090807,0.325486882511
636,0.884453788181,0.278037184912,0.861016955921,0.335315845938
637,0.882773116043,0.279542801855,0.877966107958,0.314515418105
638,0.875630259138,0.296762794217,0.844067804389,0.328351223178
639,0.883613451908,0.288640177793,0.854237295308,0.354188980187
640,0.874369754511,0.291675091463,0.898305090807,0.281763712102
641,0.88697479587,0.285729733648,0.874576278662,0.316152078463
642,0.87268908278,0.305663854377,0.888135599888,0.266919244933
643,0.892857148993,0.270378814611,0.874576278157,0.305998297724
644,0.876050427243,0.293888100564,0.871186447851,0.322484584873
645,0.868487402546,0.301412458187,0.898305090807,0.25385076319
646,0.87100841033,0.295457242464,0.88135593877,0.303875610422
647,0.887394964131,0.273950665078,0.847457634696,0.294622243272
648,0.86932773838,0.287373190002,0.888135599383,0.292235660856
649,0.881932779708,0.292189977965,0.827118652857,0.363989690603
650,0.880672275613,0.292576096255,0.857627125867,0.312800212179
651,0.857983201053,0.322679671803,0.857627126625,0.334573546267
652,0.865126057896,0.315554030999,0.833898313975,0.382960315857
653,0.87058824235,0.290458784204,0.874576278662,0.294167298445
654,0.86218488135,0.311493148237,0.861016956426,0.31028688418
655,0.876050427055,0.288830857364,0.891525429184,0.309668825718
656,0.881092443311,0.292941257827,0.823728823561,0.39319257072
657,0.871428578779,0.301033603685,0.881355939275,0.328216146362
658,0.878151267235,0.284693078255,0.864406787743,0.3549749324
659,0.872268914425,0.299379008028,0.88135593877,0.297174286287
660,0.870588242507,0.301239105513,0.877966108969,0.326636027924
661,0.86932773838,0.311855368794,0.854237295813,0.347366834785
662,0.884033619857,0.275000864882,0.861016957437,0.31311523264
663,0.883193283929,0.286002968735,0.874576278157,0.324678039936
664,0.878151267454,0.285721630304,0.85762712713,0.339365867045
665,0.876890762858,0.290159701753,0.871186447851,0.333677303204
666,0.886974796277,0.263609667136,0.844067804389,0.371432395715
667,0.878991603288,0.283837365613,0.861016956426,0.359082037993
668,0.878571435058,0.292817884947,0.864406787238,0.320514432455
669,0.879831939247,0.286463348594,0.854237296824,0.334722897511
670,0.874789923054,0.301304090878,0.861016956174,0.353764588171
671,0.876890763077,0.296856405198,0.85762712713,0.358628950255
672,0.87647059491,0.291468857827,0.81016950284,0.379495443808
673,0.872689082968,0.295045958292,0.847457636211,0.348463391601
674,0.868487402108,0.294178317324,0.854237296319,0.346675991823
675,0.871428578529,0.289046417734,0.850847465507,0.334009900879
676,0.87563025895,0.294328639965,0.871186447851,0.306316233729
677,0.868067234191,0.310108218452,0.844067805399,0.371258310342
678,0.869747906454,0.299936625222,0.874576277652,0.334377170872
679,0.885714292151,0.28324117879,0.867796618049,0.328927376639
680,0.876470594972,0.306011605491,0.874576278662,0.305924686019
681,0.876890763202,0.28466886487,0.861016957437,0.337065813495
682,0.868067234035,0.302536950055,0.830508484174,0.330602841483
683,0.879831939372,0.285441038715,0.871186448356,0.269620886546
684,0.874789922866,0.285685366963,0.850847465507,0.334278337342
685,0.882352947876,0.292922869419,0.867796616534,0.313392668079
686,0.872689082624,0.304811527929,0.861016956931,0.356125817397
687,0.878151267203,0.29303916341,0.861016957437,0.289145628685
688,0.877731099287,0.301314279191,0.867796617039,0.292051253998
689,0.871008410549,0.301942195289,0.83389831347,0.398853807126
690,0.87268908278,0.30049984028,0.884745769582,0.333099269766
691,0.873529418739,0.293964516661,0.864406787238,0.333616783621
692,0.886134460193,0.2843562677,0.813559332136,0.401391514403
693,0.878571435433,0.280993237137,0.891525430194,0.259265242302
694,0.884873956066,0.290102243122,0.871186447851,0.340980592263
695,0.876470594847,0.293017034661,0.871186447346,0.305408051585
696,0.873949586907,0.30461386682,0.857627125615,0.320816615375
697,0.873529418677,0.282836854474,0.840677974588,0.345301795183
698,0.878151267172,0.287423058249,0.864406787743,0.320395798754
699,0.875630259013,0.292582595964,0.877966108969,0.29896025126
700,0.872268914488,0.300443919102,0.823728824066,0.373834658162
701,0.877731099349,0.283531280321,0.881355939275,0.26914271103
702,0.8722689143,0.30352102098,0.881355939275,0.306064593937
703,0.88487395616,0.275058744608,0.888135599383,0.287103291064
704,0.872689082561,0.294824392965,0.861016957437,0.316998517235
705,0.879411771393,0.290999916797,0.871186447851,0.308873547525
706,0.871428578341,0.291478065351,0.820338993254,0.335332672854
707,0.873109250822,0.297724667471,0.864406786733,0.327378326774
708,0.884033619982,0.278022476566,0.901694920609,0.268362962151
709,0.878571435621,0.289658993201,0.871186447851,0.315009198009
710,0.880672275676,0.286016153101,0.861016956931,0.307043626463
711,0.884873955847,0.284903720146,0.867796618049,0.305461764935
712,0.884453787993,0.290504536368,0.877966108464,0.284492306885
713,0.886134460068,0.27315227613,0.837288144281,0.36268775424
714,0.866386562304,0.316412073732,0.891525429184,0.298101166674
715,0.868067234003,0.307382586044,0.871186447851,0.331794136598
716,0.866386562148,0.311203126467,0.840677975093,0.361444667203
717,0.88067227577,0.285732476397,0.911864412033,0.287243470455
718,0.876890763014,0.292719541532,0.864406787743,0.314099838168
719,0.884873955941,0.282353443305,0.85762712713,0.322453695207
720,0.868907569994,0.300509629219,0.854237296319,0.381923186261
721,0.871008410549,0.297227944337,0.857627126625,0.319076358262
722,0.882352947938,0.282860804596,0.871186447851,0.290230455666
723,0.868487402233,0.292434808657,0.874576278662,0.313945869931
724,0.889495804468,0.279122400865,0.854237295813,0.333671518112
725,0.884873956004,0.270465678285,0.833898314985,0.371209634815
726,0.878991603069,0.296549350164,0.88135593776,0.276079411034
727,0.868067234066,0.293888382567,0.877966108464,0.329811871999
728,0.883193283804,0.278758082206,0.898305089797,0.272077315629
729,0.870588242507,0.295480206335,0.871186447851,0.313183394782
730,0.875210090971,0.298635101611,0.891525429689,0.305293388791
731,0.874369754855,0.302225111193,0.867796617544,0.314009119457
732,0.869747906297,0.2999430409,0.864406787238,0.326681148198
733,0.87689076292,0.286889632491,0.874576277652,0.294848505597
734,0.86932773813,0.296272342046,0.857627126625,0.320896975886
735,0.870588242507,0.296469808098,0.864406787238,0.286076684151
736,0.878991603413,0.298467199819,0.850847466012,0.420857119042
737,0.876890763453,0.294861610478,0.854237296824,0.317952536773
738,0.878571435496,0.294640395438,0.850847466012,0.32972177961
739,0.86176471337,0.307988330714,0.888135598878,0.283080022782
740,0.869747906297,0.306820051721,0.864406787238,0.373979140326
741,0.88277311573,0.27868900956,0.844067805904,0.382103908744
742,0.869747906266,0.303107481951,0.857627126625,0.334579196585
743,0.86932773813,0.3057110769,0.850847464497,0.358153055406
744,0.871848746633,0.300519626455,0.847457635706,0.322080813664
745,0.87268908278,0.292152033219,0.888135599888,0.280987807976
746,0.877731099224,0.285980413511,0.898305090807,0.263372841907
747,0.871008410799,0.297861446846,0.854237296824,0.335438151165
748,0.884873956254,0.28135356689,0.877966108464,0.309778681309
749,0.878151267141,0.295815269416,0.847457635706,0.315687912059
750,0.878151267485,0.285362572245,0.833898313722,0.44992162704
751,0.880672275457,0.277272568542,0.888135599383,0.296715154044
752,0.874369755074,0.286200344159,0.830508483669,0.357221572139
753,0.871848746445,0.291716801633,0.908474581727,0.245267851689
754,0.877310931025,0.28440764098,0.888135599888,0.292435705977
755,0.883193283616,0.287881835066,0.877966108464,0.276310050134
756,0.879831939685,0.284598193069,0.85762712612,0.340093454409
757,0.872689082906,0.287194586112,0.864406787743,0.318774181339
758,0.87605042693,0.285086386614,0.857627126625,0.331790679087
759,0.871428578529,0.293288596467,0.891525429689,0.28970386915
760,0.878571435433,0.284658261884,0.877966107958,0.310536752439
761,0.886134460068,0.286707256271,0.840677974588,0.377348807909
762,0.88613446013,0.270539476513,0.874576278662,0.358329982071
763,0.871428578435,0.303681973767,0.847457635706,0.363951825742
764,0.890336140302,0.275524761598,0.847457635201,0.311210120949
765,0.876890763265,0.302189611736,0.894915260501,0.276250606876
766,0.892436980951,0.274404769943,0.844067804894,0.368097970041
767,0.878571435308,0.28886957899,0.861016957437,0.307224783794
768,0.896638661122,0.268594466964,0.833898314985,0.377802909147
769,0.883193283647,0.275064959668,0.871186448356,0.292410317714
770,0.88319328371,0.277680417609,0.864406787238,0.299954181
771,0.88025210754,0.289680793114,0.884745769582,0.302767955114
772,0.882352947876,0.281141535293,0.861016956931,0.301035167744
773,0.88529412414,0.271608877043,0.864406787238,0.304974754136
774,0.871428578435,0.294386129423,0.86440678648,0.306951168167
775,0.873949586907,0.287935191202,0.908474581727,0.245377665575
776,0.88025210754,0.297946534667,0.881355939275,0.319967271665
777,0.864285721811,0.297755080823,0.847457635201,0.356629686841
778,0.874369754699,0.295722296579,0.830508483163,0.403061573915
779,0.856302528885,0.314484889314,0.844067805399,0.344335771939
780,0.872268914676,0.290179595649,0.864406787238,0.346329243633
781,0.877731099224,0.27978766463,0.850847466012,0.351233650315
782,0.892857148868,0.27795371153,0.874576278157,0.279220699475
783,0.886554628235,0.286789232345,0.850847466517,0.350051675434
784,0.887394964445,0.28026277381,0.861016955921,0.347641222747
785,0.878991603225,0.280361858283,0.867796617544,0.354824828489
786,0.884033619637,0.2907531321,0.850847465507,0.335327433801
787,0.880672275707,0.287261741404,0.894915259743,0.285271126809
788,0.868907570338,0.303252695488,0.864406787743,0.330222901651
789,0.870588242569,0.292483505715,0.861016957437,0.345697468936
790,0.88151261176,0.281714043502,0.898305090302,0.280448294513
791,0.874369754855,0.287353837456,0.888135598878,0.260792902466
792,0.87268908253,0.304808948713,0.877966108464,0.300579179836
793,0.884873956191,0.294405765158,0.884745769076,0.329962902844
794,0.883193283866,0.272972628372,0.847457635706,0.307631951267
795,0.8789916031,0.278701547244,0.877966107958,0.308486653555
796,0.877731099099,0.289121216656,0.854237295813,0.339360860287
797,0.874789922991,0.291564436082,0.884745768571,0.303928473396
798,0.876890763077,0.282020207483,0.854237296319,0.349335342204
799,0.87605042718,0.299427498179,0.85762712612,0.340886457681
800,0.873529418739,0.293195479745,0.888135599383,0.366805409602
801,0.874369755012,0.288120338091,0.898305090807,0.247850123824
802,0.881092443405,0.279873935697,0.844067804389,0.335752229696
803,0.889915972572,0.274136797764,0.874576278157,0.308487353373
804,0.872268914613,0.299985236011,0.884745769582,0.300560733303
805,0.88361345194,0.274919507763,0.840677974588,0.412942319035
806,0.882352947563,0.286040702361,0.864406787743,0.359849121927
807,0.87689076339,0.292995107231,0.850847465002,0.352756553503
808,0.8773109309,0.294841747974,0.888135599888,0.325447713767
809,0.883613451877,0.275652563512,0.854237296319,0.34006690436
810,0.871428578716,0.298264221316,0.901694921114,0.293068844415
811,0.87731093115,0.292875631744,0.85762712612,0.360557756434
812,0.875630259138,0.288480544248,0.884745769582,0.270345692475
813,0.875630258856,0.282929294774,0.894915260501,0.282170673075
814,0.86260504933,0.309406691286,0.881355939275,0.274565815578
815,0.880252107477,0.288819180398,0.911864412033,0.260369198239
816,0.877731099224,0.288796094493,0.854237295813,0.33912194656
817,0.86596639373,0.294659849471,0.864406787743,0.340933071039
818,0.868907570338,0.296671506076,0.888135599383,0.297503951306
819,0.886974796027,0.276554608901,0.867796617039,0.376159700833
820,0.870168074402,0.289697227319,0.847457636211,0.299949992827
821,0.888235300592,0.268112290353,0.877966108464,0.324536225774
822,0.885294124359,0.27338407202,0.874576278662,0.321038502284
823,0.867226898295,0.308923537319,0.84067797484,0.363168026873
824,0.870168074371,0.299135563547,0.864406787238,0.305950640874
825,0.886974796215,0.281566928027,0.847457635201,0.348149511774
826,0.86974790661,0.292713548174,0.874576277399,0.310988288688
827,0.878571435277,0.284848548781,0.854237296824,0.340126185725
828,0.879411771674,0.281444525949,0.891525430194,0.302399973748
829,0.878991603163,0.292831774656,0.888135599888,0.270051626268
830,0.881932779771,0.280270010695,0.857627126625,0.352233634094
831,0.90042017369,0.258388302985,0.911864412033,0.263406422684
832,0.891596644616,0.272147740621,0.830508483669,0.400210440538
833,0.870168074402,0.297183077657,0.874576278662,0.318377081052
834,0.888655468352,0.275122108181,0.85762712612,0.407660176662
835,0.881092443436,0.284371950077,0.871186447851,0.30838204532
836,0.878571435621,0.295929302818,0.888135599383,0.279127285137
837,0.879831939466,0.287849890452,0.888135599888,0.288142004319
838,0.879831939247,0.276024808368,0.867796617544,0.296556272402
839,0.882773115761,0.288834329217,0.898305090807,0.297850702968
840,0.89369748514,0.269544723714,0.854237295813,0.341475232836
841,0.882773115793,0.293381789809,0.847457635706,0.418105598886
842,0.873949586688,0.305357205705,0.871186447851,0.328118372077
843,0.887394964382,0.270251910758,0.847457635706,0.379730721588
844,0.878991603257,0.281475526515,0.877966107453,0.296355163963
845,0.876470595035,0.299050779528,0.867796617544,0.302302438608
846,0.874789922803,0.289240363449,0.861016956426,0.294254354122
847,0.875210091033,0.290961955643,0.867796618049,0.315911662654
848,0.876890762889,0.282345984076,0.854237296319,0.355259168262
849,0.878151267391,0.281993160736,0.891525430194,0.280542735516
850,0.86638656221,0.302086262236,0.840677975093,0.374446473763
851,0.881092443812,0.274188967899,0.864406787238,0.300394379044
852,0.874369754949,0.297390598232,0.90508475142,0.258882284606
853,0.886134460005,0.273962322098,0.857627126625,0.336301304116
854,0.89369748514,0.276389235654,0.857627126625,0.348787236517
855,0.872268914613,0.30365382448,0.877966108969,0.309633569318
856,0.876470595035,0.285422496333,0.854237295813,0.354911900804
857,0.875210091065,0.28848818544,0.877966107958,0.31717644373
858,0.897899165499,0.257425937723,0.857627126625,0.328537139568
859,0.871428578403,0.297749805816,0.844067803884,0.338217288224
860,0.887815132487,0.275169712499,0.874576278157,0.271076344396
861,0.88025210754,0.281727611346,0.87118644684,0.325828350891
862,0.892436981013,0.269619918464,0.894915260501,0.259412342209
863,0.879831939623,0.287439154109,0.891525430194,0.291492774514
864,0.87563025895,0.290831161546,0.857627126625,0.295738623935
865,0.872268914676,0.289866659618,0.901694920609,0.248790004212
866,0.884873955941,0.278169938872,0.864406786733,0.292139362354
867,0.881932779677,0.277030235192,0.871186447851,0.278361441978
868,0.880672275519,0.28795809523,0.874576278662,0.309609098455
869,0.865546226001,0.312298078082,0.854237294803,0.323069284496
870,0.878151267141,0.302043806386,0.854237295308,0.333049253513
871,0.864705889791,0.293693801012,0.864406787238,0.313089044954
872,0.885714292276,0.275008735329,0.847457635706,0.359652176089
873,0.878151267329,0.277486839418,0.877966108969,0.283030596956
874,0.875210091096,0.302734021966,0.871186447851,0.272964791537
875,0.887815132424,0.273623662347,0.877966107453,0.289483949163
876,0.88067227577,0.291450185314,0.837288144281,0.396741300632
877,0.882352948126,0.279984157172,0.854237296319,0.345849766727
878,0.881092443687,0.281928998273,0.864406787238,0.327875116524
879,0.881932779333,0.293186848197,0.884745768571,0.286447584345
880,0.882773116043,0.273757459846,0.871186448356,0.335344869707
881,0.876470594972,0.298885194225,0.871186447346,0.32666276872
882,0.888655468383,0.278398608656,0.837288144786,0.377182807268
883,0.892016812721,0.26866886951,0.871186447851,0.295855718396
884,0.885294124108,0.270608128784,0.840677975598,0.363200122017
885,0.888655468508,0.275658330872,0.877966108464,0.324167885139
886,0.87773109913,0.291233726738,0.850847463992,0.333911023434
887,0.881092443624,0.28721514716,0.861016956931,0.340470464679
888,0.875630259076,0.292555504252,0.85762712612,0.318739868701
889,0.884453787961,0.283811319287,0.861016957437,0.325751475295
890,0.883613451658,0.278703300615,0.850847466012,0.347736451554
891,0.865126057708,0.307556035193,0.827118653867,0.361049163897
892,0.869747906328,0.302429886864,0.816949163453,0.381923091109
893,0.890756308719,0.264300653809,0.884745769076,0.312950124743
894,0.886554628298,0.28193703482,0.867796618049,0.324720435792
895,0.885294124234,0.27592407217,0.867796618049,0.314096828386
896,0.877731099005,0.28596930846,0.861016957437,0.304689907485
897,0.889495804155,0.271589453086,0.874576278662,0.379085281832
898,0.87857143534,0.288827337939,0.847457634696,0.35916861494
899,0.869327738318,0.296582694126,0.874576278662,0.306272359218
900,0.892857148711,0.262083296621,0.867796617039,0.29529973069
901,0.875210091096,0.297542934212,0.881355939275,0.351997098144
902,0.868067234191,0.29248682442,0.837288144786,0.334323974674
903,0.891596644741,0.271650615426,0.884745769076,0.264583934067
904,0.879831939153,0.272425969652,0.888135598878,0.270169271693
905,0.878571435152,0.285106243339,0.864406786228,0.309319202615
906,0.892436981013,0.27604612001,0.871186447851,0.329706693636
907,0.857563033043,0.306968288887,0.861016956931,0.316517690007
908,0.875210090846,0.297688167214,0.877966107958,0.268517987234
909,0.872689082686,0.290850410817,0.854237294298,0.39906575676
910,0.864285721624,0.30168154748,0.884745769076,0.318393706865
911,0.880252107414,0.271286315292,0.877966108464,0.29748065514
912,0.877731099287,0.289152008873,0.830508484174,0.392120545383
913,0.872268914676,0.298118042556,0.871186448356,0.283178745848
914,0.881092443593,0.28238021994,0.864406786733,0.305836834361
915,0.885714292151,0.275967957937,0.901694921114,0.294081350062
916,0.877731099412,0.287215879895,0.864406787238,0.326704752332
917,0.867226898295,0.30876521819,0.844067803379,0.341443028617
918,0.889075636363,0.271031893719,0.884745769582,0.296426960883
919,0.889915972416,0.27825918211,0.881355939275,0.294122521371
920,0.885714292213,0.275032359003,0.867796618049,0.341211086676
921,0.880252107508,0.282930567704,0.915254242339,0.26577117755
922,0.87983193956,0.272652107651,0.894915260501,0.275347319258
923,0.882352947751,0.261902215977,0.888135599888,0.30944810814
924,0.880672275206,0.279605662916,0.888135599888,0.285544413221
925,0.884873956066,0.278550023237,0.867796617039,0.310661806362
926,0.87605042693,0.301013778613,0.844067805904,0.310871775562
927,0.88613446013,0.277614789538,0.85762712612,0.322612439298
928,0.873109250572,0.290599675959,0.874576277652,0.302684313286
929,0.885294124171,0.282451843162,0.847457635706,0.355045113649
930,0.871848746571,0.293172260645,0.884745769076,0.295836648446
931,0.884873955941,0.26425119257,0.867796617544,0.290912709909
932,0.872689082655,0.300545567521,0.864406786228,0.31560269156
933,0.871428578591,0.296455218441,0.861016956931,0.311979509922
934,0.877731099443,0.290877592257,0.894915259996,0.291440794371
935,0.882773115793,0.296832515569,0.871186447851,0.345186694762
936,0.878151267047,0.279178028911,0.844067805399,0.362268707068
937,0.881512611791,0.290289378494,0.915254241834,0.256530881307
938,0.878991603131,0.283949961291,0.861016957437,0.318669762841
939,0.887394964445,0.276739256668,0.874576278662,0.310839876438
940,0.88949580453,0.269847111988,0.867796618049,0.362222150063
941,0.876470595348,0.291215533688,0.857627126625,0.307890090334
942,0.878571435496,0.291433590413,0.877966108464,0.296217502363
943,0.875630258888,0.289947180617,0.884745769582,0.298817531379
944,0.880252107383,0.298699523518,0.85762712612,0.324293641942
945,0.87815126736,0.283077914323,0.85762712713,0.35844256912
946,0.870168074277,0.298120292029,0.884745769076,0.284951816644
947,0.878151267454,0.293555790198,0.891525429689,0.298630194265
948,0.883613451752,0.27851069908,0.87118644684,0.288398982168
949,0.881512611917,0.2741326396,0.867796618049,0.352860992017
950,0.891596644866,0.269043183142,0.888135598878,0.308294008502
951,0.873949586688,0.298066424582,0.881355939275,0.290100218854
952,0.88319328396,0.28372464664,0.874576278662,0.300975517259
953,0.882773115793,0.281214608083,0.867796617544,0.311224934661
954,0.873529418489,0.286983046775,0.877966108969,0.309536609515
955,0.87226891455,0.294683871047,0.85762712612,0.300518764941
956,0.886974796152,0.272799943785,0.830508484679,0.357959837542
957,0.870588242569,0.296825961515,0.867796618049,0.319487451118
958,0.872268914676,0.290908050575,0.840677975598,0.337512663171
959,0.897899165624,0.265624892659,0.888135599888,0.266518425386
960,0.886554628172,0.269556531757,0.884745769076,0.338347125072
961,0.87310925076,0.295017581981,0.837288145292,0.365437268958
962,0.874369754824,0.295454139907,0.867796617039,0.321168976252
963,0.877731099349,0.287057385549,0.877966107958,0.289177831136
964,0.888235300404,0.273706698375,0.877966108969,0.323044283189
965,0.88319328371,0.27153558808,0.877966108969,0.298401615156
966,0.886974796465,0.279677290434,0.871186447851,0.284695920298
967,0.890336140677,0.278970910279,0.864406787743,0.299044150922
968,0.885714291963,0.275538507129,0.874576278157,0.331381532158
969,0.876890763202,0.287166302859,0.844067804894,0.303137028495
970,0.889495804436,0.270794256794,0.850847465507,0.347936037707
971,0.864285721686,0.312280986411,0.877966107958,0.317028231319
972,0.876890763202,0.299458827694,0.844067804894,0.363791944743
973,0.873949586656,0.29280808316,0.898305090807,0.267699858079
974,0.874789922929,0.29318302032,0.891525430194,0.276689105273
975,0.878571435433,0.280333724397,0.884745769582,0.273415611204
976,0.878151267078,0.284015420046,0.854237296319,0.327674094209
977,0.88319328371,0.282078256361,0.884745769076,0.278936972873
978,0.883613451689,0.276275746653,0.88135593877,0.337893484223
979,0.881512611791,0.28081384698,0.857627126625,0.321862990826
980,0.87983193956,0.27850662103,0.891525430194,0.327822541408
981,0.896638661247,0.260593990901,0.850847466012,0.358322605964
982,0.883613451752,0.282386433607,0.888135599383,0.303246588146
983,0.875210090533,0.290321824841,0.83389831448,0.383795491341
984,0.883613451971,0.274361973495,0.85084746576,0.294576466368
985,0.890336140615,0.265161225181,0.88135593877,0.261665053476
986,0.880672275394,0.284069655244,0.847457635201,0.364824117872
987,0.875210091096,0.310417281401,0.867796618049,0.344508161042
988,0.876470594878,0.292864369894,0.861016957437,0.374729068224
989,0.873109250541,0.293017336207,0.874576278157,0.322890857456
990,0.883613451877,0.278114085289,0.874576277652,0.3228782297
991,0.879411771173,0.27541778428,0.891525429689,0.30401575278
992,0.864705889666,0.304635537702,0.877966108969,0.305469893992
993,0.882773115918,0.293423542878,0.874576278662,0.317525022048
994,0.879831939497,0.290586459889,0.894915259996,0.27181378752
995,0.871428578403,0.295597723552,0.898305090302,0.244410799974
996,0.868067233878,0.294569568403,0.837288143271,0.370339668877
997,0.887815132424,0.288354855563,0.877966108464,0.324970314847
998,0.878991603476,0.283127770329,0.837288144786,0.413204822026
999,0.867226898326,0.302352891468,0.850847466012,0.352529790537
