epoch,acc,loss,val_acc,val_loss
0,0.729831943805,0.672967084425,0.722033908307,0.741690866775
1,0.757563036968,0.577965107457,0.749152555051,0.571573680993
2,0.766806734303,0.546595739968,0.708474589606,0.682902501296
3,0.763865558039,0.529103804286,0.837288144281,0.475442869178
4,0.784453791793,0.516880812875,0.755932213644,0.602205109798
5,0.78739496812,0.496818090406,0.830508482406,0.44602915872
6,0.785294128629,0.50801261984,0.742372895701,0.569813500522
7,0.793277320898,0.48940649037,0.766101707341,0.53530313605
8,0.790756312614,0.501127901323,0.749152551768,0.528855418755
9,0.782352952302,0.47554860455,0.779661028062,0.495303831868
10,0.787394967744,0.486871854034,0.749152553284,0.493064300741
11,0.810504211504,0.449511871196,0.779661027557,0.531751789279
12,0.79705883406,0.448257216354,0.776271198766,0.522465911962
13,0.817226900273,0.439909810388,0.830508484174,0.445741796898
14,0.814705891582,0.424585786531,0.783050858368,0.54197935116
15,0.784033623845,0.451694351065,0.78644068817,0.48205595855
16,0.802521018077,0.432519251747,0.789830518476,0.465700447812
17,0.793697488846,0.434056701733,0.800000010911,0.46097919749
18,0.786974800015,0.446074971867,0.779661026547,0.451351461648
19,0.79537816114,0.439530503678,0.783050858116,0.5418048943
20,0.802521018045,0.441279699509,0.827118653867,0.367924683933
21,0.802941186494,0.444276673578,0.759322045213,0.511611553446
22,0.79159664923,0.439896313051,0.81016950082,0.454151050772
23,0.807563035084,0.433859473595,0.813559330368,0.470590763173
24,0.80966387542,0.425413109894,0.779661028567,0.448428762666
25,0.797479002071,0.432815415393,0.800000009648,0.454761719552
26,0.824369756677,0.411795330821,0.766101705321,0.52068828703
27,0.794117657734,0.45394202447,0.810169500062,0.421138375745
28,0.808823539398,0.41902186731,0.827118652352,0.381946136259
29,0.807983202907,0.416148681585,0.75932204395,0.475963629908
30,0.805042027112,0.434132208766,0.803389839954,0.451176762581
31,0.80000000998,0.427865196129,0.796610180604,0.448847703004
32,0.807142866603,0.440044639554,0.769491537143,0.495522586597
33,0.81470589155,0.4108111792,0.803389841722,0.470271438108
34,0.807983202437,0.418015690567,0.793220349793,0.421101522395
35,0.809243706971,0.417657027929,0.81016950082,0.402377664538
36,0.805042026486,0.4386354034,0.769491534364,0.443709838315
37,0.807142866854,0.415742304614,0.816949161938,0.45969460652
38,0.81596639599,0.407708549481,0.816949162443,0.387192006333
39,0.810084043525,0.426881566675,0.844067804389,0.413124221993
40,0.805462194779,0.405695945494,0.79322034954,0.497779448785
41,0.814285723696,0.422679589952,0.823728822045,0.405806310727
42,0.804621858319,0.414608129903,0.82372882154,0.406716868281
43,0.81764706844,0.395066956496,0.789830518981,0.473710095605
44,0.800000009949,0.428077448003,0.813559331631,0.399632279524
45,0.799579841562,0.420377086285,0.810169500315,0.434609125984
46,0.812605051652,0.410760298387,0.793220349288,0.44473357587
47,0.814285723446,0.402478464965,0.820338992749,0.404748164622
48,0.805882362289,0.418183062226,0.837288144786,0.419497162735
49,0.808403371231,0.417826973935,0.786440686907,0.459862925112
50,0.816386564533,0.39596043859,0.823728822045,0.374624583428
51,0.818067236514,0.393157373378,0.806779670008,0.441027719843
52,0.834033622211,0.390218995449,0.820338992749,0.38741187303
53,0.828991605611,0.38705917008,0.7661017033,0.513883861003
54,0.807983202719,0.419712276284,0.81016950082,0.375304344726
55,0.827731101296,0.401266560663,0.806779671018,0.442257445874
56,0.832352950606,0.382298996891,0.786440688675,0.412159998349
57,0.818487404431,0.39903827093,0.864406787238,0.391523355018
58,0.822689084727,0.37816040988,0.779661028314,0.429858448773
59,0.81554622776,0.401863500492,0.813559332642,0.461203347197
60,0.815966396178,0.401988895125,0.833898313975,0.394105169859
61,0.824369757241,0.372557470058,0.800000009395,0.483999629458
62,0.831932781781,0.370730565814,0.847457636211,0.388486741963
63,0.828151269589,0.370994546145,0.820338992749,0.466077172781
64,0.821428580726,0.384071405539,0.813559332136,0.429515872593
65,0.84159664672,0.369668307519,0.796610180099,0.376275685758
66,0.823109252801,0.396927990035,0.816949161433,0.392592858334
67,0.823949589104,0.382070995147,0.827118653362,0.398393788201
68,0.831092446166,0.375678405823,0.786440687664,0.455072420886
69,0.820168076631,0.390165863026,0.779661026041,0.446493638648
70,0.805462194841,0.398202527048,0.813559331631,0.428988304557
71,0.816386564126,0.377342903454,0.820338990729,0.411128523996
72,0.82268908479,0.391406605098,0.816949162948,0.414194051618
73,0.816806732387,0.397343283738,0.813559331379,0.438380437508
74,0.825210093419,0.377817896328,0.81016950082,0.447331594966
75,0.828151269526,0.37732669492,0.83389831448,0.338288199346
76,0.81554622801,0.391809750442,0.793220349793,0.443991676226
77,0.827731101578,0.383398438045,0.847457635706,0.374526553109
78,0.8369747986,0.348608159546,0.803389840712,0.408814002018
79,0.826890765243,0.382336433139,0.861016957437,0.351212857133
80,0.82100841284,0.384813615113,0.816949162443,0.372715588596
81,0.833193286346,0.373028364001,0.796610180099,0.458064594764
82,0.836974798819,0.372705672124,0.840677974083,0.399455962545
83,0.824369756865,0.38665870023,0.840677973072,0.401529523276
84,0.831092445915,0.371171698976,0.823728823561,0.392125272145
85,0.829411773841,0.377094580784,0.83389831448,0.339534168147
86,0.825630260898,0.369653097362,0.827118653362,0.403373568556
87,0.84327731964,0.356898919194,0.813559331126,0.433993804316
88,0.837815134716,0.357087089594,0.837288144786,0.370245652115
89,0.839495806916,0.368230902801,0.789830519991,0.439799884303
90,0.824369757147,0.378112748954,0.803389840965,0.52490841168
91,0.841176479178,0.345345234311,0.850847465507,0.324247904374
92,0.831512613801,0.362976895802,0.813559333147,0.436189019074
93,0.850840344242,0.364257074462,0.840677974083,0.338796323197
94,0.828151269558,0.362025678346,0.793220349793,0.421495563209
95,0.834873958233,0.36840162528,0.847457634696,0.371121155508
96,0.831932782062,0.368360680567,0.820338993254,0.395225541571
97,0.842436983117,0.36351940424,0.833898313975,0.399817758192
98,0.831512613864,0.365133753798,0.830508484174,0.422661030444
99,0.828991605767,0.366061277171,0.877966108969,0.337882144156
100,0.821428580757,0.380161473575,0.793220348782,0.393599188555
101,0.844117654973,0.350926837876,0.816949163453,0.403113057237
102,0.828571437412,0.370698027673,0.823728822298,0.406820507941
103,0.840336142906,0.351983864862,0.786440686654,0.559144874245
104,0.824789925251,0.389173372406,0.867796618049,0.344160246836
105,0.842857151097,0.349691460394,0.813559332136,0.353560407662
106,0.830672278092,0.36814077355,0.840677974588,0.377611559263
107,0.845798327987,0.348315587737,0.813559333147,0.426952832331
108,0.837394966799,0.35567250685,0.823728822551,0.368951791045
109,0.83907563903,0.359682601603,0.850847466012,0.391583843251
110,0.842436983336,0.355810106568,0.877966108464,0.335456681233
111,0.83907563856,0.352736567797,0.871186447851,0.363656711654
112,0.839915974927,0.360683758125,0.844067805904,0.369757931427
113,0.842857150846,0.347827814723,0.837288144281,0.338956238923
114,0.855042024696,0.332131725759,0.81016950082,0.387446680564
115,0.839915974739,0.356088533371,0.847457635201,0.354392189596
116,0.844957991621,0.347281875558,0.857627125615,0.319630997729
117,0.851260512191,0.352858255249,0.850847465507,0.38144382746
118,0.842857151597,0.346369640276,0.820338992244,0.42038456319
119,0.839495807166,0.36272300581,0.766101706584,0.401169889054
120,0.838235302883,0.353921524272,0.820338992244,0.367747847812
121,0.842016814793,0.362232276935,0.827118653867,0.381944906724
122,0.833193285657,0.368748527505,0.827118652604,0.37655874569
123,0.857563033043,0.336492795607,0.827118653867,0.397312471485
124,0.847479000124,0.337856916578,0.816949161433,0.373750849927
125,0.846218495403,0.345208412788,0.810169502335,0.394813870474
126,0.843697487557,0.344485289151,0.837288144786,0.37797456241
127,0.838655470706,0.361186214605,0.840677974083,0.396129123803
128,0.846638663414,0.343761987045,0.816949161433,0.385627303651
129,0.838655470863,0.34537669553,0.827118654372,0.388671409654
130,0.850840343898,0.339319077313,0.827118653867,0.362360724011
131,0.844957991245,0.348466088909,0.894915259996,0.280225713816
132,0.836554630683,0.350307445128,0.840677975093,0.372127744101
133,0.84369748715,0.34323943494,0.847457635706,0.378296213761
134,0.847058831487,0.341241795757,0.850847466012,0.323229258785
135,0.84453782361,0.345350632272,0.840677975598,0.342793808145
136,0.857563032886,0.333400396481,0.837288144786,0.392997375989
137,0.845378159631,0.349578674155,0.847457634948,0.38550307226
138,0.83445379019,0.368231997896,0.813559332136,0.431247089942
139,0.836134462422,0.357102795042,0.854237296319,0.364173608185
140,0.8537815206,0.331155573785,0.854237296319,0.35943153368
141,0.83067227756,0.364730108655,0.850847465507,0.334062981467
142,0.842016815388,0.348014489082,0.857627125615,0.325184954299
143,0.845798327705,0.351544403119,0.850847465507,0.359621737342
144,0.847058831769,0.345330916408,0.854237296824,0.364523306742
145,0.841176479429,0.342258589154,0.81016950082,0.413974330776
146,0.838235302069,0.358312507434,0.837288144281,0.435958543635
147,0.847899167853,0.347555588383,0.823728822551,0.423652196587
148,0.840336143094,0.359477245382,0.850847466012,0.322730062056
149,0.859243705117,0.330405427495,0.793220348782,0.42553509816
150,0.848739504063,0.343240851153,0.820338993759,0.412313201039
151,0.863025217747,0.322742610606,0.857627126625,0.383675484018
152,0.843277319201,0.341344608002,0.861016956426,0.3062054107
153,0.859663873347,0.32579890799,0.823728822803,0.365213258855
154,0.855042024508,0.331309896487,0.840677974083,0.425474368667
155,0.847058831706,0.340202429903,0.85762712612,0.325118987363
156,0.849159671792,0.350267882201,0.830508483163,0.337381940903
157,0.843277319514,0.344636465908,0.816949162443,0.363183439662
158,0.851680680233,0.336718977335,0.857627126625,0.325388908134
159,0.838235302539,0.338341541995,0.840677975093,0.414731454672
160,0.842436983743,0.349059302563,0.830508484679,0.37359803713
161,0.844537823484,0.331682691241,0.837288144786,0.343958063809
162,0.845378159412,0.338890967805,0.840677975093,0.338122557786
163,0.853781520319,0.339221614436,0.796610180604,0.39123126031
164,0.835294126212,0.363146895684,0.806779670513,0.427943320598
165,0.84369748715,0.356220551101,0.806779668493,0.378810563646
166,0.855882360592,0.332407404841,0.827118653867,0.361944404068
167,0.847058831706,0.34629531308,0.806779670008,0.40819230038
168,0.853781520506,0.336164366297,0.823728822551,0.40841379326
169,0.84915967223,0.333411363603,0.837288145292,0.377053080537
170,0.849579840085,0.3393350273,0.820338991486,0.387748773699
171,0.852521016317,0.340600452175,0.810169500567,0.371756991214
172,0.85294118461,0.336457212495,0.85762712612,0.345652698839
173,0.846218495653,0.352928802715,0.847457634696,0.395587464068
174,0.849579840272,0.334531486582,0.830508483669,0.392480962389
175,0.844957991151,0.352278293666,0.827118654372,0.37573021824
176,0.849159672042,0.336861447298,0.820338992749,0.36202268113
177,0.850000007845,0.342548429982,0.820338992244,0.400364348633
178,0.844537823704,0.35322618677,0.844067804642,0.357625407435
179,0.852941184234,0.327453260467,0.830508484679,0.339830086014
180,0.85798320096,0.323594458613,0.854237296319,0.338583729088
181,0.843277318826,0.353421529536,0.837288144281,0.352435151904
182,0.857142864781,0.336672117871,0.820338992749,0.472839096277
183,0.846218495497,0.344771384614,0.83389831347,0.377360864022
184,0.853361352527,0.333920416469,0.854237296824,0.371622653457
185,0.850840344493,0.329226679842,0.837288144786,0.38968571446
186,0.846638663382,0.337571656926,0.850847465507,0.352748607017
187,0.842436982835,0.349035332895,0.837288144786,0.365474519272
188,0.852521016317,0.329748188905,0.827118653362,0.359414786416
189,0.854201688486,0.333772873623,0.847457635201,0.398411779838
190,0.85882353695,0.32752426817,0.837288144786,0.35838770778
191,0.85798320074,0.32545837256,0.820338993254,0.392442042418
192,0.848739503875,0.331378278988,0.857627126625,0.348343503141
193,0.845798327611,0.335985177017,0.867796618049,0.32106291408
194,0.845378159694,0.33673137748,0.837288143524,0.362452445457
195,0.856302528728,0.328323219003,0.854237296319,0.345679625806
196,0.855042024821,0.330008167257,0.847457635706,0.344033086325
197,0.857563032823,0.327388439914,0.867796617039,0.337653011336
198,0.862184881319,0.31789800916,0.85762712612,0.336759381312
199,0.855882360655,0.327951541468,0.844067804389,0.354470065242
200,0.863865553644,0.320026683316,0.884745769582,0.298618864331
201,0.850420176294,0.339866300356,0.806779671018,0.384777348994
202,0.836554630589,0.357938487004,0.857627126625,0.331771554331
203,0.837815134277,0.349631080044,0.850847466517,0.363595128691
204,0.846638663852,0.327799211781,0.847457635706,0.347090628061
205,0.852100848619,0.338119261303,0.847457636211,0.355304338543
206,0.857983201022,0.333613200833,0.840677974588,0.363817576761
207,0.844117655661,0.338512629638,0.833898312712,0.363221566682
208,0.858823537138,0.323640280568,0.830508484174,0.32588922365
209,0.857983201241,0.327122012443,0.810169501325,0.421534597495
210,0.857563033262,0.317971741084,0.847457635706,0.317674778276
211,0.860504209463,0.329205030278,0.813559331631,0.382531730048
212,0.853361352464,0.3235542178,0.820338992749,0.367186422381
213,0.85798320096,0.326747947944,0.806779671018,0.427052908277
214,0.848319335895,0.331475355999,0.847457634696,0.358186221729
215,0.866806730158,0.315726591767,0.871186447346,0.306782536272
216,0.85000000797,0.333359845906,0.864406787238,0.326822617928
217,0.861764713308,0.326464582336,0.847457635706,0.35743324989
218,0.855042024539,0.338629872749,0.789830518981,0.416073794208
219,0.842857150909,0.344481937478,0.844067805399,0.353559463332
220,0.853781520694,0.334643520055,0.85762712612,0.283918734514
221,0.85378152035,0.328197171653,0.871186447851,0.364427109959
222,0.849579840022,0.329399209297,0.844067804137,0.371486843769
223,0.85000000844,0.342075619534,0.830508483669,0.402532463988
224,0.847058832082,0.338368133485,0.837288145292,0.355469654235
225,0.854621856528,0.333470486785,0.844067805399,0.387229390127
226,0.845378159506,0.336199193935,0.827118653867,0.430668565934
227,0.839075638717,0.35095402211,0.850847465507,0.400939457876
228,0.860084041264,0.318639217305,0.85762712612,0.3499207729
229,0.85378152035,0.332824641033,0.827118653362,0.4005761031
230,0.8453781596,0.343267627953,0.840677974083,0.368576350354
231,0.842016815357,0.344775874661,0.847457635706,0.354033905381
232,0.85630252876,0.330071835755,0.833898314985,0.384810079363
233,0.855882360968,0.336408727051,0.813559332136,0.391255785032
234,0.851260512222,0.337186548953,0.850847466517,0.360482084991
235,0.860084041014,0.312953585876,0.840677974083,0.351001481573
236,0.846638663977,0.334511822551,0.877966108969,0.314091115811
237,0.857142864875,0.32696832916,0.850847466012,0.345084097963
238,0.859243705305,0.319766201118,0.847457635706,0.362652918703
239,0.853361352276,0.321836740115,0.850847465507,0.329434697721
240,0.856302528634,0.324594402889,0.820338992244,0.3788471698
241,0.856302528885,0.312916398581,0.837288144281,0.33537560291
242,0.852521016223,0.328275317303,0.854237296319,0.352723765203
243,0.862184881726,0.321585451128,0.847457635201,0.334942990504
244,0.8588235372,0.318714115409,0.861016956931,0.312070911466
245,0.853361352621,0.325984841823,0.850847466012,0.346230876016
246,0.865126057771,0.316517368436,0.847457634696,0.351509312389
247,0.855882360843,0.321213108527,0.816949161938,0.403184917329
248,0.857563032604,0.326153482381,0.823728824066,0.382171545493
249,0.855462192738,0.315292702424,0.850847465507,0.338572153727
250,0.859663873097,0.334101003469,0.837288144786,0.364115146131
251,0.864285721624,0.316586976988,0.833898314985,0.330908728227
252,0.859663873473,0.330672786994,0.850847466517,0.350072373778
253,0.863025217372,0.310328200358,0.813559332642,0.466792648311
254,0.854621856653,0.330213398688,0.840677974588,0.345990372916
255,0.880252107352,0.295874577767,0.871186447851,0.364731224601
256,0.864705889697,0.31346360893,0.861016956931,0.345662059925
257,0.859243705211,0.317116900754,0.840677974083,0.358026182374
258,0.854621856309,0.317243749323,0.816949161433,0.398871117603
259,0.863025217716,0.319654476195,0.877966108464,0.292817098925
260,0.863445385696,0.310648039195,0.854237296319,0.363826351998
261,0.855042024789,0.316581586024,0.871186447598,0.351250723131
262,0.8554621928,0.323268912388,0.898305090807,0.288328133208
263,0.849159672418,0.339446411163,0.867796617039,0.302237894702
264,0.862605049517,0.324307030036,0.840677974588,0.352394994222
265,0.850000008064,0.327836649336,0.854237295308,0.291472236294
266,0.849159672168,0.338961092646,0.854237296824,0.344194456682
267,0.853361352652,0.320861731734,0.816949162948,0.363151491257
268,0.865546225813,0.312955080117,0.850847466517,0.361365722966
269,0.869327738192,0.308555617334,0.861016957437,0.319838144011
270,0.866386561772,0.32376028354,0.816949161938,0.394512472895
271,0.860084041233,0.305525116826,0.884745769076,0.287875504122
272,0.85294118461,0.327174485638,0.861016956426,0.327910074175
273,0.8672268977,0.319721032732,0.833898313975,0.396283659295
274,0.848739503938,0.326454047967,0.844067805399,0.360883136296
275,0.842016815075,0.339962605904,0.891525429689,0.284846374797
276,0.855042024758,0.327093830817,0.83389831448,0.388387364351
277,0.866806729939,0.319176281442,0.830508484174,0.358380768827
278,0.860504209557,0.323463667262,0.864406787238,0.323196789913
279,0.857142865094,0.328249112241,0.830508483669,0.38049376838
280,0.856722696927,0.324109447541,0.854237296824,0.341998679027
281,0.869327738443,0.312021774772,0.844067804894,0.364248678656
282,0.860084041202,0.317698603003,0.857627126625,0.322718377841
283,0.855042024445,0.315207913698,0.874576278662,0.319133776035
284,0.851260512065,0.325080908224,0.847457635201,0.367489900629
285,0.856302528822,0.319721803257,0.847457635201,0.335480649466
286,0.855042025009,0.330681210955,0.830508483669,0.401787067937
287,0.848319336021,0.323418161206,0.881355938265,0.315455989944
288,0.864705889791,0.3179546073,0.861016956931,0.345167105418
289,0.861344545266,0.313487729175,0.830508483669,0.369851723313
290,0.867226897888,0.314541139765,0.850847465507,0.341823262052
291,0.863025217434,0.322155249344,0.854237295813,0.353357565384
292,0.857142864437,0.320649395274,0.854237295813,0.339117445494
293,0.864285721624,0.317153380691,0.861016956931,0.34355786689
294,0.854201688705,0.321038775498,0.847457634443,0.336083758812
295,0.864705889447,0.319052376401,0.837288144281,0.341501291841
296,0.865966393855,0.308614847282,0.847457634443,0.346942593864
297,0.855462192988,0.330151717695,0.844067804894,0.360259618673
298,0.851680680076,0.326155877437,0.861016956426,0.330996821556
299,0.857142864844,0.322892159317,0.816949161938,0.368773370666
300,0.863865553769,0.311668292197,0.874576278662,0.329692836156
301,0.844537823328,0.343218871439,0.85762712612,0.350709838635
302,0.857142864656,0.32491094475,0.827118653362,0.369433562319
303,0.856722696802,0.322057010226,0.854237295561,0.341493885585
304,0.855462192769,0.318138488341,0.854237295813,0.321974525133
305,0.85840336872,0.331086098796,0.847457636211,0.356178999642
306,0.864285721498,0.315866798006,0.854237295813,0.30488177673
307,0.858403369096,0.312987980433,0.857627125615,0.337624397318
308,0.866806730127,0.294551213076,0.877966108969,0.320364848284
309,0.869747906642,0.30187083564,0.840677974588,0.350528194743
310,0.847478999999,0.330004065501,0.850847466012,0.34392083531
311,0.852100848275,0.320224472275,0.81694916219,0.430512764886
312,0.869747906203,0.304502973873,0.837288143776,0.350999262752
313,0.860924377286,0.326219363389,0.840677974588,0.368226923869
314,0.857563033043,0.317957953018,0.881355939275,0.312683625999
315,0.85126051241,0.321880733923,0.864406787743,0.332810926804
316,0.867226898013,0.319704877651,0.864406787238,0.286805656502
317,0.858403368908,0.316082360567,0.854237296319,0.313496127882
318,0.886134460506,0.285554626338,0.837288144281,0.322225977619
319,0.874789922991,0.298376000205,0.861016956426,0.332352674077
320,0.850840344086,0.333676191869,0.88135593877,0.342137051146
321,0.868067234128,0.304306072872,0.854237296319,0.358084718618
322,0.861764713214,0.321623142292,0.847457635201,0.327759747346
323,0.861764713558,0.320081541487,0.844067803884,0.366144208585
324,0.857563032792,0.310552541832,0.83389831448,0.378618310253
325,0.86638656196,0.311001716076,0.833898313975,0.362266325534
326,0.852100848463,0.321715107039,0.864406786733,0.326774518242
327,0.874789922991,0.294735116728,0.81694916219,0.424935773268
328,0.857142864781,0.329042971072,0.854237296824,0.37040546568
329,0.852100848025,0.330345970336,0.827118653867,0.374569026848
330,0.860924377724,0.313371838125,0.881355939275,0.305692053384
331,0.870588242632,0.317664775567,0.901694921114,0.295735047088
332,0.857142864969,0.319610456349,0.854237295813,0.347385849867
333,0.862605049392,0.316808798202,0.847457634696,0.328484670748
334,0.868487402108,0.306071816224,0.844067805904,0.37090807124
335,0.858823537138,0.310571926153,0.844067804389,0.338968054092
336,0.864705889916,0.315474760625,0.901694921114,0.256838636789
337,0.850000008315,0.328281021653,0.884745769582,0.303139125013
338,0.86008404139,0.307848744736,0.850847465507,0.371292153973
339,0.856722696802,0.327734259975,0.830508483163,0.412253585344
340,0.868907570213,0.304001797045,0.854237296319,0.340356711803
341,0.868907570369,0.305357004351,0.830508483669,0.356169081088
342,0.85588236078,0.327032575337,0.857627125615,0.340646774524
343,0.867647066086,0.301070686383,0.837288143524,0.346443508483
344,0.862184881507,0.317935646958,0.861016957437,0.316093278575
345,0.889075636488,0.281726324532,0.871186447851,0.337651342817
346,0.856302528634,0.321571733646,0.884745769582,0.338771506576
347,0.864285721592,0.30839373259,0.864406787238,0.306974566305
348,0.858823536668,0.312302331127,0.86440678648,0.300513864858
349,0.869327738318,0.305205755061,0.833898314985,0.373676550085
350,0.870168074559,0.30747814867,0.844067805904,0.352048043919
351,0.862605049517,0.313531365175,0.877966107706,0.260767293684
352,0.858823537075,0.320473306155,0.861016956174,0.283005698947
353,0.86134454536,0.307294577172,0.861016956931,0.354312453703
354,0.863445385664,0.305561926177,0.861016956426,0.358492190681
355,0.878571435496,0.304292896356,0.861016957437,0.310287637352
356,0.844117655474,0.342075498203,0.850847465507,0.322734435105
357,0.859663873379,0.319880042546,0.833898312965,0.384479200562
358,0.852521016442,0.318767366446,0.877966107453,0.316678982638
359,0.867226898107,0.315319163772,0.847457634696,0.367795078557
360,0.863445385539,0.30421270477,0.861016956426,0.331399629745
361,0.847478999968,0.323609528241,0.874576278157,0.311038652972
362,0.867647066024,0.303576877176,0.871186447851,0.28380891927
363,0.864285721937,0.307842055915,0.847457635706,0.319180529438
364,0.868487402358,0.306859895931,0.881355939275,0.324572310988
365,0.857983201492,0.315474314646,0.888135599888,0.290661934574
366,0.870588242413,0.31444970019,0.833898314985,0.351095963585
367,0.865546225688,0.311690201959,0.847457636211,0.363197803971
368,0.868907569806,0.311157555335,0.844067804894,0.364779264493
369,0.865126057645,0.304618622689,0.867796618049,0.316881531723
370,0.873949586719,0.288321753158,0.827118652352,0.360703912579
371,0.868907570463,0.302050894118,0.877966108969,0.307491635399
372,0.868487402139,0.306401402713,0.861016956931,0.356707335213
373,0.873109250697,0.303950854788,0.877966108464,0.30391914429
374,0.857142865094,0.313353849598,0.867796617039,0.328835686732
375,0.866386561897,0.305623673818,0.877966107958,0.329803680654
376,0.864285721561,0.319612814395,0.894915260501,0.320606406084
377,0.871848746289,0.308344199369,0.861016956931,0.346320555372
378,0.846218495872,0.331879600718,0.850847465002,0.345947842729
379,0.861344545078,0.314405755336,0.884745768571,0.297238177415
380,0.874369755012,0.290752576116,0.83389831448,0.424480197415
381,0.865126058084,0.30897960725,0.844067805904,0.345425252187
382,0.861344545704,0.31687508104,0.874576278662,0.329802946393
383,0.859243704961,0.314000897376,0.871186447346,0.30279936793
384,0.872268914738,0.298044894611,0.806779672029,0.382596166647
385,0.863445385571,0.30783173258,0.861016957437,0.366890703849
386,0.853781520131,0.320231227423,0.85762712511,0.340868336227
387,0.86764706593,0.302784798827,0.867796618049,0.29808155965
388,0.86638656221,0.305331007092,0.840677974588,0.384329190194
389,0.863025217873,0.308132364117,0.881355939275,0.302972145063
390,0.862605049236,0.307446828449,0.884745769076,0.2807222093
391,0.862184881444,0.304862666672,0.837288143776,0.361951822447
392,0.873529418802,0.299670691993,0.84067797484,0.337381066849
393,0.873529418927,0.298013684606,0.840677974588,0.37278119099
394,0.849159671917,0.332056420213,0.81016950082,0.388585748561
395,0.857142864906,0.326430108179,0.840677974588,0.362839752619
396,0.863445385257,0.315867356619,0.874576278157,0.314038737346
397,0.858823536825,0.318111136501,0.877966108969,0.293801738675
398,0.866386561835,0.308458945064,0.867796617544,0.338445460582
399,0.856722696802,0.313849180514,0.837288143524,0.342119548091
400,0.862605049392,0.313584470433,0.85762712713,0.338998969392
401,0.86680673019,0.304351086431,0.847457635706,0.319144504555
402,0.862184881319,0.308873291847,0.857627126625,0.340696117509
403,0.87226891455,0.306188266521,0.867796617039,0.334967935237
404,0.85672269677,0.329326064514,0.844067804894,0.38498853147
405,0.868907570244,0.308625598884,0.888135599888,0.296122022352
406,0.875630258982,0.287275783373,0.833898313975,0.348333016291
407,0.871848746696,0.30206493894,0.844067805399,0.344225861985
408,0.871848746696,0.298767006682,0.864406787238,0.352901466822
409,0.865546225875,0.299301312845,0.854237296319,0.321538071101
410,0.875210090846,0.30048886552,0.854237296319,0.359054637031
411,0.874369754573,0.29536546737,0.844067805399,0.34575637089
412,0.860924377286,0.302945597215,0.844067804894,0.357786171422
413,0.852941184297,0.327983279039,0.854237296824,0.313845456436
414,0.873529418927,0.300021735912,0.884745769076,0.306261367654
415,0.85924370493,0.313564714796,0.867796617544,0.30145440781
416,0.865546225875,0.303974991586,0.864406786228,0.337230378288
417,0.853781520757,0.324357390936,0.874576277652,0.307495417231
418,0.870588242507,0.287616454777,0.877966108464,0.379144987975
419,0.862605049267,0.31991478476,0.854237296319,0.321989452877
420,0.86344538579,0.316839776111,0.844067804389,0.362249990641
421,0.86260504958,0.323477280326,0.881355939275,0.288736410439
422,0.865126057739,0.313072566475,0.816949162443,0.356166715276
423,0.873529418395,0.30850508856,0.867796617039,0.290395962832
424,0.867226898075,0.310842489659,0.850847466517,0.330563013079
425,0.869327738224,0.308383466324,0.854237296319,0.323500805298
426,0.864705889854,0.30861215943,0.840677974083,0.304178532087
427,0.875210091221,0.292784491053,0.861016956931,0.331583618928
428,0.865126058084,0.316535022118,0.854237295308,0.350100597967
429,0.857983201147,0.319879027444,0.874576278157,0.303131041954
430,0.86890757015,0.302628508323,0.820338992749,0.370673962474
431,0.855462192675,0.31638878389,0.833898313975,0.343771864613
432,0.866386562148,0.308439695746,0.877966108464,0.304249920646
433,0.859243704961,0.320501582619,0.840677974588,0.351451047901
434,0.859663873347,0.315174635406,0.840677975093,0.333010283062
435,0.861344545454,0.310628833327,0.877966108464,0.310451098418
436,0.872689082999,0.299992809017,0.864406787238,0.322827605752
437,0.878151267141,0.291374441847,0.833898313975,0.349699679825
438,0.863445385602,0.318987083864,0.867796617039,0.288981969579
439,0.860504208806,0.304890761418,0.820338992244,0.410736649345
440,0.87226891455,0.30054479054,0.877966108969,0.296242186894
441,0.86470588976,0.304854254191,0.894915260501,0.26634921948
442,0.868487402014,0.304171066269,0.833898313722,0.367429301648
443,0.87100841033,0.304076737223,0.803389841722,0.405126557449
444,0.859663873222,0.323536511072,0.833898313975,0.397534315869
445,0.865546225688,0.309232003126,0.820338993254,0.376749627987
446,0.886974796089,0.282544036239,0.85762712612,0.369879794512
447,0.881092443467,0.29353107951,0.871186447851,0.417734650863
448,0.862184881444,0.310332205186,0.867796618049,0.371580272313
449,0.861764713433,0.310674034051,0.847457635201,0.333610931506
450,0.861764713308,0.310902872381,0.820338992749,0.414860737652
451,0.862605049768,0.298647479209,0.840677974083,0.334319848662
452,0.876050427055,0.295330509583,0.871186447851,0.339273454085
453,0.87731093137,0.299842813444,0.806779671524,0.373024800824
454,0.88025210754,0.291955935644,0.867796618049,0.320647740958
455,0.87268908253,0.297559154509,0.874576278662,0.334327812827
456,0.881512611666,0.300267109229,0.867796617544,0.296480240016
457,0.879831939685,0.29145207721,0.867796617544,0.279277298789
458,0.853361352589,0.330065959266,0.854237294803,0.313216013297
459,0.857563032917,0.330585284362,0.827118652857,0.367617497915
460,0.86596639373,0.311181272161,0.874576278157,0.299253390534
461,0.864705889603,0.305372559207,0.871186447346,0.317280469052
462,0.877731099349,0.297544107765,0.847457635201,0.342341170788
463,0.866806730033,0.309194228189,0.867796618049,0.303483575898
464,0.873529418739,0.294484431519,0.840677974588,0.36482966988
465,0.863865553644,0.30363265378,0.867796617544,0.316133941824
466,0.875210091159,0.296755603922,0.844067803884,0.328599935682
467,0.872689082812,0.293660610249,0.861016956931,0.350806663223
468,0.871848746633,0.288790618985,0.83389831347,0.340578348265
469,0.859663873066,0.306950420446,0.871186448356,0.329104077639
470,0.868067234066,0.304845936072,0.844067804894,0.362345316179
471,0.874789922929,0.294380874616,0.850847466517,0.370083627212
472,0.873529418614,0.296191173801,0.891525430194,0.266893578283
473,0.872689082405,0.298854292566,0.871186448356,0.31858449505
474,0.855042024539,0.327891316241,0.830508482658,0.347825704111
475,0.861764713183,0.31812559994,0.823728822045,0.345898670823
476,0.866806729658,0.305544971113,0.85762712612,0.297644137578
477,0.867647065961,0.306049592292,0.847457634696,0.341135957042
478,0.873529418865,0.297899953951,0.864406787743,0.332381479379
479,0.852100848306,0.319559650817,0.827118652857,0.375517137791
480,0.868487402233,0.318890522085,0.884745769076,0.306392366603
481,0.867647066212,0.308486908792,0.867796618049,0.348773880909
482,0.85546219255,0.313773922787,0.884745769076,0.32727946521
483,0.857142864906,0.312255451604,0.898305090807,0.254034754015
484,0.879831939685,0.300998574686,0.88135593877,0.27714148047
485,0.865966393855,0.302009855921,0.867796617544,0.313644056161
486,0.860504209181,0.318587285999,0.823728823561,0.352053001491
487,0.871008410674,0.300081350481,0.884745769076,0.295516131319
488,0.858823537326,0.317275097922,0.823728823056,0.339307457587
489,0.869747906391,0.30307690944,0.884745768571,0.284883088101
490,0.860924377443,0.310564895427,0.888135599888,0.295903036466
491,0.873109250572,0.287037989618,0.830508482658,0.353629398365
492,0.867226898295,0.308023310861,0.861016957437,0.335228047128
493,0.867226898044,0.303644079692,0.894915260501,0.277980988151
494,0.866806730033,0.298836151021,0.877966107958,0.31757891317
495,0.876470594784,0.295144713249,0.833898314985,0.361225869759
496,0.866386562148,0.295629606077,0.891525429689,0.291482015939
497,0.86386555355,0.301797475713,0.844067805904,0.360338167619
498,0.874789923054,0.285851593122,0.864406787238,0.290537511614
499,0.876470595035,0.286278539486,0.884745769076,0.332805390107
500,0.865966394043,0.301362496503,0.840677975093,0.340464283665
501,0.857983200928,0.305064412397,0.874576278662,0.299757970623
502,0.874369755012,0.302144890322,0.871186447851,0.313229867147
503,0.869747906422,0.294306553078,0.881355939275,0.303839671789
504,0.871008410486,0.297596973907,0.871186447851,0.290917716605
505,0.87647059516,0.296651691918,0.85762712713,0.320400888826
506,0.86848740192,0.296935399799,0.867796618049,0.33467686593
507,0.884033619794,0.290339750731,0.854237296319,0.315079295092
508,0.868487402358,0.312985436725,0.864406786733,0.325737239888
509,0.868907570213,0.307952329516,0.85762712713,0.344742374968
510,0.882773115667,0.283416389456,0.867796618049,0.311206528191
511,0.877310931244,0.288617411984,0.844067805904,0.350552844073
512,0.883613451407,0.282854096267,0.888135598373,0.354121388552
513,0.882352947625,0.291169103431,0.867796617544,0.340650159676
514,0.870588242319,0.288841681985,0.88135593877,0.345636520282
515,0.874369755074,0.299108648681,0.871186448356,0.319244775669
516,0.885294124046,0.28703508548,0.884745769582,0.28462342899
517,0.870168074371,0.294980846432,0.820338992244,0.398681148255
518,0.870168074715,0.287979485764,0.850847466517,0.322514975254
519,0.874789923148,0.30307249141,0.850847466012,0.323008970689
520,0.859243705243,0.310885655514,0.871186448356,0.322122346294
521,0.860084041484,0.313158723119,0.847457636211,0.319869704987
522,0.86764706618,0.304558342988,0.871186448356,0.330083202192
523,0.863025217497,0.313475601485,0.837288143776,0.356452287569
524,0.870588242382,0.29703950601,0.847457634696,0.333290840231
525,0.875630259044,0.295794429453,0.867796617544,0.322671922524
526,0.880672275519,0.292061005097,0.850847466012,0.338605735135
527,0.872268914738,0.297454218995,0.837288143776,0.322688083433
528,0.881512611416,0.275980468832,0.850847466517,0.318454401347
529,0.873949586688,0.294356932206,0.884745768571,0.282289071324
530,0.864285721436,0.302582750973,0.871186448356,0.309524456071
531,0.868067234003,0.300296149428,0.827118652857,0.416310838534
532,0.856302528885,0.319907434449,0.877966107958,0.296641985112
533,0.868067234254,0.301879361968,0.837288144281,0.361666111686
534,0.879411771643,0.300897113447,0.857627126625,0.309018078118
535,0.863025217779,0.311888486296,0.861016957437,0.34262710112
536,0.86890757015,0.309252472547,0.877966108464,0.302932731997
537,0.873949587095,0.293714255893,0.854237296319,0.323765896513
538,0.872689082686,0.282751491458,0.867796617544,0.315448816455
539,0.873529418301,0.290816127831,0.894915260501,0.30874661091
540,0.853781520632,0.315184286897,0.854237296319,0.345601414409
541,0.868487402171,0.292039222389,0.871186447851,0.324160263195
542,0.867647066086,0.305020116364,0.881355939275,0.324511865943
543,0.863025217685,0.314312010064,0.901694921114,0.304733280029
544,0.860924377286,0.299878463986,0.84745763419,0.332657438529
545,0.876470595348,0.28965808045,0.888135599888,0.307089708493
546,0.882773115667,0.286839119534,0.850847466012,0.336251125055
547,0.873529418489,0.304010892299,0.877966107958,0.326912032756
548,0.874369754886,0.296354864231,0.867796617544,0.322383363684
549,0.868067234191,0.31036377681,0.861016956174,0.330374221175
550,0.874789922897,0.295825188213,0.874576278662,0.326007702782
551,0.873529418739,0.298912672185,0.874576278157,0.303060959393
552,0.875210090846,0.292495915134,0.925423733259,0.257565589527
553,0.868907570338,0.294127029523,0.867796617544,0.310463208137
554,0.868487402233,0.297661096452,0.844067804894,0.380649242108
555,0.871848746821,0.302654461779,0.881355939275,0.339925141405
556,0.875210091159,0.294524012431,0.864406786733,0.284987947288
557,0.856302529104,0.323784261699,0.90508475041,0.240219547398
558,0.865126057708,0.304432386055,0.847457635201,0.373437332684
559,0.873529418395,0.293762333672,0.847457634696,0.358012220743
560,0.87184874632,0.289808130557,0.83389831448,0.369919462698
561,0.871008410612,0.300594305917,0.850847465507,0.335808465541
562,0.873109250697,0.30761866025,0.837288144786,0.31874400311
563,0.874789922647,0.285684075191,0.83389831246,0.362987392408
564,0.868907570588,0.297681448668,0.877966107958,0.286644240841
565,0.889915972698,0.26879109839,0.864406787238,0.30234527007
566,0.875210091127,0.295157518473,0.844067804894,0.365361434613
567,0.857983200834,0.320541938978,0.840677975093,0.37418699334
568,0.876470595097,0.294736249318,0.867796617544,0.315807005296
569,0.872268914801,0.304780748235,0.85762712612,0.318594522711
570,0.878151267642,0.295414102052,0.850847466012,0.352028028408
571,0.862605049643,0.294628874743,0.857627126625,0.322404840298
572,0.864285721843,0.30268914089,0.888135598878,0.25441387321
573,0.869327738255,0.307421089087,0.891525430194,0.280210539257
574,0.886134460381,0.276476339723,0.871186447851,0.304848238005
575,0.886554628235,0.273605959897,0.874576278662,0.324235661966
576,0.870168074277,0.288799572345,0.88135593877,0.286150703586
577,0.867647065961,0.307410548292,0.877966108464,0.303515082699
578,0.879411771361,0.284273483853,0.84067797383,0.40451134252
579,0.868067234191,0.309742978203,0.871186447346,0.310616720468
580,0.866806730127,0.30562450068,0.864406787238,0.327734659978
581,0.876050426899,0.2812868419,0.901694921114,0.306199755962
582,0.874369755012,0.296306419257,0.891525430194,0.309143725088
583,0.871428578654,0.300143032444,0.881355939275,0.274821793945
584,0.881932779708,0.293305987516,0.888135599888,0.299169018612
585,0.86932773813,0.307630429083,0.871186448356,0.309675535124
586,0.871428578466,0.296370226076,0.877966108969,0.295001754948
587,0.873949586969,0.284943224087,0.837288145292,0.401907076365
588,0.876890763265,0.295265241808,0.881355939275,0.314685560668
589,0.872268914676,0.301976543202,0.874576277147,0.28631451164
590,0.87521009072,0.290015668264,0.847457635201,0.339663842567
591,0.868907570463,0.297427549395,0.847457636211,0.370782815867
592,0.868907570213,0.297883970546,0.864406787743,0.318658679345
593,0.865966394105,0.301477985386,0.83389831448,0.329889764915
594,0.875210090908,0.292196092798,0.88135593877,0.331609325768
595,0.870168074465,0.296075844793,0.850847466517,0.334202438403
596,0.864285721592,0.315147689958,0.884745769076,0.294216880038
597,0.879831939623,0.278127316636,0.881355939275,0.317731226905
598,0.87016807459,0.303475436848,0.864406787238,0.300041530502
599,0.874789922803,0.293944278544,0.850847466012,0.343310076301
600,0.881092443624,0.279751186142,0.871186447346,0.33559318212
601,0.880672275363,0.287134170493,0.867796617544,0.351187723862
602,0.880672275519,0.28688073584,0.857627126625,0.343822384916
603,0.868067233815,0.303838532246,0.901694921114,0.282530342971
604,0.877731099349,0.286707807184,0.85762712612,0.378458515694
605,0.875210090939,0.294858799191,0.833898314985,0.35630206909
606,0.873529418802,0.289055875549,0.867796618049,0.338352352949
607,0.879831939184,0.285831219571,0.898305090302,0.278399112871
608,0.865966393824,0.299465046037,0.840677972567,0.344062566315
609,0.874369754761,0.290062812415,0.894915260501,0.290495996569
610,0.876890762858,0.286655001397,0.874576278662,0.334111215578
611,0.878151267203,0.287001455868,0.877966108464,0.261904582665
612,0.875630259263,0.286413864084,0.854237296319,0.316702617301
613,0.857983200866,0.329650172314,0.871186448356,0.310620045826
614,0.883193283929,0.288080948366,0.793220349793,0.44472001875
615,0.856302528947,0.314070448905,0.830508483669,0.344891629608
616,0.878151267266,0.278691560116,0.85762712713,0.343493120271
617,0.860504209432,0.306696395202,0.864406786733,0.322495524377
618,0.879411771393,0.286988823127,0.840677975093,0.316763649521
619,0.861764713496,0.311195048237,0.844067803126,0.346568899134
620,0.888235300404,0.273608325057,0.894915260501,0.282777105979
621,0.871848746633,0.295742764936,0.857627126625,0.335917604898
622,0.877731099255,0.297828796601,0.901694921114,0.256937317803
623,0.882352947688,0.284446361616,0.83389831448,0.447480176528
624,0.874369754479,0.295598825322,0.918644072646,0.262343221928
625,0.876470595035,0.300963477505,0.874576278662,0.283942606805
626,0.890756308594,0.273588858154,0.850847465002,0.304542930102
627,0.884453788212,0.273623132069,0.844067805904,0.348467018929
628,0.870588242194,0.297912356342,0.877966108969,0.311019853105
629,0.872268914738,0.292462993304,0.877966108969,0.294624550394
630,0.873529418677,0.299242185601,0.874576278662,0.343186456079
631,0.875210090971,0.286424518579,0.857627126625,0.309470518476
632,0.866806730252,0.315930196781,0.844067805904,0.333462151683
633,0.878991603382,0.283285128285,0.871186447851,0.308190901022
634,0.878151267266,0.295705829747,0.905084750915,0.288603965793
635,0.84831933577,0.322990435653,0.88135593776,0.279008559346
636,0.876470595097,0.288635727738,0.857627126625,0.318070231984
637,0.881932779771,0.279136966546,0.871186447851,0.315241769903
638,0.865546225875,0.300025295341,0.854237295813,0.334714884065
639,0.876470595379,0.290288258273,0.867796617544,0.296562630936
640,0.869747906015,0.294153335375,0.844067803884,0.319126075323
641,0.88277311573,0.281747028521,0.85762712713,0.326255190202
642,0.865126057708,0.308643449716,0.864406787238,0.306953799863
643,0.885714291806,0.28209352651,0.857627125867,0.328690441167
644,0.87563025895,0.295163518929,0.850847466012,0.306907624448
645,0.860084041577,0.300147291985,0.874576278157,0.285140702596
646,0.865546225594,0.299068221635,0.854237295813,0.323836338817
647,0.87731093137,0.27756974598,0.864406787238,0.301015354882
648,0.870168074465,0.290991919291,0.830508484174,0.346473807753
649,0.880252107602,0.289246139277,0.861016956931,0.288133227535
650,0.873529419115,0.294492968256,0.854237296824,0.332543476911
651,0.856722696864,0.315861946426,0.83389831448,0.365437859953
652,0.869327738349,0.308040346993,0.871186447346,0.296555724816
653,0.881932779552,0.28727272696,0.857627126372,0.343354479268
654,0.86176471312,0.310912403662,0.837288143776,0.355810204742
655,0.867647066149,0.298784498219,0.857627125615,0.305278930561
656,0.878151267047,0.296150719058,0.877966108969,0.2919304697
657,0.872689082843,0.296742069574,0.891525430194,0.28621178354
658,0.880252107665,0.282930836551,0.813559332642,0.394329328816
659,0.878571435183,0.291342949679,0.857627126625,0.363747636204
660,0.871848746727,0.294448009974,0.871186448356,0.344030390762
661,0.869327738161,0.310031276807,0.898305090302,0.272727678104
662,0.891176476699,0.272681547133,0.830508484679,0.360022973364
663,0.876050427086,0.290035247231,0.854237295056,0.333024888599
664,0.882352947876,0.279211181286,0.854237296824,0.321646858449
665,0.869747906047,0.286892581802,0.874576278662,0.286002542066
666,0.881092443687,0.272031953085,0.823728823561,0.414993222613
667,0.876050426867,0.29043575082,0.861016955669,0.383152454902
668,0.863865553456,0.291392939181,0.867796617544,0.313360384397
669,0.871428578278,0.294778719889,0.867796618049,0.317591252816
670,0.860924377537,0.301688957803,0.884745769582,0.313179603509
671,0.881512611791,0.295321383631,0.850847465002,0.348161513523
672,0.87226891455,0.296606988857,0.850847465507,0.365339991368
673,0.871848746759,0.29967798367,0.827118654372,0.358031756039
674,0.876890763077,0.288789684164,0.816949163453,0.376169284964
675,0.871848746445,0.292168970502,0.850847466517,0.325127753161
676,0.875210091096,0.294893563099,0.874576278662,0.315244110396
677,0.865966393918,0.325055461275,0.874576278157,0.284041389665
678,0.866386561835,0.299333284679,0.871186447851,0.291509835776
679,0.886554628172,0.282527797378,0.837288143776,0.37333391389
680,0.876470595035,0.301914338343,0.850847465002,0.344249552652
681,0.881932779646,0.279616074089,0.871186448356,0.295115965371
682,0.865546226095,0.303234161269,0.888135599383,0.265068521818
683,0.87563025895,0.290539367007,0.874576278157,0.32801585736
684,0.876470595223,0.287318985878,0.850847466517,0.350277544331
685,0.87310925076,0.296499091291,0.884745769582,0.278828540943
686,0.865126057958,0.299643173947,0.888135599383,0.291356974992
687,0.863865553769,0.296485403161,0.87118644684,0.322805190427
688,0.870588242382,0.299734198512,0.87118644684,0.376046493144
689,0.863865553425,0.303039799452,0.840677975598,0.312424419637
690,0.866386562022,0.300933583874,0.861016957437,0.301741342171
691,0.865546226001,0.298331245404,0.830508483163,0.373967895
692,0.876890763171,0.279316121141,0.888135599383,0.307459961307
693,0.878571435183,0.28471555463,0.884745769076,0.310938367715
694,0.88319328396,0.289309074914,0.816949162443,0.425131008124
695,0.869327738067,0.286726349495,0.861016956426,0.292496012745
696,0.868907570275,0.303032947837,0.850847465507,0.328204661229
697,0.880672275582,0.281745124679,0.850847464497,0.333922259446
698,0.877731099224,0.280790590916,0.877966107958,0.303172070849
699,0.867226897888,0.303377930278,0.83389831448,0.358160882083
700,0.868487401826,0.30089628716,0.854237296319,0.333192770575
701,0.875630259076,0.282426174206,0.881355939275,0.288744376562
702,0.876470595035,0.294005909152,0.861016957437,0.34014865554
703,0.883193283897,0.279693224874,0.894915259491,0.261288384197
704,0.87899160335,0.285354823117,0.90508475142,0.259111934989
705,0.87605042718,0.287104927982,0.877966108464,0.346100807506
706,0.869327738098,0.29252828343,0.864406787238,0.28868183462
707,0.877310931182,0.29418984639,0.844067804389,0.326882479996
708,0.877731099287,0.280833886639,0.850847466012,0.314893100348
709,0.886974796215,0.281243784126,0.844067805399,0.325575523584
710,0.883613451971,0.280010964498,0.901694921114,0.272822302687
711,0.888235300216,0.276742283357,0.844067804894,0.366001456124
712,0.88739496457,0.28783167721,0.85762712713,0.299825199643
713,0.8823529475,0.274999135686,0.854237296319,0.3521863469
714,0.862605049611,0.310928841943,0.850847466012,0.319006224242
715,0.863025217434,0.311253684878,0.864406787238,0.308674135703
716,0.865126057896,0.313448947416,0.877966108464,0.298413329332
717,0.874369754886,0.286512302297,0.85762712612,0.325864707325
718,0.878991603476,0.292523452707,0.861016957437,0.335100634024
719,0.884033619731,0.287422592079,0.898305090302,0.25644028493
720,0.879831939466,0.291256591251,0.847457636211,0.325376136007
721,0.871008410361,0.291919536544,0.864406787743,0.307234532815
722,0.875210091096,0.286408998049,0.847457636211,0.368851204987
723,0.873529418583,0.293089174626,0.881355939275,0.308932336205
724,0.88193277974,0.279654250339,0.867796617544,0.29007866644
725,0.885714292088,0.264662697301,0.871186448356,0.309660520436
726,0.871848746383,0.296917343379,0.854237296319,0.330019313747
727,0.873109250697,0.29468035939,0.83389831448,0.361219781309
728,0.887394964319,0.275208544777,0.901694920609,0.269346585687
729,0.871428578529,0.300197055227,0.871186447851,0.309952002903
730,0.874789922616,0.296763895346,0.894915259996,0.276473877415
731,0.868067233878,0.302432056861,0.871186448356,0.331498466085
732,0.871008410424,0.300090693501,0.864406787238,0.328872190315
733,0.869327738005,0.292045871398,0.888135599888,0.335530132403
734,0.87563025895,0.290992936268,0.891525430194,0.322766549001
735,0.865126057896,0.303025280294,0.871186447851,0.323703718387
736,0.875630259013,0.29881648256,0.864406787743,0.289398923927
737,0.872689082718,0.299530002375,0.840677974588,0.323487243157
738,0.877310931307,0.291844288435,0.837288144281,0.378519674605
739,0.86596639398,0.310019070799,0.861016956931,0.319488135624
740,0.865546225719,0.300922429549,0.830508484174,0.37128019175
741,0.88823530056,0.271460443868,0.908474581727,0.257469966597
742,0.869747906422,0.303093744387,0.857627126625,0.33747703339
743,0.871848746571,0.302681251179,0.837288144281,0.363149598651
744,0.871008410549,0.299069003609,0.871186447851,0.326916462726
745,0.879411771549,0.289153777916,0.85762712511,0.356790536036
746,0.87983193931,0.276434107922,0.864406787238,0.343410576678
747,0.871428578466,0.292559608856,0.901694921114,0.268016638361
748,0.880672275644,0.282151777368,0.871186447851,0.30519318789
749,0.87268908278,0.290378537381,0.85762712713,0.317887280263
750,0.873109250791,0.286290169322,0.874576277652,0.301697028106
751,0.879831939497,0.282070511095,0.864406787743,0.299101557014
752,0.886134460255,0.279429988525,0.810169501325,0.446119452748
753,0.872689082592,0.291012803206,0.857627126625,0.298242961262
754,0.876470595129,0.280529498553,0.857627126625,0.316904124883
755,0.881512611729,0.284974545702,0.884745769582,0.284735637385
756,0.879411771706,0.294308462352,0.874576278662,0.281205657143
757,0.873529418865,0.281162469695,0.888135599383,0.265390058443
758,0.873949586782,0.284405676844,0.877966108969,0.304832743134
759,0.872689082843,0.293503519289,0.871186448356,0.306192066078
760,0.873109250885,0.286702387884,0.871186447851,0.299852407648
761,0.87731093137,0.288759249106,0.88135593877,0.31760027127
762,0.887815132236,0.272768978264,0.854237296319,0.337748111904
763,0.865546225594,0.300992079361,0.850847466517,0.342033929049
764,0.882352947688,0.28613764786,0.874576278157,0.338706537955
765,0.877731099349,0.295032270683,0.874576278157,0.360011244414
766,0.887394964382,0.270993197039,0.864406787743,0.335680131753
767,0.881932779959,0.283754326301,0.854237296319,0.299456595049
768,0.898319333479,0.266968336939,0.850847466012,0.373368636089
769,0.889915972478,0.276572521099,0.877966108969,0.31497334591
770,0.886134460255,0.280111348174,0.847457636211,0.374104455934
771,0.87983193956,0.284988737591,0.847457635201,0.313793987415
772,0.884873955816,0.283917943407,0.871186447851,0.323480093789
773,0.88823530031,0.272562455621,0.901694920103,0.306272634921
774,0.870588242569,0.291931257881,0.867796618049,0.32556775206
775,0.882773115981,0.276724245485,0.85762712713,0.305009650477
776,0.876470595316,0.298229405891,0.864406787238,0.308064795525
777,0.862184881601,0.298032585876,0.877966108464,0.287794050682
778,0.875630258825,0.289493777507,0.888135598878,0.305324293294
779,0.859663873473,0.307452419874,0.847457635706,0.34724029463
780,0.876890763202,0.289615716081,0.803389839954,0.448998797054
781,0.881512611666,0.278189428245,0.864406787743,0.338249786268
782,0.885714292025,0.284091706255,0.850847466012,0.321347680353
783,0.881092443687,0.288406125602,0.850847466012,0.336271345237
784,0.88361345194,0.269815407545,0.857627126625,0.330416591301
785,0.875630258794,0.285600171886,0.857627125615,0.294945876793
786,0.879411771361,0.293991028683,0.867796617039,0.316651269446
787,0.875210090971,0.286666483423,0.884745769076,0.325798900766
788,0.86512605752,0.305344618943,0.837288144786,0.346602431356
789,0.866806730065,0.29448188821,0.847457634443,0.34591445431
790,0.878151267329,0.28523738165,0.830508483669,0.338948538085
791,0.870588242444,0.293779604325,0.854237296824,0.344919248595
792,0.871428578716,0.299948272929,0.884745768571,0.272587080312
793,0.88025210754,0.290593536195,0.911864411528,0.228990530406
794,0.882773115667,0.270633997912,0.88135593877,0.297970395283
795,0.881512611729,0.273419323769,0.884745769582,0.336049162262
796,0.880252107383,0.285387473917,0.881355939275,0.297081579565
797,0.881512611697,0.285094269348,0.864406787238,0.27804643383
798,0.882773115793,0.2816996533,0.888135598878,0.297768256075
799,0.874369755074,0.302544739661,0.874576277147,0.304105773726
800,0.871428578341,0.293936194602,0.877966108969,0.347305336967
801,0.86932773838,0.296770747023,0.850847466517,0.334604585701
802,0.881092443561,0.27663682146,0.884745768571,0.309053009628
803,0.885714291744,0.274754141669,0.871186447851,0.261494518147
804,0.865966393855,0.301472713271,0.884745769582,0.259664732142
805,0.885294124046,0.279319196955,0.874576278157,0.304464263873
806,0.884033619857,0.289259531253,0.901694921114,0.292690370484
807,0.881932779771,0.289163933543,0.861016956931,0.342467144384
808,0.880252107477,0.292903101126,0.854237296319,0.384056280351
809,0.883613451752,0.278229672391,0.840677975093,0.364923159702
810,0.871848746633,0.296981766202,0.88135593877,0.289024132699
811,0.877310930994,0.285937133206,0.877966108464,0.284311759964
812,0.878571435747,0.290464278686,0.877966108969,0.331462233785
813,0.877731099349,0.28681655387,0.867796617544,0.355598390892
814,0.862605049486,0.310236320025,0.867796617544,0.278820158282
815,0.877731099287,0.280867349235,0.867796617544,0.324884055182
816,0.874789922835,0.286951051551,0.874576278157,0.337056029967
817,0.874789922866,0.288233875234,0.884745769076,0.315098126214
818,0.875210090971,0.303615921787,0.877966108464,0.295281524249
819,0.88655462811,0.277064494108,0.871186447851,0.304069804754
820,0.867226898357,0.290971832006,0.867796618049,0.337044557778
821,0.890756308782,0.263733893457,0.881355939275,0.381550398955
822,0.884873956129,0.269769605257,0.891525430194,0.299051851855
823,0.867647066086,0.311790549138,0.867796617544,0.350761098156
824,0.871428578466,0.290698818628,0.861016957437,0.317392406038
825,0.87899160357,0.284514423996,0.81016950284,0.345525157149
826,0.86974790636,0.294021451134,0.861016956931,0.31107623913
827,0.878151267454,0.291934780949,0.844067804894,0.329811031788
828,0.875630259232,0.286925306293,0.844067804389,0.301361188545
829,0.878571435183,0.290687476034,0.850847465254,0.347259797661
830,0.888655468258,0.273816961807,0.881355939275,0.289243475708
831,0.896218493268,0.258263741369,0.850847466012,0.347156918276
832,0.882773115542,0.269226089715,0.833898312965,0.353956634558
833,0.864705889916,0.300450487133,0.854237296319,0.310886924013
834,0.880672275613,0.277307849784,0.861016956931,0.327296510276
835,0.877310931088,0.287908993701,0.847457635706,0.414773378111
836,0.881932779959,0.289358334655,0.854237296319,0.316085867047
837,0.87058824235,0.288764368394,0.85762712713,0.346343862524
838,0.882352947813,0.284723501535,0.844067803884,0.32566081019
839,0.87731093137,0.28540123733,0.864406787238,0.297269784325
840,0.890756308625,0.274008832582,0.861016955669,0.343572579356
841,0.879411771455,0.290888717836,0.877966108464,0.270547489273
842,0.868487402296,0.305347065774,0.871186448356,0.332916038269
843,0.888655468508,0.275784946939,0.861016956931,0.29168021379
844,0.878571435433,0.287866407262,0.85762712612,0.391990555734
845,0.875210091096,0.28970148594,0.88135593877,0.310178794914
846,0.876050426836,0.286349319892,0.877966108969,0.310375804681
847,0.879831939591,0.280939760141,0.83389831347,0.382600411015
848,0.872689082405,0.286648136806,0.830508482911,0.345996344367
849,0.878151267454,0.280013115044,0.844067805399,0.35019353392
850,0.874369755199,0.297020040284,0.847457636211,0.369620472003
851,0.876470595285,0.278513244025,0.884745769582,0.300927137924
852,0.871008410424,0.299870193114,0.867796618049,0.309735631981
853,0.885294124046,0.277543771957,0.847457635706,0.354975076045
854,0.891596644992,0.272765911098,0.844067804894,0.33320140403
855,0.875630259013,0.292234110802,0.908474581221,0.257343526993
856,0.885714292088,0.277375717561,0.847457634696,0.307073889963
857,0.881092443687,0.280188582321,0.877966108464,0.319818196187
858,0.900000005773,0.258601158552,0.844067804894,0.345567849986
859,0.873529418802,0.299610884351,0.871186447851,0.32033891979
860,0.886554628298,0.279619190815,0.884745769076,0.281406639523
861,0.885294123921,0.285570784707,0.877966108969,0.330201945568
862,0.88361345194,0.273435390907,0.894915260501,0.257018536961
863,0.87731093115,0.283820972872,0.861016956931,0.323502785826
864,0.874789922553,0.289076982763,0.898305090302,0.278546391339
865,0.871008410549,0.288613709598,0.85762712612,0.322667004004
866,0.891596644679,0.270761986975,0.894915259996,0.259050373493
867,0.892436980794,0.269847467225,0.857627126625,0.322785061042
868,0.886134460255,0.279967458355,0.901694921114,0.275626319255
869,0.870168074465,0.306270778649,0.874576277652,0.330317655799
870,0.881512611791,0.297898786839,0.85762712612,0.303297144377
871,0.867647066024,0.295130808239,0.864406787238,0.298288147833
872,0.886554628485,0.275542273037,0.874576278662,0.304272796927
873,0.88025210754,0.276613445655,0.891525429689,0.29572647488
874,0.863865553707,0.305913299025,0.844067805399,0.348196639316
875,0.879831939623,0.278441778212,0.874576278157,0.295359303259
876,0.873109250822,0.292450422077,0.874576278157,0.33211821485
877,0.885294124046,0.275960391798,0.871186447346,0.306360840134
878,0.875210091284,0.283656123994,0.861016956931,0.336786983566
879,0.884873956035,0.282296063973,0.861016956931,0.315864473802
880,0.884033619919,0.280552400957,0.844067805399,0.389909153836
881,0.881932779395,0.291335561383,0.874576278662,0.271384072853
882,0.88655462811,0.282850661456,0.877966107958,0.257806547838
883,0.888655468446,0.265852181444,0.874576278662,0.323782622688
884,0.884873956066,0.274574331489,0.861016957437,0.322161191159
885,0.880252107414,0.284863809061,0.867796617292,0.331175566982
886,0.876890763202,0.291257478215,0.850847466012,0.34414397057
887,0.876050426867,0.286916644672,0.864406786733,0.317271461584
888,0.868487402327,0.29201262247,0.877966108969,0.376542834502
889,0.881512611666,0.283919676587,0.854237295308,0.341469999592
890,0.878991603288,0.283121490385,0.867796617544,0.317381861793
891,0.865126057771,0.305655308185,0.850847466517,0.344425241068
892,0.863865553644,0.302373128333,0.847457634696,0.328697698286
893,0.891176476793,0.264481821481,0.844067804389,0.349472964624
894,0.879411771424,0.283592425013,0.81016950284,0.36797396403
895,0.87563025895,0.287999107365,0.83389831448,0.336520957871
896,0.882773115511,0.282491368046,0.871186448356,0.308688051999
897,0.892016812846,0.269844460849,0.894915260501,0.290325391753
898,0.877310931056,0.289524035794,0.888135599888,0.265641533343
899,0.871428578466,0.29791624002,0.871186447851,0.301341994082
900,0.894957988922,0.266940918579,0.847457636211,0.332749022045
901,0.871428578591,0.290738369307,0.881355939275,0.275849327571
902,0.875210090877,0.29230569609,0.881355939275,0.292889557147
903,0.866806729877,0.280299618629,0.867796618049,0.312286228541
904,0.885714291963,0.275666609915,0.871186447851,0.309803539256
905,0.883613451627,0.279692873382,0.840677975093,0.358489077917
906,0.886134460318,0.276056241416,0.884745769076,0.295133050815
907,0.857563032917,0.304763985524,0.864406786228,0.34445951276
908,0.876050427118,0.299468755605,0.884745768571,0.296586544237
909,0.871848746602,0.292944365635,0.844067804894,0.391958103215
910,0.87184874632,0.297884120567,0.874576278662,0.296518979405
911,0.878151267141,0.276372008245,0.861016956931,0.340103576212
912,0.870168074433,0.300795693631,0.854237296319,0.344830503529
913,0.874369754886,0.293420188442,0.90508475142,0.26177987933
914,0.878151267329,0.285790575739,0.857627125615,0.324477668157
915,0.880252107258,0.276258022215,0.850847465002,0.354248758532
916,0.881092443749,0.275152796895,0.864406786228,0.336629450258
917,0.871848746414,0.307872215615,0.88135593877,0.280948458966
918,0.891596644553,0.269886946947,0.844067805399,0.335495511417
919,0.886974796308,0.278673264808,0.888135599888,0.288571573162
920,0.881932780021,0.277206018219,0.854237296319,0.343273042054
921,0.88193277952,0.284893838618,0.894915260501,0.269015542153
922,0.887394964319,0.269386734641,0.874576278662,0.353271890274
923,0.889075636676,0.277804119865,0.854237296824,0.350036358682
924,0.886554628235,0.276104472053,0.894915259996,0.228870581078
925,0.877731099412,0.282149391894,0.867796617544,0.301079316822
926,0.867226898044,0.297318809376,0.867796618049,0.318900972005
927,0.88067227577,0.280265536492,0.871186447346,0.296324289262
928,0.876890763265,0.285759780728,0.88135593877,0.272316262694
929,0.878991603476,0.289730969535,0.884745769076,0.282894059637
930,0.870588242569,0.290416203447,0.915254242339,0.269697459667
931,0.880252107289,0.267690214321,0.874576278662,0.278620493646
932,0.866806729751,0.298373573843,0.830508483669,0.330320436792
933,0.871848746633,0.300002167612,0.857627126625,0.339020602973
934,0.881092443655,0.301504027662,0.877966108464,0.268850947493
935,0.878571435308,0.28695123663,0.871186447346,0.310941783617
936,0.879411771142,0.27841165492,0.840677975093,0.37635563677
937,0.884873956066,0.27885195555,0.888135599383,0.278550327834
938,0.875630258731,0.286172966817,0.874576277652,0.322081934282
939,0.879411771518,0.283690613601,0.898305090807,0.302538043014
940,0.884873955816,0.275584752398,0.881355939275,0.327707210777
941,0.877731099287,0.291062850497,0.83389831448,0.335808518327
942,0.871848746633,0.289191066898,0.871186448356,0.35538986098
943,0.883193283772,0.284117312131,0.864406787743,0.327317566469
944,0.873529418739,0.296351379926,0.867796617544,0.321762294808
945,0.873949587095,0.285632815721,0.884745769076,0.271160986401
946,0.867226897981,0.295383368016,0.850847466012,0.334975365897
947,0.871428578529,0.29045464345,0.850847465507,0.314246833766
948,0.877310931244,0.281315118607,0.871186448356,0.310725445086
949,0.879411771612,0.279193816746,0.877966106948,0.318174235333
950,0.889495804342,0.26966272021,0.854237296319,0.338223743237
951,0.874789922866,0.293665603312,0.877966108969,0.290414401156
952,0.879831939372,0.282387982905,0.871186448356,0.339349341468
953,0.886134459942,0.27308648235,0.881355938265,0.321222771117
954,0.871428578341,0.28485087679,0.884745769582,0.363724630768
955,0.868907570056,0.288251380115,0.874576277399,0.333386984543
956,0.888655468383,0.27452108156,0.888135599888,0.295548211025
957,0.869327738505,0.301638157052,0.901694920609,0.263694625758
958,0.875210090846,0.285531364577,0.800000010406,0.400263101178
959,0.89201681294,0.264679645337,0.864406787743,0.335037571015
960,0.888655468383,0.269032152581,0.88135593877,0.316002524884
961,0.873949586844,0.290676374513,0.861016957437,0.323373462405
962,0.877731099412,0.290935619695,0.867796617544,0.282697659302
963,0.87983193931,0.277847843765,0.874576278662,0.316165951065
964,0.875630259138,0.279774368193,0.844067805399,0.337028753265
965,0.883613451814,0.271006207788,0.837288143019,0.363848215664
966,0.889915972635,0.276951545892,0.864406786733,0.307609661908
967,0.890756308657,0.266350252268,0.877966107958,0.275975880955
968,0.88823530031,0.273727957965,0.888135599888,0.302136043718
969,0.88613446013,0.281327633715,0.898305090302,0.272572702555
970,0.888235300654,0.271011585788,0.884745769076,0.277062698252
971,0.863025217747,0.310521582908,0.877966108464,0.307356390281
972,0.877731099474,0.299231077208,0.840677974083,0.396358215834
973,0.873529418865,0.292894476101,0.877966108464,0.282142284942
974,0.874789922678,0.28653083915,0.864406787743,0.321446601175
975,0.881932779395,0.278170215866,0.901694921114,0.281550573816
976,0.886554628047,0.278666130224,0.891525429689,0.295296220582
977,0.891596644866,0.273120175664,0.898305090807,0.28118067923
978,0.878151267203,0.28033452913,0.844067804894,0.363797725573
979,0.884033619982,0.282275917811,0.854237295813,0.335089632389
980,0.885294123795,0.276026114281,0.874576278157,0.284325320274
981,0.892016812721,0.266445569076,0.871186448356,0.322534232732
982,0.873949586719,0.284607837908,0.871186448356,0.306400783139
983,0.872689082467,0.292299919026,0.881355939275,0.314840193206
984,0.885294124046,0.270242923659,0.857627126625,0.343539576378
985,0.886974796277,0.276488632089,0.87118644684,0.329392550229
986,0.878571435183,0.284734670229,0.874576278662,0.302501713983
987,0.867226897856,0.307901419887,0.874576278157,0.288390787539
988,0.873109250666,0.292530371706,0.881355938265,0.319347242304
989,0.871428578309,0.287866400019,0.85762712713,0.32365825687
990,0.882352947688,0.283668672924,0.854237296824,0.354138080852
991,0.88655462836,0.27583613341,0.871186447851,0.328005292121
992,0.864705889916,0.304926932797,0.888135599383,0.288453336395
993,0.883613451877,0.299125567298,0.891525430194,0.313860771451
994,0.879831939497,0.283141577331,0.854237295813,0.333810435576
995,0.870588242069,0.292394835275,0.85762712713,0.35792655422
996,0.865546225781,0.289788131219,0.874576277652,0.314734984694
997,0.881932779834,0.286515175044,0.881355938265,0.273268703813
998,0.881092443436,0.275999439258,0.915254241834,0.216331730581
999,0.870168074652,0.299298234855,0.867796617544,0.350954750079
