epoch,acc,loss,val_acc,val_loss
0,0.718907575272,0.566023923269,0.76271187754,0.518864492239
1,0.776050431576,0.469494343461,0.766101707846,0.507288264269
2,0.791596649449,0.433058203675,0.766101707846,0.503172783781
3,0.815546228198,0.401962938742,0.76271187754,0.499571307231
4,0.842857151159,0.373002764933,0.766101707846,0.495852059227
5,0.866386561866,0.346089066985,0.769491538153,0.492488150374
6,0.884453788024,0.320693204946,0.772881368459,0.488466860379
7,0.897058829415,0.296944307148,0.776271198766,0.484703571867
8,0.909663870868,0.274686352013,0.779661029072,0.481935360927
9,0.923949584302,0.25387632371,0.779661029072,0.479238736427
10,0.936554625568,0.234683844363,0.783050859379,0.477010876698
11,0.948319330812,0.217027091085,0.776271198766,0.475382915998
12,0.95966386795,0.200812275091,0.779661029072,0.473255129184
13,0.970588237047,0.186021906386,0.783050859379,0.471898301931
14,0.974789917469,0.172508901736,0.783050859379,0.471198246388
15,0.978991597891,0.160323130648,0.779661029072,0.47133307563
16,0.983613446355,0.149304636504,0.779661029072,0.471665189175
17,0.986134454608,0.139288260202,0.783050859379,0.472034154681
18,0.98655462265,0.130222388895,0.786440689685,0.473157164404
19,0.988235294819,0.122004223393,0.789830519991,0.473669536791
20,0.989495798945,0.114462546347,0.793220350298,0.475151821087
21,0.99033613503,0.107595910236,0.793220350298,0.476466646008
22,0.991596639156,0.101324883341,0.796610180604,0.47783091096
23,0.993277311325,0.0955705258275,0.796610180604,0.479516173445
24,0.994957983494,0.090284981894,0.793220350298,0.481021760253
25,0.994957983494,0.0854029320846,0.793220350298,0.482641733678
26,0.995378151536,0.0809267547545,0.793220350298,0.484651356557
27,0.99621848762,0.0767662711128,0.793220350298,0.486272605673
28,0.99621848762,0.0729242196432,0.793220350298,0.488383370057
29,0.998319327831,0.069364150673,0.793220350298,0.489903030633
30,0.998739495873,0.0660610543955,0.789830519991,0.491704112519
31,0.999159663916,0.0629834440232,0.789830519991,0.493404804271
32,0.999579831958,0.0601118128402,0.789830519991,0.495052973282
33,0.999579831958,0.0574474002141,0.793220350298,0.496984373526
34,1.0,0.0549660185978,0.793220350298,0.498819471795
35,1.0,0.0526485181171,0.793220350298,0.500633426263
36,1.0,0.0504928514882,0.793220350298,0.502477612978
37,1.0,0.0484783432912,0.796610180604,0.504316848024
38,1.0,0.0466009368513,0.796610180604,0.505798960389
39,1.0,0.0448508286152,0.793220350298,0.507682760514
40,1.0,0.0432145983576,0.793220350298,0.509449670312
41,1.0,0.0416978304744,0.793220350298,0.51093629312
42,1.0,0.0402647638811,0.793220350298,0.512374795658
43,1.0,0.0389287669756,0.793220350298,0.514147621153
44,1.0,0.0376754544613,0.793220350298,0.515657034655
45,1.0,0.0365015683156,0.793220350298,0.517041213116
46,1.0,0.0353963407649,0.789830519991,0.51871149747
47,1.0,0.0343597919989,0.789830519991,0.520153904618
48,1.0,0.0333881791673,0.789830519991,0.521725869406
49,1.0,0.0324704452093,0.789830519991,0.523289691341
50,1.0,0.0316051044071,0.789830519991,0.524778404226
51,1.0,0.0307920043545,0.789830519991,0.526357841567
52,1.0,0.030027467417,0.789830519991,0.527780973495
53,1.0,0.0292984350553,0.789830519991,0.529172273258
54,1.0,0.0286138536401,0.789830519991,0.530508531226
55,1.0,0.0279678670913,0.786440689685,0.531995075044
56,1.0,0.027353286389,0.789830519991,0.533294291504
57,1.0,0.0267709341925,0.786440689685,0.534784259685
58,1.0,0.0262211544905,0.793220350298,0.535958362712
59,1.0,0.0256957902491,0.793220350298,0.537461642934
60,1.0,0.0251983167533,0.789830519991,0.538682605692
61,1.0,0.0247249859483,0.789830519991,0.539935449738
62,1.0,0.0242717432371,0.793220350298,0.541259711135
63,1.0,0.0238442001669,0.793220350298,0.542450845242
64,1.0,0.0234327359583,0.793220350298,0.54367349019
65,1.0,0.0230420194429,0.789830519991,0.544832858241
66,1.0,0.0226685665841,0.793220350298,0.546019478875
67,1.0,0.0223127722979,0.793220350298,0.547201666728
68,1.0,0.021971309086,0.793220350298,0.548287653948
69,1.0,0.0216454757464,0.793220350298,0.549279479847
70,1.0,0.0213343156149,0.793220350298,0.550470156248
71,1.0,0.0210340171055,0.793220350298,0.551524838464
72,1.0,0.0207480604901,0.793220350298,0.552695023685
73,1.0,0.0204745527619,0.793220350298,0.553718229093
74,1.0,0.0202108691896,0.793220350298,0.554670706518
75,1.0,0.0199569318788,0.793220350298,0.555791456757
76,1.0,0.0197128712497,0.793220350298,0.556700599459
77,1.0,0.0194793410028,0.793220350298,0.557743274623
78,1.0,0.0192536091444,0.793220350298,0.558748375182
79,1.0,0.0190371494611,0.793220350298,0.559773386598
80,1.0,0.018828495298,0.793220350298,0.560791103832
81,1.0,0.0186271562002,0.793220350298,0.561714910034
82,1.0,0.0184323101817,0.793220350298,0.56266460132
83,1.0,0.0182451702783,0.793220350298,0.563598462207
84,1.0,0.0180654064928,0.793220350298,0.564463825233
85,1.0,0.0178906374724,0.793220350298,0.565538379979
86,1.0,0.0177217143658,0.793220350298,0.566385702751
87,1.0,0.0175601854126,0.793220350298,0.567382063906
88,1.0,0.0174023068369,0.793220350298,0.568200462703
89,1.0,0.0172498880576,0.793220350298,0.569113168865
90,1.0,0.0171026561405,0.793220350298,0.570041532044
91,1.0,0.0169603684252,0.793220350298,0.570899122979
92,1.0,0.0168218308661,0.793220350298,0.571750036804
93,1.0,0.0166886664884,0.793220350298,0.572634480199
94,1.0,0.016558899055,0.793220350298,0.57343119888
95,1.0,0.0164336638482,0.793220350298,0.574354175036
96,1.0,0.0163116302447,0.793220350298,0.575161575135
97,1.0,0.0161940414975,0.793220350298,0.576025600403
98,1.0,0.0160790196749,0.793220350298,0.576747992723
99,1.0,0.015968362746,0.793220350298,0.57754985221
100,1.0,0.0158599408073,0.793220350298,0.578456962828
101,1.0,0.0157552951724,0.793220350298,0.579261774986
102,1.0,0.015652893565,0.793220350298,0.579997102114
103,1.0,0.0155536399806,0.793220350298,0.580767130953
104,1.0,0.0154572543629,0.793220350298,0.581556087896
105,1.0,0.0153635615862,0.793220350298,0.582213267589
106,1.0,0.0152718477174,0.793220350298,0.58296330008
107,1.0,0.0151833332234,0.793220350298,0.583786199816
108,1.0,0.0150966568607,0.793220350298,0.584436805098
109,1.0,0.0150127305097,0.793220350298,0.585169335512
110,1.0,0.0149305628714,0.793220350298,0.585914210464
111,1.0,0.0148510440984,0.793220350298,0.58658306408
112,1.0,0.0147729845377,0.793220350298,0.587298768209
113,1.0,0.0146972978656,0.793220350298,0.588026214202
114,1.0,0.0146234759967,0.793220350298,0.588655888719
115,1.0,0.0145511030564,0.793220350298,0.589325314514
116,1.0,0.0144812903981,0.793220350298,0.590040482991
117,1.0,0.0144125967846,0.793220350298,0.590717733127
118,1.0,0.0143455743199,0.793220350298,0.59136791824
119,1.0,0.0142804133909,0.793220350298,0.591939016419
120,1.0,0.0142166434099,0.793220350298,0.59268469133
121,1.0,0.0141544896765,0.793220350298,0.593284829188
122,1.0,0.0140936800079,0.793220350298,0.593923974751
123,1.0,0.0140343615648,0.793220350298,0.594488451289
124,1.0,0.0139761439861,0.793220350298,0.595131322868
125,1.0,0.0139196271198,0.793220350298,0.595802113224
126,1.0,0.0138642369269,0.793220350298,0.596405757717
127,1.0,0.0138100227302,0.793220350298,0.597040618628
128,1.0,0.013757062125,0.793220350298,0.597551870744
129,1.0,0.0137053387877,0.793220350298,0.598203398792
130,1.0,0.0136546414588,0.793220350298,0.598782759476
131,1.0,0.0136050229634,0.793220350298,0.599382922779
132,1.0,0.013556557684,0.793220350298,0.599987947366
133,1.0,0.0135089399904,0.793220350298,0.600539862983
134,1.0,0.0134623398214,0.793220350298,0.601101070674
135,1.0,0.0134169881334,0.793220350298,0.601685058357
136,1.0,0.0133722225486,0.793220350298,0.602270081292
137,1.0,0.0133285521639,0.793220350298,0.602837055511
138,1.0,0.0132856396117,0.793220350298,0.603407473666
139,1.0,0.0132437041147,0.793220350298,0.603916220967
140,1.0,0.0132025245229,0.793220350298,0.604461199525
141,1.0,0.0131622379618,0.793220350298,0.60500461504
142,1.0,0.0131227633047,0.793220350298,0.605522497257
143,1.0,0.0130839631091,0.793220350298,0.606137201127
144,1.0,0.0130459551989,0.793220350298,0.606627313894
145,1.0,0.0130086182832,0.793220350298,0.607189740922
146,1.0,0.0129720415008,0.793220350298,0.607676031257
147,1.0,0.0129361384051,0.793220350298,0.608233437921
148,1.0,0.0129009192191,0.793220350298,0.608700133008
149,1.0,0.012866423076,0.793220350298,0.609196383474
150,1.0,0.0128323284346,0.793220350298,0.609720514298
151,1.0,0.0127990788804,0.793220350298,0.610244970453
152,1.0,0.0127662824792,0.793220350298,0.610697359131
153,1.0,0.0127342229615,0.793220350298,0.611206537239
154,1.0,0.0127025757595,0.793220350298,0.611659959843
155,1.0,0.0126716149423,0.793220350298,0.612194210196
156,1.0,0.0126411799017,0.793220350298,0.61266412245
157,1.0,0.0126112683132,0.793220350298,0.613130934315
158,1.0,0.0125818575513,0.793220350298,0.613602093468
159,1.0,0.0125530432761,0.793220350298,0.614065415968
160,1.0,0.0125245194972,0.793220350298,0.614563023956
161,1.0,0.0124966956796,0.793220350298,0.614971284139
162,1.0,0.0124692782807,0.793220350298,0.615473686607
163,1.0,0.0124422099026,0.793220350298,0.615879388053
164,1.0,0.0124156600541,0.793220350298,0.616352875228
165,1.0,0.0123896136246,0.793220350298,0.61680546444
166,1.0,0.0123638900059,0.793220350298,0.617250219524
167,1.0,0.0123385857016,0.793220350298,0.617702209564
168,1.0,0.0123136804063,0.793220350298,0.618164759035
169,1.0,0.0122892794966,0.793220350298,0.618564569818
170,1.0,0.012265217739,0.793220350298,0.618989819124
171,1.0,0.0122415151079,0.793220350298,0.619475643892
172,1.0,0.0122181822569,0.793220350298,0.6198750961
173,1.0,0.0121952733045,0.793220350298,0.62029456082
174,1.0,0.0121726606945,0.793220350298,0.62073776328
175,1.0,0.0121504100227,0.793220350298,0.621210814754
176,1.0,0.0121285335685,0.793220350298,0.621563385036
177,1.0,0.0121069567634,0.793220350298,0.622029672771
178,1.0,0.0120857762674,0.793220350298,0.622397812525
179,1.0,0.012064802836,0.793220350298,0.622832759741
180,1.0,0.0120442237318,0.793220350298,0.623244801378
181,1.0,0.0120238634707,0.793220350298,0.623657309403
182,1.0,0.0120039036705,0.793220350298,0.624058512845
183,1.0,0.0119842322535,0.793220350298,0.624454416335
184,1.0,0.0119647679072,0.793220350298,0.624869254781
185,1.0,0.0119456833995,0.793220350298,0.625248597367
186,1.0,0.011926822153,0.793220350298,0.62567950842
187,1.0,0.0119081773431,0.793220350298,0.626042405743
188,1.0,0.0118898734599,0.793220350298,0.626463575226
189,1.0,0.0118717886175,0.793220350298,0.626844290139
190,1.0,0.0118539807203,0.793220350298,0.627230773822
191,1.0,0.0118364408464,0.793220350298,0.627585442105
192,1.0,0.0118190664837,0.793220350298,0.627997777409
193,1.0,0.0118020077279,0.793220350298,0.62836017788
194,1.0,0.0117851783064,0.793220350298,0.628744023521
195,1.0,0.0117685511579,0.793220350298,0.629117463447
196,1.0,0.0117521561651,0.793220350298,0.629502126505
197,1.0,0.0117360187358,0.793220350298,0.629840165503
198,1.0,0.0117200267689,0.793220350298,0.630181471644
199,1.0,0.0117042888085,0.793220350298,0.630549721988
200,1.0,0.0116887350974,0.793220350298,0.630949217416
201,1.0,0.0116733799986,0.793220350298,0.631285181743
202,1.0,0.0116582010665,0.793220350298,0.63166200297
203,1.0,0.0116433447869,0.793220350298,0.632032058154
204,1.0,0.0116285503208,0.793220350298,0.632351552215
205,1.0,0.011613997036,0.793220350298,0.632741268914
206,1.0,0.0115996397652,0.793220350298,0.633108512893
207,1.0,0.0115854291151,0.793220350298,0.633453246459
208,1.0,0.0115713629238,0.793220350298,0.633799109008
209,1.0,0.0115575338401,0.793220350298,0.634128561591
210,1.0,0.0115438585714,0.793220350298,0.634472732416
211,1.0,0.0115303450299,0.793220350298,0.634842895824
212,1.0,0.0115170060234,0.793220350298,0.635156331016
213,1.0,0.0115038386503,0.793220350298,0.635504397706
214,1.0,0.0114908305764,0.793220350298,0.635833552581
215,1.0,0.0114779534218,0.793220350298,0.636163995112
216,1.0,0.0114652620014,0.793220350298,0.636528654561
217,1.0,0.0114526967812,0.793220350298,0.636848185653
218,1.0,0.0114403319752,0.793220350298,0.63717106171
219,1.0,0.0114280517925,0.793220350298,0.63753782781
220,1.0,0.0114159306057,0.793220350298,0.637828069218
221,1.0,0.0114039506982,0.793220350298,0.638167986331
222,1.0,0.0113921618253,0.793220350298,0.6384993408
223,1.0,0.0113804604968,0.793220350298,0.638834131724
224,1.0,0.0113688726369,0.793220350298,0.639145466988
225,1.0,0.011357474495,0.796610181109,0.639473396969
226,1.0,0.0113461874602,0.796610181109,0.63979158058
227,1.0,0.0113349957098,0.796610181109,0.640081385971
228,1.0,0.0113240003903,0.796610181109,0.64046924697
229,1.0,0.0113130867591,0.796610181109,0.640722918151
230,1.0,0.0113023145304,0.796610181109,0.64105986286
231,1.0,0.0112916618163,0.796610181109,0.641365965986
232,1.0,0.011281094099,0.796610181109,0.641686141175
233,1.0,0.0112706762054,0.796610181109,0.641973787066
234,1.0,0.0112603720309,0.796610181109,0.642298363086
235,1.0,0.0112501847961,0.796610181109,0.642618330353
236,1.0,0.0112400926051,0.796610181109,0.642878698059
237,1.0,0.0112301011711,0.796610181109,0.643180438207
238,1.0,0.0112202448649,0.796610181109,0.643496479018
239,1.0,0.0112104920588,0.796610181109,0.643803258632
240,1.0,0.0112008652669,0.796610181109,0.644112158472
241,1.0,0.0111912888232,0.796610181109,0.644393261522
242,1.0,0.0111818236667,0.796610181109,0.644680742995
243,1.0,0.0111724870033,0.796610181109,0.644996614969
244,1.0,0.0111632569587,0.796610181109,0.64526176541
245,1.0,0.0111540944077,0.796610181109,0.645567041901
246,1.0,0.0111450180079,0.796610181109,0.645844811132
247,1.0,0.0111360835154,0.796610181109,0.64613458811
248,1.0,0.0111271991618,0.796610181109,0.646438188882
249,1.0,0.0111184213506,0.796610181109,0.64671893541
250,1.0,0.0111097173331,0.796610181109,0.647017624861
251,1.0,0.0111011304196,0.796610181109,0.647275859585
252,1.0,0.0110926336272,0.796610181109,0.647585184329
253,1.0,0.011084188985,0.796610181109,0.647826423079
254,1.0,0.0110758709224,0.796610181109,0.648139576728
255,1.0,0.0110676113395,0.796610181109,0.648427178704
256,1.0,0.0110594282854,0.796610181109,0.648681314189
257,1.0,0.0110513172386,0.796610181109,0.648969662613
258,1.0,0.0110433009089,0.796610181109,0.649231405297
259,1.0,0.011035397056,0.796610181109,0.649511734087
260,1.0,0.0110275125495,0.796610181109,0.649779865992
261,1.0,0.0110197515059,0.796610181109,0.650044529651
262,1.0,0.0110120404406,0.796610181109,0.650316558873
263,1.0,0.0110044075282,0.796610181109,0.65060302189
264,1.0,0.0109968579261,0.796610181109,0.650863952493
265,1.0,0.0109893605407,0.796610181109,0.651139419463
266,1.0,0.0109819387058,0.796610181109,0.651365139664
267,1.0,0.01097462898,0.796610181109,0.651638429833
268,1.0,0.0109673301306,0.796610181109,0.651924782133
269,1.0,0.0109601189332,0.796610181109,0.652142024836
270,1.0,0.0109529906215,0.796610181109,0.652402536028
271,1.0,0.010945915045,0.796610181109,0.652671972542
272,1.0,0.0109389000279,0.796610181109,0.652910361761
273,1.0,0.0109319616297,0.796610181109,0.65319440457
274,1.0,0.010925097031,0.796610181109,0.653465761882
275,1.0,0.0109182712798,0.796610181109,0.653662873148
276,1.0,0.0109115317718,0.796610181109,0.653944462348
277,1.0,0.0109048177441,0.796610181109,0.654223684064
278,1.0,0.0108981999948,0.796610181109,0.65443331543
279,1.0,0.0108916355461,0.796610181109,0.654729156581
280,1.0,0.0108851309643,0.796610181109,0.654952273972
281,1.0,0.0108786653727,0.796610181109,0.655199847831
282,1.0,0.010872281495,0.796610181109,0.655438151779
283,1.0,0.0108659379223,0.796610181109,0.655707866048
284,1.0,0.0108596514069,0.796610181109,0.655923917826
285,1.0,0.0108534242222,0.796610181109,0.656194954416
286,1.0,0.0108472404125,0.796610181109,0.656435574168
287,1.0,0.0108411373559,0.796610181109,0.656679272683
288,1.0,0.0108350547708,0.796610181109,0.656919617395
289,1.0,0.0108290560986,0.796610181109,0.657148564992
290,1.0,0.0108230798936,0.796610181109,0.65741850442
291,1.0,0.0108171836512,0.796610181109,0.657631332181
292,1.0,0.0108113184947,0.796610181109,0.657890044942
293,1.0,0.0108055003504,0.796610181109,0.658134159395
294,1.0,0.0107997575513,0.796610181109,0.658376080284
295,1.0,0.0107940302735,0.796610181109,0.658601317997
296,1.0,0.0107883855626,0.796610181109,0.658830785713
297,1.0,0.0107827605445,0.796610181109,0.659058733733
298,1.0,0.0107771891185,0.796610181109,0.659299206557
299,1.0,0.0107716568452,0.796610181109,0.659527018824
300,1.0,0.0107662054033,0.796610181109,0.659759005942
301,1.0,0.0107607673306,0.796610181109,0.659999135661
302,1.0,0.0107553762486,0.796610181109,0.66021122092
303,1.0,0.0107500426346,0.796610181109,0.660451518182
304,1.0,0.0107447424309,0.796610181109,0.660694433566
305,1.0,0.0107394845084,0.796610181109,0.660877961034
306,1.0,0.01073428045,0.796610181109,0.661132400824
307,1.0,0.0107291047579,0.796610181109,0.661348788573
308,1.0,0.0107239802082,0.796610181109,0.661588324486
309,1.0,0.0107188959931,0.796610181109,0.661814337123
310,1.0,0.0107138437109,0.796610181109,0.662024066547
311,1.0,0.010708841777,0.796610181109,0.662240425598
312,1.0,0.0107038700699,0.796610181109,0.662476236253
313,1.0,0.0106989520195,0.796610181109,0.662679465424
314,1.0,0.0106940604707,0.796610181109,0.662895922439
315,1.0,0.0106892076462,0.796610181109,0.663123324545
316,1.0,0.0106843808517,0.796610181109,0.663342672858
317,1.0,0.01067962744,0.796610181109,0.663568633151
318,1.0,0.0106748824004,0.796610181109,0.663773476856
319,1.0,0.0106701776464,0.796610181109,0.664005088257
320,1.0,0.0106655260501,0.796610181109,0.664198424036
321,1.0,0.0106608917127,0.796610181109,0.664415664813
322,1.0,0.0106562917872,0.796610181109,0.664652964069
323,1.0,0.0106517372696,0.796610181109,0.664869073873
324,1.0,0.0106472128087,0.796610181109,0.665059892934
325,1.0,0.0106427242271,0.796610181109,0.665278561319
326,1.0,0.0106382662755,0.796610181109,0.665500678911
327,1.0,0.0106338445809,0.796610181109,0.665676872672
328,1.0,0.0106294498888,0.796610181109,0.665896850938
329,1.0,0.0106251032499,0.796610181109,0.666104024718
330,1.0,0.0106207684618,0.796610181109,0.66631783886
331,1.0,0.0106164777315,0.796610181109,0.66652808048
332,1.0,0.0106122207675,0.796610181109,0.666712843482
333,1.0,0.0106079874114,0.796610181109,0.666943857509
334,1.0,0.010603789473,0.796610181109,0.667146167797
335,1.0,0.0105996314718,0.796610181109,0.667349397221
336,1.0,0.0105954845624,0.796610181109,0.6675589812
337,1.0,0.0105913811766,0.796610181109,0.667759085137
338,1.0,0.0105873069397,0.796610181109,0.66795733369
339,1.0,0.0105832625658,0.796610181109,0.668147472191
340,1.0,0.0105792428582,0.796610181109,0.668372757954
341,1.0,0.0105752485937,0.796610181109,0.66856814561
342,1.0,0.0105712918091,0.796610181109,0.668763826459
343,1.0,0.0105673666914,0.796610181109,0.668953304037
344,1.0,0.0105634513292,0.796610181109,0.669173725139
345,1.0,0.0105595795453,0.796610181109,0.66935288161
346,1.0,0.0105557254977,0.796610181109,0.669547474296
347,1.0,0.0105519096833,0.800000011416,0.669748245154
348,1.0,0.0105481080206,0.800000011416,0.669940024741
349,1.0,0.0105443399364,0.800000011416,0.67014008912
350,1.0,0.0105406059473,0.800000011416,0.670351828496
351,1.0,0.0105368722418,0.800000011416,0.67052227808
352,1.0,0.0105331876577,0.800000011416,0.670750732392
353,1.0,0.0105295318899,0.800000011416,0.670899011037
354,1.0,0.0105258877479,0.800000011416,0.671101161358
355,1.0,0.0105222722656,0.800000011416,0.671308467449
356,1.0,0.0105186842222,0.800000011416,0.671485366205
357,1.0,0.0105151108568,0.800000011416,0.671673824064
358,1.0,0.0105115851963,0.800000011416,0.671871979516
359,1.0,0.0105080642197,0.800000011416,0.672059248943
360,1.0,0.0105045653171,0.800000011416,0.672239213929
361,1.0,0.0105010970582,0.800000011416,0.672429865542
362,1.0,0.0104976585585,0.800000011416,0.672621140225
363,1.0,0.0104942256096,0.800000011416,0.672786158999
364,1.0,0.0104908242258,0.800000011416,0.672986242226
365,1.0,0.0104874506487,0.800000011416,0.673173694982
366,1.0,0.0104840936026,0.800000011416,0.673361192157
367,1.0,0.0104807661396,0.800000011416,0.673543983976
368,1.0,0.0104774499778,0.800000011416,0.673732838136
369,1.0,0.0104741631976,0.800000011416,0.673913956383
370,1.0,0.0104708931244,0.800000011416,0.674096178737
371,1.0,0.0104676474124,0.800000011416,0.674259445267
372,1.0,0.010464414197,0.800000011416,0.674457542283
373,1.0,0.0104612202986,0.800000011416,0.674638661319
374,1.0,0.010458034293,0.800000011416,0.674816087614
375,1.0,0.0104548720029,0.800000011416,0.674996564859
376,1.0,0.010451721726,0.800000011416,0.675177840232
377,1.0,0.0104485976944,0.800000011416,0.675346086086
378,1.0,0.0104454963081,0.800000011416,0.675536870672
379,1.0,0.0104424199402,0.800000011416,0.675706002482
380,1.0,0.0104393457599,0.800000011416,0.675885269481
381,1.0,0.0104363180341,0.800000011416,0.676064639999
382,1.0,0.0104332793359,0.800000011416,0.676230773267
383,1.0,0.0104302732399,0.800000011416,0.676421235237
384,1.0,0.0104272925166,0.800000011416,0.676588423455
385,1.0,0.0104243193417,0.800000011416,0.676761384169
386,1.0,0.0104213638521,0.800000011416,0.67692697285
387,1.0,0.0104184357504,0.800000011416,0.677122216672
388,1.0,0.0104155266059,0.800000011416,0.67728133749
389,1.0,0.0104126194159,0.800000011416,0.677452667001
390,1.0,0.0104097465225,0.800000011416,0.677633617578
391,1.0,0.010406890706,0.800000011416,0.677806337538
392,1.0,0.010404047474,0.800000011416,0.677969682078
393,1.0,0.0104012166839,0.800000011416,0.678136958062
394,1.0,0.0103984104837,0.800000011416,0.678313184151
395,1.0,0.0103956233131,0.800000011416,0.67847261158
396,1.0,0.0103928444226,0.800000011416,0.678653141831
397,1.0,0.0103900880932,0.800000011416,0.678811503606
398,1.0,0.0103873474242,0.800000011416,0.678988242048
399,1.0,0.0103846224232,0.800000011416,0.679155421806
400,1.0,0.0103819150998,0.800000011416,0.679325753255
401,1.0,0.010379221621,0.800000011416,0.679493145323
402,1.0,0.0103765485883,0.800000011416,0.679665191636
403,1.0,0.0103738892984,0.800000011416,0.679813298949
404,1.0,0.0103712477956,0.800000011416,0.679998050396
405,1.0,0.0103686113094,0.800000011416,0.680149691558
406,1.0,0.0103660037843,0.800000011416,0.680317504679
407,1.0,0.0103634059715,0.800000011416,0.680475627625
408,1.0,0.010360822557,0.800000011416,0.680629909891
409,1.0,0.0103582536289,0.800000011416,0.680816512807
410,1.0,0.010355703249,0.800000011416,0.680969844051
411,1.0,0.0103531662989,0.800000011416,0.681137400379
412,1.0,0.0103506424206,0.800000011416,0.68129931927
413,1.0,0.0103481348502,0.800000011416,0.681462405912
414,1.0,0.0103456359552,0.800000011416,0.681632876554
415,1.0,0.0103431550821,0.800000011416,0.681784512696
416,1.0,0.0103406984508,0.800000011416,0.68193192417
417,1.0,0.0103382389844,0.800000011416,0.682108756723
418,1.0,0.0103358017269,0.800000011416,0.682254058672
419,1.0,0.0103333812939,0.800000011416,0.682431186944
420,1.0,0.0103309728507,0.800000011416,0.682573849114
421,1.0,0.0103285695219,0.800000011416,0.682740954556
422,1.0,0.0103261855376,0.800000011416,0.682887562093
423,1.0,0.01032382143,0.800000011416,0.68306287075
424,1.0,0.0103214608149,0.800000011416,0.683222458714
425,1.0,0.0103191152301,0.800000011416,0.683370962613
426,1.0,0.0103167882913,0.800000011416,0.683527181841
427,1.0,0.0103144726066,0.796610180604,0.683677145106
428,1.0,0.0103121671548,0.796610180604,0.683839864271
429,1.0,0.0103098754771,0.796610180604,0.683999437807
430,1.0,0.0103076007628,0.796610180604,0.684156807708
431,1.0,0.010305331521,0.796610180604,0.684307576173
432,1.0,0.0103030743766,0.796610180604,0.684448140784
433,1.0,0.0103008292338,0.796610180604,0.68461209785
434,1.0,0.0102986064055,0.796610180604,0.684774052131
435,1.0,0.0102963854751,0.796610180604,0.684924117432
436,1.0,0.0102941821067,0.796610180604,0.685069866478
437,1.0,0.0102919841385,0.796610180604,0.685226832595
438,1.0,0.0102898042332,0.796610180604,0.685388799346
439,1.0,0.0102876335922,0.796610180604,0.685539760895
440,1.0,0.0102854724406,0.796610180604,0.68567851994
441,1.0,0.0102833238559,0.796610180604,0.685839449324
442,1.0,0.0102811890044,0.796610180604,0.685986746734
443,1.0,0.0102790676746,0.796610180604,0.686143379564
444,1.0,0.0102769500349,0.796610180604,0.6862943091
445,1.0,0.010274850691,0.796610180604,0.686426837566
446,1.0,0.0102727611671,0.796610180604,0.686604134454
447,1.0,0.0102706771254,0.796610180604,0.686735540628
448,1.0,0.0102686081297,0.796610180604,0.686894445822
449,1.0,0.0102665514544,0.796610180604,0.687032873758
450,1.0,0.0102645056244,0.796610180604,0.687194350728
451,1.0,0.0102624673839,0.796610180604,0.687339081129
452,1.0,0.0102604394211,0.796610180604,0.687489615059
453,1.0,0.0102584291085,0.796610180604,0.68762670631
454,1.0,0.0102564209481,0.796610180604,0.687770037864
455,1.0,0.0102544296005,0.796610180604,0.687911801798
456,1.0,0.0102524420035,0.796610180604,0.688076064969
457,1.0,0.0102504645239,0.796610180604,0.688212000939
458,1.0,0.0102485039843,0.796610180604,0.688357802234
459,1.0,0.0102465503473,0.796610180604,0.68850385726
460,1.0,0.0102446036601,0.796610180604,0.688656406004
461,1.0,0.0102426757519,0.796610180604,0.688797281802
462,1.0,0.0102407475307,0.796610180604,0.688929432024
463,1.0,0.0102388361946,0.796610180604,0.689076611646
464,1.0,0.0102369257859,0.796610180604,0.689225337042
465,1.0,0.0102350337924,0.796610180604,0.689366041635
466,1.0,0.0102331444578,0.796610180604,0.689498205969
467,1.0,0.0102312721551,0.796610180604,0.689647516299
468,1.0,0.0102294037968,0.796610180604,0.689783947006
469,1.0,0.0102275456517,0.796610180604,0.689925913336
470,1.0,0.0102256951353,0.796610180604,0.690083586027
471,1.0,0.0102238624196,0.796610180604,0.690205116993
472,1.0,0.0102220304083,0.796610180604,0.690355406064
473,1.0,0.0102202056461,0.796610180604,0.690479324183
474,1.0,0.0102183919189,0.796610180604,0.690646027483
475,1.0,0.0102165950983,0.796610180604,0.690747987447
476,1.0,0.0102147988235,0.796610180604,0.690912650961
477,1.0,0.010213014253,0.796610180604,0.691054556424
478,1.0,0.0102112391913,0.796610180604,0.691185161882
479,1.0,0.0102094701362,0.796610180604,0.69132432973
480,1.0,0.0102077095785,0.796610180604,0.691457480918
481,1.0,0.010205958829,0.796610180604,0.691600953655
482,1.0,0.0102042131901,0.796610180604,0.691736782601
483,1.0,0.0102024803431,0.796610180604,0.691879653609
484,1.0,0.010200756197,0.796610180604,0.692007142893
485,1.0,0.0101990364257,0.796610180604,0.69214424513
486,1.0,0.0101973306341,0.796610180604,0.692280722151
487,1.0,0.0101956266659,0.796610180604,0.692425736431
488,1.0,0.010193931563,0.796610180604,0.692558883105
489,1.0,0.0101922482718,0.796610180604,0.692683131008
490,1.0,0.0101905715859,0.796610180604,0.692827430317
491,1.0,0.0101889029141,0.796610180604,0.692952168506
492,1.0,0.0101872385448,0.796610180604,0.693093208059
493,1.0,0.0101855828313,0.796610180604,0.693214765418
494,1.0,0.0101839374817,0.796610180604,0.693367907683
495,1.0,0.0101823015549,0.796610180604,0.693492029936
496,1.0,0.0101806690599,0.796610180604,0.693609268231
497,1.0,0.0101790429042,0.796610180604,0.693763445684
498,1.0,0.0101774300042,0.796610180604,0.693893205248
499,1.0,0.0101758221501,0.796610180604,0.694021248874
500,1.0,0.0101742213611,0.796610180604,0.694164613104
501,1.0,0.01017262788,0.796610180604,0.694286754544
502,1.0,0.0101710400982,0.796610180604,0.69441138331
503,1.0,0.0101694626589,0.796610180604,0.694548675475
504,1.0,0.0101678892637,0.796610180604,0.694688285148
505,1.0,0.0101663262305,0.796610180604,0.694807271047
506,1.0,0.0101647681827,0.796610180604,0.69494110832
507,1.0,0.0101632167577,0.796610180604,0.695063347155
508,1.0,0.0101616765928,0.796610180604,0.695215220831
509,1.0,0.0101601396973,0.796610180604,0.695339158682
510,1.0,0.010158611665,0.796610180604,0.695455193046
511,1.0,0.0101570864873,0.796610180604,0.695600697708
512,1.0,0.0101555739119,0.796610180604,0.695709669015
513,1.0,0.0101540630249,0.796610180604,0.695846082801
514,1.0,0.0101525631279,0.796610180604,0.695966362132
515,1.0,0.0101510675295,0.796610180604,0.696099104202
516,1.0,0.0101495784895,0.796610180604,0.69622821686
517,1.0,0.0101480955638,0.796610180604,0.696356740954
518,1.0,0.0101466221254,0.796610180604,0.696489213224
519,1.0,0.010145154001,0.796610180604,0.696607912433
520,1.0,0.0101436919732,0.796610180604,0.696744815368
521,1.0,0.0101422385876,0.796610180604,0.69687084418
522,1.0,0.0101407854133,0.796610180604,0.696995942901
523,1.0,0.0101393459251,0.796610180604,0.697110705078
524,1.0,0.0101379082448,0.796610180604,0.697252063428
525,1.0,0.0101364796703,0.796610180604,0.697354659059
526,1.0,0.0101350548642,0.796610180604,0.697491144351
527,1.0,0.0101336365871,0.796610180604,0.697605825298
528,1.0,0.0101322249505,0.796610180604,0.697748246839
529,1.0,0.0101308200465,0.796610180604,0.697856307598
530,1.0,0.0101294182847,0.796610180604,0.697995210761
531,1.0,0.0101280264095,0.796610180604,0.698119979225
532,1.0,0.010126643282,0.796610180604,0.698232587395
533,1.0,0.0101252569927,0.796610180604,0.698349086094
534,1.0,0.0101238832019,0.796610180604,0.698478604209
535,1.0,0.0101225108159,0.796610180604,0.69859385724
536,1.0,0.0101211492301,0.796610180604,0.698729573386
537,1.0,0.0101197940618,0.796610180604,0.698851326133
538,1.0,0.0101184380953,0.796610180604,0.698964515669
539,1.0,0.0101170955253,0.796610180604,0.699095631587
540,1.0,0.0101157513588,0.796610180604,0.699208205313
541,1.0,0.0101144165309,0.796610180604,0.699342524791
542,1.0,0.010113088103,0.796610180604,0.699464583012
543,1.0,0.010111765394,0.796610180604,0.699565474859
544,1.0,0.0101104440391,0.796610180604,0.699688363157
545,1.0,0.010109130661,0.796610180604,0.699815295858
546,1.0,0.0101078227397,0.796610180604,0.699925601198
547,1.0,0.0101065213984,0.796610180604,0.700058834848
548,1.0,0.0101052245297,0.796610180604,0.700171820093
549,1.0,0.010103930594,0.796610180604,0.700305990338
550,1.0,0.0101026465936,0.796610180604,0.700408259754
551,1.0,0.0101013653188,0.796610180604,0.700524801515
552,1.0,0.0101000894949,0.796610180604,0.700652468066
553,1.0,0.010098817412,0.796610180604,0.700776760293
554,1.0,0.0100975520909,0.796610180604,0.7008888133
555,1.0,0.0100962898357,0.796610180604,0.700999529527
556,1.0,0.0100950381793,0.796610180604,0.701123628955
557,1.0,0.0100937874248,0.796610180604,0.701240505518
558,1.0,0.0100925405424,0.796610180604,0.701357135454
559,1.0,0.0100913018383,0.796610180604,0.701480029782
560,1.0,0.0100900666972,0.796610180604,0.70159620457
561,1.0,0.0100888346396,0.796610180604,0.701707999269
562,1.0,0.010087610917,0.796610180604,0.701826834988
563,1.0,0.0100863887615,0.796610180604,0.701944615755
564,1.0,0.0100851774259,0.796610180604,0.702048883505
565,1.0,0.010083965515,0.796610180604,0.702170152343
566,1.0,0.0100827575955,0.796610180604,0.702295668676
567,1.0,0.0100815589051,0.796610180604,0.702409759322
568,1.0,0.0100803630477,0.796610180604,0.702530804864
569,1.0,0.0100791720173,0.796610180604,0.702637049101
570,1.0,0.0100779863869,0.796610180604,0.702759522945
571,1.0,0.0100768027757,0.796610180604,0.702873340255
572,1.0,0.0100756270416,0.796610180604,0.702987622564
573,1.0,0.0100744510492,0.796610180604,0.703102879226
574,1.0,0.0100732847673,0.796610180604,0.703204780659
575,1.0,0.0100721222086,0.796610180604,0.703334430233
576,1.0,0.0100709657193,0.796610180604,0.703448348095
577,1.0,0.0100698090303,0.796610180604,0.703560574075
578,1.0,0.010068661232,0.796610180604,0.703675871305
579,1.0,0.010067513101,0.796610180604,0.703784338972
580,1.0,0.0100663755081,0.796610180604,0.703895305299
581,1.0,0.010065235898,0.796610180604,0.704013451713
582,1.0,0.010064105333,0.796610180604,0.704125489755
583,1.0,0.0100629795343,0.796610180604,0.704236510036
584,1.0,0.0100618549447,0.796610180604,0.704343124309
585,1.0,0.0100607363343,0.796610180604,0.704453556372
586,1.0,0.0100596217603,0.796610180604,0.704577982647
587,1.0,0.0100585104831,0.796610180604,0.704687852791
588,1.0,0.010057405146,0.796610180604,0.704801423759
589,1.0,0.0100563023036,0.796610180604,0.704907373857
590,1.0,0.0100552052604,0.796610180604,0.705011680849
591,1.0,0.0100541109759,0.796610180604,0.70512711664
592,1.0,0.0100530248621,0.796610180604,0.705239864792
593,1.0,0.0100519374216,0.796610180604,0.70535100624
594,1.0,0.010050857289,0.796610180604,0.705453212168
595,1.0,0.0100497792107,0.796610180604,0.705572704958
596,1.0,0.0100487079647,0.796610180604,0.7056722223
597,1.0,0.0100476366346,0.796610180604,0.705785790332
598,1.0,0.0100465751539,0.796610180604,0.705903344835
599,1.0,0.0100455114015,0.796610180604,0.706020556895
600,1.0,0.0100444569507,0.796610180604,0.706115864533
601,1.0,0.0100434024744,0.796610180604,0.706223144022
602,1.0,0.0100423546563,0.796610180604,0.706334102962
603,1.0,0.010041308241,0.796610180604,0.706439682488
604,1.0,0.0100402675233,0.796610180604,0.706551384907
605,1.0,0.0100392296797,0.796610180604,0.706661523778
606,1.0,0.0100381982223,0.796610180604,0.70675777666
607,1.0,0.0100371668432,0.796610180604,0.706873458858
608,1.0,0.0100361409601,0.796610180604,0.70698184962
609,1.0,0.0100351200173,0.796610180604,0.70709239963
610,1.0,0.0100340999608,0.796610180604,0.707192468788
611,1.0,0.0100330881943,0.796610180604,0.707301834882
612,1.0,0.0100320752929,0.796610180604,0.707406956355
613,1.0,0.0100310659212,0.796610180604,0.707517208026
614,1.0,0.0100300650977,0.796610180604,0.707617986789
615,1.0,0.0100290640825,0.796610180604,0.707716088426
616,1.0,0.010028067941,0.796610180604,0.707820310557
617,1.0,0.0100270753135,0.796610180604,0.707941939233
618,1.0,0.0100260854253,0.796610180604,0.708041034007
619,1.0,0.0100251007356,0.796610180604,0.708148446123
620,1.0,0.0100241156898,0.796610180604,0.708245092403
621,1.0,0.0100231390043,0.796610180604,0.708352602229
622,1.0,0.0100221644066,0.796610180604,0.708456581143
623,1.0,0.0100211908125,0.796610180604,0.708558461645
624,1.0,0.0100202249958,0.796610180604,0.708670096661
625,1.0,0.010019258958,0.796610180604,0.708771419601
626,1.0,0.0100182979563,0.796610180604,0.708871567527
627,1.0,0.0100173365869,0.796610180604,0.708977142475
628,1.0,0.0100163839867,0.796610180604,0.709076080598
629,1.0,0.010015434967,0.796610180604,0.709185132883
630,1.0,0.0100144869178,0.796610180604,0.709270994889
631,1.0,0.010013542412,0.796610180604,0.709388038775
632,1.0,0.0100125990839,0.796610180604,0.709497132544
633,1.0,0.0100116629834,0.796610180604,0.709584882104
634,1.0,0.0100107275599,0.796610180604,0.70968557105
635,1.0,0.0100097971393,0.796610180604,0.709795699502
636,1.0,0.0100088683348,0.796610180604,0.709892457635
637,1.0,0.0100079426745,0.796610180604,0.709999428146
638,1.0,0.010007023107,0.796610180604,0.710094343966
639,1.0,0.0100061003287,0.796610180604,0.710201981967
640,1.0,0.0100051874271,0.796610180604,0.710302073351
641,1.0,0.0100042743377,0.796610180604,0.71040903417
642,1.0,0.0100033670769,0.796610180604,0.710498827873
643,1.0,0.0100024604481,0.796610180604,0.710605735275
644,1.0,0.0100015564509,0.796610180604,0.710700102182
645,1.0,0.0100006555978,0.796610180604,0.710797135324
646,1.0,0.00999976052441,0.796610180604,0.710914034428
647,1.0,0.00999886605756,0.796610180604,0.711008920003
648,1.0,0.00999797433576,0.796610180604,0.711108285492
649,1.0,0.00999708753862,0.796610180604,0.711202075358
650,1.0,0.00999620078648,0.796610180604,0.711308012259
651,1.0,0.00999532006055,0.796610180604,0.711411616433
652,1.0,0.00999444076095,0.796610180604,0.711495337219
653,1.0,0.00999356621188,0.796610180604,0.711604818323
654,1.0,0.00999269157867,0.796610180604,0.711699620205
655,1.0,0.00999181908399,0.796610180604,0.71180195475
656,1.0,0.00999095424532,0.796610180604,0.711897467184
657,1.0,0.00999008952992,0.796610180604,0.711995564464
658,1.0,0.00998922576737,0.796610180604,0.712088632508
659,1.0,0.00998836666533,0.796610180604,0.712201691943
660,1.0,0.00998751199296,0.796610180604,0.712289360305
661,1.0,0.00998665846712,0.796610180604,0.712395413637
662,1.0,0.00998580902854,0.796610180604,0.712487250882
663,1.0,0.00998496158369,0.796610180604,0.712578707927
664,1.0,0.00998411633215,0.796610180604,0.712679204705
665,1.0,0.00998327552004,0.796610180604,0.712780772819
666,1.0,0.00998243439489,0.796610180604,0.712872402111
667,1.0,0.00998160008834,0.796610180604,0.71297483525
668,1.0,0.0099807659481,0.796610180604,0.713072771617
669,1.0,0.0099799342653,0.796610180604,0.713166711189
670,1.0,0.0099791066365,0.796610180604,0.713267530425
671,1.0,0.00997828049468,0.796610180604,0.713345986302
672,1.0,0.00997745711356,0.796610180604,0.713453771925
673,1.0,0.00997663682381,0.796610180604,0.713549080415
674,1.0,0.00997581981913,0.796610180604,0.713644411667
675,1.0,0.0099750054245,0.796610180604,0.713734689027
676,1.0,0.00997419230554,0.796610180604,0.713833788189
677,1.0,0.00997338098466,0.796610180604,0.713928685445
678,1.0,0.0099725749778,0.796610180604,0.714029431627
679,1.0,0.00997176776178,0.796610180604,0.714120774893
680,1.0,0.00997096840331,0.796610180604,0.714209294578
681,1.0,0.0099701678983,0.796610180604,0.714301821223
682,1.0,0.00996937040639,0.796610180604,0.714404729463
683,1.0,0.00996857483582,0.796610180604,0.714496997801
684,1.0,0.0099677858432,0.796610180604,0.714593187543
685,1.0,0.0099669954986,0.796610180604,0.714678580636
686,1.0,0.0099662048703,0.796610180604,0.714778259649
687,1.0,0.00996542112127,0.796610180604,0.714873139668
688,1.0,0.00996464027773,0.796610180604,0.714961426396
689,1.0,0.00996386022268,0.796610180604,0.715050717121
690,1.0,0.00996308301638,0.796610180604,0.715147640272
691,1.0,0.00996230595487,0.796610180604,0.715243622313
692,1.0,0.00996153610328,0.796610180604,0.715336875043
693,1.0,0.00996076547885,0.796610180604,0.715423191882
694,1.0,0.00995999726295,0.796610180604,0.715518226089
695,1.0,0.00995923371344,0.796610180604,0.715609596727
696,1.0,0.00995847017763,0.796610180604,0.715700699364
697,1.0,0.00995770910903,0.796610180604,0.715796413689
698,1.0,0.00995694984048,0.796610180604,0.715885958177
699,1.0,0.00995619708727,0.796610180604,0.715973363747
700,1.0,0.00995544076138,0.796610180604,0.716075860627
701,1.0,0.00995469120323,0.796610180604,0.716168605644
702,1.0,0.00995394095246,0.796610180604,0.716251735433
703,1.0,0.00995319493373,0.796610180604,0.716337012443
704,1.0,0.00995244721671,0.796610180604,0.716441840439
705,1.0,0.0099517101375,0.796610180604,0.716528707326
706,1.0,0.00995096710839,0.796610180604,0.716622167693
707,1.0,0.00995022958896,0.796610180604,0.716701597228
708,1.0,0.00994949440174,0.796610180604,0.716800033951
709,1.0,0.00994876004411,0.796610180604,0.716897515359
710,1.0,0.00994803019439,0.796610180604,0.716977478242
711,1.0,0.00994730135426,0.796610180604,0.71707702245
712,1.0,0.00994657424764,0.796610180604,0.717155728931
713,1.0,0.00994585019716,0.796610180604,0.71725152414
714,1.0,0.00994512700366,0.796610180604,0.717334208063
715,1.0,0.00994440729088,0.796610180604,0.717429271473
716,1.0,0.00994368950335,0.796610180604,0.717513251039
717,1.0,0.00994297356086,0.796610180604,0.717611663422
718,1.0,0.00994225865144,0.796610180604,0.717701497504
719,1.0,0.00994154812275,0.796610180604,0.717783903956
720,1.0,0.00994083934127,0.796610180604,0.717881113543
721,1.0,0.00994013074762,0.796610180604,0.717956236548
722,1.0,0.00993942554077,0.796610180604,0.718044469259
723,1.0,0.00993872157439,0.796610180604,0.718139224796
724,1.0,0.00993802138808,0.796610180604,0.718222151179
725,1.0,0.00993731974413,0.796610180604,0.718317698024
726,1.0,0.0099366226257,0.796610180604,0.718401978298
727,1.0,0.00993592892734,0.796610180604,0.71850164784
728,1.0,0.00993523548725,0.796610180604,0.7185723052
729,1.0,0.00993454392741,0.796610180604,0.718667897633
730,1.0,0.00993385361194,0.796610180604,0.718758908969
731,1.0,0.00993316899985,0.796610180604,0.718843691903
732,1.0,0.00993248304164,0.796610180604,0.71891975084
733,1.0,0.00993179848042,0.796610180604,0.7190184567
734,1.0,0.00993111708687,0.796610180604,0.719104519682
735,1.0,0.00993043876707,0.796610180604,0.719196609363
736,1.0,0.00992976021836,0.796610180604,0.719277532424
737,1.0,0.00992908562972,0.796610180604,0.719365181906
738,1.0,0.00992841190784,0.796610180604,0.719447316255
739,1.0,0.00992774143385,0.796610180604,0.719532130349
740,1.0,0.0099270712729,0.796610180604,0.719619101324
741,1.0,0.00992640349701,0.796610180604,0.71969708412
742,1.0,0.00992573642156,0.796610180604,0.71979182002
743,1.0,0.00992507262335,0.796610180604,0.719884549094
744,1.0,0.00992441261892,0.796610180604,0.719964419255
745,1.0,0.00992375364754,0.796610180604,0.720055321389
746,1.0,0.00992309303657,0.796610180604,0.720132682251
747,1.0,0.00992243688068,0.796610180604,0.720218778793
748,1.0,0.00992178371638,0.796610180604,0.720297610671
749,1.0,0.00992113165557,0.796610180604,0.72039155681
750,1.0,0.00992048021891,0.796610180604,0.720475022097
751,1.0,0.00991983040032,0.796610180604,0.720553248458
752,1.0,0.00991918275352,0.796610180604,0.720648865042
753,1.0,0.00991853819221,0.796610180604,0.720727251843
754,1.0,0.00991789334328,0.796610180604,0.720811766998
755,1.0,0.00991725323706,0.796610180604,0.720897172057
756,1.0,0.00991661141298,0.796610180604,0.720980101597
757,1.0,0.00991597439421,0.796610180604,0.721064098337
758,1.0,0.00991533859829,0.796610180604,0.721148412801
759,1.0,0.00991470422087,0.796610180604,0.721232339361
760,1.0,0.00991406985911,0.796610180604,0.721320965943
761,1.0,0.00991343981156,0.796610180604,0.721394309774
762,1.0,0.00991281047816,0.796610180604,0.721482630282
763,1.0,0.00991218185303,0.796610180604,0.721561553904
764,1.0,0.00991155595534,0.796610180604,0.721653385025
765,1.0,0.00991093240162,0.796610180604,0.721736190241
766,1.0,0.0099103093116,0.796610180604,0.721810601715
767,1.0,0.0099096875716,0.796610180604,0.721897085687
768,1.0,0.00990906991886,0.796610180604,0.721979488413
769,1.0,0.00990845151089,0.796610180604,0.722061688743
770,1.0,0.00990783752866,0.796610180604,0.722145262885
771,1.0,0.00990722151747,0.796610180604,0.722213738519
772,1.0,0.00990661008072,0.796610180604,0.722316891839
773,1.0,0.00990599943442,0.796610180604,0.722382894828
774,1.0,0.00990539019293,0.796610180604,0.722483286161
775,1.0,0.00990478296279,0.796610180604,0.722552494256
776,1.0,0.00990417699658,0.796610180604,0.722638011263
777,1.0,0.00990357228453,0.796610180604,0.722715128371
778,1.0,0.00990296995948,0.796610180604,0.722793612534
779,1.0,0.00990236997448,0.796610180604,0.722886726607
780,1.0,0.00990176954142,0.796610180604,0.722957681517
781,1.0,0.00990117356932,0.796610180604,0.723037142086
782,1.0,0.00990057719222,0.796610180604,0.723124898718
783,1.0,0.00989998115751,0.796610180604,0.723210107188
784,1.0,0.00989938934701,0.796610180604,0.723279332079
785,1.0,0.00989879807262,0.796610180604,0.723356942157
786,1.0,0.00989820784302,0.796610180604,0.723448594622
787,1.0,0.00989761864062,0.796610180604,0.723517564773
788,1.0,0.00989703309699,0.796610180604,0.72360619991
789,1.0,0.00989644720704,0.796610180604,0.723680264238
790,1.0,0.00989586297822,0.796610180604,0.723762722907
791,1.0,0.00989528360362,0.796610180604,0.723841259919
792,1.0,0.0098947008833,0.796610180604,0.723921964229
793,1.0,0.00989412064586,0.796610180604,0.724013726432
794,1.0,0.00989354072538,0.796610180604,0.724073893659
795,1.0,0.00989296825352,0.796610180604,0.724155967897
796,1.0,0.00989239343771,0.796610180604,0.724230322008
797,1.0,0.00989181948865,0.796610180604,0.724325734806
798,1.0,0.00989124822203,0.796610180604,0.724392294947
799,1.0,0.00989067523756,0.796610180604,0.724477643147
800,1.0,0.00989010914605,0.796610180604,0.724550040975
801,1.0,0.00988954107254,0.796610180604,0.72463238555
802,1.0,0.00988897617061,0.796610180604,0.72471247042
803,1.0,0.00988841087346,0.796610180604,0.724793648284
804,1.0,0.00988784691851,0.796610180604,0.724865426041
805,1.0,0.00988728609993,0.796610180604,0.724949537192
806,1.0,0.00988672647093,0.796610180604,0.725023079348
807,1.0,0.00988616775956,0.796610180604,0.725102155896
808,1.0,0.00988561036104,0.796610180604,0.725186683111
809,1.0,0.00988505343601,0.796610180604,0.725264603967
810,1.0,0.0098845008839,0.796610180604,0.725337179378
811,1.0,0.00988394794438,0.796610180604,0.725424820399
812,1.0,0.00988339593618,0.796610180604,0.72549788335
813,1.0,0.00988284565563,0.796610180604,0.725569656655
814,1.0,0.00988229652162,0.796610180604,0.725645963545
815,1.0,0.0098817500681,0.796610180604,0.725728780884
816,1.0,0.00988120325066,0.796610180604,0.725805950556
817,1.0,0.00988065811391,0.796610180604,0.725889067907
818,1.0,0.00988011446414,0.796610180604,0.725963044091
819,1.0,0.00987957388812,0.796610180604,0.726036483012
820,1.0,0.00987903346863,0.796610180604,0.72611568041
821,1.0,0.00987849319393,0.796610180604,0.726190968622
822,1.0,0.00987795658973,0.796610180604,0.726266546933
823,1.0,0.00987741948857,0.796610180604,0.726346411726
824,1.0,0.00987688291176,0.796610180604,0.726417246764
825,1.0,0.00987634850087,0.796610180604,0.726501729434
826,1.0,0.00987581561218,0.796610180604,0.726573169358
827,1.0,0.00987528479548,0.796610180604,0.726649889754
828,1.0,0.00987475489446,0.796610180604,0.726724530523
829,1.0,0.00987422633564,0.796610180604,0.726810077047
830,1.0,0.00987369797443,0.796610180604,0.726883160392
831,1.0,0.00987317162456,0.796610180604,0.726954978591
832,1.0,0.00987264756974,0.796610180604,0.727034033071
833,1.0,0.0098721233897,0.796610180604,0.727109910131
834,1.0,0.00987160091382,0.796610180604,0.727182939017
835,1.0,0.00987108013233,0.796610180604,0.727254373858
836,1.0,0.00987056001997,0.796610180604,0.727344513887
837,1.0,0.00987004118721,0.796610180604,0.727407836213
838,1.0,0.0098695224288,0.796610180604,0.727486663451
839,1.0,0.00986900617869,0.796610180604,0.727562363844
840,1.0,0.00986849108687,0.796610180604,0.727637959076
841,1.0,0.00986797820401,0.796610180604,0.72771202233
842,1.0,0.00986746532702,0.796610180604,0.727783743987
843,1.0,0.00986695357896,0.796610180604,0.727860468613
844,1.0,0.00986644219091,0.796610180604,0.72794110047
845,1.0,0.00986593636731,0.796610180604,0.728009557604
846,1.0,0.00986542841498,0.796610180604,0.728081030203
847,1.0,0.00986492179311,0.796610180604,0.728161529906
848,1.0,0.00986441561537,0.796610180604,0.728232361913
849,1.0,0.00986391184225,0.796610180604,0.728319113664
850,1.0,0.00986341008439,0.796610180604,0.728379151642
851,1.0,0.00986290783934,0.796610180604,0.728457284807
852,1.0,0.00986240678193,0.796610180604,0.728522660495
853,1.0,0.00986190818978,0.796610180604,0.728597770082
854,1.0,0.00986140946067,0.796610180604,0.728687047548
855,1.0,0.00986091334161,0.796610180604,0.728754081684
856,1.0,0.00986041717756,0.796610180604,0.728820547272
857,1.0,0.00985992223048,0.796610180604,0.728900129165
858,1.0,0.00985942917735,0.796610180604,0.728969266575
859,1.0,0.00985893675032,0.796610180604,0.729045694662
860,1.0,0.00985844568115,0.796610180604,0.729113729481
861,1.0,0.00985795520676,0.796610180604,0.729194536584
862,1.0,0.00985746731113,0.796610180604,0.729266983283
863,1.0,0.00985697822982,0.796610180604,0.72933814059
864,1.0,0.00985649235727,0.796610180604,0.729413635997
865,1.0,0.00985600716364,0.796610180604,0.729481688053
866,1.0,0.00985552173914,0.796610180604,0.72956102212
867,1.0,0.00985503903034,0.796610180604,0.729627506586
868,1.0,0.00985455732135,0.796610180604,0.729701489621
869,1.0,0.00985407623846,0.796610180604,0.729773935751
870,1.0,0.0098535964195,0.796610180604,0.729846657238
871,1.0,0.00985311741056,0.796610180604,0.729924240734
872,1.0,0.00985263892207,0.796610180604,0.729995003538
873,1.0,0.00985216296341,0.796610180604,0.730067387444
874,1.0,0.00985168792824,0.796610180604,0.730136991052
875,1.0,0.00985121423723,0.796610180604,0.730214830551
876,1.0,0.00985074036817,0.796610180604,0.730273730863
877,1.0,0.00985026675347,0.796610180604,0.73036016426
878,1.0,0.00984979708515,0.796610180604,0.730424631134
879,1.0,0.00984932576157,0.796610180604,0.730501945209
880,1.0,0.00984885782872,0.796610180604,0.730570431041
881,1.0,0.0098483892502,0.796610180604,0.730638234418
882,1.0,0.00984792282194,0.796610180604,0.730712384301
883,1.0,0.00984745657956,0.796610180604,0.73078503264
884,1.0,0.00984699083218,0.796610180604,0.730856353701
885,1.0,0.00984652774377,0.796610180604,0.730927203324
886,1.0,0.00984606345795,0.796610180604,0.731001373317
887,1.0,0.00984560332394,0.796610180604,0.731075159321
888,1.0,0.00984514264601,0.796610180604,0.731142380354
889,1.0,0.00984468249244,0.796610180604,0.731218811724
890,1.0,0.00984422454,0.796610180604,0.731276985542
891,1.0,0.0098437666443,0.796610180604,0.731350388725
892,1.0,0.00984331005167,0.796610180604,0.73142539593
893,1.0,0.00984285503407,0.796610180604,0.731499450597
894,1.0,0.00984240003603,0.796610180604,0.731563850101
895,1.0,0.00984194501256,0.796610180604,0.731640556354
896,1.0,0.00984149462614,0.796610180604,0.731703589181
897,1.0,0.0098410425336,0.796610180604,0.731780335907
898,1.0,0.00984059137237,0.796610180604,0.731846188495
899,1.0,0.00984014252772,0.796610180604,0.731917511388
900,1.0,0.00983969310001,0.796610180604,0.731989894978
901,1.0,0.00983924541951,0.796610180604,0.732057123271
902,1.0,0.00983879976014,0.796610180604,0.732128914477
903,1.0,0.00983835418098,0.796610180604,0.732198640609
904,1.0,0.00983790940402,0.796610180604,0.732270128141
905,1.0,0.00983746416335,0.796610180604,0.732338311908
906,1.0,0.00983702164425,0.796610180604,0.73240577398
907,1.0,0.00983658043801,0.796610180604,0.732474615829
908,1.0,0.00983613953699,0.796610180604,0.732542798649
909,1.0,0.00983569998599,0.796610180604,0.732614145283
910,1.0,0.00983526156198,0.796610180604,0.732682931095
911,1.0,0.00983482174098,0.796610180604,0.732751699606
912,1.0,0.00983438503678,0.796610180604,0.73281529189
913,1.0,0.00983394953587,0.796610180604,0.732884219264
914,1.0,0.00983351408191,0.796610180604,0.732963898267
915,1.0,0.00983308069604,0.796610180604,0.733035408055
916,1.0,0.00983264644341,0.796610180604,0.733089411252
917,1.0,0.00983221352124,0.796610180604,0.733163923783
918,1.0,0.00983178221519,0.796610180604,0.73324090959
919,1.0,0.0098313516272,0.796610180604,0.733303464381
920,1.0,0.00983092310338,0.796610180604,0.73336866921
921,1.0,0.00983049446412,0.796610180604,0.733441347383
922,1.0,0.00983006574855,0.796610180604,0.7335017571
923,1.0,0.00982963975848,0.796610180604,0.733572077827
924,1.0,0.00982921248098,0.796610180604,0.733644924395
925,1.0,0.00982878759245,0.796610180604,0.73371248064
926,1.0,0.00982836339067,0.796610180604,0.733777252073
927,1.0,0.0098279389541,0.796610180604,0.733847392755
928,1.0,0.0098275178613,0.796610180604,0.733921404328
929,1.0,0.00982709569434,0.796610180604,0.733985359291
930,1.0,0.00982667507698,0.796610180604,0.73405407789
931,1.0,0.00982625495071,0.796610180604,0.734126318025
932,1.0,0.00982583482445,0.796610180604,0.734185711496
933,1.0,0.00982541772106,0.796610180604,0.734249001148
934,1.0,0.00982499961201,0.796610180604,0.734328940353
935,1.0,0.00982458240885,0.796610180604,0.73439269696
936,1.0,0.00982416649506,0.796610180604,0.734454009682
937,1.0,0.00982375272957,0.796610180604,0.734529558601
938,1.0,0.00982333946887,0.796610180604,0.734588270407
939,1.0,0.00982292490119,0.796610180604,0.734661958922
940,1.0,0.00982251284574,0.796610180604,0.734730803045
941,1.0,0.00982210134399,0.796610180604,0.734794116974
942,1.0,0.00982168977376,0.796610180604,0.734865850722
943,1.0,0.00982128142598,0.796610180604,0.734935841791
944,1.0,0.00982087297451,0.796610180604,0.734989533138
945,1.0,0.00982046483609,0.796610180604,0.735060149488
946,1.0,0.00982005660571,0.796610180604,0.735131148217
947,1.0,0.00981965013819,0.796610180604,0.735194129743
948,1.0,0.00981924553723,0.796610180604,0.735261134393
949,1.0,0.00981884035517,0.796610180604,0.735324665304
950,1.0,0.00981843565638,0.796610180604,0.735391479585
951,1.0,0.00981803289067,0.796610180604,0.735455238339
952,1.0,0.00981763109541,0.796610180604,0.73553360001
953,1.0,0.00981722828275,0.796610180604,0.735586863453
954,1.0,0.00981682842644,0.796610180604,0.735666205286
955,1.0,0.00981642738642,0.796610180604,0.735725306416
956,1.0,0.00981602963538,0.796610180604,0.735793161285
957,1.0,0.00981563062626,0.796610180604,0.735851639882
958,1.0,0.00981523385741,0.796610180604,0.735920396491
959,1.0,0.00981483704943,0.796610180604,0.735991740883
960,1.0,0.0098144411532,0.796610180604,0.736056213788
961,1.0,0.00981404697679,0.796610180604,0.736118624839
962,1.0,0.00981365172623,0.796610180604,0.736181517526
963,1.0,0.009813257812,0.796610180604,0.736252203584
964,1.0,0.00981286525171,0.796610180604,0.736311049027
965,1.0,0.00981247242337,0.796610180604,0.736378985662
966,1.0,0.00981208242421,0.796610180604,0.736451271195
967,1.0,0.00981169194374,0.796610180604,0.73650088117
968,1.0,0.009811302782,0.796610180604,0.736574286185
969,1.0,0.0098109133072,0.796610180604,0.736641685715
970,1.0,0.00981052680246,0.796610180604,0.736704566311
971,1.0,0.00981013920596,0.796610180604,0.736768566893
972,1.0,0.00980975189708,0.796610180604,0.736833808312
973,1.0,0.00980936702998,0.796610180604,0.736895355885
974,1.0,0.00980898155635,0.796610180604,0.736962705156
975,1.0,0.00980859765384,0.796610180604,0.737026085604
976,1.0,0.00980821413285,0.796610180604,0.737089886062
977,1.0,0.00980783104427,0.796610180604,0.737161083336
978,1.0,0.00980744995725,0.796610180604,0.737220037413
979,1.0,0.00980706954132,0.796610180604,0.73728835005
980,1.0,0.00980668776363,0.796610180604,0.737343752441
981,1.0,0.00980630756293,0.796610180604,0.737407273913
982,1.0,0.0098059292327,0.796610180604,0.737484039486
983,1.0,0.0098055504329,0.796610180604,0.737536486428
984,1.0,0.00980517197745,0.796610180604,0.737610043232
985,1.0,0.00980479569769,0.796610180604,0.737666323086
986,1.0,0.00980441918119,0.796610180604,0.737729858575
987,1.0,0.0098040453217,0.796610180604,0.737792686859
988,1.0,0.00980367096524,0.796610180604,0.737865890834
989,1.0,0.00980329567942,0.796610180604,0.737924301081
990,1.0,0.00980292325409,0.796610180604,0.737990956343
991,1.0,0.00980255215335,0.796610180604,0.738047719917
992,1.0,0.00980217825277,0.796610180604,0.738116574426
993,1.0,0.00980180876423,0.796610180604,0.73817405253
994,1.0,0.00980143848916,0.796610180604,0.738236801794
995,1.0,0.00980106873062,0.796610180604,0.738295949964
996,1.0,0.00980069907773,0.796610180604,0.738369093008
997,1.0,0.00980033246143,0.796610180604,0.73843028529
998,1.0,0.00979996372813,0.796610180604,0.738497136413
999,1.0,0.00979959730356,0.796610180604,0.73855047111
