epoch,acc,loss,val_acc,val_loss
0,0.730932908563,0.556078536171,0.739473695622,0.5562561422
1,0.733551567051,0.569765908324,0.734210539413,1.03878917431
2,0.74991817887,0.545919913043,0.768421065258,0.549057857182
3,0.760720141976,0.511967164728,0.736842117027,0.605158245485
4,0.752209503819,0.514078460494,0.784210538786,0.526088985271
5,0.750572842755,0.533362081613,0.744736854967,0.51036362448
6,0.749590846233,0.53082216225,0.763157908069,0.505355781925
7,0.75711948777,0.508041069466,0.768421064082,0.496842851078
8,0.744353530279,0.517494529577,0.757894748136,0.640654666839
9,0.76628479003,0.50071691287,0.739473696602,0.606350913056
10,0.778068750389,0.470956919663,0.74736843317,0.676192962197
11,0.778396082807,0.468664653758,0.771052642872,0.582831479462
12,0.788870714007,0.455212893733,0.789473694602,0.534085089757
13,0.776759421255,0.469456698212,0.776315802022,0.614819476283
14,0.780687407854,0.471786724952,0.78947369519,0.552028084768
15,0.778068750487,0.476334618664,0.755263170129,0.568397664955
16,0.76955811194,0.497400038386,0.771052643657,0.497948166375
17,0.782651401751,0.461212839943,0.786842116792,0.602079424027
18,0.790507375487,0.454349011296,0.718421065298,0.669963825004
19,0.79018004302,0.454313282902,0.68947369919,0.732948483801
20,0.793780697251,0.465149718311,0.76842106565,0.643557385983
21,0.778068750633,0.479610295207,0.742105275785,0.639670945312
22,0.795744691318,0.451171644325,0.810526325514,0.473426876651
23,0.773813431543,0.471778688535,0.815789481919,0.427293988876
24,0.781342072422,0.463212975266,0.75789474892,0.527341072889
25,0.787561385238,0.453070661327,0.776315800061,0.448386715333
26,0.798363348832,0.438596010458,0.813157903913,0.474198949964
27,0.793453365174,0.44307203839,0.834210536198,0.437445134562
28,0.781014740687,0.463840936913,0.781578959995,0.486737445401
29,0.78756138536,0.446378730701,0.742105275589,0.616481479233
30,0.775450092437,0.485349255213,0.765789485487,0.973282163926
31,0.796726687987,0.464612267238,0.763157906501,0.761871077743
32,0.778723414664,0.457985008064,0.771052641892,0.518551300917
33,0.77905074696,0.466817069805,0.781578958427,0.428953591195
34,0.795090026263,0.444950151216,0.776315800846,0.52420976383
35,0.793780697568,0.444981063535,0.757894749704,0.548873995284
36,0.795090027093,0.443174061634,0.734210539413,0.612883776818
37,0.801309339129,0.434849335137,0.74736843415,0.633546732807
38,0.795417358998,0.449771072676,0.718421066278,0.628643684873
39,0.799345345793,0.442281958054,0.813157904501,0.480224976733
40,0.815711957002,0.41504574595,0.789473694994,0.528787419886
41,0.812765967217,0.41694077347,0.802631589535,0.500366902322
42,0.800327341827,0.456169312055,0.776315800061,0.476105723922
43,0.799018013326,0.429893453787,0.807894747312,0.545872382342
44,0.792798701192,0.448745221195,0.768421065258,0.567840931079
45,0.820949272394,0.412337576995,0.778947379636,0.636283793217
46,0.783960730935,0.454530010765,0.807894747508,0.437347771771
47,0.799018013448,0.439463367044,0.705263171541,0.703365146035
48,0.808837980617,0.411075321942,0.802631589143,0.380178303311
49,0.815711956977,0.405840759876,0.794736853556,0.472527608864
50,0.805237326094,0.42393257697,0.784210536041,0.538898554778
51,0.803600664322,0.440110537405,0.781578959211,0.466494856549
52,0.796726687913,0.448790451298,0.834210535413,0.363261148052
53,0.810801973271,0.406577383593,0.755263169541,0.52601078133
54,0.78952537855,0.455770247748,0.805263167933,0.461879706157
55,0.815711957367,0.418295760256,0.792105273589,0.472524691912
56,0.788216049708,0.458484949474,0.826315798061,0.465496484239
57,0.807528651434,0.418258342291,0.794736853163,0.465481534576
58,0.803927996545,0.424730347756,0.763157906109,0.568525449924
59,0.7983633491,0.462764201349,0.794736852967,0.481461235984
60,0.809492645087,0.405122072171,0.768421064474,0.613572245061
61,0.817675950631,0.401397405872,0.726315802257,0.613412353823
62,0.808183315928,0.428607769917,0.836842114596,0.363528977295
63,0.805564658317,0.427562087518,0.802631589143,0.431598445278
64,0.808183316172,0.420118370324,0.807894747508,0.460445601185
65,0.808510648224,0.412313846435,0.752631590751,0.680049611666
66,0.806219322689,0.431549193778,0.773684222447,0.532128000583
67,0.817675950533,0.409882585221,0.823684219663,0.400005412386
68,0.808837980373,0.425880877795,0.800000011137,0.458701566242
69,0.825531923951,0.379557686068,0.739473697386,0.54082277025
70,0.804582660942,0.430925378458,0.768421065258,0.499806435338
71,0.810474641682,0.417883956505,0.747368431797,0.522472192999
72,0.8193126115,0.407611651361,0.792105274177,0.44403716988
73,0.816366621642,0.409373184774,0.802631590319,0.420359160678
74,0.806219322762,0.442440245598,0.77894738042,0.516870251514
75,0.810147309533,0.418481778207,0.781578957642,0.556295366817
76,0.819639944064,0.403553501552,0.794736853556,0.506834601101
77,0.801309339275,0.436503650584,0.807894747312,0.436496534544
78,0.800654674488,0.437447021316,0.778947381205,0.499741478143
79,0.807201319162,0.425988165896,0.813157905089,0.356765527597
80,0.810474641609,0.403771195521,0.81578948388,0.382765750162
81,0.802291335968,0.444352169584,0.773684223232,0.51300969068
82,0.817348618554,0.39855480564,0.76842106369,0.513418570774
83,0.812765967534,0.419161627276,0.805263168326,0.415949742641
84,0.821276605544,0.416597158354,0.826315799434,0.39439868378
85,0.821931269648,0.399831609444,0.797368431954,0.415174389822
86,0.805564658341,0.419552258966,0.76842106467,0.552376340756
87,0.823240598514,0.404041957055,0.802631590319,0.473503911353
88,0.825204591582,0.386613887,0.784210538001,0.505682414765
89,0.824549927186,0.393482239205,0.810526326299,0.500161817175
90,0.826841252818,0.402173775484,0.813157904305,0.481537722492
91,0.820949272565,0.405488020109,0.823684220643,0.416912559297
92,0.810147309191,0.428595696084,0.75789474892,0.675440363047
93,0.806546654375,0.435442467554,0.815789484664,0.436994888084
94,0.812765967095,0.411882715376,0.792105272412,0.501805195199
95,0.822258601236,0.413673430049,0.784210537609,0.481473740149
96,0.836661219572,0.378328013197,0.831578957407,0.418736908193
97,0.817675950582,0.409474399586,0.75526317209,0.613084326743
98,0.824877259823,0.387033833845,0.828947378224,0.355330960727
99,0.813093298952,0.415692351286,0.844736850575,0.404697503986
100,0.818985279229,0.410390650902,0.823684219663,0.516572174126
101,0.824549927186,0.400763969515,0.78947369519,0.472302379987
102,0.818330614686,0.406779258157,0.792105273981,0.533620012042
103,0.818003282878,0.402565386911,0.786842116792,0.473316233066
104,0.819639943943,0.406491912499,0.778947381205,0.532827621963
105,0.815057292727,0.400409961616,0.792105273589,0.493945422999
106,0.813420631784,0.423894211987,0.831578957015,0.328945172558
107,0.804255329304,0.427462782453,0.821052640676,0.501107166448
108,0.800982006906,0.436587119123,0.813157904501,0.567781713338
109,0.825204591704,0.39162430414,0.784210538394,0.537191213109
110,0.811456638058,0.427731131859,0.80526316911,0.412514416427
111,0.811129306176,0.40943680136,0.813157904109,0.436537768741
112,0.816693953938,0.413597482712,0.776315802022,0.526758500326
113,0.814075295864,0.413376933394,0.815789483488,0.403646043061
114,0.804582660893,0.408035639085,0.802631589927,0.49122751006
115,0.810801973783,0.415590419655,0.786842117184,0.493625081438
116,0.825859256394,0.378916263007,0.789473695582,0.436444753879
117,0.826186588446,0.383782223588,0.823684221036,0.392978206816
118,0.815384625047,0.398407964595,0.794736853948,0.412308220629
119,0.838952545375,0.364976268374,0.810526327083,0.387595950969
120,0.823240598246,0.41191467953,0.834210535413,0.400678375914
121,0.818985279229,0.406909610247,0.800000010941,0.421998359214
122,0.820949272858,0.402320690069,0.823684220643,0.404830059355
123,0.823567930615,0.398911231702,0.831578957015,0.373855097464
124,0.823567930981,0.397675685371,0.844736850968,0.355078383913
125,0.812765967558,0.410263296573,0.826315799042,0.337333515728
126,0.826513920937,0.374146810856,0.78947369519,0.534389529144
127,0.824877259847,0.398919049542,0.789473693426,0.482265774798
128,0.815384624925,0.416411872078,0.844736850968,0.326675974985
129,0.823567930225,0.405011407542,0.736842118596,0.579628908026
130,0.822258601773,0.399102464632,0.836842114204,0.449396072666
131,0.828150581953,0.39355550925,0.810526326299,0.431203719216
132,0.818003282902,0.413406022565,0.781578959995,0.499033925516
133,0.821603937352,0.390756245259,0.800000010745,0.552725264705
134,0.819312611817,0.417951210757,0.834210535413,0.528654819943
135,0.831751236232,0.390664400063,0.842105272569,0.419079698892
136,0.813420631516,0.436368611749,0.805263168718,0.426677699715
137,0.820621940781,0.397799008134,0.834210536198,0.481240745193
138,0.81702128621,0.412962291114,0.818421062278,0.463516619927
139,0.825204591558,0.38825076895,0.810526325907,0.413503421814
140,0.827168585065,0.379784907082,0.834210536198,0.366404607157
141,0.823240598027,0.393428579099,0.810526325907,0.45428520267
142,0.822913266243,0.399841009455,0.794736852771,0.530551432534
143,0.8294599106,0.37606616099,0.805263168718,0.458569800322
144,0.818003282805,0.39350531701,0.813157903717,0.430874760753
145,0.831423904058,0.386838971998,0.776315801238,0.502329915443
146,0.821603937279,0.413350992261,0.802631588751,0.428557256825
147,0.821603937206,0.389229143302,0.81842106267,0.451059928948
148,0.823240598319,0.384826620756,0.771052644441,0.625438746555
149,0.836333887325,0.384521576111,0.784210537609,0.464792906258
150,0.816693953889,0.389259764568,0.821052641657,0.471307743145
151,0.81636662174,0.410577179305,0.818421062278,0.475704183079
152,0.831423904009,0.376067809968,0.807894745744,0.503427399151
153,0.823567931054,0.397985729067,0.842105271785,0.389100974928
154,0.818330615247,0.405117222459,0.794736853556,0.519173396531
155,0.827168585309,0.382067515778,0.76578948686,0.477609758927
156,0.832405901019,0.387502672019,0.786842116596,0.435865137138
157,0.80818331605,0.420866522251,0.786842116008,0.578011320414
158,0.817348618481,0.40802189702,0.81578948388,0.454937026456
159,0.838952545522,0.366541638249,0.850000008941,0.400563090795
160,0.827168585187,0.394695431506,0.842105271785,0.344206994073
161,0.813093299732,0.395234698225,0.852631587731,0.408377859104
162,0.823895263252,0.386453137021,0.82894737744,0.424619517191
163,0.833060565293,0.365142488105,0.794736852771,0.495491803673
164,0.833387897589,0.388982463486,0.810526326299,0.375994287333
165,0.829459910673,0.385545048512,0.781578958427,0.497235207108
166,0.834697226431,0.395831610639,0.831578956623,0.402156734888
167,0.831423904472,0.386719102828,0.789473694798,0.437647194749
168,0.823895262618,0.39348843718,0.82894737744,0.379641665391
169,0.829132578352,0.400037007614,0.821052640676,0.399633821394
170,0.828150581587,0.393986705817,0.836842114596,0.423903411083
171,0.818657946957,0.417597611272,0.763157906109,0.493622047287
172,0.823240598636,0.38205693511,0.828947377832,0.423069032154
173,0.818985279253,0.424167506103,0.821052641461,0.502472860126
174,0.820621940855,0.408828791563,0.831578956231,0.406670221789
175,0.823567930908,0.394071343402,0.8078947479,0.454455074817
176,0.818330615149,0.407460026745,0.78157895725,0.512519107182
177,0.817348618213,0.391179958067,0.821052641265,0.469346456867
178,0.82094927276,0.395879164218,0.828947377832,0.35895747605
179,0.818985278863,0.401927767201,0.776315800846,0.546632291241
180,0.822913265877,0.39252646952,0.821052641069,0.429404484794
181,0.825204591753,0.395210356125,0.828947377832,0.369376499984
182,0.817675950582,0.401913903477,0.789473695975,0.470157990851
183,0.834369894355,0.381086182892,0.789473696367,0.437916568192
184,0.826841253037,0.386230929563,0.84736843015,0.407613084394
185,0.83404256201,0.364455422243,0.842105271001,0.341173978768
186,0.821276605812,0.394228327852,0.78947369519,0.537636468604
187,0.831096572274,0.37333312324,0.794736852379,0.42290676096
188,0.825859255857,0.388638402777,0.836842113812,0.427470354853
189,0.829459910673,0.381269462415,0.742105277353,0.645993931231
190,0.829132578499,0.394629778389,0.797368432738,0.429071975847
191,0.825531924146,0.387893752425,0.784210537609,0.494906567625
192,0.829787243164,0.386188788942,0.823684220251,0.422304131189
193,0.822585933849,0.395247198039,0.755263170522,0.57220661063
194,0.826841252891,0.394402976803,0.807894746724,0.490910702924
195,0.835024558264,0.375694472623,0.852631586947,0.382357053336
196,0.826186588543,0.385985634396,0.771052643657,0.576486426013
197,0.826841253037,0.38263903387,0.784210538001,0.630278347501
198,0.827495917044,0.389427564881,0.826315799042,0.44011257432
199,0.834042562035,0.372949740856,0.747368432974,0.574274430076
200,0.831423904033,0.357906058614,0.8078947479,0.429631844727
201,0.825204591973,0.389379792752,0.85526316613,0.378725619043
202,0.825859256442,0.380897425559,0.79736843117,0.452329197807
203,0.830769239564,0.381949535665,0.794736853556,0.463839494844
204,0.827495917556,0.382775874252,0.834210535217,0.416772569128
205,0.823240598295,0.401039085918,0.839473692994,0.356312384559
206,0.823567930908,0.389930622937,0.857894744528,0.335117370601
207,0.815711957075,0.410545948012,0.826315799042,0.351363231832
208,0.836988552161,0.362012572771,0.805263168326,0.441179071614
209,0.833387897809,0.37784590281,0.836842114204,0.371944038234
210,0.84124387091,0.365608402436,0.776315801238,0.510481620894
211,0.842880532048,0.369400047561,0.886842111224,0.313282496173
212,0.839607209796,0.372301748591,0.828947377244,0.405658635801
213,0.830441907536,0.385710036664,0.844736850968,0.382092414522
214,0.818985279351,0.393162567516,0.80526316911,0.507922397191
215,0.832405900872,0.384376255896,0.781578959603,0.474062152795
216,0.833060565684,0.386818620933,0.834210535413,0.385676726699
217,0.821931269745,0.394840239201,0.79473685336,0.508956359405
218,0.834042561693,0.388909070867,0.800000010745,0.494057250546
219,0.83698855221,0.368548201051,0.85526316613,0.34011187125
220,0.831096571811,0.370953755372,0.794736852379,0.486230031587
221,0.825531924244,0.401390089521,0.85789474492,0.307057808864
222,0.831751236305,0.377133113268,0.794736852771,0.526123426588
223,0.8245499276,0.389741633746,0.800000011137,0.436091736988
224,0.836006555127,0.365702435265,0.860526323711,0.337237436766
225,0.821603937157,0.393394535429,0.831578956623,0.360597070123
226,0.838952545375,0.374539053343,0.818421061886,0.410438990453
227,0.834369894038,0.372677402178,0.826315797473,0.392327750236
228,0.825204591899,0.384492171455,0.836842114204,0.342903408161
229,0.838297880881,0.371665649849,0.842105272569,0.342217011402
230,0.831423904033,0.37037532423,0.844736850183,0.446217849532
231,0.840589206562,0.371209250504,0.82631579865,0.38255674904
232,0.827495917288,0.373566841667,0.778947379048,0.45326256404
233,0.831423904033,0.379454119852,0.797368431954,0.463493528359
234,0.812111302698,0.410607601831,0.802631589535,0.519230310817
235,0.824222594939,0.380272942043,0.823684219663,0.466949178629
236,0.827168584894,0.373439787914,0.823684221036,0.465342793025
237,0.826841252915,0.3770552559,0.792105275157,0.481000545435
238,0.821276605178,0.394450267132,0.818421063455,0.472735219623
239,0.829459911063,0.381271117094,0.797368432346,0.424026017911
240,0.84713585126,0.352514555807,0.802631589535,0.543270686939
241,0.838952545473,0.357647492736,0.831578957015,0.410399993465
242,0.817021285917,0.409845015434,0.826315799434,0.411939403508
243,0.837315884213,0.366071882473,0.815789483488,0.44403129416
244,0.838625213006,0.360129829136,0.863157901913,0.298287410914
245,0.834697226187,0.371765997818,0.831578956231,0.46577727454
246,0.825531924098,0.384666649508,0.800000010352,0.55079871834
247,0.836988551771,0.36000471746,0.818421061886,0.434674149453
248,0.840916538882,0.348288137875,0.839473692994,0.374619797497
249,0.835351890877,0.376414720071,0.850000008156,0.44295690678
250,0.839607209845,0.364971121141,0.860526323711,0.409625497016
251,0.828805246447,0.382916638661,0.842105271785,0.356364505586
252,0.823895262887,0.39124314603,0.823684219467,0.398247981628
253,0.845499189781,0.358432352899,0.810526326299,0.476800396487
254,0.822585934093,0.388945883306,0.826315799434,0.406956446473
255,0.843207864344,0.354145503899,0.747368435326,0.548276868379
256,0.831096571811,0.378632669793,0.839473693387,0.409790061687
257,0.81996727636,0.38719033941,0.789473695582,0.495024329345
258,0.824549927503,0.395525919477,0.786842116204,0.512992073227
259,0.829459910843,0.40349485432,0.84736843015,0.437840579436
260,0.834697226407,0.364915816205,0.834210535805,0.363262228888
261,0.842880532121,0.353415742187,0.855263166522,0.371358000808
262,0.82913257906,0.387519421579,0.805263167541,0.425418781411
263,0.829132578767,0.381015828135,0.831578957015,0.44740458936
264,0.843862528984,0.371870189526,0.828947376656,0.331622470232
265,0.837970549122,0.364939159542,0.813157905481,0.42442639851
266,0.834697226724,0.390944510301,0.839473693387,0.383819778511
267,0.837315884408,0.364575087818,0.831578956231,0.415260437165
268,0.836661220426,0.367356592265,0.842105271197,0.477709975235
269,0.839607209772,0.347513635629,0.831578956231,0.337715367983
270,0.822913266145,0.396309583301,0.834210535021,0.351629960596
271,0.838952545302,0.365678908349,0.792105273393,0.505958077326
272,0.842880532072,0.365695851818,0.831578955446,0.372973720194
273,0.830769239564,0.387814848358,0.800000010745,0.399932702734
274,0.826513920937,0.376747658124,0.818421061886,0.385823770653
275,0.848445179785,0.354198911361,0.84736843015,0.351500926539
276,0.835024558776,0.36738678197,0.771052643069,0.544063578548
277,0.82716858548,0.399523546158,0.821052641461,0.365505293404
278,0.821276605178,0.393664346637,0.781578959603,0.545846816839
279,0.832733233071,0.382064576276,0.802631589535,0.496609387625
280,0.836333887325,0.364060590631,0.802631589143,0.599658885677
281,0.827823249876,0.391735854816,0.823684220643,0.41608683461
282,0.829459910746,0.380018644965,0.805263167541,0.547474886585
283,0.842553200191,0.36367537334,0.836842114596,0.433344180046
284,0.829787243286,0.389006401811,0.857894744136,0.31694233366
285,0.835351890901,0.37811182516,0.84736843015,0.345033351246
286,0.841571203401,0.36690347217,0.826315799434,0.461653294293
287,0.831751236378,0.378532254741,0.821052641461,0.3764027337
288,0.858265146735,0.325195046894,0.805263168326,0.434014444681
289,0.843207864076,0.370937997753,0.836842114596,0.444950988075
290,0.833715229763,0.382458246318,0.815789484664,0.452813640862
291,0.837643216631,0.364362646681,0.831578956231,0.411834257057
292,0.827823249827,0.398882173897,0.823684220643,0.361420305838
293,0.82913257845,0.38001487866,0.839473692994,0.373463624911
294,0.839607209796,0.378092047893,0.792105273981,0.504337995362
295,0.839934542117,0.3801092705,0.800000010352,0.522210320311
296,0.84451719343,0.3530896332,0.876315796846,0.297077330932
297,0.843862528838,0.361622949955,0.857894745312,0.346381669251
298,0.832078568528,0.374096279599,0.78947369519,0.56788188235
299,0.830114574947,0.37009476084,0.847368429366,0.386805972869
300,0.829459910624,0.38726196826,0.802631590319,0.398889740978
301,0.841898535453,0.354357969188,0.773684221663,0.487313315775
302,0.835679223124,0.37289983103,0.836842114204,0.346153226608
303,0.837970548902,0.370099230118,0.810526325514,0.515158340997
304,0.836988552039,0.364410854863,0.857894744528,0.354970208933
305,0.83698855199,0.360017753709,0.831578957407,0.405766424061
306,0.837315884457,0.362269395899,0.815789483095,0.44049926068
307,0.825531924268,0.404627265364,0.842105272177,0.365835597016
308,0.817348618115,0.417344949597,0.821052640873,0.420299805039
309,0.834369894111,0.360988379342,0.863157902501,0.399161924608
310,0.836006555395,0.37949637451,0.805263168522,0.406676559856
311,0.841898535233,0.368560208505,0.821052640873,0.389021377134
312,0.836006555249,0.385163190129,0.781578958819,0.500294644876
313,0.838952545205,0.379391234153,0.807894747116,0.450765057271
314,0.840261874291,0.34876729144,0.842105271393,0.352883783524
315,0.835679223246,0.379241283719,0.771052644833,0.496061815194
316,0.843535196591,0.342680279065,0.839473693779,0.347502100894
317,0.839607209967,0.370219716429,0.839473693387,0.358722576822
318,0.839934541995,0.365520927727,0.834210535021,0.400590217501
319,0.855646489295,0.342458953837,0.844736849791,0.403344598231
320,0.843862528984,0.366216564752,0.826315799434,0.372580486288
321,0.837970548439,0.367521422068,0.823684220251,0.492574830687
322,0.834697226431,0.375341336429,0.852631586947,0.448128507491
323,0.834697226407,0.378584160717,0.847368428778,0.419571578993
324,0.849099844645,0.351577179706,0.823684220251,0.373475357351
325,0.831751236646,0.360970473669,0.813157905873,0.480385177217
326,0.841243871203,0.3612600166,0.742105275785,0.666910530644
327,0.834369894209,0.363203789387,0.818421062278,0.531849532618
328,0.831096571933,0.399586448818,0.863157902893,0.309639876549
329,0.853027830879,0.358832616381,0.813157904305,0.461046795679
330,0.829787243188,0.375661843917,0.852631587339,0.384151677197
331,0.843862528765,0.371183297281,0.813157905089,0.549113325315
332,0.837643217119,0.38237536116,0.813157905089,0.377045484872
333,0.843862528497,0.353988513402,0.836842114596,0.415124011431
334,0.839607209821,0.377486342787,0.828947377832,0.582162543947
335,0.846481186522,0.371083165005,0.810526325907,0.413873038304
336,0.825531923781,0.387923995929,0.815789483095,0.437529054838
337,0.834042562205,0.374020310128,0.850000008941,0.379978571185
338,0.838297881101,0.370551984527,0.781578958819,0.495720928596
339,0.834369894135,0.350654970888,0.81842106267,0.491597387204
340,0.841571203084,0.360451585735,0.821052641853,0.405412592067
341,0.839279877281,0.37172398226,0.842105272569,0.35585527535
342,0.835351890828,0.379272065792,0.797368432346,0.44501337137
343,0.849427176917,0.34377623453,0.763157907677,0.579826509923
344,0.835351890535,0.366297803482,0.810526326299,0.388961918848
345,0.852373166751,0.35192310044,0.831578957407,0.448458711874
346,0.83993454197,0.381287058876,0.847368429366,0.428768163026
347,0.838625212762,0.358956755994,0.834210536198,0.382615522653
348,0.841571203401,0.350538095827,0.76842106369,0.484765773394
349,0.839607209674,0.373602005193,0.81578948388,0.462059737122
350,0.833060565366,0.368797602161,0.836842114204,0.380958660751
351,0.840261874388,0.355949603031,0.797368431954,0.575326196745
352,0.83927987772,0.361680098259,0.823684220251,0.404290920552
353,0.844844525848,0.369264581693,0.815789483684,0.425681193666
354,0.840261874388,0.355954661227,0.839473693387,0.401346771635
355,0.849427177063,0.361622335879,0.842105271393,0.397484760756
356,0.840589206586,0.380396594446,0.813157904893,0.530373716408
357,0.826513920693,0.392629738002,0.852631586947,0.337884744648
358,0.833060565342,0.372259594122,0.836842114596,0.380485795009
359,0.852700498998,0.355133651872,0.810526325514,0.393170242394
360,0.838625213348,0.351977165928,0.786842116792,0.472008997378
361,0.836006555468,0.363891558476,0.834210534629,0.396555916725
362,0.841571203352,0.360537798484,0.739473697386,0.54612601323
363,0.845171857826,0.356909574499,0.755263169345,0.635880962639
364,0.851391170131,0.347975620382,0.844736850968,0.370576041028
365,0.843862528789,0.366758484415,0.778947379244,0.556249504566
366,0.836988552137,0.370359370954,0.789473694798,0.590155822335
367,0.854991824703,0.342222304689,0.834210535021,0.424787493692
368,0.842553199825,0.369262060746,0.842105272569,0.414958459025
369,0.83862521286,0.377257826332,0.842105272177,0.483477414132
370,0.842880531682,0.372144880359,0.821052641853,0.416516709509
371,0.83731588414,0.382623366265,0.826315799434,0.49726883757
372,0.837970549073,0.354597170601,0.839473692994,0.390787000939
373,0.835351891145,0.39393570509,0.836842114988,0.433865418563
374,0.835679223319,0.390498674506,0.844736850183,0.356958155434
375,0.837970548854,0.372266484368,0.831578956623,0.453505227226
376,0.83469722648,0.372990737893,0.831578955839,0.409539291145
377,0.838297880832,0.374405285403,0.847368428974,0.42677219576
378,0.842225867603,0.363408733467,0.868421060082,0.307416801234
379,0.837970548317,0.368192122583,0.823684220251,0.549461080889
380,0.824877259579,0.385553620871,0.839473692014,0.322714278597
381,0.842225867846,0.355782203472,0.842105271393,0.361939413081
382,0.833060565342,0.377740246454,0.826315798454,0.385464392259
383,0.833715229934,0.374891031038,0.810526326299,0.415535093273
384,0.836333887838,0.361665855922,0.823684220643,0.46693694179
385,0.841243870934,0.347228335009,0.842105270805,0.390220878021
386,0.830769239978,0.376529659984,0.86842105969,0.339388835072
387,0.838625213104,0.344413230939,0.839473691818,0.407315973552
388,0.836333887374,0.365042779843,0.810526326299,0.475679628635
389,0.84353519642,0.352369366674,0.821052642245,0.481437138898
390,0.839934542165,0.370918002669,0.773684221271,0.542078970907
391,0.835351891072,0.359896354666,0.826315799042,0.431516579083
392,0.838625213714,0.357134854067,0.850000007372,0.363015803067
393,0.841898535355,0.367734637249,0.810526326299,0.404086701008
394,0.833387897345,0.373370182658,0.813157905873,0.41690364828
395,0.853355163272,0.345548704329,0.818421063062,0.485752190831
396,0.839279877696,0.386000940796,0.810526326691,0.398309506831
397,0.853027831172,0.334479040936,0.857894744528,0.346760085318
398,0.84353519664,0.369394502668,0.847368429366,0.346977524055
399,0.847463182971,0.340025648748,0.815789484272,0.391692042829
400,0.84353519642,0.346710977744,0.828947378617,0.451734553606
401,0.840916538712,0.367226853646,0.802631589927,0.483460802374
402,0.839607209845,0.353166832321,0.80789474594,0.455449391092
403,0.838952545522,0.363267825834,0.842105271393,0.447980804822
404,0.84157120323,0.349611315608,0.852631586947,0.398359603405
405,0.84811784788,0.356527096518,0.863157902893,0.308514640722
406,0.841571203328,0.367362876829,0.839473692994,0.461579190175
407,0.828150581684,0.388124703626,0.860526324103,0.306322203202
408,0.855973821396,0.333797385912,0.834210535021,0.413906290784
409,0.854337160404,0.345306674217,0.794736853163,0.488402105978
410,0.847463183166,0.347781901793,0.855263166522,0.356302219149
411,0.846153854665,0.356600093819,0.842105271785,0.411870048725
412,0.841571202986,0.365000755654,0.81578948388,0.470851729452
413,0.842225867676,0.36789961632,0.802631589927,0.416818931846
414,0.837315884408,0.371979787729,0.778947379048,0.618396178505
415,0.841898535453,0.361633594876,0.792105273589,0.435543688958
416,0.842880532414,0.365463725972,0.828947378617,0.382219201099
417,0.833387897662,0.378571837363,0.823684220251,0.367845192478
418,0.847463183312,0.350589488311,0.789473694406,0.493490131253
419,0.841898535502,0.340462867942,0.786842114439,0.468627734048
420,0.846153854348,0.362609710559,0.839473693387,0.34233475297
421,0.843862528765,0.383963317002,0.844736850968,0.410783633982
422,0.846808518989,0.349535453,0.82894737744,0.406299161553
423,0.832078568796,0.379555819908,0.813157905089,0.410735758634
424,0.850081840972,0.33263931002,0.815789484272,0.434605836182
425,0.829132578426,0.364802284598,0.85789474492,0.351682873682
426,0.849754509042,0.361993878723,0.852631587339,0.36188149913
427,0.845499189757,0.352409153353,0.855263165737,0.457482580249
428,0.843207864539,0.361811370199,0.85789474492,0.310954844591
429,0.845499190122,0.341995586362,0.815789484272,0.386612111231
430,0.85139117018,0.337636982213,0.847368429758,0.406600546484
431,0.835679223026,0.385481058714,0.836842114204,0.454981183437
432,0.838297880857,0.354026978182,0.839473693387,0.418986528622
433,0.843207864295,0.348955492407,0.797368431562,0.495343862739
434,0.829132578523,0.388171314579,0.873684217271,0.378941616436
435,0.844844525628,0.348512576414,0.821052641853,0.47742000422
436,0.832733232656,0.355859865665,0.852631586555,0.320619584257
437,0.837970548561,0.363065857021,0.813157904697,0.532274384566
438,0.839279877671,0.363562561489,0.78947369519,0.485078145652
439,0.845826522467,0.357776582277,0.868421059298,0.348000863077
440,0.859901807971,0.332037762003,0.802631589535,0.463125382734
441,0.844517193527,0.358519975648,0.860526323711,0.334091592029
442,0.836006555347,0.372130572317,0.80526316911,0.49753982219
443,0.848772512106,0.347588117944,0.789473694602,0.487679719557
444,0.843862528228,0.348450356479,0.839473693387,0.384976403923
445,0.84157120345,0.350284344651,0.831578956623,0.409160780255
446,0.839934541556,0.368295635083,0.786842116792,0.499722626146
447,0.853682495495,0.336653158491,0.834210534825,0.386669614708
448,0.856955818186,0.320397297039,0.800000009764,0.472901827337
449,0.851063837835,0.359902597968,0.847368429366,0.397294382938
450,0.852045834601,0.348563942348,0.82631579865,0.399776984582
451,0.83797054878,0.373139312154,0.818421063062,0.369017521312
452,0.839607209626,0.362769307869,0.842105272569,0.372301232768
453,0.841898535526,0.344493429385,0.844736849791,0.389339437233
454,0.836661220109,0.369319807646,0.771052643657,0.529956341966
455,0.849754509042,0.344228698941,0.850000007568,0.357395833107
456,0.829787242993,0.386534483346,0.765789486468,0.474462135352
457,0.834369894306,0.35854413396,0.821052641069,0.424626547096
458,0.831423904497,0.363905471862,0.821052641069,0.404678270049
459,0.836006555151,0.392939264837,0.842105272569,0.409825868445
460,0.856955817991,0.334159506225,0.781578959211,0.551768568755
461,0.847463183215,0.355874070308,0.84736843015,0.343631921091
462,0.836661220036,0.363816368064,0.781578958819,0.552845776743
463,0.83927987772,0.361905610748,0.834210535805,0.371160230771
464,0.849099844621,0.360633330469,0.831578956231,0.429536910703
465,0.856301153691,0.335573055429,0.815789484272,0.500815657874
466,0.83960721004,0.373615353477,0.823684221036,0.406787237667
467,0.843862528936,0.366293955761,0.78947369519,0.443339803366
468,0.847135851285,0.344207709523,0.802631589535,0.434125858996
469,0.84909984445,0.346688041146,0.80526316911,0.555985633106
470,0.835024558313,0.375360223126,0.826315799042,0.45172591228
471,0.855646488758,0.331641581404,0.823684220251,0.409063943895
472,0.843535196615,0.345822646085,0.85789474492,0.351254414822
473,0.840261874169,0.369090496393,0.794736852575,0.568730936548
474,0.845499189976,0.361306411883,0.800000009764,0.429549120783
475,0.858265146686,0.334063647869,0.778947379048,0.592355437175
476,0.844189861207,0.348832528118,0.85789474492,0.472039786118
477,0.826841253135,0.390582875523,0.823684219859,0.422780167864
478,0.848117847831,0.364352964698,0.81842106267,0.414967354387
479,0.83600655559,0.375049331542,0.826315799042,0.404803087678
480,0.844844525311,0.340191093567,0.823684219859,0.489109908966
481,0.845171857875,0.367788551164,0.831578956231,0.381760965904
482,0.838297881027,0.36818858488,0.842105272177,0.376889193676
483,0.855646489246,0.346046097856,0.847368429758,0.326749198727
484,0.848117847928,0.352207217011,0.85526316613,0.36374260903
485,0.852700499193,0.349980494313,0.860526324103,0.400956419358
486,0.842225867627,0.375732166254,0.789473696367,0.474864818364
487,0.856628485817,0.338134348653,0.860526322926,0.388231492099
488,0.8641571265,0.306274245392,0.857894745312,0.300174777286
489,0.84975450892,0.362206241467,0.771052644049,0.598951821411
490,0.85237316658,0.346996378064,0.873684218055,0.356053972696
491,0.849427176551,0.358119239288,0.823684219859,0.412127704494
492,0.84222586792,0.36919390748,0.81842106267,0.431896931337
493,0.836333887496,0.361248560919,0.868421060474,0.370991044218
494,0.836006555225,0.367975882847,0.781578959015,0.528669631648
495,0.853027831074,0.344757520847,0.831578956623,0.48411232836
496,0.853682495788,0.330991488859,0.815789482311,0.387143517569
497,0.843207864588,0.345035339493,0.810526325122,0.496980717602
498,0.839934542044,0.355865410122,0.852631587339,0.3924535431
499,0.844189860914,0.348221897063,0.828947377832,0.424834102944
500,0.834697226504,0.384962157926,0.844736850575,0.333846775864
501,0.855973821322,0.330999698602,0.771052644441,0.728495680667
502,0.84353519681,0.360436609384,0.7868421164,0.560662870295
503,0.845499189805,0.353958066497,0.8078947479,0.549583598686
504,0.846481186669,0.360643694668,0.834210536198,0.453659482411
505,0.848445180054,0.328449065035,0.82631579865,0.36962103057
506,0.842225867773,0.348689154684,0.828947377832,0.409092751362
507,0.831423904204,0.387664014772,0.815789483095,0.458245495886
508,0.832733233046,0.389206375411,0.836842114596,0.383286238268
509,0.842880531804,0.34893324481,0.836842114204,0.421889203637
510,0.846481186449,0.37373983162,0.792105273981,0.53290562953
511,0.848445180054,0.35358120142,0.844736850183,0.375760867928
512,0.849099844621,0.362611402951,0.813157904109,0.445516470792
513,0.850081841045,0.354943457328,0.865789481684,0.3461811244
514,0.842225867968,0.338130017924,0.852631587339,0.453252115838
515,0.844189861305,0.357858436213,0.839473693387,0.392411626042
516,0.848117847514,0.344088375464,0.823684220643,0.409893696423
517,0.84746318341,0.348670888465,0.836842114204,0.340533472224
518,0.846808518696,0.337087700185,0.784210538001,0.423152523023
519,0.854009827962,0.348161174323,0.828947378617,0.425945374453
520,0.859574476041,0.332706100659,0.763157905717,0.551787677772
521,0.847463183142,0.344589696645,0.85789474492,0.348762091366
522,0.842225868042,0.360610403328,0.839473693387,0.417594040661
523,0.845499189805,0.364508083834,0.839473693387,0.398766195304
524,0.852700499144,0.347124158047,0.834210535805,0.334585325927
525,0.844517193674,0.338143470538,0.81842106267,0.502676509002
526,0.847135851455,0.346772079122,0.852631587339,0.353369642619
527,0.844844525506,0.360838921269,0.807894747312,0.457964194053
528,0.840589206586,0.370191953332,0.794736853163,0.516123465213
529,0.856301153057,0.351151230337,0.815789483292,0.492718990059
530,0.840916539077,0.359922174703,0.857894745312,0.362621258102
531,0.852373166848,0.344435534553,0.863157902501,0.377688678254
532,0.840589206684,0.369157180904,0.828947377636,0.405566899578
533,0.843207864368,0.339606898892,0.826315799434,0.389837255799
534,0.848772512398,0.358802272927,0.831578956623,0.362322667987
535,0.848772512203,0.364220390458,0.831578956231,0.40500904654
536,0.836006555225,0.369601595618,0.7868421164,0.4439801181
537,0.845171858022,0.367867577342,0.865789481292,0.315704094638
538,0.837643216606,0.367014966147,0.844736850968,0.320156843193
539,0.849754508579,0.32254948249,0.828947378617,0.447955033301
540,0.84811784766,0.339583336909,0.83947369221,0.401369943234
541,0.851391169985,0.362401852792,0.836842114596,0.434218234628
542,0.843535196688,0.367496401581,0.844736850575,0.371429437747
543,0.853682495958,0.331038232919,0.823684219859,0.453895338257
544,0.852045834406,0.344725076859,0.810526325514,0.447995372019
545,0.853355163077,0.353561063389,0.834210535805,0.387810769993
546,0.848445179907,0.361717813014,0.836842114204,0.422875993352
547,0.856628485695,0.322887682329,0.807894747508,0.478580935096
548,0.846481186425,0.346982040467,0.831578957407,0.518260272434
549,0.851063837811,0.343193693727,0.79736843215,0.498387320188
550,0.841898535551,0.354931087188,0.839473693387,0.355159902185
551,0.850081841143,0.339861351096,0.852631587731,0.3742480765
552,0.851063837811,0.348156915753,0.842105271393,0.480201015622
553,0.852700499339,0.347402795326,0.842105271785,0.402359981408
554,0.847790515633,0.354040704214,0.82894737744,0.350399545124
555,0.866775784672,0.328765847286,0.789473694406,0.494868586845
556,0.829787243164,0.3888451526,0.842105271785,0.406591665891
557,0.833060565293,0.370970139893,0.821052640676,0.415806004745
558,0.845826522077,0.351464412815,0.847368429758,0.353726600903
559,0.848445180102,0.353357223968,0.823684220643,0.367085935407
560,0.843535196615,0.330210289868,0.747368432385,0.629343292976
561,0.849427176941,0.352071121807,0.836842114596,0.408894562653
562,0.858592479177,0.32889759904,0.818421061886,0.429149586707
563,0.850409173463,0.342409635806,0.802631589927,0.472524765046
564,0.85335516337,0.321578858659,0.88157895325,0.288982613043
565,0.848445179956,0.362083235266,0.792105273589,0.501602856337
566,0.84451719321,0.347265296705,0.834210535413,0.404081514485
567,0.853355163321,0.348660761448,0.802631590319,0.437585734241
568,0.851063837713,0.333640649915,0.844736850968,0.384980746177
569,0.845171857412,0.371820506593,0.834210535805,0.411621748456
570,0.846481186547,0.353931359332,0.834210535413,0.39746820858
571,0.841243870886,0.361087915811,0.784210537805,0.497683002172
572,0.851391170351,0.343519619428,0.815789484272,0.388364333096
573,0.839934542312,0.387633556371,0.794736852771,0.558046641962
574,0.842880532365,0.363567360834,0.860526322926,0.339104332226
575,0.845499190122,0.36677126388,0.850000008941,0.425244058262
576,0.838952545253,0.35883619991,0.813157905873,0.423326153265
577,0.848117847831,0.345082169603,0.842105271785,0.406671066058
578,0.842880532243,0.358389767997,0.810526325907,0.412822869573
579,0.846481186132,0.361993626344,0.839473693387,0.401318861594
580,0.836006555444,0.361812314253,0.784210536825,0.532800909377
581,0.844189860988,0.348327464261,0.831578955839,0.356118570774
582,0.848445180127,0.34662234336,0.836842114596,0.516002943997
583,0.837643216777,0.358850536815,0.802631589143,0.596748694569
584,0.849099844621,0.345126106853,0.860526322926,0.345868186547
585,0.853355163297,0.3352269637,0.802631589535,0.559949884743
586,0.845826522199,0.356824196388,0.815789483488,0.457997923986
587,0.847463183434,0.332086062983,0.813157905481,0.605228956599
588,0.853355163467,0.341147083404,0.81842106267,0.435401710657
589,0.848445180127,0.344195040009,0.813157905481,0.535296976775
590,0.846481186937,0.350747743506,0.778947379636,0.565979064283
591,0.85008184124,0.341157779393,0.821052640873,0.46699527822
592,0.84779051573,0.350081415322,0.831578957015,0.381696615901
593,0.851391170034,0.340326014511,0.7868421164,0.532110954803
594,0.845171857631,0.357701758815,0.805263167541,0.442892549394
595,0.857283149994,0.341428595392,0.850000008156,0.34826762057
596,0.838297880881,0.366754176853,0.844736850968,0.355236078579
597,0.864484459259,0.327914297625,0.85789474492,0.364369383259
598,0.852045834577,0.338885052338,0.823684220643,0.413225522106
599,0.855973821127,0.337263410255,0.807894747508,0.506660013304
600,0.851718502427,0.347128673889,0.76842106369,0.547721450693
601,0.851063837957,0.351032363851,0.873684217271,0.30742758091
602,0.860883804688,0.324675540474,0.828947378617,0.408955242405
603,0.845499190195,0.349369153128,0.80526316911,0.438724510617
604,0.843862528936,0.353189124532,0.886842111616,0.291122506486
605,0.854009827889,0.335771580503,0.881578954427,0.274129742021
606,0.836333887325,0.3743915657,0.82894737744,0.435330191333
607,0.840261874632,0.355406123417,0.878947375244,0.278285797698
608,0.862520465874,0.331682633498,0.802631589927,0.479154193468
609,0.860229140266,0.33342011804,0.818421062278,0.479981014483
610,0.852045834284,0.340822748926,0.79736843117,0.522937812965
611,0.85302783144,0.339997311689,0.828947377048,0.426296109419
612,0.847790515657,0.355058720117,0.836842114204,0.474155122733
613,0.845826522077,0.36383121506,0.84473685136,0.439160105795
614,0.849427176819,0.355310260084,0.834210535805,0.391093898865
615,0.845826522321,0.357594450314,0.810526326299,0.404289055695
616,0.843207864685,0.356817290286,0.878947375636,0.318170110027
617,0.844844525726,0.35638625839,0.863157901325,0.310243770272
618,0.853682495861,0.344812439302,0.805263168718,0.424686611305
619,0.849754508993,0.33310195661,0.836842114988,0.582671127772
620,0.848445179615,0.36061169016,0.865789481292,0.330673933936
621,0.857937815,0.343302588153,0.865789481684,0.330673388175
622,0.843862528911,0.358552167582,0.839473693387,0.365677323793
623,0.850409173219,0.348758995463,0.850000007764,0.323639211784
624,0.851391169839,0.321032237873,0.805263167933,0.494672360168
625,0.840916538834,0.346655752173,0.83684211342,0.364792682451
626,0.853355163443,0.366031324944,0.8078947479,0.431821037464
627,0.85728315014,0.33035552298,0.842105270805,0.424417805245
628,0.853027831269,0.33792046337,0.857894745312,0.336423363392
629,0.853355163394,0.335384373834,0.855263165737,0.345391039688
630,0.864157126744,0.317228269639,0.834210535021,0.392601115917
631,0.84451719343,0.366269177351,0.847368429366,0.383951993414
632,0.847463183312,0.349935391034,0.839473693387,0.411966456076
633,0.845171857973,0.348185658921,0.82631579865,0.409926707525
634,0.838952545229,0.359706290747,0.85789474492,0.317238138989
635,0.841243871081,0.335752510434,0.800000011529,0.433367253493
636,0.842553199923,0.347179309344,0.847368429366,0.40672749681
637,0.837643216533,0.362949856472,0.802631588751,0.554250657264
638,0.844189861085,0.349937414024,0.794736853948,0.491117296544
639,0.852045834821,0.336538550889,0.842105272569,0.393661521216
640,0.863175130564,0.322451388149,0.836842114204,0.351236116264
641,0.843535196664,0.347688315552,0.802631589535,0.493993372114
642,0.849099844597,0.351312514604,0.860526323318,0.356775063997
643,0.853355163492,0.340807115456,0.7868421164,0.570995950679
644,0.849427176283,0.333895800278,0.852631587339,0.349060480336
645,0.847790515876,0.33852300833,0.821052641069,0.490020435071
646,0.847790515389,0.349825637794,0.836842114204,0.426202375996
647,0.86153846906,0.327091180466,0.831578957407,0.368417064757
648,0.861538469182,0.324319628578,0.847368429758,0.351421147505
649,0.860229140266,0.349173661771,0.842105272177,0.386948308901
650,0.855646488783,0.340147403967,0.84473685136,0.400965663405
651,0.850736505735,0.354971487159,0.802631589535,0.422416324286
652,0.844189860841,0.351386085632,0.863157902501,0.378599507251
653,0.856955817966,0.334237527846,0.836842114988,0.405558370091
654,0.845826522394,0.344444116484,0.844736850968,0.412390695949
655,0.846808518989,0.351060122849,0.85526316613,0.358946426376
656,0.843862528814,0.36529967724,0.805263168718,0.492756700952
657,0.837315884335,0.356259467255,0.821052641069,0.446821930212
658,0.842880532609,0.35304230913,0.750000011568,0.580293584995
659,0.849754508847,0.359932310024,0.82894737744,0.436796775756
660,0.856301153594,0.341420482045,0.792105273589,0.424994127849
661,0.857283150189,0.342692308102,0.842105272177,0.41539143377
662,0.84091653898,0.359461648719,0.850000007764,0.415143851362
663,0.85171850233,0.342982234513,0.763157907677,0.607689560532
664,0.84451719343,0.350682392061,0.850000008941,0.41929612117
665,0.862847798121,0.314912063649,0.852631587731,0.403097072677
666,0.85335516337,0.369593453011,0.834210535805,0.410101847398
667,0.851718502476,0.343821318664,0.836842114204,0.385637703058
668,0.859247143501,0.327674599141,0.757894749312,0.527266526742
669,0.846481186571,0.352532257639,0.828947378224,0.42998956351
670,0.846153854348,0.349283297932,0.834210535805,0.475622337796
671,0.862847797853,0.314086848323,0.821052642245,0.447450504026
672,0.85171850233,0.348833123609,0.839473692994,0.437943640484
673,0.853355163565,0.346181240301,0.818421062082,0.366613910411
674,0.854337160136,0.336701927904,0.836842114204,0.360462147436
675,0.858919811229,0.320832858537,0.852631586555,0.410223054062
676,0.853027831342,0.339568615792,0.794736853163,0.536679503189
677,0.834369894282,0.37010899526,0.834210535413,0.402032260391
678,0.852045834503,0.35241628418,0.768421064866,0.528920600215
679,0.85073650571,0.347892006616,0.810526327083,0.503320027734
680,0.849099844597,0.331572315557,0.834210534433,0.404950480441
681,0.854009827937,0.349798972765,0.852631587339,0.351484404546
682,0.852700499022,0.352117711611,0.871052638873,0.340737953267
683,0.859574475919,0.327566664104,0.823684220643,0.464236464649
684,0.848445179956,0.349460573224,0.831578957015,0.457255390994
685,0.854991824581,0.340491822399,0.831578956231,0.402014413861
686,0.846153854495,0.372956111433,0.839473692994,0.384337859106
687,0.873649761593,0.308491792042,0.847368429366,0.424079971425
688,0.868412445932,0.299890973166,0.771052643657,0.565181388661
689,0.852045834552,0.352325615289,0.842105271197,0.378064384378
690,0.854664492334,0.334436601068,0.786842115616,0.767718159777
691,0.85924714333,0.339500312846,0.855263165345,0.354462582287
692,0.84091653898,0.364002228747,0.784210537217,0.54788242301
693,0.845499189927,0.344349747191,0.797368430778,0.489007816233
694,0.847135851163,0.362146386416,0.850000008156,0.356021190111
695,0.854337160136,0.338919275541,0.847368429758,0.442197145324
696,0.860229140266,0.319284248163,0.81578948388,0.43980977737
697,0.850409173512,0.328069893517,0.847368428974,0.399177590042
698,0.851063837787,0.343584537899,0.860526323711,0.325555172614
699,0.850081841167,0.351187411411,0.831578957015,0.463308264685
700,0.846808519038,0.364189595024,0.813157904697,0.463565895395
701,0.860229140242,0.326400734345,0.810526325122,0.39560083382
702,0.849099844499,0.36182579186,0.807894746724,0.472066635652
703,0.856301153448,0.336102257121,0.852631587731,0.349487908748
704,0.846481186595,0.345218910946,0.810526326691,0.434006629725
705,0.854664492334,0.313371469441,0.797368431562,0.512226483834
706,0.849754509091,0.333606871741,0.826315799434,0.423924553239
707,0.829787242993,0.385686466393,0.831578957015,0.408882821065
708,0.847463183239,0.351456828627,0.844736850771,0.397667110893
709,0.838625212762,0.351786933139,0.797368432346,0.493884865089
710,0.857937814634,0.353802109432,0.863157902893,0.309809451071
711,0.855973821347,0.354953882276,0.855263165737,0.35004900924
712,0.857937814512,0.350045068932,0.778947379048,0.615059326133
713,0.857283150116,0.328517342251,0.784210538001,0.453202781243
714,0.847463183434,0.326408323436,0.815789484664,0.446850206954
715,0.85630115374,0.33080497968,0.831578956231,0.423424889448
716,0.851063837689,0.336871270016,0.836842114008,0.438795968746
717,0.85990180819,0.336729279425,0.773684221467,0.538358304018
718,0.855319156657,0.326179754085,0.815789482899,0.538966461854
719,0.862847798073,0.329311200016,0.823684220251,0.391546363134
720,0.857283150091,0.332148931474,0.810526326103,0.419226926414
721,0.851391169985,0.345949068563,0.813157904697,0.454178260137
722,0.855319156853,0.3441420252,0.847368429758,0.367903290402
723,0.852700499046,0.354590362263,0.850000007764,0.363371306467
724,0.854991824801,0.335284802108,0.852631587339,0.37821177887
725,0.852045834552,0.321724119021,0.842105271393,0.391321009331
726,0.857283150408,0.334322259377,0.821052641853,0.466519052273
727,0.847790515535,0.363467068171,0.823684220643,0.496107101012
728,0.849099844328,0.348686462546,0.873684218055,0.337246782471
729,0.857610482192,0.350399063117,0.810526325907,0.520309846484
730,0.847790515633,0.34638885207,0.826315799042,0.438134939399
731,0.854991824532,0.33512340259,0.82631579865,0.425408560329
732,0.856301153594,0.341565857862,0.7868421164,0.543332331783
733,0.850081841094,0.340136618692,0.813157905089,0.460771215222
734,0.854009827937,0.345999754532,0.857894745312,0.311419256865
735,0.856955817893,0.34793368482,0.857894744528,0.377806459897
736,0.846481186547,0.347365171337,0.836842113812,0.366361533696
737,0.852373166824,0.34716215804,0.802631589927,0.497092291174
738,0.833387897516,0.35971658741,0.815789484272,0.444413346888
739,0.85008184107,0.327101144223,0.810526325907,0.43460608922
740,0.86317513032,0.3124509959,0.815789483488,0.448663441703
741,0.849754508774,0.367338808186,0.884210533217,0.281727914178
742,0.848772512325,0.33685419914,0.860526323711,0.405328374868
743,0.853355163443,0.335498781038,0.805263168129,0.440171849448
744,0.855646489124,0.335142686717,0.818421061494,0.525560873083
745,0.852373166629,0.352692018312,0.810526325907,0.476797106553
746,0.856628485743,0.351943663204,0.82631579865,0.391419557806
747,0.859247143306,0.310062956161,0.828947378617,0.406550394579
748,0.849099844328,0.346105974786,0.802631590711,0.478957204258
749,0.856955817893,0.329548095601,0.821052641461,0.399193374131
750,0.852700498851,0.340777500308,0.863157901717,0.332914227228
751,0.862847798024,0.321386931146,0.818421061102,0.401727739372
752,0.859247143525,0.342515231529,0.810526327083,0.448238228736
753,0.854991824898,0.344594195135,0.784210537609,0.457853598532
754,0.856955817942,0.331515838144,0.813157904697,0.403938537598
755,0.87463175831,0.30818070887,0.805263167541,0.387883707697
756,0.837315884359,0.377207932766,0.757894749116,0.608503088177
757,0.842225867554,0.355860822895,0.794736851987,0.484711007668
758,0.858919811424,0.330230186924,0.852631587339,0.360557139778
759,0.84615385447,0.346383964205,0.815789484272,0.467111437643
760,0.847135851163,0.33023035097,0.839473693387,0.358165112839
761,0.855646489148,0.337134015167,0.81842106267,0.428781207985
762,0.86317513049,0.322547078541,0.823684220251,0.474981261503
763,0.85106383764,0.34079886767,0.842105272569,0.4278246467
764,0.868739778033,0.311294426723,0.792105274569,0.592967665656
765,0.846808518891,0.356333661235,0.850000008156,0.396494587834
766,0.85695581821,0.341022544305,0.789473696367,0.479402973231
767,0.858919811376,0.332233618206,0.836842114988,0.432073858444
768,0.85891981118,0.333918195941,0.873684217271,0.324423666627
769,0.852700498705,0.35668395995,0.828947377832,0.368841162331
770,0.849099844255,0.353377031921,0.836842114988,0.380852908276
771,0.855319156804,0.344015436087,0.815789483095,0.376987265944
772,0.857610482582,0.333313408748,0.844736849791,0.38276022585
773,0.843535196664,0.366515243771,0.836842114204,0.380487585973
774,0.844844525677,0.363729436355,0.831578957407,0.382760413726
775,0.853027831123,0.345562925857,0.831578956623,0.389549224644
776,0.84713585109,0.352857818751,0.826315799042,0.381113685349
777,0.860229140242,0.32500270342,0.807894747116,0.47757646363
778,0.840589206465,0.360268335216,0.755263171306,0.685231746272
779,0.84713585109,0.355737551486,0.823684220643,0.426373122983
780,0.845826522199,0.347979573675,0.828947377048,0.422752141732
781,0.85368249569,0.335274045978,0.876315796846,0.296837862462
782,0.857610482558,0.326305862344,0.826315799042,0.402192886576
783,0.840261874388,0.356118031504,0.852631587339,0.43000139622
784,0.855973821249,0.333449129214,0.834210536198,0.406525054824
785,0.852045834382,0.331711658719,0.813157905089,0.466594412077
786,0.855319157121,0.338484579901,0.831578956623,0.398910094769
787,0.856955817844,0.324437072192,0.797368431954,0.493005886821
788,0.856955817917,0.334124142126,0.781578958819,0.535124947219
789,0.857610482631,0.328774827761,0.81842106267,0.503914670375
790,0.849427176697,0.345716345079,0.857894744528,0.314542184265
791,0.853682495788,0.337913691949,0.852631587339,0.370477572659
792,0.857283150213,0.33306580011,0.821052641461,0.389507583845
793,0.858265146784,0.325199269601,0.839473693387,0.525496114712
794,0.855973821054,0.3412438107,0.876315796454,0.322844251751
795,0.861865801429,0.338034627565,0.831578955446,0.46501274319
796,0.854664492334,0.346064144163,0.834210535805,0.383693125657
797,0.860883804639,0.329145558222,0.847368429562,0.358714987956
798,0.873977093864,0.304609782974,0.863157902501,0.404758276081
799,0.856955817917,0.342056381421,0.797368432346,0.540179755906
800,0.851063837835,0.336259042471,0.82894737744,0.506475884307
801,0.858265146857,0.344946528774,0.821052641069,0.524517090795
802,0.861538468865,0.325918452565,0.834210536198,0.366634690448
803,0.851718502573,0.33176927184,0.85789474492,0.32466707946
804,0.853355163614,0.338285375487,0.852631587339,0.353969556479
805,0.859901807873,0.322630121235,0.828947377832,0.42228910751
806,0.840916538614,0.381029741508,0.82631579865,0.388329677731
807,0.860883804931,0.321052231224,0.82894737744,0.39119709073
808,0.87070377154,0.314420544577,0.85526316613,0.337330800653
809,0.860229140169,0.340294593538,0.797368432346,0.44695330065
810,0.85728315036,0.329699079448,0.852631586555,0.390959003102
811,0.852700499022,0.346822520476,0.821052641265,0.413175687393
812,0.849099844645,0.347759541192,0.839473692994,0.435830095562
813,0.852700499046,0.341102049994,0.847368429366,0.360805062801
814,0.851391170399,0.343934914409,0.794736853948,0.45370286985
815,0.854664492383,0.338673391108,0.813157904697,0.498878339869
816,0.845499190244,0.350133712275,0.834210534629,0.39530540349
817,0.848772512228,0.349607466683,0.836842112635,0.407124310505
818,0.857283150189,0.326864171795,0.802631587574,0.473862113658
819,0.85761048229,0.311510528651,0.834210535805,0.357566714124
820,0.84582652193,0.367171677907,0.821052642245,0.407207834105
821,0.86121113713,0.321435623463,0.884210533217,0.314994225548
822,0.848117847563,0.356892472262,0.868421060082,0.334554469666
823,0.85368249569,0.333669906232,0.826315799042,0.43224903511
824,0.852373166629,0.322136915176,0.836842113224,0.360693377559
825,0.853682495812,0.331453441221,0.834210535805,0.432640262586
826,0.853355163516,0.355397258638,0.860526323711,0.347375614507
827,0.859574475772,0.32434950883,0.834210535021,0.438099215248
828,0.858919811229,0.32831499627,0.844736850968,0.396974795686
829,0.855973821298,0.332111716887,0.868421060474,0.317012503915
830,0.862520465801,0.318906237405,0.815789483488,0.370216802951
831,0.855319156975,0.340797690231,0.860526323711,0.378059850031
832,0.855646489295,0.337655222096,0.828947378617,0.389560101517
833,0.851063837835,0.332512546882,0.828947377832,0.5456304562
834,0.843535196445,0.356576134683,0.850000008549,0.359175691516
835,0.848772512203,0.339660382888,0.836842114204,0.444503988345
836,0.849099844719,0.330196204737,0.84473685136,0.374335629362
837,0.847135851114,0.35888866318,0.834210535021,0.427034366854
838,0.856301153496,0.326852914123,0.82894737744,0.413146408511
839,0.856955818161,0.321841129563,0.805263168718,0.549060545249
840,0.870703771613,0.316401668524,0.863157901717,0.330899377231
841,0.841571203401,0.355132744876,0.81842106267,0.411469579831
842,0.858265146759,0.324984064069,0.8078947479,0.532446201805
843,0.856955818039,0.333252253503,0.865789481684,0.450500855026
844,0.858919810937,0.323160447959,0.842105271001,0.332436863235
845,0.857937814488,0.336328769735,0.834210535805,0.383142754276
846,0.858592478714,0.329366738359,0.847368429366,0.328894213246
847,0.860883804614,0.318935168583,0.839473692602,0.438057615704
848,0.866775784818,0.330548263118,0.860526322926,0.349495825352
849,0.861211136886,0.3349488336,0.863157902501,0.332279539238
850,0.851718502232,0.336335703681,0.868421060082,0.315589517943
851,0.861865801478,0.330130416038,0.771052642676,0.542313997321
852,0.859574475748,0.333827090333,0.85526316613,0.392672676918
853,0.855973821274,0.336400008747,0.83947369221,0.370595262337
854,0.861538469255,0.322108770989,0.834210536198,0.408939415111
855,0.856955817917,0.343868888398,0.831578957407,0.432248997134
856,0.841243871203,0.36347287664,0.847368428974,0.413413899258
857,0.852373166726,0.334976200125,0.763157906501,0.656888229938
858,0.848445180151,0.354693877635,0.813157904893,0.518049434722
859,0.853355163394,0.339783915475,0.81842106267,0.439718097644
860,0.861538468816,0.334176781377,0.823684220055,0.495272405495
861,0.854337160306,0.333684250595,0.831578955839,0.407477867955
862,0.848445180151,0.351892355149,0.847368429366,0.345315834434
863,0.854337160331,0.350046204773,0.794736852379,0.53153965488
864,0.8621931337,0.318868553127,0.828947377832,0.382844328531
865,0.858919811327,0.33204421677,0.821052641069,0.38401099542
866,0.857937814561,0.347335367359,0.826315797865,0.424239198322
867,0.854991824508,0.339178249734,0.826315799434,0.413524458994
868,0.869067110377,0.306345894997,0.773684221663,0.545272952758
869,0.852700498705,0.343334004547,0.823684219467,0.449437626662
870,0.853682495617,0.336720905306,0.847368429758,0.382735614224
871,0.85761048246,0.323686934959,0.85526316613,0.343820965285
872,0.85662848567,0.332743023343,0.844736850575,0.353071031216
873,0.856301153399,0.331221277972,0.839473692994,0.423666513311
874,0.861538469182,0.327312818949,0.805263167149,0.531757248357
875,0.863502462567,0.310097874271,0.84473685136,0.405492191013
876,0.854337160331,0.33275231135,0.863157902501,0.355524298637
877,0.848772512057,0.359921987616,0.828947378617,0.409980912504
878,0.850409173341,0.357044828659,0.823684219859,0.451344627066
879,0.851718502525,0.322178454172,0.839473693387,0.389350045094
880,0.857937814756,0.338524865222,0.813157905481,0.440747182363
881,0.863829794448,0.313770693592,0.84473685136,0.499919937723
882,0.851391170302,0.346857814625,0.823684219075,0.500883714682
883,0.854337160306,0.326061514393,0.794736852379,0.557131509214
884,0.853355163321,0.341362178185,0.860526323711,0.304771598288
885,0.8559738212,0.343364758096,0.844736850183,0.424031902553
886,0.857283150213,0.336239196685,0.81578948388,0.565409018854
887,0.877905080391,0.289564137227,0.818421062278,0.404590481666
888,0.864811791384,0.317601434144,0.831578956623,0.459116064606
889,0.856301153472,0.338719948066,0.860526322926,0.360144023992
890,0.85400982801,0.335164353357,0.834210536198,0.441984397898
891,0.863829794911,0.325907172663,0.802631587966,0.472175904755
892,0.841571203474,0.362925825703,0.815789484272,0.416789750841
893,0.850081841265,0.340834074289,0.852631586359,0.383996615396
894,0.852045834406,0.361850175207,0.860526323711,0.305571246292
895,0.867430449093,0.302471893883,0.844736850968,0.419138330259
896,0.854664492407,0.326775382502,0.826315799042,0.50239705103
897,0.856955818137,0.328001217034,0.871052639265,0.326043411278
898,0.851718502232,0.331779892907,0.810526326299,0.506560177172
899,0.859901808044,0.3395587656,0.85789474492,0.321386799927
900,0.84288053178,0.35186258363,0.823684220643,0.441178394696
901,0.868085113953,0.315226773483,0.802631590319,0.503409135312
902,0.854337160258,0.348828935225,0.813157904501,0.408444910175
903,0.857283150311,0.338219915041,0.834210535413,0.37760746014
904,0.858592479324,0.31997913204,0.855263166522,0.34117434618
905,0.858592478909,0.324398232682,0.847368428778,0.383568307186
906,0.849754508896,0.329925445873,0.86842105969,0.366107995548
907,0.845171857607,0.35942926835,0.860526323318,0.413111459095
908,0.853027831318,0.34011044218,0.80526316911,0.458477157989
909,0.846153854373,0.343998028402,0.836842114988,0.453629857061
910,0.855973821225,0.34255052298,0.836842114596,0.362879086139
911,0.854664492407,0.338688891425,0.839473693387,0.485252511779
912,0.860556472343,0.335681406722,0.852631587731,0.348057939144
913,0.857610482216,0.331556382638,0.855263165737,0.358949078252
914,0.854009827889,0.325935201045,0.810526326299,0.4192681091
915,0.864484459406,0.306160087402,0.842105271393,0.392479311754
916,0.853355163443,0.333499541868,0.850000008941,0.368103160523
917,0.853355163565,0.341383861945,0.855263166522,0.356483854084
918,0.867430449288,0.295196010474,0.823684220251,0.472249095726
919,0.86153846906,0.325861189079,0.836842114596,0.401379238324
920,0.861538468791,0.31814364235,0.828947377832,0.432715973498
921,0.857937814415,0.340814311678,0.810526326299,0.483507186671
922,0.860229139852,0.342282926831,0.82631579865,0.383263245712
923,0.85924714355,0.334134240285,0.805263168326,0.419510203455
924,0.847790515754,0.33224284513,0.823684220251,0.44057622218
925,0.860883804907,0.312000665668,0.831578956623,0.409351620456
926,0.857937814903,0.337232214232,0.81578948388,0.407074921624
927,0.856955817917,0.350857717111,0.821052640676,0.418294287262
928,0.853027830952,0.342538381213,0.871052638873,0.330487054472
929,0.848772511984,0.347161237705,0.821052641853,0.381135021655
930,0.855646489295,0.328222403222,0.792105274373,0.57339618817
931,0.850409173634,0.335836620989,0.805263169502,0.458191715365
932,0.860556472294,0.33426915219,0.797368430974,0.532596244483
933,0.855973821225,0.325893451321,0.815789484272,0.440841386732
934,0.863502462396,0.331736956555,0.821052641461,0.450656978842
935,0.852700498973,0.354711746627,0.847368429758,0.368574961529
936,0.851391170131,0.332537224189,0.81578948388,0.443885333272
937,0.852045834601,0.342827519499,0.802631589535,0.440798338728
938,0.84680851894,0.340567206,0.813157905481,0.417298528749
939,0.856628485573,0.320831786369,0.813157904697,0.440067454137
940,0.868739778033,0.319629956848,0.821052641069,0.478094570425
941,0.855319156609,0.345401795306,0.79736843117,0.574240680668
942,0.86612112008,0.316661303661,0.823684220251,0.537987253457
943,0.859901808141,0.329170837163,0.821052641853,0.477466507312
944,0.860883804712,0.32969777534,0.836842114204,0.397067848883
945,0.856301153399,0.351959931134,0.863157902501,0.359010541272
946,0.853682495593,0.338155853303,0.82631579865,0.41743181307
947,0.86808511327,0.306659531936,0.771052642872,0.594483065125
948,0.856301153179,0.329248141359,0.85789474492,0.374354858711
949,0.861211136935,0.326342184002,0.850000007764,0.291378544706
950,0.851063837884,0.340260854006,0.828947378028,0.43464905954
951,0.869721774725,0.31178993351,0.871052638873,0.360996782792
952,0.863829794814,0.32396636488,0.831578957407,0.40264156767
953,0.860229140266,0.333822083689,0.826315799434,0.405670538827
954,0.858592479055,0.324360041541,0.842105271785,0.327622492387
955,0.871358435912,0.299535473827,0.77105264248,0.568345461295
956,0.847790515511,0.371529330468,0.868421060082,0.324405886026
957,0.841571203181,0.346600905219,0.865789481292,0.39490088451
958,0.86579378837,0.328042201078,0.873684217271,0.284783535124
959,0.847790515852,0.342892557359,0.836842114596,0.414108074025
960,0.852700498998,0.321091271723,0.842105272177,0.329661167453
961,0.86055647244,0.331410210673,0.810526326299,0.510249238461
962,0.865466455976,0.315479801767,0.85789474492,0.390672558395
963,0.861211136813,0.315986729568,0.852631587339,0.347467598187
964,0.864157127037,0.31576338187,0.821052641069,0.493943875417
965,0.850736505369,0.344047979016,0.839473693387,0.41174367188
966,0.861538469401,0.32591641373,0.844736850575,0.354048812593
967,0.861538469182,0.327076790879,0.847368429758,0.391763210788
968,0.856301153569,0.32898770356,0.873684217271,0.299277559198
969,0.849427176356,0.351446817032,0.815789483488,0.433300047849
970,0.856628485548,0.343179468658,0.852631587731,0.393954129427
971,0.860229140193,0.333259229349,0.826315799434,0.44728528321
972,0.854664492651,0.347484921274,0.865789481292,0.390639469407
973,0.85564648888,0.346591683596,0.828947378617,0.43730340561
974,0.851063838079,0.343955040002,0.881578954035,0.319799071074
975,0.855646489075,0.33154350444,0.844736850968,0.415220170074
976,0.849754508798,0.342212332071,0.815789483095,0.383604421329
977,0.862520465996,0.330551861448,0.813157903129,0.51157197018
978,0.844844525116,0.344932591566,0.826315798258,0.484074351151
979,0.853355163443,0.344844699523,0.813157904697,0.383022435046
980,0.859247143452,0.325177484237,0.80789474692,0.446884606112
981,0.850736505856,0.345906636238,0.84736843015,0.374677784569
982,0.863502462542,0.318085107412,0.844736849791,0.326312756638
983,0.841243871105,0.352968380876,0.847368428974,0.369078811215
984,0.868739778179,0.313840797366,0.81842106267,0.422913610231
985,0.862193133578,0.317809683459,0.800000010156,0.436035963394
986,0.85531915695,0.32288347808,0.823684220643,0.440143776423
987,0.858592479007,0.322900900506,0.850000008549,0.396891313495
988,0.871031103714,0.308903253248,0.836842114596,0.372163659072
989,0.857937814903,0.324932303482,0.800000011137,0.463816646646
990,0.856301153618,0.329581615706,0.842105272177,0.373895423064
991,0.858265146979,0.328903304393,0.857894745312,0.295977898996
992,0.862520465752,0.33377141307,0.834210535413,0.462533171813
993,0.860229140218,0.313953870587,0.747368432974,0.582095485426
994,0.866775784477,0.324878352233,0.836842113812,0.491485866965
995,0.865139123802,0.339536102502,0.821052641069,0.418264160455
996,0.867103117041,0.327622641896,0.831578957015,0.399208246865
997,0.863175130051,0.328351163773,0.847368429562,0.38959102014
998,0.873322429224,0.308871655057,0.797368432346,0.578645594352
999,0.861211136764,0.321310311921,0.821052641461,0.482970923062
