epoch,acc,loss,val_acc,val_loss
0,0.749590846867,0.52030008224,0.778947379636,0.565687118784
1,0.771849438621,0.498157171127,0.778947380616,0.611223690408
2,0.763993464935,0.493643247713,0.789473695582,0.437343508201
3,0.787888717583,0.459404006332,0.705263169776,0.634311669751
4,0.774795428601,0.46077013384,0.786842117576,0.409393125753
5,0.785597392048,0.446591726082,0.776315800453,0.514249664878
6,0.77315876761,0.464500410967,0.805263167737,0.498001015304
7,0.777086754404,0.440373712568,0.763157906893,0.481681091221
8,0.77512276058,0.441253211831,0.710526326769,0.656503789715
9,0.780360076387,0.445380344633,0.771052643461,0.553447906614
10,0.796726687596,0.41509113612,0.797368431954,0.483003391443
11,0.796072023029,0.412516369434,0.797368431954,0.455478417834
12,0.800654674464,0.389101784518,0.781578958427,0.464808694626
13,0.812111302503,0.39069707085,0.765789485095,0.484619991952
14,0.782651402361,0.413122893502,0.77105264248,0.444530355891
15,0.789198046767,0.408559942999,0.813157904305,0.411299679526
16,0.796726687645,0.40619939312,0.805263168326,0.423719319564
17,0.809165312767,0.388408280726,0.815789483488,0.415013458874
18,0.801964003452,0.400641660802,0.794736853163,0.416549783592
19,0.806219322738,0.382933021482,0.794736853163,0.422989354714
20,0.797708684289,0.396938870159,0.807894747116,0.419477649768
21,0.803927996618,0.397735886026,0.784210538001,0.434219260749
22,0.809819977237,0.389622793601,0.823684220643,0.380597177599
23,0.800982007004,0.397301851282,0.80000000898,0.390598230848
24,0.797708684557,0.392934818729,0.802631589143,0.419811552685
25,0.811783970036,0.385910667601,0.805263167541,0.393358027072
26,0.810801973319,0.384673781693,0.82631579865,0.37495691241
27,0.807528651019,0.383151764638,0.813157905481,0.362882796136
28,0.797381351969,0.39294423466,0.818421061494,0.365533054047
29,0.808510648029,0.388565044198,0.794736852967,0.412536672758
30,0.796072023053,0.400519433094,0.800000010352,0.395022836073
31,0.807201319357,0.382788607506,0.765789485291,0.440605593355
32,0.800982006321,0.398395026179,0.781578958623,0.414630192626
33,0.802618667556,0.379687442278,0.786842116008,0.383863663301
34,0.805891990052,0.383506752563,0.805263167541,0.404540899896
35,0.789198046571,0.389723084977,0.844736850575,0.370702591872
36,0.804255329133,0.395845645066,0.797368430778,0.436950988087
37,0.804909993213,0.384592145767,0.800000010745,0.418674290376
38,0.810801973783,0.395757673366,0.80000000996,0.388050693038
39,0.795090026873,0.374539943927,0.80526316911,0.434430890962
40,0.811129305713,0.369312660894,0.786842115223,0.421647140266
41,0.832405900531,0.361276783671,0.807894747508,0.385618986072
42,0.804255329402,0.389298686639,0.784210537609,0.409072841273
43,0.813093299171,0.367907822778,0.828947378224,0.384628329426
44,0.807528651604,0.391938285369,0.80526316911,0.416314863649
45,0.826186588494,0.355266381269,0.792105273981,0.453483592033
46,0.798690680908,0.386711458979,0.7868421164,0.422156578567
47,0.802291335626,0.383173919544,0.810526326299,0.394076200986
48,0.820294608315,0.361467207268,0.794736852771,0.408294631462
49,0.811783970378,0.362861528712,0.800000009372,0.388407507323
50,0.813093299122,0.365978158071,0.794736852379,0.401820339753
51,0.816693953499,0.371243015017,0.773684221663,0.439871587742
52,0.804582661429,0.376652876784,0.834210535413,0.354891896346
53,0.811129305884,0.375208279042,0.784210538394,0.399924100524
54,0.809165312572,0.385522771444,0.7868421164,0.387403409144
55,0.813420631199,0.373098431676,0.784210537217,0.41856829626
56,0.793780697397,0.39731393535,0.813157905873,0.40883397909
57,0.809165312645,0.379102241961,0.802631589535,0.387547341077
58,0.794108029863,0.384350810791,0.760526328495,0.400432859204
59,0.805237325802,0.385883153558,0.805263168326,0.413888655799
60,0.805237326338,0.374151199312,0.802631589143,0.417401660724
61,0.812765966802,0.380977527953,0.789473695582,0.38357045374
62,0.807855983754,0.37270450914,0.818421063062,0.35231131727
63,0.797708684606,0.383254178576,0.792105273981,0.388360203636
64,0.811129305957,0.381582797196,0.802631588751,0.377922932078
65,0.810474641585,0.370130006303,0.765789484899,0.431933261209
66,0.802618668044,0.391284662968,0.823684219075,0.374829159755
67,0.821931269575,0.360335002591,0.797368430778,0.403719958065
68,0.816366621496,0.376781949679,0.818421063455,0.370907726845
69,0.82029460812,0.359963392379,0.771052644441,0.398920908766
70,0.800654674415,0.37521003416,0.831578956231,0.363527295572
71,0.810147309264,0.368528388477,0.794736852771,0.377349637351
72,0.814075295912,0.370652283662,0.813157904305,0.39381915527
73,0.807528651263,0.374489459061,0.797368431954,0.377226362103
74,0.809165312547,0.385067944502,0.813157905089,0.382355930676
75,0.821931269477,0.367805791906,0.831578957015,0.359385417211
76,0.810474641341,0.376050116668,0.771052643461,0.436160969303
77,0.802291335553,0.394917764074,0.802631588555,0.393018225894
78,0.80589198971,0.383428780146,0.76052632771,0.435273179784
79,0.810474641463,0.370264227123,0.78947369519,0.398455300368
80,0.807528651068,0.369443534634,0.821052641461,0.368862593792
81,0.800654674171,0.393226474402,0.792105273197,0.409310745762
82,0.819639943674,0.372040571843,0.784210538001,0.399508530911
83,0.800000010067,0.371254153513,0.802631588751,0.414580565632
84,0.806873987037,0.371442755084,0.818421061886,0.376637092154
85,0.806219322397,0.381553327967,0.826315799826,0.362834441132
86,0.80752865119,0.379226991824,0.792105273589,0.394595014618
87,0.813747963543,0.376211406252,0.802631589143,0.400362045798
88,0.80621932247,0.370138454152,0.818421061494,0.372231025004
89,0.819639943528,0.348821627211,0.771052643265,0.455082484791
90,0.821276604617,0.363225169529,0.810526325318,0.426265247264
91,0.798690680689,0.380344661602,0.813157904893,0.39993709316
92,0.807528651117,0.367852169185,0.792105274177,0.401760960782
93,0.810474641511,0.372954703002,0.800000010352,0.379702159057
94,0.8016366714,0.386603014364,0.805263168129,0.37439111532
95,0.814729959577,0.375620457867,0.834210535021,0.37465081109
96,0.820949272663,0.361812090827,0.807894747508,0.404917701883
97,0.817675950289,0.362143113953,0.773684222447,0.429943375289
98,0.812438634555,0.356951434074,0.839473693387,0.354428719043
99,0.804255328646,0.382828068726,0.844736850575,0.353817091765
100,0.825531923829,0.360041769249,0.784210536825,0.404685551595
101,0.808837980056,0.368688063187,0.763157906893,0.46120447337
102,0.810147308776,0.36692006258,0.850000008549,0.34178106575
103,0.819967276312,0.359815771653,0.802631589927,0.426477899089
104,0.801636670669,0.381413698306,0.786842116204,0.429545275524
105,0.80785598351,0.365975785824,0.805263168718,0.390615917742
106,0.815384625072,0.364250078749,0.760526327318,0.411192970939
107,0.807528651483,0.382510641093,0.802631589143,0.402691815048
108,0.807855983437,0.381463403812,0.789473694798,0.422584999892
109,0.819312611525,0.353030613799,0.792105274569,0.439136655609
110,0.800654674098,0.38582782579,0.792105274765,0.399319720847
111,0.814075296034,0.375206715651,0.778947377872,0.430892303194
112,0.811783970719,0.383567895588,0.810526325907,0.376055622865
113,0.818003282561,0.364554815641,0.823684220643,0.380750730046
114,0.815711956489,0.372912205865,0.807894747508,0.411436507184
115,0.801309338495,0.385710933022,0.815789483488,0.357231336891
116,0.804909993311,0.370505640201,0.752631589966,0.461868076536
117,0.820621940537,0.360639227368,0.781578957446,0.390388714542
118,0.816693953841,0.367754836324,0.77894738042,0.396783687861
119,0.816366621203,0.367281689612,0.789473696367,0.429306975505
120,0.814729960041,0.357208852396,0.828947377832,0.428048247717
121,0.800327342436,0.377460115841,0.797368430778,0.391985489742
122,0.806219322299,0.381537276502,0.802631589339,0.417040423098
123,0.814402627989,0.370775348353,0.831578956623,0.327652463395
124,0.80949264516,0.371928583422,0.810526325907,0.396823762573
125,0.800654674562,0.386646107607,0.800000010352,0.417842458051
126,0.816693953426,0.357437878298,0.823684220643,0.374993708279
127,0.818985279424,0.364215558477,0.7868421164,0.429405728404
128,0.805891990028,0.391143200001,0.789473695582,0.398661424994
129,0.813420631516,0.377798492507,0.789473694798,0.435075858314
130,0.815057292288,0.368703656642,0.792105274373,0.415055988724
131,0.811783970183,0.366331347028,0.792105274765,0.38508729073
132,0.822585933898,0.358018622668,0.81842106267,0.397327293152
133,0.815057292337,0.370872932924,0.823684220643,0.420176134984
134,0.815384624535,0.374789960304,0.800000011137,0.377096142914
135,0.830441907438,0.355960335186,0.821052641461,0.410314712306
136,0.823240598612,0.375254303266,0.794736853556,0.397534277241
137,0.81996727597,0.364060261794,0.831578957015,0.406957752414
138,0.821276605202,0.364557115468,0.781578958427,0.406096391968
139,0.808837979886,0.370743499694,0.802631588751,0.385320335529
140,0.814729960382,0.359841328169,0.813157905873,0.350907280257
141,0.8160392892,0.366169173008,0.810526326299,0.398448491812
142,0.817675950411,0.365676020944,0.802631589927,0.430572015969
143,0.817675950557,0.370829322249,0.792105273197,0.442579607038
144,0.810801973637,0.356423097564,0.805263168326,0.396557756651
145,0.82029460829,0.361895531629,0.792105274373,0.426776694918
146,0.804582661478,0.379581446526,0.789473695582,0.434547739937
147,0.826513920766,0.358999125873,0.789473694602,0.425546342826
148,0.809819976603,0.364727662203,0.792105274373,0.360859678249
149,0.820294608242,0.358074550287,0.80000000996,0.432571084974
150,0.814075295937,0.362763742951,0.821052641853,0.388028326934
151,0.816693953889,0.368040600465,0.810526325122,0.400440493991
152,0.816366621276,0.358734861065,0.789473694406,0.382534894259
153,0.811783970232,0.361974183464,0.834210534629,0.379831460501
154,0.820294608461,0.359200219683,0.78684211738,0.399008064825
155,0.821603937108,0.357138726732,0.807894747508,0.416969966339
156,0.815384625047,0.354026646288,0.786842116204,0.457356905859
157,0.802946000023,0.381421286363,0.781578959211,0.432212705185
158,0.812765967095,0.37592311351,0.752631590359,0.432712946675
159,0.823240598295,0.352813363465,0.815789484664,0.388683031558
160,0.814075296327,0.381514799624,0.826315799042,0.356369265992
161,0.808183315611,0.386889465348,0.81842106267,0.357930120081
162,0.822913265975,0.363324363516,0.815789483095,0.363409972995
163,0.819967275824,0.363375525525,0.789473695975,0.424567565028
164,0.816693953987,0.35807628654,0.781578959211,0.412256703957
165,0.831751236378,0.353919431957,0.847368429366,0.345139110363
166,0.823240598051,0.360107824316,0.807894747116,0.362321061033
167,0.830769239759,0.363469147216,0.792105274765,0.457675943935
168,0.820621940172,0.363148749777,0.763157905521,0.39797274038
169,0.817348617847,0.371803037981,0.800000011529,0.395221182684
170,0.820621940416,0.374685244449,0.815789483488,0.366663284477
171,0.813747963202,0.36479128685,0.792105274765,0.442193705638
172,0.817348617774,0.364288886512,0.771052644441,0.420244566263
173,0.814402628135,0.365969330133,0.810526326691,0.407878847205
174,0.805564657829,0.381431546385,0.771052643265,0.420592077861
175,0.805237325411,0.377870972572,0.821052640676,0.392220381598
176,0.808837980276,0.387232103551,0.773684222055,0.404867417449
177,0.815057292361,0.360438224007,0.805263168718,0.38641935881
178,0.820294608266,0.364456622256,0.773684222055,0.396925377267
179,0.805891990052,0.388902693524,0.802631588751,0.386550200613
180,0.812765966705,0.373905401732,0.810526325907,0.414386769217
181,0.815384624633,0.370330210379,0.828947378224,0.349948174026
182,0.809165312474,0.376725458017,0.792105274373,0.383991959689
183,0.820949272541,0.35771711795,0.784210536825,0.397077781589
184,0.820949272736,0.364577669339,0.815789483488,0.398367832758
185,0.821603936889,0.355191472973,0.797368430385,0.359770726241
186,0.812765966973,0.363276230808,0.810526325907,0.387236879893
187,0.821603937254,0.355960722153,0.778947379244,0.447411518397
188,0.822913266048,0.358198865151,0.834210535805,0.363756019745
189,0.828477914053,0.359808239244,0.786842115812,0.463899472973
190,0.81440262833,0.369130908858,0.784210537609,0.407472923888
191,0.807855983486,0.382090173259,0.78947369519,0.440440598581
192,0.818985279131,0.368630068233,0.815789483095,0.374244958015
193,0.824877259774,0.366277411629,0.821052641853,0.391476080214
194,0.822585933679,0.354293871189,0.82631579865,0.3999878697
195,0.825204591558,0.353320222683,0.810526326691,0.387568303825
196,0.815057292776,0.371564886196,0.805263168718,0.409395886536
197,0.813420631369,0.35929305104,0.800000010745,0.392733484801
198,0.831751236256,0.351357820906,0.842105271785,0.345944882812
199,0.831423904009,0.349152346997,0.797368431954,0.416826048376
200,0.819312611232,0.355467405201,0.828947378224,0.356978888084
201,0.816039288956,0.357713020442,0.794736852771,0.420793896688
202,0.821931269526,0.361818585277,0.792105273589,0.393291997821
203,0.816366621228,0.356169286195,0.778947380813,0.388809390464
204,0.817348618188,0.360913329168,0.807894747508,0.366983384972
205,0.819639943991,0.362990893558,0.85789474492,0.327017298017
206,0.803927997081,0.38080435645,0.826315797669,0.37958659815
207,0.809819976871,0.376330196455,0.805263167149,0.391415992654
208,0.829787242774,0.347424156647,0.78947369519,0.424401884825
209,0.813747963495,0.364639862518,0.810526325907,0.381931284835
210,0.817021285795,0.358793997915,0.789473694994,0.379644927373
211,0.821603936986,0.35242424109,0.805263168326,0.393047101465
212,0.820949272199,0.359338928983,0.794736852771,0.404772293092
213,0.809492644819,0.365382192214,0.802631589927,0.392705824618
214,0.812111302674,0.368372733679,0.794736853556,0.38486135006
215,0.81309329922,0.365398992237,0.805263167345,0.385307740126
216,0.818330614759,0.356681094293,0.792105275549,0.435247140397
217,0.824549927478,0.361908612831,0.79736843117,0.396410148125
218,0.818985279009,0.365675407162,0.831578957015,0.384780394011
219,0.81440262794,0.355507749546,0.815789484664,0.37418171136
220,0.824222595061,0.349798214892,0.807894747508,0.389368934091
221,0.816366621471,0.361530317125,0.792105274765,0.405446313567
222,0.82127660491,0.361563372729,0.800000011137,0.423014955105
223,0.827823249876,0.364974983329,0.778947380224,0.402746316879
224,0.819312611378,0.367473028551,0.800000010745,0.388950949657
225,0.825204591338,0.358722971688,0.794736853556,0.401131728762
226,0.830769239198,0.355961971119,0.807894747116,0.380310328677
227,0.821931269014,0.355963652133,0.755263170129,0.486247225763
228,0.819639943772,0.369149829174,0.760526327514,0.416475607474
229,0.814729960431,0.362753678924,0.784210536825,0.364225344328
230,0.81014730902,0.373567548789,0.781578959211,0.408438463156
231,0.825859256101,0.357424687399,0.757894747743,0.407448163452
232,0.818003282463,0.364639217574,0.776315800257,0.395415545
233,0.833060565001,0.335717325039,0.792105275157,0.425757039632
234,0.811129305981,0.370903405908,0.786842116008,0.40290595493
235,0.80490999292,0.376933878687,0.823684220251,0.389735110643
236,0.82291326595,0.3557609332,0.797368431954,0.401065648877
237,0.821276604885,0.353381309884,0.784210536433,0.408531176711
238,0.82094927237,0.371805463834,0.805263167149,0.373566568682
239,0.820294608583,0.347462783151,0.797368431954,0.374991426293
240,0.839607209821,0.332760277727,0.828947377048,0.362709289527
241,0.827168585163,0.346710618774,0.828947377832,0.346111143326
242,0.824549927454,0.366735017778,0.786842116792,0.440630665637
243,0.825531923903,0.352262683725,0.807894746528,0.356339680203
244,0.819967275873,0.359190304686,0.800000008784,0.399906697757
245,0.829459910648,0.337029340175,0.818421063062,0.355797885672
246,0.814075295766,0.366956058152,0.797368431562,0.394545983229
247,0.820949273028,0.353471555255,0.81842106267,0.349995095136
248,0.836006555054,0.335260220171,0.802631589535,0.395713776227
249,0.819639943577,0.347331328723,0.802631588751,0.37406489954
250,0.829459910331,0.340502552956,0.826315799042,0.392006242354
251,0.821276604861,0.362016868291,0.813157904305,0.371087638968
252,0.812765966924,0.359488704445,0.828947376852,0.335829164784
253,0.818003282975,0.348546188575,0.742105274216,0.413769745611
254,0.814729960187,0.366884890755,0.802631587966,0.376792359313
255,0.818330614491,0.353631429807,0.794736853948,0.422757985659
256,0.814075295815,0.371082867019,0.781578958427,0.382243573862
257,0.821276605032,0.356456285303,0.757894747743,0.403734157891
258,0.80949264477,0.363647842149,0.802631589927,0.386029512156
259,0.812438634604,0.366997162603,0.789473694798,0.396691427125
260,0.821931269209,0.347018658822,0.792105273981,0.405049628235
261,0.819639943382,0.363589109612,0.82631579865,0.35680116892
262,0.813420631711,0.364049720089,0.77894738042,0.378997739748
263,0.808837980471,0.358736396482,0.818421061886,0.342104445922
264,0.826513920839,0.351931106074,0.792105273981,0.397188512388
265,0.82127660508,0.349118164904,0.834210535413,0.349165798802
266,0.807528651531,0.367441873687,0.776315799473,0.395194931005
267,0.836661219451,0.338855151959,0.794736852183,0.397330919722
268,0.827168585284,0.349030044485,0.823684219663,0.367640567772
269,0.823567930542,0.344969455586,0.815789483095,0.362560407357
270,0.813093299171,0.35996229204,0.778947379636,0.392716021522
271,0.831751236427,0.348547792035,0.802631588359,0.389826981375
272,0.82487725953,0.348567501997,0.813157904305,0.372156555666
273,0.81865794703,0.359076668632,0.797368432346,0.397816097119
274,0.822585933581,0.360608866374,0.776315801434,0.440444759338
275,0.832078568454,0.340859442669,0.836842113812,0.339715163763
276,0.822913265877,0.356514951943,0.807894745744,0.368232108604
277,0.807201319016,0.396300569116,0.78157895725,0.388238024653
278,0.820294608144,0.360220185547,0.72894738046,0.438112259622
279,0.818657946811,0.352719898663,0.842105272569,0.35150489909
280,0.815384624437,0.355240379767,0.78947369519,0.409229712659
281,0.818330614564,0.368862738366,0.763157906501,0.427526701732
282,0.824877259603,0.3602599192,0.805263168718,0.353755495119
283,0.828805246398,0.341740219334,0.784210537609,0.411987162875
284,0.827495917336,0.347063794878,0.800000010745,0.390852333292
285,0.820949272614,0.370729657088,0.800000009568,0.386365495965
286,0.826841252159,0.344277842242,0.802631589731,0.397625880708
287,0.816039289127,0.369773727435,0.792105273981,0.402353781275
288,0.829132578621,0.350273995567,0.778947379048,0.432201060785
289,0.823240598124,0.349971944677,0.807894747116,0.420567296715
290,0.83404256201,0.358812381984,0.818421063455,0.386266940764
291,0.818003282366,0.365971585989,0.792105273393,0.38907560765
292,0.810147308655,0.369917460042,0.802631588751,0.395641085349
293,0.814402628184,0.356049807136,0.797368431954,0.417047495317
294,0.81047464117,0.373650306973,0.807894747508,0.389938006374
295,0.82618658808,0.358331995112,0.815789483488,0.363870187221
296,0.830441907707,0.338070286691,0.8078947479,0.377427604295
297,0.830769239759,0.342222432043,0.815789483095,0.351466321975
298,0.82029460812,0.349228523696,0.805263167345,0.368118015265
299,0.819312611549,0.352195557067,0.794736852379,0.416744040031
300,0.822585934069,0.350191654604,0.831578956623,0.371880888204
301,0.833715229495,0.341221644962,0.813157904305,0.383015888694
302,0.827168585041,0.348321264607,0.807894747508,0.381270738564
303,0.822913266682,0.35581215821,0.80526316911,0.38379336423
304,0.818985279253,0.353125642942,0.794736852379,0.3811943857
305,0.830114574655,0.339828006722,0.800000010745,0.371764579861
306,0.825531923927,0.346411720613,0.823684220251,0.387254321923
307,0.811783970695,0.37338745316,0.79736843117,0.39664265609
308,0.814729960187,0.368086513833,0.823684220643,0.366170660029
309,0.825204591412,0.337852937323,0.784210536825,0.454246552122
310,0.816039289419,0.362216824876,0.789473695582,0.397212413532
311,0.808183315806,0.363616798329,0.805263167149,0.351201074639
312,0.823567930957,0.352996354895,0.800000010352,0.391620712398
313,0.823240598051,0.350384959332,0.768421062709,0.393089357567
314,0.822913265462,0.348595036337,0.818421061886,0.398563791361
315,0.815057292142,0.364654906996,0.776315801042,0.405661829796
316,0.818657947201,0.349207692458,0.815789483488,0.356714964207
317,0.829132578621,0.337989140881,0.823684220643,0.347141003628
318,0.831751236378,0.342851135715,0.797368432346,0.370441528233
319,0.831423903668,0.342280721423,0.755263170914,0.436046742099
320,0.83240590036,0.340894571095,0.7868421164,0.389774516654
321,0.81865794664,0.35261174228,0.786842116008,0.399253807325
322,0.817675950655,0.350785410175,0.794736853163,0.404183143995
323,0.8202946079,0.354569027411,0.797368431562,0.385354003722
324,0.822258601944,0.343763114875,0.786842116204,0.37268821405
325,0.817021285795,0.359771247093,0.821052640284,0.385496902329
326,0.826841252623,0.342901118904,0.794736853163,0.417223517734
327,0.822585933874,0.349405891328,0.789473693426,0.402875895679
328,0.81702128599,0.373384671325,0.834210535413,0.361384048421
329,0.824222594622,0.349901087216,0.818421061886,0.353212869187
330,0.826186588616,0.352392128685,0.802631589143,0.366973284583
331,0.821276604422,0.349271647833,0.76578948686,0.425969514579
332,0.822585933362,0.35221063092,0.792105274373,0.405557069045
333,0.825859255906,0.351099847382,0.823684219859,0.377691611341
334,0.82389526257,0.355369909195,0.792105273981,0.43331615068
335,0.828150582099,0.343301431692,0.794736851987,0.419430706552
336,0.818003282585,0.366359867326,0.839473693779,0.35114035824
337,0.820949272711,0.350882021012,0.813157904305,0.3555378833
338,0.816039289395,0.358709515995,0.757894747351,0.40356504427
339,0.813420631126,0.366423818476,0.802631589143,0.404324140449
340,0.823240598246,0.34703677233,0.80526316911,0.41560941616
341,0.825204591338,0.348169356609,0.805263167541,0.383917252288
342,0.819312611232,0.350033877158,0.842105272569,0.342198523056
343,0.82782324973,0.351715822059,0.781578958819,0.38021960281
344,0.837315883994,0.333986376822,0.776315801238,0.437836372612
345,0.825531923659,0.350026871783,0.802631589339,0.388798553202
346,0.818657947348,0.355518832181,0.800000010941,0.399675512368
347,0.818985279204,0.356866374325,0.81842106169,0.383408490813
348,0.826513920351,0.343035590861,0.800000011529,0.395513037661
349,0.834042562059,0.339724156091,0.805263169502,0.395182841482
350,0.818330614759,0.349065035118,0.831578957407,0.359815488667
351,0.825859255881,0.350043464665,0.792105273589,0.39795534238
352,0.823567930298,0.355662013342,0.805263168718,0.406672030589
353,0.820621940537,0.365195054488,0.815789483095,0.335956032498
354,0.823240598417,0.352901833684,0.818421062278,0.369394917396
355,0.833715229422,0.337166058244,0.784210536825,0.379599220217
356,0.82094927298,0.348055370506,0.776315799277,0.431830695781
357,0.818330614905,0.363197004944,0.82105264048,0.362762756205
358,0.815711956855,0.361687463667,0.831578956623,0.352996169442
359,0.822585933703,0.347907223612,0.781578958035,0.423464211488
360,0.822258601968,0.354965469286,0.805263168718,0.371873531736
361,0.822913265706,0.356103757765,0.797368432346,0.373871031854
362,0.809165312182,0.357193158601,0.805263167933,0.387558235615
363,0.831423904107,0.341725764903,0.810526326691,0.389589282635
364,0.834042562035,0.335363517867,0.802631589927,0.379335744576
365,0.827495917239,0.351876496952,0.828947376264,0.393666308104
366,0.829132578572,0.348877771226,0.828947377832,0.370397568288
367,0.834369894013,0.347367492963,0.797368432346,0.443683425112
368,0.821276604715,0.3510489192,0.797368431954,0.389720214335
369,0.828477913614,0.35328027406,0.810526325318,0.379104973356
370,0.817348617823,0.36300632021,0.800000011137,0.399306768159
371,0.817675949777,0.351945377563,0.836842114988,0.400985738777
372,0.830441907121,0.346536272201,0.771052644833,0.407063784029
373,0.819639943382,0.356476314768,0.7868421164,0.413742597264
374,0.805564658,0.37566168149,0.810526325907,0.37326217031
375,0.822585933849,0.353703623098,0.85526316613,0.320612688769
376,0.819967275702,0.366325149584,0.7868421164,0.403877353639
377,0.813420631174,0.359741379643,0.794736851203,0.384411816632
378,0.82422259528,0.363236891597,0.802631589143,0.38667875994
379,0.810474641414,0.365643099145,0.800000010745,0.379235075395
380,0.823567930493,0.368105228643,0.765789485291,0.461114320316
381,0.817348617823,0.362104326407,0.82631579865,0.354278485364
382,0.815711956685,0.363503330462,0.847368429366,0.344507876784
383,0.808510647273,0.363225495373,0.826315798061,0.358044892255
384,0.828805246252,0.344358931203,0.781578959211,0.400170977669
385,0.834697226163,0.339717191938,0.773684222055,0.410372134188
386,0.813420631248,0.355283758498,0.794736852379,0.36680030112
387,0.832733232632,0.340150188716,0.784210536433,0.431744083615
388,0.829459910648,0.349342321852,0.84736843015,0.325705279878
389,0.827495917215,0.34790575861,0.765789486076,0.444141183428
390,0.818657947201,0.360950733631,0.800000010352,0.402559934282
391,0.817021286063,0.361821792916,0.813157905089,0.386638964869
392,0.827823249486,0.353474770674,0.834210535413,0.372482346371
393,0.828805246154,0.355183209145,0.778947380028,0.395158565726
394,0.826841252696,0.346069634442,0.792105273197,0.37538224944
395,0.837643216387,0.336223975501,0.810526325907,0.371098598514
396,0.808510647858,0.383157251826,0.850000008549,0.34384226897
397,0.828805245886,0.332490473278,0.813157905481,0.428756421383
398,0.829459910746,0.343829422677,0.802631589927,0.381028532933
399,0.836988552063,0.333247384627,0.810526326299,0.398747416948
400,0.82651392079,0.340467691556,0.778947380028,0.391677676798
401,0.830769239442,0.350127213191,0.828947378224,0.38303704186
402,0.825859256491,0.350451295436,0.794736852379,0.390881446484
403,0.832405900628,0.333032614471,0.784210536825,0.386275549052
404,0.824222594817,0.345057598131,0.794736853556,0.434307078635
405,0.821276605105,0.359305269541,0.807894747508,0.380325870196
406,0.812765966461,0.353768846541,0.792105274373,0.383546850595
407,0.823895262838,0.360902087181,0.792105274765,0.399163642972
408,0.82684125294,0.336502071647,0.821052641461,0.362670191613
409,0.826186588202,0.341775979627,0.794736852183,0.388007707624
410,0.814402628086,0.360975914277,0.797368432346,0.389866837251
411,0.828477913834,0.334823364139,0.789473694014,0.383042753527
412,0.83044190717,0.346999086488,0.794736852379,0.392352522449
413,0.826841253013,0.348758105414,0.765789486468,0.416651297312
414,0.81636662135,0.355070462289,0.784210537609,0.388271932637
415,0.815057292288,0.362657033565,0.810526326691,0.369994191477
416,0.831751236281,0.345341733119,0.807894747116,0.38044056675
417,0.822585933679,0.354535710042,0.831578956231,0.340896027212
418,0.831423904229,0.339089154539,0.805263167541,0.356966309494
419,0.812111302308,0.367629884491,0.81578948388,0.379595879122
420,0.840589206855,0.3396854381,0.815789483095,0.364527724022
421,0.827168585041,0.345541104248,0.805263167933,0.384728674654
422,0.829132578255,0.342913348246,0.823684220251,0.348484768385
423,0.825531924073,0.351258970382,0.797368431562,0.36679139851
424,0.822913265901,0.347954504777,0.802631589143,0.36989877895
425,0.827823249096,0.34332887101,0.815789483292,0.392716190631
426,0.832405900531,0.340638621062,0.815789484272,0.396063196228
427,0.82815058166,0.343559263588,0.807894746332,0.370665481412
428,0.82324059788,0.350936288712,0.805263168326,0.362294056845
429,0.830114575167,0.348764786549,0.834210535413,0.338589580681
430,0.825531923512,0.354486523669,0.757894748332,0.451046753283
431,0.826186588299,0.352156686443,0.815789483095,0.399238545423
432,0.839279877379,0.348073761319,0.776315802022,0.40322790736
433,0.831096571542,0.333454214786,0.839473692602,0.342484304608
434,0.820294607998,0.362425809601,0.786842115616,0.394770744649
435,0.817021285844,0.35320098725,0.810526326299,0.397955805529
436,0.82487725914,0.345512015199,0.810526326103,0.39736047495
437,0.825859255735,0.359963025099,0.802631589143,0.392278813414
438,0.829787242798,0.348941459301,0.839473693387,0.334308329872
439,0.828477914273,0.338308994343,0.826315799434,0.35270268573
440,0.842880531999,0.324961308792,0.821052641461,0.3785790417
441,0.831751236671,0.350519836565,0.823684220251,0.362261043139
442,0.825531923683,0.345695635228,0.813157904697,0.381895788259
443,0.82847791398,0.334925295392,0.807894747508,0.387288218131
444,0.829787242749,0.346006717765,0.781578958427,0.427869179139
445,0.823240598344,0.357547392291,0.805263167345,0.38396973484
446,0.824549927015,0.352658328638,0.792105273981,0.394964503737
447,0.849099844523,0.327491970846,0.821052640676,0.324610458908
448,0.836661219475,0.327849864698,0.826315798454,0.402805422972
449,0.828805245837,0.339115015553,0.821052639892,0.375323393137
450,0.833715229446,0.336283873846,0.792105275549,0.393092175725
451,0.828150581392,0.346097400104,0.792105273981,0.386238013835
452,0.821603936864,0.350409430795,0.847368429758,0.330141536303
453,0.808837980398,0.353967502164,0.802631588751,0.376965833093
454,0.813747963178,0.35835304438,0.789473694406,0.449208506236
455,0.827823248974,0.347486117675,0.813157905089,0.365259013641
456,0.818657947128,0.365377114906,0.839473692602,0.351965352256
457,0.821931269258,0.343995268254,0.781578959211,0.43839523456
458,0.832405901092,0.337245646334,0.781578959995,0.398352901807
459,0.816039289029,0.358254808012,0.815789482703,0.361331956363
460,0.838625213177,0.329804014317,0.839473693387,0.348557150531
461,0.818985279058,0.347023147248,0.797368430385,0.391251734262
462,0.814075295888,0.358573781305,0.789473695386,0.372515485671
463,0.82520459168,0.349521756879,0.810526326299,0.384898110881
464,0.829132578133,0.351330086101,0.77105264248,0.412049434295
465,0.835024558483,0.337756319767,0.797368431562,0.412546286752
466,0.821276604495,0.348516692433,0.836842114596,0.33864137795
467,0.834042561669,0.335524778258,0.813157905089,0.387722395017
468,0.8265139204,0.336466432819,0.834210535413,0.337724105504
469,0.826841252525,0.345649483332,0.771052642088,0.390673225537
470,0.835679222856,0.327456320256,0.823684219467,0.362025760359
471,0.820949272321,0.347097966399,0.802631590711,0.402977561235
472,0.833060564976,0.34178153912,0.823684219859,0.373011635322
473,0.819967275653,0.353971504059,0.823684220643,0.373573355377
474,0.833387897101,0.34548022234,0.813157904305,0.364564706718
475,0.845499189878,0.325544912008,0.784210537805,0.387632646941
476,0.829132578352,0.34797191451,0.813157904893,0.378085109111
477,0.813747963495,0.368387140065,0.81842106267,0.374913573216
478,0.831096571225,0.335354030614,0.792105273589,0.381250167609
479,0.821931269038,0.348577531058,0.839473692994,0.359178559413
480,0.834369893965,0.343084901565,0.768421064866,0.416105787613
481,0.827823249218,0.352406365465,0.805263168129,0.421402536798
482,0.808510647809,0.371960899297,0.794736853556,0.380871629048
483,0.827823249388,0.347156119242,0.789473694798,0.383029528367
484,0.825859255955,0.344890959817,0.789473695975,0.400694736623
485,0.829459910648,0.354913731571,0.823684220251,0.367680604502
486,0.830114574777,0.342506877938,0.807894746332,0.38414489984
487,0.839934541946,0.339208108082,0.794736853556,0.407698886175
488,0.837315883798,0.327912625291,0.815789483292,0.379452439172
489,0.843862528423,0.326695815107,0.807894747116,0.40339339549
490,0.838297880637,0.337436488304,0.786842116008,0.402567855818
491,0.817348617481,0.365901820288,0.834210535805,0.388453043728
492,0.827823249388,0.347737759242,0.794736852967,0.403767841966
493,0.818657947006,0.355277124518,0.826315799042,0.371032525981
494,0.815057292654,0.358798501705,0.831578957407,0.335331942641
495,0.836988551795,0.341664739154,0.794736852771,0.384668869113
496,0.846153854495,0.325678445966,0.797368431954,0.409692741734
497,0.833060565391,0.343162330657,0.776315802022,0.411339105658
498,0.817021285502,0.34676009797,0.797368431954,0.42645318588
499,0.835679222734,0.340973586216,0.823684219859,0.349193524055
500,0.828477914029,0.33777441199,0.810526326299,0.366573787539
501,0.82716858465,0.339098270848,0.800000010352,0.35697020257
502,0.831096571859,0.334820870414,0.794736851399,0.420087674228
503,0.827168585114,0.348090182807,0.818421061886,0.376075203898
504,0.827823249169,0.351522393506,0.82894737744,0.375578429991
505,0.836661219768,0.333329198964,0.818421062278,0.375146125835
506,0.827823249291,0.342296008953,0.823684219859,0.348334820794
507,0.821931269111,0.36115184747,0.834210535805,0.344038966406
508,0.825204591168,0.355352020839,0.784210537609,0.434757953877
509,0.826841252525,0.347579241018,0.802631589927,0.371812434573
510,0.839607209601,0.338617379599,0.794736851987,0.403474213335
511,0.821931269331,0.359956982148,0.805263167541,0.395907614478
512,0.835024558727,0.342312385452,0.818421061494,0.406217301166
513,0.82847791398,0.352454925337,0.82894737744,0.356701097402
514,0.83011457463,0.348843966173,0.810526325907,0.364003299
515,0.82454992682,0.356688107746,0.802631588163,0.367995223643
516,0.827495917166,0.347505728127,0.807894747116,0.3719229458
517,0.833715229446,0.344463656039,0.802631590319,0.395088722929
518,0.831751235988,0.338027069799,0.818421062082,0.365640917303
519,0.836661219329,0.329683240381,0.80526316911,0.367387312611
520,0.839934541629,0.33335453474,0.802631588359,0.399107655755
521,0.825531923683,0.34732260966,0.794736853163,0.415917116904
522,0.827823249657,0.341100849162,0.828947378617,0.356721190393
523,0.829459910502,0.343940307174,0.805263168326,0.364094736618
524,0.822258601846,0.353958678348,0.80263158777,0.406747900244
525,0.833715229592,0.342227515236,0.776315801826,0.428715018543
526,0.826186587933,0.347504759357,0.831578957407,0.383787845531
527,0.82520459129,0.359423178173,0.831578956623,0.380430273565
528,0.825859256028,0.358914551668,0.797368431954,0.387666371136
529,0.832733232656,0.342520202124,0.784210538001,0.401572429403
530,0.82520459146,0.360207155664,0.807894746332,0.348035874672
531,0.831423903765,0.352209308296,0.802631589927,0.389766500405
532,0.826513919863,0.353143346546,0.826315799434,0.371487188594
533,0.827495917093,0.351459023727,0.778947379636,0.44516292185
534,0.839607209845,0.342642933155,0.85789474492,0.325137020432
535,0.823895262911,0.346292688205,0.805263167933,0.354660073687
536,0.818003282341,0.359147529683,0.776315800061,0.430104990147
537,0.828805245861,0.341942915483,0.784210537217,0.387391876282
538,0.816693953328,0.361751526911,0.818421063062,0.371803783174
539,0.819312611037,0.348506198077,0.784210537217,0.377833731007
540,0.838625213104,0.333595605003,0.813157904697,0.399247507712
541,0.823240597905,0.347519356849,0.802631589339,0.376741008588
542,0.819312611134,0.359379635883,0.831578956231,0.415767625219
543,0.827495917312,0.342895071222,0.826315799042,0.393997303749
544,0.83666121928,0.324500357528,0.771052643461,0.435699806843
545,0.826841252623,0.352826677208,0.805263168718,0.392897076758
546,0.821931269502,0.346850158705,0.818421063062,0.386318220953
547,0.833387896882,0.344468618315,0.839473693779,0.36542681476
548,0.833715229275,0.33488271675,0.800000011529,0.399011459814
549,0.828805245666,0.335923121855,0.765789486468,0.434131142242
550,0.822913266267,0.348579361364,0.823684220055,0.36492181388
551,0.834697225992,0.340752749154,0.807894747116,0.369891748322
552,0.82782324934,0.350626961458,0.836842114596,0.355720621938
553,0.831423903887,0.342068467759,0.778947380028,0.387136245931
554,0.832078568625,0.345024298279,0.81052632473,0.440358376817
555,0.846153854446,0.326072309599,0.797368431366,0.374590692368
556,0.827168584943,0.339954082246,0.797368430385,0.371839693208
557,0.816366621545,0.368090838285,0.800000010745,0.390839524616
558,0.82913257845,0.343566355175,0.821052641461,0.359101200587
559,0.826186588421,0.340277752844,0.810526325711,0.365606279308
560,0.834042562181,0.349418743981,0.792105274177,0.35923810764
561,0.831751235866,0.345658012356,0.784210536237,0.414297499596
562,0.838297880637,0.334313727074,0.813157904305,0.366178713886
563,0.826841252598,0.335794979075,0.810526325514,0.374168376438
564,0.836333887252,0.326731598831,0.813157904305,0.371167745588
565,0.836988551844,0.347695311016,0.807894747508,0.400605964634
566,0.819312611159,0.355735131279,0.78947369519,0.417424306617
567,0.848117847953,0.327554085501,0.813157905089,0.395696748293
568,0.830769239417,0.340146057741,0.802631589143,0.378390125391
569,0.834369893843,0.348118345752,0.781578959995,0.431064762175
570,0.821276604471,0.349947644779,0.784210537609,0.391615973589
571,0.834042561474,0.34020826604,0.794736852379,0.372433062496
572,0.831096571201,0.336132407097,0.794736853163,0.384447928199
573,0.816039288737,0.354847138952,0.828947378224,0.354043797933
574,0.821276604934,0.367882367144,0.807894747508,0.416873095704
575,0.832733233071,0.356814272244,0.781578958427,0.441778341982
576,0.824549926844,0.357845337772,0.797368432738,0.375947981411
577,0.826513920571,0.342171303605,0.802631590711,0.361302593404
578,0.819967276409,0.356952447944,0.792105273589,0.409901037028
579,0.828150581514,0.355133265068,0.78947369519,0.40596616376
580,0.820621940123,0.356507203077,0.821052641069,0.369842506872
581,0.828805246276,0.342957845357,0.760526327514,0.428095331023
582,0.82454992682,0.351442096929,0.778947379244,0.367819313364
583,0.832078568308,0.342260744734,0.768421064866,0.392873371044
584,0.832733232827,0.33479301198,0.813157904697,0.381167840188
585,0.833387897028,0.335445185401,0.784210537021,0.416634866894
586,0.820621940245,0.346954418124,0.744736854967,0.440866980555
587,0.834042562059,0.330380933887,0.823684219467,0.386239411922
588,0.836333887033,0.33808873784,0.802631589927,0.397423879384
589,0.825204591802,0.343385928403,0.784210537805,0.401367108534
590,0.821603937132,0.354710553805,0.757894750488,0.421867533734
591,0.829787242969,0.345509370365,0.839473692994,0.354798505769
592,0.827168584772,0.344012477815,0.810526326299,0.376048782963
593,0.822913266023,0.349288940076,0.797368431562,0.376464545727
594,0.830114575094,0.337705704102,0.823684220251,0.358925193781
595,0.839607209528,0.335000697151,0.794736852771,0.388013833141
596,0.825204591582,0.354323796465,0.823684219467,0.348218899367
597,0.833715229544,0.325672948486,0.807894747508,0.403882392486
598,0.846481186327,0.327337485984,0.823684220643,0.353650696894
599,0.832733233193,0.336274713662,0.800000011137,0.396204888992
600,0.832078568406,0.331001133464,0.797368430778,0.392122241889
601,0.826841253086,0.345700018407,0.797368431954,0.40772862279
602,0.83502455841,0.339957724421,0.831578957015,0.391683742196
603,0.837970548268,0.325445054687,0.81578948388,0.379792786081
604,0.829787242652,0.345275478782,0.828947377832,0.359373316971
605,0.823895262765,0.344226675136,0.839473693387,0.312376452493
606,0.817675950094,0.348062915346,0.83947369221,0.332241802489
607,0.827823249827,0.34954458747,0.778947379244,0.425834627577
608,0.835679222831,0.330951467181,0.802631589927,0.390723362957
609,0.828805245813,0.336604507747,0.797368431562,0.384791483539
610,0.832405900385,0.336169586634,0.77894738042,0.385081416682
611,0.834697225895,0.32997551711,0.792105273589,0.366489429811
612,0.846153854104,0.332894433271,0.797368431954,0.390409126412
613,0.822913265999,0.346618680921,0.781578959211,0.373195027369
614,0.820621940025,0.34774769047,0.831578957015,0.348979121123
615,0.829459910112,0.339625330736,0.826315799826,0.323490527195
616,0.8235679302,0.344711170417,0.784210537217,0.381889457643
617,0.830441907073,0.336284040021,0.813157904697,0.388572314019
618,0.82585925654,0.340452645181,0.818421062474,0.336375385621
619,0.83273323268,0.344823941375,0.794736852771,0.401894534497
620,0.83731588414,0.336674727957,0.7868421164,0.373850080969
621,0.833387897175,0.334076649105,0.800000010548,0.403483599669
622,0.826513920571,0.342511316124,0.815789483488,0.359255249759
623,0.830769239466,0.342307318069,0.77894737846,0.385256157833
624,0.834042561376,0.340901663387,0.839473693779,0.346594119138
625,0.833387896979,0.338033528166,0.800000009372,0.432968354429
626,0.839607209235,0.331403317854,0.802631588947,0.393389547219
627,0.836006554908,0.342283212965,0.802631589535,0.404419917883
628,0.83142390396,0.338637520981,0.834210534825,0.338167562321
629,0.845499189757,0.339675997581,0.847368429758,0.338892346346
630,0.83797054861,0.334647266075,0.789473694406,0.399772623505
631,0.83436989394,0.34367306817,0.776315801042,0.404995011104
632,0.834369893965,0.342423653672,0.792105274961,0.344998356825
633,0.843535196567,0.323700711674,0.836842114596,0.380852594481
634,0.827823249071,0.357949195,0.800000010745,0.396214084014
635,0.826513920522,0.344231064479,0.813157904697,0.380170163723
636,0.839607209431,0.337198523673,0.802631589927,0.406050418406
637,0.822585933191,0.357990035309,0.81842106267,0.353666689002
638,0.83731588414,0.340293844238,0.807894746136,0.386794956205
639,0.836661219719,0.331183877068,0.826315799826,0.388668082164
640,0.844844525335,0.323843867648,0.810526325514,0.378709874067
641,0.836333887569,0.338367680847,0.77631580065,0.424683436751
642,0.830441906975,0.337813857193,0.836842113812,0.378756936505
643,0.829459910892,0.331742120776,0.821052641461,0.353069576508
644,0.830441906658,0.340011896331,0.794736853556,0.414526788322
645,0.828477913688,0.347000769923,0.823684221036,0.337847378399
646,0.830441906999,0.34425082857,0.805263168326,0.394986890894
647,0.844844525189,0.324694920313,0.831578955839,0.350941240126
648,0.846481186449,0.315699452434,0.823684220643,0.362068818196
649,0.832733232729,0.334226879338,0.810526325907,0.371702362734
650,0.837315883652,0.322477445665,0.82894737744,0.363365756617
651,0.84058920644,0.337158829913,0.826315799434,0.351896733193
652,0.836006555103,0.334706620333,0.794736852771,0.385065290121
653,0.833060565293,0.34141714338,0.823684219859,0.340776660927
654,0.835024558239,0.344987609401,0.797368432346,0.377379792522
655,0.827168584431,0.337748820087,0.810526326691,0.364906440489
656,0.829459910356,0.359879277927,0.821052641069,0.36610247033
657,0.827168585284,0.343021524128,0.781578958231,0.41958580285
658,0.83142390418,0.340048360277,0.786842117576,0.394686903756
659,0.822913266243,0.361378431015,0.794736853556,0.400608822899
660,0.849099844182,0.327130145587,0.778947379244,0.406272117098
661,0.83109657164,0.346237773341,0.815789484664,0.358159490126
662,0.826841252623,0.347143015926,0.85526316613,0.343667618293
663,0.841243871008,0.332451524533,0.802631589535,0.402068514389
664,0.828150581465,0.346194496656,0.810526325514,0.374618940644
665,0.831751236378,0.335315725484,0.797368431366,0.400041176938
666,0.822913266121,0.346248562026,0.792105274373,0.398840716746
667,0.834042561669,0.335665793964,0.836842114596,0.393387062524
668,0.830769239442,0.338183099053,0.805263168718,0.384661855703
669,0.832733232778,0.333322877445,0.813157904109,0.38594006247
670,0.839279877232,0.329449742502,0.810526326691,0.34561836396
671,0.83535189034,0.336692398618,0.826315799826,0.354609450227
672,0.834369893745,0.34069352433,0.823684221036,0.373712040141
673,0.828805245959,0.342280304062,0.815789483095,0.40716569318
674,0.842225867481,0.337127467998,0.81578948388,0.410549153378
675,0.850409173097,0.327142081557,0.802631590711,0.380452396863
676,0.834697226334,0.3374275957,0.813157903913,0.396556953703
677,0.821931269014,0.355973695291,0.826315798846,0.346107913034
678,0.845171857119,0.32520653591,0.815789483488,0.348444663086
679,0.827168584797,0.341452712178,0.821052641461,0.400641189864
680,0.839607209455,0.333549592778,0.781578957446,0.403566659281
681,0.832078568284,0.349860235805,0.821052640676,0.377427796098
682,0.82716858526,0.347681976452,0.818421062278,0.37638602445
683,0.841571202986,0.321370534806,0.844736850968,0.320352545768
684,0.840589206318,0.334444662285,0.797368432542,0.362870526549
685,0.835024558508,0.340316710991,0.789473696367,0.404281334265
686,0.841243870617,0.340026629641,0.813157904305,0.412188241822
687,0.836988551405,0.334130333368,0.792105274373,0.416502697883
688,0.828150581367,0.328935084916,0.800000010352,0.409354156104
689,0.841243870325,0.322532261611,0.797368431562,0.408494628586
690,0.8369885516,0.338820290753,0.784210536041,0.393451443089
691,0.828150581221,0.336200625973,0.823684220251,0.353749551565
692,0.831751235915,0.341252868425,0.813157904697,0.339310807482
693,0.825859256003,0.340423163185,0.815789484272,0.384741159107
694,0.822585933679,0.3585047106,0.807894747116,0.40052325205
695,0.848772512081,0.329523086536,0.839473693779,0.33570205136
696,0.848117847782,0.323247903985,0.789473695975,0.390009119126
697,0.83829788071,0.336641061575,0.755263169541,0.471881600783
698,0.826513920181,0.337913363135,0.805263167541,0.41637281152
699,0.842880531682,0.332019067154,0.818421062082,0.383575047709
700,0.83076923949,0.334307146839,0.821052640676,0.325790553305
701,0.834369893843,0.333162742751,0.810526326691,0.418561239126
702,0.836006555054,0.335120949004,0.768421065454,0.420638771599
703,0.836988551454,0.338561636428,0.823684220643,0.387262168831
704,0.836988551722,0.33154608986,0.813157905089,0.383249178872
705,0.839934542263,0.330626867699,0.826315799434,0.367582809903
706,0.837315883994,0.338120858994,0.802631590319,0.376034709527
707,0.822258601285,0.362070025843,0.826315798258,0.341695076725
708,0.840916538321,0.327380965962,0.818421062278,0.350588297006
709,0.824549926698,0.344488181546,0.800000009568,0.38619804957
710,0.845826522272,0.329306748094,0.784210537609,0.429005534241
711,0.819967275824,0.357788396947,0.855263166522,0.333382571998
712,0.839934542019,0.326263140271,0.805263168718,0.351209444257
713,0.834369893745,0.341050593874,0.786842115616,0.379849208862
714,0.830114574728,0.341054093288,0.786842115223,0.380205572583
715,0.829459910697,0.339321747654,0.818421061886,0.347284950708
716,0.837643216021,0.336578059966,0.794736853163,0.404238803263
717,0.840589206465,0.325483745601,0.792105273981,0.421817318977
718,0.836333887081,0.328647173319,0.81578948388,0.368797400268
719,0.836988551283,0.321589098289,0.831578956427,0.417169606215
720,0.832078567942,0.337031289514,0.794736853163,0.408081705486
721,0.823240597929,0.356536952196,0.797368432346,0.396604885494
722,0.835024558532,0.332152746112,0.834210535217,0.350467490363
723,0.839607209455,0.335655859865,0.781578959211,0.408972484109
724,0.827495917239,0.34120952249,0.834210535413,0.343994083275
725,0.837970548317,0.327353410014,0.781578959211,0.410260858798
726,0.843535196323,0.331862802152,0.77631580065,0.405268653075
727,0.825531923122,0.360051509133,0.797368431954,0.366211009016
728,0.834697226456,0.341085397134,0.836842114596,0.348082826571
729,0.843207864051,0.337026224876,0.792105274373,0.378437291733
730,0.845171857314,0.330514894905,0.810526326103,0.382425497016
731,0.838297880345,0.3357710166,0.810526325907,0.405550361317
732,0.837315883994,0.334926689339,0.792105273981,0.37238635858
733,0.829459910356,0.346199578366,0.800000010352,0.39246979846
734,0.844517193088,0.337698040198,0.834210536198,0.356722784995
735,0.83698855182,0.332016229892,0.831578955839,0.358034148592
736,0.823567930469,0.35287430702,0.8368421144,0.369794180298
737,0.840916538395,0.329537208892,0.842105272177,0.33948340441
738,0.825531923586,0.357857018215,0.763157905325,0.420440859406
739,0.836006555054,0.341762223532,0.815789483488,0.357478220114
740,0.842553199606,0.325047926584,0.765789485291,0.394107078545
741,0.838625212567,0.362554513506,0.800000010156,0.386736459564
742,0.832078568259,0.337222124832,0.831578957015,0.375910111727
743,0.832733233046,0.336563496849,0.815789483488,0.42728215157
744,0.847135850699,0.325362884197,0.802631589535,0.378141396385
745,0.832405900409,0.34565583797,0.797368429993,0.387477368312
746,0.841571203255,0.33199826831,0.800000011137,0.403609366328
747,0.840261873925,0.334163845921,0.797368431562,0.396542324979
748,0.837643216046,0.328800989306,0.81842106267,0.383257374364
749,0.844189860914,0.328665958263,0.794736852771,0.393083508273
750,0.830441907292,0.345790623064,0.81842106267,0.354331643125
751,0.833060564806,0.341541835121,0.789473694014,0.408347315768
752,0.848117847489,0.332390287053,0.786842116792,0.42508282586
753,0.845499189513,0.328283348836,0.797368432738,0.395130440348
754,0.832405900702,0.344374976973,0.786842116792,0.42176033728
755,0.858592479007,0.306625554591,0.807894748292,0.387671343982
756,0.819967275848,0.356308631087,0.800000009568,0.3584095047
757,0.826186588372,0.349569680105,0.757894748528,0.440075752166
758,0.846481186303,0.336503717987,0.781578958819,0.390127822659
759,0.822913266194,0.34749973391,0.836842114596,0.324357320334
760,0.836006555249,0.350460081116,0.794736852771,0.384628463242
761,0.83535189056,0.329725034224,0.815789483095,0.375993715991
762,0.836988551624,0.338796780867,0.781578956466,0.397188574737
763,0.841243870812,0.328265226554,0.773684221271,0.408766874725
764,0.837643216314,0.32393160502,0.836842114988,0.382577905284
765,0.846153853982,0.338357259393,0.842105272177,0.367918191355
766,0.833387897297,0.336909428592,0.7868421164,0.418154017608
767,0.843862528936,0.32964374147,0.807894747116,0.397557442518
768,0.847135850602,0.339447172691,0.8078947479,0.369181591821
769,0.836988551185,0.344765085501,0.826315799042,0.355045208805
770,0.821603936596,0.353887064934,0.805263168718,0.37164459478
771,0.84484452514,0.33954404878,0.81578948388,0.360540194841
772,0.847135850626,0.326119236538,0.80000000996,0.39100304317
773,0.827495917288,0.354068331311,0.834210535021,0.346764976968
774,0.832733232851,0.350376337651,0.77894737944,0.408695677528
775,0.835351890218,0.340975661087,0.802631590319,0.369677718827
776,0.822585933386,0.359853233599,0.807894747508,0.377958301724
777,0.840261873925,0.334806394466,0.836842113812,0.342124406714
778,0.825204591314,0.355071864803,0.750000010784,0.414857716594
779,0.833387897223,0.348826450056,0.831578957015,0.354042778821
780,0.814402627599,0.391159553483,0.802631589927,0.374887565494
781,0.832078568503,0.346613937358,0.823684219859,0.35934739577
782,0.83764321607,0.340921978916,0.852631586947,0.315074432752
783,0.816693952914,0.355900515206,0.805263168326,0.379634119423
784,0.844189860768,0.331031644202,0.831578955839,0.349465626194
785,0.838952544985,0.336312587969,0.781578959995,0.391508488279
786,0.828150581538,0.338821171495,0.800000010745,0.364877261197
787,0.829787242627,0.343380407005,0.786842116008,0.400295600663
788,0.837970548561,0.337042993535,0.813157905089,0.383069455526
789,0.832078568698,0.338780925281,0.773684222251,0.389721330598
790,0.826186588226,0.352543189402,0.778947379244,0.385877909188
791,0.833060565001,0.341404707276,0.826315799042,0.32985580704
792,0.836333887325,0.335489628913,0.828947378224,0.356937949742
793,0.835679222929,0.330713638033,0.82894737744,0.34977558836
794,0.833715229056,0.341896807656,0.778947379832,0.402914328746
795,0.847135851163,0.331224764507,0.836842113812,0.342891079521
796,0.836006554859,0.344349186008,0.807894746724,0.392564039677
797,0.843862528472,0.325387986929,0.794736852379,0.389346118747
798,0.850736505222,0.318321355449,0.828947377636,0.381747695789
799,0.843207863978,0.329445653874,0.805263168718,0.360481496631
800,0.834042561693,0.336510362073,0.773684220683,0.404007439845
801,0.825859255955,0.353493937149,0.815789482507,0.421916755284
802,0.833715229227,0.330547443376,0.828947376656,0.34202167681
803,0.841898535136,0.32326642736,0.797368431562,0.380915055297
804,0.834697225944,0.339731147906,0.800000011137,0.393508471598
805,0.825531923683,0.33867732722,0.865789481292,0.318395114945
806,0.815057292044,0.368878365167,0.805263167541,0.379829584768
807,0.832405900458,0.337673518313,0.800000011137,0.397944265486
808,0.843535196249,0.325740320068,0.75000001196,0.430149280249
809,0.840916538565,0.335286394454,0.807894746724,0.364018641608
810,0.834369893306,0.328229998746,0.818421063062,0.413143459806
811,0.840916538053,0.329777120562,0.786842116792,0.393871954716
812,0.848445179395,0.330792740628,0.826315798258,0.366040343272
813,0.836333887057,0.335139443388,0.813157905481,0.364523309406
814,0.834369894062,0.340198546953,0.823684219859,0.350638429781
815,0.830441906707,0.342014399734,0.813157904697,0.375240332913
816,0.841243870617,0.33125786329,0.831578956623,0.357790389025
817,0.840916538565,0.34827291518,0.792105273589,0.415173812782
818,0.832733232778,0.336732868117,0.781578958035,0.394185436399
819,0.843862528399,0.330294423415,0.828947376264,0.352030495378
820,0.837970548415,0.334427327192,0.823684221036,0.342350205578
821,0.845826522077,0.314554246146,0.828947378224,0.360143423227
822,0.828150581465,0.348255356752,0.797368431954,0.375288564369
823,0.838952545278,0.341738085669,0.784210536825,0.396937502842
824,0.836988551795,0.334769319316,0.821052640676,0.376996766114
825,0.84386252818,0.324049760723,0.839473693387,0.336755111029
826,0.841243870715,0.331939688388,0.792105273981,0.387196624639
827,0.846808518403,0.32753912593,0.81578948388,0.358189495256
828,0.84779051512,0.324538283209,0.850000007764,0.353692729908
829,0.834697226285,0.341778504429,0.778947378852,0.421232031168
830,0.845499189635,0.330761446073,0.834210535413,0.353363948439
831,0.847463183117,0.333298537959,0.82631579865,0.353409971944
832,0.834697226065,0.343164378146,0.813157905089,0.383743073203
833,0.847135850968,0.324971071705,0.800000010745,0.378355317945
834,0.822585933069,0.359232112723,0.805263167737,0.390198043253
835,0.83829788093,0.338737523595,0.800000010352,0.403404804228
836,0.85270049851,0.327067385377,0.802631588751,0.392671478741
837,0.839279877159,0.344612977448,0.810526325514,0.399742990328
838,0.835679222685,0.328827986887,0.844736850968,0.37333345363
839,0.848117847709,0.327111395853,0.85526316613,0.35362489769
840,0.850409173073,0.315815122975,0.810526325907,0.392741370701
841,0.834369894038,0.334969410554,0.818421063062,0.357549655398
842,0.836988551576,0.32558725495,0.805263168718,0.395000381028
843,0.836988551844,0.333982151374,0.781578958623,0.413165312358
844,0.834697225992,0.338820023825,0.831578957015,0.373528366296
845,0.838952545058,0.341695048458,0.810526326103,0.389551878208
846,0.84418986089,0.332138127865,0.823684220643,0.3400106364
847,0.852700498632,0.316985818763,0.831578957015,0.341634743553
848,0.851063837835,0.31762171569,0.828947378224,0.36234570775
849,0.84091653798,0.330090209823,0.792105274373,0.422185119854
850,0.833715229056,0.323701538365,0.802631588751,0.388130630734
851,0.844189860841,0.332911633284,0.80000000996,0.411008424469
852,0.839934541946,0.327007593127,0.800000010745,0.404855894096
853,0.82847791398,0.35428987277,0.815789483488,0.378525975124
854,0.846808518842,0.332119034186,0.813157904109,0.365457963125
855,0.834369893526,0.346346204701,0.834210535413,0.363079635108
856,0.828477914005,0.349996934857,0.794736853556,0.406144179306
857,0.835679222977,0.34772841019,0.813157904305,0.376178970248
858,0.841571203206,0.33503066132,0.815789483095,0.378479881408
859,0.819639943747,0.354659570232,0.815789483488,0.352082487392
860,0.852373166507,0.324299618334,0.818421062474,0.340885566302
861,0.831423903936,0.33882654379,0.794736853948,0.376203191173
862,0.834369894428,0.335635351154,0.794736853556,0.398904085061
863,0.841898535258,0.333224817696,0.823684220643,0.360873636692
864,0.845171857339,0.322130091732,0.800000010156,0.41546789417
865,0.824222594695,0.348943984468,0.797368430385,0.434782277401
866,0.83535189034,0.335131668213,0.828947378617,0.384604043719
867,0.830114574582,0.336720721116,0.802631589927,0.356067855205
868,0.846808518647,0.321151435223,0.813157905089,0.367289116827
869,0.836661219499,0.340637391223,0.821052641069,0.375740408321
870,0.847135850773,0.319622522705,0.794736853556,0.402683792342
871,0.84451719304,0.332213285506,0.82631579865,0.369922907582
872,0.840589206245,0.328061461534,0.826315799434,0.32181059677
873,0.831751236085,0.348718352,0.800000011529,0.39288996209
874,0.843535196152,0.327499376546,0.776315800453,0.4297277673
875,0.849099844499,0.326046957474,0.818421062278,0.370023720971
876,0.838952544936,0.337435708511,0.810526325122,0.392984265008
877,0.828477913224,0.347771029468,0.800000010745,0.369889939057
878,0.839607209089,0.326555075035,0.792105274373,0.412354125666
879,0.845499189561,0.323013728152,0.781578958231,0.432156712791
880,0.836661219255,0.337619051557,0.818421062278,0.367157850807
881,0.84582652193,0.328479571112,0.813157905089,0.381620036365
882,0.824222594963,0.348168077194,0.797368431954,0.37781418042
883,0.84811784788,0.321446516601,0.836842114204,0.336086686161
884,0.851391169839,0.331043674999,0.821052641461,0.37839779683
885,0.842880531707,0.335583207132,0.794736853163,0.376677636443
886,0.84026187373,0.336578161335,0.784210537609,0.430460227751
887,0.839934541824,0.33112514444,0.831578956623,0.401541585299
888,0.849427176258,0.309324676814,0.778947378852,0.378909560913
889,0.853682495081,0.322621000861,0.784210538001,0.405902349954
890,0.824222594548,0.350272932573,0.807894747508,0.368422189237
891,0.847135850968,0.321508568585,0.810526326299,0.363709605103
892,0.832078567942,0.336644823216,0.807894746724,0.374787695877
893,0.830441907219,0.339953222905,0.800000010548,0.38441709032
894,0.828805245959,0.350611279991,0.802631589927,0.38417664718
895,0.861538469182,0.31178888767,0.826315797277,0.383579486025
896,0.847790515608,0.319892104599,0.823684220251,0.360794974074
897,0.846153854007,0.325414202461,0.789473695582,0.419848841689
898,0.836988551551,0.332364590055,0.800000010745,0.389754808826
899,0.847463183044,0.328545421149,0.802631589535,0.387416705428
900,0.838625213031,0.335268153112,0.813157905089,0.371577353805
901,0.84844517981,0.320599325474,0.797368432346,0.414127156494
902,0.844844525677,0.327808791329,0.80526316911,0.381159877454
903,0.838625212665,0.337119767013,0.794736852967,0.400390160246
904,0.844517193088,0.32341601738,0.826315799042,0.353621337759
905,0.844844525165,0.330330135724,0.844736850968,0.358912655165
906,0.843862528765,0.331672971358,0.765789485095,0.415485446758
907,0.838625212958,0.346442595722,0.810526324338,0.377694756087
908,0.842225867407,0.33224840314,0.834210535021,0.368861183671
909,0.836006554712,0.33804618744,0.836842113812,0.359316724745
910,0.843862528911,0.333725985883,0.792105274765,0.382309295335
911,0.827823249242,0.33808460939,0.821052641069,0.36463557946
912,0.848445179883,0.321227274018,0.852631586359,0.3305685479
913,0.840589206001,0.339561184353,0.850000007764,0.328856673533
914,0.837970548463,0.337677008593,0.802631589535,0.390076053966
915,0.845171857339,0.325678189384,0.784210538394,0.401350955859
916,0.851391169839,0.328004209736,0.813157903521,0.373895914882
917,0.851391170009,0.324213585156,0.802631589927,0.427123626204
918,0.845826521833,0.324217455379,0.85526316613,0.321347023262
919,0.857610481973,0.310227761926,0.752631590947,0.459798586861
920,0.838297880613,0.334568004732,0.805263168718,0.402169493076
921,0.837970548463,0.339704175762,0.789473694014,0.405193348048
922,0.846808518745,0.32981202538,0.792105273981,0.400475793665
923,0.836988551917,0.337296798898,0.802631588751,0.391840220037
924,0.828150581587,0.340523994356,0.815789482703,0.396744490332
925,0.854009827474,0.314555778447,0.792105274373,0.418889326877
926,0.831096571445,0.350258813894,0.823684219859,0.338759667632
927,0.834697226041,0.355717751519,0.813157904697,0.444847400839
928,0.83797054861,0.347842688902,0.810526325907,0.400838158265
929,0.846808518477,0.331294571313,0.813157905481,0.382642565246
930,0.844844525262,0.326167668202,0.794736853556,0.405350206751
931,0.83895254479,0.341730112365,0.813157903913,0.376752270729
932,0.842225867237,0.332094734605,0.81842106267,0.369670410788
933,0.8507365051,0.331749225843,0.797368432346,0.380308661022
934,0.843535196396,0.333023203448,0.794736852771,0.403232876383
935,0.832405900555,0.336756964277,0.810526324534,0.368337098178
936,0.835679223197,0.335786460019,0.826315799826,0.351608768277
937,0.842225867237,0.334378825711,0.763157907677,0.421731007898
938,0.834042561522,0.336104130991,0.794736851987,0.38751251074
939,0.843207864076,0.335401151427,0.776315801434,0.421399531984
940,0.849754508505,0.321755409399,0.818421062278,0.395390611203
941,0.84549918961,0.337390437067,0.81842106267,0.363538106585
942,0.842880531609,0.332096500825,0.805263168129,0.374635818316
943,0.84353519642,0.333268288255,0.789473694798,0.419130212872
944,0.853027830659,0.323997060736,0.800000010745,0.4024281054
945,0.845171857412,0.33768883142,0.797368432346,0.372068699854
946,0.852045834162,0.324725170115,0.810526325122,0.391109603016
947,0.845499189708,0.327655380305,0.844736850183,0.334594112282
948,0.847790515047,0.320558095174,0.831578956231,0.358788902602
949,0.842225867334,0.333189779024,0.834210535021,0.351037503392
950,0.833715229324,0.331171078531,0.802631588947,0.38202152411
951,0.847463182873,0.329790492035,0.797368431366,0.421791442413
952,0.84877251191,0.329069249198,0.821052641461,0.338575884161
953,0.848445179858,0.322838826803,0.78947369519,0.394574134366
954,0.845499189732,0.326011982437,0.792105273393,0.381123672374
955,0.862193133505,0.304850491175,0.797368430778,0.402449597384
956,0.82815058127,0.348364012112,0.81578948388,0.387027194282
957,0.832733232851,0.352534626496,0.821052640284,0.364404208174
958,0.849427176575,0.323656282532,0.839473692994,0.333827940502
959,0.836006555029,0.342333053076,0.839473692994,0.333400622647
960,0.837643216265,0.338122453894,0.792105273197,0.432140209369
961,0.844189860427,0.32838205206,0.802631589927,0.395090268631
962,0.843535196274,0.330705204982,0.760526329279,0.441048562061
963,0.85139116996,0.316206888261,0.818421062278,0.349482841349
964,0.854664491797,0.320434753303,0.807894747116,0.401069347685
965,0.839279877183,0.34262131467,0.810526325514,0.404550611826
966,0.849427176453,0.325824975217,0.815789483488,0.37519390356
967,0.848772512032,0.328697034793,0.823684220643,0.362667197754
968,0.841898534697,0.337652191538,0.823684219859,0.352166324486
969,0.839607209382,0.349246732738,0.763157907285,0.401757093759
970,0.833715229105,0.33118028904,0.810526326691,0.378527701955
971,0.845171856924,0.333241150753,0.81842106267,0.355685780291
972,0.836661219085,0.33640493705,0.781578958427,0.420735109205
973,0.825531923927,0.356934886633,0.810526325514,0.381142321141
974,0.846808518842,0.339193383082,0.818421062278,0.382271937952
975,0.840916538419,0.343860026864,0.828947377636,0.355972909589
976,0.825859255662,0.355226328179,0.805263167541,0.366719741791
977,0.844844525384,0.326685387196,0.82631579865,0.351624020767
978,0.827495916849,0.347642090861,0.789473693622,0.450155966474
979,0.836661219694,0.340321619923,0.807894746332,0.372783827644
980,0.841571202718,0.336590186432,0.778947380813,0.411253788165
981,0.837970548756,0.343731693658,0.810526325514,0.358618940521
982,0.843535196274,0.334214241099,0.834210535413,0.349954312814
983,0.84549918983,0.340561604472,0.797368431954,0.394780752249
984,0.85073650532,0.32016749449,0.778947379636,0.424298785811
985,0.837643215948,0.33466748864,0.815789483095,0.387803065272
986,0.832733232388,0.337394523951,0.813157904305,0.360330185314
987,0.839279877647,0.330034822,0.794736853163,0.389522192755
988,0.84909984406,0.320651593296,0.813157905873,0.37532140431
989,0.835024558605,0.336463819921,0.813157904305,0.407572623881
990,0.828477913761,0.354143106667,0.823684220251,0.350213336317
991,0.841898534843,0.336470611994,0.802631588359,0.375428338535
992,0.839279877379,0.332681849654,0.836842114988,0.371117174662
993,0.831096571542,0.343816662308,0.821052641853,0.373868671099
994,0.845499189464,0.330733006085,0.781578958231,0.427522307678
995,0.842225867456,0.337356266177,0.810526325907,0.388495463167
996,0.850409173268,0.327300820463,0.844736850968,0.32899586327
997,0.846153854153,0.326697481,0.8078947479,0.376225467502
998,0.852373166775,0.312423795449,0.850000008941,0.349094827892
999,0.850736505442,0.324142433447,0.794736853163,0.408693717302
