epoch,acc,loss,val_acc,val_loss
0,0.738461549758,0.556466931797,0.800000009568,0.489598921647
1,0.767594119482,0.492321772778,0.776315801826,0.51921382468
2,0.765630126195,0.475333467467,0.789473695975,0.465284534975
3,0.794762694138,0.430904761298,0.760526327122,0.466057470755
4,0.783633398541,0.421616927728,0.823684221036,0.369040202545
5,0.796726687816,0.407541571987,0.789473695582,0.418731526619
6,0.79050737534,0.419262939567,0.781578958231,0.435909192029
7,0.795744691197,0.403089837679,0.773684222055,0.469748029976
8,0.794435362062,0.405790878969,0.781578958035,0.434538588222
9,0.793780697568,0.394022318899,0.781578958231,0.463020606653
10,0.802946000267,0.385943765165,0.781578958427,0.477111869639
11,0.806219321982,0.383233939653,0.800000010745,0.444305768482
12,0.80294599956,0.373923350693,0.789473694406,0.484779672697
13,0.803273332148,0.382276410825,0.763157906893,0.466451134288
14,0.79214403643,0.399141211361,0.773684222055,0.455507803316
15,0.803600664493,0.393939079549,0.773684222055,0.42270343437
16,0.806546654595,0.382092958484,0.818421061886,0.406655856947
17,0.81112930581,0.37111797146,0.828947378224,0.399498026083
18,0.817348618091,0.375077370243,0.784210538198,0.420650829022
19,0.817021286453,0.366022305054,0.800000011529,0.41637687738
20,0.812438634384,0.374742976272,0.789473695582,0.40109589441
21,0.821931269623,0.368010218498,0.8078947479,0.423569617548
22,0.814075296425,0.373593045158,0.802631589535,0.377745380723
23,0.81636662135,0.372328421854,0.792105273589,0.406256169497
24,0.811783970622,0.371098712062,0.802631588359,0.446634960998
25,0.821931269453,0.360797198986,0.815789482703,0.396186136616
26,0.823895262277,0.359693065712,0.81578948388,0.365932126137
27,0.816693953328,0.362742448607,0.826315799042,0.348345452724
28,0.825204591363,0.363161188625,0.821052641853,0.353322659619
29,0.820294607851,0.362911811986,0.807894747508,0.407186997662
30,0.812438634482,0.369350093202,0.802631589143,0.383218334841
31,0.823895262643,0.359742651668,0.797368431954,0.429838338965
32,0.814402628111,0.377997664378,0.828947378617,0.369592012641
33,0.828150581611,0.352593300623,0.807894747508,0.371205212744
34,0.823240598417,0.357787601381,0.818421063062,0.352608594725
35,0.821931269209,0.356123100265,0.815789483488,0.382808442767
36,0.820949272419,0.362790591423,0.807894747116,0.434265066266
37,0.816039289005,0.363973969584,0.794736852379,0.413083650074
38,0.819312611476,0.372096195159,0.82894737744,0.386522387498
39,0.821603937059,0.353059025728,0.810526326691,0.454966958416
40,0.843207864222,0.334585837666,0.781578957446,0.413656372381
41,0.851391170107,0.336773574505,0.834210534629,0.395137746965
42,0.815711956855,0.368960893193,0.802631589927,0.400883016471
43,0.828477913809,0.345645504002,0.818421063455,0.362724091122
44,0.821603937035,0.354161521277,0.802631589535,0.427660423282
45,0.841898535429,0.335674560548,0.813157905089,0.453365633068
46,0.829459910404,0.357669529616,0.78947369519,0.398365011782
47,0.828805246203,0.348466878742,0.807894747508,0.399393300673
48,0.843862529179,0.328094096492,0.805263167933,0.401352780136
49,0.841898535307,0.332234768919,0.805263168718,0.373968991647
50,0.830114574899,0.342546645534,0.776315800453,0.415227498173
51,0.826841252501,0.353909197018,0.781578958819,0.422079679801
52,0.826186588616,0.356461966578,0.839473692602,0.325909733576
53,0.832733233144,0.340110641942,0.800000011529,0.415072689519
54,0.816039289249,0.361912330353,0.805263167933,0.380466029048
55,0.836333887325,0.343745504355,0.776315800061,0.418921801752
56,0.818985279131,0.36631403661,0.784210537021,0.415789206463
57,0.83895254557,0.340479264956,0.810526327083,0.454696765635
58,0.83142390435,0.351424019826,0.802631589535,0.396185797492
59,0.811456637765,0.359657845446,0.802631589927,0.40658886466
60,0.834042561693,0.338356780849,0.800000010745,0.440375594618
61,0.829787242383,0.343609522327,0.807894748292,0.3976248938
62,0.832733233071,0.344127036954,0.84736843015,0.338681478544
63,0.824549927113,0.349013760387,0.813157905481,0.361373102881
64,0.834369894184,0.349431189823,0.82894737744,0.354458820712
65,0.840261874559,0.337041155235,0.789473694406,0.446549593912
66,0.82160393723,0.357918360205,0.823684219663,0.374127899836
67,0.842553199752,0.333112604447,0.792105274177,0.439238578228
68,0.835679222782,0.344882975764,0.828947378617,0.352192584033
69,0.845171857875,0.322172273645,0.813157905481,0.371102625038
70,0.840916538858,0.339299103663,0.83684211342,0.345736452819
71,0.838625213055,0.335660477396,0.813157903913,0.380132030009
72,0.830114575264,0.339385050469,0.794736852771,0.36689347465
73,0.833060565245,0.342240118033,0.839473692994,0.353210693323
74,0.831423903887,0.354274756798,0.831578956231,0.385918588083
75,0.837643216436,0.343122394441,0.844736850968,0.340573523586
76,0.838625213079,0.338926222499,0.836842114008,0.353956636041
77,0.830441907341,0.351838913864,0.828947378224,0.365304940233
78,0.834369893965,0.351450329137,0.802631589927,0.444710307902
79,0.827495917434,0.341207233027,0.826315799042,0.379627495195
80,0.83862521247,0.329119021241,0.834210534629,0.357528700017
81,0.81865794703,0.362937120181,0.821052641069,0.38576416338
82,0.831423903838,0.338235225553,0.802631590319,0.380416741644
83,0.837643216241,0.331188821193,0.813157904697,0.395449952566
84,0.842880532267,0.336322850607,0.823684219859,0.360581098222
85,0.835024558898,0.340345067004,0.818421063062,0.338146765128
86,0.840916538785,0.332816956592,0.805263167541,0.378075412475
87,0.848117847636,0.332345064986,0.844736850968,0.377267940558
88,0.842880532024,0.328053100946,0.82631579865,0.336329424484
89,0.850736505588,0.321234848936,0.821052641853,0.377629213587
90,0.838625213128,0.334486057741,0.79736843117,0.37915443732
91,0.830114574947,0.337550702247,0.80789474692,0.408869493557
92,0.839934542141,0.330037180414,0.831578956623,0.405422287871
93,0.843535196518,0.339024584362,0.834210535805,0.337296692998
94,0.831096571933,0.343676120244,0.826315799434,0.363831340629
95,0.836988551649,0.346337610859,0.805263167737,0.360722590973
96,0.843207864441,0.31980996699,0.80789474692,0.409688446181
97,0.839279877866,0.331727538819,0.797368431954,0.414939206143
98,0.84124387091,0.326134529718,0.823684219859,0.336278637724
99,0.838297880881,0.334583101986,0.855263166522,0.343796809565
100,0.845826522126,0.322433892016,0.792105275549,0.41317395812
101,0.84451719282,0.331649946393,0.807894746332,0.392680085068
102,0.848117847709,0.328795931535,0.85789474492,0.306619562601
103,0.837970548805,0.327733173137,0.826315799434,0.384982815699
104,0.836988551795,0.333545485173,0.821052641461,0.385643198375
105,0.843862528716,0.324281057632,0.836842114988,0.338626019657
106,0.84549919,0.319715588937,0.810526325711,0.401997700922
107,0.830441907682,0.350762802854,0.828947378224,0.372936557439
108,0.833060565269,0.347259882246,0.818421061886,0.367419092965
109,0.84484452514,0.314162326041,0.797368432738,0.399458799903
110,0.831751236256,0.348443781771,0.807894747508,0.383658857428
111,0.836988552161,0.337982236754,0.805263167345,0.490243943114
112,0.831096572103,0.339054615531,0.786842116008,0.41710330144
113,0.840916538565,0.327786038878,0.84736843015,0.329840475252
114,0.834042561693,0.336736759893,0.800000010745,0.428662575218
115,0.840589206245,0.346905776246,0.821052641069,0.36808824098
116,0.846481186595,0.318672606703,0.805263168129,0.415872916898
117,0.85728315036,0.311996911456,0.847368429758,0.332702725954
118,0.84255320002,0.324383855424,0.821052641069,0.36048258145
119,0.855319156779,0.320717647035,0.807894746724,0.400418789803
120,0.854991824362,0.312390914336,0.852631587731,0.34690892466
121,0.838952545058,0.33565734025,0.818421062278,0.371148389666
122,0.836333887374,0.335503205901,0.797368431562,0.4172690897
123,0.850736505466,0.32784136575,0.847368428974,0.324402202212
124,0.836333887594,0.324604900673,0.826315799042,0.395423506926
125,0.836006555493,0.340160600792,0.784210535256,0.413372385071
126,0.844189860988,0.317199039244,0.831578956035,0.369407072761
127,0.849427176819,0.327423741495,0.805263167541,0.440428943765
128,0.840261874364,0.351136423891,0.815789483095,0.408305909705
129,0.848445179688,0.334317399186,0.828947377832,0.395605415988
130,0.843862528789,0.332503307818,0.826315799434,0.383172013405
131,0.849099844328,0.321613782697,0.850000008549,0.355124592683
132,0.843207864222,0.328634622572,0.818421063062,0.389371694458
133,0.84418986089,0.32452964608,0.800000011529,0.501594195044
134,0.84255319985,0.334856015296,0.8368421144,0.345117186196
135,0.850081841021,0.315280057112,0.823684220643,0.388378933072
136,0.833060565098,0.341834231169,0.802631589535,0.402511645354
137,0.848117848026,0.324086802425,0.807894746724,0.415014625968
138,0.837315884091,0.332043488408,0.794736853163,0.378402034213
139,0.839934542019,0.329556465179,0.836842114596,0.344578739746
140,0.848117847611,0.31789609806,0.839473693779,0.35282248087
141,0.837315883847,0.337450336482,0.805263168326,0.405460271102
142,0.847135851065,0.325773881258,0.834210535021,0.384982459688
143,0.849754508701,0.32371407796,0.834210535413,0.383798432732
144,0.849099844426,0.318295072404,0.821052641069,0.403145038146
145,0.852373166824,0.324899566697,0.80526316911,0.41946627082
146,0.844844525604,0.333520832778,0.815789482311,0.403780579935
147,0.848117847709,0.321955977822,0.823684219467,0.380079957559
148,0.855646488563,0.312571520498,0.823684220643,0.343190440491
149,0.858919811229,0.314649346082,0.78947369519,0.415218372682
150,0.836988551673,0.321204930965,0.826315799434,0.378231690682
151,0.842553199728,0.322416680034,0.826315798258,0.365284423344
152,0.859901807727,0.303125751679,0.839473692994,0.366633478062
153,0.853682495593,0.322983152017,0.855263165737,0.353251129193
154,0.856955817942,0.309724776562,0.81842106267,0.392243559766
155,0.845826522028,0.31404913137,0.810526325907,0.367912039749
156,0.852045834552,0.305764717996,0.789473695975,0.476537180966
157,0.843535196664,0.336223627287,0.77894737944,0.461142812022
158,0.845171857509,0.330597095124,0.789473694406,0.401942001803
159,0.850736505613,0.311968559954,0.834210535021,0.394658424597
160,0.841243870983,0.33469843295,0.855263165345,0.352967769226
161,0.840261874315,0.329290480665,0.810526325907,0.378799994602
162,0.846808518696,0.316132934167,0.831578956623,0.378688641113
163,0.85924714355,0.316038041839,0.813157905873,0.399171829273
164,0.8618658016,0.305221111271,0.831578957015,0.343353344691
165,0.850409173512,0.312195887314,0.863157902893,0.302779435866
166,0.852700498827,0.31830541981,0.839473692994,0.33532989329
167,0.852373166946,0.312313099104,0.792105275157,0.420124041211
168,0.851063837811,0.318188511174,0.836842113616,0.350906268448
169,0.850409172805,0.325946005503,0.826315799826,0.356986846824
170,0.847463182873,0.325149634454,0.831578956623,0.378191165822
171,0.851718501939,0.322383008736,0.831578956623,0.363908028377
172,0.848445179761,0.316964268386,0.850000008549,0.374967631394
173,0.852373166629,0.316274567417,0.810526326691,0.407501749327
174,0.841898535648,0.3351494649,0.828947378224,0.397443242322
175,0.84713585087,0.323045408725,0.852631587339,0.348479331839
176,0.831096571811,0.337065277774,0.784210536433,0.429780501701
177,0.856301153399,0.30930880591,0.847368428974,0.345987050402
178,0.841898535697,0.322587033069,0.823684220643,0.356702595704
179,0.836988551893,0.33199908674,0.842105271785,0.362576299347
180,0.843862528814,0.32923800394,0.823684220643,0.365811517425
181,0.851718502256,0.318946145932,0.844736850968,0.365186290252
182,0.846808519062,0.332577018537,0.818421062474,0.390807042781
183,0.853355163297,0.310253543511,0.821052640873,0.349631472932
184,0.852045834503,0.3113463424,0.85526316613,0.354412644391
185,0.864157126915,0.297580619134,0.842105271785,0.353886423008
186,0.852045834503,0.306709236125,0.831578957015,0.374214292921
187,0.850409173122,0.306214201494,0.792105273589,0.422384301936
188,0.852700498803,0.312935013141,0.876315795669,0.385345585301
189,0.855319156633,0.312394935882,0.863157902501,0.388952136873
190,0.849427176868,0.318124557197,0.823684220643,0.4399497447
191,0.843207864295,0.324368062397,0.842105272177,0.380983298295
192,0.853355163589,0.307997579221,0.863157902893,0.317191621632
193,0.850736505564,0.314248098173,0.818421063062,0.38797362438
194,0.854664492212,0.30537612014,0.828947377832,0.390878812189
195,0.860556472294,0.306197226435,0.850000008549,0.363466761761
196,0.842880532389,0.326457276062,0.847368429562,0.371762129135
197,0.853355163224,0.309001730127,0.786842116596,0.432594334756
198,0.857610482241,0.302355634399,0.857894744136,0.329354994918
199,0.862847797585,0.294733171243,0.831578957015,0.391916719657
200,0.854337160014,0.30397234258,0.839473692994,0.37106492189
201,0.853355163126,0.313402626868,0.85789474492,0.389844129671
202,0.858592479031,0.30916950559,0.855263166522,0.341061132421
203,0.857283150213,0.306790344617,0.834210536198,0.367506342033
204,0.85728315036,0.304405212354,0.828947378617,0.335857371794
205,0.853027831562,0.322165410731,0.876315796454,0.316494771868
206,0.852373166629,0.314424732246,0.847368429758,0.35984260497
207,0.84713585087,0.325808840973,0.834210535805,0.35299327401
208,0.858265147101,0.306450191522,0.828947377832,0.462224684067
209,0.862520465411,0.307115427543,0.871052638873,0.307820411264
210,0.864811791482,0.304900639332,0.831578957015,0.380623927732
211,0.858592478787,0.297077425998,0.831578956623,0.390184486701
212,0.860883804249,0.313083834309,0.821052641069,0.395742015913
213,0.855973821469,0.309583555358,0.842105272569,0.379612378609
214,0.843207864124,0.323685742281,0.815789484272,0.41081413438
215,0.856628485573,0.314383214379,0.836842114988,0.333416775249
216,0.867103116968,0.305431048366,0.815789484272,0.391301401058
217,0.849754508969,0.322007867683,0.852631587339,0.391034693188
218,0.852700499046,0.313860662602,0.844736850968,0.36177169463
219,0.860556472172,0.299528139989,0.836842114204,0.349530363602
220,0.863502462347,0.301037768013,0.810526325907,0.36468794138
221,0.85106383786,0.313781450468,0.850000008549,0.34268695719
222,0.857937814464,0.311412285894,0.828947378617,0.358087638271
223,0.852045834601,0.311715219859,0.831578957407,0.343139326984
224,0.855319156901,0.312102830989,0.857894744528,0.346947718363
225,0.854664492236,0.302291845317,0.794736853163,0.419776409999
226,0.857937814268,0.305568602686,0.836842114596,0.35378103294
227,0.85891981118,0.312994752878,0.813157905481,0.419671790895
228,0.858919811034,0.306869819727,0.828947377832,0.363137263486
229,0.854337159843,0.31418539852,0.857894745312,0.321448853956
230,0.85204583426,0.309946962225,0.78947369519,0.490960157501
231,0.862193133505,0.302730426336,0.828947378028,0.325115631114
232,0.851391169887,0.311873567634,0.836842114204,0.343878948791
233,0.86350246225,0.292704401443,0.834210535217,0.409017667468
234,0.844189860988,0.32541156394,0.850000008549,0.363028395725
235,0.847135850358,0.316015799364,0.839473692994,0.33048081822
236,0.850736505491,0.31334064743,0.836842114596,0.475344873989
237,0.852373166873,0.311921818316,0.842105272569,0.398186126699
238,0.838952545546,0.330823037258,0.842105271785,0.35950813962
239,0.854664492285,0.300146022168,0.868421060082,0.311624560824
240,0.868412445737,0.28205168431,0.84736843015,0.343633508285
241,0.859574475748,0.303374443054,0.863157902501,0.315562495962
242,0.848772512081,0.314538769357,0.815789483488,0.386233246665
243,0.858592478958,0.298317816197,0.850000008156,0.344009950169
244,0.856301153374,0.311746417836,0.842105271393,0.34945193782
245,0.855973821005,0.299186756366,0.844736850575,0.319993887293
246,0.85400982762,0.310825117045,0.831578957407,0.350384364566
247,0.857610482314,0.302544651998,0.857894744528,0.362292034221
248,0.877905080391,0.282746891387,0.834210535413,0.384552971681
249,0.859247143501,0.298956448593,0.842105272177,0.337544031833
250,0.863829794521,0.29955304239,0.8657894809,0.353152911032
251,0.85400982801,0.307970935098,0.863157902501,0.318108035264
252,0.847790515608,0.31134660432,0.850000008549,0.34438813914
253,0.865793788077,0.28692584162,0.850000007764,0.358968703566
254,0.856301153789,0.308203591156,0.863157902501,0.36941031608
255,0.864811791311,0.297618636596,0.842105271785,0.360699778766
256,0.847463183361,0.310471262909,0.873684218055,0.327656098666
257,0.864484459381,0.299263743144,0.823684219859,0.3866446129
258,0.856628485597,0.306057665649,0.813157904109,0.377623598778
259,0.851391169863,0.316624455819,0.81842106267,0.420427616269
260,0.856301153569,0.292971377168,0.818421063455,0.39501204822
261,0.859247143354,0.298820214206,0.863157902893,0.318594221884
262,0.849754509237,0.311568665637,0.852631587339,0.335953255625
263,0.851718502256,0.312142779691,0.868421060082,0.298752985613
264,0.859901807751,0.305069352727,0.826315799042,0.385000162317
265,0.864811791433,0.291247891274,0.871052638088,0.305256657082
266,0.852700498803,0.311464440837,0.828947377832,0.348377597396
267,0.861865801112,0.296646046292,0.805263167345,0.406679988643
268,0.859574475699,0.303231369881,0.847368429562,0.337718716798
269,0.869067110207,0.296219992108,0.834210535805,0.394070509331
270,0.854991824386,0.298839017831,0.821052641853,0.388196654691
271,0.861211136618,0.29306646513,0.805263167541,0.373734415656
272,0.862520465801,0.302846237293,0.813157905481,0.378249161632
273,0.865466455952,0.292908923454,0.871052639265,0.328324192277
274,0.846153854299,0.317609378754,0.855263166522,0.351258198412
275,0.869067110304,0.286356872131,0.863157902893,0.309628954255
276,0.861211136813,0.30047504192,0.831578957015,0.363995376043
277,0.850409173585,0.322651567639,0.852631586947,0.354402914643
278,0.859574475382,0.310051188684,0.82894737744,0.389936077482
279,0.857610482216,0.305475483028,0.855263165737,0.334648504856
280,0.864157127037,0.289212060629,0.826315799826,0.377827432301
281,0.854009827767,0.306490949286,0.831578956231,0.363528263093
282,0.854991824703,0.310425907681,0.844736850575,0.329973009856
283,0.870049107192,0.282769461984,0.839473693387,0.362429131656
284,0.862193133554,0.295946454581,0.850000008156,0.33299647056
285,0.86382979457,0.300910053336,0.881578954035,0.302251561398
286,0.867757781438,0.294688048181,0.831578956623,0.406100584268
287,0.855319156975,0.31499271556,0.81842106267,0.375181885436
288,0.876923083771,0.268688163298,0.818421062474,0.416193522488
289,0.862847797999,0.28729874295,0.839473692994,0.372915445729
290,0.864484459089,0.299133883012,0.847368429758,0.315020348852
291,0.862847797731,0.302567943476,0.831578957015,0.36941967945
292,0.865793788272,0.299405329493,0.839473693387,0.358354015864
293,0.860229140266,0.296628995498,0.855263166522,0.334294836821
294,0.85237316658,0.308450012451,0.818421063455,0.382039773891
295,0.851391170034,0.314688142712,0.836842114596,0.35641924184
296,0.865793788248,0.284821722605,0.828947377832,0.387357480309
297,0.85597382103,0.299398456781,0.839473693387,0.321214106718
298,0.860556472465,0.301384580189,0.831578956623,0.35308682546
299,0.866448452498,0.290621735293,0.831578957015,0.350872592853
300,0.85499182441,0.304841572606,0.850000008156,0.3445330097
301,0.865139123315,0.290086187279,0.82894737744,0.350328309363
302,0.861865801331,0.292101416331,0.844736850575,0.350242289567
303,0.855646488953,0.303117401413,0.800000010352,0.430601977351
304,0.866775784379,0.293600599835,0.834210535021,0.340247566787
305,0.863829794814,0.291270804495,0.852631587339,0.332622565378
306,0.866121120422,0.291658691676,0.836842114988,0.379816066455
307,0.845826522443,0.32465889667,0.836842114596,0.334472114367
308,0.850409173292,0.314905771019,0.863157902893,0.334865180782
309,0.85859247886,0.294655989877,0.834210535805,0.400570069293
310,0.850409173341,0.30522674794,0.818421062278,0.378408428723
311,0.853682495715,0.307901552374,0.85789474492,0.32907025804
312,0.857610482436,0.304103880185,0.818421061886,0.377716150576
313,0.863175130271,0.288939292422,0.810526326691,0.373087117522
314,0.864484459162,0.289158889542,0.842105272177,0.331814620668
315,0.855646488953,0.312607992136,0.800000010745,0.41295262996
316,0.872340432556,0.27973781284,0.863157902893,0.306501432641
317,0.870703771491,0.282705952412,0.850000008156,0.351163189147
318,0.866121120129,0.293033217892,0.823684220643,0.436648151886
319,0.874304425843,0.279050687869,0.834210535217,0.375407952497
320,0.868739778033,0.288293804658,0.828947377832,0.356634930695
321,0.867757781047,0.298251483467,0.857894744528,0.326010842563
322,0.861865801282,0.30099050033,0.868421060082,0.372474575231
323,0.867103116895,0.301072638578,0.828947377832,0.341848293074
324,0.866121120324,0.293496785749,0.842105272177,0.358129449238
325,0.860883804858,0.293974278437,0.802631589927,0.408573847362
326,0.86382979457,0.29125867229,0.81578948388,0.417859524047
327,0.86055647227,0.30100174657,0.828947378617,0.409219856178
328,0.863502462494,0.315205289267,0.85789474492,0.32290464223
329,0.868412445712,0.287246919007,0.86842105969,0.318912665972
330,0.856628485841,0.311402132372,0.850000008941,0.337443880676
331,0.866121120105,0.294205100146,0.823684220251,0.413769188729
332,0.866121120275,0.296784500454,0.852631587339,0.358767172126
333,0.861538468938,0.296293746799,0.850000008941,0.365758887884
334,0.857283149823,0.299943590232,0.826315798258,0.433104911697
335,0.867757781584,0.292732560992,0.826315799826,0.36850683665
336,0.860229140364,0.306768223745,0.871052638873,0.329027087918
337,0.850081841192,0.306102789003,0.852631587143,0.332297809937
338,0.864484459113,0.298377498192,0.826315799826,0.385321993087
339,0.865466455635,0.287565671179,0.831578957015,0.369661657924
340,0.870049106948,0.28407350163,0.834210535805,0.400814318147
341,0.857283149921,0.305541658454,0.83684211342,0.334307766029
342,0.859247143184,0.304306258699,0.857894744528,0.347404397105
343,0.860556472075,0.289373660555,0.823684219859,0.367520941624
344,0.870703771345,0.287213784048,0.813157904697,0.378892142056
345,0.861211136935,0.30039579011,0.823684220251,0.346856551012
346,0.863502462494,0.302330833105,0.84473685136,0.327164437095
347,0.865793788053,0.290600573742,0.850000008156,0.354397432315
348,0.871358435717,0.275635688223,0.847368429758,0.356565307526
349,0.865793787955,0.301486813251,0.818421063062,0.359433219351
350,0.851718502256,0.294445928726,0.826315799826,0.349872795718
351,0.867757781389,0.292498622623,0.852631587339,0.347509653038
352,0.872995096904,0.275017903776,0.810526325907,0.375907284404
353,0.876923083966,0.284969876073,0.807894747116,0.452074716419
354,0.868412445786,0.285262759398,0.842105271785,0.372809040467
355,0.864811791409,0.290483857048,0.842105272177,0.318598744031
356,0.876923083869,0.271152687739,0.792105274765,0.415826221585
357,0.857937814488,0.310472526696,0.860526323711,0.29967606874
358,0.855646488831,0.305884350161,0.842105271785,0.366553706895
359,0.856301153496,0.298110339781,0.794736851987,0.452059808285
360,0.858919811302,0.30171973443,0.850000008549,0.330752175167
361,0.863502462494,0.300119715888,0.847368429366,0.340210537647
362,0.869394442551,0.284033139588,0.860526322338,0.327697192809
363,0.865793788199,0.293360879666,0.847368429366,0.382001893472
364,0.877905080488,0.281100772391,0.818421063062,0.392974060568
365,0.869067110231,0.286070955826,0.850000007764,0.469153422213
366,0.86252046563,0.293221627068,0.831578957407,0.365279330112
367,0.872340432702,0.277481082873,0.836842114596,0.399885655393
368,0.860883804614,0.295436881915,0.847368429758,0.342445862657
369,0.868412445542,0.294188149011,0.855263165737,0.313450620314
370,0.864484458991,0.305845533746,0.807894747508,0.366428971805
371,0.866775784184,0.287216521489,0.834210535805,0.384865345629
372,0.87070377154,0.286899906844,0.834210535413,0.359437415658
373,0.857610482387,0.297945032622,0.83947369221,0.3442183106
374,0.863829794716,0.309794425507,0.860526324103,0.309076428609
375,0.864811791141,0.291942489178,0.855263166522,0.342400374516
376,0.852700498778,0.316109006502,0.815789483488,0.365804589084
377,0.856301153448,0.298353053379,0.844736850575,0.353446824427
378,0.862520465752,0.290979886159,0.85789474492,0.361268989117
379,0.853355163272,0.30976508078,0.86842105969,0.320205496355
380,0.859901807946,0.306825017919,0.826315799826,0.372786450102
381,0.869067110524,0.288355215972,0.852631587339,0.343910174892
382,0.869394442649,0.299546442182,0.860526323711,0.321168002967
383,0.863502462201,0.29248080423,0.831578957407,0.358129744773
384,0.869721774774,0.27615500818,0.84736843015,0.340886355911
385,0.876268419131,0.272968142223,0.81578948388,0.386084655986
386,0.868412445834,0.291429894687,0.878947374852,0.298163827729
387,0.865793788004,0.278967484492,0.802631589535,0.441336721341
388,0.867757781413,0.287431061247,0.886842111224,0.271154203268
389,0.870049106777,0.291201320038,0.815789483488,0.378824304955
390,0.865466455976,0.29531141799,0.850000008549,0.363012560239
391,0.868412445688,0.288755202324,0.823684220643,0.411836594539
392,0.868739778252,0.281089912524,0.857894745312,0.332563386446
393,0.868412445859,0.286547898621,0.839473692994,0.395673539116
394,0.867757781121,0.290981423387,0.821052641853,0.369607083561
395,0.868412445834,0.290837980127,0.831578956623,0.386231313521
396,0.867430449215,0.290402069871,0.863157902501,0.301068803541
397,0.881178402715,0.273270306217,0.831578956231,0.377445685359
398,0.872995097001,0.279502675377,0.844736850968,0.407690422205
399,0.877905080122,0.271796808202,0.839473693387,0.392818057321
400,0.876268419131,0.274693560803,0.821052641853,0.367271244765
401,0.868739778203,0.285587294713,0.85789474492,0.400890783689
402,0.873977093864,0.283624659052,0.815789484272,0.386587047637
403,0.86743044941,0.285850416627,0.826315799042,0.367154606924
404,0.872013100431,0.277650504198,0.850000008156,0.350649451175
405,0.865466455562,0.301779242845,0.847368429366,0.326690346836
406,0.867103116943,0.285277616053,0.878947375636,0.291825479001
407,0.858919811376,0.310645354095,0.839473692994,0.400031526132
408,0.870049106997,0.283291311319,0.88947369021,0.290000566772
409,0.880523737904,0.277213312042,0.828947377832,0.357173431812
410,0.865793788077,0.293816395604,0.850000008549,0.328266126288
411,0.871685767915,0.273862646153,0.83947369221,0.391165211343
412,0.872667764705,0.286213970957,0.831578956231,0.347799076846
413,0.8664484524,0.287646094075,0.815789484664,0.424684169525
414,0.848772511984,0.314242866363,0.821052642245,0.420416818659
415,0.872013100187,0.283934157701,0.842105271589,0.38758775919
416,0.872013100357,0.281693369405,0.860526323711,0.328781007078
417,0.866121120056,0.299440507256,0.860526324103,0.336683001884
418,0.863829794789,0.294436020327,0.844736850575,0.330730710301
419,0.873977093572,0.278377079763,0.871052638873,0.313791350443
420,0.866121120324,0.284804798865,0.852631586163,0.323224625893
421,0.86873977813,0.289180064473,0.81842106267,0.352629247403
422,0.871031103519,0.283432453807,0.850000008941,0.33452409194
423,0.861865801526,0.306751017402,0.855263165737,0.325455298941
424,0.873977093596,0.285423046594,0.850000008549,0.320162223015
425,0.871685767964,0.277935348061,0.81578948388,0.403105940131
426,0.867103116529,0.287568960784,0.855263166522,0.345046740957
427,0.866121120031,0.289450227842,0.860526323711,0.348533755462
428,0.874304425794,0.290771450735,0.871052638873,0.284869958426
429,0.875941086908,0.284301494058,0.88157895325,0.291928203262
430,0.879541741553,0.288572388706,0.81842106267,0.39939116667
431,0.865466455537,0.289359518309,0.876315796846,0.292249575858
432,0.863175129954,0.289041163186,0.831578957407,0.421148030296
433,0.873322429126,0.27967069585,0.873684218055,0.306563943919
434,0.862847797853,0.307079998154,0.84736843015,0.403314840196
435,0.866121120227,0.282067127602,0.823684219859,0.423123549793
436,0.861865801087,0.297896846448,0.855263166522,0.373529312838
437,0.861538469206,0.299048642791,0.839473693779,0.343034681803
438,0.864157126598,0.295716075077,0.860526322926,0.306552267952
439,0.859901808044,0.28394450805,0.865789481292,0.315380759568
440,0.881178402691,0.261167796068,0.863157902893,0.341941750853
441,0.863502462347,0.29538048755,0.844736849791,0.335967721479
442,0.861211136788,0.28625977534,0.855263164953,0.34296988539
443,0.873977093669,0.278161636717,0.847368429758,0.346072130187
444,0.867103116919,0.287780472725,0.79736843215,0.404984801983
445,0.871358436107,0.277163190645,0.844736850183,0.360193918802
446,0.870376438854,0.287871354708,0.878947375636,0.310537155181
447,0.880523738221,0.270648143926,0.857894744528,0.296706626045
448,0.882160399383,0.263643750723,0.839473693387,0.357971242963
449,0.870049106997,0.283980466872,0.85789474492,0.353475240954
450,0.876923083503,0.277451746515,0.863157902893,0.332031040327
451,0.867103117236,0.290897878414,0.871052639265,0.303237420458
452,0.866448452474,0.279290378937,0.84473685136,0.340362942569
453,0.872013100528,0.278540672326,0.831578957407,0.407780422198
454,0.870049107289,0.28578775894,0.850000007764,0.37602902591
455,0.869721774603,0.283729933463,0.850000008941,0.33645986744
456,0.865793788199,0.290522383441,0.860526323318,0.318500620436
457,0.873649761495,0.279019147112,0.81578948388,0.432539565832
458,0.870049107143,0.280619004814,0.836842113812,0.363830174215
459,0.862847797853,0.291105144485,0.847368429758,0.359148821744
460,0.871358436083,0.279477999075,0.850000008549,0.318901839617
461,0.869721774628,0.287342478419,0.834210535413,0.313218929437
462,0.86022914012,0.291399694751,0.85526316613,0.327200159872
463,0.871685768086,0.285903730959,0.826315799042,0.384814975636
464,0.870703771491,0.285560682148,0.834210534825,0.407386508599
465,0.876923083869,0.273392278814,0.834210536198,0.367714330995
466,0.872340432409,0.284943822713,0.85526316613,0.334476334895
467,0.871358435619,0.282491719056,0.797368431562,0.390046545329
468,0.879214409282,0.272411238,0.831578957407,0.37084027207
469,0.875941087152,0.278624722929,0.839473692994,0.338725087551
470,0.865793787906,0.280470737063,0.863157902893,0.340767574153
471,0.869721774554,0.279015124719,0.836842114204,0.387142961894
472,0.869721775067,0.279350430263,0.85789474492,0.304243672615
473,0.872995096879,0.2762278875,0.873684218055,0.333065589314
474,0.863502462372,0.296932398726,0.834210535413,0.316958930294
475,0.87921440916,0.260766337002,0.839473692406,0.356711391139
476,0.867430449264,0.281048481401,0.839473692994,0.363429370067
477,0.85695581821,0.310241152534,0.844736850968,0.356634491797
478,0.876595751695,0.281434963867,0.850000008156,0.346992534487
479,0.863502462128,0.289779951942,0.834210535805,0.350784840847
480,0.873322429126,0.267140606366,0.823684220643,0.370744699759
481,0.871358436009,0.287437649398,0.868421060082,0.307367946352
482,0.867103116822,0.293492583901,0.826315799434,0.380944054108
483,0.88183306721,0.267809862635,0.847368429366,0.318416360919
484,0.881178402886,0.269690896025,0.826315799042,0.335756765054
485,0.876595751305,0.282219872895,0.828947378224,0.345985000357
486,0.8631751301,0.292005021364,0.84736843015,0.364339657232
487,0.878232412589,0.277714544081,0.815789483488,0.34701641043
488,0.882815063707,0.262009097434,0.842105271589,0.348905043444
489,0.878887076693,0.269234422832,0.828947377048,0.376363743685
490,0.881505734914,0.271679226913,0.828947378224,0.364770880735
491,0.865139123583,0.292497993153,0.839473692602,0.354187906793
492,0.870703771418,0.287205786034,0.807894747116,0.405670045146
493,0.874631758383,0.276947814482,0.860526323711,0.323942363017
494,0.854991824337,0.300268050289,0.850000008549,0.350214456772
495,0.872013100089,0.288434818058,0.834210536198,0.411272141151
496,0.879214409477,0.275045954045,0.828947378224,0.353548274768
497,0.873977093718,0.282518344116,0.815789484272,0.368437753059
498,0.866775784623,0.285238244133,0.82894737744,0.389185298663
499,0.873322429053,0.276544988597,0.884210532825,0.34564305413
500,0.865139123851,0.294055684486,0.828947376656,0.335993295548
501,0.872340432385,0.26888047352,0.868421060082,0.304941378338
502,0.867103116943,0.281968141584,0.831578956231,0.366922371874
503,0.873322429175,0.284480730066,0.828947378224,0.37383984191
504,0.882815063585,0.271617700524,0.844736850968,0.374409528235
505,0.872995097099,0.279258420071,0.836842114988,0.322097861165
506,0.874959090386,0.278768359097,0.850000008156,0.340156925095
507,0.8631751301,0.30236176802,0.884210533217,0.325544525011
508,0.864484459089,0.291090786082,0.828947378224,0.40388114895
509,0.859901807654,0.289928248536,0.852631587339,0.325906460247
510,0.868739778057,0.280177393872,0.826315799042,0.362344645331
511,0.864811791531,0.29422798087,0.860526323711,0.337009465101
512,0.876268419423,0.281109483553,0.831578957015,0.391747851317
513,0.876595751622,0.264864985144,0.850000008156,0.348248012817
514,0.873977093791,0.277945531974,0.823684220643,0.381634319164
515,0.875613754685,0.278151470515,0.842105272569,0.348000289284
516,0.87823241276,0.268358067987,0.85526316613,0.347746279091
517,0.880523738172,0.265560027747,0.834210535413,0.393115179858
518,0.878559744739,0.270367157943,0.836842114204,0.32548148658
519,0.884451724772,0.266314043103,0.847368429758,0.369153794208
520,0.876923083601,0.271597959827,0.828947378224,0.380652395383
521,0.873649761325,0.281461161133,0.842105272177,0.35583029972
522,0.870049107192,0.283173375039,0.871052639265,0.321004247826
523,0.869394442405,0.282950889833,0.826315799434,0.341625296094
524,0.874304426136,0.283862592997,0.839473692602,0.382100871764
525,0.875286422658,0.267160851519,0.797368431954,0.38803900429
526,0.869721774481,0.277214119142,0.873684217663,0.344180596845
527,0.863502462616,0.296338147412,0.852631587339,0.392557503649
528,0.871358436058,0.295652434574,0.847368429758,0.31989898176
529,0.877250415823,0.265699610701,0.815789483488,0.400095696389
530,0.868739778277,0.285012782852,0.852631586555,0.317511153983
531,0.874959090264,0.279386310059,0.863157902501,0.305220623366
532,0.865139123412,0.284428883583,0.842105272177,0.330779027586
533,0.869721774701,0.279687163129,0.823684220643,0.412609057409
534,0.876268419106,0.276399577183,0.878947375244,0.29242853771
535,0.87528642256,0.280430878417,0.842105271589,0.320680934594
536,0.872013100333,0.286536963033,0.828947377636,0.362041447116
537,0.863502462274,0.291550193096,0.839473692994,0.341546205142
538,0.877250416043,0.287136829365,0.842105271785,0.3988421526
539,0.880523738294,0.262521199874,0.863157902501,0.329049728861
540,0.884124392866,0.255229850441,0.847368429366,0.377431799204
541,0.86219313292,0.296414300828,0.836842114204,0.403730043884
542,0.871358435961,0.284264655557,0.860526324103,0.468906587308
543,0.870376438878,0.276665441603,0.831578957407,0.335479029258
544,0.873977093669,0.273608684499,0.826315799042,0.39247897934
545,0.874959090411,0.283609867326,0.821052641853,0.375622880204
546,0.868412445859,0.286564247873,0.839473692994,0.385906414705
547,0.884124392915,0.263975573298,0.852631587339,0.327733408853
548,0.876268419155,0.269582771388,0.857894745312,0.357959630734
549,0.872667764925,0.281413787756,0.810526325907,0.369072130857
550,0.874959090435,0.269867762053,0.844736849791,0.35021100166
551,0.877905080464,0.27229075167,0.852631587339,0.347312066324
552,0.877905080537,0.268475757128,0.871052639265,0.313804476304
553,0.885761053955,0.26617807386,0.828947377832,0.344069320966
554,0.877905080366,0.275981952818,0.828947378224,0.404975720779
555,0.880851070541,0.258521657887,0.865789481684,0.351986255448
556,0.879541741821,0.270865493497,0.847368429758,0.320701219693
557,0.86972177492,0.299468743757,0.826315799042,0.385292957292
558,0.870049106948,0.280275945922,0.839473693387,0.367129745293
559,0.867757781389,0.289001220538,0.847368429366,0.33171246539
560,0.869394442307,0.28484220289,0.842105272569,0.342325184457
561,0.879214409257,0.271677289443,0.839473693387,0.37981092371
562,0.890671037028,0.256176560375,0.836842113812,0.328721415386
563,0.876923083771,0.276767679568,0.839473692994,0.348923519211
564,0.889034376207,0.259770013104,0.85526316613,0.331377024628
565,0.873977093913,0.271587617115,0.839473693779,0.340847567484
566,0.871685767818,0.273018743235,0.842105271785,0.37650690956
567,0.8765957515,0.268393217062,0.850000008549,0.371097567608
568,0.876268419058,0.266098089653,0.852631586947,0.322560934007
569,0.875613754661,0.279202238542,0.836842114596,0.381918817667
570,0.874304425843,0.288412215152,0.836842114988,0.350186054301
571,0.881833066771,0.2665745733,0.85789474492,0.334629826052
572,0.875941086957,0.27556977049,0.821052641853,0.36417232743
573,0.87103110386,0.280736201156,0.876315796846,0.288416259934
574,0.872013100479,0.287415299973,0.839473693387,0.390188532636
575,0.869721774652,0.287342426273,0.850000008156,0.378820860434
576,0.869721774701,0.286652352542,0.818421063062,0.385193360675
577,0.868412445615,0.282336001987,0.860526324103,0.348126458813
578,0.868085113758,0.287511011474,0.82894737744,0.395458166034
579,0.862847797975,0.293651551978,0.802631590319,0.383176540723
580,0.867103116943,0.292449159743,0.842105271785,0.36841818315
581,0.879869073873,0.278768090075,0.828947377832,0.3576546187
582,0.876268419082,0.279037022933,0.868421060474,0.317631655011
583,0.874304426014,0.27366631723,0.818421063455,0.375653460769
584,0.877577748265,0.264685677884,0.818421061494,0.376919223872
585,0.879541741455,0.262455981559,0.836842114988,0.36187597643
586,0.874959090435,0.269044409261,0.789473694994,0.524132417872
587,0.879214409428,0.258332662717,0.842105271785,0.339472523465
588,0.875941086957,0.263613876751,0.865789481684,0.378984916958
589,0.878232412711,0.27196824615,0.80526316911,0.442904650822
590,0.877250416092,0.274874057167,0.8078947479,0.411327772872
591,0.879869073776,0.267932671345,0.823684221036,0.378988971652
592,0.873322429419,0.274670768698,0.850000008156,0.376418775211
593,0.883797060473,0.261430823845,0.842105272569,0.35147652166
594,0.877905080171,0.277104977715,0.844736850379,0.331492465553
595,0.880851070395,0.278893461538,0.844736850575,0.361077768511
596,0.88019640634,0.266000793652,0.857894744724,0.340846574338
597,0.888052379392,0.256153989599,0.826315798258,0.375038032258
598,0.880523738124,0.261621854824,0.852631587339,0.30986839194
599,0.877250415677,0.263754355637,0.834210535413,0.362274038431
600,0.874959090191,0.265776173798,0.834210535021,0.364701620989
601,0.881178402667,0.264142171986,0.823684220643,0.384603434984
602,0.889034376109,0.254438559255,0.850000008156,0.372448156073
603,0.879541741504,0.266904326447,0.865789481684,0.342385869326
604,0.877905080586,0.275928150704,0.847368429366,0.33093064668
605,0.873977093669,0.280640127773,0.86842105969,0.300655185833
606,0.876268419228,0.274016082506,0.850000007372,0.341339205021
607,0.866775784891,0.295474812038,0.826315799434,0.385063528524
608,0.871031103445,0.276235087087,0.876315796846,0.316333290747
609,0.888052379197,0.260402368941,0.821052641461,0.363172690678
610,0.876923083869,0.270604753092,0.855263165345,0.366713029823
611,0.888379711225,0.252768211955,0.860526324103,0.320385650802
612,0.87954174126,0.269206357193,0.847368428974,0.367538252466
613,0.869721774725,0.277286948394,0.847368429366,0.34513668874
614,0.872667764486,0.284761918965,0.85789474492,0.330108254786
615,0.875941086859,0.273330534537,0.865789481292,0.294745560527
616,0.872667764949,0.272980530266,0.847368429366,0.322778758936
617,0.871358435644,0.282559383376,0.85789474492,0.385286596481
618,0.875613754734,0.280547027668,0.857894744136,0.316228994364
619,0.877905080196,0.261299291863,0.82894737744,0.400893372986
620,0.878232412711,0.270917703695,0.85526316613,0.368175525931
621,0.879869073751,0.268754501396,0.8368421144,0.336399245002
622,0.877250415896,0.275448417249,0.863157902109,0.309249923503
623,0.873977093572,0.28020268185,0.855263166522,0.325972957261
624,0.881505734645,0.262508080371,0.850000008549,0.331967886415
625,0.879214409086,0.26276856629,0.871052638088,0.357514279931
626,0.881505734621,0.276756545515,0.85789474492,0.323036200159
627,0.880851070346,0.270150212313,0.850000008941,0.352813993838
628,0.882815063683,0.276794714472,0.847368429758,0.323911785626
629,0.881178402545,0.275963067178,0.871052638481,0.300448684935
630,0.881505734889,0.267070641078,0.850000008156,0.356363314504
631,0.874304425794,0.272774515094,0.8657894809,0.326075684733
632,0.868085113612,0.279087528443,0.884210532825,0.286608255843
633,0.877577748168,0.264321304631,0.881578954427,0.303231543304
634,0.872340432458,0.291360370882,0.847368429758,0.332641483897
635,0.881505734792,0.266256855358,0.847368429366,0.361294021882
636,0.872667764778,0.275806838055,0.821052641853,0.358655663219
637,0.865793788297,0.292980075593,0.881578954427,0.334027311216
638,0.878559744739,0.277489698128,0.847368429366,0.303497267066
639,0.876268419472,0.254446329081,0.834210535805,0.363657573312
640,0.888707044057,0.251455710103,0.823684219467,0.408021145102
641,0.872340432483,0.285385776906,0.836842114204,0.395763902337
642,0.874304425746,0.263332765935,0.839473693387,0.365234596532
643,0.873649761373,0.266142923144,0.878947375636,0.290503913163
644,0.878887077034,0.271453972911,0.831578957407,0.392258167745
645,0.880523738319,0.26281647787,0.847368429366,0.342299526802
646,0.878232412565,0.27112864973,0.834210536198,0.342252225468
647,0.889361708381,0.255158938126,0.873684218055,0.317806850448
648,0.890998369543,0.246891147727,0.85526316613,0.324018076148
649,0.878559744982,0.272506354111,0.865789481292,0.299917262666
650,0.886088386105,0.257848707291,0.873684218055,0.29532663958
651,0.872340432604,0.276158201017,0.855263166522,0.291660442189
652,0.87528642278,0.270012118363,0.842105271785,0.36553745911
653,0.88805237949,0.26071049726,0.857894745312,0.320339530258
654,0.888052379587,0.257515711243,0.85789474492,0.32307846158
655,0.878232412638,0.270788351492,0.82894737744,0.360890714966
656,0.876595751573,0.279927550178,0.85526316613,0.340550991823
657,0.883797060643,0.26372452818,0.813157905481,0.381307276281
658,0.875286422633,0.269698724105,0.839473693779,0.381025985104
659,0.880851070298,0.263764743893,0.82631579865,0.385672704157
660,0.871031103811,0.277435547498,0.84473685136,0.329895181802
661,0.878887077108,0.267293729258,0.857894745312,0.334756598961
662,0.870376439268,0.279417560664,0.800000011137,0.384996596908
663,0.882815063853,0.258367453456,0.836842114204,0.416237050606
664,0.876923083844,0.273007067858,0.834210535021,0.359715170138
665,0.888379711761,0.24741775541,0.834210535021,0.380216424396
666,0.875613754539,0.271977881788,0.828947377832,0.374969660962
667,0.882160399335,0.264743894314,0.839473693779,0.430090292945
668,0.886088385959,0.263804815402,0.844736850968,0.325832563869
669,0.88183306721,0.265914835935,0.815789484664,0.415142231449
670,0.880851070395,0.264124673594,0.85526316613,0.311308365802
671,0.884779057141,0.25799041533,0.85526316613,0.336698068575
672,0.878232412687,0.263879682421,0.860526323711,0.358295661397
673,0.881833066844,0.256708118142,0.842105271785,0.386497925268
674,0.875286422755,0.275890236385,0.850000008549,0.311699815696
675,0.885106389315,0.251139634996,0.865789481292,0.33202990286
676,0.874959090435,0.269365162804,0.844736850968,0.357553354538
677,0.866775784843,0.287111132936,0.852631586555,0.331621376154
678,0.87397709384,0.27647262021,0.860526323711,0.318588066454
679,0.879214409379,0.269585129148,0.828947376656,0.399066674137
680,0.875613755027,0.264037805007,0.839473692994,0.348162636896
681,0.881505734816,0.266778758177,0.871052639265,0.332952173574
682,0.888052379539,0.268066534469,0.847368429758,0.30972262293
683,0.885106389559,0.256330424621,0.873684218055,0.353284480798
684,0.884779057214,0.264790944568,0.852631586555,0.338670639909
685,0.879869073581,0.260157716477,0.831578956623,0.381453151447
686,0.875286422706,0.275474473083,0.847368429366,0.384834949543
687,0.889034376061,0.264023449679,0.831578956623,0.368132426134
688,0.888052379295,0.244305372404,0.878947375244,0.28362118064
689,0.894599023822,0.240984997182,0.844736850968,0.371993959174
690,0.883469728274,0.272936445618,0.813157903913,0.38089912908
691,0.886415718401,0.260391984327,0.839473692994,0.380337129022
692,0.875941087006,0.280340973859,0.84736843015,0.311916627456
693,0.888052379417,0.260107450417,0.839473693387,0.376796182478
694,0.862193133237,0.295616067138,0.863157902893,0.362349744139
695,0.87921440933,0.269225203351,0.868421060474,0.28409310021
696,0.882160399457,0.26311395952,0.834210535805,0.372024805052
697,0.879214409306,0.264923545023,0.815789483488,0.391568216152
698,0.880523738343,0.266443293269,0.831578956623,0.383979751618
699,0.884124392598,0.268368423919,0.863157902893,0.338431623783
700,0.877577748363,0.267785285994,0.863157902893,0.310235307576
701,0.882487731557,0.255737562246,0.821052641853,0.388720848408
702,0.878559744982,0.269578293766,0.836842114204,0.35051830053
703,0.888379711518,0.262515946026,0.842105271785,0.337915250431
704,0.881178402545,0.262621490125,0.828947378617,0.381536822254
705,0.880196406194,0.262057702228,0.857894745312,0.332529503962
706,0.885106389242,0.267559018477,0.821052641069,0.36891252322
707,0.867103116992,0.287931897042,0.831578956623,0.334580376821
708,0.87855974469,0.267973589118,0.865789481684,0.308724672622
709,0.865139123485,0.282747788931,0.821052640873,0.356407674415
710,0.879541741651,0.265686631997,0.800000011921,0.37723419281
711,0.876923083601,0.284191829527,0.868421060474,0.313425909281
712,0.884779057263,0.259204114937,0.844736850575,0.365541025598
713,0.886415718352,0.25137643051,0.836842114008,0.321313149492
714,0.880851070468,0.260124571708,0.82631579865,0.364882547408
715,0.889361708259,0.256584317727,0.831578955839,0.384602681593
716,0.887070382578,0.256725342662,0.847368429562,0.37484015472
717,0.893944359377,0.252400426327,0.831578956427,0.364102286985
718,0.882160398945,0.255379232137,0.86842105969,0.370677885054
719,0.888052379539,0.247221234663,0.860526324103,0.467913390456
720,0.883797060473,0.262001124307,0.836842114988,0.370120572122
721,0.872013100479,0.273632009634,0.850000008941,0.360014847945
722,0.88477905736,0.264208887493,0.85789474492,0.348595259552
723,0.880851070249,0.26737360153,0.836842114596,0.357310589997
724,0.880851070541,0.262280950783,0.842105272177,0.352383818159
725,0.879869073629,0.251169628133,0.881578954427,0.318443426182
726,0.871031103714,0.272709321165,0.813157903717,0.396970182584
727,0.874631758188,0.285617882055,0.839473693779,0.363608316295
728,0.886415718474,0.268264415331,0.871052638873,0.351023718077
729,0.886743050428,0.254512930875,0.839473692994,0.361571805417
730,0.879541741651,0.268407597169,0.821052641461,0.355699948734
731,0.875286422731,0.273115465459,0.836842114596,0.414126076386
732,0.879869073776,0.253569915904,0.889473690798,0.30334754529
733,0.871358435888,0.273711362937,0.823684220251,0.398380538596
734,0.885106389266,0.263636459482,0.842105272177,0.405544721002
735,0.884124392452,0.263984518767,0.863157902893,0.339470765655
736,0.879541741504,0.274244198483,0.823684219859,0.363605578497
737,0.878232412516,0.266457997823,0.842105272569,0.342708462172
738,0.874631758139,0.273934623385,0.842105272177,0.408606110239
739,0.881833067161,0.249394617763,0.855263165737,0.297596981118
740,0.891325701571,0.239985953971,0.844736850968,0.362214504205
741,0.88019640595,0.274500248766,0.860526324103,0.313479554496
742,0.881505734719,0.266715669375,0.84736843015,0.368893994797
743,0.885106388998,0.260751715662,0.82894737744,0.442823674959
744,0.882487731728,0.257234804181,0.823684219859,0.451610268017
745,0.882487731533,0.268029124518,0.826315799042,0.343147827447
746,0.876595751695,0.269361890747,0.828947378617,0.349122570454
747,0.89525368839,0.251151906482,0.836842114988,0.397922598064
748,0.88117840252,0.257733106845,0.802631588751,0.416778184302
749,0.886088385885,0.264359655066,0.781578959211,0.368828725486
750,0.884124392866,0.261097776572,0.85526316613,0.337885679794
751,0.889361708283,0.250836562483,0.842105272177,0.340921579174
752,0.890343705146,0.25804582701,0.873684217663,0.413696331487
753,0.886088386154,0.255364497871,0.826315799042,0.365875344621
754,0.886088386032,0.260325915374,0.821052641853,0.386673995931
755,0.887070382627,0.238759416652,0.836842113812,0.382709284883
756,0.880523738441,0.261504195354,0.815789483095,0.398916700585
757,0.877250415896,0.286965161919,0.839473693387,0.400122858204
758,0.881505734694,0.262127902555,0.857894744528,0.348577332683
759,0.873649761325,0.276264838533,0.871052639265,0.29605042218
760,0.882160399286,0.266398341514,0.815789484272,0.368837583553
761,0.889034376182,0.247240483137,0.852631587143,0.352449587699
762,0.891325701815,0.251183552454,0.85526316613,0.362908198049
763,0.889689040652,0.258189315775,0.813157904893,0.432210844577
764,0.895253688536,0.23426084481,0.836842114988,0.349302709907
765,0.883797060546,0.259020788463,0.878947375244,0.340896392301
766,0.885761053833,0.254153583325,0.826315799434,0.462080734194
767,0.878559744836,0.263842347217,0.821052642245,0.413221981327
768,0.889689040384,0.246276325016,0.821052641853,0.410180704846
769,0.883469728152,0.265410154588,0.85526316613,0.378931744839
770,0.873322429321,0.277634974653,0.834210534629,0.371513918499
771,0.881505734841,0.260339247207,0.847368428778,0.320977846773
772,0.888379711444,0.255112509402,0.834210535021,0.375246737875
773,0.881833067234,0.270317088592,0.850000007764,0.383563140076
774,0.879869073703,0.272627670946,0.807894746332,0.362438525993
775,0.880851070249,0.271520269284,0.873684217663,0.299279433718
776,0.873322429053,0.276030546886,0.82894737744,0.379554265611
777,0.877250415726,0.257945304049,0.847368428974,0.309486843633
778,0.873977093499,0.278856394768,0.834210536198,0.397942272867
779,0.875613754637,0.280467448918,0.865789481684,0.299272515247
780,0.881178402569,0.269006321289,0.873684218055,0.365031071767
781,0.882815063975,0.26524315891,0.852631586947,0.387579703403
782,0.886415718132,0.254920900284,0.865789480507,0.313487568844
783,0.881505734914,0.263291819977,0.855263165345,0.338013433974
784,0.888707043984,0.250096177764,0.847368429366,0.376116705777
785,0.891980366114,0.246821322604,0.802631589535,0.401685538015
786,0.883469728128,0.256379734642,0.876315796846,0.312029682026
787,0.887397715093,0.243354662229,0.821052641853,0.41707492768
788,0.88019640612,0.265212919687,0.852631586947,0.395162188442
789,0.886415718279,0.250881616945,0.831578957407,0.374505289512
790,0.883469728445,0.265061101532,0.834210535413,0.384803883719
791,0.882160399383,0.261613452998,0.860526322926,0.311075371837
792,0.885761054004,0.247601678391,0.831578957015,0.378657091188
793,0.890671037247,0.243716879847,0.871052638873,0.308194295808
794,0.875941086859,0.271806985343,0.82631579865,0.387383068314
795,0.883797060448,0.266161305937,0.855263165345,0.324252732931
796,0.896235685253,0.241050805062,0.836842113616,0.404315373027
797,0.888379711542,0.253864487392,0.815789484664,0.389741178185
798,0.895908352786,0.229757249637,0.85000000796,0.354986339241
799,0.893944359182,0.25266665957,0.842105272569,0.304413396565
800,0.8880523791,0.248768820786,0.826315799434,0.370340014728
801,0.889034376109,0.253998757989,0.842105270805,0.378488767855
802,0.889689040457,0.247094045415,0.871052639265,0.306193317924
803,0.887397715191,0.247000691494,0.842105272569,0.38813755812
804,0.884124392915,0.265506431819,0.855263166522,0.385639332995
805,0.877577748217,0.265703076421,0.873684218055,0.302989158069
806,0.879214409257,0.264452755657,0.836842114596,0.359588822816
807,0.878559745129,0.272874053052,0.805263167933,0.408455018584
808,0.891325701498,0.249385193513,0.831578957015,0.3952687743
809,0.892962362636,0.255167578808,0.857894745312,0.326553008801
810,0.888052379392,0.249451207036,0.855263166522,0.37693476351
811,0.89427169138,0.238761060179,0.850000008549,0.351323494038
812,0.890998369348,0.252393788356,0.860526323711,0.354446392267
813,0.892307698385,0.253830585034,0.823684220251,0.353231570071
814,0.878559744568,0.268484671899,0.89736842717,0.283228385323
815,0.88936170843,0.249442071742,0.839473693387,0.390809207576
816,0.878559745031,0.256715422832,0.826315799042,0.365007086228
817,0.878559744836,0.269079164635,0.85789474492,0.385934309813
818,0.881505735036,0.263240399133,0.860526323711,0.361649348707
819,0.895581020271,0.242485142662,0.857894745312,0.343437300149
820,0.88445172465,0.261959584918,0.847368429758,0.37066628715
821,0.886415718206,0.243989527617,0.834210535805,0.405865439679
822,0.87692308382,0.275587178229,0.863157901717,0.356625257195
823,0.886415718132,0.266343506408,0.871052639265,0.314843644351
824,0.887397714898,0.250052419738,0.863157902893,0.322880292114
825,0.893289694931,0.240731853051,0.863157902109,0.309746267519
826,0.878887076693,0.276195204088,0.860526323711,0.33048980283
827,0.890671037052,0.252283593719,0.85789474492,0.296536004894
828,0.890343704976,0.254599405605,0.865789481292,0.301958360611
829,0.888707043911,0.272538349338,0.850000008941,0.321030649418
830,0.893944359304,0.249939815528,0.855263166522,0.362105541424
831,0.880523738075,0.254559669702,0.852631586947,0.30388098987
832,0.880196405803,0.262121900524,0.834210536198,0.383885799244
833,0.889034376109,0.248032300849,0.860526324103,0.351151037428
834,0.87626841918,0.27639050046,0.860526323318,0.31773309339
835,0.880851070493,0.253239345817,0.860526323318,0.326133397506
836,0.882160399286,0.254970952615,0.836842114988,0.36414792551
837,0.87692308382,0.284300457976,0.857894744528,0.344957325411
838,0.880523738319,0.264754926481,0.84473685136,0.351052782468
839,0.88936170843,0.236873575421,0.850000008156,0.371280468332
840,0.89525368839,0.242799804837,0.836842114596,0.431287822442
841,0.870376439171,0.272373198544,0.847368429366,0.324227539804
842,0.886415718181,0.246400569035,0.826315799434,0.409145864511
843,0.884451724918,0.254898189082,0.818421062866,0.385282938654
844,0.892307698483,0.247560504077,0.860526324103,0.376776985573
845,0.885761053785,0.256229983252,0.826315799042,0.391956730311
846,0.885761053663,0.260290534851,0.873684217663,0.313551234958
847,0.892307698483,0.241166589359,0.84473685136,0.326463155816
848,0.894926355874,0.239561692871,0.831578957407,0.382505397753
849,0.890343705098,0.249701214767,0.818421062278,0.388971570738
850,0.890343704854,0.249312741363,0.823684220643,0.370115556944
851,0.880851070737,0.256102369789,0.865789481684,0.32171543187
852,0.884451724918,0.251823285662,0.865789481292,0.394481749807
853,0.886415718279,0.248866191355,0.860526324103,0.320572965754
854,0.897545014095,0.242946456156,0.852631585771,0.359286273266
855,0.884451724796,0.263550026176,0.839473692798,0.358301364284
856,0.882487731899,0.252081812997,0.818421063455,0.438248431665
857,0.890016372753,0.253723387812,0.868421060082,0.34176511312
858,0.887725047414,0.255133709619,0.855263165737,0.328904153032
859,0.881178402569,0.252132151943,0.8657894809,0.325794935061
860,0.879869073922,0.261757701132,0.850000008549,0.322279333505
861,0.886743050502,0.250828450604,0.823684219271,0.393997631612
862,0.87855974486,0.266185737571,0.834210535413,0.325292982382
863,0.892307698434,0.247126068776,0.860526324103,0.354520537664
864,0.893617027447,0.249889424662,0.831578956231,0.393106180721
865,0.890998369446,0.245514111535,0.810526325907,0.378206862158
866,0.885433721245,0.252545376038,0.863157901717,0.310792041642
867,0.883797060448,0.260132889392,0.810526325514,0.370820181738
868,0.901145668155,0.230538103874,0.850000008549,0.370677843341
869,0.877577748168,0.261300371996,0.863157902501,0.321003232759
870,0.893617027032,0.241185859817,0.855263166522,0.308200524042
871,0.890998369543,0.243760990143,0.842105272569,0.346016745702
872,0.892962362879,0.241354960281,0.852631587339,0.324454455352
873,0.887725047072,0.244202025984,0.821052641461,0.41233509264
874,0.883797060546,0.257794745117,0.850000008549,0.403411681562
875,0.89230769841,0.235700297211,0.860526323711,0.339051488716
876,0.882487731753,0.257471806543,0.842105272177,0.354191553182
877,0.874959090435,0.274135419629,0.850000008549,0.354184291865
878,0.883142395978,0.262647873198,0.823684220643,0.52116175529
879,0.893944359401,0.249048167699,0.836842114204,0.391567012407
880,0.885433721806,0.255317573203,0.842105272569,0.35236925019
881,0.891980366041,0.239826373301,0.839473693779,0.355978689843
882,0.88216039953,0.263709265249,0.84473685136,0.364665150544
883,0.890671037345,0.244981505932,0.839473692994,0.368441567821
884,0.890343705,0.243418675357,0.860526323711,0.311436981697
885,0.889034376109,0.250039121523,0.836842114596,0.339487863204
886,0.888379711761,0.249425779144,0.826315799042,0.362416661449
887,0.90049100388,0.244962879582,0.881578954427,0.337581918547
888,0.898854342888,0.224508368142,0.847368428582,0.382669006113
889,0.898199678199,0.232454859344,0.836842114988,0.427414281208
890,0.887070382432,0.257409701248,0.863157901717,0.292389173257
891,0.89198036626,0.243487626211,0.818421063062,0.41423351279
892,0.884124392671,0.262561603455,0.86052632273,0.339815481758
893,0.889034376182,0.256945765492,0.842105271785,0.338614683231
894,0.86743044902,0.282747737083,0.839473692994,0.363177825488
895,0.900163671779,0.237054875338,0.873684217663,0.374307183702
896,0.889361708478,0.259267958055,0.868421060474,0.319806576235
897,0.896563017427,0.236347853467,0.836842114596,0.515801873576
898,0.890343705025,0.25528734111,0.821052641853,0.364890899754
899,0.883469728323,0.267760514448,0.871052639265,0.31103965915
900,0.885106389315,0.260069194594,0.836842114204,0.40846315715
901,0.890343704951,0.242121254704,0.85526316613,0.432774372618
902,0.888707043887,0.251080764845,0.868421060082,0.291278279558
903,0.892962362684,0.25003588823,0.834210534433,0.33423391017
904,0.89787234622,0.244551907021,0.847368429758,0.349400037777
905,0.880196405852,0.262390776672,0.847368429758,0.368777464463
906,0.889689040652,0.254497661171,0.868421060082,0.336168265344
907,0.880851070273,0.269337212111,0.842105272177,0.361585315488
908,0.88674305038,0.254809538534,0.852631587731,0.374037364951
909,0.8837970604,0.262393107446,0.876315796454,0.313323854567
910,0.879869073971,0.258196985061,0.821052642245,0.396752921288
911,0.888052379368,0.26125341916,0.836842114596,0.320112199656
912,0.892962362928,0.244791511635,0.857894744136,0.308143553937
913,0.890016372777,0.240741457615,0.831578957015,0.355636066677
914,0.888707043887,0.245941877546,0.834210535413,0.351657473314
915,0.9008183362,0.241438763312,0.842105272177,0.382894654758
916,0.895253688438,0.240723023203,0.878947374852,0.289267247909
917,0.894271691624,0.241709705012,0.834210536198,0.387656442558
918,0.892307698239,0.234578859168,0.84736843015,0.322244051102
919,0.896890349454,0.234895497196,0.826315799042,0.406076052655
920,0.88936170821,0.255302690798,0.826315799042,0.434788202309
921,0.877250416018,0.269666033847,0.852631587339,0.41014076599
922,0.889361708283,0.24861340732,0.857894745312,0.345633811241
923,0.891325701571,0.247117127002,0.839473693779,0.382956405158
924,0.883797060375,0.251676586345,0.85789474492,0.349284599673
925,0.893617027179,0.23716068173,0.810526325907,0.380876365547
926,0.88445172504,0.258075029172,0.852631586555,0.301257709813
927,0.875613754661,0.277677264812,0.852631586947,0.378624764296
928,0.896235685131,0.249495490232,0.852631587339,0.3616028083
929,0.892635030388,0.249432984978,0.860526324103,0.39317741631
930,0.892307698215,0.245929069474,0.826315799826,0.388075806732
931,0.885106389534,0.254904694805,0.84473685136,0.391122407666
932,0.885106389193,0.249904193513,0.82894737744,0.399391849233
933,0.89590835303,0.243018275208,0.813157904305,0.396474517294
934,0.894599023993,0.245682463785,0.831578955054,0.328722427697
935,0.888379711518,0.256204334311,0.831578956623,0.351136276624
936,0.894926356216,0.244987516692,0.82631579865,0.315846084252
937,0.890671036979,0.252874508111,0.852631587731,0.376980167826
938,0.888379711591,0.247704984953,0.847368428974,0.370891096536
939,0.900818336371,0.23190599134,0.842105272569,0.358468913754
940,0.893617027179,0.243699814742,0.863157902501,0.358056741974
941,0.894599023847,0.248985236499,0.847368428974,0.345278398851
942,0.892962362733,0.24055787585,0.839473693779,0.416075110604
943,0.889689040286,0.255389343845,0.826315799826,0.449277295302
944,0.886088386178,0.250111771789,0.836842114596,0.40199710077
945,0.89165303394,0.257581244422,0.836842114988,0.437788148313
946,0.885433721659,0.257490076277,0.836842114204,0.325638371814
947,0.898527010666,0.238229324273,0.821052641853,0.446246793193
948,0.895253688341,0.245039999584,0.863157902501,0.313436420236
949,0.88510638929,0.25454137477,0.85789474492,0.312543997958
950,0.888379711713,0.244655913079,0.823684220643,0.376144521245
951,0.896563017085,0.236564080964,0.82894737744,0.382954364523
952,0.897872346269,0.239116984251,0.857894745312,0.328709942071
953,0.892962363075,0.237469411776,0.850000008156,0.357421263452
954,0.901473000768,0.233966677432,0.823684220643,0.357394069723
955,0.896235685253,0.230678484352,0.852631587339,0.448387079198
956,0.885761053907,0.257065163979,0.868421060082,0.354773249967
957,0.88052373827,0.272440345552,0.828947378224,0.409504495342
958,0.886088385959,0.247486107057,0.878947375244,0.285934273144
959,0.884124392598,0.264301025144,0.847368429758,0.339316380333
960,0.894926356118,0.244531150121,0.815789482899,0.404596093785
961,0.894599023944,0.246558236966,0.863157902501,0.323420173047
962,0.90147300067,0.235637730966,0.826315799826,0.387875718671
963,0.897545014095,0.235582639623,0.852631587731,0.338111018805
964,0.904091658549,0.223047784369,0.810526326691,0.389915950231
965,0.88412439272,0.252837499749,0.7868421164,0.501636859832
966,0.891980366065,0.246133612175,0.850000008941,0.41318259432
967,0.89230769819,0.24568471232,0.826315799434,0.366802307785
968,0.900491004124,0.235367390728,0.863157902501,0.352282471558
969,0.891980366114,0.256739632961,0.834210535805,0.37843968941
970,0.888707043887,0.251454569608,0.865789481292,0.369826973321
971,0.887397714703,0.245351577162,0.831578956231,0.345744362058
972,0.889689040457,0.248035448953,0.828947377636,0.345722799643
973,0.88739771502,0.256344063781,0.828947377832,0.347564639854
974,0.887070382749,0.254227695597,0.828947377832,0.401048584241
975,0.883469728152,0.261640037827,0.821052641069,0.358115439683
976,0.885106389217,0.25253663198,0.876315796454,0.29154346671
977,0.885106389193,0.249738204277,0.871052638873,0.291817538214
978,0.885106389388,0.271590940771,0.83947369221,0.423388065812
979,0.880851070298,0.27037992889,0.826315798454,0.377640220055
980,0.8942716916,0.244271357533,0.821052641853,0.420360133873
981,0.893289694931,0.256985310147,0.865789481684,0.327703451107
982,0.902782329512,0.235649247047,0.81842106267,0.378055983529
983,0.888379711591,0.253039117229,0.826315799042,0.400564948103
984,0.899181675209,0.227026100076,0.826315798258,0.387377276646
985,0.897872346171,0.236885838052,0.850000008941,0.387933066135
986,0.886088385715,0.242321335561,0.860526323318,0.319723715007
987,0.896890349454,0.236984578507,0.81578948388,0.410660911707
988,0.900163671804,0.234075387169,0.836842113812,0.396858882735
989,0.891653033989,0.243570213464,0.850000007764,0.378506183073
990,0.883142396003,0.25159213989,0.863157902501,0.356527608845
991,0.893944359596,0.246122015963,0.868421060082,0.316670197969
992,0.898199678443,0.230997194607,0.826315798846,0.377874969321
993,0.896890349333,0.230434678477,0.818421063062,0.495275344026
994,0.891325701351,0.246753493296,0.842105270805,0.433703913623
995,0.893289695127,0.247102435658,0.842105271785,0.346397536926
996,0.904418990553,0.221512021274,0.865789481684,0.370416837252
997,0.898854342791,0.238976882548,0.834210535805,0.426994043268
998,0.897872345976,0.226797538354,0.865789481096,0.424677812576
999,0.901145668496,0.231845653648,0.847368429758,0.362614917183
