epoch,acc,loss,val_acc,val_loss
0,0.742062204891,0.548436212669,0.747368431797,0.645059066776
1,0.740752875781,0.550773882138,0.757894748528,1.15722049633
2,0.744680862941,0.528121587529,0.684210541021,0.8302992154
3,0.766612122204,0.475384095989,0.744736854575,0.549546966084
4,0.774140763644,0.468691381429,0.802631590319,0.445632728846
5,0.775122760141,0.483852049321,0.778947381205,0.487307896004
6,0.769885444431,0.491047428887,0.750000012548,0.550738834727
7,0.780687408342,0.470008954901,0.776315800846,0.550670103415
8,0.779705412137,0.472970786686,0.807894746724,0.499254496217
9,0.799018013521,0.439706909661,0.768421063886,0.515362022101
10,0.808837980544,0.429949028654,0.765789485684,0.596293405274
11,0.805237325875,0.436200963044,0.789473696367,0.472800255851
12,0.807855983413,0.41854549449,0.800000011137,0.508334909615
13,0.805891989979,0.424083423549,0.786842117184,0.506006510487
14,0.791489371789,0.441870732257,0.776315799669,0.542309411201
15,0.801636671181,0.43091447627,0.815789482899,0.458650992325
16,0.789198046523,0.465020273128,0.757894749312,0.457944882617
17,0.81276596729,0.415988730523,0.821052642245,0.405431471961
18,0.804909993408,0.431298972313,0.747368433954,0.563790323507
19,0.801964003696,0.419014524848,0.728947382616,0.563010320656
20,0.810147308752,0.424659819978,0.781578959603,0.485730551477
21,0.801636671157,0.428312166449,0.781578959211,0.516199368493
22,0.815711957538,0.412194964465,0.818421063062,0.412265001502
23,0.806873986964,0.442341961512,0.807894746332,0.41802572383
24,0.801309338958,0.423430658182,0.742105275393,0.528728332714
25,0.814402628696,0.406503307554,0.784210538394,0.437123919788
26,0.812438634433,0.41452699611,0.805263167149,0.438066176016
27,0.814729960138,0.408780315316,0.834210535805,0.381104099956
28,0.805237325314,0.427024856627,0.76842106565,0.474623112131
29,0.825204591607,0.399411564108,0.77105264248,0.598793526082
30,0.807201319065,0.422914446592,0.760526327122,0.832280656481
31,0.817348618237,0.405684000881,0.776315800453,0.608942967215
32,0.808837979886,0.423084252983,0.80789474692,0.411000500384
33,0.809819976993,0.413651131334,0.778947379832,0.476882490918
34,0.800327342241,0.416249998751,0.789473695975,0.442634858534
35,0.81211130243,0.411483478562,0.789473695582,0.495989148088
36,0.817348618286,0.397807536548,0.742105275,0.545737982826
37,0.811129305835,0.404123310128,0.744736853987,0.646638794949
38,0.810801973832,0.412216799239,0.768421064866,0.626036585578
39,0.813420632052,0.406016966874,0.855263165149,0.39932586048
40,0.833060565391,0.363892489653,0.768421062709,0.470964097001
41,0.837315884335,0.38420450647,0.810526326103,0.446127154141
42,0.804582661429,0.452296865095,0.810526325907,0.418669624034
43,0.812765966997,0.395922133583,0.821052641265,0.476004073813
44,0.819639943796,0.40044021709,0.805263168326,0.450531801405
45,0.831423904253,0.380158025543,0.815789483095,0.435677889735
46,0.806546654619,0.422143699985,0.834210534237,0.400504521293
47,0.817021286258,0.392316713831,0.750000011764,0.636618744435
48,0.830114575386,0.379918044564,0.813157905481,0.418272932311
49,0.826186588519,0.375858429382,0.792105273785,0.429837759731
50,0.830769239783,0.386892161719,0.836842113027,0.434594088197
51,0.813093299244,0.418844986361,0.76842106369,0.55762005514
52,0.807528651556,0.414000343563,0.802631588751,0.413156855233
53,0.833060565098,0.374816427319,0.778947379244,0.467793690335
54,0.814402627794,0.409436658877,0.81578948388,0.388349391448
55,0.828805246471,0.385659866553,0.802631589143,0.448581891576
56,0.812111302454,0.426827963301,0.844736850771,0.389579729079
57,0.820621940806,0.383799474334,0.810526326691,0.507813103488
58,0.811456637887,0.410807950008,0.77105264248,0.545237886578
59,0.815384624852,0.42438196092,0.813157904501,0.530985749952
60,0.829787243115,0.382289958298,0.794736853556,0.474166238877
61,0.829459910648,0.388781137277,0.73157896023,0.623661133657
62,0.821276605349,0.406081006469,0.850000008549,0.317801142258
63,0.820621940635,0.394739784329,0.794736853163,0.379866046852
64,0.821276605519,0.389192105564,0.784210538394,0.460781561428
65,0.824549927478,0.390115759837,0.807894747508,0.51321546915
66,0.814402628647,0.401613337908,0.82894737744,0.429353455474
67,0.827495917385,0.394626058839,0.834210535413,0.386539383056
68,0.82520459168,0.388053721533,0.857894745312,0.390192914962
69,0.843207864393,0.348242820517,0.792105274765,0.488821634042
70,0.822913266121,0.394264560309,0.789473694406,0.445794484186
71,0.830114574972,0.382269806536,0.765789485291,0.526754399553
72,0.829787242895,0.375905213878,0.805263167933,0.459709797055
73,0.826186588324,0.385668019801,0.821052642245,0.404347395518
74,0.817021286039,0.397693501071,0.789473695582,0.528188718029
75,0.82160393745,0.390746283356,0.813157904697,0.431407313916
76,0.83044190756,0.373625904166,0.78684211738,0.453052355087
77,0.818985279278,0.406719201391,0.82894737744,0.400317424219
78,0.816693953841,0.401051687654,0.794736853163,0.497134441976
79,0.827495917141,0.386721227176,0.823684220643,0.394525372154
80,0.837643216436,0.353126561431,0.828947378617,0.37702746106
81,0.811129305884,0.428066151659,0.821052641265,0.411033225858
82,0.830769239832,0.364091655137,0.776315801238,0.573174914903
83,0.822258602334,0.396499801368,0.802631588751,0.446707854476
84,0.830114575533,0.392028262737,0.813157904697,0.416853169518
85,0.832405901092,0.378972799627,0.839473693779,0.338002763836
86,0.826841253159,0.379173652548,0.802631589927,0.465351783294
87,0.833715229544,0.390109591832,0.821052641461,0.403344134506
88,0.840261874315,0.354564963707,0.842105271393,0.32687224585
89,0.843207864197,0.369950151617,0.807894747312,0.53455455464
90,0.83666121967,0.386338407444,0.828947377832,0.426901934717
91,0.832405900555,0.372260782891,0.805263168718,0.46832495717
92,0.822913266292,0.40121514332,0.778947380813,0.518501650591
93,0.827823249242,0.387861009324,0.81842106267,0.380394561314
94,0.832078568772,0.39059589748,0.815789483488,0.368474426018
95,0.829787242774,0.386442361767,0.789473694798,0.445090249095
96,0.845499190049,0.345479067695,0.805263168718,0.451328163372
97,0.83502455863,0.376721191249,0.778947381205,0.507507746886
98,0.833715229714,0.360311588934,0.84473685136,0.342662890564
99,0.830769239466,0.38710467538,0.826315799434,0.358025146991
100,0.833715230007,0.376590942347,0.847368429366,0.378470633436
101,0.827495917044,0.379740936602,0.823684220055,0.431353779638
102,0.835024558849,0.377952761736,0.834210535413,0.421723944809
103,0.83436989455,0.370111254155,0.778947380028,0.450323386755
104,0.829459910551,0.370925512323,0.784210538394,0.440138868292
105,0.832078568333,0.360056321229,0.805263168718,0.442270871901
106,0.836333887716,0.367265812931,0.802631588555,0.393817573982
107,0.817348618627,0.410646710239,0.85526316613,0.358841314311
108,0.817021285966,0.411872463966,0.802631589535,0.49726701083
109,0.836661219768,0.352924265279,0.781578959603,0.540530610658
110,0.819312611427,0.401299487053,0.794736852771,0.396214703122
111,0.831096571908,0.372394203833,0.826315799042,0.419293605183
112,0.831751236354,0.387567755509,0.794736852771,0.446211192708
113,0.833060564879,0.376886887147,0.850000008549,0.335380109958
114,0.836661219865,0.360463861582,0.831578956231,0.430589429348
115,0.830769239734,0.38388669351,0.794736852771,0.434114695772
116,0.841898535551,0.348575984706,0.813157904109,0.398546442402
117,0.837643216485,0.361049391794,0.823684221036,0.388988170393
118,0.837315884457,0.364864640569,0.823684220251,0.383830549024
119,0.84549919,0.342008898532,0.821052641853,0.426610829266
120,0.84255319985,0.364710803117,0.839473692994,0.359490622154
121,0.828805246422,0.380725502652,0.815789483684,0.423432573848
122,0.840916538858,0.375229016991,0.821052641853,0.401208632626
123,0.831423903887,0.378587446008,0.821052640676,0.37137895204
124,0.836006555444,0.364703172747,0.855263166522,0.339248398858
125,0.821603937547,0.377256537673,0.850000008941,0.316344945728
126,0.845499190195,0.354164247019,0.828947378224,0.395214398434
127,0.840589206782,0.361256336917,0.802631588751,0.433891598037
128,0.820294608412,0.392294459937,0.831578957015,0.384121579204
129,0.839934541775,0.37723492249,0.784210538001,0.500813363904
130,0.82716858526,0.380052866271,0.85526316613,0.382958924778
131,0.838297881076,0.363645080128,0.852631587731,0.375995970901
132,0.832733233144,0.373625190614,0.794736852771,0.44112769703
133,0.837315884115,0.36248215653,0.800000011137,0.576958758352
134,0.835679223051,0.386596401605,0.84736842917,0.357343184639
135,0.842225867529,0.35460470949,0.815789483488,0.380130019456
136,0.825859256369,0.398019882515,0.842105272569,0.390349187864
137,0.835351891169,0.357508868662,0.842105272177,0.426292146544
138,0.829132578718,0.385114561158,0.828947377636,0.351937697808
139,0.831751236232,0.369335686594,0.831578957015,0.41535895058
140,0.83797054878,0.347445443246,0.815789483488,0.367276360661
141,0.834369894062,0.3756391245,0.773684223232,0.497777702924
142,0.837315884433,0.369828693483,0.823684221036,0.448988249508
143,0.843207864344,0.349268543968,0.813157904697,0.47855944335
144,0.836988552185,0.370391027897,0.839473693387,0.339079877925
145,0.841571203108,0.369318158784,0.781578959211,0.507308975842
146,0.841898535307,0.378583244288,0.834210534629,0.355909684115
147,0.83698855182,0.367548347381,0.805263167933,0.418622339414
148,0.837315883847,0.353722698635,0.828947378224,0.416113729809
149,0.841571203206,0.375019410193,0.805263166953,0.450647398964
150,0.829459910624,0.35566747342,0.813157903913,0.388760380815
151,0.831751236402,0.362924661357,0.815789484272,0.493297684129
152,0.846808518842,0.343399709557,0.771052642088,0.495982932956
153,0.839934542336,0.378330716168,0.836842114988,0.340683928985
154,0.841243870812,0.359266051855,0.813157904697,0.469445022448
155,0.840261874339,0.359847681271,0.800000011529,0.474494962158
156,0.853027831294,0.341368175891,0.821052642245,0.43252240549
157,0.822585934191,0.389117041673,0.810526325907,0.44532201922
158,0.833060565123,0.368670898682,0.860526323711,0.321404189668
159,0.845826522126,0.343831688208,0.855263166522,0.403027092854
160,0.833060565318,0.364391485242,0.828947376852,0.394755193804
161,0.832078569015,0.360174708858,0.821052642245,0.400316056814
162,0.841898535721,0.355127667359,0.836842114988,0.402677748168
163,0.849099844572,0.345173128269,0.821052641853,0.456933315329
164,0.846808518818,0.346356255079,0.834210535805,0.387084605332
165,0.838625213372,0.363170649684,0.813157905089,0.445394802422
166,0.841898535404,0.363217693585,0.807894747508,0.405863113514
167,0.837315884408,0.357794397727,0.823684221036,0.389461049393
168,0.838297881174,0.355650504578,0.818421061886,0.389589814004
169,0.844844525506,0.364037642495,0.805263168718,0.430606539704
170,0.840916538346,0.365271242342,0.84473685136,0.388041005494
171,0.843207863978,0.364651866067,0.789473695582,0.473697465753
172,0.835679223246,0.362208662617,0.828947378224,0.396828215422
173,0.842225867822,0.377084985849,0.84736843015,0.381218339317
174,0.839607209943,0.370730834053,0.84736843015,0.369142693823
175,0.840589206635,0.364738930721,0.839473692602,0.359073035548
176,0.83076923971,0.374959057935,0.802631588359,0.430400907518
177,0.84484452536,0.347809144265,0.842105272177,0.33648700082
178,0.842880532024,0.352611537259,0.873684218055,0.302155990996
179,0.830114575167,0.368334279109,0.815789483488,0.460462127037
180,0.837643216704,0.363180312918,0.844736850968,0.394081160181
181,0.842553199874,0.35562650731,0.85789474492,0.348407454743
182,0.832405901141,0.369461119988,0.792105274373,0.494973937454
183,0.843535196762,0.36052485083,0.786842117968,0.475907034449
184,0.833387897662,0.359178529945,0.834210535021,0.381393709416
185,0.846808519062,0.336103201502,0.836842114204,0.352139352392
186,0.835679223563,0.357684643351,0.831578957015,0.458038542469
187,0.840916538492,0.338095111,0.771052644049,0.455112491734
188,0.83731588414,0.35649308668,0.844736850575,0.381144160723
189,0.844517193357,0.35344660333,0.744736853791,0.599642353304
190,0.84680851933,0.348040394045,0.823684220643,0.402756098443
191,0.834697226578,0.358133201647,0.80000000996,0.461336191823
192,0.849754509286,0.340280312097,0.84473685136,0.394680844375
193,0.847790515608,0.357577442281,0.784210537805,0.536682188152
194,0.847790515462,0.347870734855,0.810526325514,0.437088977402
195,0.849099844158,0.34196580688,0.865789481684,0.331095694711
196,0.842880532414,0.364202252047,0.800000011529,0.480687216739
197,0.851718502232,0.347069497025,0.821052641853,0.49290172752
198,0.848772512154,0.347892814439,0.828947377048,0.347215720878
199,0.854664492066,0.32948167666,0.760526327122,0.572682315998
200,0.849754508871,0.335949558873,0.844736850968,0.37052254369
201,0.836988552088,0.373383405845,0.847368429758,0.332911194486
202,0.851391170229,0.343855161471,0.836842114204,0.34739146438
203,0.851391170107,0.351735073952,0.77894738042,0.463143587063
204,0.844844525896,0.343426866388,0.839473693387,0.37792187905
205,0.838297880979,0.363067580321,0.84736843015,0.299032894478
206,0.845171857607,0.354427573784,0.831578956623,0.343042810104
207,0.833060565269,0.372470585244,0.844736850968,0.378878856568
208,0.851718502476,0.338508674058,0.847368428974,0.356673427384
209,0.8556464891,0.340032640951,0.850000008941,0.294055572159
210,0.852700498998,0.339555364189,0.81842106267,0.392633662522
211,0.856301153326,0.333514362325,0.863157901717,0.300600495379
212,0.839279877598,0.36740163531,0.844736849791,0.37800438647
213,0.842225867749,0.351047478313,0.878947375636,0.310172875412
214,0.850409173634,0.352309539169,0.823684221036,0.386450910065
215,0.84255320002,0.360102590909,0.813157904697,0.434789348155
216,0.852700499193,0.346491730726,0.84473685136,0.375247562623
217,0.842225867578,0.358980187788,0.847368429758,0.355282575088
218,0.842880531731,0.349308297916,0.823684220643,0.411089133471
219,0.853355163492,0.339836968749,0.868421060082,0.325619381987
220,0.850409173317,0.337844659442,0.831578956231,0.367232909224
221,0.842225867822,0.3586945473,0.85526316613,0.321100330593
222,0.850409173341,0.338374146003,0.842105272569,0.452820550497
223,0.838297881223,0.361628549051,0.797368432346,0.414590813979
224,0.854009827352,0.319593156709,0.828947378224,0.377079851907
225,0.845499189878,0.336755549588,0.831578956819,0.411287114955
226,0.849754508676,0.350719687972,0.844736850575,0.336798429232
227,0.844517193235,0.345351625296,0.8078947479,0.468999272372
228,0.839934542385,0.36258636538,0.839473692602,0.350449411002
229,0.847790515633,0.34458507211,0.834210535805,0.381952260145
230,0.854991824484,0.336860411108,0.813157905481,0.421054797106
231,0.851063837884,0.338584377859,0.842105272177,0.337647517077
232,0.842553199972,0.347266332921,0.807894747116,0.394829635361
233,0.850736505783,0.330759368962,0.805263168718,0.462462286516
234,0.835679223319,0.374810988945,0.786842116008,0.491600994603
235,0.839279877622,0.344196665464,0.844736850379,0.374912198094
236,0.845171857339,0.343244214811,0.831578957015,0.417639367074
237,0.841898535429,0.347917492161,0.794736852771,0.484998159055
238,0.840916538907,0.356539661443,0.831578957407,0.432921651475
239,0.845826522418,0.356061399243,0.786842114831,0.410351611453
240,0.860556472757,0.317520172078,0.815789484272,0.419370874138
241,0.853682495837,0.330969642702,0.81578948388,0.407750124724
242,0.828150581733,0.380305042296,0.852631587731,0.329516800127
243,0.848772512154,0.344788081436,0.844736850771,0.329710088719
244,0.855646488905,0.333364706689,0.839473693387,0.342386373254
245,0.852373166458,0.344600145964,0.873684217663,0.310527915031
246,0.844517193283,0.349770679251,0.823684219467,0.438167964963
247,0.856628485817,0.336653687216,0.839473692602,0.378606195745
248,0.855319156828,0.333450694162,0.85526316613,0.349811097583
249,0.849427176478,0.351571904094,0.863157902893,0.318033787152
250,0.85793781461,0.338750733297,0.850000008156,0.346363569095
251,0.839934542239,0.345198433812,0.802631588751,0.400999267108
252,0.841571203035,0.351366171253,0.847368428974,0.328330348123
253,0.856955817917,0.325171831823,0.810526325514,0.443698741716
254,0.847790515852,0.336820730918,0.80526316911,0.410556399582
255,0.852373166921,0.333822377211,0.778947380813,0.529919716456
256,0.842880532146,0.367368093711,0.836842114204,0.351858653496
257,0.8451718579,0.339500575155,0.755263169345,0.555298204053
258,0.835679222977,0.361451535843,0.818421062278,0.456537470068
259,0.84288053217,0.37566019348,0.868421060082,0.353738463447
260,0.855646489051,0.337370165834,0.800000011137,0.544082869883
261,0.851718502232,0.334330778969,0.83684211342,0.356728276207
262,0.837970549073,0.358977690713,0.852631587731,0.361171350722
263,0.847790515413,0.342690807822,0.852631586555,0.31191699425
264,0.852045834894,0.340748750479,0.81578948388,0.399777946773
265,0.857610482777,0.33208614879,0.826315799434,0.382423242597
266,0.846808518891,0.349156689312,0.836842113812,0.363493309123
267,0.854009827669,0.330308092716,0.786842116596,0.431573192031
268,0.849427176771,0.342785359697,0.836842113027,0.367556904026
269,0.86350246264,0.317024121755,0.860526323711,0.355808888856
270,0.843862528643,0.352849494481,0.810526327083,0.415287344116
271,0.858592478909,0.328649983082,0.852631585967,0.364416402421
272,0.856628485817,0.323643196514,0.852631586947,0.336029326788
273,0.852373166751,0.333327269062,0.805263169502,0.379532053356
274,0.85008184124,0.349138117469,0.847368429758,0.341889624392
275,0.867757781413,0.323658179091,0.84736843015,0.334627535776
276,0.85139116996,0.335171615398,0.786842115812,0.435057773475
277,0.840589206562,0.362049374119,0.852631587339,0.340018794939
278,0.844189861305,0.35560128551,0.786842117184,0.459866676051
279,0.844517193259,0.347435964937,0.83947369221,0.386972721637
280,0.856301153496,0.323442659513,0.860526324103,0.401190038562
281,0.847790515706,0.356595809504,0.807894747116,0.416507778781
282,0.847463183385,0.35086244796,0.850000008156,0.355714435714
283,0.857610482436,0.33345840556,0.813157905481,0.403642095478
284,0.854664492553,0.342899589687,0.842105272177,0.363007702558
285,0.859247143671,0.334324790477,0.85789474492,0.294942216605
286,0.857610482631,0.331936990302,0.821052641461,0.412131086984
287,0.842225868066,0.363479152368,0.800000010156,0.414455493079
288,0.868739778106,0.296592950117,0.813157905089,0.395674029365
289,0.859574475723,0.330382637531,0.844736850575,0.387679919404
290,0.855646488831,0.339160026784,0.802631589535,0.415900482738
291,0.851063837689,0.352705688885,0.847368429758,0.368910258599
292,0.846153854446,0.357476852783,0.852631587731,0.366614910026
293,0.848445180176,0.335102101762,0.805263167149,0.411785531048
294,0.851391170156,0.342813723408,0.821052641853,0.431455965387
295,0.849427176453,0.361115055947,0.792105275549,0.549432173299
296,0.866775784965,0.30801901065,0.876315796846,0.310619780297
297,0.850081841167,0.344211149402,0.847368429366,0.314852167264
298,0.853355163589,0.336037881445,0.839473692994,0.383245584555
299,0.853027831172,0.322734608083,0.802631589143,0.440138181884
300,0.847463183239,0.342146568758,0.828947378224,0.371254902811
301,0.855319156511,0.327374097233,0.776315800846,0.521156841129
302,0.84877251213,0.342364425061,0.823684220055,0.331293145121
303,0.849099844401,0.34183272655,0.802631588751,0.409359278782
304,0.848117847855,0.330299265678,0.865789480115,0.304962850176
305,0.850081840948,0.320854078405,0.826315799434,0.37296367493
306,0.85924714333,0.327842350057,0.823684221036,0.443563195711
307,0.831751236256,0.377272656273,0.852631587731,0.377048849349
308,0.842880532121,0.372777122834,0.842105272569,0.387224207317
309,0.846808518745,0.335080550965,0.871052638481,0.337956854093
310,0.849427176722,0.357602986167,0.802631589535,0.423070808431
311,0.849099844572,0.339194142859,0.844736850968,0.364479908306
312,0.842553199923,0.346955643113,0.810526326299,0.43076885445
313,0.857610482046,0.334733757632,0.789473696367,0.44443437106
314,0.85990180819,0.311136450552,0.813157904697,0.429303814666
315,0.845826522321,0.338485353024,0.784210537609,0.492188510387
316,0.859247143306,0.310308468131,0.844736850968,0.331786565642
317,0.854991824557,0.329495259223,0.818421062278,0.397016934965
318,0.851063837713,0.335907486239,0.847368428974,0.359415405749
319,0.860556472684,0.314924424175,0.831578956623,0.39387518904
320,0.86382979457,0.322063217855,0.821052641069,0.402615983358
321,0.854009828084,0.33573550489,0.828947377048,0.334129163968
322,0.84746318341,0.343867100273,0.86842105969,0.305117085827
323,0.857283150164,0.338977492571,0.839473693779,0.383412010484
324,0.858919811278,0.32952598388,0.852631587339,0.32902528125
325,0.8484451802,0.322493679108,0.784210538001,0.494040324818
326,0.859247143452,0.326405721363,0.768421064278,0.637213193664
327,0.854337160087,0.335670103218,0.834210535021,0.359004218759
328,0.847135851407,0.360767934042,0.886842112008,0.258177685257
329,0.862520465582,0.325560873931,0.81578948388,0.351590418404
330,0.84451719343,0.343457856929,0.836842114596,0.349629792134
331,0.857937814244,0.328416990419,0.810526325907,0.467349933773
332,0.847135851333,0.34620961029,0.850000008549,0.319878420609
333,0.860883804688,0.321936998029,0.842105271393,0.378953375314
334,0.854337160087,0.349117498985,0.831578955839,0.593890641681
335,0.860883804566,0.33499696554,0.821052642245,0.370514184748
336,0.850736505442,0.337603565484,0.823684220643,0.403863900733
337,0.854991824801,0.328569498842,0.839473693387,0.376418587114
338,0.850081841411,0.341912980547,0.794736853556,0.391013085058
339,0.853027831245,0.322877773083,0.834210535805,0.428118227858
340,0.861211136886,0.31523158876,0.789473695779,0.50917956135
341,0.857937814415,0.336364493876,0.823684220251,0.378217033429
342,0.852373166726,0.344977968754,0.826315799042,0.404332789648
343,0.858919811376,0.318579844361,0.821052641461,0.410606731759
344,0.852045834406,0.336950479621,0.821052642245,0.367545631861
345,0.860556472684,0.336971201981,0.802631589927,0.470818168611
346,0.860229140145,0.333292543201,0.842105272177,0.433995830142
347,0.862847797804,0.32451424297,0.842105272177,0.349814372247
348,0.857610482119,0.321040500377,0.802631589927,0.456484302716
349,0.851718501842,0.353443328199,0.784210537217,0.500907506487
350,0.855319157048,0.331377095466,0.842105271785,0.391339497255
351,0.850736505783,0.324446161203,0.755263171306,0.524928802796
352,0.857610482436,0.319719113624,0.826315798454,0.351630858048
353,0.863502462933,0.334525873578,0.823684220251,0.422777149042
354,0.856955817942,0.317343761178,0.836842114596,0.398665879905
355,0.860883804761,0.317297185601,0.871052639265,0.309279190965
356,0.863175130247,0.322880115291,0.821052641853,0.506065727248
357,0.837315884408,0.361425766894,0.865789481684,0.269280054325
358,0.852700498925,0.346400050303,0.850000008156,0.333136406157
359,0.861538469011,0.319660108415,0.823684219859,0.421857335641
360,0.856628485841,0.321384365405,0.800000011137,0.436527550515
361,0.854991824727,0.328440084474,0.831578956231,0.357156698806
362,0.860883804956,0.316214984224,0.794736852771,0.438126040623
363,0.853682495617,0.32261876639,0.765789484899,0.54204820344
364,0.861865801087,0.317380105335,0.83684211342,0.358792516519
365,0.858919811376,0.324594540069,0.784210536041,0.546463821083
366,0.851391170107,0.329447551383,0.810526325907,0.471065150402
367,0.863175130344,0.308374636506,0.847368429366,0.389185500703
368,0.853355163541,0.330713567948,0.826315799826,0.40558272387
369,0.854009827498,0.33907051059,0.826315799826,0.403322567354
370,0.861211136788,0.326796081153,0.847368428974,0.352412700849
371,0.857610481997,0.327972309521,0.810526326299,0.528543406313
372,0.858592479275,0.334550898607,0.844736850968,0.312631637992
373,0.852045834869,0.336459914309,0.842105271197,0.413515031441
374,0.849754508871,0.33874184924,0.82631579865,0.3564088501
375,0.852373166921,0.32962266578,0.844736850575,0.340158023277
376,0.852700498998,0.344223015848,0.792105274373,0.438589409901
377,0.856628485402,0.326835754549,0.84473685136,0.372154704975
378,0.861211136861,0.321342409887,0.865789481292,0.304582410688
379,0.852373166824,0.331791221503,0.863157902501,0.327996342559
380,0.853027831098,0.337160005097,0.813157905089,0.430639181543
381,0.855973821079,0.31826508719,0.834210535805,0.351123828135
382,0.856955817991,0.327290131324,0.850000008549,0.30319051148
383,0.849099844548,0.342086323696,0.850000008549,0.350137907889
384,0.855646489051,0.317374535948,0.844736850575,0.356506522806
385,0.866448452547,0.30410556608,0.863157902893,0.31988904173
386,0.850736505637,0.335974722996,0.834210534237,0.357031357658
387,0.864157126646,0.310146999231,0.823684219859,0.413313278732
388,0.858919811424,0.314300490072,0.815789482311,0.342455870974
389,0.856301153252,0.321556931634,0.807894747508,0.436743490105
390,0.872340432604,0.308342884608,0.802631589143,0.498599877311
391,0.850081841387,0.33622106155,0.850000008549,0.376840394735
392,0.855319157023,0.321136831341,0.836842114204,0.40671257573
393,0.85859247908,0.334622898876,0.84473685136,0.35225824997
394,0.860883804468,0.318977360789,0.842105271785,0.370807798546
395,0.862520465582,0.322901354313,0.789473695386,0.57230053926
396,0.857283150335,0.34086411596,0.823684220643,0.377329287079
397,0.867103116846,0.301593189011,0.85789474492,0.380567223679
398,0.86808511349,0.315381750548,0.831578956427,0.394999933319
399,0.866121120251,0.296264130207,0.831578957407,0.385693581946
400,0.866121120275,0.307884120074,0.850000008549,0.349735533004
401,0.850409173512,0.33930961348,0.813157905089,0.485439913507
402,0.86481179136,0.309806830085,0.813157905873,0.450798300751
403,0.857283150262,0.322238705621,0.815789483095,0.416552796911
404,0.855646489344,0.320016793374,0.842105272569,0.416523576395
405,0.853682495617,0.339845505655,0.86842105969,0.315301162828
406,0.854337159989,0.323595414288,0.871052639265,0.31713892989
407,0.850736505905,0.340942884135,0.847368429758,0.354668757694
408,0.869394442551,0.299325957247,0.839473693387,0.32915633896
409,0.872667765022,0.309353939023,0.781578959211,0.50221770652
410,0.867430449361,0.322119614424,0.84473685136,0.369786767506
411,0.869394442283,0.306456236605,0.868421060474,0.333288933732
412,0.855973821103,0.329432674046,0.844736850379,0.370972458132
413,0.85826514693,0.328120967921,0.857894745312,0.332497805198
414,0.856955818039,0.351066332252,0.792105273981,0.547181212411
415,0.85859247925,0.314100871939,0.810526326691,0.411168104675
416,0.86710311709,0.317788968383,0.85526316613,0.320919329092
417,0.853355163467,0.338477922078,0.815789484272,0.41318952503
418,0.865466455781,0.320415411566,0.823684219859,0.370831598687
419,0.870376439073,0.311210113759,0.85789474492,0.283259714966
420,0.854009827986,0.333182814303,0.85526316613,0.325725796827
421,0.861211137081,0.313566609318,0.805263168326,0.417041534423
422,0.852373166726,0.323879690727,0.839473693779,0.371215857804
423,0.847790515535,0.339166577723,0.831578956623,0.342295580841
424,0.867430448995,0.293525818885,0.852631587731,0.342464006246
425,0.858592478641,0.322753724326,0.834210535413,0.378135665853
426,0.865466455732,0.318653983672,0.865789481684,0.337897975954
427,0.860229140242,0.315607658156,0.823684220643,0.384254198312
428,0.854337159819,0.339709198489,0.842105271001,0.300594361712
429,0.866121120275,0.308111364405,0.847368429758,0.316001714673
430,0.868412445859,0.308950646875,0.828947376656,0.427281727622
431,0.855319156779,0.327535343121,0.863157902893,0.343420234706
432,0.863829794863,0.312490351862,0.813157904697,0.435799664499
433,0.863502462347,0.312168509142,0.842105271785,0.391391505855
434,0.849754508944,0.35011946801,0.855263164953,0.355673144156
435,0.859901807946,0.298607107826,0.797368431954,0.484536926997
436,0.861211136935,0.311830397344,0.847368429758,0.381950019099
437,0.855646488953,0.337785702834,0.834210535021,0.445830276861
438,0.853027831025,0.328091429066,0.828947377832,0.370106704239
439,0.851391170253,0.338799986094,0.884210532433,0.285303618587
440,0.874631758407,0.288767136924,0.836842114596,0.359135520363
441,0.861211136983,0.334732269677,0.85526316613,0.302187931865
442,0.848772511984,0.338769992933,0.792105273001,0.490304149369
443,0.865139123754,0.320969929343,0.831578956623,0.384222788356
444,0.870376439097,0.310208932338,0.839473693387,0.409911695672
445,0.856955817966,0.313489962517,0.84473685136,0.396561755554
446,0.860229140315,0.323020634532,0.789473694798,0.492428254373
447,0.87692308382,0.301650921752,0.83947369319,0.333729951175
448,0.869394442454,0.299335676407,0.839473693387,0.400321439043
449,0.854991824166,0.343602586265,0.839473692602,0.430830221053
450,0.868739777984,0.299814964122,0.8078947479,0.374819152878
451,0.854009828035,0.322083461099,0.863157902109,0.290500530544
452,0.856955817917,0.321093053409,0.834210534629,0.413429315122
453,0.870376439195,0.298853090785,0.855263165737,0.37054451682
454,0.858919811595,0.320525831087,0.802631589535,0.443012513514
455,0.869394442429,0.305311277365,0.844736850575,0.403633715018
456,0.855973821444,0.339017751546,0.813157905089,0.371444099705
457,0.863502462347,0.307435505968,0.784210537609,0.619070894155
458,0.856955817942,0.32435707539,0.836842114596,0.406992013983
459,0.858919811132,0.334450547099,0.850000008549,0.384998645045
460,0.865139123754,0.313315275936,0.831578955642,0.402352331794
461,0.855973821176,0.325429997484,0.865789481684,0.321196404984
462,0.857283150286,0.328738093427,0.77105264248,0.504990641273
463,0.857937814756,0.323439420501,0.815789483095,0.415124877037
464,0.860556472684,0.322757341063,0.852631586555,0.418353950072
465,0.868412446176,0.301801496938,0.800000011529,0.528263097335
466,0.858265146955,0.32029950413,0.852631586555,0.362921753848
467,0.864157126841,0.315016343287,0.77894738042,0.484421878201
468,0.870049106777,0.295534516797,0.823684220251,0.390828476631
469,0.867430449117,0.304349325336,0.81842106267,0.418689412338
470,0.865139123607,0.318168310136,0.8368421144,0.377262588505
471,0.868412445834,0.30036163919,0.850000008549,0.390408174594
472,0.872667765071,0.296906645711,0.818421063062,0.354331505966
473,0.86055647244,0.327848280461,0.828947378224,0.509028185612
474,0.859901808068,0.32010194815,0.815789484664,0.47736981554
475,0.874959090142,0.291546697519,0.807894746724,0.520116978299
476,0.862847798024,0.310131807321,0.844736850183,0.416254211036
477,0.851063837933,0.344720439637,0.818421063062,0.424026886516
478,0.856301153326,0.334030267487,0.771052643265,0.527623416583
479,0.856301153472,0.320120665869,0.847368429758,0.389313666799
480,0.857283149969,0.30893989842,0.789473696367,0.474036310086
481,0.861865801478,0.318896575058,0.863157902893,0.359687804367
482,0.85106383803,0.324216386128,0.823684220251,0.374598010933
483,0.868085113709,0.312723434721,0.855263166522,0.340567493339
484,0.866121120275,0.300789840494,0.852631587339,0.333777324707
485,0.872013100577,0.30426566873,0.831578956623,0.407974749396
486,0.861865801453,0.330003979239,0.844736850968,0.395847560482
487,0.87135843618,0.302111588555,0.831578956427,0.360843277947
488,0.883469728323,0.274119114429,0.839473692994,0.32859654815
489,0.867103116919,0.312474770068,0.810526326299,0.442764738739
490,0.864484459064,0.314750011854,0.857894745312,0.36868509793
491,0.857610482241,0.34116648363,0.828947377832,0.365587088592
492,0.859247143647,0.324709356841,0.81578948388,0.412615927368
493,0.866775784818,0.307955153821,0.85789474492,0.362377527553
494,0.855646489148,0.344685938802,0.800000011137,0.470476248835
495,0.86481179136,0.31860042414,0.868421060082,0.349683455455
496,0.869067110377,0.289007944571,0.818421062278,0.432904915222
497,0.861865801404,0.317117691579,0.831578957407,0.419683640077
498,0.86415712689,0.31062132697,0.834210534825,0.362054830736
499,0.861211136788,0.300910797655,0.839473692994,0.408415735877
500,0.854337160062,0.338039371534,0.842105271785,0.374576281585
501,0.875613754758,0.286883499572,0.850000008941,0.398927474672
502,0.856301153423,0.326148181725,0.776315801238,0.535780124437
503,0.859247143306,0.315443713708,0.807894746332,0.512611359327
504,0.869394442405,0.297356469101,0.881578953643,0.310046658989
505,0.85793781439,0.299816981778,0.839473693387,0.349807650513
506,0.870703771418,0.301666313544,0.847368429758,0.372700765416
507,0.847135850919,0.340129622086,0.844736850968,0.306782651212
508,0.851718502354,0.33088832828,0.826315799042,0.460035123691
509,0.852373166702,0.331788198554,0.834210535021,0.389351618948
510,0.856628485792,0.324013728844,0.8078947479,0.460940579718
511,0.866448452571,0.316781202128,0.831578957015,0.387069055167
512,0.852700499095,0.332893642985,0.836842114204,0.398159984757
513,0.879541741602,0.28906111065,0.852631586555,0.3242991406
514,0.868412446029,0.301265167195,0.857894745312,0.412866495525
515,0.8621931337,0.310767333138,0.863157902501,0.313094588303
516,0.863502462323,0.304794622711,0.852631587731,0.393658526756
517,0.868085113758,0.302146824379,0.823684219663,0.41819653153
518,0.8671031167,0.30393186631,0.855263165737,0.312582924761
519,0.873649761495,0.296804175618,0.792105275157,0.482480047565
520,0.873649761349,0.298474340129,0.815789484272,0.478839266273
521,0.86350246242,0.30601143484,0.839473692602,0.428909116578
522,0.861211136959,0.333715693944,0.82631579865,0.423304888641
523,0.863502462347,0.313299055745,0.821052641853,0.411728482693
524,0.865139123802,0.312353833602,0.834210534629,0.397698637515
525,0.86284779817,0.303406829018,0.828947377048,0.367597271805
526,0.864811791531,0.308528022999,0.850000008549,0.445348680571
527,0.864157126915,0.318431146903,0.823684219467,0.400408160603
528,0.856628485963,0.32952406981,0.84473685136,0.371119817814
529,0.878887077083,0.296522120422,0.810526326299,0.470544378935
530,0.862520466118,0.309092566905,0.82894737744,0.397299799898
531,0.868085113612,0.304084334095,0.847368429758,0.420642286432
532,0.86382979496,0.319253114979,0.850000008549,0.336080076398
533,0.867103116773,0.307413258494,0.826315799434,0.434607000075
534,0.86219313353,0.331977851142,0.850000008941,0.320087647911
535,0.871358435888,0.300860337519,0.852631586947,0.380994440321
536,0.858592478836,0.313527831717,0.818421061886,0.4053260794
537,0.860229140071,0.321804662669,0.836842114596,0.341742772324
538,0.85630115374,0.321329492455,0.857894745312,0.332457695545
539,0.873322429224,0.282666374647,0.844736850968,0.378140914
540,0.878559744836,0.278053021966,0.839473693387,0.37544937286
541,0.869067110353,0.311600712133,0.831578955839,0.38179706624
542,0.8651391239,0.3102870828,0.852631587339,0.43718733001
543,0.873977093621,0.30096963768,0.876315796454,0.308258258768
544,0.860229140242,0.320236234342,0.818421062474,0.428505960533
545,0.874304425965,0.320828532684,0.828947377048,0.408813187399
546,0.856955817747,0.325583410777,0.852631587339,0.346855461464
547,0.880196405876,0.290363718318,0.860526323711,0.338378847526
548,0.862520465679,0.315848901741,0.850000008941,0.418920955627
549,0.863502462469,0.317845815502,0.828947377832,0.387261801252
550,0.868412446054,0.304081984031,0.828947377048,0.377341703328
551,0.871685768159,0.294924200829,0.844736850575,0.325600510053
552,0.867430449264,0.309714811323,0.85526316613,0.365088928969
553,0.867757781584,0.30400630159,0.821052641069,0.402222761324
554,0.872995097001,0.291493317589,0.834210535413,0.439231566925
555,0.876268419375,0.289377799435,0.842105271785,0.472015337156
556,0.863829794789,0.327172327482,0.860526323318,0.338860711377
557,0.855973821396,0.328984880434,0.847368429758,0.339927206056
558,0.8693944426,0.309966370158,0.842105272177,0.335432023435
559,0.872995096904,0.309547855471,0.839473692994,0.37122345304
560,0.865793788101,0.294834921701,0.773684219702,0.602783338256
561,0.8621931337,0.306921081217,0.792105274961,0.51288800867
562,0.872340432604,0.292987076845,0.826315798258,0.35286258938
563,0.866121120227,0.314279347261,0.85789474492,0.348746457621
564,0.874631758163,0.285056233489,0.863157902109,0.322091368758
565,0.865466455976,0.322767398272,0.802631589927,0.466163570535
566,0.866121120422,0.311994189558,0.852631586555,0.395811063415
567,0.868739778106,0.296958836551,0.823684220643,0.347736997202
568,0.874304426038,0.286950236382,0.865789481684,0.340034201968
569,0.863175129929,0.33300062386,0.821052642245,0.453255275608
570,0.865793788028,0.306535805125,0.842105272177,0.355776140197
571,0.872667764583,0.300462184536,0.813157903913,0.462629350307
572,0.870376439219,0.310687736635,0.842105272569,0.395522525601
573,0.861865801478,0.32429408957,0.842105272569,0.434906701741
574,0.862847797951,0.301032794548,0.860526323711,0.324184653754
575,0.86022914012,0.323968037936,0.826315798846,0.456454668745
576,0.860229140096,0.31480884446,0.850000008549,0.366585648223
577,0.871031103909,0.291228036951,0.823684219271,0.402008205625
578,0.869067110207,0.314389813108,0.842105272569,0.326712274688
579,0.860556472197,0.307085505969,0.844736850968,0.382151245323
580,0.859574475723,0.316566299002,0.802631589143,0.441663179586
581,0.871031103665,0.295843510737,0.792105273001,0.47283533819
582,0.877250415994,0.290667016348,0.871052639265,0.311465086683
583,0.857937814634,0.312597706112,0.7868421164,0.601891900911
584,0.867430449337,0.299247411694,0.847368428582,0.409702916084
585,0.876923083869,0.288724680974,0.818421061886,0.487500330712
586,0.864484459211,0.311120712334,0.784210535845,0.579092035965
587,0.866775784818,0.297116010551,0.77894738042,0.559936170909
588,0.875286422414,0.292578185049,0.850000008941,0.384230868634
589,0.867103116943,0.30864305847,0.773684222055,0.607727854402
590,0.873649761593,0.289754500397,0.794736853163,0.491079649625
591,0.87004910707,0.309242384724,0.871052639265,0.366772582062
592,0.860556472538,0.315690677218,0.847368429758,0.329121840591
593,0.869721774969,0.299350108585,0.821052641853,0.504885669166
594,0.870049106606,0.303414949455,0.831578956427,0.454344162246
595,0.870049106899,0.315711796511,0.784210538001,0.543887854149
596,0.868412445956,0.316911859877,0.847368429758,0.386880640847
597,0.884451724723,0.28006510317,0.855263166522,0.341022199228
598,0.875941087152,0.28985342874,0.842105271393,0.40114528396
599,0.876268419204,0.284265253019,0.810526326691,0.449980463722
600,0.869394442502,0.302745196484,0.781578958427,0.542485834216
601,0.868739778081,0.299458114974,0.873684217663,0.325755956178
602,0.875941086957,0.287563709456,0.863157902893,0.312021316231
603,0.867430449313,0.308236790596,0.839473693387,0.418735481523
604,0.864484459113,0.305714197774,0.865789481292,0.321652881375
605,0.868739778033,0.303600629595,0.881578954035,0.280594328369
606,0.856628485621,0.313290033736,0.823684219859,0.382340265487
607,0.86153846945,0.310674825592,0.863157902305,0.359807437421
608,0.870049106997,0.289689875893,0.797368432738,0.456608868768
609,0.8765957515,0.297681422728,0.826315799434,0.503928595743
610,0.876595751524,0.292095816244,0.802631589535,0.532111131574
611,0.874631757968,0.290395113673,0.831578955446,0.42357164777
612,0.869067110426,0.305215473669,0.868421060082,0.357627567755
613,0.872340432751,0.313160437858,0.863157902893,0.451301257504
614,0.868739778155,0.315743688264,0.826315799042,0.419930323003
615,0.864484459211,0.299174076522,0.855263165737,0.29820250446
616,0.871685768354,0.306578914808,0.886842112008,0.26509746778
617,0.863502462177,0.314149860848,0.842105271785,0.358198033247
618,0.87626841935,0.29334056661,0.807894747508,0.404023209611
619,0.873977093718,0.27856163571,0.839473692602,0.420866193065
620,0.867430449166,0.320913550556,0.855263165541,0.35233208637
621,0.873977093962,0.285734085274,0.839473692994,0.384394431707
622,0.867757781291,0.310154702755,0.85526316613,0.337136347484
623,0.857283150262,0.312985384816,0.826315799434,0.40238404032
624,0.88150573506,0.26953967756,0.828947376264,0.393084776821
625,0.869067109963,0.299249882007,0.857894744332,0.344104732926
626,0.873322429078,0.309424489626,0.836842114204,0.386205504501
627,0.871358435912,0.298899591199,0.826315799238,0.512327149446
628,0.860556472343,0.309374022382,0.878947375636,0.312058034555
629,0.869721774652,0.302670287496,0.860526323711,0.339679640387
630,0.876923084015,0.28739929871,0.836842113812,0.379725484159
631,0.86153846906,0.309447505322,0.855263165149,0.358670325215
632,0.867430449264,0.297672606016,0.826315799042,0.349269900128
633,0.868739778008,0.295861475876,0.831578956231,0.339733577419
634,0.862847798097,0.319633628536,0.881578954427,0.292301730127
635,0.875613754734,0.283492108176,0.84473685136,0.391998340468
636,0.871031103811,0.291737669259,0.850000008549,0.385578800855
637,0.856628485597,0.329726938557,0.818421062082,0.498738492231
638,0.871685768013,0.300821539629,0.836842114596,0.375018872204
639,0.86710311709,0.307959439318,0.805263167933,0.471831875627
640,0.88019640612,0.278491350441,0.828947377048,0.381071045284
641,0.866448452718,0.31453077196,0.8078947479,0.449415868965
642,0.867430449117,0.30878090296,0.836842114204,0.432432619965
643,0.872667765071,0.30008968132,0.813157903913,0.436803320429
644,0.870703771369,0.302556800633,0.860526324103,0.352891905592
645,0.872667764803,0.281716842534,0.863157902893,0.34846687842
646,0.867103116895,0.298611074223,0.842105272177,0.366358898546
647,0.878887077351,0.289526760077,0.836842114204,0.386622903826
648,0.878232412613,0.278844432297,0.855263166522,0.360324662816
649,0.865139123656,0.318279068904,0.847368429758,0.353091699232
650,0.871031103519,0.290606091836,0.844736850968,0.370531014076
651,0.86775778156,0.306408005125,0.860526323318,0.315466120539
652,0.866121120251,0.301626220386,0.842105272177,0.352724785573
653,0.881178402618,0.270396657363,0.834210535805,0.413071601059
654,0.871685768525,0.299054348628,0.842105272177,0.446649221127
655,0.872340432385,0.303506694947,0.847368429758,0.315537559543
656,0.87004910707,0.31144993703,0.865789481292,0.387354873869
657,0.875613754929,0.290766108003,0.847368429366,0.446086849123
658,0.866775784696,0.307805896883,0.834210535805,0.444901610976
659,0.873322429126,0.296918047192,0.834210535413,0.478323674716
660,0.867103117041,0.306990295718,0.815789483095,0.459884964984
661,0.869394442698,0.296699430647,0.85789474492,0.343536939346
662,0.863829794668,0.311019642956,0.826315799434,0.425355812397
663,0.877577748412,0.289260671045,0.834210535413,0.44596157643
664,0.872995097245,0.302813791981,0.839473692406,0.345752877039
665,0.880851070737,0.272210017818,0.84473685136,0.383399032571
666,0.865793788101,0.306599923905,0.821052641853,0.451818033235
667,0.875941087103,0.288630425321,0.852631587731,0.398494595895
668,0.876595751353,0.279950988179,0.789473694798,0.490071344416
669,0.880523738319,0.282308681929,0.823684219859,0.42644070791
670,0.874631758359,0.292654842563,0.863157902501,0.44881440965
671,0.882815063731,0.275301285853,0.865789481684,0.345902629157
672,0.878232412857,0.286605006053,0.844736850968,0.469855069238
673,0.867757781413,0.306564695006,0.813157904305,0.435238312593
674,0.877905080659,0.28939136948,0.847368429366,0.320367719666
675,0.880523737977,0.281307364911,0.860526324103,0.344034969775
676,0.871031103421,0.28844154678,0.794736851987,0.464329713602
677,0.856301153813,0.330498484581,0.850000008941,0.436531922461
678,0.861211136886,0.324986856269,0.839473693387,0.449925153718
679,0.864484459162,0.297949329095,0.818421063062,0.429704436395
680,0.869721774725,0.294814407694,0.889473690798,0.261052979058
681,0.875286422609,0.292407077943,0.892105269589,0.274983679655
682,0.870703771296,0.299496711759,0.871052638873,0.326566605869
683,0.882160399481,0.285144226136,0.892105269589,0.358036047406
684,0.882487731631,0.285518538433,0.834210535805,0.466011632986
685,0.877250416043,0.289433189423,0.834210535805,0.402405417573
686,0.865793788175,0.320258589439,0.844736850968,0.43911056255
687,0.88837971181,0.266158854029,0.78684211738,0.495573112885
688,0.884124392817,0.260445589152,0.81842106267,0.488950565578
689,0.881505734938,0.279254361463,0.85526316613,0.352820833329
690,0.872013100431,0.311233895133,0.797368429601,0.680382243453
691,0.876595751475,0.303446203898,0.826315799434,0.393271964705
692,0.859574475919,0.316466158735,0.839473693387,0.450785405487
693,0.87299509705,0.281159495898,0.855263166522,0.389028523966
694,0.860883804809,0.33088246846,0.836842114596,0.380843133695
695,0.875941087006,0.289573968613,0.860526323711,0.359226442867
696,0.879541741797,0.280068699831,0.839473692994,0.393600088124
697,0.876923083918,0.286837746958,0.834210535021,0.357119314558
698,0.869067110304,0.298439508731,0.831578957015,0.358506607291
699,0.871031103787,0.292723422583,0.815789483095,0.445222537903
700,0.862847797999,0.303907021991,0.834210535805,0.428697919571
701,0.886743050404,0.27294965816,0.80789474692,0.472676299859
702,0.867430449117,0.308122654846,0.828947377832,0.392310810321
703,0.87266776451,0.288613676061,0.873684217663,0.369558083874
704,0.87888707723,0.285344042512,0.828947377832,0.365975985221
705,0.873322429175,0.278038436793,0.839473692994,0.386823418789
706,0.879541741894,0.284898020056,0.807894747508,0.498561336965
707,0.860556472416,0.309022854168,0.834210534629,0.403057328726
708,0.868412445859,0.303493858004,0.815789483488,0.402172566479
709,0.857610482241,0.325384259437,0.831578956623,0.399797277752
710,0.87103110386,0.295361196875,0.850000008549,0.400724457781
711,0.861538469157,0.314293424498,0.842105271785,0.368255187341
712,0.864811791336,0.304092553257,0.802631589143,0.548999558969
713,0.883797060448,0.265576506712,0.831578957015,0.361374871995
714,0.871358436131,0.284788203875,0.81842106267,0.464671223314
715,0.878887077156,0.276219965781,0.821052642245,0.429116389521
716,0.87397709345,0.296013454349,0.84736843015,0.45004032154
717,0.878887077205,0.278600869244,0.760526327318,0.551627965436
718,0.876923083722,0.279734708924,0.850000008549,0.478763749717
719,0.878232412565,0.281896183305,0.850000008941,0.369907083639
720,0.880851070444,0.277481009484,0.844736850183,0.38942263469
721,0.868412445664,0.296296986055,0.815789484272,0.415619972556
722,0.871031103714,0.303388469619,0.863157902109,0.359136201515
723,0.875941087054,0.289617298403,0.865789481684,0.346061884266
724,0.869394442795,0.293013862365,0.839473693387,0.368705954911
725,0.87888707723,0.282827695546,0.852631587339,0.331270299405
726,0.875286422853,0.282905704734,0.794736853556,0.514596118947
727,0.870376439219,0.31316582465,0.810526326299,0.554627412575
728,0.876595751573,0.297763971835,0.889473690798,0.271383454999
729,0.8798690738,0.287015334665,0.784210537021,0.583166188626
730,0.874631758261,0.296069865511,0.821052642245,0.393096695973
731,0.869721774725,0.294250347594,0.836842114204,0.385365867837
732,0.880196405998,0.273510113563,0.831578956623,0.382505083444
733,0.874304425794,0.297798238416,0.802631589927,0.594065384342
734,0.872013100455,0.297292253778,0.84473685136,0.311051322221
735,0.88085107059,0.27888266042,0.863157902501,0.294011188873
736,0.864484459064,0.287532417564,0.826315797669,0.378410368674
737,0.871031103762,0.295109311954,0.826315798454,0.357944745154
738,0.870703771735,0.300551622853,0.828947378224,0.469562973012
739,0.886088386202,0.264490817653,0.852631586751,0.313794512942
740,0.889689040506,0.250404414682,0.792105272412,0.565448066036
741,0.879214409135,0.293066599291,0.857894745312,0.298842747242
742,0.867430449361,0.302186061787,0.82631579865,0.483338465965
743,0.880523738172,0.283725281974,0.844736849791,0.375242152175
744,0.87201310026,0.300959441372,0.823684220643,0.52428786259
745,0.872995096879,0.303770577831,0.821052641069,0.479980805252
746,0.871031103519,0.296855386903,0.878947375636,0.352640931715
747,0.885761053663,0.269185969583,0.850000007764,0.427391910901
748,0.869067110207,0.302411378081,0.77105264248,0.611572719326
749,0.872013100284,0.295140991445,0.847368429758,0.342839290627
750,0.873649761666,0.292716192086,0.831578956623,0.432357635632
751,0.886088386056,0.270625691164,0.813157905089,0.430284170026
752,0.880523738148,0.278344554776,0.844736850968,0.389740204469
753,0.877905080756,0.288190989793,0.818421062082,0.391819290379
754,0.882487731704,0.272850822153,0.842105272569,0.384899786196
755,0.887725047267,0.263201424816,0.823684221036,0.475479401869
756,0.864484459089,0.325523205813,0.810526326103,0.513025554115
757,0.87168576794,0.308257877663,0.834210536198,0.4194079254
758,0.871031103884,0.29046092716,0.81842106267,0.441230035007
759,0.872013100333,0.292490469899,0.823684220251,0.371024979065
760,0.873649761398,0.290655008747,0.836842113812,0.438155908876
761,0.881505735133,0.271000353775,0.821052640676,0.415329299662
762,0.877250416043,0.278434457023,0.82631579865,0.400085901627
763,0.87070377132,0.2941673441,0.821052641461,0.526118065892
764,0.891653034037,0.262405410587,0.823684220251,0.458638319939
765,0.875286422755,0.306574724946,0.85526316613,0.367865996564
766,0.872013100138,0.297546668652,0.81578948388,0.408880854748
767,0.884124392476,0.260927669462,0.818421063062,0.440777967711
768,0.884124392915,0.274974613155,0.852631587731,0.375060906735
769,0.869067110255,0.306178654582,0.852631587731,0.315960175836
770,0.867430449044,0.295348944775,0.85526316613,0.347845126823
771,0.878887077083,0.284944435074,0.821052641853,0.387408280862
772,0.881505735084,0.285291130337,0.818421061886,0.435251232071
773,0.867430449117,0.303585274866,0.857894744332,0.348116422545
774,0.878887077205,0.287518388873,0.81578948388,0.45982216239
775,0.87004910685,0.29850597013,0.892105269589,0.262066710701
776,0.866121120373,0.298122754026,0.826315798846,0.407516123503
777,0.884779057214,0.269251560784,0.800000010745,0.436568272975
778,0.869394442332,0.300226248308,0.73947369621,0.625238576426
779,0.872667764803,0.294829072013,0.876315796846,0.294250677877
780,0.874631757895,0.28740738802,0.850000008549,0.358863561809
781,0.878232412808,0.278205912044,0.839473692994,0.391562869084
782,0.887070382627,0.268919345127,0.860526323711,0.313869405758
783,0.870049107289,0.290341224943,0.839473692602,0.408234845639
784,0.872667764949,0.286981439396,0.878947375636,0.301262173799
785,0.87070377154,0.279873708792,0.821052641853,0.489567504212
786,0.874959090484,0.275245515771,0.82631579865,0.395653538191
787,0.881505734938,0.267134513846,0.789473695582,0.462262194536
788,0.881178402642,0.282184730579,0.807894747508,0.579922381225
789,0.879541741553,0.282048190936,0.826315799434,0.488051817449
790,0.883142396198,0.283016783116,0.857894745312,0.342873155676
791,0.872013100431,0.298985761346,0.878947375636,0.331464613385
792,0.877905080683,0.290541375278,0.860526323711,0.33291690892
793,0.87855974508,0.279661273769,0.860526323711,0.318633426482
794,0.877905080098,0.294133860879,0.85789474492,0.309877397845
795,0.873649761251,0.300057665431,0.842105271785,0.351576687425
796,0.877250416189,0.290196186782,0.836842114204,0.414891414926
797,0.886088385959,0.270981551202,0.826315799826,0.413504729394
798,0.891980366163,0.253059855636,0.828947377244,0.393500704545
799,0.883469728104,0.268075533489,0.805263168326,0.515453369295
800,0.87266776473,0.288022631426,0.826315799042,0.424804583425
801,0.883142396125,0.273336451209,0.831578956623,0.446939620528
802,0.887397714801,0.268368593971,0.844736850968,0.364423696123
803,0.877577748217,0.282982042045,0.839473693387,0.356036532358
804,0.876595751646,0.283818790579,0.865789481684,0.346605479394
805,0.879214409086,0.292618005689,0.842105272569,0.436895548214
806,0.868412445688,0.292415084086,0.863157901717,0.364646776386
807,0.873649761837,0.289194445919,0.834210534825,0.351354744232
808,0.877905080439,0.268632604024,0.836842114204,0.425426662991
809,0.884124392817,0.287044171434,0.850000007764,0.313470878954
810,0.883797060546,0.272683394191,0.84473685136,0.351081867682
811,0.882815063707,0.269237550701,0.855263165345,0.361663599393
812,0.872013100309,0.295821156823,0.881578954035,0.348360007004
813,0.888707043838,0.272920071231,0.844736850575,0.335491966308
814,0.86972177492,0.296914429685,0.852631587731,0.420758152454
815,0.874959090533,0.277846512313,0.836842114204,0.382223161219
816,0.871031104006,0.295488564597,0.852631586947,0.37722380338
817,0.871031103543,0.295126502904,0.823684219467,0.405101776001
818,0.885761054004,0.274784297171,0.831578956623,0.433438048751
819,0.890343704951,0.257904442263,0.871052638873,0.382444749931
820,0.872013100235,0.298715366345,0.82631579865,0.368205494719
821,0.886743050453,0.26922970333,0.831578956623,0.376728214616
822,0.871685768232,0.302945815534,0.889473690798,0.286629634128
823,0.869394442795,0.278955101572,0.831578957015,0.374966231682
824,0.885761053833,0.266027148272,0.873684218055,0.303031598367
825,0.881833066868,0.267664625741,0.84473685136,0.374033504693
826,0.873322429078,0.30339514467,0.884210533217,0.292191172543
827,0.877905080415,0.285437669926,0.852631587731,0.34895652182
828,0.874304426014,0.282461350425,0.850000008941,0.372119328926
829,0.876595751622,0.292874938009,0.868421060474,0.340043334183
830,0.882160399383,0.270238705568,0.839473693387,0.401761269436
831,0.868412445883,0.306822972468,0.857894744136,0.351721299524
832,0.877577748046,0.272127053115,0.844736850183,0.365154365537
833,0.885761053833,0.276128850084,0.813157905089,0.655397829352
834,0.870376439439,0.300436374571,0.850000007764,0.373134590802
835,0.876923083796,0.282911191053,0.873684218055,0.331166940533
836,0.884779057214,0.269626613065,0.828947378617,0.417835308273
837,0.869394442746,0.317800711102,0.831578957407,0.434646797373
838,0.880196405681,0.27499633792,0.842105272177,0.429557056964
839,0.885433721757,0.280652485923,0.839473692994,0.440804174825
840,0.892635030705,0.254663250348,0.826315799042,0.383830225757
841,0.874631758285,0.302711815929,0.855263165737,0.36408116147
842,0.876923083869,0.273530492391,0.834210536198,0.43602823913
843,0.879541741748,0.282397702054,0.831578956231,0.449973191421
844,0.876595751378,0.286799075002,0.85526316613,0.431701792844
845,0.880851070566,0.275999921974,0.834210536198,0.34519535921
846,0.884451725089,0.276316024069,0.876315796454,0.305995734537
847,0.892307698336,0.257853260325,0.815789484272,0.434632894173
848,0.884779057214,0.27265840719,0.836842114988,0.440812158646
849,0.885761053882,0.275274684533,0.850000007372,0.400821353404
850,0.875941086932,0.289807962701,0.821052641069,0.409921587855
851,0.879541741626,0.279820443993,0.818421061494,0.41746490074
852,0.877250415823,0.272750628586,0.839473692994,0.371872000251
853,0.891980366065,0.258309641399,0.834210535805,0.421164237113
854,0.882815064048,0.272331402103,0.842105272569,0.354990285579
855,0.877905080317,0.291058654121,0.823684219075,0.424786247478
856,0.880851070493,0.28458020636,0.852631586163,0.373813229138
857,0.879869073776,0.281134271252,0.781578958427,0.516942049199
858,0.874304425965,0.295647791067,0.847368429758,0.353549020544
859,0.884779057312,0.286614474451,0.857894744528,0.343033591268
860,0.882160399432,0.289155816876,0.865789481292,0.321834935393
861,0.877577748217,0.274261965637,0.834210535413,0.431717349069
862,0.879214409428,0.287987301566,0.844736850968,0.347987645225
863,0.876923083918,0.291099887832,0.855263166522,0.421218404902
864,0.887397715044,0.270655370504,0.842105272177,0.388723166503
865,0.87790508061,0.288103051842,0.852631587339,0.367059826833
866,0.879541741797,0.27409309438,0.839473693387,0.3784566233
867,0.885106389242,0.275924932313,0.81842106267,0.430929442488
868,0.894599024066,0.244172471605,0.823684220643,0.448959819011
869,0.884124392598,0.272720034359,0.84473685136,0.444319801378
870,0.882487731606,0.27697903104,0.850000008549,0.405388629966
871,0.891653033989,0.261670342627,0.868421060474,0.300443547018
872,0.890016372875,0.264236716356,0.81842106267,0.478364425295
873,0.879541741699,0.277119880978,0.847368428582,0.409740171512
874,0.890016372875,0.266495388104,0.805263167933,0.530145285057
875,0.888052379246,0.261906427196,0.850000008156,0.395065647908
876,0.880851070517,0.279534284818,0.828947378224,0.378975827815
877,0.862520465825,0.336073566629,0.865789481292,0.381043028889
878,0.865139123412,0.305565178032,0.8657894809,0.349338398366
879,0.880523738563,0.26355859839,0.842105271589,0.433569455366
880,0.87135843579,0.289700396679,0.821052641461,0.480404834925
881,0.884779057068,0.266492838078,0.818421061886,0.442768318425
882,0.873322429321,0.28781933366,0.826315799042,0.413295712895
883,0.89328969498,0.255721400685,0.784210537217,0.585934706749
884,0.891325701766,0.265759583386,0.852631586555,0.375585853815
885,0.882160399359,0.281294433774,0.834210535217,0.372288786004
886,0.880851070517,0.293846765653,0.826315799826,0.519935702109
887,0.895253688487,0.238603776559,0.85789474492,0.426763454361
888,0.900818336517,0.243162708018,0.865789481292,0.330376191996
889,0.891325701693,0.261118759486,0.842105271785,0.425797254313
890,0.883142396052,0.293638617782,0.85789474492,0.33233774939
891,0.891980366138,0.264112934379,0.813157904305,0.414410637269
892,0.869721775115,0.301668099105,0.857894744528,0.36587684076
893,0.883797060497,0.270451751255,0.81842106267,0.441486869145
894,0.865466455806,0.321304254705,0.82631579865,0.464779694801
895,0.889689040652,0.251076032816,0.865789481684,0.456887326988
896,0.886088386349,0.274152204062,0.865789481684,0.338154636905
897,0.881505735011,0.27473186444,0.826315799434,0.484295868911
898,0.881833066941,0.272435852733,0.823684220643,0.482165201818
899,0.883469728177,0.279373908719,0.865789481292,0.312860472477
900,0.87332242937,0.28835371537,0.850000008156,0.384594303646
901,0.891980366114,0.262600617914,0.839473692994,0.456067669515
902,0.879214409355,0.287704020681,0.839473693779,0.427190799977
903,0.890016372973,0.262249708985,0.83684211342,0.415298538601
904,0.883142396003,0.267989851255,0.852631586947,0.368032929981
905,0.885761053882,0.265724867639,0.810526325514,0.431367611298
906,0.884779057263,0.266902328741,0.847368429758,0.375921515995
907,0.872013100382,0.291184230335,0.85526316613,0.450493744398
908,0.879541741699,0.282936153797,0.802631589535,0.494158350642
909,0.8693944426,0.303340016796,0.884210533217,0.253834918797
910,0.881178402715,0.272445772585,0.805263167541,0.522380727401
911,0.868412446029,0.298305602367,0.865789481684,0.354973135286
912,0.88216039953,0.27353431822,0.852631587731,0.328379927197
913,0.887070382822,0.255997819964,0.84736843015,0.416871613838
914,0.882487731509,0.267648861958,0.844736850575,0.360927432325
915,0.89525368839,0.252993794066,0.865789481292,0.391044679625
916,0.885106389437,0.273783798679,0.847368428974,0.308829070011
917,0.884451725284,0.267862131172,0.818421062082,0.475452031634
918,0.895581020807,0.243168058226,0.878947375244,0.29359723413
919,0.890016372655,0.258074642881,0.813157905089,0.458139632237
920,0.88870704374,0.262546643443,0.868421060474,0.326847057961
921,0.877250415848,0.286436402752,0.834210535021,0.46734129885
922,0.879541741553,0.285844041302,0.78947369519,0.499356023068
923,0.885106389485,0.267925731026,0.860526323318,0.347327816196
924,0.880851070639,0.280019922913,0.821052641853,0.544942220912
925,0.885106389412,0.257653606071,0.852631587339,0.411904839051
926,0.880523738514,0.269130839655,0.826315799434,0.352807610915
927,0.880851070468,0.295170828769,0.800000010745,0.459914489674
928,0.886415718084,0.279082723221,0.844736849987,0.362170466087
929,0.886743050599,0.267398956032,0.839473693387,0.486844063608
930,0.885433721757,0.263357784165,0.802631589143,0.558346695772
931,0.881178402984,0.277713941832,0.834210535805,0.482106248971
932,0.887397715142,0.255069307046,0.842105272569,0.412784325945
933,0.885433721708,0.278713060655,0.839473693387,0.412572757301
934,0.887397715093,0.272030089288,0.8078947479,0.579477638486
935,0.888379711615,0.273368329089,0.850000008156,0.385223431972
936,0.884124392769,0.263982048806,0.815789484272,0.407526256673
937,0.879869073922,0.283804930357,0.813157904501,0.485641166678
938,0.883797060692,0.260509207276,0.836842114988,0.447240418765
939,0.89132570162,0.248317694121,0.834210535413,0.493256681966
940,0.897545013949,0.250105471465,0.831578956231,0.345442275814
941,0.886743050526,0.268175067688,0.871052639265,0.369306945492
942,0.883142395857,0.269675728483,0.813157905089,0.47376062307
943,0.886088386056,0.269539964213,0.813157905481,0.535751115387
944,0.881833067136,0.293925516356,0.878947375244,0.383260088142
945,0.883469728372,0.275648896258,0.834210536198,0.432105107619
946,0.888379711518,0.267646884146,0.852631586555,0.390193298337
947,0.890998369397,0.253023409892,0.836842114204,0.445832037955
948,0.875286422536,0.279758383447,0.839473693387,0.439950623157
949,0.883797060595,0.267829409013,0.850000008941,0.331705150091
950,0.879541741626,0.276948077954,0.85000000796,0.368711272979
951,0.883469728372,0.259645811968,0.852631587731,0.409716292903
952,0.890671037272,0.253058274284,0.828947378224,0.522853263813
953,0.888707044082,0.268171288713,0.857894744528,0.326611640617
954,0.889034376061,0.249339420018,0.85789474492,0.353163224373
955,0.895908352762,0.24746215564,0.828947377832,0.437692100014
956,0.874631758115,0.312503259141,0.85526316613,0.385916004137
957,0.880196405803,0.293406675052,0.857894745312,0.372612529747
958,0.890343705244,0.25974430517,0.8657894809,0.301915083978
959,0.882487731801,0.294837640253,0.82894737744,0.426764947773
960,0.884451724991,0.259355363783,0.826315798846,0.49557971599
961,0.88379706079,0.272717044986,0.871052639265,0.320106775935
962,0.892307698385,0.248216430871,0.786842115812,0.596792862962
963,0.883469728177,0.268756485818,0.842105272177,0.41973217595
964,0.896563017281,0.249358250425,0.852631586947,0.348603464431
965,0.882487731655,0.28554999015,0.839473692602,0.412331786157
966,0.882160399188,0.272818850547,0.813157904697,0.514789511214
967,0.894271691673,0.245692128792,0.844736850575,0.400653822792
968,0.886415718523,0.272259059128,0.881578953643,0.31775885512
969,0.885106389315,0.271572182593,0.842105272177,0.350758007264
970,0.882815063512,0.264100605936,0.865789480507,0.430118783484
971,0.889034376134,0.25659501052,0.884210532825,0.27586410929
972,0.883797060546,0.270133547643,0.852631587731,0.402482399944
973,0.885106389583,0.282531983157,0.85526316613,0.365307689026
974,0.885433721659,0.26562666812,0.828947377832,0.452996176834
975,0.884451725138,0.276629262029,0.839473692602,0.37545817378
976,0.88379706057,0.2729014036,0.84473685136,0.364127171011
977,0.893944359499,0.256495368577,0.873684217663,0.305243377101
978,0.878887077034,0.275896122585,0.828947378224,0.431565175666
979,0.886415718376,0.267814163191,0.85526316613,0.38919526072
980,0.881505734938,0.261018515428,0.781578958819,0.557189153275
981,0.878887077303,0.271121622624,0.865789481292,0.356661250328
982,0.896563017378,0.253248132795,0.85526316613,0.330875841888
983,0.876268419618,0.275542250907,0.842105271393,0.400774966595
984,0.891325701717,0.25780133427,0.857894744136,0.403570119076
985,0.889689040799,0.250333903361,0.83684211342,0.372296712191
986,0.885761053931,0.24742382952,0.89736842717,0.277164033982
987,0.885106389632,0.26188926603,0.815789484272,0.477929858099
988,0.899836339605,0.247095442648,0.855263165345,0.438264293189
989,0.887070382968,0.269339618689,0.821052640676,0.473723140129
990,0.890016372826,0.265614908805,0.83684211342,0.361675126025
991,0.887070382627,0.271417460609,0.881578954427,0.329534902752
992,0.88870704413,0.274832301219,0.78947369519,0.504328476859
993,0.887397714947,0.263050805706,0.794736853163,0.620587417125
994,0.887070382432,0.26166599045,0.834210534237,0.483988129083
995,0.878887076986,0.277006512946,0.828947378224,0.422200093599
996,0.886088386202,0.271645482662,0.855263166522,0.391110211065
997,0.897872346171,0.252924358966,0.805263168718,0.528903431841
998,0.898854342937,0.249388135493,0.850000008549,0.51015299387
999,0.896563017305,0.251101867421,0.852631587731,0.368746716122
