epoch,acc,loss,val_acc,val_loss
0,0.744353530791,0.51736443252,0.778947379636,0.722803955408
1,0.76890344847,0.490270604332,0.781578959407,0.504753391209
2,0.759738146064,0.488119161753,0.797368432738,0.436706345332
3,0.7888707143,0.454173245853,0.73157895925,0.515574262134
4,0.768576116175,0.445632108092,0.797368430778,0.417637090591
5,0.787561385482,0.43906351324,0.789473693818,0.456526425226
6,0.771194774103,0.455273067807,0.81578948388,0.441380025917
7,0.782651402142,0.432283103564,0.742105276177,0.479004167412
8,0.792144036454,0.430942078647,0.768421064866,0.481444781744
9,0.79181670428,0.419818705195,0.755263169345,0.532423922351
10,0.806219322616,0.405758787879,0.77894737944,0.493988923925
11,0.802945999706,0.403132103664,0.789473695975,0.424639934919
12,0.800000009726,0.387352727549,0.757894748528,0.474217879047
13,0.799345345476,0.38644323323,0.771052642872,0.488480784587
14,0.787888717851,0.412704744689,0.747368433758,0.544728804625
15,0.787888717534,0.416405975355,0.802631589143,0.391805219219
16,0.798363348759,0.394892186719,0.802631590123,0.428297659676
17,0.80065467461,0.384402837476,0.797368431562,0.438956189803
18,0.799672677772,0.402090129627,0.800000009764,0.419959097022
19,0.808837980471,0.38349439105,0.789473695975,0.435529127619
20,0.795417358754,0.39510210056,0.810526325907,0.404258708911
21,0.797054019624,0.401259851778,0.805263167933,0.413417946253
22,0.806873987281,0.38567328775,0.821052641853,0.378365339613
23,0.802618668264,0.396654569954,0.805263167345,0.388573074125
24,0.798690681274,0.393993562645,0.784210536825,0.409476737639
25,0.806546654668,0.385587790027,0.794736851987,0.409185971182
26,0.798690680835,0.382279677923,0.805263168326,0.377909936991
27,0.80916531206,0.385921238938,0.794736853556,0.374473099548
28,0.798363348369,0.39292886149,0.80789474594,0.366141960123
29,0.804255328816,0.385086165269,0.789473694798,0.410361213119
30,0.793780697763,0.398871554047,0.7710526415,0.427308032902
31,0.796399355496,0.389533196949,0.789473694994,0.454599670085
32,0.790834707344,0.398904967413,0.802631588751,0.405344057828
33,0.810474640975,0.382614101343,0.794736853163,0.398400940687
34,0.799018013253,0.383498161165,0.781578958035,0.400605510871
35,0.796399355569,0.390850349273,0.855263165737,0.366376234709
36,0.802946000121,0.39435480935,0.768421064082,0.453698319824
37,0.796399354959,0.387928965244,0.771052643657,0.410986098804
38,0.804582661527,0.397072146352,0.821052640284,0.391075955116
39,0.802618668093,0.372996021263,0.792105274765,0.454078283063
40,0.815057292264,0.373302362018,0.792105273589,0.39306475178
41,0.829787242969,0.364707635767,0.805263168326,0.386132837347
42,0.811456638472,0.392895287327,0.77894738042,0.408237314587
43,0.812438634799,0.367696418657,0.823684220055,0.369812192885
44,0.808183315952,0.387638109479,0.778947380813,0.429065998252
45,0.822258601724,0.359233690313,0.77631580163,0.466413817221
46,0.793453365125,0.395262367987,0.78947369519,0.414351917117
47,0.789525378404,0.386082986897,0.815789484272,0.379953406065
48,0.821603937181,0.362351265116,0.794736852771,0.392617874093
49,0.8078559839,0.364691083992,0.773684221075,0.403341221182
50,0.81309329922,0.368607260336,0.818421062278,0.373741777124
51,0.813093298952,0.37751274951,0.773684222055,0.441418011134
52,0.810147309337,0.374226901589,0.839473693387,0.370357507595
53,0.801636671157,0.375765624613,0.797368432346,0.395256394913
54,0.799672678064,0.392431192039,0.802631589927,0.376610162227
55,0.807855983339,0.375567787322,0.802631589143,0.404878766325
56,0.793453365296,0.397469257152,0.813157905873,0.408196488984
57,0.803273332636,0.380309323206,0.81578948388,0.398106891368
58,0.794762694309,0.381197468105,0.765789485684,0.400565498754
59,0.80130933869,0.386026437905,0.792105274373,0.405311186651
60,0.806546655131,0.377222001357,0.807894747116,0.400085257268
61,0.816366621301,0.38091515268,0.805263167933,0.37350892452
62,0.811129305835,0.373583432378,0.860526324103,0.338170302934
63,0.801964003574,0.385460892098,0.80000000996,0.410975736321
64,0.804909993481,0.390996708295,0.815789482703,0.370296275635
65,0.813420631735,0.372053642527,0.786842116008,0.401529210669
66,0.801964003672,0.384901237676,0.818421061494,0.389598537629
67,0.816693953767,0.365947376601,0.786842116204,0.421320681705
68,0.813747963617,0.378193967386,0.818421063455,0.377751053948
69,0.821603936937,0.36555174026,0.786842116792,0.416785137826
70,0.802618667849,0.380386336857,0.82894737744,0.380985005121
71,0.810801973271,0.37146198852,0.810526326299,0.372497615159
72,0.815057292678,0.371815803788,0.807894747116,0.382061811164
73,0.806873986818,0.373433500443,0.813157904697,0.388477315146
74,0.808510647956,0.385033016753,0.826315799434,0.391053133007
75,0.817348618091,0.380605584251,0.842105272569,0.328606886299
76,0.81407529623,0.380438169364,0.823684219663,0.364001759867
77,0.805564657829,0.389632811596,0.784210536629,0.409691401316
78,0.793780697177,0.389452588551,0.794736852771,0.409646716704
79,0.81767595046,0.369285171934,0.781578959211,0.408782725467
80,0.810147308338,0.372537359864,0.810526326299,0.369434528053
81,0.805237325314,0.400331886427,0.784210537609,0.434413659631
82,0.814729960699,0.372767502543,0.797368432346,0.397346196892
83,0.799672677772,0.376079520525,0.810526325514,0.403198505507
84,0.807855983803,0.370194418085,0.831578956623,0.358326041483
85,0.809819977017,0.383604211949,0.828947378224,0.335085648896
86,0.812765966802,0.37103907003,0.792105273981,0.403502753813
87,0.815057292532,0.377305203418,0.79736843117,0.405146877968
88,0.812438634848,0.375752784202,0.831578956231,0.330548791607
89,0.821931269428,0.357358062545,0.776315800453,0.445383203167
90,0.820949272248,0.363054047776,0.797368430582,0.389279437889
91,0.804909993116,0.380556203492,0.810526326691,0.41056101083
92,0.813747963665,0.372792693699,0.805263167737,0.407054374583
93,0.814402628282,0.372314339293,0.786842115223,0.381935685824
94,0.80327333266,0.38268249699,0.792105274177,0.374865708383
95,0.815711956831,0.38113918542,0.818421061298,0.40354412201
96,0.82127660469,0.361501818739,0.815789483095,0.384792142646
97,0.810474641487,0.371711920624,0.778947380616,0.430815576919
98,0.807528651604,0.35872944053,0.836842113812,0.351785784979
99,0.81276596668,0.379864682286,0.839473692994,0.350903574573
100,0.824549927356,0.354723871754,0.781578959211,0.38903368387
101,0.814075295961,0.363022441255,0.792105273589,0.403244478726
102,0.815711956782,0.365668495785,0.821052641461,0.36057396086
103,0.817675950704,0.361539645983,0.81578948388,0.400005419395
104,0.803927996594,0.384228103436,0.76578948588,0.447647946348
105,0.807201319211,0.368153307361,0.797368431954,0.37680182204
106,0.815711957124,0.365925979229,0.80000000996,0.378239211283
107,0.809819977139,0.388929730961,0.818421062278,0.389799527481
108,0.802618667654,0.388472927524,0.792105272804,0.40166605161
109,0.811783970012,0.361139888654,0.786842116988,0.416659133313
110,0.801309338544,0.387557161859,0.813157904501,0.381991856192
111,0.805564657805,0.37896229145,0.810526325318,0.416402618254
112,0.806873987086,0.393774013314,0.813157904697,0.389809014619
113,0.823240598246,0.361121266434,0.842105271785,0.36631997959
114,0.807528650922,0.380557181841,0.781578959211,0.451516709045
115,0.808183315318,0.383630453595,0.821052641461,0.352061779091
116,0.801309338544,0.375375706794,0.752631589574,0.436881764351
117,0.819639943821,0.369101932672,0.823684218487,0.370559665865
118,0.81276596707,0.372727022807,0.786842116792,0.40973604696
119,0.813747963226,0.367408182899,0.789473695582,0.410159609771
120,0.809492644477,0.354753745308,0.834210534629,0.39519925402
121,0.806219322421,0.384848074326,0.823684220251,0.370449915626
122,0.801636671083,0.38339934481,0.776315800257,0.430733326234
123,0.813093299147,0.372148352905,0.81842106267,0.357092591248
124,0.813747963812,0.371884207179,0.821052641461,0.375615942733
125,0.801309338934,0.3832606309,0.828947377832,0.38392739047
126,0.817348618018,0.361213804364,0.828947378224,0.359016717853
127,0.814729960358,0.368318607869,0.781578958819,0.410593540555
128,0.79279870046,0.392336494318,0.781578958035,0.409690922126
129,0.815384624389,0.378932834793,0.81578948388,0.401779127062
130,0.817021285966,0.371188221216,0.8078947479,0.406735071398
131,0.812111302479,0.369209718965,0.768421064866,0.413675298106
132,0.82782324934,0.361575019364,0.821052641853,0.367864951344
133,0.809819976578,0.371167329032,0.763157907285,0.494125727956
134,0.814402627721,0.38343005914,0.789473694798,0.410340798431
135,0.824877259774,0.356054786135,0.810526325907,0.41566582975
136,0.814729960431,0.379830724418,0.805263167933,0.396667626441
137,0.81178397011,0.374476674975,0.805263168326,0.405231783853
138,0.800327342558,0.374442129961,0.805263167541,0.381426907095
139,0.805564657805,0.374823636734,0.789473693622,0.420188472116
140,0.809819977139,0.371558404191,0.81578948388,0.360264696279
141,0.807201319016,0.374714690942,0.792105274765,0.38871025598
142,0.81145663835,0.371012063761,0.826315799434,0.38467840218
143,0.822585933874,0.370575480907,0.794736852379,0.415779990071
144,0.8088379803,0.364421510316,0.776315800846,0.410643590075
145,0.8193126115,0.366890532734,0.77631580065,0.427441850746
146,0.807528651361,0.383604827848,0.797368431758,0.402552823267
147,0.817348617847,0.373735596964,0.786842115027,0.390171848826
148,0.804909993481,0.375674456675,0.802631589143,0.370008361918
149,0.829132578231,0.355844907987,0.802631589143,0.423633517158
150,0.815057292434,0.365667718376,0.802631589731,0.396417405407
151,0.81047464156,0.375932990566,0.778947378852,0.432660189408
152,0.823895262667,0.368929830223,0.805263167933,0.393508696635
153,0.809819977017,0.373117806308,0.831578955839,0.358747708268
154,0.813420631418,0.369384598237,0.810526326691,0.368876537259
155,0.821603937059,0.362761948593,0.778947379244,0.434610430935
156,0.818330615027,0.368264266931,0.800000011137,0.394917545644
157,0.806546654546,0.389570783525,0.789473695582,0.436733290357
158,0.812438634726,0.378494450069,0.763157905325,0.408837042945
159,0.825204591631,0.358393620547,0.794736853556,0.424971838727
160,0.805237325875,0.387628684262,0.810526325122,0.382993614497
161,0.808510648029,0.382298263988,0.805263168326,0.373005774068
162,0.810801973539,0.364476657672,0.813157904305,0.368408286552
163,0.823240598148,0.359332512875,0.794736853556,0.415012107378
164,0.821276604885,0.363410957938,0.792105275157,0.391352379204
165,0.820294608485,0.360594982309,0.813157904697,0.394437495913
166,0.817675950118,0.378240803516,0.786842117576,0.408564806554
167,0.821276605227,0.373442728822,0.79736843117,0.431002293468
168,0.819967276068,0.36259330814,0.763157906305,0.424462389397
169,0.817348617554,0.374455951886,0.807894747116,0.372270744784
170,0.820294607998,0.376573239881,0.836842114988,0.358401723745
171,0.808510647468,0.373347624844,0.794736852575,0.448629524167
172,0.817021285893,0.369375521869,0.7868421164,0.410119279729
173,0.816693953402,0.363532485139,0.800000011921,0.400258518167
174,0.785270059826,0.38999700239,0.818421063062,0.38122260345
175,0.809492644477,0.382922397686,0.800000010352,0.379245374548
176,0.804582661234,0.392105340653,0.760526327318,0.430851337034
177,0.816039289151,0.358920752844,0.78947369519,0.376008096837
178,0.807201318894,0.385425070596,0.781578958427,0.404037432892
179,0.804909993433,0.38464910965,0.797368431562,0.39222684358
180,0.806546654132,0.400595216724,0.76052632771,0.469361061622
181,0.806546654497,0.382534297528,0.857894745312,0.335046927616
182,0.808183316245,0.376577369503,0.805263167541,0.380510659092
183,0.81963994365,0.360246449599,0.794736853163,0.398448864243
184,0.816366621423,0.376010359712,0.7868421164,0.403301433513
185,0.815384624437,0.35856571746,0.815789483488,0.380809140882
186,0.810801973783,0.366732266806,0.797368431562,0.395691158642
187,0.818985279521,0.356117616943,0.778947379048,0.433351775901
188,0.826841253086,0.360173075318,0.821052641853,0.36626789415
189,0.837643216485,0.351918764998,0.813157904697,0.385046377484
190,0.808510647882,0.375756845171,0.786842116792,0.442676747365
191,0.801309338788,0.387730117052,0.789473694798,0.430135652472
192,0.817021285795,0.369840748352,0.805263167541,0.386913483815
193,0.822258601773,0.368478923658,0.818421062474,0.372557679583
194,0.818985278912,0.362239256891,0.794736852183,0.403046415629
195,0.817021285575,0.357050068994,0.773684222251,0.434800198008
196,0.812765967217,0.376144950158,0.781578959211,0.421591774806
197,0.813093299171,0.363820634831,0.805263167933,0.387491121839
198,0.821931269575,0.360324109744,0.81842106267,0.384240809019
199,0.8232405981,0.356474094081,0.807894747312,0.376968077482
200,0.817348618066,0.358169306124,0.800000010156,0.393233114608
201,0.802291335309,0.385789651076,0.813157903913,0.422707286271
202,0.817675950631,0.372451279514,0.786842115616,0.388077321413
203,0.816366621179,0.359194541877,0.818421062278,0.384175757093
204,0.81112930564,0.378425186168,0.792105275157,0.38951655492
205,0.809492644819,0.372984692125,0.831578956623,0.360287118605
206,0.80294599995,0.378224517364,0.828947377244,0.379453911789
207,0.796726687548,0.387424323494,0.800000008784,0.402776189933
208,0.822258601383,0.364509618321,0.77894738042,0.435125310954
209,0.809165312303,0.365906585953,0.794736852379,0.402750846685
210,0.817021285771,0.363342295448,0.792105274373,0.392190312526
211,0.819967275775,0.356038349472,0.784210538001,0.417377548979
212,0.818003282536,0.366896578374,0.797368430778,0.393369645518
213,0.818003282561,0.365232798001,0.768421064082,0.443139514347
214,0.809165312645,0.372765643641,0.800000011137,0.416194398593
215,0.806219322275,0.370226010692,0.815789483488,0.373540145688
216,0.820949272882,0.358785272596,0.800000011137,0.430518794854
217,0.82094927298,0.355404182903,0.807894747116,0.39347110076
218,0.818985279156,0.365401843895,0.823684220251,0.355207110706
219,0.815711956807,0.358022817784,0.771052644441,0.41732918302
220,0.822258601724,0.358631834766,0.839473693779,0.357351718127
221,0.802291335529,0.374050080666,0.792105274765,0.416618891649
222,0.820621940611,0.366187028453,0.760526328887,0.44847704127
223,0.827495917727,0.362889220923,0.810526326299,0.388859961427
224,0.821276604934,0.365015502245,0.815789484272,0.38714134948
225,0.823567929883,0.362689724518,0.810526326691,0.399510517128
226,0.824877259238,0.362225936278,0.781578959211,0.411803702579
227,0.832733232778,0.351496306615,0.815789483488,0.399255750358
228,0.818657946982,0.363151776676,0.792105274373,0.448483181529
229,0.816366621496,0.361466131665,0.836842114596,0.347916171016
230,0.81342063176,0.373679233102,0.765789486076,0.414381866049
231,0.814402627916,0.360450898091,0.800000010352,0.371562190746
232,0.812111302088,0.366964408728,0.763157905913,0.408684707688
233,0.828477913956,0.338279939115,0.771052642088,0.505058431299
234,0.804582661112,0.374959689981,0.7868421164,0.400609965473
235,0.805564657463,0.368140605073,0.81842106267,0.368998914663
236,0.824877259457,0.355896035042,0.797368431366,0.402461064342
237,0.814402627989,0.360168162032,0.807894747508,0.409814075371
238,0.81833061471,0.376855053812,0.789473694014,0.37140007768
239,0.823895263106,0.350781060365,0.828947378617,0.355321959972
240,0.836006554981,0.349259738056,0.784210536825,0.399323566694
241,0.827495917483,0.352192885966,0.807894746724,0.365227615069
242,0.82094927276,0.363854507841,0.810526325907,0.383928370809
243,0.818657947104,0.358212374919,0.823684219859,0.373461473733
244,0.810147309264,0.372804819117,0.781578958035,0.409950788298
245,0.823240598514,0.352624687352,0.823684221036,0.365872296652
246,0.811456637716,0.375270128921,0.784210537609,0.390019254465
247,0.818330614783,0.358666235182,0.831578956623,0.371015143581
248,0.838297880832,0.338308451865,0.81578948388,0.377937670969
249,0.81833061493,0.348433795176,0.789473695975,0.388591545046
250,0.830769239125,0.341725452247,0.826315799042,0.387943741351
251,0.825204591826,0.352899913897,0.826315799826,0.38983440083
252,0.816366621667,0.362729946215,0.863157902893,0.312932603306
253,0.81734861831,0.350481805698,0.807894746724,0.359193629438
254,0.817021285917,0.370952650746,0.792105273197,0.414088049707
255,0.816039289029,0.359520518485,0.794736852771,0.388130759918
256,0.808510647931,0.375353311178,0.79736843117,0.408731276316
257,0.820294608266,0.358593785809,0.807894747508,0.374451002253
258,0.817675951118,0.355512242917,0.794736853163,0.3784403849
259,0.813420631418,0.370881336862,0.773684222447,0.394925518182
260,0.822258601773,0.347791498926,0.813157904305,0.388012473153
261,0.829132578231,0.346323017269,0.823684219859,0.366722493383
262,0.808183315708,0.368775547538,0.818421063062,0.333851407968
263,0.809819977115,0.360524371108,0.794736853163,0.377954177951
264,0.823567930737,0.350790337569,0.82894737744,0.391956234326
265,0.826841252818,0.34979641357,0.813157905481,0.326799548623
266,0.805237325533,0.378081450925,0.786842115223,0.42333900453
267,0.835024558288,0.344837161016,0.786842116008,0.381444057744
268,0.818657947006,0.35611376598,0.807894747312,0.396485702478
269,0.82978724292,0.344768927745,0.778947380028,0.395162744055
270,0.81767595024,0.359124343641,0.797368431562,0.374966987139
271,0.822585933825,0.359463384116,0.781578957642,0.362646576483
272,0.81865794703,0.354283693733,0.813157903717,0.434451872287
273,0.819967276019,0.351678859912,0.834210535805,0.384323174624
274,0.826186588031,0.365252433939,0.805263168718,0.413864580718
275,0.831096571811,0.349188013072,0.802631589339,0.351263054254
276,0.820621940245,0.358645578892,0.839473692602,0.337280213735
277,0.808183315684,0.375695859876,0.744736854575,0.411900121474
278,0.814729960236,0.358850690803,0.742105274804,0.420897755404
279,0.822258601724,0.34865569433,0.836842114988,0.330467170876
280,0.819639943479,0.354433479583,0.834210535805,0.383599695504
281,0.817675950314,0.368081333131,0.781578958623,0.43994383857
282,0.824549927332,0.35721040978,0.757894749312,0.391440737159
283,0.825859256125,0.341906795708,0.784210535649,0.389403693451
284,0.818657946957,0.352098306711,0.80526316911,0.385511387434
285,0.817348618286,0.364113081887,0.81052632375,0.392506601387
286,0.831751235915,0.341298594303,0.813157905089,0.399487825552
287,0.807855983535,0.379459173353,0.834210536198,0.368301945199
288,0.83404256201,0.341383156106,0.78157895725,0.411203058657
289,0.8274959168,0.337818100049,0.786842115616,0.403573218267
290,0.83240590058,0.345932468077,0.836842114596,0.359147425055
291,0.819312611549,0.356833713565,0.776315800453,0.426101247339
292,0.814402627818,0.361719424969,0.813157904697,0.343958263334
293,0.825204591875,0.347100232876,0.815789482703,0.392050444565
294,0.812765966826,0.376510277086,0.828947377048,0.372148717827
295,0.829459910136,0.362551678442,0.794736852379,0.404274374565
296,0.835679223368,0.339739841435,0.807894747116,0.385573701737
297,0.82847791398,0.344232381427,0.810526325907,0.381653907856
298,0.8160392892,0.357036193537,0.823684219859,0.359508019921
299,0.825859256028,0.345395078794,0.794736852379,0.429334475855
300,0.821931269502,0.343477476565,0.831578957015,0.352660937137
301,0.829787242822,0.345952292231,0.813157903913,0.370510967791
302,0.826186588543,0.345440576722,0.7868421164,0.363600354446
303,0.818657947323,0.357889785424,0.81842106267,0.356859636052
304,0.826513920107,0.350040727107,0.757894747547,0.413429187807
305,0.829787242725,0.341404420484,0.794736852967,0.397266224541
306,0.826841252867,0.35284638628,0.815789483488,0.391359876498
307,0.816693953572,0.368688114926,0.810526325907,0.36833204356
308,0.817675950045,0.362037588283,0.797368431954,0.385241575073
309,0.82553192339,0.34121218481,0.834210535413,0.35921708916
310,0.806873986818,0.361698643458,0.784210536433,0.39482392307
311,0.808183315269,0.367309612437,0.781578958819,0.401727713105
312,0.815057293068,0.360371638876,0.81842106267,0.383354670013
313,0.819312611573,0.354986426946,0.786842116792,0.390704730182
314,0.819967275629,0.348474756895,0.792105274373,0.39729507189
315,0.820294607754,0.358371447924,0.765789484703,0.39613234987
316,0.819639943869,0.354486272276,0.750000010392,0.440248938375
317,0.830441907438,0.34440681709,0.815789484272,0.363384956837
318,0.827168584772,0.342759137373,0.802631589927,0.374069112745
319,0.828477913663,0.340957757201,0.781578958819,0.395143673363
320,0.828805245935,0.341353182682,0.794736852967,0.417771719641
321,0.818003282219,0.360459943438,0.802631589535,0.392378777756
322,0.812438634653,0.370550409703,0.800000011137,0.40789522613
323,0.824877259579,0.353878004943,0.813157904305,0.370071065955
324,0.829787243066,0.343419658926,0.800000010156,0.369684632034
325,0.816366621081,0.358184532611,0.802631589535,0.358465086424
326,0.832733232729,0.340560340208,0.794736853556,0.420874627993
327,0.821276604812,0.352277793697,0.807894747116,0.40796702784
328,0.81243863475,0.374035737726,0.813157904305,0.385988615012
329,0.820294607949,0.360225672283,0.823684220251,0.386314082646
330,0.825204591582,0.35396245717,0.847368429758,0.324454996759
331,0.823567930371,0.349793205785,0.810526327083,0.35868969442
332,0.831423903936,0.343827128544,0.805263167933,0.419768206824
333,0.825859255784,0.350361253109,0.792105274373,0.388194862557
334,0.829459910551,0.358003011556,0.781578957642,0.411092488291
335,0.823240598173,0.350105628091,0.81052632473,0.4068292448
336,0.82356793042,0.357242184324,0.792105274765,0.410689206598
337,0.821931269355,0.352075888609,0.831578956623,0.3379313286
338,0.81931261172,0.354861474027,0.776315799669,0.397397273661
339,0.821276604495,0.358932725927,0.815789482703,0.357262858949
340,0.820294608193,0.345378717648,0.792105274765,0.399242105551
341,0.818657946811,0.354822957574,0.77105264248,0.393497569192
342,0.826186588446,0.345851424892,0.818421062278,0.376885224624
343,0.822258601749,0.352994352286,0.781578958819,0.389391872248
344,0.830114574704,0.331822233802,0.763157905717,0.442815335026
345,0.819312611842,0.356817774853,0.786842115419,0.403601974494
346,0.822913265999,0.353289913465,0.826315799434,0.36088003674
347,0.828805246203,0.345880036476,0.810526325122,0.35998238878
348,0.823240598173,0.342571881894,0.800000010156,0.425070755135
349,0.831423904277,0.34138394919,0.760526327906,0.426526523097
350,0.81669395367,0.353190523232,0.802631590319,0.37897874062
351,0.82520459168,0.350519666659,0.805263168326,0.369574080908
352,0.822913266048,0.347953115335,0.813157905089,0.370128901038
353,0.833715229544,0.339974041754,0.781578958819,0.407923732664
354,0.827168585333,0.349107973851,0.807894747116,0.362577642363
355,0.839279877598,0.33764513065,0.786842115812,0.39680298892
356,0.824549927234,0.346789629328,0.789473694798,0.396193158801
357,0.815057292483,0.359576781099,0.778947380028,0.443676548128
358,0.814729960577,0.363500123609,0.823684220643,0.329166088939
359,0.816693953645,0.352235499763,0.828947377048,0.356162906257
360,0.817675950387,0.362129801582,0.773684221859,0.400920737241
361,0.828150581733,0.361595180916,0.784210537609,0.415023815009
362,0.823567930249,0.351194813555,0.807894747116,0.361640263055
363,0.832733233022,0.340714341155,0.800000011137,0.397522566914
364,0.831096571957,0.339543346072,0.773684222251,0.446465124425
365,0.820949272516,0.357129047581,0.802631589143,0.354121719659
366,0.81767595046,0.356915946519,0.805263168129,0.396307676712
367,0.835351891023,0.341873311665,0.821052641069,0.390036119393
368,0.823240598246,0.349924903796,0.784210538786,0.415251273907
369,0.826841252525,0.35814065674,0.821052641069,0.373455616302
370,0.822258601602,0.360150931924,0.784210537217,0.393842528133
371,0.822258601188,0.346961251952,0.821052641461,0.368193251988
372,0.825859256077,0.344254019705,0.750000012744,0.433783774215
373,0.830114575094,0.345625958142,0.757894749312,0.442184137524
374,0.815711956977,0.364802573821,0.818421063062,0.354209565607
375,0.820949272736,0.352356494644,0.805263167933,0.376914829898
376,0.822585933508,0.363876270627,0.802631589535,0.375766356445
377,0.81931261111,0.355045431923,0.789473694014,0.377903789208
378,0.819312611549,0.360070561512,0.797368430778,0.433339214247
379,0.817675950314,0.36336101127,0.802631589143,0.373813396516
380,0.831751236256,0.352911381889,0.784210538394,0.38206226016
381,0.821603937206,0.342404887025,0.789473696367,0.385652768475
382,0.817348618066,0.356093577626,0.831578956623,0.359786276951
383,0.830769239759,0.344012167799,0.836842114988,0.357165463171
384,0.837315884091,0.3447581903,0.823684219859,0.354133142796
385,0.818657946982,0.351272169812,0.755263168953,0.447942169971
386,0.818985279156,0.349791649949,0.797368431954,0.385645036046
387,0.830441907365,0.353450707884,0.802631589339,0.3831913183
388,0.822913265804,0.349029909508,0.802631589143,0.366510717002
389,0.83338789737,0.341366815696,0.807894747116,0.369547776437
390,0.822258601773,0.3575789891,0.765789483919,0.425789552594
391,0.818657947299,0.359727420852,0.805263168326,0.391576462879
392,0.829787242822,0.342655356931,0.776315799277,0.384049249862
393,0.823567930444,0.351462777881,0.752631590947,0.433860852236
394,0.817675949948,0.346339246798,0.771052643657,0.406890146238
395,0.823240598319,0.348617756998,0.794736852379,0.403752132368
396,0.819639943625,0.358572267752,0.76842106369,0.395407099914
397,0.842880531902,0.320426995511,0.850000008549,0.325835056407
398,0.828150581489,0.343809240249,0.810526325907,0.406518216882
399,0.835351890657,0.340314541116,0.792105275157,0.42857262551
400,0.831751236085,0.337667261605,0.76842106369,0.395313792948
401,0.829787242871,0.346229420222,0.807894748292,0.392688127467
402,0.827168584919,0.350287613467,0.771052644049,0.428296699924
403,0.828477913834,0.341583118745,0.768421064474,0.401990557972
404,0.827495917263,0.342182384216,0.831578957015,0.358624462124
405,0.818330615027,0.360856632005,0.75789474892,0.435028736774
406,0.820621940416,0.34590961628,0.80526316911,0.356507167379
407,0.82160393723,0.359010315895,0.797368432738,0.371536243315
408,0.828150581489,0.337967483232,0.784210537217,0.390398169868
409,0.826186588202,0.3413597145,0.763157905717,0.442136405036
410,0.823240597831,0.354511152752,0.781578959603,0.427676207803
411,0.838625212616,0.330723348157,0.792105272804,0.384163707642
412,0.822913265828,0.367520808893,0.789473694014,0.389304570094
413,0.818657947226,0.352288801644,0.77894737944,0.414417675059
414,0.820949272443,0.348084966626,0.781578958819,0.406123407945
415,0.833715229349,0.341871728496,0.800000009568,0.372804719023
416,0.837643216119,0.341204584681,0.84736843015,0.331563768026
417,0.824549927088,0.351834062749,0.768421064474,0.393023260575
418,0.833387897321,0.342652505236,0.805263168718,0.372592877278
419,0.810801973076,0.357544337437,0.813157904697,0.396844554791
420,0.835679223173,0.339834371768,0.844736849987,0.355408265304
421,0.828477913931,0.343321313274,0.797368430778,0.386076187323
422,0.83240590075,0.343751779969,0.815789484272,0.353023454988
423,0.825531923732,0.357113150218,0.805263168326,0.377023238591
424,0.828150581489,0.350686295613,0.797368430189,0.380853272533
425,0.835351890316,0.345851261925,0.821052641069,0.395517977653
426,0.83404256162,0.338991569212,0.836842114204,0.384061895017
427,0.831423903497,0.346408729955,0.823684221036,0.379409780628
428,0.834042561718,0.346166511013,0.813157904305,0.379836975695
429,0.828805246057,0.340343888453,0.828947377832,0.320578551459
430,0.838625213079,0.347124212655,0.813157904697,0.357887247773
431,0.834369894062,0.34880375264,0.773684221271,0.436541563194
432,0.82749591719,0.355656044,0.80526316911,0.379750783874
433,0.827168584724,0.336643033827,0.813157905089,0.398153611459
434,0.828150581611,0.358373911152,0.781578958623,0.451738818843
435,0.823567930664,0.350234788344,0.818421061886,0.364031596894
436,0.833387897175,0.337205291124,0.789473694406,0.399748785813
437,0.829132578011,0.348440510174,0.815789483488,0.365810907299
438,0.827823249193,0.350321377242,0.810526326299,0.356741221229
439,0.831423904131,0.335856534297,0.800000010745,0.339756121246
440,0.847790515364,0.331648869193,0.805263168326,0.385213990671
441,0.831751236671,0.345709522177,0.818421061886,0.377535148083
442,0.830441907146,0.335936257546,0.847368429758,0.30821169952
443,0.829459910356,0.335391287291,0.821052641069,0.389006822493
444,0.827823249291,0.343638546679,0.776315801238,0.397066416473
445,0.825859256028,0.348455124372,0.773684221859,0.40928319871
446,0.823567930493,0.349690025974,0.789473694602,0.386499169381
447,0.843535196249,0.333564050246,0.79736843117,0.417412956392
448,0.836661219743,0.325721971813,0.813157905089,0.349903761948
449,0.823240598002,0.348741081398,0.800000009764,0.424744677975
450,0.829459910161,0.332975669708,0.821052641069,0.377756635095
451,0.828150581831,0.346382936838,0.813157905873,0.424417933645
452,0.825531924049,0.344679630915,0.815789483488,0.357820955497
453,0.827823249657,0.345282531116,0.850000008549,0.338228449716
454,0.827823249437,0.355999717224,0.781578958819,0.413712550739
455,0.829787242456,0.343061815435,0.765789484703,0.420741069363
456,0.81833061471,0.369966951347,0.842105272569,0.33997867352
457,0.837970548512,0.343219226687,0.836842114596,0.369175688364
458,0.824877259603,0.338666985412,0.794736853163,0.420985853054
459,0.822913266048,0.366978051242,0.781578958819,0.390625243884
460,0.829132578011,0.338855464432,0.815789483292,0.378746022323
461,0.833060564806,0.343488963873,0.802631589927,0.36929326393
462,0.822258601505,0.346431182676,0.794736851595,0.388492460436
463,0.828805246715,0.345090778218,0.826315799826,0.379534997242
464,0.823567930591,0.36096804208,0.794736852771,0.383374758457
465,0.835024558483,0.34203546946,0.792105273589,0.403765571598
466,0.836333887472,0.344208189276,0.789473694798,0.400656233591
467,0.841898535404,0.335941311527,0.813157904893,0.369656927835
468,0.831423903521,0.341613311808,0.781578958819,0.412082272067
469,0.840261874193,0.338977273255,0.807894747508,0.345319529089
470,0.834042561644,0.331594894029,0.800000009372,0.39022039774
471,0.817348617579,0.356607070537,0.810526325514,0.37083933821
472,0.826841252452,0.348913786302,0.778947379636,0.415043762959
473,0.831096571859,0.34915822531,0.802631589535,0.374742120014
474,0.829132577938,0.355907195011,0.81842106267,0.363395845689
475,0.848117847831,0.322693364588,0.802631589143,0.36543840665
476,0.826841252672,0.347790127251,0.760526327318,0.422493145066
477,0.816039288956,0.365858105708,0.805263167149,0.36369644549
478,0.834697225822,0.334990679949,0.823684220643,0.377203060902
479,0.829787242652,0.346015370236,0.797368431562,0.376415520514
480,0.823895262545,0.356751280244,0.82894737744,0.381303704834
481,0.821603936596,0.354025335815,0.797368432738,0.44552352973
482,0.818657946909,0.354710439589,0.781578958035,0.395034324868
483,0.837643216363,0.332151095784,0.784210537609,0.389489132421
484,0.831751236305,0.332887335526,0.797368431954,0.396287764459
485,0.836988551942,0.346206595655,0.794736853948,0.384146826146
486,0.834697225822,0.337776047222,0.810526325907,0.358449485717
487,0.837643216411,0.335923671582,0.821052640873,0.365510109028
488,0.845171857363,0.320395464977,0.807894746332,0.383860799729
489,0.832078567894,0.337537771423,0.776315800453,0.405713907688
490,0.840589206513,0.332226244803,0.773684222447,0.423000521272
491,0.82389526274,0.354060767386,0.80000000996,0.420885466921
492,0.827495916922,0.345527518364,0.802631589927,0.400171940607
493,0.823240598344,0.340589876297,0.797368431366,0.377212625316
494,0.820621940611,0.353881851144,0.813157905481,0.358806020139
495,0.838952545058,0.337464764324,0.81578948388,0.371020239827
496,0.835351890901,0.322884751225,0.828947378224,0.362463407316
497,0.830769239564,0.341505222596,0.797368431562,0.397881004077
498,0.833060564854,0.339682152638,0.792105274373,0.381044843822
499,0.840589205977,0.331990555331,0.802631589535,0.396398632113
500,0.829459910795,0.335989657747,0.802631588751,0.373768947332
501,0.83076923932,0.334147668674,0.810526324926,0.390548724191
502,0.826513920693,0.335914327438,0.813157904697,0.353561769387
503,0.834697226358,0.346387150635,0.784210538786,0.407905764192
504,0.831423903668,0.346339853983,0.802631589927,0.399418764331
505,0.842553199679,0.332645950049,0.815789483684,0.387011610903
506,0.832078568454,0.338672742528,0.794736853163,0.401374678544
507,0.821276604812,0.361507332327,0.860526323711,0.31844112228
508,0.827823248876,0.345004164963,0.828947378617,0.340273932456
509,0.831096571274,0.341515660865,0.776315801434,0.416082223975
510,0.83960720965,0.335305850947,0.805263168718,0.387050868649
511,0.820621940269,0.361558891162,0.786842115812,0.425800655527
512,0.828805246252,0.348849417523,0.800000010156,0.382872333897
513,0.835351890852,0.343713980918,0.821052640676,0.39524823986
514,0.828150581026,0.346935822877,0.831578956231,0.355982292836
515,0.830114574484,0.350535129918,0.794736852967,0.38803986357
516,0.830441907438,0.345629655367,0.807894747116,0.35260483636
517,0.832078568381,0.333913700487,0.805263168718,0.388527231781
518,0.819639943528,0.349940961724,0.797368431954,0.394620039059
519,0.835679222539,0.330192745317,0.81842106267,0.368122252979
520,0.835024558117,0.334269702239,0.797368432346,0.386469798395
521,0.832733232705,0.347025933991,0.784210537609,0.426940590829
522,0.834369894209,0.339824760909,0.778947379048,0.404435731495
523,0.829459910795,0.339401712132,0.815789483488,0.372929785303
524,0.82258593402,0.35146683085,0.821052641853,0.357447792433
525,0.831751236061,0.33641843074,0.807894746724,0.41408500938
526,0.832405900336,0.339184576142,0.763157907285,0.414205559725
527,0.823567930322,0.355840232815,0.836842114988,0.372732957482
528,0.824877259408,0.360071282694,0.781578958819,0.380127571278
529,0.839607209528,0.341419743487,0.818421062278,0.365709547002
530,0.836661219548,0.337285863531,0.786842116204,0.407819819073
531,0.836988551624,0.347080292061,0.80000000996,0.376704118055
532,0.833715229202,0.344824000278,0.813157905089,0.395130425961
533,0.837643216094,0.338104038309,0.805263168522,0.380097602102
534,0.849099844426,0.339389725825,0.781578959995,0.442803305157
535,0.831751235793,0.340207150672,0.85789474492,0.33047296847
536,0.828805246032,0.356815745277,0.813157904305,0.3645902328
537,0.825204591558,0.345728798439,0.768421064082,0.411547380451
538,0.812111302162,0.365351257294,0.765789484899,0.403009454475
539,0.830441907219,0.345990326067,0.828947378617,0.35071957278
540,0.840589206294,0.328063623971,0.815789483488,0.361693321531
541,0.831423903619,0.349600489372,0.821052641853,0.394268861335
542,0.832733232997,0.3430750087,0.821052642245,0.37396751237
543,0.826186588568,0.345657083668,0.81842106267,0.387561757902
544,0.842880531585,0.327912820634,0.794736853556,0.383893854622
545,0.824877259067,0.35329776389,0.789473695975,0.421184117269
546,0.833060565342,0.340166762843,0.80789474594,0.358161185476
547,0.839934541824,0.338463006575,0.826315799826,0.370849054147
548,0.838297880637,0.333994404116,0.828947377832,0.357176720986
549,0.834369893599,0.333727707352,0.773684223624,0.420571701307
550,0.823895262789,0.351054611114,0.771052644049,0.40668080007
551,0.828805245691,0.34847991227,0.815789483095,0.378138183567
552,0.831423903668,0.341364090357,0.82894737744,0.371451934285
553,0.837643216265,0.339305162832,0.850000008549,0.325507564213
554,0.836006555395,0.342117698878,0.815789482899,0.379909236352
555,0.851391170009,0.317783045404,0.828947376852,0.398645653573
556,0.829787243139,0.338798538911,0.776315800257,0.381200197006
557,0.811129305664,0.368530615311,0.818421062082,0.375339090236
558,0.835679222685,0.340772783131,0.805263168718,0.367229134187
559,0.822585933996,0.345450689038,0.831578956623,0.358938024722
560,0.825859256369,0.350045891787,0.81842106267,0.36520206095
561,0.827823249023,0.345647981729,0.823684219859,0.343596657493
562,0.831751236037,0.333834388691,0.792105273589,0.394967830372
563,0.837970548634,0.33350225877,0.794736852379,0.370105990748
564,0.839934541824,0.324019628594,0.80789474594,0.367273609473
565,0.826186587982,0.354177843224,0.810526326299,0.383788798568
566,0.833387897199,0.340298570199,0.823684220643,0.369426322206
567,0.842553199752,0.327447952584,0.765789484899,0.445176693268
568,0.835024558166,0.339637898854,0.800000011137,0.380231350624
569,0.841898535038,0.34236846549,0.815789483488,0.383374174224
570,0.826513920351,0.353064450452,0.763157906501,0.433046831896
571,0.842880531877,0.339346933708,0.807894747508,0.381482638615
572,0.837643216192,0.33422975625,0.807894747508,0.389181294233
573,0.827823249437,0.343788540549,0.805263168326,0.384566304323
574,0.827168584894,0.36058089745,0.802631588751,0.363233103147
575,0.82716858465,0.349850996975,0.792105273589,0.402039033165
576,0.824877259116,0.356016202865,0.773684222447,0.42190863197
577,0.838625213055,0.336138340606,0.802631589927,0.386123445878
578,0.825204591631,0.348817203444,0.784210538786,0.411420963607
579,0.830769239393,0.352467364746,0.813157905089,0.382270440459
580,0.83764321646,0.342681088029,0.80526316911,0.407529610601
581,0.831423903814,0.341059089439,0.765789485095,0.401076885308
582,0.826513920302,0.347458070318,0.776315801434,0.453723667091
583,0.841571203011,0.335116732347,0.807894747116,0.373739791519
584,0.841898535063,0.333656623697,0.802631590319,0.374753661282
585,0.841243870617,0.330901472261,0.763157907285,0.420352653245
586,0.824877258969,0.343697825645,0.771052642088,0.409192371035
587,0.826513920546,0.336937024598,0.789473695975,0.426734986911
588,0.843535196201,0.330113756579,0.794736852771,0.397055293317
589,0.828150581587,0.34039395883,0.800000010352,0.383970520606
590,0.833387897297,0.345576508772,0.77894737944,0.409831742413
591,0.831096571591,0.343448050875,0.852631587339,0.37255317708
592,0.828805245983,0.34000600533,0.81578948388,0.400134655402
593,0.831423903887,0.347594258316,0.831578957407,0.374674393942
594,0.834042561766,0.334600241644,0.771052643657,0.439712289745
595,0.830769239222,0.338521456599,0.794736852771,0.377034542665
596,0.834042561693,0.347949007163,0.821052641461,0.366706311752
597,0.841243870788,0.321865738536,0.834210535021,0.335619069415
598,0.83666121967,0.334208056136,0.810526326691,0.379596174854
599,0.839279877452,0.331612746181,0.805263168522,0.40325569234
600,0.837315883725,0.33257206205,0.810526325907,0.362514197091
601,0.839934542044,0.335640797492,0.81052632473,0.37574030954
602,0.842225867456,0.326617989165,0.802631589535,0.365571483547
603,0.845826521955,0.32268919897,0.81842106267,0.38103308612
604,0.834042561718,0.347896059064,0.815789484272,0.354735583386
605,0.830114575118,0.34421448437,0.836842113812,0.348129532766
606,0.834042561644,0.343787299253,0.842105271785,0.316487036805
607,0.835024558313,0.346329165382,0.828947377832,0.349649020471
608,0.834042561669,0.331987685358,0.771052643265,0.451575953317
609,0.834042561327,0.340780285524,0.831578957015,0.353657112065
610,0.833387897223,0.33985934598,0.7868421164,0.426663197258
611,0.835351890145,0.330384956517,0.805263168326,0.368192945484
612,0.842553199923,0.335553789527,0.800000010352,0.369338632635
613,0.826186588129,0.345434769939,0.786842117576,0.40928846317
614,0.824222594451,0.34766786865,0.82894737744,0.35761805772
615,0.833060565025,0.339536830734,0.802631588751,0.359650200821
616,0.826513920595,0.342833082215,0.805263167345,0.353129859401
617,0.830114574996,0.342643602829,0.792105274373,0.39254727842
618,0.83600655542,0.339727594375,0.826315799434,0.386488806162
619,0.841243870617,0.334592125694,0.821052641265,0.325756091428
620,0.848772512032,0.32754240777,0.794736852771,0.412788934221
621,0.832078568015,0.339669134023,0.823684220643,0.378414435361
622,0.840916538443,0.344043933697,0.784210537217,0.400139072812
623,0.82585925632,0.346279860774,0.831578955642,0.346928117454
624,0.832733232632,0.340742473657,0.802631589143,0.383387280432
625,0.836333887203,0.342584592414,0.802631589143,0.352348824718
626,0.840261874071,0.334057879898,0.805263166169,0.416573288605
627,0.841571202718,0.336656507885,0.800000009568,0.391268406308
628,0.839934541702,0.337164233718,0.802631590711,0.418566752911
629,0.843535196225,0.337921304089,0.810526325907,0.376626136272
630,0.838625212836,0.332365736109,0.852631587731,0.340375500903
631,0.838952545058,0.339998373125,0.771052643461,0.387796904941
632,0.842553199508,0.341886124615,0.755263169933,0.438850257374
633,0.843207863954,0.327646668299,0.797368431954,0.37316460905
634,0.830114574655,0.355162981715,0.82894737744,0.385759817473
635,0.827168585065,0.341389771356,0.792105273393,0.415710871377
636,0.84091653859,0.328523006973,0.789473695582,0.385060316736
637,0.833715229373,0.351868811903,0.794736852771,0.405064265391
638,0.835351890706,0.338623918959,0.828947378224,0.371521065281
639,0.839607209772,0.331144197544,0.797368430778,0.378154782774
640,0.852700498949,0.320382924424,0.807894748292,0.39492002806
641,0.835351890828,0.343618184456,0.781578958819,0.398887977935
642,0.839279877086,0.327348162812,0.768421063102,0.419774209198
643,0.834042561937,0.333244182438,0.792105273589,0.408642262024
644,0.835024557947,0.335742572289,0.821052641265,0.354921790771
645,0.832405900458,0.34430488335,0.802631588555,0.394755241706
646,0.843207864271,0.334342014801,0.81578948388,0.357311587634
647,0.848117847416,0.329186102824,0.800000010745,0.376097395428
648,0.849754508798,0.31618330432,0.815789483488,0.384756070807
649,0.831423903863,0.339385562791,0.792105274373,0.409826708516
650,0.841571202523,0.328809708991,0.831578956231,0.352946886597
651,0.829132577987,0.34748322135,0.813157905089,0.383029664242
652,0.832733232997,0.336309235689,0.82631579865,0.345005957508
653,0.836006555054,0.337950502134,0.800000010156,0.373284608015
654,0.833715229544,0.344330090084,0.821052640676,0.347191164172
655,0.834697225895,0.346993133895,0.818421062278,0.39498324256
656,0.824222594817,0.358833354046,0.826315799042,0.367725357609
657,0.836661219743,0.341775103221,0.805263168718,0.369882194154
658,0.830114574801,0.339554583578,0.784210538786,0.405731088874
659,0.83240590058,0.343160137034,0.82631579865,0.379544603638
660,0.847135850651,0.32263423175,0.784210537609,0.397967586
661,0.831751235866,0.344926315224,0.821052641461,0.362832270465
662,0.826186588348,0.348479240438,0.807894747508,0.377095752935
663,0.844517193186,0.334082706348,0.834210536198,0.385828627996
664,0.833060564732,0.347697999627,0.815789482703,0.356030619924
665,0.842225867481,0.331702321865,0.776315800846,0.415536215014
666,0.828805246105,0.346461272163,0.802631589143,0.384401725238
667,0.846153854251,0.326549003599,0.813157905873,0.4128258044
668,0.838297880637,0.339708399497,0.807894746724,0.382721674138
669,0.841243870617,0.337418446686,0.807894747508,0.392982616923
670,0.835679222465,0.335918510903,0.776315801434,0.428187005663
671,0.8346972257,0.334484408395,0.818421062866,0.361388200355
672,0.83862521264,0.340141305008,0.836842114204,0.341073207925
673,0.826186588031,0.344361297957,0.836842114596,0.368168857978
674,0.835679222831,0.343962713966,0.789473695582,0.405996442037
675,0.846153853861,0.32455350333,0.7868421164,0.362912999491
676,0.832078568576,0.342149350219,0.786842117184,0.424244215118
677,0.835351890365,0.355888420426,0.818421061494,0.35411516077
678,0.831751235817,0.3319732686,0.810526325711,0.366086903567
679,0.828805245813,0.338386032804,0.81578948388,0.352485926503
680,0.836006554834,0.343837111743,0.802631589535,0.408633314465
681,0.83829788032,0.345002153763,0.844736850968,0.363550272256
682,0.819312611305,0.358424434868,0.810526325514,0.360442520217
683,0.85040917339,0.32275831975,0.81842106267,0.393350972181
684,0.840261874291,0.339117510424,0.865789481292,0.323081434459
685,0.844517193186,0.334351855109,0.828947378617,0.344673775185
686,0.845499189488,0.330486081961,0.77631580163,0.427991685899
687,0.84255319963,0.33220230288,0.82631579865,0.351082339834
688,0.854337159819,0.312285154564,0.778947379832,0.424090863205
689,0.845826521272,0.32452731293,0.826315798454,0.372200974876
690,0.838297880735,0.334154257121,0.815789482899,0.403882244014
691,0.840261874144,0.331272352444,0.82631579865,0.351688566471
692,0.836333887203,0.340792569544,0.805263168326,0.366434581896
693,0.830441907463,0.343317573076,0.821052641461,0.356835569966
694,0.822258601456,0.352300843764,0.757894746763,0.40606854057
695,0.844844525238,0.327334197259,0.81578948388,0.405517097661
696,0.849754508993,0.320976795534,0.821052640676,0.36780849756
697,0.840589205952,0.337345928478,0.81578948388,0.351540339902
698,0.839279877501,0.333615304741,0.784210537413,0.413149141854
699,0.849754508676,0.32587767793,0.789473694014,0.422915599199
700,0.839279877135,0.328759307398,0.815789484272,0.361165404516
701,0.836006554786,0.333148795922,0.823684219859,0.357810709846
702,0.84091653859,0.33017033063,0.8078947479,0.405910499713
703,0.850409173073,0.333338802653,0.765789486468,0.427915620642
704,0.84386252835,0.333457267909,0.802631589927,0.3943071651
705,0.841243870764,0.333987982599,0.815789483095,0.374436954576
706,0.836661219377,0.337326349047,0.823684219859,0.353783355903
707,0.829459910185,0.362207051867,0.773684222251,0.412455097258
708,0.840589206172,0.332553495405,0.81052632473,0.354883118557
709,0.832733232461,0.343985879071,0.815789483095,0.354334685192
710,0.842880532072,0.333529175114,0.813157903913,0.375528779861
711,0.834697226456,0.35089253444,0.778947380028,0.44092049984
712,0.841898535429,0.334570646164,0.8657894809,0.338076462087
713,0.830769239149,0.361374712688,0.839473692602,0.340915823502
714,0.831096571445,0.345294515052,0.784210536825,0.412948483209
715,0.836006555127,0.345179590163,0.800000010352,0.384474490181
716,0.840589205879,0.33578080401,0.81578948388,0.371366322188
717,0.842880531975,0.329303806187,0.813157904697,0.360934886554
718,0.837315884042,0.34207122951,0.789473694406,0.42323088592
719,0.847790515316,0.327142213241,0.794736852967,0.390283795741
720,0.829459910429,0.346097619335,0.828947377636,0.404140502361
721,0.833387897272,0.351115606774,0.818421063062,0.38576256376
722,0.844844525165,0.333296654536,0.792105274765,0.444220442509
723,0.833387897004,0.336180515569,0.818421063062,0.380783403243
724,0.815384624657,0.353063306215,0.802631589927,0.371836488968
725,0.841571202791,0.327154888935,0.821052641461,0.348103078646
726,0.846808518916,0.330743673457,0.792105275157,0.406478917569
727,0.831096571347,0.353816687219,0.789473694798,0.39761693511
728,0.835351890218,0.341622050358,0.826315798846,0.373138152994
729,0.84189853516,0.33965614132,0.805263168326,0.368886547114
730,0.842880531975,0.336464293783,0.821052641069,0.338717833697
731,0.843862528448,0.33718978799,0.773684222055,0.403463501802
732,0.844517192698,0.329532289515,0.831578956623,0.371344381576
733,0.83895254479,0.338815236473,0.807894746528,0.369174750914
734,0.851718502208,0.336544076746,0.79736843117,0.379125322068
735,0.846808518794,0.329347022042,0.77894738042,0.403605383294
736,0.829787242749,0.35529123507,0.81842106267,0.387841687195
737,0.840589206318,0.331362728444,0.860526324103,0.340096729085
738,0.832078568137,0.353575218804,0.857894744724,0.332092979433
739,0.836333887252,0.348896406182,0.805263168718,0.394114094615
740,0.841571203157,0.328957636769,0.81578948388,0.380598713203
741,0.835351890462,0.347695440078,0.821052641069,0.363754360054
742,0.833715229568,0.340329584301,0.794736852771,0.415144016648
743,0.831751236256,0.342577912846,0.84736843015,0.363829457275
744,0.847463182873,0.325635421972,0.773684221271,0.425896083274
745,0.837970548268,0.349331805906,0.813157904697,0.375984535356
746,0.847790515535,0.331457695404,0.810526325122,0.377980541904
747,0.846808518696,0.327455914639,0.784210538001,0.433252480273
748,0.846808518672,0.327340228931,0.818421063062,0.383767236098
749,0.845826521906,0.335643684818,0.818421063455,0.398537918656
750,0.830441907195,0.342982810637,0.823684220643,0.387235919112
751,0.834697225529,0.347403994242,0.831578956623,0.356851632756
752,0.847790515316,0.325766030071,0.773684221467,0.432459120884
753,0.859901807654,0.319304546631,0.781578958623,0.433501658863
754,0.839607209431,0.336892306274,0.810526326691,0.394551070897
755,0.85400982745,0.316739510751,0.792105274961,0.388821302876
756,0.824549927113,0.350027963556,0.810526325907,0.389137430656
757,0.829459910453,0.351659605813,0.815789483488,0.409898308817
758,0.846481186205,0.336801837929,0.831578956231,0.351728865338
759,0.836006555054,0.346523898549,0.800000010941,0.410133926345
760,0.832733233071,0.351260429306,0.823684220251,0.356727510115
761,0.844189860549,0.330619481034,0.805263168326,0.370466030001
762,0.840261873998,0.337013153692,0.789473695975,0.398233215986
763,0.848117847563,0.322213651676,0.784210536041,0.404214762715
764,0.847790515389,0.3191728235,0.77105264248,0.417945461764
765,0.846153854104,0.337584819242,0.821052641069,0.375387625439
766,0.8399345418,0.333104023304,0.826315799042,0.36332469898
767,0.853682495568,0.318467021007,0.765789485095,0.42609504386
768,0.838297880345,0.333578579713,0.828947378224,0.393716416346
769,0.845499189415,0.34187233645,0.826315799434,0.366316908872
770,0.824877258847,0.353158545865,0.805263168718,0.359310061524
771,0.847790515145,0.337676680371,0.781578959211,0.412896949651
772,0.841571202864,0.318968471079,0.81578948388,0.361338723819
773,0.838952545229,0.351508617523,0.823684219859,0.375797850766
774,0.836333887203,0.34793778832,0.847368429366,0.349351496877
775,0.838297880418,0.34242912713,0.823684219467,0.363655206233
776,0.822913265609,0.356221615433,0.821052641265,0.370473394195
777,0.850081840923,0.328387552766,0.823684219859,0.345136729584
778,0.83436989355,0.345803003691,0.792105273197,0.398872533495
779,0.840261874022,0.341978470482,0.792105273197,0.382669344642
780,0.841571202864,0.342411309981,0.831578956231,0.391454348341
781,0.838952545351,0.332715193898,0.826315799434,0.374520153395
782,0.845171857339,0.336855496528,0.852631586163,0.340275808483
783,0.840916538443,0.340036738609,0.826315799042,0.32702749679
784,0.839934541775,0.335582974999,0.792105273981,0.374060304541
785,0.840589205684,0.33916094298,0.776315800846,0.477032963187
786,0.843862528619,0.333034316831,0.813157905089,0.369988140895
787,0.848117847709,0.321335526906,0.773684222447,0.437636308666
788,0.845499189927,0.337684004993,0.847368429366,0.337239871684
789,0.841898535404,0.33489556157,0.781578959211,0.381796926873
790,0.833060565074,0.343038242402,0.776315800846,0.438141167397
791,0.84222586709,0.337750563425,0.815789483488,0.375987953335
792,0.843862528545,0.332242947114,0.813157904697,0.36460081282
793,0.840261873657,0.327843252679,0.821052642245,0.356477828923
794,0.835351890462,0.341575984851,0.792105274373,0.397882085257
795,0.839607209553,0.331582241272,0.800000010745,0.413717743561
796,0.838297880467,0.341371043712,0.834210534237,0.330905583932
797,0.845499189635,0.31680798619,0.831578956231,0.383974684059
798,0.854664492285,0.313214801465,0.81842106267,0.378048275855
799,0.843207864173,0.329151250617,0.805263168718,0.417362405404
800,0.842553199167,0.328874303555,0.815789483292,0.356584504994
801,0.844189861085,0.336068752202,0.807894747508,0.397163697641
802,0.849099844255,0.322659837256,0.823684220251,0.346103300022
803,0.851063837201,0.313026312562,0.792105272216,0.418375632481
804,0.847463183142,0.335213734273,0.789473694602,0.395534182163
805,0.824222595012,0.350983084687,0.768421064278,0.422562348901
806,0.828477913931,0.348817303594,0.807894747116,0.369269740621
807,0.837970548122,0.337463061287,0.839473693387,0.360622651507
808,0.838952544839,0.329802077678,0.763157906109,0.407735872867
809,0.851718501939,0.33401876342,0.771052643069,0.424793598696
810,0.84026187373,0.32610154647,0.786842115812,0.386532589468
811,0.849754508384,0.324667036344,0.834210535413,0.36221266533
812,0.84484452475,0.336819736223,0.792105274765,0.416051320591
813,0.835024558191,0.334520359879,0.818421063455,0.372415586215
814,0.834042561547,0.340456318305,0.823684219859,0.369032825147
815,0.840261873925,0.334533066021,0.831578957015,0.349883254532
816,0.838297880637,0.331303473507,0.813157903913,0.394813503286
817,0.83502455841,0.341622398084,0.813157905481,0.386502166475
818,0.841243870983,0.329140840656,0.781578958819,0.391838418712
819,0.846808518721,0.329509193197,0.768421063298,0.408712387244
820,0.845499189391,0.333275236195,0.807894746332,0.397684398156
821,0.846153853982,0.317639188472,0.836842114008,0.349263176126
822,0.835024558483,0.3464629099,0.821052641853,0.388837160445
823,0.844189860841,0.343142910457,0.834210535021,0.348902092364
824,0.818003281878,0.359266999371,0.781578957838,0.412400235275
825,0.84484452497,0.329687753866,0.842105271785,0.366639060679
826,0.840916538468,0.334072475665,0.794736853163,0.413694189224
827,0.847135850431,0.326732394714,0.85526316613,0.355975669073
828,0.847135850968,0.324151844481,0.792105274569,0.399073789374
829,0.846153854104,0.334437538201,0.813157904697,0.363450244265
830,0.850081840777,0.328837104477,0.821052640873,0.387701943137
831,0.847463183361,0.330859665852,0.828947378224,0.345933660056
832,0.839607209284,0.337779573054,0.821052641461,0.385753376115
833,0.841243870422,0.325291476528,0.823684219859,0.357835679756
834,0.842553199484,0.345177800433,0.828947377832,0.350240113067
835,0.83731588392,0.33280254267,0.807894747508,0.404135281196
836,0.853682495129,0.323835835629,0.810526325318,0.38949945895
837,0.839607209723,0.352589214193,0.823684220251,0.403109922441
838,0.841898535038,0.32692760212,0.815789484272,0.360753356859
839,0.839607209479,0.330795253705,0.794736851987,0.397680953439
840,0.855973821298,0.318522728339,0.7868421164,0.381687812115
841,0.838625213275,0.342732099203,0.839473692602,0.347739712384
842,0.848117847465,0.3180750651,0.784210537609,0.414518332476
843,0.843862528594,0.330802321105,0.810526326103,0.373442867134
844,0.844844525092,0.327145415009,0.77631580163,0.421873757224
845,0.841571202694,0.340409219302,0.802631588751,0.382070961997
846,0.844189860695,0.330145585941,0.805263169502,0.39438195121
847,0.862847797877,0.312541573343,0.810526326103,0.399056200588
848,0.854664492334,0.311209698032,0.823684220251,0.357382875536
849,0.838625212714,0.342661304341,0.821052641853,0.360636023707
850,0.835679222539,0.330305915533,0.815789483488,0.380433437758
851,0.838625212787,0.33620242066,0.771052644049,0.407999168885
852,0.847790515413,0.325079766677,0.800000011137,0.386399059752
853,0.836333887155,0.340036444939,0.794736852183,0.414952451339
854,0.861211136691,0.317101725744,0.828947376656,0.333675476747
855,0.837643215777,0.338247091005,0.802631589143,0.386564314463
856,0.835024558556,0.351511368775,0.831578957015,0.342603696804
857,0.845171857729,0.340982174223,0.797368431954,0.420097315194
858,0.84648118662,0.332159873293,0.836842114204,0.369364284898
859,0.843535196469,0.333426412329,0.821052641853,0.358414460415
860,0.854009827571,0.319845542684,0.807894747116,0.393344343689
861,0.832733232607,0.341084502247,0.871052639265,0.321159895804
862,0.833387897394,0.338200668986,0.821052641069,0.355678166802
863,0.845171857485,0.33419104293,0.75000001294,0.432273219094
864,0.855319156536,0.321347801128,0.823684220251,0.349395869422
865,0.833715229422,0.346641694624,0.778947378068,0.397100372289
866,0.850081841143,0.328458548781,0.818421062278,0.366709189391
867,0.847790515242,0.333395392526,0.794736851987,0.419309892447
868,0.852373166434,0.321077155086,0.823684219075,0.371781415576
869,0.841898535136,0.339217190913,0.826315799434,0.374088530943
870,0.848445179932,0.325870105402,0.821052641461,0.356782225671
871,0.840916538395,0.334564930258,0.821052641461,0.368637017942
872,0.846808518525,0.328622202424,0.805263168718,0.396696395682
873,0.835679222709,0.343510889334,0.813157904697,0.432642046289
874,0.849427176673,0.330926446326,0.828947378224,0.36275293281
875,0.852373166482,0.328143657412,0.800000010156,0.401942958369
876,0.845499189757,0.332418006566,0.789473695975,0.426974504475
877,0.830441906634,0.353118893844,0.797368430189,0.383613961602
878,0.846808518599,0.327543171437,0.831578957015,0.362313032212
879,0.843207864124,0.322163480424,0.807894747116,0.410043509702
880,0.840261873559,0.33841863588,0.768421064866,0.423933478023
881,0.851718501744,0.32905091491,0.828947378224,0.385609271078
882,0.837970549,0.338468560946,0.802631589535,0.394522064145
883,0.850409173097,0.328722287116,0.807894746724,0.387483895021
884,0.845826521711,0.338171924847,0.792105273981,0.402595404683
885,0.845826521809,0.332394765278,0.805263167149,0.412656524537
886,0.83469722609,0.350847653691,0.81842106267,0.370808052316
887,0.849427176478,0.332617762089,0.802631589339,0.386433925774
888,0.858919811034,0.306252314134,0.776315801238,0.455548792171
889,0.85662848528,0.322132944475,0.873684218055,0.339930794006
890,0.846153853763,0.329239488306,0.805263166757,0.379796779457
891,0.849754508749,0.327237504929,0.776315801238,0.43781436372
892,0.844189860573,0.338514726621,0.805263168718,0.36569572892
893,0.832078568479,0.337668475087,0.834210535805,0.336596065667
894,0.83142390357,0.358771116249,0.802631588359,0.38141078872
895,0.862193133554,0.316820680272,0.810526326299,0.425376022529
896,0.852373166677,0.32120685108,0.813157904501,0.371341093088
897,0.846153853958,0.326788952419,0.842105271589,0.375930315766
898,0.849427176356,0.335485109538,0.810526326691,0.395699912792
899,0.850081840875,0.325171550068,0.77631580163,0.457764211405
900,0.842880531926,0.336459792736,0.834210535805,0.375599961973
901,0.852700498803,0.315878463568,0.797368431954,0.392501555255
902,0.852700498803,0.328095006203,0.828947377244,0.359057268299
903,0.851063837738,0.331355909108,0.77894738042,0.438342745465
904,0.847135850919,0.322051033963,0.815789484664,0.423151041577
905,0.843535196274,0.337579760097,0.800000010745,0.376205889165
906,0.847135850724,0.336363172314,0.836842114596,0.368719746984
907,0.841243870569,0.349836590296,0.847368429366,0.326135435975
908,0.847463182922,0.333713200053,0.781578958623,0.418622693366
909,0.849099844255,0.32835584746,0.836842114204,0.364285651496
910,0.849427176429,0.33354166255,0.80000000996,0.385907936547
911,0.843207864368,0.3354936772,0.834210535805,0.358444348566
912,0.853355163297,0.32620945257,0.805263168718,0.391741983458
913,0.83927987733,0.341033930645,0.821052641461,0.361017645557
914,0.841898534916,0.342751437484,0.821052641853,0.350593034374
915,0.848772511886,0.326030861794,0.865789480507,0.309577689531
916,0.845826522126,0.336599981696,0.778947379832,0.411143844947
917,0.852700498778,0.329871503536,0.815789483095,0.381716278823
918,0.850736505198,0.323798971833,0.828947377048,0.369698190375
919,0.856628485378,0.31385151595,0.802631588359,0.42018444694
920,0.839279876891,0.340744118677,0.81578948388,0.373932486841
921,0.835351890218,0.355386872851,0.773684220683,0.472319010474
922,0.841898535307,0.33020800171,0.776315799669,0.407022569181
923,0.829787242822,0.347882232511,0.815789483488,0.398345824821
924,0.828805246374,0.35682917818,0.823684220643,0.417867515653
925,0.854664492041,0.317198923946,0.800000010352,0.379724694759
926,0.842225867554,0.333320046633,0.794736851987,0.402336002082
927,0.832078568357,0.355017731677,0.805263168326,0.386955803064
928,0.83829788032,0.344049861207,0.813157904697,0.353934130469
929,0.853355163199,0.32657215326,0.800000010745,0.425864534649
930,0.85270049912,0.321547314092,0.784210538198,0.42508346373
931,0.848117847514,0.325318380172,0.807894747508,0.395085251449
932,0.849754508335,0.327830614019,0.807894747704,0.418715673425
933,0.857283149921,0.325982929105,0.792105273981,0.416392083868
934,0.846808518403,0.329294820336,0.818421063455,0.418993464769
935,0.83927987733,0.330975678989,0.81578948388,0.378584907574
936,0.846481186303,0.33617292319,0.792105273589,0.416198404457
937,0.845171857509,0.34385998227,0.823684220251,0.372184688936
938,0.845499189586,0.334103691585,0.802631589927,0.384324708022
939,0.841571202938,0.33910962988,0.76842106467,0.407511748153
940,0.850081840679,0.324484657076,0.781578957642,0.415789739278
941,0.842880531902,0.335591859073,0.784210537609,0.426001056735
942,0.845499189561,0.329700058433,0.818421062278,0.375992895582
943,0.841571202645,0.338555146588,0.813157904697,0.390832836237
944,0.84680851855,0.332150680569,0.773684221467,0.429809500218
945,0.839934541605,0.341484312151,0.810526326299,0.422469667012
946,0.848117847538,0.331550167663,0.807894747508,0.403088077462
947,0.851063837689,0.326535248644,0.7868421164,0.377432121748
948,0.858919811034,0.315773987999,0.792105273981,0.406485691752
949,0.844189860646,0.336474601563,0.7868421164,0.368217362263
950,0.842880531975,0.327824288068,0.823684219859,0.35415813942
951,0.850409173048,0.33205332268,0.831578955839,0.356038564007
952,0.858919811132,0.322111971835,0.813157904305,0.390911550923
953,0.857610482021,0.318534608418,0.802631588947,0.389194833017
954,0.852045834089,0.323803821051,0.8078947479,0.363026483475
955,0.860229140023,0.313175859588,0.794736852379,0.403217926438
956,0.835024558435,0.346217525461,0.786842115616,0.389798231717
957,0.837315883969,0.35191210213,0.836842113812,0.375066398275
958,0.840916538297,0.333069287411,0.821052641265,0.361038797339
959,0.840589206367,0.341943551635,0.836842114204,0.349862449361
960,0.84124387091,0.348025477691,0.844736850968,0.324276730725
961,0.840261873803,0.330545144171,0.823684220251,0.34511895365
962,0.852373166482,0.328758135694,0.784210537021,0.4419970781
963,0.854991824484,0.314245418263,0.834210535805,0.378347192352
964,0.852045833894,0.322292732608,0.771052643657,0.438392501471
965,0.847135850553,0.332061694475,0.842105271001,0.34114642456
966,0.851718502281,0.323847639062,0.805263168718,0.383601877458
967,0.857937814366,0.321943622101,0.78947369519,0.421554293533
968,0.856628485475,0.325754695037,0.828947377244,0.35794990794
969,0.839934541702,0.346242555931,0.836842113812,0.363178193275
970,0.838297880515,0.343814296669,0.797368432346,0.376843824811
971,0.844189860719,0.33733746913,0.792105274373,0.396085341682
972,0.84779051512,0.323108152945,0.80789474594,0.39601380427
973,0.844844525457,0.342504004715,0.834210535413,0.326754530255
974,0.8432078641,0.337689815586,0.810526325318,0.393200872245
975,0.844517192966,0.345789142105,0.810526325514,0.393610952569
976,0.839279877232,0.349563804438,0.7868421164,0.40783392388
977,0.852045834406,0.324485740855,0.836842113616,0.347992732447
978,0.836006554761,0.345690522849,0.781578958427,0.425175718571
979,0.848117847733,0.341531128307,0.807894746724,0.364609411918
980,0.855646488466,0.329225698471,0.813157903717,0.414676622904
981,0.841243871008,0.338090116856,0.797368431366,0.396635334718
982,0.854337159965,0.324866213362,0.771052643265,0.435008392718
983,0.843862528692,0.337773781233,0.821052641069,0.361020910161
984,0.847463182946,0.324436949197,0.842105272569,0.35359586442
985,0.844844524921,0.336560423027,0.778947379244,0.407086691353
986,0.843207863832,0.331595768759,0.797368431366,0.423454396868
987,0.84680851855,0.324915094158,0.786842116792,0.400560309008
988,0.854337159867,0.32244451219,0.847368429366,0.362505188077
989,0.840916538687,0.330945650131,0.800000010745,0.411956546289
990,0.827823249388,0.363113679175,0.763157904932,0.418390603687
991,0.833060564659,0.339192447382,0.815789483488,0.395215674291
992,0.846808518599,0.334609825018,0.850000008941,0.354930105129
993,0.849099843719,0.321250312835,0.776315799669,0.405668013533
994,0.847135850382,0.329981319484,0.813157904893,0.391798177109
995,0.844517193064,0.337183185775,0.810526325122,0.381772908039
996,0.854664492041,0.325128708193,0.781578956858,0.410795315414
997,0.848445179273,0.321211501529,0.815789482703,0.418317139112
998,0.859901807434,0.311401099424,0.84473685136,0.350042667718
999,0.847463182971,0.324886862201,0.784210536237,0.451810302801
