epoch,acc,loss,val_acc,val_loss
0,0.738134217828,0.553500382513,0.726315799904,0.577041874689
1,0.745990191978,0.564236204638,0.739473698171,0.807724084215
2,0.741734872863,0.548713532217,0.755263168953,0.745251220945
3,0.769885444724,0.492609865851,0.7368421184,0.616025295207
4,0.759410813256,0.503118564456,0.778947381205,0.460919998684
5,0.762029471208,0.498926137481,0.750000013333,0.471023397422
6,0.766284790274,0.489722267939,0.734210538629,0.48827599587
7,0.780687408683,0.463761933233,0.763157907285,0.45238309731
8,0.779378079549,0.474499553811,0.842105271785,0.379005524624
9,0.800654674513,0.442174409283,0.752631590751,0.509343268448
10,0.815057292581,0.429356501564,0.771052642872,0.567991748072
11,0.799018013107,0.43274246239,0.802631590319,0.429530863013
12,0.810474641633,0.418552272638,0.784210536825,0.498025570947
13,0.798690680664,0.433712924378,0.7868421164,0.501845267944
14,0.788870714178,0.447511905757,0.815789483488,0.439154661212
15,0.802946000218,0.432742555999,0.792105274177,0.454820949731
16,0.79803601656,0.459136720543,0.786842117184,0.440133239535
17,0.810801973929,0.412103941146,0.823684221036,0.390919334696
18,0.803600664615,0.428806796289,0.750000012352,0.482531271091
19,0.81047464156,0.409047492025,0.771052642872,0.495043407734
20,0.812765966826,0.412797220301,0.794736853163,0.434975378509
21,0.812438634628,0.429191544109,0.763157905717,0.517655751521
22,0.803273332612,0.42279297107,0.815789484664,0.391418091512
23,0.801636671327,0.434089053986,0.807894747508,0.391309457414
24,0.801636670913,0.420910638391,0.794736853163,0.430774710215
25,0.813747964226,0.399923581196,0.810526326691,0.398467201225
26,0.810801973002,0.400960154767,0.813157903521,0.376890938459
27,0.815711956807,0.408093500684,0.823684220251,0.403956373859
28,0.817021285697,0.410774809438,0.802631589927,0.460444409609
29,0.817675950338,0.402659194675,0.768421064082,0.550131027489
30,0.799345345622,0.420419750921,0.757894749508,0.655280771616
31,0.820949272809,0.403318124422,0.794736852771,0.53193484459
32,0.805891990271,0.413177683261,0.826315799434,0.381627017044
33,0.818657946982,0.396555354337,0.810526327083,0.364188501758
34,0.803600664444,0.402359745916,0.815789483488,0.390222636958
35,0.815384624657,0.396222200376,0.802631589143,0.463340370622
36,0.817675950557,0.398040767533,0.752631592515,0.532433909266
37,0.805564657854,0.405657472676,0.771052644441,0.502759218412
38,0.814402628135,0.409807829098,0.771052643657,0.477848207235
39,0.814402628452,0.400589468255,0.815789482899,0.402056965952
40,0.828150582075,0.365436195231,0.789473694406,0.437901675334
41,0.831751236524,0.372837279839,0.813157905873,0.426827385103
42,0.813420631101,0.433905521374,0.818421061886,0.410301051078
43,0.821931269209,0.386245331869,0.834210535217,0.476244868049
44,0.819312611573,0.388439071372,0.818421063062,0.439327499535
45,0.833715229666,0.364902319198,0.81578948388,0.434298203792
46,0.815711957343,0.402391358754,0.836842114596,0.399935581795
47,0.829132578621,0.381345492163,0.742105275393,0.571572475233
48,0.830114575338,0.375293329364,0.778947380813,0.474700017538
49,0.832078568723,0.362441141292,0.794736853163,0.495875482938
50,0.830114575338,0.381677217215,0.863157902109,0.357299797942
51,0.816366621032,0.397462497067,0.7868421164,0.486439179874
52,0.807528651483,0.400822198268,0.831578956035,0.363884316341
53,0.828477913809,0.372726868727,0.781578958035,0.439911472721
54,0.808510648126,0.402537961163,0.823684220251,0.355862945367
55,0.830769239807,0.374693072105,0.797368431954,0.436257343249
56,0.813093299317,0.409053789173,0.826315797865,0.380955551947
57,0.817021286405,0.380998876324,0.800000011333,0.454046080024
58,0.820949272907,0.3987488418,0.821052641069,0.431445890266
59,0.816039289712,0.418607413775,0.81842106267,0.401733268052
60,0.826186588446,0.370335608117,0.797368432346,0.474695513442
61,0.831096571664,0.374049027694,0.778947379244,0.546019796674
62,0.825859256686,0.38680566729,0.831578957015,0.339064406231
63,0.825531924025,0.378728300998,0.823684220251,0.379657004862
64,0.817675950801,0.382255274831,0.768421063298,0.439924025565
65,0.830441907877,0.370742898846,0.789473695975,0.508821731998
66,0.826513920912,0.382169013788,0.831578956231,0.363632485172
67,0.820294608339,0.376809135302,0.831578956035,0.353805984468
68,0.825859256272,0.376646616001,0.839473693387,0.377789153154
69,0.846808519062,0.341001244521,0.776315800257,0.433074229127
70,0.828477913907,0.378723631283,0.813157903521,0.405912974237
71,0.829787242993,0.375104059037,0.797368431562,0.416497118771
72,0.842553199874,0.35592722228,0.80526316911,0.425733578195
73,0.829132578474,0.370832213166,0.836842114988,0.387252307693
74,0.825859256394,0.376592315392,0.7868421164,0.454123013898
75,0.822913266414,0.38334949824,0.834210535805,0.32692836225
76,0.834697226529,0.359780989526,0.839473693387,0.372212697164
77,0.820294608168,0.393052390956,0.810526326299,0.421335561599
78,0.830441907512,0.393825856781,0.815789484272,0.468484756721
79,0.828805246398,0.367129598604,0.81842106267,0.443600459907
80,0.839279877622,0.348890138476,0.842105271785,0.328615087967
81,0.820621940879,0.398563091648,0.826315798258,0.37318247091
82,0.829787243188,0.371713782269,0.763157905717,0.525701776374
83,0.831423904716,0.374827495897,0.818421061886,0.407859623849
84,0.834369894526,0.380457999622,0.826315799042,0.372666947004
85,0.836988552307,0.365407464962,0.844736850968,0.348611853177
86,0.83306056522,0.36686904578,0.815789482703,0.468571884006
87,0.834697226407,0.375809413514,0.821052641853,0.405486791885
88,0.845499190074,0.342224918431,0.865789481684,0.352999219377
89,0.850736505564,0.354669356082,0.792105275157,0.505835115652
90,0.836661219524,0.374008369669,0.852631587339,0.354162494223
91,0.840589206416,0.36209715613,0.797368432738,0.491574729793
92,0.827823249681,0.380995094231,0.807894746724,0.435281434194
93,0.833387897614,0.368705619016,0.828947378224,0.367043622867
94,0.833387897492,0.371644516763,0.828947378617,0.348521086853
95,0.831423904082,0.383084899484,0.763157906109,0.472489001842
96,0.848772512057,0.333236707701,0.784210537609,0.439221932602
97,0.83993454219,0.362262563025,0.757894750488,0.530330264671
98,0.832405901067,0.359929316772,0.834210536198,0.369848975961
99,0.825859256174,0.364118902186,0.828947378028,0.330966557229
100,0.831423904082,0.36354831503,0.823684219859,0.370246007401
101,0.839934541629,0.348724243827,0.828947377832,0.366891706295
102,0.840261874193,0.366387462454,0.807894746724,0.454451689619
103,0.840261874681,0.351650706148,0.784210538001,0.406867351726
104,0.830441907292,0.35609675646,0.802631589535,0.461519437278
105,0.836333887545,0.350722205668,0.855263165737,0.343046855868
106,0.840261874096,0.359447386257,0.828947377832,0.3868040391
107,0.825204592021,0.384761761906,0.842105271001,0.36451701902
108,0.824877259482,0.388648983795,0.802631588359,0.497150292694
109,0.847135850773,0.341163705741,0.789473695975,0.467501598606
110,0.828805246422,0.389082999162,0.807894746332,0.389220154783
111,0.836661219694,0.353257312903,0.826315798258,0.364799875055
112,0.836006555615,0.365667191924,0.776315800846,0.459250044519
113,0.83895254501,0.365799934649,0.847368429366,0.349665151333
114,0.843535196542,0.349160322517,0.831578957015,0.444890066124
115,0.835024558776,0.367464033391,0.784210538001,0.428426327086
116,0.842225868066,0.34107422664,0.823684218879,0.331790917528
117,0.841898535599,0.352839565488,0.839473693779,0.370142563816
118,0.837970548927,0.354635080954,0.818421063062,0.374889038944
119,0.85761048229,0.327422784955,0.805263168522,0.418899987653
120,0.847463183312,0.345584279431,0.815789484272,0.406944477453
121,0.833715229763,0.365816874395,0.828947378224,0.367972849133
122,0.832078568674,0.362680697958,0.786842116596,0.419045381983
123,0.83600655542,0.352570051962,0.815789483488,0.389925163867
124,0.841243871203,0.347453984742,0.857894745312,0.328275574861
125,0.833060565586,0.355327132652,0.852631587731,0.325385719734
126,0.841571203425,0.338439377764,0.82631579865,0.382066289404
127,0.844189861207,0.353336060583,0.800000010745,0.412680697725
128,0.837315884481,0.367857398688,0.815789484272,0.386068437101
129,0.854009827693,0.354176283678,0.805263168326,0.436007082658
130,0.838297880954,0.361050703615,0.85789474492,0.373557270308
131,0.840261874169,0.35166719115,0.844736850575,0.361834374428
132,0.83960721004,0.35662058351,0.7868421164,0.474373342763
133,0.841898535429,0.352069168152,0.813157905481,0.449546855654
134,0.847135851236,0.357339757469,0.85526316613,0.353111698488
135,0.847463183215,0.35008210289,0.792105273785,0.390334329715
136,0.83666121967,0.370119588251,0.802631589535,0.417980705829
137,0.841571203352,0.349701767397,0.855263166522,0.380440151564
138,0.835351890852,0.367972864585,0.857894745312,0.28246108717
139,0.839607209967,0.349642677496,0.794736853556,0.418305406175
140,0.852045834333,0.322387745199,0.834210535021,0.356975295115
141,0.845826521955,0.355816754177,0.792105275549,0.469287871334
142,0.842553200118,0.35369664954,0.821052641853,0.419942098694
143,0.848445180029,0.33173364143,0.786842116792,0.494371097639
144,0.847463183361,0.344937547396,0.842105272177,0.331086021897
145,0.850409173317,0.347595051016,0.797368432738,0.47829400498
146,0.84451719321,0.365726396988,0.83947369221,0.345419679205
147,0.845826521882,0.344048045176,0.823684219271,0.383332046239
148,0.851063837616,0.342829180029,0.844736850968,0.352610355121
149,0.851063837738,0.350028277318,0.776315801826,0.460902538494
150,0.839934541995,0.34255540553,0.810526325122,0.3998912616
151,0.834697226407,0.355838912486,0.818421062278,0.459993365
152,0.856628485621,0.320961192307,0.802631589143,0.415368724847
153,0.849099844816,0.351509067947,0.850000008549,0.339114783871
154,0.848445180151,0.333885614514,0.850000008549,0.311815710812
155,0.839607209992,0.346808879437,0.800000010745,0.468188487827
156,0.854009827864,0.32303410672,0.776315800846,0.512780124199
157,0.837315884237,0.370840067869,0.7868421164,0.471568718969
158,0.83829788071,0.362349918723,0.863157902893,0.322117565004
159,0.853682495568,0.324448532774,0.842105272177,0.416050953264
160,0.840261874315,0.347584933584,0.834210534629,0.356381556093
161,0.846153854543,0.346862535332,0.813157905481,0.402086019234
162,0.847463183459,0.345997058347,0.842105272177,0.336532857612
163,0.852045834699,0.325181303305,0.8078947479,0.426984422522
164,0.854009827742,0.332768474588,0.823684220643,0.368326150224
165,0.847135851358,0.336232518085,0.828947377832,0.350181893078
166,0.852373166629,0.339373042414,0.823684221036,0.398175292428
167,0.843207864856,0.340729928655,0.831578956623,0.390101549816
168,0.840916538834,0.338654103488,0.818421061494,0.377259919996
169,0.847463183166,0.35341837693,0.821052641069,0.392816129802
170,0.840589206196,0.351658305261,0.84473685136,0.375662856147
171,0.848117847758,0.345748587434,0.794736853163,0.47588499432
172,0.851391170082,0.335372102884,0.828947377832,0.401935348618
173,0.838297881101,0.358220499377,0.831578957015,0.399223819375
174,0.838952545644,0.356410345588,0.813157905873,0.387650900618
175,0.845826522247,0.347326657195,0.847368429758,0.321433615859
176,0.838297880832,0.364945386016,0.800000010352,0.405475312354
177,0.852045834455,0.325832319116,0.789473695582,0.397756354124
178,0.847463183434,0.339977036228,0.844736850968,0.326060768486
179,0.839279877403,0.348500683494,0.810526325907,0.421981184878
180,0.848772512374,0.343065429123,0.82105264048,0.416199837762
181,0.843862528692,0.34110962689,0.850000008549,0.317883822773
182,0.843862529033,0.355022905936,0.781578958035,0.456532490155
183,0.854664492285,0.327230062474,0.815789483488,0.367789644086
184,0.840261874388,0.344787341158,0.826315798258,0.442055251676
185,0.856628485719,0.323181121535,0.831578956231,0.362204277888
186,0.849754508823,0.343481007404,0.810526326103,0.412722924675
187,0.843862528814,0.32562007282,0.800000009568,0.384720235646
188,0.853682495495,0.334672694367,0.813157904697,0.381740503822
189,0.854991824679,0.327730283964,0.786842115616,0.464095097207
190,0.856628485914,0.319288438668,0.842105272177,0.373260050203
191,0.844189861158,0.340959162976,0.773684222839,0.531772989486
192,0.854664492627,0.327329656653,0.834210535413,0.340249109229
193,0.849754509091,0.34196707189,0.813157903913,0.426893802268
194,0.853027831001,0.33726532074,0.826315799042,0.402051973855
195,0.852045834211,0.325716211377,0.865789481292,0.324971527204
196,0.847790515535,0.355432323346,0.786842116792,0.442897767221
197,0.853355163736,0.334045437342,0.813157905481,0.459123870995
198,0.859574475626,0.324773010136,0.842105271001,0.36808259961
199,0.860556472099,0.313836119693,0.792105274373,0.489552769185
200,0.849754508798,0.325574739193,0.82894737744,0.358293964197
201,0.844844525482,0.340907910817,0.84736843015,0.391267142148
202,0.852373166726,0.331791679886,0.797368431562,0.438671075739
203,0.849427176478,0.328923782122,0.823684221036,0.352651587234
204,0.842880532341,0.33069931431,0.802631589339,0.411516072484
205,0.844517193454,0.345323568156,0.865789481292,0.294659908665
206,0.846808518842,0.331908473295,0.828947377832,0.361138136641
207,0.849099844621,0.348067616814,0.865789481292,0.288124987929
208,0.860883804639,0.313633225373,0.842105272177,0.37506427005
209,0.864484459308,0.317070054262,0.836842114988,0.331801732518
210,0.858265146759,0.332910283703,0.813157904305,0.36069315368
211,0.867757781413,0.313368386389,0.810526325907,0.357621596317
212,0.854664492188,0.330056587071,0.844736850183,0.305642070175
213,0.850736505515,0.328980164419,0.781578958819,0.452208162972
214,0.846808518623,0.342964636275,0.828947378224,0.430685568448
215,0.849099844572,0.336665038546,0.797368430974,0.393868210315
216,0.859247143696,0.329086443798,0.815789484272,0.396045669114
217,0.843535196762,0.34958345307,0.826315799434,0.411058783249
218,0.854337160014,0.334250907601,0.823684219859,0.343085024503
219,0.865139123266,0.307953200955,0.84736843015,0.323724019108
220,0.854009828035,0.315532012585,0.876315796846,0.28364520474
221,0.852700498778,0.335331857685,0.805263167933,0.385253734188
222,0.853355163492,0.321385392933,0.834210534629,0.421910565567
223,0.839607210065,0.352799539036,0.834210536198,0.379601869879
224,0.856301153228,0.313756277471,0.831578956231,0.388845043226
225,0.853682495641,0.324707638984,0.839473693387,0.406162367631
226,0.856955817795,0.327369735609,0.842105271785,0.373954581183
227,0.856955817966,0.319688471131,0.847368429758,0.328073979551
228,0.850081841265,0.344899098062,0.821052641853,0.357305098423
229,0.852373166677,0.330789283076,0.81842106267,0.3652606637
230,0.856301153326,0.320312096294,0.828947377832,0.364418733424
231,0.85793781461,0.325903830694,0.857894745312,0.332967567968
232,0.844517193015,0.331738700818,0.81578948388,0.373956114752
233,0.854664492383,0.318696958351,0.821052641461,0.412672484416
234,0.842225867578,0.348765759631,0.815789484272,0.399250264883
235,0.845171857753,0.323193502831,0.828947378224,0.323838018935
236,0.853027831147,0.322520432735,0.821052641069,0.427617391369
237,0.848445180151,0.329973736873,0.800000011137,0.485630155853
238,0.845171857485,0.341135891522,0.826315799434,0.420205218129
239,0.855973821274,0.325009270108,0.802631588751,0.4320153255
240,0.868085114002,0.303467302799,0.831578956623,0.354647034571
241,0.859901808385,0.319747862536,0.828947377832,0.36588391544
242,0.835679223148,0.361306969159,0.826315799042,0.38362694539
243,0.857610482485,0.313244821713,0.850000008352,0.336056310199
244,0.856955818088,0.32151523521,0.839473693387,0.324097689477
245,0.855646488783,0.30935739352,0.886842112008,0.25916430408
246,0.852700498949,0.329516927469,0.860526324103,0.369563149242
247,0.862847798121,0.319667458406,0.805263168326,0.430661675018
248,0.862520465972,0.30837064013,0.834210535021,0.340688578981
249,0.860229139974,0.325842631945,0.852631587731,0.331580452204
250,0.85957447587,0.31649626391,0.834210535413,0.394874599358
251,0.841243871203,0.340192924026,0.863157902501,0.36358110342
252,0.848117847685,0.333721072439,0.881578954035,0.288262422025
253,0.86055647227,0.310596056491,0.860526323711,0.295193580249
254,0.846808519086,0.324869182612,0.805263168326,0.447804194514
255,0.862520466069,0.319091108665,0.831578957407,0.372481624608
256,0.849754508749,0.349786905911,0.821052642245,0.441401034575
257,0.854664492236,0.317556989241,0.807894747508,0.442132831833
258,0.850736505661,0.32763089098,0.834210535805,0.354228582834
259,0.843862529058,0.347942494445,0.813157904109,0.372855068993
260,0.852045834503,0.321537870324,0.810526326691,0.450577584512
261,0.852700498729,0.319877771067,0.818421063062,0.396238665317
262,0.851063838104,0.332604588387,0.868421060474,0.301865080764
263,0.850409173341,0.332346549973,0.821052642245,0.363665052984
264,0.854664492334,0.326487733596,0.834210535413,0.359611147347
265,0.869394442551,0.303300941107,0.857894744136,0.301338008335
266,0.848772512228,0.324116710575,0.839473692994,0.342924782945
267,0.858919811327,0.30885207656,0.828947377832,0.389070666211
268,0.861538469035,0.313657295743,0.821052641657,0.448434037181
269,0.863829794911,0.299136346493,0.86842105969,0.316499168966
270,0.853682495324,0.323827029024,0.826315798258,0.33761706278
271,0.864811791238,0.304210105303,0.857894744528,0.338430732685
272,0.868739778008,0.319038367726,0.850000007764,0.337026778887
273,0.856301153594,0.319817414351,0.844736849399,0.335959809587
274,0.855973821127,0.327839212404,0.842105272177,0.320061727795
275,0.863502462347,0.314193149004,0.873684218055,0.303635059788
276,0.858592479055,0.316065324445,0.852631587339,0.355265783538
277,0.853682495715,0.331962758889,0.836842114204,0.370626051224
278,0.847463183264,0.334166996979,0.768421064866,0.459041076443
279,0.852700499144,0.332258292413,0.831578956623,0.387672787051
280,0.859901807897,0.301687583848,0.860526324103,0.328699693966
281,0.851063837933,0.328814898345,0.784210537217,0.454679399885
282,0.858919811156,0.326009068034,0.873684217663,0.310758298238
283,0.869067110329,0.307939025166,0.813157905089,0.42423751579
284,0.863502462347,0.311643705454,0.85526316613,0.327897463162
285,0.869067110231,0.323014378232,0.871052638873,0.279777831655
286,0.862520465947,0.304289048984,0.839473692994,0.339231920527
287,0.853027831464,0.335770327712,0.834210535413,0.382135777979
288,0.87626841918,0.285053246859,0.821052641069,0.371390154218
289,0.857610482363,0.32291861131,0.818421062278,0.41690474778
290,0.860229140364,0.324510517978,0.84736842917,0.326666980703
291,0.855319156462,0.333588149321,0.826315799826,0.355352734497
292,0.849427176868,0.341959432763,0.855263166522,0.341396644975
293,0.861538469279,0.309777313811,0.852631587339,0.319136824765
294,0.855646489051,0.329745831846,0.852631587339,0.360227501099
295,0.854664492383,0.337064812693,0.794736853163,0.429725244886
296,0.874631758237,0.298239860973,0.85789474492,0.285614487642
297,0.855973821347,0.315914239239,0.863157902893,0.295060057389
298,0.859901808044,0.317860647635,0.84736843015,0.326489968814
299,0.858919811302,0.302517195811,0.828947377832,0.413907411128
300,0.854991824605,0.324979510269,0.839473693387,0.3048074162
301,0.870049106899,0.293832947243,0.839473692994,0.383683344435
302,0.85761048246,0.318903529848,0.863157902501,0.305610745508
303,0.862847797975,0.320105021035,0.826315799434,0.319080345651
304,0.86873977835,0.299989080527,0.834210536198,0.354729573916
305,0.859901807873,0.305606839002,0.860526323318,0.351468514639
306,0.868085113758,0.312478378203,0.847368429758,0.393115794409
307,0.837315884237,0.346548850829,0.868421060474,0.316313604665
308,0.847463182971,0.352119025071,0.826315799826,0.397455282595
309,0.859901807654,0.308640655203,0.850000008549,0.324505440474
310,0.847135851212,0.333910373811,0.834210535413,0.344540303732
311,0.861211136788,0.3117532289,0.810526325907,0.36289177297
312,0.861211137008,0.315183742316,0.786842115419,0.456758773199
313,0.86841244559,0.305016397713,0.826315799826,0.400441187495
314,0.860556472684,0.303177125157,0.802631589143,0.374198664225
315,0.849754509042,0.330536179453,0.802631590319,0.450119065403
316,0.864811791263,0.298780858714,0.797368431562,0.392411454385
317,0.869394442527,0.30646245122,0.818421061886,0.363550541285
318,0.861538469035,0.318947185576,0.876315796454,0.297481134607
319,0.86775778156,0.295656659944,0.842105271785,0.348436820615
320,0.861865801429,0.308441543946,0.810526325122,0.370262274984
321,0.862847797999,0.310284386583,0.855263166522,0.308194204736
322,0.854991824752,0.315248840657,0.847368429758,0.355556870066
323,0.856628485524,0.321576391138,0.855263165737,0.304696349795
324,0.862193133652,0.308044923716,0.847368429366,0.307162122899
325,0.860229140364,0.298978250202,0.844736850575,0.337492029379
326,0.854664492334,0.315179530904,0.794736852771,0.497855178785
327,0.861211136739,0.322657960296,0.82631579865,0.450505119356
328,0.85400982823,0.335391329694,0.881578954427,0.303063644635
329,0.872340432336,0.303185851313,0.839473693779,0.318127566507
330,0.848772512301,0.328230049889,0.863157902501,0.329786502505
331,0.865793787882,0.303773716698,0.818421062278,0.431303939672
332,0.862193133895,0.319810730578,0.807894747508,0.423505483612
333,0.861865801307,0.308635551407,0.84736843015,0.31558503713
334,0.860229140388,0.316865490943,0.789473694602,0.502098087601
335,0.86841244559,0.316326483956,0.868421060474,0.31209976981
336,0.852373166799,0.318150664041,0.818421063455,0.394749576387
337,0.851391170058,0.321478286559,0.855263165737,0.333982667831
338,0.859247143598,0.321943969391,0.810526326299,0.438924800997
339,0.858592479202,0.304230305096,0.834210536198,0.401071430668
340,0.864811791506,0.289186752609,0.836842114596,0.416328854611
341,0.864157126646,0.31653208846,0.823684220643,0.370084650643
342,0.859574475723,0.319230341676,0.868421060082,0.298474840893
343,0.869394442405,0.295839193322,0.778947378852,0.490643519835
344,0.85924714333,0.316003667388,0.839473693387,0.390081931053
345,0.8661211203,0.308047315149,0.81578948388,0.422711776625
346,0.86677578455,0.318537227376,0.871052639265,0.315755092759
347,0.864811791433,0.30704098549,0.836842114988,0.317863659296
348,0.872995097026,0.29543381738,0.821052641069,0.473391726785
349,0.854991824337,0.326813079571,0.778947380028,0.438518369448
350,0.858919811473,0.309148932705,0.836842114988,0.37452663719
351,0.855973821298,0.308419795202,0.836842114988,0.407859121841
352,0.871685768086,0.293064571023,0.855263165737,0.314331587404
353,0.868412446322,0.306976728446,0.821052641461,0.389300204473
354,0.864157126695,0.29715814762,0.836842114008,0.374866641323
355,0.867430449264,0.297983847516,0.834210535413,0.336046661691
356,0.867430449142,0.301895098928,0.834210535805,0.358666112129
357,0.846153854446,0.333207616105,0.852631587339,0.362312097495
358,0.856628485621,0.322494973405,0.82894737744,0.313876865199
359,0.865139123607,0.299536858286,0.828947377832,0.380698221919
360,0.862193133432,0.304573253578,0.810526325122,0.443560512124
361,0.862193133725,0.31301419742,0.839473692406,0.377470483856
362,0.870049106997,0.297760648329,0.831578957407,0.343672484919
363,0.868412445834,0.293906276489,0.818421061102,0.383153380771
364,0.872667765071,0.297341844161,0.855263166522,0.366804000529
365,0.876268419375,0.290676368856,0.813157905481,0.382198315635
366,0.861211137227,0.307893316406,0.823684219859,0.43063999438
367,0.866121120519,0.280749797195,0.847368429758,0.335666361357
368,0.863502462469,0.311291417766,0.818421063062,0.420986041099
369,0.862193133286,0.318332869362,0.786842117968,0.462518156874
370,0.859901807751,0.316886491874,0.855263166522,0.341773640769
371,0.868739778008,0.308303980786,0.834210535413,0.362372265712
372,0.872340432775,0.298850827322,0.85789474492,0.336438952522
373,0.868085113929,0.309632852589,0.810526326299,0.397476083133
374,0.861865801575,0.323774910451,0.81578948388,0.393234765831
375,0.861211137081,0.305900531292,0.831578957407,0.402573466589
376,0.853027831025,0.320329685249,0.852631587339,0.328855684389
377,0.859901808019,0.308279885892,0.823684219859,0.36604630593
378,0.868412445981,0.29588169271,0.842105272177,0.387827770637
379,0.861538469352,0.314415049577,0.834210535413,0.423696816749
380,0.859574475723,0.311296956401,0.855263165737,0.333754869135
381,0.867103116943,0.300673333228,0.815789483488,0.399410666549
382,0.860883805078,0.30951606703,0.878947375636,0.296074317486
383,0.858592479226,0.315504731075,0.855263166522,0.35153576842
384,0.866121120227,0.29902086457,0.823684220251,0.405873519001
385,0.869394442454,0.290613439144,0.844736850968,0.325484856865
386,0.861865801526,0.313236786697,0.815789483488,0.381560104289
387,0.866448452205,0.289976056623,0.860526324103,0.360368562053
388,0.868412445932,0.295128651785,0.852631587731,0.327712200607
389,0.87561375471,0.290385865654,0.821052641461,0.359085415547
390,0.866121120324,0.300859009232,0.810526325711,0.502187103928
391,0.863829794911,0.30120389246,0.82631579865,0.381377209872
392,0.867757781633,0.292512732049,0.826315799434,0.356138486133
393,0.859574476114,0.310899418654,0.839473693779,0.40093597229
394,0.86415712689,0.305031485931,0.847368429366,0.316428934947
395,0.867757781291,0.30205231076,0.797368431562,0.418934302233
396,0.864157127037,0.327883620129,0.834210536198,0.355286627236
397,0.877250416092,0.282722903651,0.828947378224,0.371606094
398,0.873649761544,0.28653977789,0.823684219859,0.369138568523
399,0.878559744714,0.289823563121,0.823684219859,0.376979041973
400,0.868412445688,0.283831669215,0.863157902501,0.32752392968
401,0.862847798121,0.305357554509,0.802631589535,0.448555091733
402,0.871031103445,0.294788188679,0.802631589143,0.408431792044
403,0.865139123754,0.301708375977,0.81578948388,0.364655753941
404,0.863175130442,0.29562040124,0.831578956623,0.318596553045
405,0.869721774676,0.305414686356,0.836842114596,0.359572732539
406,0.86710311687,0.308241426452,0.850000008941,0.324472712941
407,0.863829794814,0.312948769208,0.842105272177,0.367352353414
408,0.874959090289,0.282585216412,0.842105272177,0.327717964881
409,0.883469728469,0.277556259545,0.821052641853,0.392011390705
410,0.87135843579,0.309647342953,0.810526325907,0.399913199319
411,0.877577748022,0.279115112689,0.852631586947,0.308697373986
412,0.870049106875,0.292343837066,0.850000008941,0.325086959969
413,0.864157126793,0.29768281626,0.842105272177,0.351132185468
414,0.860883804663,0.318075144386,0.789473694798,0.546314467779
415,0.866448452352,0.293789545649,0.776315801238,0.480861315357
416,0.870049107387,0.289457089047,0.857894744528,0.321678264128
417,0.851391170034,0.323267561893,0.828947377832,0.428282722959
418,0.874631758261,0.297189106385,0.850000008549,0.323104955048
419,0.880196405852,0.28279186709,0.842105272569,0.368134973938
420,0.87103110364,0.29264865012,0.863157902893,0.298836990532
421,0.874304426014,0.294827099689,0.815789482899,0.386611884595
422,0.867430449215,0.291238130951,0.839473692994,0.327296470267
423,0.851391170034,0.319768991277,0.839473693779,0.3455867834
424,0.865139123607,0.284512432241,0.844736850575,0.357875518887
425,0.87135843579,0.289888838893,0.85526316613,0.329875702254
426,0.870703771174,0.294486670526,0.860526323711,0.333833769478
427,0.867103116895,0.297300915021,0.857894745312,0.335453431735
428,0.866775784574,0.308063054699,0.839473693779,0.353702467842
429,0.871358435619,0.298866206033,0.894736847987,0.260325272488
430,0.876268419082,0.28712341541,0.834210535805,0.367331768313
431,0.860556472489,0.311556609531,0.834210535413,0.420691062696
432,0.869721774774,0.289878378293,0.873684217663,0.321440595796
433,0.862847798048,0.301252229675,0.815789484664,0.438584541283
434,0.862193133627,0.31644907049,0.873684218055,0.306318031517
435,0.873649761593,0.278571260923,0.805263168326,0.434816473721
436,0.867430449117,0.292828873029,0.784210538786,0.431780590406
437,0.868085113709,0.309143613569,0.794736852771,0.410169540365
438,0.866775784282,0.299257981408,0.842105272177,0.390792635729
439,0.861538469206,0.306887472005,0.865789481684,0.310552341024
440,0.88936170843,0.262926334586,0.834210535413,0.330146244926
441,0.867757781657,0.298234586054,0.85789474492,0.357689829078
442,0.862193133603,0.318178394472,0.821052641853,0.407572711155
443,0.873322429199,0.291866441703,0.863157902893,0.318946733397
444,0.873322429199,0.290697610549,0.850000008156,0.419466656078
445,0.872013100309,0.282156248098,0.818421063062,0.382910575902
446,0.868085113392,0.309955628918,0.805263167345,0.459486029656
447,0.884779057287,0.274787623344,0.857894744528,0.337383890868
448,0.876595751597,0.27374178251,0.85526316613,0.294291717883
449,0.86775778134,0.306096143448,0.844736850379,0.364647308312
450,0.878559744885,0.28228931558,0.83684211342,0.383449797224
451,0.861538469352,0.311020046029,0.823684220643,0.348645304703
452,0.864157126841,0.305331419234,0.831578957015,0.35848621116
453,0.875286422755,0.281141871738,0.860526323711,0.359234909876
454,0.860883804956,0.305875225218,0.805263166953,0.450751656519
455,0.878232412589,0.290080146565,0.842105271785,0.364320258985
456,0.862193133652,0.319027397067,0.860526324103,0.331830021717
457,0.87561375488,0.282246474039,0.834210535805,0.442103242972
458,0.869394442649,0.289022027004,0.828947378224,0.386069325905
459,0.861538469157,0.310827282742,0.855263165345,0.341574536183
460,0.870376439317,0.291116669078,0.834210534629,0.403696751541
461,0.868412445737,0.296402747126,0.889473690406,0.256260303462
462,0.861211136983,0.312003535943,0.834210535413,0.339072357578
463,0.868739778106,0.302019580778,0.836842114596,0.334001455039
464,0.866121120422,0.304211306674,0.81842106267,0.408169195491
465,0.881178402813,0.280557197875,0.792105274765,0.448980372546
466,0.876595751573,0.288848465873,0.836842114596,0.364931161871
467,0.870049107143,0.29966356876,0.852631586555,0.331710524875
468,0.882160399432,0.265338407183,0.813157904697,0.462745559475
469,0.876268419228,0.284134748711,0.831578956623,0.431351860569
470,0.872995096952,0.29596677835,0.842105272569,0.32689086444
471,0.88248773146,0.280778540798,0.8657894809,0.316564337602
472,0.874631758237,0.291683175362,0.865789481684,0.337578489341
473,0.872667764876,0.299201752004,0.834210536198,0.414663825506
474,0.872340432361,0.297720293211,0.876315796062,0.285359621734
475,0.880196405974,0.275084567475,0.821052640676,0.422476177894
476,0.873649761544,0.290592077038,0.847368428974,0.39173147184
477,0.866121120129,0.313620470939,0.847368429366,0.335127421802
478,0.86972177475,0.303000035565,0.82631579865,0.395620670678
479,0.865793788199,0.300830772066,0.876315796846,0.290887231528
480,0.869394442551,0.280375589541,0.828947378224,0.343784711146
481,0.870049107192,0.298973171386,0.805263168718,0.425199790279
482,0.866775784477,0.299811021827,0.860526323711,0.308100592443
483,0.874631758115,0.290420318831,0.878947375244,0.307893546935
484,0.880196405998,0.282157998959,0.860526324103,0.302540356152
485,0.883142395905,0.282260712203,0.852631587339,0.355018414606
486,0.870376439341,0.294571936379,0.826315798258,0.362068455881
487,0.876595751549,0.296421440636,0.852631586751,0.334624672566
488,0.887070382773,0.266865435478,0.828947377832,0.364381922501
489,0.870703771393,0.301733374779,0.8078947479,0.414362568261
490,0.878232412516,0.286521652819,0.863157902501,0.292523077481
491,0.864157126573,0.307085846953,0.863157902501,0.287484890984
492,0.861211137057,0.314539255702,0.844736850575,0.352087447323
493,0.870049107265,0.290991735917,0.831578957015,0.390419687175
494,0.861538469109,0.320789159268,0.863157902501,0.324015709424
495,0.874631758261,0.288150414402,0.892105269589,0.313170591614
496,0.881833067356,0.26816597742,0.836842114204,0.332183886736
497,0.875286422755,0.28576931952,0.810526325907,0.444572761601
498,0.872995097026,0.289412166197,0.857894745312,0.309871325122
499,0.873977093718,0.277368962943,0.831578956623,0.385580065672
500,0.862520465777,0.321829230552,0.889473690798,0.284949847944
501,0.885433721611,0.257555966491,0.836842114596,0.464998304603
502,0.868412446054,0.294897500833,0.842105271785,0.382205062019
503,0.876595751597,0.287351964038,0.781578959995,0.490158742171
504,0.878559744836,0.275905971301,0.847368429758,0.340223710445
505,0.8765957515,0.281354243368,0.84473685136,0.328598166203
506,0.882815063829,0.27177260256,0.850000008549,0.298712941505
507,0.860883804736,0.323414932299,0.847368429366,0.348156995066
508,0.865793787687,0.309016652962,0.85526316613,0.374662800012
509,0.863175129954,0.3008957234,0.813157904697,0.386195830425
510,0.872340432946,0.293203972934,0.805263168326,0.385375437204
511,0.874959090533,0.287823133259,0.839473692602,0.355338935569
512,0.871685768135,0.293000152872,0.836842114204,0.393055104765
513,0.883797060473,0.272197445385,0.852631587731,0.334874912815
514,0.874631758261,0.287136157401,0.826315799042,0.329956337448
515,0.868085113734,0.297557167637,0.863157902501,0.32025681751
516,0.873649761251,0.283704990746,0.850000008549,0.327378475018
517,0.886088386202,0.277750807327,0.828947378224,0.381189987655
518,0.872995096806,0.285327471683,0.855263165737,0.315267028002
519,0.878887077254,0.273518234042,0.863157902893,0.288465864966
520,0.868412445859,0.281141033924,0.810526326691,0.402914333938
521,0.877250415823,0.272828213425,0.831578955839,0.381583195492
522,0.863175130247,0.301427651112,0.810526325907,0.415635124933
523,0.877577748217,0.281528819503,0.850000008549,0.33895807141
524,0.875941087006,0.291795110332,0.860526323711,0.308118840937
525,0.874631758383,0.272613236937,0.836842114204,0.440852114753
526,0.872340432604,0.287101712441,0.850000008549,0.350847487437
527,0.870703771467,0.305143269376,0.821052641265,0.402776686674
528,0.868085113538,0.303860500938,0.842105272177,0.456656584265
529,0.884124392525,0.274203637849,0.844736850575,0.352571189146
530,0.873977093913,0.284378636838,0.807894746528,0.398591650432
531,0.875286422487,0.28053736321,0.836842114008,0.40609935078
532,0.872340432507,0.290464726122,0.863157902893,0.285414183794
533,0.875613755002,0.288452393027,0.834210535413,0.327358855688
534,0.872013100431,0.295287654838,0.821052641853,0.408861674601
535,0.88052373827,0.282814800844,0.828947377832,0.385539759143
536,0.870703771393,0.286256220761,0.818421061886,0.396655407091
537,0.862520465825,0.297236239382,0.842105271785,0.333493125037
538,0.867430449361,0.301196660053,0.839473693387,0.345029379462
539,0.879541741626,0.254863189934,0.85526316613,0.32232505568
540,0.88477905736,0.261939057435,0.878947375244,0.328838298247
541,0.875286422633,0.30225648469,0.852631587339,0.338324963299
542,0.874959090362,0.296590403307,0.85526316613,0.337054765031
543,0.87528642256,0.275510463823,0.842105272569,0.386696338969
544,0.867757781291,0.29448665104,0.847368428974,0.356613710596
545,0.87855974486,0.286620873792,0.807894748292,0.481169617425
546,0.872013100187,0.292974078833,0.828947378224,0.422908869541
547,0.884779057287,0.269443489732,0.857894745312,0.361832092494
548,0.881505734841,0.276865465282,0.860526323711,0.321084123117
549,0.872995096806,0.286435127797,0.852631587731,0.356261278472
550,0.871358435888,0.280381777324,0.818421063455,0.355510574545
551,0.872013100626,0.281323712998,0.84736843015,0.355309356396
552,0.885433721513,0.269604512662,0.860526324103,0.341830211918
553,0.880523738465,0.279887974651,0.878947375244,0.287296613764
554,0.880523738172,0.273547183886,0.834210535413,0.357979102036
555,0.883142396198,0.268596602536,0.82631579865,0.454473998961
556,0.870049107143,0.295590501142,0.855263165737,0.301960778622
557,0.867757781389,0.310227750734,0.847368429758,0.352274023621
558,0.870703771393,0.279287735026,0.802631589143,0.448969862994
559,0.878887077205,0.283846458262,0.852631587339,0.314273148666
560,0.873977093694,0.282615975885,0.784210537021,0.448215399477
561,0.875286422706,0.294503407246,0.818421062278,0.443779972913
562,0.892307698434,0.261295444367,0.839473693387,0.353385781217
563,0.879869073581,0.271056915001,0.850000008941,0.333292908323
564,0.887070382871,0.260198705792,0.839473692994,0.308900514844
565,0.887070382871,0.275878800949,0.831578957407,0.380289734488
566,0.871031103762,0.284028793456,0.852631587731,0.31769180372
567,0.884451724991,0.260542326415,0.821052641069,0.411782945398
568,0.883797060302,0.269137186113,0.857894745312,0.300551187847
569,0.871031103592,0.300352669586,0.831578957015,0.361563424923
570,0.869067110231,0.294318185013,0.842105272177,0.331442076615
571,0.877577748119,0.277265353938,0.889473690798,0.283348600564
572,0.894599023944,0.266203630829,0.836842114204,0.350741469681
573,0.873322429663,0.289785956196,0.865789481684,0.330304959872
574,0.869067110572,0.293355784939,0.865789481292,0.307266809855
575,0.865139123607,0.295245710391,0.852631587339,0.382554112523
576,0.871031103348,0.281082118038,0.85526316613,0.374367920853
577,0.879869074068,0.27792682538,0.823684220643,0.416354151296
578,0.877905080635,0.281017583131,0.860526324103,0.362877214818
579,0.870049106875,0.289501485564,0.813157905089,0.386616094871
580,0.873322429419,0.280018858728,0.81578948388,0.440294411156
581,0.880851070639,0.277663891573,0.800000011529,0.467733377257
582,0.884124392769,0.263433344013,0.805263167933,0.429933972508
583,0.875613754929,0.281229046946,0.828947378224,0.467189760862
584,0.879869073873,0.26997268134,0.844736850968,0.37927496151
585,0.881505734938,0.270674775736,0.800000010352,0.451851268161
586,0.877905080391,0.282112141717,0.807894747116,0.50152183096
587,0.885106389485,0.274518239223,0.7868421164,0.514885713879
588,0.885433721611,0.264339006395,0.831578957015,0.358918834716
589,0.883797060497,0.263913409071,0.7868421164,0.499189509661
590,0.879214409525,0.269848540877,0.810526325907,0.420140645703
591,0.87921440933,0.276441830648,0.836842113812,0.407262624266
592,0.87725041614,0.284379696255,0.826315799826,0.411481752256
593,0.881178402862,0.271160343234,0.818421063062,0.459356848266
594,0.87921440916,0.281155414896,0.805263167541,0.444862870729
595,0.880196405901,0.288269639782,0.800000010745,0.469580258586
596,0.875941087103,0.290314158647,0.855263165737,0.349616938816
597,0.890998369299,0.261157662813,0.85789474492,0.366692035235
598,0.892307698239,0.251643542147,0.831578957015,0.328033528805
599,0.883142395735,0.270974116902,0.842105271589,0.376493518167
600,0.885106389437,0.265545524791,0.792105273981,0.480448459107
601,0.882815063756,0.262809660139,0.85526316613,0.312692667102
602,0.889689040433,0.255893699026,0.82894737744,0.39567136524
603,0.873977093767,0.284111572715,0.805263167933,0.395126430428
604,0.877905080561,0.271680823117,0.865789481684,0.301723216648
605,0.884124392744,0.272192271077,0.871052638873,0.340281038934
606,0.877905080196,0.273648633702,0.873684217663,0.305624478534
607,0.879214409623,0.282683935428,0.850000007764,0.299328782709
608,0.881178402618,0.265028361806,0.810526325907,0.438900062153
609,0.893617027179,0.260031184434,0.852631587339,0.35753616897
610,0.879869073727,0.275614835514,0.8078947479,0.515955623854
611,0.887397714801,0.248727832094,0.826315798258,0.425438736656
612,0.878232412711,0.280731369082,0.831578956623,0.431623874569
613,0.879869073776,0.2681979307,0.855263165345,0.384856696657
614,0.881833067112,0.28795538292,0.871052638873,0.334948788379
615,0.890671037369,0.265489254498,0.850000008941,0.331137424618
616,0.886743050745,0.274099808794,0.84473685136,0.341823794441
617,0.871685768013,0.284147995282,0.873684218055,0.288699541069
618,0.889361708381,0.267365973394,0.852631587731,0.363103475998
619,0.889034376134,0.256040762132,0.865789481684,0.283071430048
620,0.880523738075,0.278214996151,0.868421060082,0.258432304903
621,0.888707043911,0.261884064914,0.871052639265,0.339230363542
622,0.877905080537,0.280383823893,0.844736850968,0.318572660096
623,0.870376439195,0.300603072123,0.860526323318,0.33110726588
624,0.887725047023,0.256430165884,0.865789481684,0.283888144149
625,0.888707043691,0.264632665716,0.881578954035,0.279024940018
626,0.877250415677,0.28704148349,0.842105271785,0.355430956688
627,0.884124392573,0.270763740236,0.839473692602,0.401824503157
628,0.886743050502,0.266603837471,0.813157905873,0.378245532121
629,0.874304425551,0.285840478295,0.860526323318,0.292096602403
630,0.894271691673,0.25663995811,0.84473685136,0.358607273368
631,0.877577748192,0.285536026671,0.831578955839,0.350717912213
632,0.881178402618,0.26290381515,0.842105272177,0.358228769723
633,0.873977093816,0.277642092007,0.868421060474,0.309385477577
634,0.874631758212,0.289167384987,0.876315796454,0.263211012695
635,0.884124392769,0.26230002022,0.807894747704,0.403213334179
636,0.880523738172,0.27288256956,0.850000008156,0.398068196995
637,0.875286422609,0.289824550912,0.818421061886,0.449007336114
638,0.885433721513,0.260865083603,0.834210536198,0.356985490561
639,0.874959090533,0.283738884141,0.878947375636,0.285795141036
640,0.894599024042,0.243834130437,0.847368429758,0.330570395264
641,0.881505734987,0.27269061807,0.842105272177,0.360964353343
642,0.884779057287,0.278455250821,0.84736843015,0.384322202715
643,0.8860883863,0.26489397477,0.800000011921,0.484035661315
644,0.884124392744,0.263116215876,0.884210532825,0.299950120183
645,0.88117840274,0.2610005845,0.828947378224,0.392979251944
646,0.883469728152,0.271005819626,0.831578957015,0.375942660961
647,0.88936170843,0.258966969683,0.881578954035,0.29004666023
648,0.888379711664,0.256581051023,0.855263166522,0.360524983072
649,0.878232412808,0.284575174075,0.836842114596,0.36984672791
650,0.885106389437,0.263134023197,0.855263166522,0.305151492546
651,0.88117840291,0.28424195175,0.850000008941,0.356391221971
652,0.870049106997,0.281529897366,0.873684217663,0.286262189295
653,0.891980366114,0.250756376911,0.831578956819,0.407935944436
654,0.878887077303,0.271272831967,0.871052638873,0.316496396535
655,0.881505734792,0.27587810451,0.876315796846,0.328445970255
656,0.88346972825,0.283369040998,0.868421060082,0.328115838525
657,0.88445172504,0.256877798083,0.834210535413,0.406712939436
658,0.882815063975,0.272280134043,0.784210537609,0.450469853589
659,0.884451724894,0.270137796775,0.876315796062,0.323706971445
660,0.87528642295,0.275561163862,0.805263168326,0.398901132744
661,0.881178402569,0.264718065382,0.863157902893,0.308576347999
662,0.869067110475,0.286205045215,0.84473685136,0.39293222928
663,0.888379711688,0.270419156494,0.813157905873,0.432897688839
664,0.885433721513,0.281140064291,0.852631586947,0.376746268833
665,0.893289695248,0.254536588601,0.839473693779,0.43018180176
666,0.881178402837,0.268618980913,0.805263167149,0.443495786464
667,0.8831423961,0.274239303814,0.834210535805,0.385731943023
668,0.892307698385,0.244702760855,0.831578957407,0.424946060256
669,0.891325701424,0.2558956488,0.828947377832,0.395667078274
670,0.888379711908,0.263586223523,0.828947378224,0.448751771664
671,0.891653033891,0.25297059443,0.881578954427,0.277045056996
672,0.88837971181,0.268865386524,0.847368428582,0.382947579425
673,0.88641571823,0.263731508474,0.836842114204,0.47217282735
674,0.882815063878,0.263577273284,0.821052641461,0.344538897374
675,0.890343704878,0.245207447002,0.855263166522,0.387021236373
676,0.885106389339,0.265546094112,0.80000000996,0.400004216243
677,0.879869073605,0.288777352663,0.876315796454,0.298839106016
678,0.874959090508,0.283876902641,0.82894737744,0.395361745408
679,0.891325701863,0.253853999864,0.876315796062,0.31170338679
680,0.888052379344,0.252589482185,0.842105271785,0.422048396701
681,0.886415718425,0.260651118254,0.823684220251,0.393902403076
682,0.88248773146,0.273681492826,0.860526323711,0.333801928877
683,0.888379711713,0.261703425123,0.797368431954,0.391804931413
684,0.893944359596,0.25347284301,0.844736850968,0.398081474738
685,0.892635030632,0.256344658453,0.857894745312,0.351081936044
686,0.884451724991,0.280397360843,0.789473695582,0.464379823375
687,0.895908352981,0.247102633058,0.839473693387,0.414567034888
688,0.890671037223,0.253621013668,0.789473695975,0.584807599061
689,0.8831423961,0.282214270693,0.85526316613,0.416098623491
690,0.883469728128,0.270025344684,0.79736843117,0.540511679171
691,0.887397714703,0.263803782377,0.855263165737,0.362438578226
692,0.866775784867,0.29656759423,0.776315802414,0.546828915316
693,0.892962362904,0.245752227125,0.810526326299,0.375118552661
694,0.872995097172,0.304761276082,0.850000008941,0.308606134672
695,0.880523738367,0.258791506007,0.826315799434,0.394477481513
696,0.891653034086,0.250574899491,0.860526324103,0.258379495378
697,0.886415718328,0.257591113076,0.842105272569,0.367898292003
698,0.882815063853,0.268833823608,0.852631587339,0.324165002627
699,0.883469728274,0.272831518966,0.828947378617,0.392318245526
700,0.881833067161,0.271711309426,0.860526323711,0.354790050198
701,0.893617027325,0.24672691219,0.834210535021,0.379972791766
702,0.881505735036,0.274033936938,0.842105271785,0.376285802824
703,0.89918167516,0.252444923719,0.868421060082,0.301281832333
704,0.887725047145,0.250489264831,0.850000008156,0.335269341521
705,0.893944359548,0.236984449727,0.821052641461,0.420882805208
706,0.890343705244,0.252759020024,0.813157905089,0.415839625225
707,0.8798690738,0.280025102211,0.860526323318,0.317457573776
708,0.881505734767,0.267193093652,0.807894748292,0.469568790868
709,0.875941086884,0.283347827262,0.84473685136,0.352882091264
710,0.892962363026,0.26128983679,0.857894744528,0.299815133214
711,0.876595751573,0.280995313687,0.828947377832,0.385309652474
712,0.878232412565,0.273610990056,0.826315799826,0.488612108643
713,0.894599023895,0.246145933239,0.821052641069,0.39588751786
714,0.886088386202,0.263226455682,0.802631589927,0.42565683572
715,0.884124392793,0.25591702049,0.847368429758,0.327659284967
716,0.886088385983,0.264699201197,0.857894745312,0.337707682407
717,0.891653033891,0.256961709192,0.852631587731,0.34488323973
718,0.890671037223,0.254355538275,0.84473685136,0.439168673453
719,0.8975450139,0.256062320318,0.834210535021,0.354681833663
720,0.89067103715,0.245699263554,0.842105272177,0.332780101863
721,0.881833067063,0.267233372819,0.842105272177,0.32165811349
722,0.89459902392,0.254390132174,0.828947378617,0.367720018944
723,0.88576105398,0.257489777442,0.823684220251,0.369659984947
724,0.894926356264,0.246239441312,0.857894745312,0.354509170924
725,0.891653034062,0.245894618304,0.844736850968,0.368625931132
726,0.888052379539,0.259274953692,0.821052641069,0.360352464033
727,0.878559744763,0.276726034631,0.810526327083,0.512259278734
728,0.878559744836,0.277324128507,0.850000008549,0.331319365797
729,0.888379711664,0.255686658145,0.834210536198,0.491006840582
730,0.892307698483,0.259840266841,0.826315798846,0.38930252104
731,0.887070382871,0.263610016829,0.805263168129,0.414506714742
732,0.89689034965,0.240633084155,0.836842113812,0.378380652128
733,0.886088386251,0.263258781814,0.828947377048,0.375829305511
734,0.891980366163,0.256817199348,0.85526316613,0.317201334959
735,0.892307698288,0.25868323253,0.844736850968,0.376258717063
736,0.886743050599,0.257198277709,0.871052639265,0.366196285321
737,0.87921440916,0.264415324717,0.871052639265,0.25971224447
738,0.883797060497,0.267386625248,0.821052640676,0.456675112383
739,0.900163671755,0.230582060199,0.836842114596,0.349259062308
740,0.898199678492,0.235294486043,0.815789483488,0.539330003738
741,0.892635030559,0.262024564398,0.878947375244,0.298352147348
742,0.890671037272,0.2516370162,0.839473693387,0.435113882836
743,0.883469728152,0.267846944531,0.865789481684,0.309534164663
744,0.887725047267,0.259630570888,0.781578957838,0.590215788284
745,0.886088386056,0.274913263237,0.805263168914,0.542733620979
746,0.887070382724,0.25687616714,0.847368429562,0.327181705598
747,0.897217681726,0.24153979565,0.842105272177,0.411618985043
748,0.889689040457,0.267680957238,0.821052641461,0.42294717237
749,0.888052379441,0.265937877594,0.836842114988,0.389916512472
750,0.889034376182,0.251652713734,0.813157904697,0.405515161343
751,0.891653034111,0.246836249235,0.860526323318,0.339318440991
752,0.897545013802,0.25124990764,0.847368429758,0.362277541737
753,0.893944359596,0.253729575063,0.852631587731,0.372638542066
754,0.893617027276,0.243200489174,0.810526326299,0.407206719043
755,0.899509007431,0.241702875623,0.844736850968,0.375241403706
756,0.882815063707,0.274071036294,0.794736852771,0.47557421149
757,0.88281506378,0.279526403112,0.831578956231,0.376890914245
758,0.887397714752,0.25258286743,0.831578957407,0.378094158828
759,0.889689040701,0.267266145496,0.80000000996,0.397485143134
760,0.87855974486,0.273951274314,0.842105272177,0.378584644647
761,0.894926356118,0.246250336003,0.84473685136,0.366922250037
762,0.902454997338,0.235054993385,0.85526316613,0.395751234234
763,0.888707043789,0.258052423348,0.839473692994,0.41180598484
764,0.903109661979,0.231042686996,0.815789484272,0.401604344358
765,0.894599024042,0.256770282343,0.860526322926,0.352187641771
766,0.887397714996,0.256759424732,0.863157902893,0.343260387843
767,0.894599023895,0.235300729195,0.810526326299,0.439856725589
768,0.893617027203,0.241222099807,0.868421060474,0.314716501982
769,0.889034375963,0.263983988303,0.797368431954,0.449524408053
770,0.888052379392,0.263786567645,0.813157905089,0.417983581469
771,0.896235685033,0.245579923522,0.865789481684,0.335188458723
772,0.892307698458,0.239209680048,0.8657894809,0.346212879243
773,0.887397715191,0.265525287859,0.8657894809,0.297446888743
774,0.883469728616,0.271078263541,0.844736850575,0.369663099038
775,0.889361708332,0.258889887949,0.818421061494,0.397070957991
776,0.895253688268,0.25706833108,0.800000009176,0.446905388364
777,0.894926356313,0.245856504071,0.810526326299,0.465218008248
778,0.88674305055,0.257154633361,0.810526326691,0.497545934797
779,0.880851070395,0.263884514456,0.850000008549,0.34521994397
780,0.898527010763,0.240308838404,0.836842114988,0.431786432732
781,0.896235685253,0.245412957292,0.797368432346,0.459842542621
782,0.901145668447,0.221904619852,0.852631586947,0.385673491653
783,0.883797060643,0.258411892157,0.813157905089,0.378305825095
784,0.893289695102,0.247064596422,0.873684218055,0.298446886963
785,0.900491004002,0.224971275552,0.821052640873,0.454870565096
786,0.892307698288,0.253329425628,0.828947377048,0.378413482998
787,0.894271691624,0.238397348423,0.839473693387,0.431867225361
788,0.900163671877,0.243420850168,0.865789481292,0.326748092702
789,0.90310966193,0.236923381181,0.815789483488,0.451911217723
790,0.898854342888,0.246468771737,0.823684219467,0.411445765915
791,0.893944359499,0.24712232656,0.871052639265,0.425481866923
792,0.892307698629,0.255877404157,0.82894737744,0.412288881582
793,0.890343705195,0.243716672816,0.8368421144,0.389170967533
794,0.889689040165,0.269405363362,0.842105271785,0.3708723394
795,0.885433721684,0.265915992331,0.850000008941,0.326990828028
796,0.888052379539,0.259917828203,0.813157904501,0.439119470668
797,0.896235684911,0.245012696959,0.8078947479,0.387899962456
798,0.913256960883,0.212761887229,0.852631586555,0.44174555135
799,0.897217681336,0.24183032705,0.815789484272,0.45140688681
800,0.909001641768,0.223635640574,0.850000008549,0.413821830722
801,0.900818336298,0.225997366378,0.850000008156,0.379328881225
802,0.898199678394,0.236671965619,0.836842114596,0.442653449975
803,0.891980366309,0.247891010816,0.844736850183,0.363447386923
804,0.893944359474,0.242634098721,0.844736850968,0.358271136587
805,0.897217681726,0.244461965993,0.802631589535,0.448608621759
806,0.883469728079,0.256595940856,0.871052638873,0.301539942852
807,0.893289695248,0.244960462989,0.850000008549,0.351645381331
808,0.903436993909,0.227181613105,0.850000008941,0.416644019693
809,0.896890349552,0.256045500733,0.839473692994,0.362440691792
810,0.897545014046,0.236228234305,0.85526316613,0.321930662196
811,0.902454997338,0.234582048186,0.881578954427,0.321261853289
812,0.894926356021,0.246558290248,0.839473693387,0.387816356271
813,0.896563017329,0.234652325341,0.852631586947,0.361266276499
814,0.89165303394,0.252140115784,0.863157902501,0.381651229553
815,0.903436994201,0.231400325112,0.826315799434,0.407792364275
816,0.89427169177,0.243479563905,0.871052638873,0.310824479215
817,0.888379711469,0.266595593883,0.844736850968,0.357377283095
818,0.899181675282,0.244789537029,0.844736850575,0.335422758433
819,0.905073655193,0.220374404738,0.871052638873,0.319980518329
820,0.886415718401,0.256145495435,0.860526324103,0.350763403008
821,0.903109661784,0.224839426519,0.836842114596,0.390481356121
822,0.887725047218,0.259656606408,0.878947375636,0.277526079395
823,0.884779057312,0.269736801603,0.847368429366,0.328718970358
824,0.893944359474,0.240154355021,0.889473690798,0.342613376568
825,0.903436994006,0.233064951644,0.850000008549,0.377517271353
826,0.889689040555,0.258714945617,0.831578957015,0.368235172605
827,0.901473000572,0.246727399885,0.886842112008,0.285729676776
828,0.903764326473,0.233445655948,0.873684217663,0.322766142971
829,0.888379711591,0.266313171822,0.855263166522,0.330681521939
830,0.90180033299,0.231878808544,0.847368429758,0.374220375168
831,0.894271691722,0.252803074938,0.886842112008,0.317104980196
832,0.892635030657,0.239433738684,0.852631587339,0.387380135971
833,0.896890349357,0.238076056467,0.834210535805,0.39152143145
834,0.890998369299,0.255697827731,0.813157905089,0.475925916978
835,0.895253688609,0.251236450187,0.84736843015,0.417405454068
836,0.898854342791,0.233642531684,0.863157902893,0.341647116584
837,0.889034376061,0.266194695008,0.871052639265,0.448170091488
838,0.902782329463,0.227301616031,0.850000008549,0.383782544986
839,0.895908352908,0.24311243271,0.839473693387,0.359950315544
840,0.90540098744,0.22054208611,0.863157902893,0.354503302391
841,0.899836339532,0.241396006797,0.839473692602,0.346985756435
842,0.90474632297,0.22499792245,0.805263169502,0.46558466561
843,0.89689034965,0.244030666969,0.871052638873,0.30800725308
844,0.901473000548,0.228463260682,0.810526326299,0.448459914432
845,0.901800333063,0.235664477837,0.85789474492,0.342255854424
846,0.904418990553,0.226501912341,0.884210533217,0.329996159694
847,0.900491004002,0.245582482236,0.844736850183,0.385858869771
848,0.897217681872,0.249943477222,0.842105272569,0.388158216588
849,0.897545014095,0.234729466628,0.871052638873,0.275023213389
850,0.896563017232,0.248240044026,0.836842114596,0.442516930123
851,0.893289695053,0.250228108589,0.850000008549,0.353271304826
852,0.890671037052,0.253681058797,0.850000008156,0.394625906679
853,0.896890349698,0.231787620885,0.85789474492,0.309248291362
854,0.901473000816,0.227818105941,0.868421060082,0.299860220032
855,0.896235685155,0.253762815456,0.826315798258,0.384585329491
856,0.894271691673,0.258057977063,0.834210535805,0.397743343002
857,0.899509007504,0.237903842585,0.797368432346,0.524594052638
858,0.892307698483,0.252900684512,0.802631589927,0.449170601522
859,0.89689034965,0.238853755602,0.826315798454,0.371658269405
860,0.896563017427,0.24244398233,0.892105269589,0.275258043631
861,0.898527010714,0.231923005535,0.857894745312,0.336103524232
862,0.892635030705,0.254361341587,0.85526316613,0.355684395674
863,0.894599023895,0.253394831547,0.800000010745,0.469051907449
864,0.897872346171,0.249463236722,0.834210535805,0.398147646938
865,0.902127665237,0.23658111195,0.852631587339,0.400538877924
866,0.898199678589,0.236770172042,0.836842113812,0.422054708341
867,0.894599023749,0.248318327036,0.850000008941,0.32094992348
868,0.914893621948,0.207428426566,0.82894737744,0.405486289773
869,0.907037648334,0.238421958225,0.815789483488,0.407657574544
870,0.902454997436,0.231055242946,0.855263166522,0.287161932803
871,0.899181675257,0.234536575852,0.842105271589,0.352597586743
872,0.898854342937,0.247663145086,0.876315796846,0.329945736681
873,0.901800333039,0.232605217436,0.860526323711,0.319154467379
874,0.902782329634,0.21616852966,0.821052640873,0.413276044566
875,0.903436994055,0.229717741154,0.84736843015,0.372333903102
876,0.89918167516,0.23604426783,0.844736850575,0.36434909109
877,0.884451724772,0.288166103811,0.831578955839,0.378065811032
878,0.894926356167,0.238339202139,0.813157904305,0.439254198897
879,0.909001641988,0.211281422204,0.871052638873,0.349573634029
880,0.899836339508,0.230384947064,0.831578956623,0.39377593844
881,0.905073655169,0.225404769923,0.842105272569,0.372270605871
882,0.901145668399,0.24023802724,0.855263165737,0.483330820206
883,0.90572831959,0.222697058217,0.821052641461,0.407610900209
884,0.906055651837,0.243372968773,0.857894744528,0.348918664024
885,0.90441899087,0.234347177638,0.863157902501,0.314518933883
886,0.899181675209,0.24458215106,0.834210535805,0.407592400178
887,0.912929628563,0.211843139092,0.85526316613,0.345281792329
888,0.904418990723,0.216254971937,0.836842114596,0.396952041414
889,0.891653033842,0.260188136932,0.884210533217,0.315146484262
890,0.892635030388,0.254045646307,0.836842113616,0.393426262171
891,0.896563017378,0.242812459271,0.813157904697,0.433890612502
892,0.885106389632,0.263664119878,0.860526322534,0.326370772054
893,0.89001637307,0.24175970932,0.85526316613,0.347915419629
894,0.886415718352,0.261891493937,0.828947377832,0.448805311122
895,0.900491004026,0.221371759828,0.839473693387,0.419638116472
896,0.902782329805,0.234037304475,0.84473685136,0.359409720622
897,0.89950900748,0.232377908017,0.852631586947,0.419672020667
898,0.901473000572,0.229756001876,0.828947377832,0.383601894596
899,0.897545014095,0.245142254738,0.842105272569,0.390109309292
900,0.900491003758,0.231609141943,0.818421062278,0.435294760713
901,0.903436993958,0.224524060019,0.834210535413,0.470883448957
902,0.900818336322,0.236225160267,0.834210535021,0.400035923129
903,0.913256960883,0.2251741387,0.8657894809,0.35606033094
904,0.904418990626,0.230900315985,0.868421060082,0.296866726835
905,0.909656306189,0.208653261676,0.828947377048,0.428449790153
906,0.903436994201,0.231744700355,0.865789481684,0.32452042918
907,0.898854342888,0.250910927481,0.871052638873,0.33687475441
908,0.907364980533,0.228635872846,0.834210535805,0.455592277864
909,0.896890349454,0.244007052505,0.855263166522,0.318318875595
910,0.904418990748,0.23688321147,0.855263165737,0.411689568588
911,0.882815063951,0.256699697573,0.857894745312,0.371962960356
912,0.900491003856,0.241955865112,0.826315798454,0.365603539505
913,0.907037648603,0.215109902951,0.868421060082,0.364732884365
914,0.892307698385,0.232922002543,0.852631587339,0.33451039598
915,0.909328973966,0.216960179316,0.834210535413,0.413047111026
916,0.897217681677,0.227935916434,0.823684219859,0.393123219679
917,0.90016367173,0.244041242897,0.850000008941,0.397236351619
918,0.905073655315,0.217633214247,0.884210532825,0.292347323528
919,0.906055651569,0.228509748836,0.857894745312,0.351624075944
920,0.909328974113,0.217195173758,0.868421060474,0.303794471893
921,0.894926356069,0.237089253359,0.82894737744,0.419569132901
922,0.904418990821,0.231275042456,0.860526323318,0.372762214956
923,0.905400987586,0.216753941858,0.828947378028,0.374471321126
924,0.904091658696,0.220656668491,0.842105272177,0.378398886355
925,0.906710316282,0.218878171026,0.852631587339,0.349234944687
926,0.898199678589,0.230074560402,0.863157902501,0.387361945728
927,0.893944359645,0.240982791279,0.85789474492,0.335554170269
928,0.902127665067,0.246402820788,0.865789481292,0.321582745996
929,0.897545014095,0.230535674373,0.834210536198,0.442394267489
930,0.910638303101,0.224184156981,0.813157904697,0.468942712159
931,0.900491004295,0.237935373156,0.865789481684,0.328602900434
932,0.901145668399,0.223406845844,0.828947378224,0.397354827651
933,0.901800332942,0.224842318233,0.828947377832,0.367053448029
934,0.907364980679,0.222809801006,0.844736850183,0.375940645769
935,0.907692312999,0.217386788699,0.805263168718,0.424288044368
936,0.907692313194,0.223298995318,0.850000008156,0.393339764837
937,0.904746322946,0.22449861961,0.797368432346,0.511027694257
938,0.901473000768,0.234347727889,0.852631587339,0.399912940236
939,0.912274964093,0.201362914641,0.828947377832,0.400445402918
940,0.910638303004,0.213308077741,0.839473692014,0.332633459634
941,0.91031097083,0.211747205114,0.842105272177,0.393099886465
942,0.914893621899,0.215033923051,0.810526326691,0.550737823499
943,0.903436993982,0.229711707105,0.826315799042,0.442695656908
944,0.902454997192,0.237165060068,0.831578956035,0.464337550263
945,0.901800332868,0.24326434988,0.81578948388,0.406304476599
946,0.909656306287,0.210870147227,0.818421062278,0.438233271989
947,0.911292967254,0.215011116431,0.836842114596,0.429495727911
948,0.895581020515,0.240930000309,0.873684218055,0.302213811084
949,0.898199678492,0.243044795213,0.860526323711,0.336986483651
950,0.902127665067,0.220546731037,0.836842113812,0.421760206419
951,0.905400987538,0.219269810888,0.855263165737,0.374865093447
952,0.91063830315,0.213602792672,0.852631586947,0.325889848138
953,0.903109661686,0.230885739779,0.852631587731,0.360183461039
954,0.908346977542,0.21443141729,0.892105269589,0.304064673635
955,0.917512279729,0.20892735774,0.836842114204,0.44402561097
956,0.890343704951,0.260069988371,0.839473692602,0.348783155331
957,0.898199678248,0.241935081693,0.865789481684,0.415569844055
958,0.902782329439,0.220173193953,0.860526324103,0.301847324284
959,0.900163671877,0.25148276519,0.847368429366,0.382569087525
960,0.899509007358,0.231706747394,0.836842114596,0.381612506807
961,0.911292967547,0.227000365464,0.873684218055,0.313050674344
962,0.91783961205,0.195142721151,0.844736850968,0.45234173599
963,0.903109661686,0.226383832332,0.828947377048,0.428301024484
964,0.911947631846,0.208161740499,0.852631587339,0.413819589795
965,0.90671031638,0.227167028318,0.860526324103,0.385410768709
966,0.900163671828,0.233474582504,0.810526326691,0.503274032779
967,0.916857615333,0.204080248734,0.852631587339,0.438221180608
968,0.907364980825,0.211159075353,0.850000008549,0.36770700675
969,0.899181675038,0.22803416851,0.84473685136,0.405514981158
970,0.91031097083,0.220639630215,0.850000008156,0.334173154993
971,0.907364980728,0.217070629123,0.839473693779,0.386103338831
972,0.903436994153,0.209997204809,0.857894744136,0.290687688188
973,0.910965635275,0.241913719903,0.863157902109,0.34039799752
974,0.907692313048,0.219207529717,0.85000000796,0.307635055844
975,0.90147300067,0.226985644653,0.834210535413,0.449009691104
976,0.904091658403,0.226226206001,0.839473693387,0.440528992132
977,0.90900164189,0.221100429877,0.831578956231,0.455834257784
978,0.900163671487,0.233379732747,0.873684217663,0.338394172408
979,0.904091658598,0.227496413891,0.807894747116,0.429108733789
980,0.911620299769,0.206221939968,0.834210535021,0.44691447233
981,0.915220954317,0.213365733312,0.85526316613,0.329941348932
982,0.915875618665,0.193418083913,0.821052641853,0.385913456312
983,0.900163671974,0.231481883432,0.85789474492,0.345724519756
984,0.916530283061,0.201888334522,0.842105272177,0.403631097722
985,0.914566289774,0.195610919322,0.871052638481,0.392452680546
986,0.901145668496,0.227129510346,0.834210535805,0.361239685228
987,0.909001641939,0.214948238839,0.828947378224,0.405367968269
988,0.915875618713,0.20517972492,0.868421060474,0.312911592145
989,0.908019645368,0.216575138106,0.852631587731,0.435662352979
990,0.903436994153,0.2251241115,0.839473692602,0.426144719603
991,0.913911625304,0.211266678254,0.873684218055,0.346731945975
992,0.902127665262,0.224804011863,0.789473694798,0.504100141682
993,0.916530283061,0.201574209113,0.850000008549,0.442855027155
994,0.904091658501,0.252907332701,0.836842114988,0.399154104458
995,0.90540098744,0.222154254587,0.815789483095,0.436355093898
996,0.906382984035,0.221413985542,0.842105271785,0.413970582164
997,0.905073655266,0.218564802436,0.852631587339,0.463938586754
998,0.92078560181,0.186640895598,0.828947377048,0.543677152649
999,0.915548286393,0.206532054119,0.847368429366,0.41243418415
