epoch,acc,loss,val_acc,val_loss
0,0.706710322789,0.811938984536,0.742105274804,1.06370525227
1,0.716202958516,0.89841742714,0.750000013725,1.374449378
2,0.710638310023,0.870676936945,0.750000012352,0.689941563941
3,0.744680862575,0.748537340256,0.697368434581,1.27515416518
4,0.734533563134,0.753108174016,0.765789486076,0.588223088802
5,0.743371534074,0.822002072782,0.623684225702,1.21961693721
6,0.735188227653,0.815690888992,0.72894738242,0.889620301498
7,0.743371533513,0.731715021253,0.65000001596,1.30660282281
8,0.73551555951,0.759480377543,0.642105275471,1.3580635506
9,0.752209504185,0.793843200615,0.744736854967,0.617158058345
10,0.773158767,0.706647112834,0.705263171541,1.0958028098
11,0.764320796206,0.723220169411,0.763157908069,0.653172068469
12,0.771849437914,0.735597512984,0.76052632771,0.720011772833
13,0.769885444383,0.658055810891,0.760526328103,0.909400363575
14,0.764320796767,0.719413661566,0.75789474892,0.910304147376
15,0.77054010956,0.716531975314,0.786842116596,0.697668660751
16,0.784288063084,0.687495659541,0.76052632771,0.606464779004
17,0.771522106618,0.634829804681,0.76052632771,0.724818759622
18,0.775777424757,0.711164353398,0.686842119615,1.07272960163
19,0.77283143507,0.69872112003,0.684210540825,1.06691213716
20,0.789852710724,0.648411785796,0.794736853163,0.703066929145
21,0.77872341464,0.69495010409,0.768421064474,0.747880013169
22,0.794108030424,0.602891465319,0.807894746724,0.6099654646
23,0.777741418411,0.668978705879,0.800000009568,0.651895718049
24,0.780360075753,0.65851280223,0.760526329279,0.625945532792
25,0.789198046279,0.640886580988,0.736842117419,0.670306235258
26,0.792144036552,0.615362496179,0.784210536041,0.674068094875
27,0.797381352066,0.583184269841,0.80526316911,0.475676886933
28,0.787234052869,0.6937805381,0.810526326299,0.439419317402
29,0.797381352578,0.634594298425,0.760526327514,0.688447316594
30,0.780360076241,0.640629004609,0.781578958623,1.22747969576
31,0.792471368823,0.637607451252,0.763157906109,0.93133676925
32,0.796399355374,0.588367816914,0.776315801042,0.733816095027
33,0.790834707295,0.632481190909,0.805263167933,0.527067220157
34,0.788870713837,0.609902401599,0.813157905481,0.516389910567
35,0.789525378526,0.601996299287,0.784210537217,0.616049857737
36,0.789852710944,0.625816288718,0.726315803042,0.776816175491
37,0.801309338763,0.59469380512,0.765789485291,0.62213622313
38,0.789852711041,0.620247026978,0.763157906697,0.707565461947
39,0.792144036893,0.585683200152,0.842105271589,0.553881306177
40,0.812438635043,0.528311937273,0.757894747155,0.652737932292
41,0.818657947055,0.544043006472,0.81842106169,0.418648061701
42,0.788543381468,0.691040172059,0.839473692602,0.492216514016
43,0.805237325192,0.580823180652,0.802631589143,0.581377448453
44,0.803273332343,0.604603019959,0.805263167933,0.640452762361
45,0.802618667947,0.581819545567,0.813157905089,0.716756332421
46,0.794108030205,0.601243239553,0.85526316613,0.432219909884
47,0.805564658341,0.605092461591,0.72894738046,0.819141018302
48,0.820621941025,0.574722477449,0.773684224016,0.498113112374
49,0.813420631882,0.573257342405,0.760526326142,0.524550493292
50,0.805891990028,0.563310751901,0.752631590947,0.676823739508
51,0.803927996472,0.582391213091,0.755263168953,0.807084508347
52,0.792798700948,0.591551264887,0.821052640284,0.455530846436
53,0.806873986915,0.56326228994,0.736842117419,0.684557993774
54,0.796399355618,0.618192171475,0.818421062278,0.386704301682
55,0.818985278887,0.550475996676,0.781578958035,0.585557773476
56,0.794435361842,0.613744411156,0.823684220251,0.573089401314
57,0.815057292946,0.575722057387,0.781578959799,0.77257197838
58,0.800000009775,0.641273336719,0.773684222839,0.63811842948
59,0.802618667947,0.64659575683,0.823684219467,0.509725724445
60,0.819639943869,0.535256489117,0.778947380028,0.525739694541
61,0.818657947274,0.540201099655,0.731578961799,0.763372401921
62,0.805237325728,0.575586455171,0.847368429366,0.383084060575
63,0.805564658097,0.558954882821,0.805263168718,0.450478780834
64,0.816693954133,0.576589455629,0.71315790752,0.651644251358
65,0.80589199032,0.585411029718,0.771052643657,0.999342641852
66,0.806219322299,0.587823364149,0.828947378224,0.471929551372
67,0.807528651141,0.554468374128,0.784210538198,0.545605419963
68,0.802291336212,0.590643571688,0.865789481292,0.490565763235
69,0.840589206489,0.464508372897,0.792105275157,0.558910998001
70,0.808183315269,0.55561969316,0.776315801238,0.50409153545
71,0.807855983632,0.575759068851,0.760526326926,0.533166744477
72,0.821603937303,0.52676225113,0.800000010745,0.478256554193
73,0.818657946933,0.58964084582,0.810526326691,0.524322739088
74,0.812111303161,0.578782181061,0.802631589535,0.539291844752
75,0.805564657927,0.615633792687,0.818421063062,0.517282963736
76,0.815711957172,0.523513463312,0.831578957015,0.556123284182
77,0.799345345476,0.599114913911,0.810526326103,0.57590146489
78,0.808837980227,0.55313363499,0.778947380028,0.683247540109
79,0.804909993433,0.571651737484,0.807894747508,0.61157341787
80,0.826841253159,0.518570827177,0.818421062278,0.386100575677
81,0.812438634433,0.601306154303,0.742105277157,0.603952908325
82,0.819312611744,0.529498730439,0.752631592515,0.69533570861
83,0.825204591777,0.549399075575,0.805263168718,0.712732976113
84,0.814729960675,0.572647031902,0.805263167933,0.417122103078
85,0.817675950948,0.577770779588,0.805263168718,0.504539603606
86,0.812765966875,0.548313844503,0.778947378264,0.771716904115
87,0.824222594939,0.552959533271,0.77894737846,0.610704461284
88,0.83044190778,0.551051057627,0.734210539021,0.700101934986
89,0.824222594914,0.548462399451,0.773684223232,0.74739691791
90,0.834697226456,0.566187451612,0.771052644049,0.478278886576
91,0.831751236305,0.516299078226,0.781578959995,0.620970449803
92,0.819312611622,0.55826545416,0.800000010745,0.462210535292
93,0.810147309167,0.56222811824,0.797368431954,0.425957529953
94,0.817348618286,0.597999277358,0.821052640676,0.479372869589
95,0.82389526313,0.561218989924,0.757894748724,0.736201465669
96,0.826513920473,0.490888299921,0.784210538394,0.516363406554
97,0.820294608559,0.535630212426,0.757894750096,0.590995482264
98,0.817348618213,0.535340310334,0.821052641853,0.355942145211
99,0.805237325704,0.567740745927,0.844736849987,0.384836917853
100,0.826186588421,0.554916525921,0.821052641853,0.405303606028
101,0.813093299049,0.531550696146,0.792105272216,0.542020061347
102,0.832405900897,0.530032944285,0.794736852183,0.656665249955
103,0.818003282487,0.506036936905,0.781578958819,0.453583179728
104,0.816039288932,0.568957838678,0.723684222683,0.738431175052
105,0.816693953694,0.50716794059,0.800000011529,0.412386191323
106,0.823240598612,0.519566375786,0.826315799042,0.408156997978
107,0.816366621862,0.569402031049,0.784210536825,0.657106182029
108,0.80621932247,0.608033956046,0.784210536041,0.676375727194
109,0.822258601602,0.504600940186,0.763157907285,0.627230490215
110,0.815384624706,0.586603587795,0.807894747116,0.460374081948
111,0.820949272663,0.553092182526,0.836842114204,0.473420705891
112,0.81538462512,0.619971768623,0.784210538001,0.616641098633
113,0.829787242676,0.498279688191,0.80789474692,0.572459432394
114,0.818985279302,0.496528849051,0.768421064474,0.754355267906
115,0.817021286307,0.519425368488,0.752631590947,0.570082513027
116,0.830114575386,0.468576485202,0.771052643069,0.491250698344
117,0.819639943991,0.539779827178,0.794736852771,0.477989358463
118,0.828150581855,0.542121367734,0.826315799042,0.449982443236
119,0.842225867993,0.511141885962,0.797368432346,0.611901249442
120,0.837643216485,0.536639619748,0.836842114204,0.472810661573
121,0.812765967339,0.591928749414,0.771052642872,0.727511167877
122,0.81538462495,0.570933193986,0.805263167149,0.441493873533
123,0.820621940001,0.535505613024,0.871052638481,0.328054681175
124,0.822258601895,0.522993407915,0.815789484664,0.407875931087
125,0.811783970646,0.528832352002,0.81578948388,0.46699951216
126,0.834042561644,0.469842599706,0.7868421164,0.594808824863
127,0.826186588763,0.542062159245,0.765789484507,0.589973889708
128,0.808510648614,0.560731485071,0.831578957015,0.392744924248
129,0.831096571981,0.51341806514,0.736842118008,0.659590966411
130,0.822913266292,0.50156760828,0.789473695582,0.724052875039
131,0.832078568772,0.501074105803,0.821052641461,0.504089799008
132,0.823895262789,0.515124206482,0.747368433758,0.549589376112
133,0.827168585236,0.472707502928,0.789473696367,0.818773463638
134,0.820949273297,0.540833901838,0.784210538786,0.561599073049
135,0.837315883969,0.490195324834,0.834210534825,0.575009231995
136,0.805237325582,0.599972791351,0.813157905873,0.451595948887
137,0.828150581879,0.54361827481,0.839473692994,0.468239438548
138,0.813747963714,0.549699678789,0.823684221036,0.428915541006
139,0.819312611793,0.499928240109,0.792105273981,0.568434531439
140,0.827823249779,0.523503828969,0.763157906893,0.544112342753
141,0.827168584943,0.509762329853,0.760526328103,0.605436862912
142,0.825531924073,0.516005886692,0.792105274765,0.572030733373
143,0.830114575338,0.49913114923,0.723684222094,0.834932837948
144,0.828805246837,0.519917822147,0.794736852379,0.656066158979
145,0.835679223002,0.492129996585,0.702631592947,0.909603908192
146,0.817348618457,0.618508637306,0.805263168326,0.587686982551
147,0.830114575045,0.542774258252,0.776315801238,0.536241220948
148,0.829459910551,0.540271765223,0.844736850968,0.413467524941
149,0.835679222977,0.579002481156,0.742105273824,0.684582523395
150,0.814402627964,0.538423005592,0.8078947479,0.539353235416
151,0.818330615076,0.543826455216,0.763157906109,1.0137395842
152,0.843207864246,0.509439510263,0.771052642872,0.706653453612
153,0.838625213348,0.552891860065,0.792105274373,0.682133729214
154,0.833715229763,0.517359442623,0.815789482899,0.499856008414
155,0.835024558556,0.528453328098,0.776315800846,0.603973551175
156,0.842225867554,0.47894456014,0.784210537217,0.501292193446
157,0.815384625194,0.585503480817,0.723684223075,0.674289092238
158,0.826513920595,0.519664984632,0.805263168326,0.462006994303
159,0.834697226504,0.512163108609,0.852631587731,0.454092920455
160,0.831751236451,0.554898293575,0.813157904697,0.460052852114
161,0.820621940928,0.57429726696,0.794736853556,0.482158513341
162,0.821931269575,0.531069287114,0.828947378617,0.445788148245
163,0.838297880662,0.473819858118,0.807894747508,0.52668598483
164,0.834697226407,0.505338763054,0.771052643265,0.587221744139
165,0.836333887813,0.525307684595,0.794736852771,0.606961553141
166,0.835351890633,0.54268864353,0.781578958035,0.595521011819
167,0.839934542165,0.525488111846,0.8078947479,0.529147162752
168,0.823240598563,0.522533577359,0.802631588359,0.529897650741
169,0.836661219768,0.511266596407,0.792105274373,0.561959248762
170,0.830114575021,0.52958727032,0.842105272177,0.466823487481
171,0.833060564976,0.531745046572,0.750000012156,0.74285390826
172,0.823895262813,0.542261807728,0.800000010745,0.484900625233
173,0.822585933947,0.552971952046,0.839473693779,0.551001255499
174,0.830441907755,0.51945698237,0.839473693779,0.457340689511
175,0.827495917678,0.524024644333,0.842105271393,0.383769994614
176,0.82585925615,0.549580678159,0.771052644441,0.483560806581
177,0.830441907097,0.499150944122,0.821052641461,0.441412432536
178,0.834697226358,0.496607103785,0.84736843015,0.512852944618
179,0.812111302527,0.584807836188,0.794736851987,0.572661956252
180,0.825531923903,0.5394592555,0.802631589535,0.562973994933
181,0.834042562279,0.535183677916,0.850000008941,0.351968217133
182,0.816693953841,0.573213294821,0.810526325122,0.498163592268
183,0.838952545522,0.510334416793,0.768421065454,0.591305143172
184,0.829459910746,0.542735307068,0.81578948388,0.679860401833
185,0.840916538834,0.49748613974,0.77631580163,0.645194114118
186,0.827823249925,0.538153324955,0.786842117576,0.654994279017
187,0.833387897711,0.487691577073,0.765789485684,0.698933008302
188,0.830769239881,0.538854657405,0.781578958427,0.567025036294
189,0.838625213372,0.50007193106,0.760526326534,0.754463906155
190,0.836006555639,0.492036701673,0.810526326691,0.578145216961
191,0.829459911112,0.520718637245,0.784210537609,0.749957452614
192,0.834697226846,0.506798970407,0.834210535805,0.471468220808
193,0.837315884213,0.500965083113,0.794736852575,0.541200232289
194,0.837970548805,0.491084191044,0.77631580163,0.607739731928
195,0.841243871178,0.527893022272,0.855263164953,0.404950464512
196,0.84189853538,0.541010743221,0.721052646245,0.677719116039
197,0.837643216363,0.514159577811,0.776315801238,0.767082618605
198,0.8422258677,0.47836698576,0.810526325122,0.464077610216
199,0.851063837665,0.45103598927,0.70000001298,0.804489338611
200,0.839934541873,0.480376709824,0.821052641853,0.428868990814
201,0.834697226383,0.546104400928,0.850000007372,0.498876532521
202,0.834697226773,0.513963405565,0.797368431954,0.505478009986
203,0.83829788093,0.477306998175,0.794736852379,0.57381475968
204,0.828805246398,0.531523548446,0.82631579865,0.616609915498
205,0.83306056561,0.5522343458,0.789473695582,0.415851409755
206,0.831423904253,0.544937704588,0.852631587339,0.345801320466
207,0.824222595475,0.543494395922,0.857894744528,0.498206050429
208,0.840261874534,0.464038141886,0.826315799434,0.485680864585
209,0.839279878159,0.500041680836,0.881578954427,0.380607715725
210,0.845826521882,0.481151954821,0.844736850968,0.363062519697
211,0.832078568552,0.545178963909,0.836842114988,0.395953958364
212,0.840261874315,0.49393804162,0.80526316911,0.43584162938
213,0.837970548683,0.501003326712,0.794736853948,0.59508105539
214,0.838625213177,0.502701709115,0.813157905481,0.615560019805
215,0.833715229666,0.499012831423,0.794736852575,0.433470381151
216,0.85400982784,0.458533270412,0.752631591339,0.688664322675
217,0.8222586017,0.512713131353,0.836842114988,0.406161323839
218,0.828150581709,0.569335357886,0.818421063062,0.509539442918
219,0.838952545083,0.489916648176,0.813157905089,0.504485698441
220,0.840916538834,0.489703273094,0.826315799826,0.403717314834
221,0.836661220011,0.527743699051,0.813157904697,0.604348441145
222,0.839934542068,0.470945904743,0.739473695622,0.885201171028
223,0.834369894452,0.509871698449,0.813157904697,0.439833779219
224,0.839934541922,0.483190310867,0.836842113812,0.544503342115
225,0.836988551795,0.508467988063,0.802631589535,0.502717566811
226,0.841571203303,0.479875645722,0.850000008549,0.36672077331
227,0.844189861305,0.4603183901,0.850000008549,0.430756634935
228,0.830114575484,0.550164672189,0.834210536198,0.400589454368
229,0.83698855221,0.52329861572,0.810526326691,0.419794175795
230,0.842225867554,0.504193883352,0.792105274765,0.563919206328
231,0.84058920644,0.479388294317,0.800000010352,0.509247449461
232,0.836988551698,0.478033243428,0.786842117184,0.585220338228
233,0.841898535648,0.482627491762,0.794736851987,0.555816932249
234,0.825204591631,0.51541122974,0.75789474892,0.631842451623
235,0.836661219548,0.492342053308,0.807894747508,0.490486484958
236,0.832405901067,0.478972196328,0.786842115812,0.590964506437
237,0.83600655542,0.498866443414,0.7868421164,0.511059869841
238,0.827823249608,0.518370574855,0.755263170129,0.728787168039
239,0.845826522296,0.449734416224,0.723684222683,0.692881744073
240,0.855319156877,0.42890936733,0.821052641461,0.48370720035
241,0.846153854446,0.48384746131,0.771052644245,0.553908947396
242,0.814402627989,0.590781296211,0.855263165737,0.345962548077
243,0.839934541946,0.480433242345,0.834210534433,0.670054923412
244,0.843207864271,0.503240915792,0.784210537805,0.563183306628
245,0.847463183361,0.463263403648,0.871052639265,0.451427475451
246,0.838297880857,0.469474621912,0.847368429758,0.57698293205
247,0.845171857753,0.528975392011,0.810526326299,0.523960509927
248,0.855973821664,0.478148423791,0.831578956231,0.388807288031
249,0.842553199679,0.53973757141,0.78947369519,0.529778863132
250,0.848772511959,0.459300018635,0.810526325907,0.652615123024
251,0.834042562254,0.491052207875,0.778947378852,0.574692216739
252,0.830441907609,0.524140714025,0.839473692602,0.355382365175
253,0.850736505588,0.450326190285,0.842105271785,0.4655903515
254,0.829132578743,0.518541005091,0.794736852771,0.624606785021
255,0.844517193235,0.490805547816,0.75526317209,0.869277960788
256,0.831751236256,0.522675886546,0.79736843117,0.6739866225
257,0.834369894428,0.509556876593,0.781578958623,0.54290741548
258,0.840916538785,0.53245804267,0.784210536433,0.579235102632
259,0.832078568625,0.548938481605,0.826315799826,0.494369697475
260,0.83895254501,0.472945812103,0.7868421164,0.790147650613
261,0.842553199898,0.462593990619,0.810526327083,0.542591927365
262,0.831751236524,0.510772409269,0.85526316613,0.343981497265
263,0.849427176868,0.481631280686,0.807894746724,0.654698069863
264,0.842553200191,0.496861333395,0.810526325907,0.521465022436
265,0.846481186693,0.492635753947,0.810526326691,0.526903256651
266,0.84026187451,0.504522689532,0.828947378617,0.604024798242
267,0.836988552137,0.483989558777,0.831578957015,0.391470790167
268,0.844517193527,0.484406576348,0.807894746724,0.583389809772
269,0.852373166458,0.435050289862,0.860526322926,0.374922628576
270,0.829459910478,0.505973722965,0.831578957015,0.369958616573
271,0.845171857534,0.493470303808,0.84736843015,0.45765325625
272,0.848445179907,0.487673098636,0.844736850575,0.493150316473
273,0.849427176624,0.509721372019,0.810526325907,0.4334626826
274,0.833715229836,0.543344133251,0.768421064866,0.507284827677
275,0.853027831172,0.473509210515,0.805263167933,0.381312847661
276,0.846808518769,0.479138197217,0.813157904697,0.436854909726
277,0.829787243066,0.548816901594,0.81842106267,0.461752289116
278,0.841571203279,0.475692102276,0.760526328103,0.620441840043
279,0.83273323329,0.522859192887,0.826315799434,0.644349815478
280,0.850081841265,0.478545558055,0.810526326299,0.681245744087
281,0.837970548829,0.528206267287,0.797368431366,0.666857006345
282,0.838952545083,0.502301553904,0.802631589927,0.639194355835
283,0.848772512471,0.447246030676,0.792105274765,0.61551768018
284,0.84451719382,0.506244586908,0.794736851595,0.522316267313
285,0.844517193259,0.537998940236,0.842105271001,0.396223627588
286,0.855319156755,0.454933803772,0.821052641853,0.701291563326
287,0.836333887472,0.517099245534,0.778947379244,0.530347358374
288,0.864484459259,0.450063731929,0.818421062278,0.537509111835
289,0.852373166434,0.476978823107,0.815789483095,0.673780667919
290,0.848117848026,0.508039625031,0.823684219075,0.530973269095
291,0.845499189757,0.507819711635,0.794736853948,0.611882483525
292,0.832078568479,0.523724128983,0.818421062278,0.440430748154
293,0.838297880857,0.491116844347,0.792105273785,0.586472779938
294,0.839279877549,0.534685112717,0.810526326299,0.610809714912
295,0.838297880784,0.514386031326,0.76578948686,0.773360126394
296,0.856301153545,0.444535407664,0.860526323318,0.48866310716
297,0.850081841118,0.471472356992,0.836842114988,0.520716344536
298,0.840916538468,0.494078038636,0.789473695975,0.560859144871
299,0.848117847465,0.474808055548,0.797368432738,0.623817432358
300,0.836006555103,0.485894096261,0.834210535805,0.398971824325
301,0.846153854056,0.469967446492,0.800000010352,0.492520701863
302,0.844517193527,0.455795420463,0.834210534237,0.467447474305
303,0.839934541897,0.487506087165,0.823684220643,0.428872150651
304,0.846808518818,0.46084236034,0.810526325907,0.514838378576
305,0.835024558191,0.473649937512,0.781578959211,0.559835686563
306,0.853682495641,0.451456626721,0.755263170914,0.543766060771
307,0.830769239954,0.530787017825,0.802631589143,0.721692178738
308,0.830441907658,0.562192402454,0.828947378617,0.485968323143
309,0.839279877696,0.460466390509,0.847368429758,0.49504485148
310,0.836661220158,0.510313024684,0.792105273785,0.749345310516
311,0.840261874266,0.558984908732,0.778947380028,0.543320848018
312,0.84255320024,0.511659622118,0.72894738046,0.892488273669
313,0.854664492553,0.445527354798,0.797368431562,0.53567463961
314,0.841898535331,0.444060170941,0.818421062474,0.499073233792
315,0.833060565537,0.488861746402,0.773684222251,0.58484444391
316,0.856301153374,0.405746177858,0.7868421164,0.558623147706
317,0.843862528862,0.486105411261,0.765789483331,0.605672888629
318,0.842553199557,0.504315200708,0.818421061886,0.499896845505
319,0.856955817966,0.48375218806,0.8657894809,0.429768172669
320,0.856301153545,0.479254121522,0.765789485684,0.533191391475
321,0.837643216606,0.55255399117,0.784210537217,0.627180384735
322,0.836988551966,0.505157941635,0.81842106267,0.576377907943
323,0.843207864222,0.478456579914,0.834210535021,0.510491868366
324,0.84877251252,0.464028147142,0.813157904697,0.375319379039
325,0.843862529179,0.461606410542,0.831578957407,0.409389226281
326,0.843862528911,0.465507894983,0.70000001396,0.931901252767
327,0.847463183532,0.505297871021,0.826315799434,0.537259214231
328,0.828150582026,0.514058106844,0.834210535021,0.47959959007
329,0.859247143403,0.445544545528,0.826315799826,0.363625300834
330,0.837315884262,0.487014111285,0.852631586947,0.494524988446
331,0.848117847514,0.458236568722,0.755263170914,0.627508495974
332,0.8422258677,0.439768313714,0.834210535021,0.55957543524
333,0.851718502037,0.441987287446,0.834210535413,0.466810052798
334,0.840261874364,0.493658418844,0.792105273785,0.864825133767
335,0.854337159867,0.467271835085,0.81842106267,0.469322462407
336,0.845499190049,0.507539953759,0.818421063455,0.43776478975
337,0.834042562181,0.543634679476,0.839473693387,0.520452151191
338,0.839279877696,0.443908879592,0.821052641069,0.421903694147
339,0.836006555225,0.508013056043,0.789473695975,0.622424991135
340,0.854337160282,0.430169406692,0.836842114596,0.520429868202
341,0.855973821274,0.480302019737,0.760526326534,0.505613069886
342,0.840261874096,0.449349047822,0.805263167933,0.600596836708
343,0.852373166799,0.465855681554,0.715789484939,0.811406588929
344,0.839607209967,0.50635999204,0.77894737944,0.570222897663
345,0.855973821371,0.488232868892,0.802631589535,0.76278600423
346,0.83797054878,0.543376801298,0.834210535413,0.360964466116
347,0.847463183093,0.495878749155,0.844736850968,0.465341451572
348,0.846808518525,0.50809672159,0.752631590947,0.843283787529
349,0.842553199972,0.538225398287,0.786842116792,0.486310397011
350,0.84091653898,0.506757450634,0.823684221036,0.619153849548
351,0.841571203084,0.476968913541,0.781578959995,0.648207448147
352,0.855973821322,0.49028631623,0.823684221036,0.514294967361
353,0.853355163492,0.498440607109,0.792105273197,0.732199676828
354,0.850736505613,0.480876269781,0.810526325122,0.555724209506
355,0.854664492285,0.46897088832,0.839473693779,0.502200429168
356,0.862520465728,0.468569229366,0.813157905481,0.565312710244
357,0.83862521325,0.522114974012,0.79736843215,0.779773323608
358,0.839279877622,0.512942656345,0.844736850968,0.37418333506
359,0.854991824264,0.485293032554,0.757894746371,0.614795428419
360,0.842553200045,0.517932843042,0.747368432974,0.693383371739
361,0.839607210138,0.512122326466,0.757894748528,0.660526865738
362,0.847135851407,0.465651903925,0.723684222094,0.794679117977
363,0.847463183434,0.451425769589,0.789473694798,0.516484859865
364,0.861538468938,0.469399300584,0.810526325514,0.605524599546
365,0.850409173244,0.507106970568,0.768421064082,0.572728471245
366,0.840589206562,0.504841912381,0.797368431366,0.793876344413
367,0.85859247869,0.441291663493,0.821052641069,0.49412694276
368,0.844517192844,0.487898111234,0.789473694798,0.692732968741
369,0.838952545522,0.496893450526,0.794736853163,0.690567883662
370,0.841243870617,0.51953989755,0.815789483488,0.559438997356
371,0.850409173536,0.469969169396,0.821052641461,0.577163392304
372,0.85171850233,0.495342047503,0.807894747116,0.44495145788
373,0.839279877574,0.520831363212,0.752631590947,0.853827619864
374,0.838297881198,0.50851814494,0.684210538276,0.996818343919
375,0.840261874656,0.475329941748,0.807894746332,0.490445811105
376,0.84026187412,0.514143873515,0.844736850968,0.446129682432
377,0.836661219743,0.489917040671,0.78157895627,0.48605183497
378,0.859247143379,0.439928847254,0.77894737944,0.564930038269
379,0.834042562083,0.55441594267,0.84473685136,0.648281815846
380,0.846153854275,0.498269023094,0.794736851987,0.558383523324
381,0.844844525653,0.501209920119,0.807894747508,0.523988686598
382,0.841243870715,0.516555110772,0.852631587339,0.303977161027
383,0.83698855199,0.515336206111,0.776315799865,0.566925978499
384,0.855646489197,0.457304102455,0.85526316613,0.475233760975
385,0.859247143598,0.458545687333,0.823684219859,0.535550812541
386,0.85237316697,0.492630539012,0.831578956231,0.525052583289
387,0.847463183483,0.47646265871,0.813157903129,0.520732158077
388,0.846481186644,0.483541421169,0.77368422029,0.595440621993
389,0.85859247886,0.449305029393,0.792105274373,0.606521272894
390,0.848772512423,0.473949427991,0.750000011568,0.847973179382
391,0.841898535502,0.515222802045,0.805263167541,0.710545233059
392,0.854337160355,0.465949305854,0.771052644049,0.583621249767
393,0.855646488953,0.46219910561,0.844736850183,0.47274821202
394,0.853682495398,0.466618300632,0.818421061886,0.55031170174
395,0.850736505466,0.509656888837,0.755263170914,0.779190245624
396,0.856628485597,0.504942041414,0.794736852183,0.544771159301
397,0.858919811327,0.447397655674,0.792105275157,0.507389324074
398,0.862193133554,0.418695674776,0.800000010745,0.658102707346
399,0.862520465704,0.448501808264,0.810526325711,0.686603339947
400,0.854009827937,0.435511426929,0.842105271001,0.435729268779
401,0.843207864368,0.523795605882,0.757894747351,0.856095920032
402,0.854009827864,0.477618450262,0.747368434346,0.659363153103
403,0.847135851358,0.465967235038,0.81578948388,0.39561685586
404,0.846153854641,0.514616220706,0.797368431954,0.526805830588
405,0.849099844792,0.528987902586,0.823684220643,0.422448709935
406,0.840589206391,0.482125290565,0.813157904109,0.504503754903
407,0.842880532414,0.484834954175,0.800000010745,0.524593194107
408,0.860229140071,0.44340632622,0.778947377872,0.505131706381
409,0.863175130344,0.445898244102,0.750000011176,0.73922813295
410,0.856301153374,0.47550578507,0.813157903913,0.491023697463
411,0.851718502061,0.484907945922,0.823684220643,0.450940762971
412,0.852700499095,0.461663355941,0.800000011529,0.464432194559
413,0.850409173487,0.4635076309,0.786842116204,0.615510014464
414,0.850409173439,0.484320634297,0.752631590751,0.71582083478
415,0.848772512203,0.457665825296,0.726315800689,0.824051675791
416,0.862847798024,0.424728437284,0.771052644441,0.650833890542
417,0.83633388735,0.506224268148,0.813157904305,0.501658249314
418,0.852045834723,0.49002893331,0.813157904305,0.507064789852
419,0.856955817844,0.461580164542,0.776315800453,0.50143384149
420,0.847463183459,0.495269501467,0.802631589731,0.539203721218
421,0.846808519062,0.477989282514,0.76052632673,0.658726468927
422,0.863502462372,0.400945958678,0.784210536433,0.550007051797
423,0.839934542214,0.47575728081,0.810526325711,0.581421535072
424,0.858592478982,0.466808293458,0.773684221663,0.593705028032
425,0.853355163321,0.473746218896,0.807894747508,0.578837565631
426,0.862520465923,0.430715973254,0.760526328103,0.533585473892
427,0.855973821396,0.452121826408,0.800000010156,0.667259350915
428,0.841571203035,0.521521293523,0.797368431954,0.489384463455
429,0.852373166726,0.47904091563,0.839473692994,0.335537326587
430,0.858592479202,0.470621164263,0.794736852379,0.616106777574
431,0.854991824776,0.468734620739,0.821052640873,0.606162572831
432,0.853027831367,0.433360377088,0.742105274412,0.835776475932
433,0.85106383786,0.452014803385,0.773684220683,0.667134312882
434,0.846481186571,0.496308964997,0.831578957015,0.423693925305
435,0.855646488978,0.455235325016,0.781578958427,0.739942917557
436,0.842880532243,0.43022986972,0.75000001294,0.719271131568
437,0.84713585087,0.502326656061,0.744736854771,0.817151822272
438,0.851063837884,0.469900360503,0.692105276412,0.931276465598
439,0.854009828084,0.42363138123,0.807894746332,0.478393068084
440,0.863175130368,0.407428382797,0.786842115616,0.718211264922
441,0.849427176868,0.495792954273,0.836842114204,0.483870364199
442,0.838952545229,0.525929564316,0.810526325122,0.583421653261
443,0.847135851065,0.487561001986,0.823684220643,0.609235203016
444,0.854991824435,0.461144559178,0.784210538001,0.623008692423
445,0.858592479275,0.426788076303,0.789473693818,0.590393604802
446,0.851391169814,0.471060394101,0.713157906932,0.88039295111
447,0.862847798365,0.485821866651,0.789473694014,0.527084125799
448,0.874959090728,0.440695713131,0.794736852183,0.511437555836
449,0.844189860988,0.527186133566,0.797368429797,0.678437196081
450,0.863502462274,0.409723736924,0.823684220251,0.497005818213
451,0.848445180249,0.451974707284,0.8210526395,0.414288071349
452,0.843207864222,0.511240113939,0.750000011372,0.780874528316
453,0.864484459259,0.43396254928,0.821052640284,0.436184768756
454,0.854009828132,0.472969992697,0.755263170129,0.689516641691
455,0.858592478665,0.489940130124,0.850000008549,0.472982107888
456,0.844517193381,0.489403150214,0.781578958427,0.590611185131
457,0.854664492358,0.476386955117,0.784210536237,0.618504850635
458,0.857610482338,0.467304246054,0.794736853163,0.61950683561
459,0.846153854275,0.506014749175,0.763157906501,0.671783673329
460,0.856628485621,0.435565151324,0.768421064866,0.622826235027
461,0.843535196615,0.478939583636,0.831578956623,0.513425858017
462,0.84811784827,0.469050944496,0.807894746528,0.501099455192
463,0.858592479104,0.460662802714,0.807894746724,0.579291664217
464,0.855973821493,0.489790960284,0.813157904305,0.473503605548
465,0.861865801282,0.435493533005,0.797368431562,0.633455239207
466,0.853682495763,0.458339641229,0.80526316911,0.650098692908
467,0.856628485719,0.472117793652,0.805263167149,0.68880881315
468,0.861865801404,0.425307315344,0.781578958819,0.604365492696
469,0.859901807434,0.440488924423,0.792105273981,0.697456198022
470,0.84451719304,0.487443027466,0.810526326299,0.586432333778
471,0.863175129905,0.453426244026,0.823684219271,0.485761031459
472,0.859901807995,0.463092193132,0.813157904697,0.518750282375
473,0.850409173122,0.501787237747,0.794736851791,0.787050325033
474,0.853682495641,0.49714284281,0.73947369523,0.769063497143
475,0.857610482143,0.420482263113,0.800000010352,0.635236062606
476,0.857283149994,0.4659113803,0.807894747116,0.623724764011
477,0.833060565342,0.556185147682,0.810526325907,0.664223960896
478,0.85204583465,0.459401017398,0.810526325907,0.512915422619
479,0.842225867944,0.493635770662,0.81842106267,0.476296446029
480,0.855319156584,0.450906373993,0.784210537805,0.598856855221
481,0.850081841411,0.489185534245,0.768421063494,0.668776772513
482,0.846153854202,0.494987580295,0.805263167149,0.48990595224
483,0.858919811327,0.423672187014,0.792105274373,0.447956151697
484,0.856955818137,0.473228890566,0.821052641461,0.569829049496
485,0.86055647244,0.518300628462,0.813157903913,0.528182286487
486,0.861211136813,0.452506051226,0.8078947479,0.446894814211
487,0.859247143623,0.464159125265,0.815789483488,0.741287116522
488,0.869721774237,0.413268488404,0.739473696406,0.763664339939
489,0.862847797877,0.4472725254,0.726315801081,0.876287436096
490,0.858919811229,0.467779263034,0.839473693387,0.484720782301
491,0.849099844353,0.532425923336,0.789473695975,0.629188358712
492,0.845499190049,0.476277718988,0.810526325122,0.558138962091
493,0.846153854446,0.483862326886,0.797368431562,0.726981439337
494,0.847790515535,0.526178511628,0.755263169933,0.686843375467
495,0.8559738212,0.445102836133,0.802631589339,0.6520129113
496,0.860556472489,0.431050080356,0.807894746724,0.564795304923
497,0.859901807897,0.447245365111,0.81842106267,0.581057647158
498,0.858919811254,0.45123551125,0.77894738042,0.619129306879
499,0.857610482265,0.459146232844,0.781578957642,0.804536366315
500,0.854009827815,0.485726886172,0.813157903325,0.501811449214
501,0.8641571265,0.417002386346,0.789473694994,1.05961240892
502,0.850409173585,0.45642972019,0.755263168953,0.639735486258
503,0.854337160282,0.439991402252,0.750000012548,1.20958114137
504,0.860883804761,0.44397442241,0.802631589927,0.587547677342
505,0.854009827401,0.449206356172,0.805263168718,0.518202368378
506,0.863175130271,0.422133988736,0.765789484115,0.541778619982
507,0.839934542312,0.509704542718,0.789473693818,0.625041381094
508,0.84844517981,0.527639201802,0.823684220251,0.446473645249
509,0.851391169765,0.454058249665,0.805263169502,0.527707510971
510,0.854991824337,0.464735866317,0.776315801238,0.676114633312
511,0.853027831391,0.544172590296,0.778947377872,0.64574584443
512,0.851391170448,0.485292848489,0.842105271785,0.398814016975
513,0.868412445737,0.386376517523,0.789473695386,0.514593994102
514,0.848772512569,0.452913968942,0.807894746136,0.542914433275
515,0.847463183337,0.447244263436,0.844736850575,0.408497189601
516,0.861865801112,0.418030849884,0.805263168718,0.531423487493
517,0.855973821347,0.466482303539,0.797368431954,0.672239485966
518,0.850409173463,0.485143110943,0.797368431562,0.496466389125
519,0.863502462591,0.452716928478,0.844736850968,0.513067607456
520,0.858265146467,0.463188235668,0.700000013568,0.990390360157
521,0.854337160014,0.509324397877,0.778947379244,0.670988686116
522,0.853682495788,0.481162550033,0.786842115616,0.739787881321
523,0.856628485451,0.464336268199,0.823684219859,0.421399710925
524,0.858265147028,0.450312281465,0.781578958427,0.589486335416
525,0.851718502305,0.415772717032,0.773684222055,0.717334142408
526,0.854009827889,0.467211407403,0.802631589535,0.505629210574
527,0.85597382103,0.484072458857,0.789473693426,0.844694798573
528,0.843207864539,0.504273512588,0.771052640912,0.702802440155
529,0.86677578477,0.407761116698,0.839473692994,0.487681338972
530,0.853682495617,0.472630951727,0.757894748528,0.70029658469
531,0.85826514693,0.434127870546,0.805263168326,0.64465180721
532,0.86022914012,0.41165961889,0.826315799042,0.58448557022
533,0.852045834601,0.441301238559,0.78947369519,0.604907395053
534,0.859901808068,0.438718829557,0.781578958819,0.729443271007
535,0.857283149896,0.464488009201,0.810526325514,0.492243757496
536,0.853355163419,0.484072749507,0.78947369519,0.552489709978
537,0.854009827889,0.487097363708,0.802631589535,0.546835086733
538,0.843862529082,0.441019051302,0.778947378852,0.6100837031
539,0.859574475919,0.453043134279,0.823684219859,0.595936799678
540,0.870049107045,0.382921495385,0.786842115419,0.614161906865
541,0.867103116968,0.469618528853,0.78947369519,0.686557783114
542,0.854991824654,0.424628287091,0.77105264248,0.610133560374
543,0.859574475821,0.448271795633,0.810526327083,0.813110275799
544,0.858265146638,0.449808900336,0.834210533453,0.499974184388
545,0.857937814634,0.506008163898,0.77894738042,0.626048052774
546,0.850736505637,0.485690164374,0.800000011137,0.785674054091
547,0.864157126573,0.487604962891,0.831578956231,0.465596005543
548,0.860229139949,0.466966155798,0.797368430582,0.722529988876
549,0.853355163394,0.50094690055,0.828947377832,0.511240182202
550,0.855973821152,0.467863667858,0.71052632775,0.798907328887
551,0.854664492334,0.455996757602,0.773684221663,0.743817025838
552,0.864811791238,0.479428704095,0.813157905481,0.632630000533
553,0.867430449191,0.454805512049,0.821052641069,0.559223895301
554,0.862193133505,0.469062150671,0.781578958427,0.578390085137
555,0.866775784818,0.43406582261,0.776315799473,0.765053303367
556,0.863829794814,0.478590552222,0.823684219271,0.499397713688
557,0.845171857607,0.510455074007,0.844736850575,0.6045990746
558,0.857283150164,0.462928562935,0.836842114596,0.538227339459
559,0.86317513032,0.485320272741,0.792105273393,0.449808676862
560,0.847463183532,0.494943771016,0.676315798375,0.891437818149
561,0.85368249591,0.492183857826,0.797368431954,0.687945320032
562,0.867430449459,0.390153864788,0.752631591339,0.84436631362
563,0.85990180819,0.457587676564,0.778947379048,0.63085422062
564,0.871685768257,0.448902138675,0.781578958231,0.658782229609
565,0.854664492334,0.498626743585,0.805263168718,0.552518650196
566,0.856301153204,0.467506107544,0.786842115027,0.520865160383
567,0.86873977796,0.438698707184,0.771052643069,0.756271127235
568,0.860229140023,0.4313980905,0.821052641069,0.521069927015
569,0.847463183166,0.49839427304,0.807894745744,0.523795960914
570,0.854337160209,0.496931919429,0.778947379832,0.659304297272
571,0.859901807629,0.458918955593,0.802631589927,0.566120268538
572,0.865793787955,0.47103279036,0.705263167032,0.845363618935
573,0.853682495958,0.472626745724,0.773684220683,0.633170589805
574,0.852700499388,0.488613199494,0.813157905481,0.475162152648
575,0.854664492261,0.448204975238,0.771052641696,0.773158275591
576,0.85106383786,0.468298194873,0.789473692445,0.788314484568
577,0.864811791482,0.437626975035,0.77105264248,0.559062831386
578,0.85630115335,0.447133318975,0.781578957642,0.676679935233
579,0.843862528765,0.540312382801,0.839473692994,0.444318389875
580,0.861538469133,0.491443333997,0.834210535609,0.56981050802
581,0.847135851236,0.486068508185,0.734210537649,0.710335918233
582,0.857283150189,0.466627326949,0.747368432189,0.654546612356
583,0.856628485792,0.481000121843,0.768421064082,0.823081984307
584,0.855973821347,0.44169130613,0.821052640676,0.477253665875
585,0.862847797951,0.4537219209,0.781578958231,0.580303493402
586,0.861538469255,0.443973881175,0.760526328103,0.836833252922
587,0.859901808239,0.44279738412,0.750000011372,0.820184766102
588,0.868085113514,0.451227902982,0.834210535805,0.487607541956
589,0.864484459454,0.417167574666,0.757894749116,0.751156927677
590,0.862193133652,0.466010731522,0.728947380656,0.706789461349
591,0.8599018078,0.465380678476,0.805263167933,0.569854294053
592,0.855973821615,0.463060664374,0.794736851791,0.632966880111
593,0.867757781438,0.405448315383,0.768421064082,0.87180040576
594,0.866775784794,0.460690714084,0.77894737846,0.705368069099
595,0.854337160136,0.538859765667,0.797368432346,0.511569530853
596,0.864157126768,0.450004699305,0.805263168718,0.557439980756
597,0.872013100431,0.44059167203,0.842105271393,0.498053823348
598,0.878232412662,0.373800917546,0.747368432777,0.7744986747
599,0.868412445712,0.429685920363,0.778947378656,0.645084640813
600,0.864157126963,0.437732607557,0.736842115655,1.01596493368
601,0.862193133481,0.474591292928,0.828947376656,0.447101754032
602,0.870376439097,0.431955267699,0.834210535805,0.508310529732
603,0.860883805005,0.439486492528,0.734210538825,0.68804202468
604,0.855646489148,0.490287818893,0.839473693387,0.538861803968
605,0.863829794887,0.507476348221,0.815789482703,0.526560263805
606,0.856628485646,0.453955862814,0.805263167541,0.492729280113
607,0.856628485914,0.451314797194,0.821052641461,0.497815653145
608,0.865793788199,0.448357615754,0.826315799238,0.602214503372
609,0.867757781389,0.43473792619,0.792105273393,0.74663102568
610,0.867430449142,0.426501441182,0.763157905521,0.833247068222
611,0.866775784648,0.442414559309,0.768421063494,0.652764687574
612,0.868739778081,0.421511208042,0.823684220055,0.667843730603
613,0.866775784672,0.430321237055,0.839473692994,0.473537399645
614,0.859247143452,0.500292283589,0.844736850183,0.592833386743
615,0.863175130173,0.434702772928,0.776315799473,0.599487296266
616,0.865466455927,0.427553365538,0.78947369421,0.571954843337
617,0.850736505418,0.473931966931,0.834210535805,0.603531368927
618,0.860229140291,0.461549242828,0.752631591731,0.714143230568
619,0.86513912351,0.439162345026,0.857894745312,0.4730013853
620,0.857283150213,0.478143717683,0.813157904305,0.652546157486
621,0.862520465923,0.414415644907,0.836842114596,0.409885223575
622,0.862847798073,0.427641482987,0.800000008392,0.583994972762
623,0.860229140071,0.41758625837,0.752631590555,0.736369342015
624,0.869394442454,0.430299712984,0.778947379244,0.541478984358
625,0.861865801429,0.470607052455,0.839473692994,0.486839823844
626,0.863175130027,0.433102759385,0.771052641304,0.715696406899
627,0.864157127085,0.434014557976,0.776315798885,0.655402777876
628,0.856301153569,0.48347487944,0.784210537609,0.583578335928
629,0.860883804346,0.459991403163,0.802631588359,0.462261113535
630,0.872340432629,0.409863260956,0.794736851791,0.532029165169
631,0.863829794716,0.443336177809,0.828947377832,0.523134499599
632,0.866448452718,0.414476744564,0.747368434542,0.748717353287
633,0.861865801429,0.426395851626,0.815789483488,0.546743478136
634,0.85171850233,0.482361167962,0.792105273589,0.54857339604
635,0.868739777984,0.435332197012,0.747368431601,0.804289617006
636,0.857937814732,0.410723591477,0.813157904697,0.520567971147
637,0.853027831464,0.480862945729,0.757894747547,0.798081349727
638,0.860229140169,0.432363400066,0.781578959995,0.75309767334
639,0.866448452791,0.391218237239,0.805263168522,0.697199341862
640,0.873649761739,0.407575867631,0.786842115027,0.649866880218
641,0.858265147003,0.486649797569,0.802631587966,0.603048659683
642,0.857610482192,0.478218888514,0.792105272804,0.602757875605
643,0.861538469011,0.471595409516,0.752631591731,0.923769227168
644,0.865793787979,0.445615875049,0.818421061886,0.630651739993
645,0.865793788101,0.414014880518,0.744736854575,0.856013283125
646,0.860229140023,0.458133371829,0.794736853163,0.634701569884
647,0.872340432726,0.457525162836,0.815789483095,0.487297182811
648,0.882487731753,0.394851399295,0.813157904109,0.569036672192
649,0.855646488978,0.503313784984,0.857894744528,0.489782820952
650,0.873977093669,0.377149643609,0.800000009764,0.617770163315
651,0.857610482631,0.430683058231,0.818421063062,0.659592084353
652,0.857283150213,0.475498764816,0.805263168326,0.54214261062
653,0.872340432751,0.420458945635,0.752631589574,0.668985946101
654,0.874304426014,0.42171126478,0.873684217663,0.460573677103
655,0.861211136691,0.474304123888,0.847368429366,0.441559519055
656,0.857937814781,0.472855804825,0.781578958623,0.625132505503
657,0.866448452425,0.465798410419,0.80526316911,0.574704293521
658,0.862193133359,0.424095659373,0.768421064082,0.739407754474
659,0.860229139974,0.464381719444,0.828947378224,0.56286059573
660,0.870049107143,0.434869087914,0.72894738144,0.810250830311
661,0.855646489222,0.461388104157,0.826315799042,0.580558922773
662,0.866775785013,0.464061654532,0.847368429758,0.48289488794
663,0.871685768061,0.441985915648,0.802631589143,0.581060984536
664,0.869067110353,0.4628529867,0.794736852771,0.867474291967
665,0.87430442599,0.405264649665,0.77631580163,0.597530984373
666,0.85957447565,0.469743530813,0.773684221663,0.905373160035
667,0.85990180819,0.442741519284,0.789473695582,0.545371780771
668,0.874631758115,0.399087766943,0.810526325514,0.660998018323
669,0.866775784184,0.429723301698,0.805263167149,0.517375085662
670,0.862847798073,0.44383164143,0.807894746724,0.764511227128
671,0.873977093791,0.41600395907,0.81578948388,0.495936825479
672,0.863502462445,0.471088295425,0.839473693779,0.542552639891
673,0.861538469109,0.476021896706,0.792105273981,0.688529285535
674,0.862520465825,0.47998613665,0.747368433366,0.707782831092
675,0.875941086932,0.385136551394,0.786842115223,0.636516159588
676,0.863175130247,0.454990704193,0.747368432974,0.822623663212
677,0.850409173292,0.489818289534,0.792105273981,0.576855640096
678,0.85433716016,0.462418202692,0.800000011137,0.607077077463
679,0.862847797975,0.45188358909,0.823684219467,0.4092545884
680,0.861865801526,0.460160502424,0.77631580163,0.573678365951
681,0.860883804858,0.457515847577,0.80000000996,0.532093610376
682,0.852700498851,0.481947107968,0.807894747508,0.541371817621
683,0.868739778203,0.408456059987,0.802631588947,0.639541506658
684,0.868085113563,0.473965753417,0.813157904501,0.593583975266
685,0.878232412565,0.449363187317,0.823684219271,0.419717247347
686,0.863175130344,0.447170314104,0.7868421164,0.626520028019
687,0.869721774872,0.450086217851,0.750000011372,0.814655523435
688,0.873977093669,0.406795620099,0.734210536668,0.97089314731
689,0.867430448874,0.428123405971,0.80789474594,0.768872809716
690,0.863175130198,0.477978648126,0.755263168757,1.32363607743
691,0.865139123363,0.490385917646,0.821052641461,0.525817696101
692,0.850081841362,0.472705524569,0.755263169933,0.617313734899
693,0.859574475821,0.454434303308,0.747368430425,0.746299143815
694,0.849427176527,0.537637406675,0.786842115223,0.66245062489
695,0.877250415799,0.384822381896,0.79736843215,0.567031258074
696,0.868739778081,0.40233174792,0.823684219859,0.515594440356
697,0.873322429395,0.39599788584,0.763157905128,0.730586413745
698,0.871031103567,0.427384634748,0.74736843317,0.671220097841
699,0.865466455586,0.461511464041,0.77894737944,0.668758317448
700,0.862520465972,0.432623885617,0.821052640873,0.506870890248
701,0.872995097026,0.41321764563,0.810526326691,0.644697846044
702,0.864157126939,0.427397383562,0.802631588751,0.717012696194
703,0.868085113368,0.431552397385,0.813157904697,0.448028325854
704,0.87004910685,0.415639397346,0.747368431013,0.841161029923
705,0.863175130198,0.421357627293,0.752631590751,0.737448618147
706,0.871031103787,0.447046255482,0.815789483292,0.645490514174
707,0.854337160038,0.470784997337,0.807894745548,0.526454723072
708,0.862520465899,0.47450732294,0.794736853163,0.5901799066
709,0.856628485426,0.446314303866,0.794736853163,0.665686772882
710,0.869394442527,0.447988714658,0.792105273589,0.533041197305
711,0.856955818112,0.549312202973,0.826315799042,0.609070494832
712,0.866121120397,0.446751638501,0.710526328142,1.21546956121
713,0.886088386251,0.374221210538,0.80789474594,0.564717433342
714,0.859901808044,0.418110933003,0.765789484115,0.677654535258
715,0.873322429468,0.397419952176,0.776315800453,0.657053709259
716,0.867757781365,0.41304634699,0.815789484272,0.694044765899
717,0.870049107045,0.452291851046,0.723684220918,0.836579924664
718,0.868085113856,0.450520685315,0.805263166757,0.8945258449
719,0.873649761447,0.443643626583,0.763157906305,0.758616620169
720,0.868412445712,0.44500616664,0.736842116635,0.865117276977
721,0.85695581782,0.525578164408,0.794736850419,0.716179119867
722,0.867430449264,0.425954574583,0.757894749704,0.720524087326
723,0.86513912351,0.425821608559,0.807894745548,0.554457638315
724,0.869721774872,0.412741427526,0.794736851987,0.559020098633
725,0.867757781486,0.397739547449,0.821052641461,0.536804779776
726,0.865139123705,0.445087344578,0.784210537609,0.662634297928
727,0.861865801014,0.47916101872,0.797368431954,0.957407167944
728,0.869721774798,0.44467109724,0.781578957642,0.638502044316
729,0.872013100431,0.395636930035,0.802631589143,0.698581010376
730,0.861538469109,0.459582930532,0.734210536668,0.844075004693
731,0.869721774823,0.397642222949,0.813157903913,0.528345529134
732,0.872340432556,0.374410194262,0.805263167149,0.62703782934
733,0.861538468962,0.416427092473,0.786842114831,0.810735616611
734,0.867757781316,0.44422863951,0.860526323711,0.543337940333
735,0.875941086884,0.42458292103,0.810526325711,0.656908574331
736,0.865139123266,0.456735281567,0.828947377832,0.427321037981
737,0.862520466021,0.465529093063,0.784210537217,0.634495597051
738,0.86055647244,0.410754166153,0.768421062709,0.734462516604
739,0.865139123802,0.459161881162,0.773684222447,0.752814096858
740,0.891325701668,0.330301943823,0.77894737846,0.925328993131
741,0.872995097026,0.464083289415,0.786842113851,0.548591671387
742,0.862520465679,0.414181969344,0.789473693622,0.671609931882
743,0.873977093913,0.448334501938,0.80000000898,0.466173821415
744,0.86808511366,0.42406224708,0.765789483919,1.00807066177
745,0.867103117017,0.51092921524,0.786842115419,0.877178970525
746,0.868412445932,0.452190813856,0.821052641069,0.460482124054
747,0.866448452669,0.472594399945,0.800000010548,0.651140845745
748,0.869721774213,0.454549432786,0.763157905913,0.838853113598
749,0.864157126988,0.453055807028,0.752631589966,0.686660793206
750,0.863175130125,0.460041901353,0.81842106267,0.512702185244
751,0.872340432604,0.435402002692,0.802631588359,0.593489113405
752,0.868085113612,0.488779536747,0.815789483095,0.708458138843
753,0.873977093669,0.443320251577,0.773684220094,0.851910375186
754,0.870049107143,0.457316852056,0.739473695426,0.713131982953
755,0.878559745056,0.400331663444,0.773684220879,0.914039451808
756,0.863502462518,0.459444220436,0.744736853595,0.78297572883
757,0.854664492188,0.498724076763,0.813157904501,0.596045056904
758,0.877250415994,0.415091102736,0.763157906697,0.755973778831
759,0.872013100235,0.468962943468,0.726315800101,0.955607725379
760,0.863829794814,0.466207902355,0.792105274373,0.559585458086
761,0.870376439219,0.442653867761,0.781578959211,0.618169242484
762,0.872013100284,0.36177349737,0.802631589535,0.639447524662
763,0.869721774701,0.435778211002,0.802631588751,0.639563355046
764,0.884779057409,0.424176929217,0.755263170522,0.868636932001
765,0.861211137008,0.494791497452,0.860526324103,0.450718612672
766,0.866448452522,0.456608167362,0.807894746332,0.505313940675
767,0.881178402691,0.413468009225,0.778947380028,0.788438909158
768,0.869721774774,0.408853265937,0.813157905481,0.587257834127
769,0.862847797951,0.462637203452,0.792105273981,0.610934282822
770,0.856301153448,0.484543403476,0.773684221271,0.692581244868
771,0.868739777838,0.4514887809,0.807894745548,0.562558583217
772,0.873322429517,0.435008991577,0.773684222055,0.657431701081
773,0.860883804931,0.46962937188,0.823684220643,0.620453065443
774,0.865139123656,0.46374570479,0.800000009764,0.751721161492
775,0.869721774676,0.426226455401,0.75000001098,0.789147892643
776,0.860883804614,0.452069801628,0.760526325162,0.67988289021
777,0.880851070541,0.404191681724,0.755263168561,0.872491898571
778,0.860229139998,0.435395286497,0.768421062317,0.754171525039
779,0.869067110353,0.499178792966,0.810526326299,0.626762205851
780,0.875286422828,0.46811361261,0.744736853595,0.709553107092
781,0.869394442551,0.458643245189,0.781578959995,0.670182336696
782,0.872340432604,0.427825197739,0.807894747312,0.572099242494
783,0.865793788004,0.447675505668,0.723684219545,0.780625075074
784,0.874631758359,0.418233317256,0.852631586555,0.426511435943
785,0.878232412808,0.422487606033,0.784210536825,0.779028271411
786,0.871031103957,0.423816027238,0.805263167737,0.682416863357
787,0.881178402764,0.412888035743,0.776315800061,0.703649810703
788,0.879541741407,0.432098991802,0.771052641696,0.90181207512
789,0.880196405998,0.397724337317,0.773684221663,0.933872686864
790,0.865466455927,0.479010937498,0.80789474594,0.656486271562
791,0.870703771369,0.450525111027,0.781578957642,0.91785827429
792,0.869067110621,0.430225686234,0.771052643461,0.811909754763
793,0.875286422463,0.407691669327,0.821052640676,0.634182032795
794,0.874959090289,0.458643493585,0.850000007764,0.581717293239
795,0.862193133456,0.493894108326,0.802631589535,0.684960250746
796,0.870049106997,0.437267097311,0.836842114204,0.597464644619
797,0.878232412711,0.40930131446,0.823684219859,0.766335062436
798,0.887070382749,0.352724807598,0.807894747116,0.646493268293
799,0.880523738075,0.408826105667,0.747368432385,1.1067535681
800,0.872667764803,0.457011648017,0.813157905873,0.736224108489
801,0.873322429321,0.444107484804,0.807894746136,0.65594597662
802,0.872995097099,0.431575663165,0.807894746724,0.68793554658
803,0.877905080635,0.399732742469,0.807894747116,0.650542433114
804,0.865793788297,0.485293344979,0.818421062278,0.513664839291
805,0.876923083722,0.470739352348,0.728947380264,0.873336236287
806,0.86153846906,0.44195189468,0.771052642088,0.689053541337
807,0.866121120617,0.422092221568,0.834210535413,0.540297122487
808,0.885106389583,0.412387666709,0.813157905089,0.675331731473
809,0.872013100333,0.450532655731,0.760526327906,0.741171875662
810,0.876268419228,0.404473287544,0.805263168326,0.528453881307
811,0.880523738075,0.413363539441,0.786842115616,0.62438004682
812,0.869721774579,0.422908237051,0.805263167933,0.698973231665
813,0.880196405998,0.402811707855,0.784210535845,0.620959590384
814,0.862193133603,0.47487866551,0.784210536825,0.610091025286
815,0.876923083649,0.41157929718,0.794736853163,0.706835476945
816,0.864484459186,0.417038508077,0.80789474692,0.651307675442
817,0.871358435912,0.448623246441,0.784210535649,0.584226040096
818,0.881178402691,0.412799111434,0.768421063494,0.693543158746
819,0.879541741553,0.418091385873,0.771052643265,0.934995044363
820,0.869394442405,0.446994037905,0.765789485684,0.658878630857
821,0.881833067063,0.377037384371,0.807894745548,0.640340720248
822,0.872995097026,0.414469710728,0.792105274373,0.682626309578
823,0.875941087006,0.410667548018,0.831578956231,0.46560754764
824,0.876923083722,0.418853680283,0.826315798258,0.571202257424
825,0.877250415994,0.41200505164,0.773684222447,0.722904291451
826,0.873322429273,0.401321604493,0.805263167737,0.585128734918
827,0.878887077059,0.430170543089,0.826315797669,0.613774699431
828,0.874959090459,0.436239562408,0.815789482311,0.532559383515
829,0.861538469255,0.463960651158,0.82105264048,0.52922916081
830,0.884779057263,0.393133713345,0.713157905364,0.893925143675
831,0.87135843579,0.405246122436,0.82631579865,0.545811479666
832,0.870703771637,0.407499336052,0.789473694406,0.583984220465
833,0.879869073629,0.370278640015,0.776315800846,0.87697315597
834,0.862520465777,0.449184697227,0.773684222447,0.722910053959
835,0.871358436034,0.421867901266,0.794736852379,0.860545977101
836,0.87986907402,0.389217580341,0.794736852379,0.782152456711
837,0.865466455854,0.478465688038,0.778947378852,0.820735547932
838,0.873649761617,0.383949394937,0.76052632673,0.794425479337
839,0.883469728665,0.369734749651,0.771052642284,0.737180070386
840,0.879869073727,0.400866300744,0.823684219859,0.539489775077
841,0.867430449166,0.457740777526,0.752631590359,0.983789546071
842,0.879541741675,0.433026810124,0.721052644676,0.838958654329
843,0.867430449166,0.465307782884,0.784210536433,0.647437261588
844,0.876268419155,0.46315632801,0.828947377832,0.529754375664
845,0.883469728494,0.391271799895,0.792105272608,0.599017270063
846,0.876923083771,0.448113638707,0.81842106267,0.475585028865
847,0.888379711761,0.403533310209,0.778947380028,0.74842426769
848,0.880523738319,0.416522089634,0.794736852771,0.663533401157
849,0.873649761666,0.424548176594,0.807894746528,0.564774393587
850,0.878887077156,0.406993068595,0.813157905089,0.658896410333
851,0.879214409525,0.394321226308,0.723684222879,0.956093823827
852,0.87561375488,0.442443795657,0.800000010745,0.570294677312
853,0.879869073727,0.416929097941,0.802631589535,0.629071110834
854,0.887725047414,0.388056715975,0.797368431954,0.653348723318
855,0.876268419155,0.442007288205,0.792105273589,0.608966792511
856,0.86873977813,0.438761656754,0.850000008941,0.529593820287
857,0.879541741699,0.443141644247,0.71578948435,1.29645995621
858,0.875613754832,0.416355286754,0.807894747508,0.855786908387
859,0.872667764827,0.434363859984,0.813157903521,0.688132829524
860,0.878232412565,0.406150955193,0.797368431562,0.79636131579
861,0.875613755076,0.428016962236,0.836842114596,0.597002011016
862,0.880523738416,0.42928718781,0.82631579865,0.66880767905
863,0.875941087128,0.437121665985,0.776315800846,0.696888404341
864,0.873322429321,0.434350636247,0.74736843317,0.801866470972
865,0.876923083844,0.404102941605,0.797368429601,0.674268417507
866,0.878559745031,0.413358459053,0.786842114831,0.683295127432
867,0.872995096806,0.431787079918,0.797368431562,0.611695967762
868,0.886088386202,0.35756801737,0.76052632673,0.917715142225
869,0.870049106655,0.426841947386,0.75000001294,0.910091827529
870,0.875613754832,0.433984354445,0.818421061494,0.469894217433
871,0.880851070688,0.411065301358,0.847368429758,0.522973573156
872,0.876268418984,0.446394767073,0.844736850968,0.463358550282
873,0.876268419253,0.454444168904,0.826315798061,0.623967317516
874,0.87299509705,0.443382718778,0.768421064278,0.783990924883
875,0.887070382602,0.350074811668,0.800000010156,0.629050793673
876,0.872995097001,0.46023753341,0.807894747116,0.586703359723
877,0.860556472514,0.481795055215,0.842105271393,0.471431105136
878,0.869067110353,0.428834538794,0.813157904305,0.516458895773
879,0.889361708186,0.383260699624,0.800000009372,0.745400616729
880,0.872013100187,0.440952702111,0.800000010745,0.621320323255
881,0.87299509705,0.412697150776,0.786842117576,0.844268845359
882,0.861865801282,0.447516318718,0.826315797865,0.666800418475
883,0.878887077205,0.431450734365,0.763157906501,0.747756446794
884,0.875941087054,0.464817265844,0.805263167149,0.444538376202
885,0.883469728226,0.406390962802,0.821052640676,0.476900101232
886,0.876595751475,0.403041891238,0.77631579712,0.945132812969
887,0.890343704732,0.407517548477,0.839473693387,0.543307960789
888,0.889361708088,0.373679430122,0.797368431954,0.652709048592
889,0.876268419399,0.435095250657,0.802631589143,0.534371168569
890,0.865139123022,0.485013176853,0.786842115616,0.639758785722
891,0.879869073776,0.431572662508,0.744736852418,0.862438374746
892,0.868085113636,0.437978612916,0.821052639892,0.51708356461
893,0.872667764827,0.441369560465,0.78947369519,0.648863760008
894,0.859901808019,0.507284433829,0.79736843117,0.592557912768
895,0.892962362782,0.333192512754,0.802631588555,0.64423197582
896,0.880196406218,0.39575076005,0.752631589574,0.796356380443
897,0.881178402789,0.380609933508,0.797368431366,0.719680209024
898,0.877905080342,0.409156597369,0.731578957878,0.975941455709
899,0.874959090435,0.452308284704,0.789473695582,0.570368200859
900,0.885433721659,0.390854532415,0.773684221663,0.683541130838
901,0.886743050477,0.389066172539,0.778947380028,0.757053134688
902,0.8798690738,0.394768976495,0.842105271393,0.485651120506
903,0.872667764925,0.437733007524,0.781578958623,0.693761401264
904,0.874959090289,0.405789611751,0.742105276569,0.802430589254
905,0.883469728421,0.391862298604,0.802631588751,0.667468063297
906,0.882815063829,0.39848371295,0.828947378224,0.631344382254
907,0.866775784623,0.441942349573,0.826315797865,0.571107710956
908,0.872340432312,0.450450724537,0.734210537452,0.8551997245
909,0.86677578477,0.421373215178,0.826315799434,0.666165189069
910,0.871031103714,0.446198796963,0.828947376656,0.605594982702
911,0.874631758456,0.501846422056,0.828947378617,0.68015761054
912,0.883797060643,0.402133047824,0.805263167933,0.596961115028
913,0.886743050599,0.393106016021,0.828947377832,0.580030293124
914,0.874959090533,0.382883805663,0.786842114635,0.578037779386
915,0.880851070371,0.377253568116,0.823684219859,0.651266253903
916,0.876923083601,0.420529342337,0.797368432346,0.744877608076
917,0.878232412662,0.423838330727,0.802631588751,0.641173226502
918,0.881505735133,0.405736985896,0.857894744528,0.359291129467
919,0.889361707942,0.418340685618,0.818421062278,0.608575160246
920,0.882160399188,0.437743864803,0.83684211342,0.48486149187
921,0.865466456074,0.505116432551,0.757894747547,0.858757839927
922,0.877577748314,0.421405936913,0.781578956074,0.719351209464
923,0.877250416189,0.412397660672,0.789473693426,0.587064426663
924,0.875286422609,0.420187253742,0.802631589143,0.761009361685
925,0.88117840274,0.369062291548,0.810526325122,0.5948728239
926,0.876268419326,0.44284300934,0.752631590947,0.767099556188
927,0.877577748168,0.431592415723,0.744736853399,0.704810790638
928,0.874304425892,0.439251097447,0.815789481919,0.641555930729
929,0.877577748363,0.395531478306,0.757894748136,0.96351841203
930,0.885433721562,0.384801177904,0.773684220879,0.866836707815
931,0.879541741821,0.366433270084,0.794736853556,0.644861865132
932,0.886743050502,0.339121397287,0.731578958074,0.951162066084
933,0.874631758139,0.420776430315,0.773684221467,0.689936954121
934,0.888707043887,0.388578153282,0.792105273589,0.794087533655
935,0.879214409233,0.43451803091,0.789473694406,0.650225144483
936,0.881833067258,0.437003032444,0.807894746724,0.69490618474
937,0.871358436034,0.442689149,0.742105275196,0.915277182762
938,0.879541741651,0.363485359711,0.810526324534,0.610290909845
939,0.88248773185,0.423041151612,0.828947377244,0.599151329185
940,0.892962362709,0.348472269659,0.776315798885,0.837416242085
941,0.886088385983,0.403089376792,0.771052643069,0.814117904653
942,0.885761053687,0.390185302057,0.807894746724,0.568977295673
943,0.881178402398,0.451588887864,0.792105272412,0.781441922908
944,0.877577748217,0.428373012201,0.831578956623,0.714910755709
945,0.872667764974,0.494739427507,0.786842116204,0.688349064537
946,0.884779057263,0.420820355582,0.823684219467,0.631232333517
947,0.883142395832,0.425591659743,0.752631591143,0.94318170439
948,0.883142395832,0.445921071625,0.794736852379,0.588607408845
949,0.87430442599,0.453330079347,0.807894746332,0.527606973545
950,0.881178402789,0.413860466563,0.7868421164,0.687797142483
951,0.879541741504,0.415597831656,0.76842106369,0.783653001261
952,0.876923084064,0.45958757204,0.786842115223,0.681179298388
953,0.883797060473,0.42009799086,0.802631589339,0.78600018337
954,0.878559745007,0.413508127852,0.805263166561,0.749568119846
955,0.889361708527,0.394040779826,0.810526325514,0.581714803236
956,0.871358435985,0.468694545391,0.82631579865,0.514274402184
957,0.864811791287,0.466651258185,0.784210537805,0.80409438446
958,0.879214409477,0.409360715855,0.771052643069,0.777548230075
959,0.87070377154,0.46010039636,0.79736843117,0.657699522995
960,0.890016372826,0.421813790865,0.781578955878,0.664375465615
961,0.869394442454,0.426370921441,0.797368430189,0.674975510218
962,0.884779057214,0.370416762088,0.810526325122,0.732724794867
963,0.881833067185,0.415749133334,0.813157904697,0.635516736773
964,0.894271691965,0.391799505702,0.797368431954,0.728845917448
965,0.871685768061,0.459609232638,0.821052640676,0.622202446908
966,0.880196405974,0.436248813584,0.771052643657,0.858604394453
967,0.89558102071,0.368595438331,0.765789485487,1.03041356353
968,0.879869073922,0.418391592743,0.823684219859,0.748749545926
969,0.880523738124,0.445770766926,0.755263169933,0.850966883866
970,0.868085113563,0.434418423426,0.807894747312,0.716171442689
971,0.874631757798,0.425506679654,0.757894747743,0.941494768772
972,0.875286422706,0.435396382618,0.813157904109,0.722150550368
973,0.876268419326,0.425205623934,0.818421062278,0.508779797528
974,0.881505735084,0.427942896487,0.781578957642,0.920086428588
975,0.873322429419,0.422348267851,0.805263167933,0.593805548901
976,0.878887076961,0.42734576264,0.763157905913,0.851327398507
977,0.885106389315,0.396337670406,0.802631588947,0.615949887502
978,0.87070377132,0.419845394364,0.786842115616,0.824136285859
979,0.886415718474,0.421718934872,0.786842115616,0.612995380796
980,0.878559745007,0.465010597666,0.736842115851,1.00106039851
981,0.874304425892,0.434496943967,0.776315799669,0.834524903043
982,0.885433721708,0.401481524937,0.792105273393,0.632939816334
983,0.873322429273,0.420896662072,0.810526325122,0.640148105713
984,0.890016372973,0.387908414957,0.80789474692,0.671086406284
985,0.882815064024,0.434581453865,0.757894747351,0.908770658635
986,0.884124392769,0.362894279447,0.823684220251,0.67177748743
987,0.891980366065,0.415307877376,0.8078947479,0.877567101376
988,0.888379711518,0.415249204816,0.857894745312,0.507299455544
989,0.883797060643,0.40010934844,0.800000011529,0.742181573207
990,0.884124392622,0.452687215879,0.771052644049,0.718360373375
991,0.884779057458,0.417923967529,0.794736851399,0.741662463252
992,0.884451725138,0.392706448418,0.760526327318,0.868534404001
993,0.889361708234,0.401792701447,0.776315799277,0.921275437574
994,0.883797060326,0.421474684249,0.823684219663,0.570024195128
995,0.877577748217,0.49269887402,0.77631580065,0.92010674692
996,0.884451724942,0.401325993409,0.750000010196,0.915975990468
997,0.89525368839,0.394513916553,0.768421063298,0.903521765902
998,0.897545013949,0.327455314363,0.823684220251,0.767145234918
999,0.890671037223,0.369272139614,0.760526328495,0.828918794024
