epoch,acc,loss,val_acc,val_loss
0,0.731587573057,0.60797890843,0.750000011176,0.606638407702
1,0.750572842633,0.553982403898,0.72631580363,0.877653056756
2,0.765630125707,0.497107935146,0.755263170914,0.539983941438
3,0.784615395039,0.446252807585,0.789473695582,0.452516258155
4,0.790180043313,0.431490168866,0.800000011921,0.408435369891
5,0.791489372009,0.429720754795,0.784210538001,0.425235880637
6,0.79410802979,0.425098545727,0.69473685481,0.593145968098
7,0.785924724198,0.412669135803,0.784210538001,0.449657796833
8,0.799672677845,0.400197621734,0.80000000996,0.416005664015
9,0.813093299049,0.376003462077,0.813157905089,0.453797973839
10,0.8297872427,0.372244877354,0.792105273981,0.445754942141
11,0.817348618335,0.372607469547,0.797368432738,0.4297524722
12,0.821931269502,0.36687288187,0.765789485291,0.469392780607
13,0.814402628452,0.36525448302,0.765789485291,0.450562466328
14,0.796726687865,0.383936853485,0.792105273589,0.452059787073
15,0.808510647858,0.379136705372,0.805263167933,0.428920622719
16,0.813747963739,0.369697860569,0.831578957407,0.434699879959
17,0.809492644941,0.361714015799,0.844736850575,0.367392952701
18,0.822585933874,0.370232017921,0.773684223232,0.45342048537
19,0.818003283,0.358332494289,0.810526325907,0.391902429003
20,0.828805246374,0.353036698838,0.821052640676,0.401693467835
21,0.820949272955,0.360135343029,0.781578959211,0.412434023658
22,0.818985279668,0.357097303797,0.831578957015,0.401151574315
23,0.822585933849,0.36270609431,0.794736852183,0.427135419836
24,0.819312611817,0.359320076088,0.760526328103,0.446760945966
25,0.829132578621,0.345092169428,0.81578948388,0.384308890685
26,0.826186588299,0.346494390463,0.805263167933,0.391003517483
27,0.832733233168,0.34964697808,0.797368432346,0.40706395152
28,0.822913265779,0.345721242702,0.826315798258,0.402462289767
29,0.832405900872,0.344665355176,0.81578948388,0.446317744221
30,0.831096571786,0.352316686484,0.836842114204,0.394598302333
31,0.833387897321,0.345404172283,0.792105275157,0.436161479226
32,0.828477914273,0.35320065148,0.831578957407,0.38617172798
33,0.830441907463,0.338708050793,0.805263167933,0.386963004835
34,0.823240598295,0.344221435048,0.805263168326,0.388823591173
35,0.832405900385,0.340883747804,0.834210535021,0.377953363779
36,0.829459910697,0.340186153211,0.81578948388,0.44814824933
37,0.828477914078,0.341426549592,0.794736853556,0.413506912166
38,0.842225867749,0.340388444376,0.797368432738,0.379215581147
39,0.832405900824,0.332099687339,0.818421062866,0.41177536459
40,0.848772512154,0.313024378014,0.847368429758,0.386603234581
41,0.85859247925,0.315889572252,0.784210538786,0.48142459969
42,0.821931269209,0.355844205956,0.818421063062,0.412280782861
43,0.840916538712,0.324824467179,0.84736843015,0.366997521763
44,0.836333887618,0.334167441935,0.784210537805,0.445438393612
45,0.84615385469,0.313429336062,0.797368431562,0.439797485296
46,0.830441907487,0.340173065992,0.797368432738,0.447930689558
47,0.842225867578,0.322339915355,0.792105273981,0.446050367318
48,0.856955817942,0.304420238309,0.831578956623,0.395163765765
49,0.851063837543,0.307136965541,0.815789484272,0.38027751882
50,0.846153854153,0.321352628549,0.810526324534,0.382166776267
51,0.846481186571,0.321775989226,0.815789483488,0.39556363725
52,0.833715230275,0.330462929995,0.792105274765,0.449409783671
53,0.848772512203,0.315084895546,0.84473685136,0.374618827905
54,0.836006555566,0.339273987439,0.800000010745,0.391876609016
55,0.849754508871,0.312756944917,0.807894747508,0.383752647077
56,0.841243870959,0.334504754144,0.797368432738,0.414774094953
57,0.846481186693,0.31130433374,0.80526316911,0.3779752254
58,0.844189861305,0.322519606144,0.810526326691,0.388392335833
59,0.84288053195,0.326368989676,0.802631589143,0.376810148849
60,0.850409173292,0.311473713423,0.82631579865,0.391936743485
61,0.840589206708,0.315278528072,0.77631580163,0.48064561845
62,0.846481186937,0.318225444229,0.839473692602,0.371563724493
63,0.836988552161,0.323095530168,0.839473692994,0.400035845998
64,0.847790515389,0.320629137567,0.844736850575,0.373402272376
65,0.854009827937,0.307378653022,0.842105272177,0.364595865145
66,0.841571203401,0.325525637497,0.839473692602,0.404995002294
67,0.845171857461,0.316647952865,0.8657894809,0.343604135474
68,0.846153854543,0.31193182012,0.813157905285,0.382380234408
69,0.865139123656,0.296662286674,0.802631589339,0.381957500168
70,0.853027831318,0.311790607809,0.815789483488,0.403346676821
71,0.848772512252,0.314953322856,0.828947378224,0.340525017512
72,0.85466449248,0.309207025909,0.826315799434,0.412133529611
73,0.854009828376,0.311940843694,0.852631587731,0.346247689651
74,0.848117847782,0.312599348825,0.850000008549,0.380597285044
75,0.847463183483,0.310918127371,0.834210535413,0.347661588739
76,0.846808519135,0.311192709465,0.857894744528,0.344809178802
77,0.841898535307,0.319128386317,0.823684220643,0.405928351279
78,0.845171857656,0.325071467053,0.852631587731,0.363653857825
79,0.848772512276,0.311966364243,0.794736853556,0.438043115305
80,0.855646489051,0.30018561028,0.836842114596,0.380835024052
81,0.840589206635,0.330357493263,0.826315799042,0.390193932641
82,0.855646489027,0.299880883804,0.834210535413,0.390870654392
83,0.854991824849,0.300776090945,0.826315799434,0.379470412864
84,0.851718502525,0.313899665071,0.839473693779,0.436101378432
85,0.857283150457,0.308232970676,0.842105272177,0.38505444346
86,0.848772512252,0.309466913221,0.826315799042,0.411937646788
87,0.860556472392,0.306376869374,0.85789474492,0.343054300652
88,0.861865801478,0.291678435948,0.80526316911,0.432114618071
89,0.865466455781,0.293171000699,0.834210535021,0.374775933788
90,0.855319156536,0.30260585593,0.821052641069,0.43098155001
91,0.85662848589,0.296274828882,0.815789484272,0.389445774037
92,0.854991824825,0.301442859191,0.823684220643,0.403836798168
93,0.853682495666,0.311779050111,0.826315799434,0.444044455678
94,0.853355163394,0.310459676325,0.800000010941,0.40298566754
95,0.847135850992,0.312991404866,0.83684211342,0.361178944708
96,0.866448452839,0.281622770439,0.823684219663,0.402704481035
97,0.854337160282,0.303195206095,0.813157904697,0.412027091572
98,0.859574475919,0.299389015996,0.794736853556,0.412079053539
99,0.852700498803,0.306440766654,0.844736850968,0.337772751031
100,0.861865801331,0.289827864721,0.823684220251,0.389827331406
101,0.854991824508,0.300626535039,0.815789483488,0.436009869641
102,0.856301153155,0.302729215479,0.821052640284,0.408223770265
103,0.851063838079,0.301763641832,0.876315796846,0.298284490887
104,0.854991824142,0.300725323165,0.831578955839,0.419366768537
105,0.861211136935,0.297779377515,0.871052638873,0.35910373235
106,0.864484459186,0.292336291955,0.828947377832,0.392962671473
107,0.847463183507,0.318380313726,0.797368431562,0.392701954679
108,0.84549918983,0.312988981669,0.842105272177,0.343300403341
109,0.864484458967,0.292041342263,0.834210535413,0.393119084771
110,0.848445179834,0.315584156092,0.786842117184,0.473053191862
111,0.857937814293,0.299748031947,0.826315799434,0.352520793921
112,0.855973821396,0.305365423631,0.813157905481,0.431318557135
113,0.854337160014,0.301362827539,0.802631588947,0.42281004115
114,0.859901807922,0.300220740564,0.844736850968,0.364428036993
115,0.846153854226,0.31453707014,0.800000009176,0.423766854231
116,0.867430449166,0.289104847164,0.821052641853,0.389407252525
117,0.862847798048,0.288169164738,0.839473692798,0.371483681858
118,0.859901807922,0.294721261837,0.826315799042,0.427591033795
119,0.870049106948,0.276737705486,0.831578955839,0.372602683492
120,0.867757781316,0.284541733231,0.831578957407,0.370560130337
121,0.859901807995,0.301212232484,0.828947378617,0.39784915309
122,0.855646489441,0.305597035291,0.82631579865,0.388982412846
123,0.861538468767,0.300671834657,0.805263167933,0.420032459973
124,0.855319156828,0.294043640422,0.847368429366,0.360432935701
125,0.845171857875,0.302567333148,0.836842114596,0.394151529003
126,0.855646488856,0.296049152106,0.839473693779,0.416690422418
127,0.857283150067,0.296049964573,0.850000008549,0.335679191728
128,0.858592479128,0.318690487423,0.831578956623,0.404120173599
129,0.866448452327,0.296560878044,0.815789483488,0.357021975227
130,0.859574475797,0.299103235058,0.834210535413,0.375091473817
131,0.863502462445,0.290581921376,0.810526325907,0.44532884101
132,0.860883804834,0.299555710598,0.823684221036,0.374497706732
133,0.864157126841,0.29492360704,0.815789484664,0.390259989684
134,0.858265146735,0.306335410323,0.831578956427,0.467682750896
135,0.870703771491,0.2815781901,0.797368430974,0.421658652222
136,0.857610482412,0.309015855266,0.823684219467,0.384947037741
137,0.863175130271,0.296845529244,0.821052640676,0.417061443771
138,0.852700499046,0.299751183899,0.810526326691,0.407157665511
139,0.858592479104,0.296796557181,0.821052641853,0.374270753335
140,0.872013100431,0.278651077277,0.800000010745,0.411926663125
141,0.860883804444,0.301506444606,0.823684219467,0.352912735954
142,0.861538468913,0.291128595654,0.852631587731,0.348962512639
143,0.864157126671,0.287720046724,0.842105272177,0.457818812299
144,0.858592479324,0.290319471905,0.81842106267,0.380191619876
145,0.865466455732,0.288691753451,0.810526326299,0.422427016286
146,0.860229140266,0.294607524054,0.834210535413,0.375248388534
147,0.860883804468,0.292628338957,0.863157902109,0.359236706422
148,0.872013100235,0.280136374562,0.831578956231,0.381244755846
149,0.866775784574,0.279403675556,0.860526323318,0.350327062347
150,0.863829794716,0.287191353802,0.802631590319,0.466463140261
151,0.859574475772,0.303376033475,0.847368429562,0.37246902885
152,0.874631758139,0.273610148076,0.836842113812,0.408680541269
153,0.872013100626,0.287668291104,0.818421061886,0.363100024081
154,0.875286422511,0.278743644352,0.844736850575,0.397513080535
155,0.866775784672,0.285714277801,0.852631587731,0.372161138791
156,0.87103110386,0.275818525437,0.794736853556,0.446622784323
157,0.854009828059,0.305302379692,0.805263168326,0.437937681784
158,0.854009827718,0.303056636709,0.826315799238,0.451244693544
159,0.863502462542,0.284103863487,0.852631586555,0.393468078477
160,0.863502462689,0.293316731632,0.81842106267,0.397791412806
161,0.862193133603,0.289754853438,0.84473685136,0.360758886231
162,0.862847797756,0.285956992717,0.847368429758,0.376551690168
163,0.872995097001,0.279798166154,0.836842114988,0.395293725654
164,0.868085113587,0.287069231749,0.839473692994,0.440567129267
165,0.869067110231,0.278288835629,0.844736850968,0.359914897046
166,0.860556472099,0.292461033136,0.855263165737,0.320251073645
167,0.867103116919,0.275780994518,0.847368429366,0.370770060947
168,0.864484459064,0.282942933846,0.81578948388,0.426866312732
169,0.865139123436,0.294721919685,0.826315799042,0.391339166984
170,0.861865801331,0.293972336984,0.836842114204,0.398477377921
171,0.860229139949,0.289918969615,0.831578956623,0.382393304357
172,0.864157127183,0.284075998511,0.834210535021,0.39822163825
173,0.864811791482,0.289370892661,0.821052641461,0.380169392975
174,0.864811791555,0.297352225875,0.807894747116,0.421773345136
175,0.853682495666,0.29485601038,0.839473693779,0.354582427364
176,0.854337160111,0.305730399363,0.82631579865,0.387983683987
177,0.873977093596,0.280589264941,0.802631589143,0.383012227346
178,0.860229140218,0.286313921338,0.828947376264,0.381801822419
179,0.854337159989,0.299393524277,0.842105271393,0.40019566339
180,0.860883805053,0.294325810596,0.836842114204,0.373966183072
181,0.864811791287,0.288727651987,0.784210537217,0.445694383846
182,0.868412445883,0.292650721178,0.836842112831,0.357599603556
183,0.872667764681,0.273294700276,0.794736852771,0.423315964944
184,0.862847797975,0.291278163627,0.821052640284,0.383926737707
185,0.874304425916,0.269504093397,0.834210535413,0.365630292484
186,0.873977093645,0.277594905978,0.828947377636,0.360898547493
187,0.86546645583,0.280724600742,0.852631586947,0.338807697399
188,0.872667764876,0.273331443482,0.850000008549,0.383783651075
189,0.873977093791,0.274430199444,0.818421061494,0.396731642467
190,0.867430449215,0.281231839812,0.84473685136,0.376277674492
191,0.864811791433,0.286931285473,0.823684219859,0.411637855216
192,0.873322429273,0.271269685231,0.80526316911,0.380526354714
193,0.873322429321,0.277602534238,0.781578959407,0.432356744662
194,0.870703771296,0.273453677291,0.821052641853,0.371524896889
195,0.870049106655,0.28163398777,0.828947378224,0.388181835658
196,0.866775784965,0.288715148973,0.834210535413,0.384459269454
197,0.866775784648,0.277387384912,0.84736843015,0.358103533925
198,0.875286422365,0.270794318715,0.823684219271,0.4138865241
199,0.879541741382,0.26584766416,0.821052641853,0.362209596353
200,0.876923083844,0.266161814312,0.850000007372,0.334048520106
201,0.872013100431,0.269581529373,0.802631589143,0.386618971592
202,0.872667764559,0.283462262202,0.810526326691,0.392004320545
203,0.871685768135,0.270074934217,0.878947375244,0.31699647176
204,0.873649761788,0.273559710143,0.834210535217,0.361000591963
205,0.872995097245,0.28670522943,0.823684220643,0.372896343424
206,0.870376439073,0.277989633735,0.844736850575,0.337319806175
207,0.863829794911,0.293676542562,0.836842114596,0.360934227803
208,0.869067110426,0.275042865139,0.839473692994,0.365526999754
209,0.877250415994,0.273218628322,0.836842114596,0.356683610338
210,0.880523738172,0.272837443795,0.842105271393,0.353874962834
211,0.87332242937,0.266541401478,0.823684218879,0.352676827847
212,0.867103116651,0.279089817616,0.802631588555,0.418803503908
213,0.868412445688,0.277384156448,0.85789474492,0.373975994948
214,0.856955817869,0.290572738441,0.826315799042,0.42319689753
215,0.864484459332,0.285053675157,0.834210534825,0.388350866226
216,0.878232412613,0.271737633004,0.813157904305,0.404775356102
217,0.86612112047,0.291013303411,0.847368429366,0.38130401761
218,0.873977093645,0.28269554961,0.800000010745,0.395668052088
219,0.874959090411,0.260632595035,0.826315797865,0.444985128449
220,0.878559744909,0.266253437385,0.797368432346,0.45364381069
221,0.871031103982,0.281672724579,0.81842106267,0.384548287679
222,0.874959090484,0.270583738247,0.821052641461,0.391172999982
223,0.864811791531,0.28960982376,0.823684220643,0.37509713893
224,0.875941087152,0.273562203439,0.844736849791,0.382105589452
225,0.877577748119,0.266676484292,0.815789484272,0.396559032317
226,0.876268418838,0.263420892178,0.813157904697,0.411053586224
227,0.870376439219,0.274570678477,0.815789483095,0.375838214887
228,0.870049107143,0.284926112401,0.818421062474,0.378921335445
229,0.871031103811,0.279963588799,0.80789474692,0.40937750335
230,0.87757774829,0.276039861972,0.815789482115,0.397317450432
231,0.870049107045,0.273182897935,0.871052637892,0.347434054362
232,0.869721774872,0.27720129794,0.807894746724,0.400126422363
233,0.87463175831,0.269631295178,0.863157902893,0.34472821224
234,0.856955818088,0.292818764209,0.802631589143,0.411710205427
235,0.862520465947,0.275924907874,0.821052641853,0.433390545737
236,0.865466455708,0.279612054388,0.826315799434,0.385200878602
237,0.868085113563,0.281223112481,0.786842116204,0.396342984339
238,0.867757781365,0.287616133199,0.800000011137,0.446175072832
239,0.870703771686,0.267466803597,0.82631579865,0.422686268796
240,0.886743050745,0.250560387504,0.836842114204,0.412366065442
241,0.869067110646,0.274770480261,0.847368429366,0.369372920844
242,0.866448452547,0.288689749393,0.84473685136,0.371973168816
243,0.876923083796,0.266435076617,0.842105271785,0.347565527246
244,0.878232412906,0.276572661226,0.834210535021,0.382902737462
245,0.870376439195,0.271368621466,0.836842113027,0.3447666721
246,0.870703771369,0.280703972007,0.807894746724,0.386271223493
247,0.88052373827,0.261101276586,0.863157902893,0.359621414351
248,0.893289695005,0.247160994233,0.855263166522,0.33194984514
249,0.873977093645,0.27050510645,0.821052641069,0.368721675471
250,0.87594108703,0.268360369035,0.836842113812,0.417062182568
251,0.869394442649,0.277364933911,0.834210536198,0.393615882337
252,0.868085113831,0.276897355788,0.842105271785,0.393132669753
253,0.883142395881,0.260889449346,0.844736850968,0.322734829774
254,0.874304425941,0.273688292128,0.842105272569,0.325269946859
255,0.881178402862,0.267136405629,0.860526323318,0.313055559674
256,0.874959090289,0.283579467593,0.839473692798,0.402088755301
257,0.880851070615,0.267315859025,0.802631589927,0.411214403728
258,0.88052373827,0.268549196668,0.83947369221,0.389664009299
259,0.867430449044,0.274805175022,0.836842114596,0.390266281127
260,0.872995096855,0.268678527429,0.800000010745,0.381576002398
261,0.877577748119,0.267174358396,0.810526326691,0.380583026741
262,0.867103117139,0.278512794113,0.839473693387,0.402613214462
263,0.871358435912,0.268007005031,0.810526326299,0.368744571252
264,0.876268419326,0.274638135509,0.857894744528,0.369433457603
265,0.87299509705,0.263075982554,0.850000007764,0.339625118931
266,0.872667765071,0.274819525846,0.839473693387,0.383628512984
267,0.876595751402,0.262186588156,0.855263165737,0.341325738939
268,0.877905080635,0.262498326177,0.834210536198,0.386512728782
269,0.884779057165,0.25769287426,0.828947378224,0.387870194377
270,0.875613754978,0.277072679061,0.831578957015,0.385297877077
271,0.885433721513,0.263761362157,0.828947377832,0.381583638452
272,0.879214409477,0.262368474255,0.823684218879,0.373891786868
273,0.874304425916,0.265470506558,0.831578956623,0.33193376418
274,0.870376439219,0.275543633315,0.828947377832,0.354640426923
275,0.878887077156,0.255566123381,0.844736850771,0.35579388797
276,0.878559744763,0.265426229088,0.844736850771,0.391717755505
277,0.859901808068,0.279533594111,0.863157902501,0.313428613474
278,0.871685767988,0.285120622125,0.855263165541,0.353437113992
279,0.872340432556,0.27339393758,0.839473693387,0.368201053518
280,0.878559744885,0.256965862515,0.823684219859,0.430487017962
281,0.87103110386,0.274559880749,0.852631586947,0.334135676079
282,0.878232412565,0.27135858989,0.836842114596,0.360027769997
283,0.881833067356,0.260566631151,0.810526326103,0.434556571375
284,0.886415718571,0.262764429093,0.834210535413,0.39320982065
285,0.87168576794,0.275587823141,0.794736852575,0.389359325606
286,0.888379711615,0.253847091072,0.84736843015,0.372725409051
287,0.876268419326,0.281268397819,0.863157902109,0.326182980639
288,0.892962362879,0.236407014901,0.839473692602,0.388074347872
289,0.8765957515,0.260649031982,0.805263168326,0.461793754507
290,0.880523738367,0.262676041424,0.797368430385,0.40220644613
291,0.880851070395,0.264507431991,0.839473692602,0.43605586885
292,0.871358436131,0.270371433041,0.839473692602,0.372965082257
293,0.879214409306,0.270321952195,0.815789484664,0.391634117322
294,0.872667764754,0.278014495635,0.821052641461,0.378494712065
295,0.870703771369,0.280230436747,0.807894747116,0.37069021416
296,0.887070382919,0.250022098935,0.821052642245,0.3803898599
297,0.878232412662,0.267894118338,0.84736843015,0.357242100897
298,0.876268419253,0.272826663449,0.789473694406,0.389014881643
299,0.886743050453,0.258206772078,0.857894745312,0.376731529153
300,0.873322429419,0.267528156666,0.813157903717,0.392088338046
301,0.881178402667,0.260253694716,0.823684220251,0.391875617157
302,0.879869073776,0.26412054841,0.821052641069,0.333613584259
303,0.864811791214,0.272816511106,0.815789483488,0.386648502091
304,0.879541741504,0.255127045323,0.842105271785,0.356018777318
305,0.87855974469,0.258068435883,0.823684220251,0.350201690447
306,0.884124392915,0.258186703169,0.807894747116,0.426539092057
307,0.85793781439,0.294078921539,0.85526316613,0.332318996079
308,0.865139123802,0.281781017318,0.821052641657,0.381902842157
309,0.879541741236,0.263640865551,0.844736850575,0.347101869662
310,0.875286422658,0.26631368913,0.852631586947,0.35933507675
311,0.877577748095,0.26890962607,0.813157905089,0.408409625166
312,0.872013100601,0.273684289514,0.813157904305,0.421393797549
313,0.881833067161,0.25919582448,0.797368432346,0.434434379672
314,0.878232412638,0.265877643783,0.842105271785,0.390750363745
315,0.869721774823,0.275833156919,0.818421062278,0.377759284879
316,0.885433721806,0.250822667094,0.818421062278,0.380064103703
317,0.878559744885,0.259611880648,0.834210534629,0.393010663769
318,0.875286422511,0.267247997046,0.807894746724,0.429610403628
319,0.885761053931,0.248102074916,0.831578955839,0.337284676149
320,0.880851070541,0.25475701472,0.802631589143,0.416625110212
321,0.8831423961,0.258757392871,0.826315799434,0.501066783553
322,0.873977093864,0.267840045872,0.805263167149,0.416819973034
323,0.878887077059,0.272248553684,0.800000011137,0.426162851484
324,0.879869073873,0.264426717276,0.831578956623,0.383117297211
325,0.873977093718,0.25928148254,0.852631586555,0.352115307567
326,0.87528642256,0.266051910378,0.831578956231,0.404626331678
327,0.874959090533,0.269984574309,0.860526324103,0.356397353407
328,0.874631758237,0.287408851912,0.815789483095,0.420237459267
329,0.888052379295,0.254539675081,0.823684220251,0.422788672909
330,0.874631758261,0.271028400419,0.834210534825,0.394556092343
331,0.878232412394,0.263084987254,0.821052641069,0.386905360838
332,0.878887077059,0.257831890711,0.857894744332,0.334627355988
333,0.878887077254,0.263065820617,0.84473685136,0.358280116073
334,0.875613755002,0.270929115244,0.789473696367,0.510678350999
335,0.877577748168,0.263753975914,0.818421062278,0.392927649113
336,0.88052373827,0.265747109744,0.855263166522,0.43211721741
337,0.872340432556,0.269405542446,0.828947378224,0.428779348553
338,0.867757781706,0.272854757497,0.810526325318,0.400449209197
339,0.876595751549,0.256042501846,0.84473685136,0.350382935066
340,0.88870704413,0.255880859078,0.823684219663,0.364481320016
341,0.884451724894,0.26283641033,0.850000008941,0.382354551307
342,0.87201310004,0.261615767576,0.836842114204,0.414428706055
343,0.876923083771,0.258928689558,0.865789481684,0.365875029569
344,0.878559744934,0.26088786245,0.850000008941,0.356485140044
345,0.888707043911,0.258427863357,0.860526323711,0.347887159665
346,0.881505734841,0.261642454695,0.831578956231,0.392925086284
347,0.879869073727,0.259483889047,0.834210535805,0.381531963762
348,0.890343705146,0.248309392269,0.823684219467,0.412274775126
349,0.875286422755,0.268191988377,0.813157904893,0.438248973928
350,0.877577748217,0.258911217282,0.844736850575,0.367441302558
351,0.870049106802,0.26936697645,0.80789474692,0.392957725695
352,0.885433721659,0.247100648168,0.805263168129,0.399770538801
353,0.891325701961,0.253958245492,0.834210535805,0.374145923075
354,0.885761053541,0.258521198593,0.813157904305,0.381652684746
355,0.881505735036,0.253964977703,0.828947377244,0.362573554911
356,0.882487731753,0.25717733789,0.815789482703,0.386329907336
357,0.879214409525,0.276149001617,0.852631587339,0.339737229803
358,0.870376439024,0.276029977379,0.831578957407,0.359349318612
359,0.878232412808,0.265124047129,0.810526326691,0.414616836207
360,0.880523738367,0.255970302649,0.823684219859,0.387497201344
361,0.873649761544,0.263193423135,0.792105272608,0.438513781054
362,0.879541741407,0.256725351274,0.85526316613,0.362633072122
363,0.885106389485,0.256920281059,0.821052640676,0.356096308151
364,0.884124392793,0.252462925449,0.823684218879,0.357980775549
365,0.886415718425,0.248011127333,0.82894737744,0.380352963508
366,0.87855974469,0.262933431995,0.865789481684,0.34082694026
367,0.89590835303,0.228743313482,0.821052641853,0.388385630488
368,0.874631758334,0.269804793351,0.873684218055,0.310794594583
369,0.877577748168,0.266618905036,0.828947378224,0.485554837597
370,0.873649761105,0.270981909488,0.821052641461,0.417357557502
371,0.879541741187,0.260588741311,0.828947378224,0.406012909861
372,0.884124392622,0.254661413019,0.852631586947,0.333765614183
373,0.875941087054,0.266433685041,0.834210536198,0.430185523987
374,0.883469728445,0.268000517225,0.844736850968,0.374859091156
375,0.877250415994,0.26346718243,0.850000008941,0.350308538176
376,0.868412445688,0.274477784164,0.82894737744,0.397101352874
377,0.882815063853,0.26421610265,0.831578957407,0.439334895021
378,0.88510638929,0.255474718807,0.842105271001,0.360019334832
379,0.869394442795,0.274565138135,0.852631586947,0.434220257631
380,0.873322429468,0.271915272154,0.826315798454,0.371966737427
381,0.882487731655,0.25241644572,0.821052641461,0.44988830224
382,0.87626841957,0.263405172348,0.818421062278,0.388784766197
383,0.874304425892,0.265347821891,0.80789474594,0.395885959935
384,0.881505734914,0.253364799831,0.834210535021,0.35408709259
385,0.88412439272,0.244922131606,0.810526325907,0.392795390434
386,0.878232412711,0.255204803437,0.815789484272,0.403259418745
387,0.882160399286,0.250977935214,0.85526316613,0.363438091645
388,0.893289695102,0.248034306906,0.831578957015,0.394141183942
389,0.890016372875,0.248792681161,0.850000008549,0.332140190398
390,0.88216039953,0.25570175077,0.836842114596,0.373592341797
391,0.888052379636,0.248300297008,0.844736850575,0.400356624393
392,0.88019640634,0.248300509083,0.826315799042,0.34216448475
393,0.881833067356,0.259141582115,0.823684220643,0.439339742622
394,0.887070382602,0.251006323148,0.831578956035,0.38943633624
395,0.883142395783,0.259847606657,0.847368429758,0.342271897084
396,0.880851070493,0.26698382779,0.813157905873,0.376109821293
397,0.886415718425,0.241454632585,0.828947378028,0.394465175751
398,0.88837971181,0.249358474157,0.807894746332,0.433039153614
399,0.893944359304,0.237600340678,0.821052641461,0.371286702587
400,0.888379711518,0.239544725762,0.834210534433,0.372672855351
401,0.886415718376,0.250198373781,0.81842106267,0.375776713922
402,0.885761053736,0.251892370977,0.873684217271,0.37205748211
403,0.885433721586,0.241478759951,0.815789483292,0.435682933312
404,0.883797060619,0.249765585692,0.828947377832,0.357763007807
405,0.886743050502,0.265472076879,0.836842114204,0.369891995481
406,0.882487731655,0.257729563836,0.850000008549,0.38398289807
407,0.875613755124,0.269768201897,0.860526323318,0.312872028922
408,0.882815063731,0.249583345948,0.831578956231,0.372402409815
409,0.894599023944,0.234565084957,0.852631586947,0.331432437073
410,0.883797060497,0.259087503398,0.823684219467,0.369825382098
411,0.887397714923,0.238486195266,0.826315798258,0.372534524502
412,0.886088385763,0.248633673208,0.839473693387,0.37778442093
413,0.889361708332,0.246311579739,0.797368432346,0.513650050538
414,0.868412445834,0.266827656692,0.807894747116,0.371313978302
415,0.883142396247,0.252622887463,0.813157903913,0.449485177012
416,0.890671037467,0.247486469202,0.836842114596,0.413908777973
417,0.879541741455,0.263493153036,0.831578956231,0.434605255604
418,0.883797060839,0.25651612275,0.839473693387,0.39575583614
419,0.894271691819,0.235043203537,0.85789474492,0.381560386159
420,0.883142396003,0.252821128945,0.844736850968,0.340699172318
421,0.886088386202,0.250417516918,0.844736850968,0.365113269985
422,0.889689040555,0.243989827133,0.836842113027,0.409693115334
423,0.873322429419,0.271909410903,0.847368429366,0.336010632007
424,0.885761053833,0.25204640141,0.855263165345,0.316342103255
425,0.893289695005,0.233262056342,0.852631586555,0.352094176925
426,0.891325701571,0.239055912791,0.865789481684,0.327790463478
427,0.886415718376,0.248476268351,0.850000008156,0.35020709228
428,0.883797060692,0.260387730811,0.821052641461,0.412928530407
429,0.88477905719,0.255987622814,0.826315799434,0.391200961128
430,0.885433721757,0.250702929829,0.834210534629,0.374450690153
431,0.880523738367,0.258779561985,0.831578957015,0.393905803175
432,0.884124392744,0.252761900508,0.860526323318,0.318388602995
433,0.88248773185,0.256345403546,0.836842114204,0.331294564472
434,0.873322429175,0.269712202513,0.831578957015,0.412054964096
435,0.876923083722,0.248917394608,0.863157902305,0.316346438378
436,0.872013100235,0.260686273536,0.778947378656,0.416011411697
437,0.883142396247,0.260347474755,0.852631586163,0.386476180945
438,0.886088386007,0.253367323442,0.855263165737,0.349043606175
439,0.889361708381,0.242375297367,0.831578956623,0.45430882628
440,0.899836339849,0.227902048599,0.831578957015,0.369813039789
441,0.883797060765,0.260665943305,0.831578955839,0.371934812338
442,0.879541741504,0.258596404525,0.850000007372,0.34728901396
443,0.888379711761,0.249301287929,0.844736850968,0.347973971542
444,0.882815064073,0.25838250126,0.84473685136,0.352837576758
445,0.885761053858,0.247407075313,0.860526323711,0.328571439947
446,0.880851070493,0.259312240044,0.842105271785,0.348820187825
447,0.899836339752,0.228143421566,0.85526316613,0.363836585832
448,0.899836339508,0.225624997394,0.813157905089,0.373608602652
449,0.87888707701,0.252573997858,0.82894737744,0.407079211136
450,0.888379711542,0.234384628486,0.865789481292,0.352038633239
451,0.888052379636,0.250909973276,0.842105271981,0.314857921477
452,0.88085107059,0.254329500001,0.831578957015,0.367435291296
453,0.894599023847,0.23534558335,0.868421060474,0.360388956235
454,0.888379711957,0.250691929043,0.81842106267,0.387451232509
455,0.892307698434,0.249456870127,0.871052639265,0.300929087432
456,0.877577748265,0.266836707122,0.852631587339,0.361760160941
457,0.886743050648,0.245455712974,0.842105271393,0.373640533617
458,0.890016372973,0.241860853235,0.8210526395,0.4908093819
459,0.887725047267,0.250332298813,0.865789481684,0.3345186487
460,0.884779057263,0.251020568578,0.834210534433,0.34163339259
461,0.889361708137,0.245430066651,0.805263168718,0.416017744981
462,0.877577748412,0.258177800839,0.828947377832,0.405771681915
463,0.892635030608,0.241327167834,0.818421061886,0.378218410966
464,0.884779057312,0.259130620113,0.847368429758,0.358599605161
465,0.891980366065,0.238104227143,0.863157902109,0.316013117204
466,0.885433721659,0.254151153371,0.834210534629,0.366336051918
467,0.880523738319,0.251732619446,0.810526325907,0.415627428502
468,0.893944359548,0.231967490447,0.794736852183,0.407222053453
469,0.890016372973,0.243642982958,0.850000008549,0.386629129198
470,0.88576105398,0.255462441432,0.857894744528,0.365997138304
471,0.890016372631,0.24458654322,0.800000010745,0.389896974997
472,0.890671037369,0.239824376884,0.839473692994,0.347010474793
473,0.881833067112,0.248979978706,0.831578956231,0.364383108003
474,0.884779057263,0.24769980587,0.84736843015,0.345181327394
475,0.893617027203,0.232015385498,0.839473693387,0.333943766419
476,0.890998369641,0.241619374336,0.836842114204,0.36064849728
477,0.878559744934,0.26445492644,0.873684218055,0.326533577975
478,0.886088386105,0.253021438091,0.828947376852,0.368911551962
479,0.880851070346,0.255062214119,0.828947378224,0.407016505365
480,0.891980366114,0.228736045196,0.839473693779,0.391963595475
481,0.887397715142,0.253532423174,0.85526316613,0.331154687857
482,0.880523738172,0.257466543457,0.831578956623,0.38352396693
483,0.894271691673,0.243096119836,0.839473693779,0.338314364517
484,0.892635030779,0.240480573735,0.826315799042,0.436729638997
485,0.889034375841,0.24624414742,0.860526323711,0.356624172253
486,0.888052379539,0.25338034586,0.839473692994,0.3496811539
487,0.891980366114,0.247717740843,0.831578956623,0.403387065067
488,0.904746323044,0.218691998276,0.839473692994,0.420348140626
489,0.890343705,0.240288839509,0.810526326299,0.449351309346
490,0.892635030559,0.238781689433,0.807894747508,0.416518279351
491,0.886088386202,0.248851818089,0.810526325711,0.427266369623
492,0.881178402764,0.25724869763,0.802631588947,0.393770812202
493,0.888707043862,0.240194828107,0.823684220251,0.406598647882
494,0.874304425892,0.265222667093,0.818421061886,0.372412983101
495,0.881178402715,0.253901387883,0.828947377832,0.379323369742
496,0.891653034037,0.235938165964,0.818421062278,0.38119827338
497,0.888707043789,0.252381962091,0.82894737744,0.366047890577
498,0.887397714752,0.2505081422,0.81842106267,0.376969708292
499,0.896563017281,0.234641821229,0.834210535805,0.440133598174
500,0.879869073776,0.259816906736,0.821052641069,0.4245478407
501,0.892635030559,0.231771476927,0.834210535805,0.385049770695
502,0.884451725089,0.248922238308,0.831578956427,0.352975977568
503,0.88183306721,0.249340159598,0.842105270805,0.346802530884
504,0.891325701522,0.235984879106,0.85789474492,0.342603532789
505,0.891653033891,0.236337985604,0.81842106267,0.369758454911
506,0.888707043984,0.239588853579,0.828947378224,0.387343857563
507,0.869067110085,0.27401372487,0.789473695779,0.430839419785
508,0.885106389388,0.253298146885,0.863157902109,0.289457069606
509,0.881833066795,0.255381615828,0.850000008156,0.349030634254
510,0.886743050672,0.240338152568,0.815789481919,0.373111386385
511,0.889361708381,0.246952459955,0.857894744528,0.315627867537
512,0.883797060717,0.254748491601,0.802631589535,0.471334108421
513,0.896563017183,0.232480850977,0.842105271785,0.355142382311
514,0.883469728372,0.250428366469,0.850000008156,0.570611478785
515,0.890998369299,0.244720852674,0.805263168326,0.457944558762
516,0.887725047243,0.237898071137,0.821052640676,0.41406192141
517,0.892635030559,0.241608930943,0.852631587731,0.349990212976
518,0.88576105398,0.243953286175,0.818421062278,0.433134610728
519,0.889361708332,0.228736084872,0.84473685136,0.407424657851
520,0.892307698361,0.227939305322,0.834210534433,0.512285461125
521,0.890016372924,0.236980474006,0.831578957015,0.469421920892
522,0.888707043887,0.252551496455,0.821052640284,0.376612838813
523,0.888707043545,0.243146166371,0.855263164561,0.333394188556
524,0.886743050745,0.247763605648,0.794736851007,0.41352387689
525,0.887397714947,0.233098257238,0.82631579865,0.3872030813
526,0.885106389437,0.246981631253,0.836842114596,0.397859154945
527,0.881505735133,0.261318905692,0.81052632473,0.416805999807
528,0.884779057092,0.256413199747,0.839473692994,0.354228358422
529,0.90376432618,0.226530926635,0.831578955839,0.366505818077
530,0.884451725089,0.25249987312,0.792105272412,0.438608395219
531,0.889361708283,0.238039286827,0.844736850575,0.385874395997
532,0.891325701717,0.236368740067,0.836842113616,0.350697055309
533,0.889034376353,0.240260864042,0.842105271001,0.331206165747
534,0.88477905736,0.251559765859,0.80789474594,0.405484890794
535,0.890343705,0.23944585794,0.855263165737,0.340239489096
536,0.889689040603,0.242944378478,0.831578956623,0.35395811333
537,0.879214409282,0.246815018132,0.805263168522,0.424983845942
538,0.882815063975,0.253416626085,0.805263168718,0.404144418254
539,0.895253688487,0.228330828447,0.823684218683,0.375054917046
540,0.904746323141,0.221903232379,0.839473692994,0.329118956018
541,0.887070382773,0.241656343117,0.81578948388,0.373703206485
542,0.883797060351,0.24506905718,0.821052641461,0.393112169591
543,0.892962362879,0.232961505891,0.847368429366,0.397911933369
544,0.893617027179,0.236605463816,0.860526323318,0.357747049195
545,0.893617027154,0.243970752767,0.836842113224,0.400109359321
546,0.887725047218,0.241897005757,0.847368429758,0.347317251974
547,0.903764326327,0.227577756202,0.831578956231,0.473035721396
548,0.897217681872,0.232257070663,0.85000000796,0.403555960444
549,0.888379711566,0.241760733165,0.794736852967,0.456248567756
550,0.892307698434,0.238532093473,0.818421062278,0.419743257471
551,0.88641571823,0.244613281505,0.836842114596,0.383205327069
552,0.895908352835,0.231864156676,0.852631586947,0.40061289331
553,0.899181675209,0.230534333597,0.857894745312,0.367791878691
554,0.898527010519,0.239670980713,0.826315799826,0.375791382228
555,0.897545013997,0.228335253303,0.852631587339,0.410300494723
556,0.890671037418,0.244821033085,0.828947377244,0.401949102963
557,0.887070382773,0.256723973001,0.852631587339,0.412400093015
558,0.885433721562,0.245582516802,0.834210534629,0.408425530384
559,0.887725047292,0.247217213764,0.81578948388,0.424096717481
560,0.890343705,0.241025623822,0.85789474394,0.346803756866
561,0.891980366114,0.237100854792,0.844736849399,0.349677876162
562,0.896235685107,0.23045099743,0.84473685136,0.414250365219
563,0.888379711518,0.235850760645,0.847368429366,0.357695037502
564,0.896563017354,0.229595640971,0.826315799434,0.416229742689
565,0.89721768158,0.235539777527,0.865789481292,0.34016079489
566,0.892307698288,0.23598356861,0.863157902893,0.337609645969
567,0.897872346147,0.223788713588,0.842105271785,0.31737948002
568,0.890016372924,0.236086285407,0.839473692602,0.378953921189
569,0.884779057165,0.255519637578,0.850000008941,0.389170227977
570,0.890343704781,0.250744823574,0.823684219467,0.362243890833
571,0.889361708137,0.235446905546,0.818421062082,0.409162151625
572,0.897545014095,0.233985990701,0.860526323515,0.407890188208
573,0.887397714898,0.250072637111,0.834210534629,0.360601731159
574,0.891653034037,0.24421850029,0.826315799434,0.419818775471
575,0.877905080391,0.252413893012,0.85789474492,0.343269639773
576,0.885761053736,0.244413468638,0.826315799434,0.489009644377
577,0.891325701912,0.242022836304,0.815789484272,0.397055197041
578,0.892635030608,0.241274018733,0.85526316613,0.363368843994
579,0.887070382627,0.248290018424,0.792105273197,0.42175527351
580,0.885761054126,0.249442770363,0.834210534041,0.458185675254
581,0.887725047365,0.238682494724,0.842105271393,0.419342692706
582,0.888379711713,0.238117895126,0.826315799042,0.432108540598
583,0.886415718328,0.244023853885,0.82105264048,0.382939695285
584,0.893944359694,0.229295062511,0.810526325514,0.446226097887
585,0.891980366114,0.234274287392,0.813157904305,0.37922697007
586,0.891325701717,0.232168563448,0.813157904893,0.468942255257
587,0.893944359548,0.226914103278,0.842105271785,0.388611135438
588,0.903764326253,0.221668192355,0.813157903913,0.499548752192
589,0.901473000816,0.232959666046,0.821052640676,0.518932334533
590,0.889689040603,0.23443039345,0.823684219467,0.403104560324
591,0.896563017476,0.230831734983,0.802631589143,0.532741857316
592,0.894271692014,0.230084467409,0.800000011529,0.424481200152
593,0.895581020612,0.231749042815,0.84736843015,0.382187665039
594,0.892962362782,0.234023756661,0.818421063062,0.40376182843
595,0.890016372582,0.24615720372,0.815789483095,0.399999504799
596,0.887725047218,0.246059800593,0.834210536198,0.397031554594
597,0.897872346269,0.223667277663,0.828947377636,0.427114077452
598,0.90540098744,0.216435951392,0.836842113812,0.370041843228
599,0.899509007285,0.220770323277,0.865789481292,0.378382700401
600,0.904418990577,0.222033860038,0.852631587339,0.367209865624
601,0.898854342791,0.222144254846,0.863157902501,0.337577780794
602,0.894926355947,0.230281114228,0.844736850183,0.324348507713
603,0.895908352908,0.22881048849,0.818421061886,0.386849356264
604,0.896890349625,0.233322252491,0.85526316613,0.314017802316
605,0.900818336127,0.24017143761,0.82894737744,0.374229934138
606,0.891653033842,0.236782825833,0.842105272177,0.382194792586
607,0.879541741846,0.248658196279,0.836842113812,0.389362067823
608,0.894599023993,0.227004312579,0.842105271981,0.3676332195
609,0.904418990723,0.223170962294,0.84736842917,0.39407764653
610,0.896235685204,0.230189039288,0.855263165737,0.350371578763
611,0.905728319468,0.215955691489,0.850000007372,0.335930325424
612,0.895581020637,0.227556303214,0.871052638873,0.372850071614
613,0.894926356118,0.229807478089,0.863157902109,0.332724642232
614,0.89067103732,0.237391435347,0.82631579865,0.421782438677
615,0.892962363075,0.225570131212,0.847368429366,0.379459899481
616,0.89558102071,0.228725117271,0.839473693387,0.334541962741
617,0.894599023993,0.23676500959,0.81578948388,0.475912082695
618,0.898199678589,0.229798169819,0.836842114596,0.388645515887
619,0.903764326131,0.213691163159,0.860526323318,0.346472764567
620,0.89558102049,0.227993061208,0.834210534825,0.345724969183
621,0.899181675111,0.218670673968,0.852631587731,0.334819669838
622,0.894599024042,0.225885145733,0.868421060474,0.370211094855
623,0.887397715093,0.2407926666,0.857894743548,0.334746134552
624,0.89950900748,0.224275757373,0.8657894809,0.330562423521
625,0.90409165833,0.21728190862,0.868421060474,0.371541621867
626,0.898527010495,0.228087193879,0.839473692994,0.380421311686
627,0.896235685302,0.226021926365,0.847368429758,0.380180451352
628,0.893617027325,0.234960951093,0.860526323711,0.35054341724
629,0.897872346269,0.233787099663,0.852631586555,0.306413812273
630,0.900163671828,0.2253826027,0.842105271001,0.320098504449
631,0.889034375963,0.234975062544,0.860526323318,0.368574736554
632,0.888379711713,0.238859338834,0.81578948388,0.394085419805
633,0.893289695053,0.232770866131,0.863157901717,0.33649493352
634,0.883142395954,0.244730235814,0.834210535021,0.351845876645
635,0.897545013997,0.226367688897,0.83684211342,0.359131850923
636,0.885433721611,0.240831202351,0.815789482311,0.405292797132
637,0.894271691868,0.236190632779,0.860526323318,0.324923558923
638,0.895253688097,0.225598944997,0.892105269589,0.289092049534
639,0.904418990821,0.220857498817,0.82894737744,0.38801689468
640,0.906710316477,0.213371146165,0.834210535805,0.419650968939
641,0.891980366163,0.242399657554,0.821052640873,0.3791034441
642,0.895908352835,0.228820008689,0.836842114988,0.356184222074
643,0.894926356411,0.233688801387,0.852631587339,0.336012120579
644,0.890998369641,0.238707032207,0.823684219663,0.379783298606
645,0.899509007358,0.220700159438,0.831578957407,0.42801088031
646,0.89525368839,0.233134392999,0.82894737744,0.341160040729
647,0.909983638607,0.206717259186,0.855263166522,0.414481876393
648,0.913256960639,0.202076690616,0.8657894809,0.35888577371
649,0.888052379344,0.236469748209,0.839473693779,0.345881767599
650,0.903436993909,0.211431635491,0.847368429758,0.354058637002
651,0.895581020759,0.232649130776,0.850000008549,0.360712782615
652,0.897872346269,0.225018428844,0.842105272569,0.340892129341
653,0.909983638656,0.210757688764,0.865789481292,0.351123915418
654,0.898854342937,0.227885425864,0.863157902893,0.325875138271
655,0.896890349552,0.237511672141,0.863157902893,0.325365481396
656,0.890343704903,0.243703209209,0.792105273197,0.439327073507
657,0.900491004002,0.221484354802,0.842105271785,0.366010407014
658,0.899181675306,0.230300291577,0.839473692406,0.391113064914
659,0.899181675013,0.220812874929,0.842105271785,0.357972339041
660,0.890671037418,0.236591826251,0.852631586163,0.350484602313
661,0.897872346171,0.218055334479,0.839473692994,0.393994497543
662,0.897217681872,0.234831242518,0.823684219467,0.37668639378
663,0.907692312999,0.217520127135,0.857894744528,0.394095601527
664,0.891653033793,0.241624398629,0.855263166522,0.338949107119
665,0.902127665067,0.212654380157,0.855263166522,0.476347976756
666,0.891980366114,0.234408340908,0.860526323711,0.374300447642
667,0.896890349381,0.226074324776,0.84473685136,0.405355689555
668,0.900818336078,0.219832051086,0.810526326691,0.48234494808
669,0.904418990772,0.222522799605,0.818421063455,0.40628986119
670,0.894926356264,0.228136206579,0.815789483684,0.37419052919
671,0.909656306335,0.215145190152,0.815789483095,0.474540285828
672,0.903109661881,0.224084181956,0.836842114204,0.378318427373
673,0.88936170843,0.23298727946,0.886842111616,0.34520771448
674,0.902127665115,0.218917811515,0.831578956623,0.346819361098
675,0.908346977493,0.211116029105,0.852631586947,0.316120471634
676,0.901473000719,0.220090250452,0.836842114204,0.361341751286
677,0.884124392671,0.243419413828,0.821052641069,0.417290978612
678,0.898199678443,0.23934957644,0.850000008941,0.387076472785
679,0.895908353079,0.217555535138,0.844736850183,0.401175606312
680,0.906382984108,0.214832150042,0.85789474492,0.339190640412
681,0.902454997289,0.22328471073,0.823684220447,0.3598054369
682,0.892635030559,0.235787522833,0.850000008549,0.323829547879
683,0.897545013997,0.224265165324,0.842105271393,0.366324085656
684,0.897872346415,0.226292387257,0.834210535413,0.419546388828
685,0.903764326229,0.219176074734,0.818421063062,0.427767945939
686,0.893289695151,0.231657436443,0.865789481292,0.411156468381
687,0.904418990772,0.218882482338,0.831578957407,0.390751182705
688,0.910965635275,0.200780393292,0.84736842917,0.384291820841
689,0.902127665018,0.219041473877,0.860526323711,0.473301672402
690,0.896563017232,0.227281101394,0.818421061886,0.524599085169
691,0.898527010666,0.218600843432,0.826315799826,0.429028705681
692,0.889034376109,0.244767252823,0.81052632473,0.675583308457
693,0.908674309619,0.211947635259,0.831578957407,0.423545033983
694,0.878887076937,0.256001855092,0.815789482507,0.426118985456
695,0.900818336273,0.220212368471,0.842105270608,0.338615080239
696,0.901145668545,0.215749664614,0.815789482703,0.426455348534
697,0.898854342888,0.227781477515,0.842105271589,0.334145752627
698,0.893617027032,0.231572733567,0.826315798846,0.506693647971
699,0.900818336273,0.216561514853,0.807894747116,0.409338747366
700,0.89525368839,0.233384709449,0.847368428582,0.351259108087
701,0.900491004099,0.213182026707,0.852631586555,0.313234550168
702,0.889361708527,0.233822816512,0.800000009568,0.473420617284
703,0.896563017183,0.220231514978,0.831578957015,0.378348177526
704,0.895253688341,0.219424761537,0.834210535217,0.373258076836
705,0.90376432618,0.214578606258,0.810526325907,0.420906281319
706,0.8942716916,0.234176224041,0.852631586947,0.385547618725
707,0.887725046926,0.244684588433,0.813157904697,0.375754649241
708,0.896890349503,0.229213115878,0.81578948388,0.541167872921
709,0.889034375841,0.239654633999,0.85789474492,0.334752664231
710,0.904091658549,0.212673616959,0.844736850183,0.435668203724
711,0.895253688341,0.236628093551,0.855263165345,0.382238067796
712,0.899181675209,0.22503613263,0.83157895525,0.439504211585
713,0.906382984206,0.21101659571,0.850000008156,0.386803713756
714,0.896563017281,0.228681893605,0.818421061886,0.342152557262
715,0.907037648554,0.214243364667,0.828947376852,0.369706364602
716,0.897217681824,0.221848045322,0.844736850968,0.451049903849
717,0.901473000572,0.224561345453,0.821052641265,0.362830315082
718,0.898854343035,0.217670576056,0.852631586163,0.354101178794
719,0.911292967376,0.207294330795,0.828947377636,0.36822777476
720,0.901800332893,0.208601416124,0.831578956427,0.412019517682
721,0.893944359523,0.227116636103,0.831578955642,0.369048636569
722,0.903109661832,0.221356305298,0.823684219467,0.405839853794
723,0.899181675013,0.224473251534,0.826315798258,0.406212382699
724,0.901145668691,0.219915314261,0.844736850183,0.379519641188
725,0.89558102071,0.214156595463,0.839473693387,0.541166261461
726,0.897872346366,0.227011194418,0.83947369221,0.426512223168
727,0.892962362879,0.243942985914,0.810526324926,0.400264406932
728,0.900163671828,0.227626315922,0.823684219859,0.397412761663
729,0.913584292959,0.206792847533,0.836842114596,0.400148173893
730,0.891980366065,0.227987438366,0.831578955839,0.420902992262
731,0.896563017207,0.222739562236,0.831578957015,0.475175565076
732,0.912929628563,0.199373947585,0.844736850575,0.364894610119
733,0.903436994104,0.222211485562,0.794736851791,0.569745851828
734,0.899836339605,0.226100564243,0.828947376852,0.387826616134
735,0.901473000816,0.213757527071,0.863157902501,0.353466204945
736,0.895908352908,0.223477299274,0.826315798258,0.398453608529
737,0.902127665018,0.218639578719,0.815789483292,0.515590879172
738,0.898527010714,0.227393425636,0.852631586947,0.344236716309
739,0.906055651934,0.20353903144,0.852631586751,0.378811974387
740,0.911947631894,0.202209322362,0.852631587339,0.364739798651
741,0.903109661686,0.215321641747,0.828947377636,0.394201263776
742,0.898199678248,0.22685621678,0.813157902932,0.438042522821
743,0.905400987294,0.213490359243,0.852631586947,0.346867275238
744,0.901473000597,0.214120476726,0.826315798258,0.394287297773
745,0.89819967815,0.227824948143,0.807894746332,0.345468506836
746,0.893617027374,0.221709595151,0.826315799434,0.382365821634
747,0.910638303052,0.207039374342,0.871052638873,0.383463699554
748,0.903764326375,0.207483368908,0.818421061494,0.425217045823
749,0.90147300067,0.210373044836,0.836842114008,0.527357732529
750,0.896563017329,0.225644841943,0.857894744332,0.393846004959
751,0.907692312902,0.207852062337,0.844736850575,0.341152808073
752,0.910310970878,0.210067338716,0.81842106267,0.50480470042
753,0.913911625328,0.209932257194,0.85526316613,0.365353806903
754,0.905728319517,0.215759022406,0.818421061886,0.559044301069
755,0.911620299769,0.201295269284,0.836842114204,0.413383565463
756,0.890671037418,0.236895512704,0.852631587339,0.368175199163
757,0.900491004148,0.22911087392,0.826315798454,0.379197735542
758,0.899181675062,0.219210539297,0.844736850379,0.520243058716
759,0.89918167516,0.226289116337,0.786842115616,0.459921073279
760,0.900163671779,0.222225693282,0.82894737744,0.403934458296
761,0.905728319663,0.211760339295,0.852631587339,0.383724098994
762,0.905400987391,0.21313500876,0.821052640676,0.426180406256
763,0.898199678199,0.215847766421,0.821052639892,0.375091466533
764,0.911947631992,0.199668994376,0.828947377636,0.480195493497
765,0.904091658305,0.218588239723,0.834210534629,0.36222932791
766,0.907692313048,0.205611131692,0.852631587339,0.411448345473
767,0.907037648603,0.19756405421,0.850000008156,0.479571953787
768,0.900163671633,0.216256511991,0.847368429366,0.378436727983
769,0.890343705,0.235559196064,0.826315799434,0.495306181099
770,0.901145668496,0.220910044094,0.831578957015,0.404402223843
771,0.900491003953,0.217354530529,0.842105271785,0.396368810757
772,0.903764326473,0.213653045454,0.821052641461,0.462660164995
773,0.900818336298,0.220056166887,0.813157904305,0.417708401751
774,0.901800333088,0.225709396531,0.80789474692,0.424417831662
775,0.897545013949,0.221329200251,0.818421062278,0.445716931969
776,0.89525368839,0.232327355331,0.83684211342,0.401556740294
777,0.907364980776,0.204575506634,0.860526324103,0.462469831866
778,0.896563017305,0.228351360914,0.823684219467,0.417419023067
779,0.900163671925,0.224316493695,0.839473692014,0.409206317565
780,0.899181675306,0.216573500898,0.847368429758,0.393039303637
781,0.901145668594,0.21916739895,0.778947378068,0.484024673904
782,0.909328974064,0.202059329681,0.865789481684,0.365991945546
783,0.897545014071,0.217355483727,0.826315799042,0.428798003398
784,0.903436994226,0.210664879506,0.82631579865,0.448054937935
785,0.907037648407,0.211148211182,0.831578956623,0.459272787801
786,0.901145668399,0.204501436246,0.810526324926,0.407163488005
787,0.908019645173,0.201615622341,0.839473692406,0.497965093369
788,0.910310970878,0.212934121094,0.828947377832,0.453622943996
789,0.908019645368,0.205236898017,0.857894744724,0.335724111706
790,0.9112929674,0.212723978072,0.81842106169,0.42901180581
791,0.90769231295,0.208568867355,0.844736850183,0.38535883224
792,0.909983638607,0.201336686897,0.794736852379,0.439389842371
793,0.903764326229,0.205936803693,0.852631586947,0.383129194176
794,0.898854342864,0.221696297436,0.810526325907,0.416876890674
795,0.90507365512,0.220873807778,0.797368431562,0.582736844152
796,0.903436994104,0.213800525295,0.847368429758,0.430788155732
797,0.910965635373,0.207306695731,0.823684219859,0.428387099509
798,0.920785601908,0.181723121277,0.839473693387,0.418159184886
799,0.912929628563,0.199085380116,0.826315798846,0.375343759442
800,0.916530282964,0.189305442574,0.857894744528,0.383368392841
801,0.902454997436,0.210770700995,0.850000008549,0.403976095546
802,0.909328974162,0.204621182537,0.821052641853,0.377137572578
803,0.907037648578,0.204568911067,0.85789474492,0.376375019994
804,0.909983638485,0.210828362302,0.823684220643,0.399452494816
805,0.90016367173,0.221437610366,0.844736850575,0.332100322556
806,0.90671031638,0.209141931231,0.83947369221,0.420632037196
807,0.906710316429,0.213220340902,0.823684220643,0.477925822592
808,0.906382984108,0.20402053025,0.82894737646,0.393498850426
809,0.909983638607,0.210893090172,0.82894737744,0.563684089059
810,0.909656306384,0.203016006705,0.789473694014,0.444379801509
811,0.91456628953,0.192996605687,0.852631586751,0.338040893663
812,0.90834697742,0.204621035091,0.881578954035,0.346844967692
813,0.909328974162,0.201830917639,0.82894737646,0.447154910145
814,0.90965630636,0.209081718018,0.818421061886,0.56158860159
815,0.912929628611,0.195454797791,0.871052638873,0.413526879379
816,0.908019645417,0.208546778439,0.860526323318,0.321804018262
817,0.91391162528,0.207512983581,0.839473692798,0.468400133043
818,0.909983638509,0.19899419356,0.831578956623,0.444412598278
819,0.924386256455,0.179856840382,0.85526316613,0.437886175056
820,0.910310970732,0.211728867105,0.839473693387,0.365851183144
821,0.915875618616,0.188084356282,0.857894744528,0.342562833536
822,0.907364980679,0.206703689823,0.842105271393,0.432700434626
823,0.904418990723,0.208585455677,0.863157902501,0.431276544626
824,0.912602296316,0.205814046646,0.889473690406,0.328611032016
825,0.92274959539,0.18583803242,0.842105271393,0.517512939864
826,0.900491003782,0.210583844658,0.826315797277,0.4358979655
827,0.913911625328,0.197849132791,0.868421059494,0.299578710412
828,0.912274964215,0.202779903283,0.850000007764,0.402173775997
829,0.906710316233,0.22014851913,0.84736842917,0.391128698605
830,0.907037648554,0.205453468355,0.855263166522,0.3918252718
831,0.905400987416,0.208144288776,0.868421060082,0.340301251413
832,0.902127665213,0.214169267988,0.857894743744,0.338764215806
833,0.906382983962,0.208325382498,0.839473692406,0.338254534652
834,0.892962362928,0.223061647244,0.836842113812,0.378006560238
835,0.90769231295,0.202509358204,0.850000008156,0.340416370529
836,0.909001641841,0.200621729687,0.834210535021,0.406862566811
837,0.900818336371,0.219690159076,0.871052637696,0.321477725925
838,0.91096563508,0.192823237426,0.852631586555,0.293239664878
839,0.919803605337,0.190644276315,0.836842113812,0.367570742156
840,0.91653028311,0.18935979999,0.834210535413,0.408807537031
841,0.902127665262,0.220938731719,0.813157904305,0.52991111927
842,0.90834697742,0.20470355694,0.844736850575,0.374237442264
843,0.90441899087,0.210595895508,0.82105264048,0.39221491312
844,0.906055651934,0.208230627685,0.836842113616,0.360156245919
845,0.910965635324,0.201681700938,0.863157902501,0.368300009034
846,0.912602296389,0.197657523539,0.842105272177,0.365148451957
847,0.917512279681,0.184531136482,0.855263166522,0.419705144019
848,0.919476273017,0.188278357246,0.82894737744,0.350465684488
849,0.909983638314,0.192354886628,0.82631579865,0.454664420102
850,0.913584292886,0.19798650991,0.844736850575,0.361433937188
851,0.913584293057,0.203686154119,0.857894744528,0.372220534455
852,0.909983638656,0.19382358864,0.847368428974,0.356001028217
853,0.916857615333,0.191100862038,0.807894746528,0.36388594618
854,0.914238957453,0.198375857042,0.823684219859,0.39637212216
855,0.897872346171,0.220720519168,0.823684219075,0.417915704605
856,0.908674309667,0.213271168951,0.836842113616,0.540091431859
857,0.911947631846,0.198973492905,0.834210534629,0.400732489488
858,0.91260229634,0.201307908981,0.842105271589,0.376541541516
859,0.907692313097,0.202542347245,0.836842114204,0.335273806676
860,0.90441899087,0.215423212523,0.842105271001,0.358799020968
861,0.920130937609,0.181979737599,0.834210535805,0.419575852264
862,0.910310970781,0.209502440273,0.852631587339,0.357921937794
863,0.91653028311,0.203408627367,0.821052640284,0.434131540994
864,0.905073655169,0.201066653282,0.847368428582,0.499366068241
865,0.910638303004,0.204478432,0.855263166522,0.414775748602
866,0.913911625328,0.200605293471,0.839473691622,0.342268913782
867,0.909656306287,0.197008818992,0.85526316613,0.403538618819
868,0.921112934228,0.183817721143,0.805263167345,0.494719739352
869,0.912274964117,0.203749265744,0.847368429758,0.373068474515
870,0.911292967498,0.198954674195,0.797368431562,0.664151310293
871,0.915875618616,0.191289349863,0.826315799042,0.454372873793
872,0.914566289579,0.196927091112,0.863157901717,0.423473172866
873,0.910310970781,0.201289953107,0.844736850968,0.518857566952
874,0.916857615284,0.186621352549,0.839473692798,0.422788342323
875,0.916202950887,0.180407554337,0.884210533217,0.294264536625
876,0.917512279681,0.190765936321,0.82894737744,0.446549995094
877,0.900818336054,0.212365661545,0.850000008549,0.409555518431
878,0.911947631943,0.203246007791,0.860526322534,0.397281624955
879,0.916857615382,0.183193507557,0.865789481292,0.29375426205
880,0.909328974113,0.200747421198,0.802631588751,0.486432001799
881,0.923731591815,0.187165467794,0.828947377832,0.407756138581
882,0.898527010714,0.222449863123,0.831578955446,0.433006281065
883,0.916857615333,0.195388798228,0.836842114596,0.408888481285
884,0.909983638607,0.201537730379,0.847368429758,0.419293353444
885,0.915548286247,0.195398357729,0.844736850183,0.386565359792
886,0.909328974162,0.20415250509,0.813157905089,0.407566691534
887,0.917839611855,0.192352549879,0.850000007176,0.548997718144
888,0.920785602054,0.178919355687,0.826315799042,0.487145731542
889,0.909983638461,0.202614447644,0.836842113812,0.459517953054
890,0.909001641841,0.196187525958,0.839473692994,0.479496995707
891,0.912929628611,0.196032009245,0.836842114596,0.645746823768
892,0.901473000621,0.213843694595,0.831578956623,0.467152625181
893,0.914566289603,0.197209723951,0.802631587574,0.405451067727
894,0.897217681702,0.222854301517,0.823684219663,0.51221340802
895,0.917184947458,0.182149680764,0.823684220055,0.422167703484
896,0.915548286491,0.190799989103,0.805263168718,0.421240658445
897,0.91260229634,0.202031579912,0.834210535805,0.36913652701
898,0.909656306238,0.205448615187,0.821052641069,0.409160554838
899,0.914566289774,0.197523415867,0.863157902501,0.333081140554
900,0.908346977542,0.206224353287,0.850000007764,0.377983482595
901,0.909328973942,0.193477202785,0.844736849007,0.485342569445
902,0.907692313024,0.2019842491,0.836842113224,0.400643361659
903,0.912274964117,0.199957963288,0.82894737744,0.600750127305
904,0.911620299574,0.194708961723,0.834210535805,0.509283925788
905,0.915875618518,0.194931287125,0.794736852575,0.596712413568
906,0.909983638412,0.207447723787,0.839473692602,0.380233740987
907,0.908019645002,0.211380305983,0.844736850575,0.456901326088
908,0.909328974064,0.200931515853,0.84473685136,0.401527514473
909,0.909983638241,0.205316598577,0.839473693387,0.464457007552
910,0.908346977445,0.196799079957,0.831578955839,0.471121128602
911,0.906055651642,0.204378431625,0.850000007764,0.417979489889
912,0.916202950741,0.197691450673,0.815789481527,0.434689736223
913,0.919803605337,0.188931794833,0.850000008549,0.407869566448
914,0.914566289725,0.200052503611,0.82894737744,0.480594535538
915,0.917184947555,0.18556728905,0.805263166169,0.538751098779
916,0.917839611903,0.187709947561,0.842105271785,0.440002955333
917,0.909656306189,0.209414981743,0.865789481292,0.402992434813
918,0.921767598722,0.177613990958,0.815789482899,0.474496227527
919,0.922749595171,0.18136463504,0.831578956231,0.391340582023
920,0.91980360524,0.17748290263,0.834210534629,0.501687094746
921,0.898527010812,0.21431663306,0.842105271785,0.416597246911
922,0.91358429291,0.193259200395,0.844736850968,0.374953179118
923,0.916857615186,0.187908615997,0.818421060906,0.441908350993
924,0.915220954219,0.187968079995,0.844736850968,0.412138199722
925,0.916202950936,0.177510143084,0.815789483488,0.439463909221
926,0.912602296486,0.20434612899,0.834210535805,0.516290561382
927,0.911292967351,0.21164783864,0.802631589143,0.612744888208
928,0.916530282842,0.198598713445,0.842105271001,0.415851586395
929,0.916530282964,0.185733773792,0.842105272177,0.399270915118
930,0.911292967449,0.200423190748,0.760526325554,0.541214160373
931,0.911292967498,0.194331205094,0.852631586163,0.396034691961
932,0.925368253172,0.171542417607,0.810526325318,0.601887477279
933,0.91882160862,0.18945110703,0.826315798454,0.444862041279
934,0.915220954219,0.194626290293,0.850000008549,0.445757980509
935,0.913256960883,0.192859037245,0.823684219467,0.424862722508
936,0.912274964117,0.202172490938,0.831578955642,0.545012443441
937,0.912602296486,0.18833778389,0.794736851203,0.409025337936
938,0.910638302955,0.199812525755,0.78947369421,0.508054264987
939,0.92242226307,0.175865494303,0.842105271785,0.438980210499
940,0.927659578585,0.177614099726,0.844736850968,0.420771999183
941,0.919148940843,0.180146941998,0.810526325122,0.419086323929
942,0.912929628514,0.196233212999,0.800000009176,0.519032456396
943,0.910965635373,0.192865095476,0.81842106071,0.428215107552
944,0.912602296437,0.195242780096,0.84210527002,0.515699232645
945,0.906710316282,0.205000680331,0.813157903521,0.524114119473
946,0.917184947507,0.191521371679,0.8368421144,0.436347125866
947,0.922422263021,0.17217305233,0.797368431562,0.642460604674
948,0.914238957453,0.186751429914,0.818421063062,0.564947886387
949,0.916202950887,0.191462786571,0.847368429366,0.40705852929
950,0.913911625182,0.1934622746,0.792105273393,0.524883578987
951,0.915548286491,0.179551793507,0.810526325907,0.431624702156
952,0.923404259763,0.180424781872,0.826315799042,0.433779967523
953,0.920785602054,0.191770012409,0.828947377832,0.450180050315
954,0.916857615235,0.190026803894,0.844736850575,0.350709317684
955,0.922094930799,0.178457255146,0.860526323711,0.428342080862
956,0.904746322995,0.208032230572,0.813157904305,0.442559060904
957,0.914238957453,0.200220418783,0.863157901521,0.308548607165
958,0.909328974162,0.187093366606,0.847368429758,0.337236601646
959,0.910965635324,0.206152910868,0.773684220683,0.46592821835
960,0.915875618616,0.190652363504,0.884210532825,0.298505111337
961,0.914238957453,0.198502080424,0.831578955839,0.450521048486
962,0.923404259836,0.178847001204,0.839473692406,0.378932236339
963,0.91489362185,0.188770115389,0.836842114204,0.427357176577
964,0.920130937609,0.179266106035,0.815789481919,0.389323339596
965,0.917184947214,0.194948630015,0.839473692406,0.429631726104
966,0.917839612001,0.182414350562,0.857894744136,0.359657848392
967,0.919148940843,0.182571438265,0.873684217663,0.329262329503
968,0.91653028311,0.187524358313,0.839473692994,0.425770046934
969,0.906055651764,0.206080359174,0.863157902501,0.359100450282
970,0.917512279583,0.190483102799,0.813157904305,0.43845857028
971,0.918166944004,0.187182270976,0.813157903913,0.425074493482
972,0.909983638705,0.196225276471,0.807894746332,0.445760226734
973,0.918821608571,0.192430355435,0.794736851007,0.528530149923
974,0.911947632041,0.200741350192,0.831578955839,0.476010194362
975,0.91260229634,0.188476250062,0.831578956231,0.436083720058
976,0.916857615113,0.198854853073,0.855263165541,0.393810480186
977,0.924058924232,0.183438325097,0.828947378617,0.421237175101
978,0.914238957405,0.196274844262,0.863157902305,0.355770623639
979,0.917184947653,0.192339789948,0.810526325514,0.426457519164
980,0.924058924086,0.182545592261,0.842105271785,0.411676825478
981,0.91391162528,0.203946336962,0.847368429758,0.438291461024
982,0.92340425969,0.174363124906,0.802631589535,0.666349762894
983,0.910310970659,0.190077632006,0.857894744528,0.412141058491
984,0.916857615235,0.185227981926,0.847368428974,0.579697666814
985,0.919476273017,0.17648264918,0.818421061494,0.442081049973
986,0.918821608718,0.179585916968,0.821052640284,0.398877128386
987,0.919803605386,0.176207993073,0.834210535413,0.584148517393
988,0.925695585444,0.176492540075,0.813157904305,0.412634386219
989,0.924386256406,0.185479127001,0.847368429366,0.407208312349
990,0.913584292959,0.188747162429,0.831578956623,0.427257610591
991,0.92471358858,0.176595988462,0.844736849791,0.46279948616
992,0.917512279778,0.178509018444,0.800000011137,0.531230437554
993,0.921767598625,0.173312497553,0.826315799434,0.447340777403
994,0.913584292886,0.191121481528,0.828947377048,0.371242366465
995,0.91882160862,0.197313051134,0.815789483488,0.473431548767
996,0.916530283012,0.18001171269,0.828947377048,0.424403055859
997,0.922749595342,0.177358521115,0.82631579865,0.475564808865
998,0.931914897578,0.158806971235,0.810526325907,0.415997999294
999,0.928641575448,0.165916475506,0.863157902109,0.388760078401
