epoch,acc,loss,val_acc,val_loss
0,0.739116214594,0.54915069554,0.76842106467,0.488914995013
1,0.763011468145,0.485872533532,0.742105275785,0.551311927799
2,0.756464823837,0.484749005842,0.802631589143,0.43893917199
3,0.780032744067,0.453108172528,0.744736853791,0.541061492637
4,0.778068750365,0.458642083865,0.797368432738,0.517549611628
5,0.782324069382,0.445866977049,0.765789485684,0.543960586392
6,0.773486099808,0.473460403894,0.794736853163,0.442909138963
7,0.783960731057,0.441315900858,0.734210540001,0.50668622573
8,0.768248784196,0.472643779252,0.781578958427,0.555281390583
9,0.781342073226,0.446054300388,0.784210537805,0.49736109425
10,0.796072023346,0.407805776196,0.794736853948,0.467343432829
11,0.794108029717,0.413600018281,0.815789484272,0.435529185459
12,0.802291335626,0.392635038949,0.786842116008,0.475016820784
13,0.801309338885,0.388881496549,0.78947369519,0.421458012277
14,0.789852711285,0.403372343502,0.794736851987,0.419943401394
15,0.796399355715,0.40225989185,0.794736853556,0.420877263342
16,0.795090026946,0.389147705318,0.821052640676,0.405660416343
17,0.802291336261,0.379598885409,0.826315799434,0.375430154516
18,0.813747963592,0.387300947562,0.781578959211,0.434424438073
19,0.815057292873,0.367495562253,0.815789484664,0.411383743447
20,0.805237325533,0.380024632485,0.813157905285,0.414324604465
21,0.818330615125,0.375590484095,0.794736852183,0.438763967617
22,0.814729960529,0.371165828929,0.839473693387,0.357389467425
23,0.80490999392,0.381406761194,0.786842116204,0.434406257872
24,0.805891990028,0.380758833573,0.807894746724,0.454459039347
25,0.820294608364,0.367815159932,0.794736852379,0.430688225174
26,0.822258601432,0.361216250484,0.802631588751,0.385041464218
27,0.812111302381,0.368841351688,0.781578959603,0.399991747188
28,0.820294607705,0.365219450438,0.80526316911,0.394000820742
29,0.819312611598,0.360093051473,0.839473692994,0.404040050056
30,0.80785598373,0.382401236816,0.842105272569,0.367936124192
31,0.818003282585,0.363984710395,0.80526316911,0.418046465242
32,0.818003282366,0.372823035122,0.813157904697,0.372795936504
33,0.823240598392,0.361919898997,0.797368431366,0.388221370497
34,0.814075295717,0.358535254597,0.813157905089,0.415083071609
35,0.818330614588,0.363617671931,0.828947377832,0.409682984954
36,0.820949272565,0.364590155756,0.7868421164,0.463763489731
37,0.818003282414,0.359826068929,0.80526316911,0.409864829314
38,0.822913266023,0.366235252256,0.781578958819,0.417645454407
39,0.818985279473,0.349011158824,0.818421063062,0.441539944101
40,0.836988552088,0.334409519146,0.842105272569,0.400843976611
41,0.842880532072,0.338796853129,0.781578958231,0.477491037871
42,0.810474641072,0.364795559398,0.81578948388,0.436958810609
43,0.833715229641,0.33873315075,0.831578957407,0.390982359403
44,0.827495917629,0.350845791229,0.773684221859,0.471333919583
45,0.837643216802,0.330598432467,0.805263167933,0.438279479987
46,0.823567930688,0.363188816292,0.821052642245,0.44584036839
47,0.831751236451,0.344482878787,0.810526326299,0.451065447304
48,0.842225867993,0.322227827004,0.82894737744,0.396110404108
49,0.846153854275,0.320524421723,0.776315802414,0.385270983716
50,0.835024558508,0.340559028589,0.826315797865,0.365400605884
51,0.838297880686,0.336024916644,0.802631589535,0.386704292295
52,0.830441907512,0.342016942445,0.789473696367,0.438268889036
53,0.835024558508,0.331312252702,0.828947377832,0.399810262417
54,0.817021286063,0.359529643025,0.810526326299,0.434198907282
55,0.839934542141,0.331530117779,0.828947377244,0.367536492687
56,0.826186588055,0.356878336714,0.813157905089,0.415399164329
57,0.836661220085,0.332740858087,0.807894747508,0.407513858089
58,0.839934542068,0.342567956432,0.815789484272,0.383861543807
59,0.824877259408,0.346120612431,0.842105271393,0.378126376431
60,0.845171857851,0.321645330235,0.828947378224,0.433325348103
61,0.839279877452,0.325870009886,0.800000010156,0.461106977769
62,0.840916539029,0.32988325237,0.831578956623,0.362357186055
63,0.823567930591,0.342446380632,0.839473693387,0.365321572674
64,0.830114575069,0.340278109289,0.839473693779,0.376081087504
65,0.836661219938,0.326998770164,0.826315799434,0.366456540963
66,0.835024558727,0.341399027117,0.842105271001,0.371102997617
67,0.846481186669,0.330563407556,0.855263165541,0.327013576746
68,0.836333887594,0.327701663754,0.805263168129,0.407963462247
69,0.851063837933,0.313262269285,0.84473685136,0.364837359073
70,0.842880532146,0.327867844442,0.821052641461,0.412309300498
71,0.840589206538,0.322670391332,0.828947378617,0.342517898467
72,0.846808519062,0.32016535157,0.836842114596,0.389130655823
73,0.839607210065,0.326327288411,0.85789474492,0.329854186085
74,0.839607209943,0.329662724445,0.852631587339,0.330406254942
75,0.83993454219,0.323151853411,0.857894745312,0.328036487985
76,0.843862529058,0.325003424431,0.847368429758,0.353120240432
77,0.835679222856,0.334951084485,0.813157905481,0.404896187621
78,0.84058920644,0.334561859564,0.865789481684,0.350619273015
79,0.840261874315,0.322399750821,0.794736853948,0.428687983045
80,0.846481186254,0.311677637179,0.844736850575,0.356681687782
81,0.829459910892,0.343861778817,0.818421062278,0.384409108787
82,0.841243870788,0.313076621973,0.839473692994,0.407045370728
83,0.848445180297,0.313894799824,0.855263165737,0.338691680692
84,0.845499189952,0.323269148728,0.831578956623,0.400138628032
85,0.846481186571,0.32290565231,0.823684221036,0.377364864953
86,0.844517193235,0.321088698011,0.831578956623,0.397015495373
87,0.847135851212,0.323747482706,0.860526323711,0.334063324391
88,0.855973821079,0.302602187842,0.826315799042,0.411834674091
89,0.853682495861,0.30355677561,0.836842114596,0.3835930913
90,0.844844525262,0.316704539286,0.836842114204,0.374685983664
91,0.854009828254,0.310701797398,0.802631589927,0.439499515672
92,0.846153854495,0.315322800574,0.831578957015,0.372757269082
93,0.844844525506,0.325317669696,0.834210535805,0.397040590252
94,0.844517193405,0.326149480402,0.828947378617,0.374173845998
95,0.843862528594,0.328777214015,0.802631589143,0.3849823455
96,0.860556472587,0.296877500645,0.828947377636,0.385847858889
97,0.845826522223,0.320143883359,0.818421063062,0.376320061715
98,0.850409173561,0.31030630866,0.828947378224,0.388922629584
99,0.85139116996,0.31841470645,0.865789481684,0.320700139739
100,0.846153854299,0.305997581247,0.850000008941,0.40436197492
101,0.839934542068,0.31964107765,0.818421061886,0.472984234962
102,0.849427176429,0.313622987675,0.792105273589,0.428444524345
103,0.842225867798,0.312584369814,0.852631587731,0.331821056261
104,0.846481186303,0.316253353307,0.81842106267,0.466807843823
105,0.85073650571,0.307515624781,0.871052639265,0.34225230661
106,0.856955817771,0.309943096734,0.839473692994,0.355526095207
107,0.840261874534,0.326887798951,0.810526325514,0.389594300932
108,0.842880532024,0.329299893553,0.844736850183,0.353880645683
109,0.850736505466,0.305766126953,0.868421060082,0.32265794662
110,0.835679222587,0.330658109551,0.802631589535,0.443420010741
111,0.853355163297,0.316108867611,0.836842114204,0.371717689412
112,0.847463183556,0.320286050469,0.836842114204,0.474842583025
113,0.841898535185,0.313435036031,0.81842106267,0.422199838635
114,0.85761048229,0.313952410943,0.831578957015,0.351966766579
115,0.84549919,0.322236962589,0.834210536198,0.378171862256
116,0.858919811132,0.308978953906,0.842105272569,0.343324177384
117,0.856628485621,0.302587309709,0.836842114204,0.442428628792
118,0.857610482387,0.302427395053,0.844736850968,0.368661514463
119,0.855646488953,0.296731655518,0.863157902501,0.349947435034
120,0.868739777813,0.293698289092,0.828947378224,0.385292875106
121,0.848117847782,0.318474840318,0.842105272177,0.394533896996
122,0.84451719343,0.317401029089,0.82894737744,0.43202973542
123,0.856955817552,0.314143159393,0.821052642245,0.409322647304
124,0.849427176722,0.30989135718,0.85789474492,0.334566395436
125,0.838625213494,0.318185930849,0.844736850968,0.368396898707
126,0.850736505564,0.304094185111,0.834210535805,0.380580030284
127,0.852045834382,0.311528843567,0.850000008549,0.408025228532
128,0.847135850724,0.331674613491,0.82631579865,0.40290586708
129,0.859574475675,0.31231908641,0.839473693779,0.359571409596
130,0.855973821347,0.305519373045,0.81842106267,0.412596282108
131,0.855319156633,0.303606855413,0.839473692994,0.424726709723
132,0.854337160038,0.308991605952,0.839473693779,0.358906498651
133,0.858592478982,0.306131998255,0.828947377832,0.446795924087
134,0.853682495544,0.317463337086,0.850000008941,0.466366379313
135,0.860229140242,0.296282657229,0.823684219859,0.415361488949
136,0.8422258677,0.320299261586,0.844736849791,0.402568039206
137,0.8494271766,0.311064614428,0.823684219859,0.41076615655
138,0.848117847928,0.314604439539,0.82894737744,0.424980591738
139,0.855319156926,0.307564349641,0.826315797669,0.382133395656
140,0.862193133749,0.298552772091,0.836842114204,0.377666087901
141,0.856301153301,0.309333266395,0.821052641461,0.358570941261
142,0.86022914012,0.305285808969,0.836842114204,0.401273234208
143,0.854664492188,0.303426790882,0.865789481292,0.421567517896
144,0.851391170278,0.3034364933,0.850000008549,0.412745022448
145,0.856955817673,0.305058100781,0.828947378028,0.380284415264
146,0.849427176649,0.312652944238,0.831578956623,0.396191449975
147,0.857937814415,0.30503056297,0.860526323318,0.385120274035
148,0.86513912351,0.295426334796,0.850000007568,0.467423374115
149,0.858592478836,0.294017264906,0.868421060082,0.318979398151
150,0.858265146686,0.298733400504,0.826315799042,0.46171465018
151,0.855646489344,0.304716023274,0.834210536198,0.373126608957
152,0.865139123656,0.286879481537,0.852631587339,0.394124034437
153,0.864811791433,0.302714223956,0.836842114204,0.347108654886
154,0.869394442527,0.292014309429,0.860526322926,0.386445144921
155,0.858265146833,0.302362648444,0.863157902501,0.353733635658
156,0.861211136935,0.289630673548,0.834210535805,0.485487748955
157,0.845826522199,0.319347212664,0.831578956623,0.516053396878
158,0.84779051534,0.31693710998,0.831578956231,0.412494658526
159,0.865139123607,0.289848929027,0.860526323711,0.391709587267
160,0.855319157023,0.30633434931,0.855263166522,0.384193534843
161,0.85826514715,0.303823997725,0.834210535021,0.394844893047
162,0.855973821054,0.299392001118,0.84473685136,0.349638952616
163,0.866121120324,0.295240637497,0.836842114204,0.408397163208
164,0.858592479275,0.29744434503,0.857894745312,0.447345228773
165,0.861211136886,0.288641088409,0.850000007764,0.355553465332
166,0.857283150018,0.299804418343,0.836842114596,0.351184649123
167,0.861538469206,0.28961533601,0.844736850968,0.420533639417
168,0.855319156975,0.300694043204,0.797368431954,0.507956846323
169,0.863502462396,0.298768104417,0.852631586947,0.345037767026
170,0.854991824459,0.303956569637,0.855263166522,0.370640998541
171,0.85597382081,0.306433585362,0.871052639265,0.361171651815
172,0.864484459113,0.297151100589,0.847368429366,0.427416971805
173,0.854009827864,0.30502649232,0.821052641461,0.436018216362
174,0.856301153643,0.308206121503,0.850000008941,0.408933683421
175,0.849427176746,0.309198835453,0.85789474492,0.370634025821
176,0.852045834357,0.317108988463,0.850000008156,0.402947249485
177,0.871031103738,0.289132903268,0.815789483292,0.430691105363
178,0.853682495544,0.302043887456,0.834210535021,0.438160444095
179,0.850736505369,0.31095716692,0.857894745312,0.36409876094
180,0.850081841387,0.306109134513,0.852631585771,0.359376412737
181,0.859901808093,0.298801442309,0.823684220643,0.470129913721
182,0.849099844694,0.309649774622,0.889473690406,0.331953169282
183,0.864157126817,0.28751322012,0.844736850575,0.402014266896
184,0.85597382142,0.300939603401,0.836842114204,0.377446349559
185,0.864484459186,0.288043573212,0.85526316613,0.37436384394
186,0.864157126841,0.288970705741,0.863157902501,0.400061086396
187,0.856955817942,0.292710065807,0.852631587339,0.364234114429
188,0.862520465679,0.290409493938,0.815789483488,0.419900633689
189,0.868085113538,0.289017655122,0.868421060474,0.370659623718
190,0.862193133578,0.292370478129,0.85789474492,0.439278274848
191,0.86055647244,0.301072111908,0.878947375244,0.367084540426
192,0.8664484524,0.284847386768,0.842105272569,0.40206480207
193,0.865466455927,0.292580996507,0.85526316613,0.359103320289
194,0.86612112008,0.284693364394,0.844736850968,0.417425866962
195,0.872667764461,0.291931403162,0.842105271785,0.318614367439
196,0.861865801478,0.296095434206,0.842105272177,0.38064777633
197,0.866121120227,0.291007469291,0.868421060082,0.385178647801
198,0.870049106899,0.283313196177,0.852631585967,0.384509932826
199,0.867430448995,0.276323043689,0.865789481292,0.356404600665
200,0.870376439219,0.28236263299,0.868421060474,0.366828248602
201,0.867757781389,0.28155058712,0.826315798258,0.404548107343
202,0.864484458942,0.290751277117,0.836842114204,0.43698130499
203,0.858919811205,0.29278226635,0.881578954035,0.317338716503
204,0.86252046585,0.287547125611,0.852631587339,0.334827580747
205,0.860229140486,0.299544713783,0.828947377832,0.418432526028
206,0.853682495568,0.294024561867,0.85526316613,0.386604369374
207,0.857283150335,0.30622167724,0.860526323318,0.347121948793
208,0.856301153594,0.290293016802,0.852631586947,0.387042515366
209,0.870703771491,0.284724159172,0.857894745312,0.387537873179
210,0.865466455732,0.286800171202,0.85526316613,0.316565446764
211,0.870049107119,0.275033164391,0.84736843015,0.354344038091
212,0.865466455708,0.293269216673,0.847368429366,0.424752513354
213,0.864484459113,0.289821110119,0.865789481684,0.386186028718
214,0.854337160062,0.295856930805,0.831578957407,0.430236161916
215,0.868412446029,0.299088796339,0.850000008941,0.391633108916
216,0.872013100504,0.286216082337,0.839473693779,0.343211745644
217,0.859247143525,0.301456694764,0.847368429758,0.393084356681
218,0.861211136983,0.287910512897,0.863157902893,0.340468452036
219,0.86415712689,0.280740202691,0.839473692798,0.401743562892
220,0.872995097099,0.275383972359,0.834210536198,0.410292884565
221,0.85400982784,0.302064182158,0.873684217663,0.312216251366
222,0.86710311709,0.285114763555,0.828947378617,0.397616908898
223,0.861211137081,0.29694607418,0.852631586947,0.378488714133
224,0.863502462542,0.293311897197,0.84473685136,0.389609736959
225,0.872013100626,0.276841153132,0.831578957015,0.372623909806
226,0.86873977774,0.283198766697,0.836842114596,0.36057940199
227,0.867103116748,0.286034912292,0.834210535805,0.360847284123
228,0.864157126793,0.294435148928,0.847368428974,0.343527247373
229,0.85859247886,0.294661357773,0.844736850575,0.395756292445
230,0.872995097001,0.283322626436,0.85526316613,0.349045747842
231,0.868085113636,0.280338044558,0.850000008549,0.348735238997
232,0.860229140291,0.296226537979,0.850000008549,0.383521935657
233,0.8693944426,0.281375814751,0.850000008156,0.386234656805
234,0.851391170229,0.309041964671,0.821052641461,0.429881355278
235,0.862193133505,0.292816156995,0.831578957015,0.410163188669
236,0.862520465752,0.2857113769,0.847368428974,0.419551968768
237,0.868085113465,0.287333378582,0.831578956623,0.395699878398
238,0.857610482241,0.30347034447,0.842105272177,0.389025458113
239,0.864811791433,0.277804154189,0.850000008549,0.481424023618
240,0.876268419448,0.26497291101,0.847368429758,0.368700873107
241,0.872013100504,0.283051208473,0.852631586947,0.352783410792
242,0.854991824605,0.301881715771,0.836842114204,0.345792248761
243,0.874631758139,0.276790574521,0.855263165737,0.337922413083
244,0.863829794814,0.291273601874,0.857894744136,0.368487115897
245,0.86219313353,0.288953789075,0.886842111224,0.308418808098
246,0.862193133237,0.288166249061,0.844736850183,0.367009228241
247,0.874304425892,0.277985931461,0.884210533217,0.305063030805
248,0.884779057043,0.262499313765,0.842105271785,0.348700053792
249,0.864157126622,0.285397305905,0.857894744528,0.348405202961
250,0.873322429004,0.277856401544,0.860526323711,0.423985424191
251,0.862520465972,0.283414644732,0.850000008549,0.36304202079
252,0.865466455927,0.28654113725,0.876315796062,0.334329653703
253,0.868739778008,0.275532974484,0.884210532825,0.348831916038
254,0.865139123827,0.281397581789,0.863157902893,0.316790238067
255,0.871031103665,0.279524610702,0.85526316613,0.381518637896
256,0.858919811327,0.298339643465,0.873684218055,0.367003794545
257,0.869394442551,0.280298452281,0.836842114596,0.414995337493
258,0.870049106924,0.280733713408,0.873684217663,0.330828117854
259,0.861211136935,0.291361647896,0.81842106267,0.39048014493
260,0.864157126988,0.279162888193,0.815789483488,0.410316627031
261,0.862847798048,0.276796867565,0.865789481684,0.371742803199
262,0.860229140364,0.285917116567,0.84736843015,0.385957004509
263,0.866121120251,0.280954880681,0.842105272177,0.373080841034
264,0.866775784721,0.290630096234,0.852631587339,0.344953042751
265,0.875613754832,0.269724896213,0.873684216487,0.302036325921
266,0.867103117236,0.286750561994,0.860526323711,0.352207726015
267,0.877905080537,0.268876102117,0.857894744528,0.331533391188
268,0.873649761495,0.278833309163,0.836842114204,0.387344975618
269,0.878559744836,0.270226571604,0.860526323711,0.368639841713
270,0.867757781438,0.279286688027,0.857894744528,0.353847747134
271,0.87725041597,0.272914440409,0.860526323711,0.361296233287
272,0.874304425916,0.273244329199,0.839473692994,0.362059919895
273,0.864157126988,0.277243701486,0.855263165737,0.350371259928
274,0.857610482582,0.291772236319,0.850000006588,0.333051608903
275,0.872667764778,0.26428092786,0.834210536198,0.379590766382
276,0.875286422633,0.275946058833,0.844736850771,0.377935768362
277,0.857937814878,0.292990344854,0.850000008549,0.324610995746
278,0.868085113392,0.291910572144,0.84473685136,0.361071522433
279,0.863175130271,0.279150027012,0.847368428974,0.415749861592
280,0.869721774676,0.272756940729,0.81578948388,0.413709857633
281,0.860229140388,0.290419752678,0.894736848379,0.284187537077
282,0.874304425941,0.283986573284,0.828947378617,0.458370688114
283,0.875613755027,0.268434249318,0.847368429758,0.386404833245
284,0.870376439512,0.279655204234,0.876315796846,0.337644137658
285,0.876268419253,0.283122394885,0.821052641853,0.403541774981
286,0.879541741407,0.266366355493,0.871052638873,0.336231443902
287,0.861538468962,0.293125216412,0.865789481684,0.337744071271
288,0.892635030608,0.250383896298,0.839473693779,0.362723208768
289,0.870703771393,0.275319872162,0.839473693387,0.387079986842
290,0.870376439122,0.274473631771,0.8657894809,0.385460528012
291,0.874304426087,0.273539198603,0.834210535413,0.394277536777
292,0.868412445834,0.279693469997,0.871052639265,0.338159853994
293,0.868412446249,0.282457062218,0.839473692994,0.391819194202
294,0.866448452376,0.284693467334,0.85789474492,0.348037411189
295,0.866775784379,0.297275787594,0.863157902893,0.326489505983
296,0.881505735133,0.259202910007,0.839473692602,0.341677846156
297,0.87594108703,0.274342061158,0.873684217663,0.311466417937
298,0.864157126963,0.289624328448,0.876315796846,0.304089058949
299,0.882160399335,0.267315435388,0.865789481684,0.329512149212
300,0.863175130222,0.279627058146,0.850000008156,0.357206608925
301,0.874631757871,0.274971107099,0.834210536198,0.423030843395
302,0.873322429273,0.274031979094,0.860526323711,0.335681738975
303,0.864157126939,0.279424987029,0.863157902893,0.347889879914
304,0.877250415896,0.267270403525,0.860526323318,0.344103242468
305,0.872995097001,0.271648849534,0.865789481684,0.352416381951
306,0.878232412808,0.269902603276,0.850000008156,0.384658724724
307,0.857937814707,0.297778028797,0.873684218055,0.328988324831
308,0.86546645583,0.295975504341,0.834210535805,0.37924611615
309,0.878232412516,0.274331165723,0.84736843015,0.396225104153
310,0.86677578477,0.275534212184,0.871052639265,0.335425407217
311,0.870049107094,0.282324030245,0.839473693387,0.375532481139
312,0.86677578494,0.279518044162,0.839473692602,0.429093751519
313,0.871358435668,0.272938967528,0.834210535021,0.387371017451
314,0.869394442454,0.274432704725,0.842105271785,0.376236637037
315,0.865793788077,0.286801737477,0.826315799434,0.380058950832
316,0.880196405998,0.26066985619,0.873684217663,0.319149800798
317,0.873322429053,0.266523144517,0.839473692602,0.356546800825
318,0.879214409184,0.274018722635,0.865789481292,0.351515459019
319,0.879541741651,0.256083366711,0.85789474492,0.330844944
320,0.88085107059,0.259638843931,0.839473692994,0.409464885554
321,0.87004910707,0.275605914358,0.842105271785,0.394846559945
322,0.865466455781,0.278773152945,0.860526323711,0.364967707131
323,0.868412445932,0.285627692215,0.865789481292,0.336488118052
324,0.874631758261,0.272431217381,0.863157902893,0.348478317199
325,0.866775784916,0.275131096486,0.850000007764,0.339432078487
326,0.869721774725,0.277236298751,0.844736850771,0.367011667094
327,0.874959090386,0.27917714413,0.871052639265,0.334784088409
328,0.870049107021,0.29324551772,0.823684220055,0.379919809056
329,0.891980365943,0.262359606298,0.871052638873,0.32414115313
330,0.869067110572,0.287226019473,0.884210533217,0.326595357766
331,0.872667764705,0.276516402259,0.871052638873,0.333011728589
332,0.873649761642,0.272507669756,0.865789480507,0.346669819013
333,0.872013100552,0.276201545261,0.865789481292,0.374671197419
334,0.867103116943,0.281736961569,0.850000008549,0.540665819083
335,0.875286422658,0.27302549299,0.855263165737,0.562556160734
336,0.874631758261,0.281331141674,0.836842114008,0.454761020439
337,0.864811791263,0.285438820163,0.865789481292,0.396874470848
338,0.864811791677,0.281808566324,0.850000008941,0.372039017356
339,0.871358435692,0.268303189017,0.868421059886,0.358369446758
340,0.881833067307,0.26763246689,0.836842114988,0.336253079635
341,0.878559744934,0.268078522682,0.871052638873,0.381652570325
342,0.871031103519,0.274378014287,0.871052638873,0.456711541567
343,0.87757774807,0.266299786045,0.855263165737,0.370864738081
344,0.874959090264,0.268585967514,0.863157902109,0.313620583643
345,0.879214409306,0.264983451108,0.857894745312,0.43149094913
346,0.870049106753,0.279494226253,0.81842106267,0.413005663156
347,0.877250415799,0.270986443004,0.850000008941,0.345298920553
348,0.878887077156,0.257931282157,0.865789481292,0.377381289344
349,0.868739778057,0.280728316786,0.868421060474,0.349562472014
350,0.867757781584,0.270115830995,0.860526324103,0.391231241666
351,0.867757781438,0.276175654478,0.865789481292,0.362425010438
352,0.880196406145,0.257297747669,0.850000007764,0.369282829077
353,0.888707043984,0.261346244688,0.852631587339,0.387970494093
354,0.890671037077,0.264274848901,0.84736843015,0.362445046146
355,0.880851070444,0.265201005952,0.82894737744,0.375883191052
356,0.88248773185,0.262572670307,0.839473692994,0.371572939731
357,0.866121120129,0.291817192654,0.871052638873,0.378093526098
358,0.862520465874,0.287496863939,0.8657894809,0.360275783951
359,0.873649761544,0.270273657535,0.834210535413,0.422275264429
360,0.879214409525,0.270755323746,0.873684218055,0.362316619133
361,0.874304425892,0.269804510097,0.847368429758,0.331050270673
362,0.875613754734,0.266659127715,0.865789481292,0.341962382528
363,0.872667764778,0.270683514243,0.847368429758,0.342192026162
364,0.87626841935,0.262233865612,0.881578954427,0.341733080617
365,0.872340432434,0.261062367328,0.89736842717,0.300181640065
366,0.870376439,0.273460332251,0.84473685136,0.320716796124
367,0.884124392769,0.244388391017,0.84736843015,0.390237647805
368,0.872340432604,0.282415740779,0.85789474492,0.375926851713
369,0.874959090459,0.275278802582,0.865789481684,0.301266027958
370,0.872667764559,0.277124426791,0.813157904697,0.441634615007
371,0.870376439097,0.276201096176,0.85789474492,0.36123480646
372,0.877905080439,0.26292484552,0.85789474492,0.378005549294
373,0.867430449459,0.273289886868,0.881578954427,0.334786025354
374,0.871685768183,0.281313508784,0.85526316613,0.376346918718
375,0.872340432483,0.2722070933,0.863157902501,0.456691147049
376,0.867103116602,0.286158303627,0.860526323318,0.375880639419
377,0.874304425916,0.275050434616,0.868421060082,0.365144533876
378,0.880196405779,0.269581133614,0.865789481684,0.337867286611
379,0.867430449313,0.275483365143,0.834210534629,0.412347103805
380,0.865139123851,0.280403011462,0.850000008549,0.402922679434
381,0.873649761495,0.269973606571,0.876315796062,0.338925374108
382,0.878559745226,0.271585083935,0.84736843015,0.373637202321
383,0.870376439244,0.278308558523,0.831578956231,0.396392799703
384,0.879541741675,0.262320968758,0.860526323711,0.359352741948
385,0.873649761398,0.258523101137,0.878947375244,0.352313346946
386,0.872667764705,0.271924818371,0.852631587731,0.361151672062
387,0.868739778033,0.264791927274,0.865789481684,0.31746546804
388,0.877905080659,0.267773463993,0.852631587731,0.346666135814
389,0.879869073824,0.259767686332,0.850000008156,0.366934362931
390,0.878887077156,0.263411631408,0.844736850968,0.405961482639
391,0.87823241276,0.261432752195,0.876315796454,0.354437635176
392,0.880196405998,0.251859254337,0.865789481292,0.370106563112
393,0.874631758261,0.272115151303,0.865789481292,0.389233975362
394,0.884124392525,0.254785614763,0.844736850575,0.349143378859
395,0.882815063878,0.264664886982,0.857894745312,0.387539831223
396,0.872667764778,0.271035589551,0.873684217663,0.339037191821
397,0.875286422804,0.259595163636,0.815789483095,0.481552369231
398,0.888052379539,0.258046530611,0.828947378617,0.43045907165
399,0.885761053711,0.24846409145,0.876315796454,0.323276557327
400,0.882487731557,0.253717079326,0.850000008549,0.384003905996
401,0.876268419423,0.264186937684,0.860526323318,0.474176210117
402,0.873649761642,0.263931581068,0.855263166522,0.389413555964
403,0.876268419326,0.260930092883,0.821052641853,0.364729139879
404,0.880851070493,0.258010435127,0.831578956623,0.384774170959
405,0.874959090459,0.27511937811,0.85789474492,0.346110593675
406,0.877905080342,0.263694848666,0.884210532041,0.364651775266
407,0.860556472514,0.286827121665,0.842105271785,0.366616948113
408,0.873322429273,0.25760642758,0.878947375048,0.33486957224
409,0.888052379295,0.248767884905,0.889473690798,0.315410732002
410,0.87692308382,0.264208512494,0.850000008549,0.371222000095
411,0.885106389388,0.255188618982,0.860526324103,0.352779701147
412,0.879869073581,0.262701287576,0.839473693779,0.395379851938
413,0.873649761349,0.267360979839,0.860526323711,0.403240498223
414,0.861865801161,0.278837017335,0.878947374852,0.356564815389
415,0.878887077108,0.264387701459,0.836842114204,0.368718115562
416,0.883142396149,0.259366661027,0.863157902893,0.397985473205
417,0.873322429273,0.281647117216,0.836842114988,0.448872607263
418,0.886415718474,0.25827691835,0.85789474492,0.349087333262
419,0.880523738416,0.250336966573,0.85526316613,0.300740006389
420,0.882160399286,0.259403550424,0.863157902893,0.35513665051
421,0.874304425965,0.271410324097,0.878947375636,0.293446057038
422,0.87626841935,0.259626481159,0.85789474492,0.346062076849
423,0.869721774847,0.281521615948,0.860526323318,0.299164768315
424,0.878232412662,0.260892817819,0.842105271785,0.326197290597
425,0.884451724747,0.25205732734,0.881578954427,0.283944713071
426,0.876923083381,0.259262041809,0.868421060474,0.316735553443
427,0.877577748217,0.261018913051,0.852631587339,0.327107107831
428,0.880196406145,0.267353197889,0.865789481292,0.39365995195
429,0.882487731582,0.262295357518,0.868421060474,0.344683765397
430,0.889034376036,0.254423445126,0.873684218055,0.357335055654
431,0.872340432556,0.263988359705,0.884210532825,0.387302836198
432,0.877905080391,0.266555779222,0.881578954427,0.30733832567
433,0.879541741797,0.259198707569,0.852631587731,0.358960673777
434,0.865793788126,0.281569620925,0.868421060474,0.39718225725
435,0.873977093864,0.257633223224,0.836842114988,0.498786029233
436,0.86906711028,0.266358412403,0.89736842717,0.350548455341
437,0.875613754783,0.268981417964,0.847368429758,0.389972324132
438,0.878559744885,0.269887156385,0.834210535413,0.411723475357
439,0.869721775018,0.259687966656,0.844736850968,0.355782879851
440,0.890671037369,0.238671372637,0.855263166522,0.408160561823
441,0.877250416092,0.27090054227,0.873684216879,0.304804618905
442,0.876595751646,0.26633702941,0.847368429758,0.373786545251
443,0.879214409379,0.262737282729,0.878947375244,0.290969800653
444,0.875286422487,0.26979799033,0.847368429758,0.365067881361
445,0.879214409599,0.259922389145,0.852631586555,0.311543559608
446,0.87725041575,0.26193415665,0.881578953643,0.32965483961
447,0.893289695346,0.242890856365,0.857894745312,0.365638173283
448,0.889361708234,0.242410130744,0.850000008156,0.343858919885
449,0.872340432409,0.269288080408,0.90000000596,0.365011524925
450,0.882487731435,0.247039773809,0.85789474492,0.360383167015
451,0.879214409403,0.262919104888,0.871052639265,0.32655380474
452,0.879541741699,0.263970562479,0.865789481292,0.316210443422
453,0.88805237949,0.252878539727,0.857894745312,0.35769416569
454,0.879541741529,0.261871170957,0.865789481684,0.377902050045
455,0.885761053882,0.26124422288,0.878947375636,0.349238085488
456,0.869721774823,0.279320988628,0.876315796454,0.377151901371
457,0.884124392817,0.252891556575,0.850000007372,0.457128806724
458,0.88085107059,0.256897524979,0.852631587339,0.370437632022
459,0.879869073727,0.259500231748,0.876315796846,0.317667442943
460,0.878232412882,0.265729173183,0.842105272177,0.386986569967
461,0.876595751451,0.255437068447,0.884210532825,0.323787491995
462,0.872995097343,0.266028577145,0.884210533217,0.322799215121
463,0.884451725089,0.256257001978,0.828947377832,0.36554899305
464,0.882160399213,0.269246711599,0.878947374852,0.301816863338
465,0.892962363026,0.246446795034,0.836842114988,0.317328953221
466,0.880851070639,0.261086591471,0.839473693387,0.394592829404
467,0.87725041575,0.260099846679,0.831578957407,0.374028517889
468,0.888379711615,0.241238037511,0.828947377832,0.402371010346
469,0.886415718328,0.252726175169,0.852631587339,0.379102887801
470,0.886743050648,0.259592854669,0.871052638481,0.313954000614
471,0.88641571823,0.253479371392,0.852631587731,0.392566010071
472,0.887070382822,0.248330592793,0.863157902501,0.362774830886
473,0.870376439171,0.256745014782,0.850000008941,0.363699784691
474,0.873322429273,0.261978444655,0.894736848379,0.334167603323
475,0.889689040335,0.243796115594,0.881578954035,0.327654611933
476,0.882815064024,0.251845215184,0.865789481292,0.395655777452
477,0.86775778156,0.273911020251,0.860526324103,0.371874411991
478,0.877905080293,0.264704942695,0.842105272177,0.346424968239
479,0.87561375488,0.262179264066,0.850000008941,0.37710295655
480,0.879214409184,0.245469358152,0.876315796454,0.307098875913
481,0.875941087176,0.265885546243,0.878947375636,0.310221741132
482,0.875286422511,0.268251822556,0.863157902501,0.356381860066
483,0.892635030657,0.250251234422,0.876315796454,0.293072539247
484,0.884124392939,0.255463686878,0.855263165345,0.382247077574
485,0.888379711566,0.258699339763,0.850000008941,0.361094374474
486,0.877577748363,0.262021553137,0.865789481684,0.365582317598
487,0.891653033891,0.252501168879,0.863157902893,0.402413529825
488,0.892307698434,0.233108160235,0.886842112008,0.346954101679
489,0.885106389388,0.251344984997,0.836842114596,0.533770928727
490,0.887070382773,0.249213545803,0.863157902893,0.43308280597
491,0.879214409233,0.258607941551,0.823684219859,0.452294746809
492,0.87430442599,0.264414400151,0.860526323711,0.388989851382
493,0.883142396027,0.256133010817,0.852631587731,0.384734670252
494,0.870376439073,0.274718617352,0.857894745312,0.386566934164
495,0.880851070517,0.264948148723,0.878947375244,0.356316921881
496,0.883142396174,0.245540306887,0.855263165737,0.346680851586
497,0.883469728372,0.261597691813,0.850000008549,0.350739626197
498,0.880196405755,0.26097625797,0.85526316613,0.434037488087
499,0.891325701863,0.247585535911,0.873684218055,0.361588890145
500,0.880196405901,0.267282781213,0.873684217271,0.320222018961
501,0.893289694858,0.240703833827,0.847368429758,0.353162809537
502,0.879541741651,0.259566478512,0.884210533217,0.350125221749
503,0.876595751451,0.264250356895,0.860526323711,0.335296413707
504,0.886088385788,0.247775217733,0.852631587339,0.419213774642
505,0.888707043789,0.249085075412,0.884210533217,0.302305506796
506,0.889689040701,0.245921871586,0.823684219467,0.410628138925
507,0.869394442649,0.278990160457,0.857894745312,0.403137239616
508,0.883142396052,0.263123702889,0.873684218055,0.345368441669
509,0.879541741285,0.26422868865,0.860526323711,0.326991639418
510,0.882815064024,0.255231860554,0.876315796846,0.325567300548
511,0.879869073776,0.259271721962,0.855263165737,0.338379122788
512,0.880851070785,0.257593179515,0.821052642245,0.568640715783
513,0.888052379368,0.251810436682,0.847368429758,0.511118185737
514,0.884124392671,0.259262891132,0.852631586947,0.384573788119
515,0.878559745031,0.25257946239,0.855263166522,0.395119030315
516,0.888052379661,0.248106533134,0.831578955839,0.369803793607
517,0.892635030559,0.243687129625,0.860526323711,0.34181644755
518,0.885433721537,0.251352041957,0.852631587731,0.382415591833
519,0.890671037077,0.239726078365,0.865789481684,0.395756025239
520,0.892635030535,0.240924805364,0.871052639265,0.391814340617
521,0.881505734841,0.250506461141,0.850000007372,0.419862946403
522,0.875286422658,0.26492891526,0.886842111616,0.324154991164
523,0.888379711566,0.254395418632,0.823684221036,0.410017997075
524,0.87986907402,0.259230585981,0.847368428974,0.382825832728
525,0.881178402862,0.246958054176,0.860526323318,0.3287752176
526,0.881505734816,0.254449797,0.855263165345,0.338139253114
527,0.880523738465,0.269481315204,0.871052639265,0.323018556355
528,0.882160399237,0.263263818976,0.865789481684,0.343916622885
529,0.897872346098,0.240053606061,0.850000008941,0.386509233499
530,0.876595751427,0.268899161007,0.873684217663,0.445021638729
531,0.882160399286,0.252862545638,0.881578954427,0.328236566543
532,0.880523738124,0.252233935897,0.84736843015,0.439711972631
533,0.880196406291,0.257712644819,0.834210534825,0.461004337901
534,0.878887077108,0.261865157181,0.850000008156,0.457180849751
535,0.884451724796,0.250649240126,0.871052639265,0.300023688068
536,0.88477905697,0.259783441273,0.886842111616,0.344456024811
537,0.873649761398,0.262672267059,0.836842114988,0.499659143379
538,0.876268419472,0.267966464404,0.876315796846,0.306363492681
539,0.885433721757,0.238384948698,0.865789481684,0.376478773965
540,0.891653034086,0.239420429691,0.834210535021,0.44393979542
541,0.879214408989,0.258643367475,0.857894744528,0.430238374144
542,0.878559744885,0.257456667766,0.892105269589,0.315229176199
543,0.886743050599,0.247635894239,0.878947375244,0.312977524429
544,0.8870703827,0.249942041729,0.839473693387,0.37633956312
545,0.89001637268,0.247869638188,0.85526316613,0.330366745379
546,0.877577748412,0.262219165185,0.844736850575,0.41076451818
547,0.887725047218,0.248334225978,0.857894744136,0.349171017422
548,0.887725047414,0.243909755562,0.852631587731,0.515796857054
549,0.883797060643,0.254493749666,0.852631587339,0.378657347198
550,0.882815063878,0.248180689276,0.852631587731,0.429966682521
551,0.8837970604,0.252165323537,0.884210533217,0.363541131238
552,0.889361708234,0.243167808574,0.873684218055,0.363767049947
553,0.899181675209,0.244775815507,0.844736850575,0.431112589957
554,0.895253688243,0.246193353033,0.850000008156,0.357558585947
555,0.88936170843,0.242822202099,0.868421060474,0.443555187821
556,0.883469728518,0.255597986953,0.868421060474,0.34451245952
557,0.877905080391,0.268461309211,0.860526324103,0.363613618308
558,0.880851070541,0.25477964565,0.85526316613,0.414644776848
559,0.881505734987,0.257836408559,0.884210533217,0.286857039474
560,0.885106389193,0.253719821063,0.871052638088,0.347328059861
561,0.88608838591,0.245582951907,0.85526316613,0.380362397996
562,0.889034376061,0.24405382917,0.860526324103,0.381110366441
563,0.885761053833,0.255082415134,0.876315796454,0.331788235969
564,0.884779056994,0.240814760436,0.871052638481,0.361497565301
565,0.886088386154,0.247886711456,0.871052639265,0.307024464411
566,0.883142395905,0.256762896897,0.850000008941,0.31533855853
567,0.892307698239,0.238894380143,0.876315796062,0.337936670033
568,0.886088386007,0.245873948363,0.850000008941,0.405596648775
569,0.883469728274,0.263098064017,0.886842112008,0.379177518297
570,0.877905080366,0.265630607716,0.839473693387,0.429853629079
571,0.883797060448,0.254579788565,0.886842112008,0.37282317024
572,0.881833067258,0.238861839413,0.823684219271,0.383116031721
573,0.87561375488,0.265689183744,0.863157902501,0.421375492516
574,0.883142396247,0.258252302688,0.871052639265,0.429584168596
575,0.874304426038,0.267461130846,0.850000008549,0.49063949531
576,0.879869073703,0.257395207228,0.85789474492,0.373183552811
577,0.884124392793,0.252642757803,0.873684217663,0.324939116748
578,0.885761053882,0.255513437562,0.860526324103,0.404783794646
579,0.882815063902,0.253447164102,0.873684217271,0.491625460874
580,0.873322429663,0.265547350627,0.878947375636,0.446103186889
581,0.88052373827,0.259897514325,0.84473685136,0.395668728117
582,0.885433721781,0.247228336032,0.847368429758,0.418429192214
583,0.879869073971,0.254050184537,0.847368429366,0.34437629583
584,0.885433721733,0.246344401231,0.868421059298,0.392762583992
585,0.883797060546,0.247809610276,0.826315799042,0.480948557112
586,0.879214409135,0.253116229351,0.855263165541,0.443179665832
587,0.882815063853,0.249886262423,0.865789480507,0.348138779603
588,0.896235685155,0.241738418306,0.865789481684,0.535904599286
589,0.88936170843,0.240219973787,0.876315796846,0.354720523599
590,0.886415718279,0.24048118061,0.84473685136,0.416513088693
591,0.893617027325,0.238782059681,0.852631586947,0.430835210997
592,0.885433721757,0.240641786863,0.878947375636,0.368113839968
593,0.8932896952,0.237306745493,0.823684220643,0.433819656559
594,0.886415718303,0.249058060912,0.839473693779,0.540970755833
595,0.887070382871,0.250347737669,0.831578956623,0.509778902072
596,0.888379711761,0.255029141868,0.85789474492,0.373093376657
597,0.890671037272,0.239961045698,0.865789481684,0.341535321973
598,0.897217681775,0.231915876238,0.884210533217,0.373688450657
599,0.894271691648,0.238545643258,0.876315796846,0.305159778585
600,0.894271691722,0.236750784896,0.847368429758,0.443445684004
601,0.886088386105,0.244090560628,0.881578954035,0.296355255675
602,0.886415718401,0.24146970609,0.85526316613,0.361331655093
603,0.883797060595,0.245421681023,0.89736842717,0.261339519079
604,0.886743050623,0.252530387243,0.850000008941,0.321341707746
605,0.883797060521,0.252028495602,0.868421059298,0.351193349373
606,0.883469728226,0.250563443647,0.863157902893,0.405565406817
607,0.872995097196,0.263536070314,0.878947375636,0.370636844749
608,0.889034376158,0.236319314624,0.852631587731,0.442265517343
609,0.898199678345,0.231264962853,0.865789481292,0.418691028047
610,0.890343705049,0.238837969159,0.889473690406,0.314994383462
611,0.893617027325,0.233356647621,0.871052638873,0.308854693214
612,0.886743050575,0.246556363738,0.902631584359,0.300306876233
613,0.884124392866,0.254788302185,0.85789474492,0.450050107557
614,0.876268419277,0.2515132533,0.876315796846,0.341706024709
615,0.885761053931,0.245710471261,0.863157902501,0.383133302742
616,0.892635030754,0.243853652475,0.871052638873,0.419829612919
617,0.885433721806,0.253416603065,0.873684218055,0.413712848709
618,0.88837971181,0.24385620229,0.852631587339,0.404270982446
619,0.889689040555,0.232899109927,0.873684218055,0.406928113046
620,0.890016372753,0.239954011992,0.863157902109,0.404074050827
621,0.889034376158,0.246383680363,0.889473690406,0.316308283434
622,0.882815063926,0.251314958779,0.847368429758,0.429082529098
623,0.878559744982,0.254053957233,0.894736847987,0.297956150055
624,0.88968904053,0.242870281785,0.857894744136,0.377348138746
625,0.896890349406,0.235695720158,0.860526324103,0.397002441451
626,0.885761053882,0.248184273131,0.847368429366,0.440825582743
627,0.889034376012,0.24221382859,0.878947375244,0.386411072307
628,0.884779057263,0.248947393492,0.868421060474,0.326280951159
629,0.893944359352,0.245227002676,0.871052638088,0.326328888481
630,0.890998369421,0.235737878095,0.85789474492,0.395413631306
631,0.884779057116,0.244340213108,0.850000008549,0.387517855587
632,0.881178402618,0.248495694044,0.860526323711,0.348897832815
633,0.88968904075,0.245500473273,0.871052639265,0.336665066191
634,0.873649761447,0.25871890288,0.878947374852,0.349221197373
635,0.885106389388,0.245774485204,0.85526316613,0.476859620009
636,0.88216039914,0.248629427955,0.852631586555,0.416413745726
637,0.880851070541,0.257494350708,0.892105269589,0.333487855491
638,0.882487731362,0.248547443793,0.850000008941,0.451305686974
639,0.891325701912,0.239816749381,0.889473690406,0.394846741244
640,0.895581020807,0.235962222775,0.868421060474,0.398145641898
641,0.882815063853,0.251678227858,0.847368429366,0.350108296662
642,0.890998369543,0.243216576283,0.886842111616,0.264287291575
643,0.883469728348,0.252137236263,0.892105269589,0.328190489836
644,0.885433721708,0.252829490505,0.831578957407,0.384736476109
645,0.890343705073,0.234137584695,0.876315796454,0.378685981301
646,0.889361708308,0.240258994892,0.871052638481,0.388460459764
647,0.895581020807,0.229796502252,0.85789474492,0.348042904521
648,0.89983633941,0.220981462112,0.897368426778,0.374188704678
649,0.879214409282,0.255468680033,0.857894744528,0.373206186459
650,0.892962362709,0.232684616876,0.850000008941,0.436017820677
651,0.88772504717,0.248978141127,0.834210535413,0.321698137862
652,0.885761053809,0.244425193225,0.886842112008,0.35452654419
653,0.897217681482,0.227765721368,0.86842105969,0.374980165185
654,0.893617027325,0.238533566716,0.876315796846,0.353639029624
655,0.887397714947,0.249863691547,0.878947375636,0.404591611509
656,0.881833067258,0.258314373063,0.857894745312,0.331482596198
657,0.89230769841,0.235210906329,0.84736843015,0.463140117958
658,0.887397714898,0.245842329504,0.876315796846,0.284200926463
659,0.89394435945,0.23349279678,0.886842112008,0.312516080302
660,0.886415718498,0.249580162619,0.86842105969,0.38478821411
661,0.88968904036,0.238005204831,0.868421060082,0.315115811044
662,0.890016372875,0.245783198021,0.852631587339,0.448477174164
663,0.897545013851,0.235786100554,0.889473690798,0.347829481775
664,0.879869073776,0.259013031557,0.886842112008,0.372139555679
665,0.901800333039,0.222848605492,0.860526323711,0.563016346154
666,0.885433721513,0.254399873204,0.871052639265,0.368033057014
667,0.891980366163,0.241350665218,0.839473693779,0.509284898449
668,0.895908352835,0.225214092781,0.844736850575,0.556432613022
669,0.890343705049,0.243281159221,0.81578948388,0.449657823306
670,0.886743050599,0.243636382536,0.860526323318,0.387824231717
671,0.899836339361,0.228947645602,0.852631587731,0.422033318614
672,0.890998369592,0.24180373801,0.863157902501,0.363670068068
673,0.87659575128,0.24013545054,0.881578954427,0.413217338536
674,0.897545013973,0.236975002482,0.876315796062,0.368853423134
675,0.893617027105,0.233267115082,0.850000008549,0.38882376036
676,0.891980366358,0.237955739754,0.850000008941,0.477122155978
677,0.87790508061,0.257674707228,0.868421060474,0.384330381868
678,0.888052379441,0.251047243029,0.881578954035,0.320869473353
679,0.885433721757,0.23977547877,0.850000008156,0.440595545805
680,0.885106389388,0.234086227855,0.871052639265,0.339021415122
681,0.89067103732,0.242425468142,0.889473690406,0.310339845056
682,0.887070382724,0.250169169122,0.881578954427,0.343663950043
683,0.898527010714,0.235554198473,0.873684218055,0.36747796139
684,0.889034376353,0.237976042261,0.834210535217,0.436324362676
685,0.890998369348,0.235162619527,0.860526323318,0.33281524022
686,0.890998369446,0.252256869796,0.889473690798,0.343729895468
687,0.89492635624,0.232770310071,0.876315796846,0.338434505542
688,0.901145668496,0.224689105893,0.884210532825,0.315274654705
689,0.894926356118,0.230726444398,0.865789481292,0.370616992721
690,0.889034376304,0.235578595296,0.831578957015,0.664270420774
691,0.890998369153,0.238492427358,0.85789474492,0.562650579359
692,0.875286422682,0.251559233793,0.844736850968,0.380016270754
693,0.890016372704,0.229226893916,0.863157902501,0.365335618589
694,0.873977093645,0.26311466801,0.850000008549,0.429670688567
695,0.896235685082,0.241386993746,0.884210532629,0.36364195061
696,0.893944359694,0.227193700782,0.850000008941,0.340062302681
697,0.890998369299,0.247180757076,0.876315796454,0.339097753722
698,0.888707043691,0.23623554906,0.878947375636,0.39453181311
699,0.898527010568,0.232157800221,0.857894744528,0.384279964679
700,0.885433721757,0.245174984131,0.868421058514,0.325279750106
701,0.903109661662,0.223361678832,0.850000008941,0.423305771939
702,0.886088386202,0.246421542044,0.873684218055,0.347344531187
703,0.890343705,0.236580537844,0.865789481684,0.385599821188
704,0.890343704878,0.237831433118,0.868421060082,0.364529928376
705,0.904091658549,0.229452379612,0.863157902893,0.42225119228
706,0.89198036626,0.235492128002,0.863157902109,0.372797779359
707,0.884124392476,0.251400524213,0.865789481292,0.346522947398
708,0.88870704374,0.248426641991,0.886842112008,0.429796563474
709,0.883469728201,0.252283227404,0.878947375636,0.312666102564
710,0.893289695248,0.230488115419,0.868421060474,0.411906529343
711,0.88608838608,0.247605326483,0.831578957015,0.399505718505
712,0.894599024286,0.235590417977,0.84736843015,0.478476241675
713,0.900163671779,0.229641730951,0.889473690798,0.340287985731
714,0.883797060302,0.240546563008,0.881578954035,0.353121349118
715,0.895253688487,0.224262198303,0.844736850968,0.526217736738
716,0.897217681799,0.232540618037,0.889473690798,0.413140542223
717,0.898854343035,0.231302287285,0.884210533217,0.380540324522
718,0.889689040652,0.232309133512,0.85789474492,0.481388260597
719,0.89787234622,0.226786627626,0.85526316613,0.38084036243
720,0.89459902392,0.225173998194,0.902631584359,0.303831242311
721,0.890671037272,0.240157346554,0.884210532433,0.360341589138
722,0.894271691746,0.237859582176,0.863157902893,0.467852969475
723,0.893289694907,0.241333872081,0.860526323711,0.390371904304
724,0.890671037418,0.236624304055,0.82894737744,0.56222693093
725,0.894926356167,0.226842678361,0.863157902501,0.388134223288
726,0.89230769841,0.247101292699,0.852631587731,0.485674908238
727,0.885106389583,0.258842542344,0.836842113812,0.425820904527
728,0.891653033867,0.239302782039,0.876315796846,0.338974966562
729,0.904418990528,0.220949456242,0.878947375636,0.350263025516
730,0.889034376304,0.242333386005,0.878947375244,0.38783207678
731,0.885106389437,0.240515479251,0.84473685136,0.460271667928
732,0.898854342937,0.220487362253,0.852631587339,0.526496067355
733,0.884124392817,0.247658485738,0.852631586947,0.468740658191
734,0.888707044082,0.238216875899,0.876315796846,0.382049650578
735,0.888052379246,0.23771853751,0.852631587731,0.458694444219
736,0.892307698434,0.239302110645,0.860526323318,0.425943608923
737,0.890343704805,0.233532275944,0.868421060082,0.391819419932
738,0.88412439272,0.251471507676,0.873684217271,0.359111622373
739,0.893944359645,0.224770700603,0.860526324103,0.605127298954
740,0.899509007529,0.227457855597,0.865789481684,0.400951248826
741,0.890998369202,0.236675497673,0.868421060082,0.396727369953
742,0.892962362782,0.241117531135,0.878947375636,0.407506901285
743,0.896563017281,0.227350540535,0.884210533217,0.365680688353
744,0.893944359499,0.229910240709,0.844736850183,0.449843227097
745,0.89721768175,0.233348335404,0.860526323318,0.360796768
746,0.88837971181,0.243497028442,0.857894745312,0.378235486724
747,0.904418990674,0.224400862122,0.876315796846,0.384610947746
748,0.898199678297,0.22525691833,0.828947378224,0.452433704078
749,0.894271691917,0.234993647982,0.881578954427,0.374632876201
750,0.888052379392,0.233388557696,0.834210536198,0.447664615729
751,0.895908352835,0.224233069964,0.868421060474,0.417332788705
752,0.895253688487,0.232130571081,0.873684218055,0.474325090796
753,0.896890349552,0.228193475496,0.836842113224,0.533075312328
754,0.898854342888,0.226540026769,0.826315799042,0.536592823376
755,0.902454997338,0.218048161705,0.86842105969,0.358494891532
756,0.887725047389,0.245451039727,0.860526323711,0.410104294924
757,0.887725047218,0.246344809968,0.860526323122,0.501824848996
758,0.890016372777,0.231187072453,0.868421060474,0.429647010929
759,0.894926356216,0.241381288652,0.826315799042,0.441767739841
760,0.887725046926,0.24174171333,0.852631587731,0.396619618855
761,0.897545014144,0.220460007572,0.860526323318,0.317153416344
762,0.890998369494,0.239810655567,0.868421060082,0.354099072026
763,0.893617026861,0.23387923547,0.850000008549,0.449562591065
764,0.896235685107,0.217789409146,0.863157902501,0.404408947867
765,0.892962362879,0.236545012339,0.886842111616,0.400563684702
766,0.89394435945,0.230980948834,0.8657894809,0.545616559018
767,0.896235685204,0.219188389775,0.878947375636,0.366712217108
768,0.896890349552,0.230730631777,0.84473685136,0.469673980332
769,0.892307698288,0.243184392954,0.844736850968,0.570981706258
770,0.889689040555,0.241788528348,0.886842112008,0.464048318969
771,0.89001637268,0.23839550452,0.852631587731,0.415228873386
772,0.89623568496,0.223698035208,0.839473693387,0.538075823351
773,0.892635030462,0.236456729943,0.834210535413,0.519681669228
774,0.888052379636,0.246446859683,0.828947377832,0.414340019825
775,0.884124392476,0.246611893557,0.881578954427,0.305482387855
776,0.886088385861,0.249110809041,0.871052639265,0.460455268119
777,0.898854343083,0.224612380394,0.876315796454,0.360164352067
778,0.892635030632,0.246841175629,0.889473690798,0.396432157243
779,0.890016372777,0.237953995443,0.873684217663,0.343256251499
780,0.894926356362,0.238435424952,0.860526323318,0.480891743766
781,0.887725047365,0.239273994342,0.881578954427,0.313684700694
782,0.89525368839,0.222817045896,0.873684218055,0.484980423292
783,0.886743050843,0.238958782735,0.85526316613,0.347653577944
784,0.893289695248,0.231984340169,0.876315796454,0.391573458594
785,0.891980366114,0.224538095984,0.84736843015,0.446413527894
786,0.894926356313,0.22630823133,0.889473690406,0.510429919098
787,0.895908352762,0.228916769555,0.873684217663,0.474627426895
788,0.898199678297,0.234282421724,0.878947375636,0.458142975989
789,0.894599024139,0.225305906696,0.839473692602,0.436064705218
790,0.903436993958,0.222312251197,0.855263166522,0.371016438408
791,0.897545013924,0.223132425764,0.813157905873,0.643594046444
792,0.895908352884,0.228294546831,0.865789481684,0.345495698168
793,0.909001642085,0.212040032427,0.844736850575,0.463673592351
794,0.88445172465,0.245221502855,0.839473693387,0.533304428704
795,0.889034376207,0.238690180405,0.868421060082,0.363491052146
796,0.893944359499,0.235306940678,0.863157902501,0.520086790113
797,0.897872345976,0.222859321468,0.878947375636,0.363961060902
798,0.911620299672,0.201773309663,0.860526323711,0.3669197747
799,0.900818336127,0.223965345184,0.871052639265,0.324909129528
800,0.905728319565,0.219136802146,0.85526316613,0.601699482613
801,0.89689034965,0.2281936966,0.881578954427,0.41383544867
802,0.88805237949,0.232140030523,0.857894744528,0.399475887175
803,0.896563017402,0.22752382604,0.860526324103,0.422206068147
804,0.90114566852,0.230011199574,0.852631587339,0.342873148497
805,0.888052379441,0.239912457817,0.85789474492,0.423803198307
806,0.890671037418,0.240150587711,0.823684221036,0.436323573409
807,0.886088386202,0.237804040602,0.871052639265,0.397535650502
808,0.900163671682,0.212038179637,0.871052639265,0.423378532684
809,0.897217681702,0.232437326345,0.873684217663,0.335875755887
810,0.904091658354,0.220052174055,0.865789481292,0.428532650795
811,0.898199678345,0.216166398777,0.881578954427,0.331169680224
812,0.896235685009,0.231637588457,0.894736848379,0.43981047106
813,0.901800332844,0.225976479344,0.860526323711,0.462650765184
814,0.893289695005,0.232713788135,0.878947375636,0.437142534148
815,0.897545013997,0.219310126054,0.89736842717,0.433238605493
816,0.89819967837,0.229087043667,0.865789481684,0.441749979482
817,0.896235685155,0.234470786571,0.881578954035,0.590115239386
818,0.899509007529,0.223393959365,0.871052639265,0.548039562955
819,0.912274964117,0.203871865176,0.852631587339,0.534326981369
820,0.889689040238,0.242214710453,0.873684217663,0.372241776879
821,0.902454997289,0.212899055751,0.884210533217,0.495683728899
822,0.896235685155,0.237599304367,0.873684218055,0.438941297545
823,0.897217681604,0.230580201291,0.85526316613,0.480759066487
824,0.893617027276,0.223954936115,0.863157901913,0.599655080401
825,0.91914894077,0.205059701612,0.839473692994,0.483043961395
826,0.885761053931,0.240192282809,0.886842112008,0.359550119758
827,0.901800332649,0.215959982368,0.876315796454,0.381609966682
828,0.903764326424,0.225402572155,0.876315796454,0.395488276739
829,0.894926356021,0.239490348953,0.84736843015,0.404873673028
830,0.906382983986,0.21043463375,0.886842112008,0.475847470795
831,0.892962362928,0.231558815604,0.865789481292,0.350129401688
832,0.895908352884,0.226083331083,0.876315796846,0.433941134596
833,0.895581020661,0.22692987986,0.865789481684,0.478038188982
834,0.885106389364,0.245097438495,0.878947374852,0.344407261665
835,0.889034376304,0.232431971748,0.855263166522,0.477685311653
836,0.892307698385,0.229500371281,0.894736848379,0.383698391255
837,0.88412439272,0.248859741116,0.865789481684,0.366219795101
838,0.897872346098,0.220666011037,0.878947374852,0.390534008806
839,0.897217681872,0.215043095543,0.878947375636,0.393988292111
840,0.900491004148,0.220339722711,0.850000008549,0.513282642962
841,0.885761053833,0.246989078787,0.871052638873,0.306787168639
842,0.901800332942,0.221295213421,0.852631587731,0.472434200988
843,0.883797060473,0.24252196502,0.865789481684,0.363873594122
844,0.890343705,0.234870599945,0.884210533217,0.330032395307
845,0.899181675135,0.221284677537,0.855263166522,0.4819534615
846,0.907037648505,0.214279647473,0.871052638873,0.469123815953
847,0.907364980776,0.202840862848,0.855263166522,0.443366179832
848,0.899509007334,0.217467602554,0.860526323711,0.515843550439
849,0.890998369494,0.230096770191,0.876315796846,0.378559709587
850,0.898854342815,0.22212470388,0.868421060082,0.449754402535
851,0.900491004002,0.226062191197,0.857894744528,0.381464176379
852,0.900491004051,0.212841331168,0.871052638873,0.393573008818
853,0.901800332673,0.216720817405,0.863157902501,0.362262851803
854,0.909328974113,0.206285248571,0.850000007764,0.483898323896
855,0.885106389339,0.245950589571,0.85526316613,0.471881024905
856,0.895253688536,0.233782149191,0.889473690406,0.46267986733
857,0.898527010666,0.218636560865,0.865789481292,0.404090577945
858,0.904091658257,0.21564211588,0.871052639265,0.387180686906
859,0.902782329756,0.217085043518,0.878947375636,0.336292631819
860,0.893944359596,0.228150875144,0.873684218055,0.430010335247
861,0.89983633941,0.216971334969,0.876315796846,0.360310247379
862,0.897872346171,0.227519678146,0.852631587339,0.478530749093
863,0.900163671828,0.226623539003,0.889473690798,0.42363026519
864,0.897545014095,0.232455475273,0.894736848379,0.379889000591
865,0.902127665262,0.2213663172,0.855263165737,0.357162235335
866,0.893944359401,0.223709592589,0.902631584359,0.322643649235
867,0.900163671877,0.221877654711,0.857894745312,0.527563501953
868,0.911620299721,0.204421860368,0.836842114988,0.655403305747
869,0.895581020612,0.229119936477,0.857894744528,0.607649763528
870,0.902782329585,0.21475530132,0.873684217663,0.398810886552
871,0.902454997436,0.212451407991,0.881578954427,0.357700444692
872,0.899181674843,0.217855371743,0.878947375636,0.378490486103
873,0.89983633941,0.213050629901,0.876315796846,0.478398604187
874,0.903436993958,0.209547406785,0.868421060474,0.39197254947
875,0.900491004051,0.21258414373,0.873684218055,0.425786103728
876,0.899836339556,0.214993330937,0.868421060474,0.444270778504
877,0.883797060497,0.249999935092,0.873684217271,0.340789968042
878,0.900163671535,0.233785260651,0.884210532825,0.338667549446
879,0.896563017573,0.217429029427,0.828947377832,0.530355995046
880,0.892635030608,0.229516754412,0.852631587339,0.50542620731
881,0.910310970683,0.212482856781,0.876315795669,0.393524602387
882,0.904091658647,0.232517944016,0.857894744136,0.355480135683
883,0.904091658549,0.216176800607,0.873684218055,0.445965402802
884,0.902127665164,0.218481275219,0.855263165737,0.450900214409
885,0.893617027227,0.220464327313,0.886842111616,0.326354605618
886,0.89885434284,0.229602724084,0.881578954035,0.490570057235
887,0.913911625182,0.205403603889,0.868421060474,0.430013002453
888,0.909983638461,0.20143212839,0.873684218055,0.458759221098
889,0.900163671584,0.214531758534,0.857894744528,0.392121880202
890,0.895581020417,0.223050609891,0.82894737744,0.484486969786
891,0.89558102071,0.228480734743,0.863157902893,0.414931990775
892,0.895253688292,0.229335765959,0.894736847987,0.329232670098
893,0.903109661808,0.220562109259,0.813157905481,0.773042018241
894,0.891325701766,0.24127873386,0.868421060474,0.393095516087
895,0.908346977542,0.205375083627,0.860526323711,0.494988340252
896,0.902454997387,0.220210262039,0.860526323711,0.417375540001
897,0.900163671828,0.218292908812,0.865789481292,0.419393648527
898,0.89983633941,0.219820280521,0.881578954035,0.282520362004
899,0.908674309667,0.215508383295,0.881578953643,0.336713275828
900,0.89590835264,0.225647809532,0.863157902501,0.526744372627
901,0.908674309619,0.209260108656,0.881578954035,0.315825046865
902,0.901473000816,0.2208643946,0.863157902109,0.449730682837
903,0.901473000524,0.220266466947,0.860526324103,0.385510551491
904,0.903436993762,0.213409226718,0.855263166522,0.704559950772
905,0.909328973966,0.212302041031,0.857894745312,0.493832965118
906,0.897545013997,0.227414829496,0.878947375244,0.391352884599
907,0.898199678297,0.229425841639,0.871052638873,0.385794217444
908,0.892307698019,0.236664576063,0.865789481684,0.511484376761
909,0.890343705,0.231338503036,0.847368429366,0.543462440353
910,0.906382984011,0.215878627499,0.842105272569,0.438259366368
911,0.900818336371,0.220875827371,0.865789481292,0.524205082144
912,0.900491004051,0.209408220469,0.871052639265,0.36023368
913,0.90572831959,0.216716786478,0.823684220251,0.449331843456
914,0.896563017378,0.227316148103,0.873684217271,0.43605794136
915,0.903436994006,0.199400766554,0.886842111616,0.312127695255
916,0.907037648481,0.210701627665,0.90000000596,0.279097371315
917,0.907037648456,0.218549139034,0.865789481684,0.629638301194
918,0.903109661881,0.205996259308,0.871052638873,0.421703954874
919,0.908019645222,0.205349681485,0.857894745312,0.412483809888
920,0.906382983864,0.202921692682,0.85789474492,0.655676018541
921,0.890016372777,0.243123843822,0.860526324103,0.290528496839
922,0.897872346123,0.219117798675,0.85526316613,0.397900798183
923,0.905728319614,0.216943955616,0.881578954035,0.460698922632
924,0.901473000768,0.218389070035,0.863157902501,0.494708049292
925,0.906055651886,0.208847028031,0.897368426778,0.352217534935
926,0.896563017256,0.231449507702,0.831578957015,0.591274664239
927,0.893289695029,0.237131220473,0.878947375636,0.392329353973
928,0.902454997485,0.22051266669,0.828947377832,0.504794765842
929,0.909001641646,0.205270645674,0.84473685136,0.498254997629
930,0.898527010788,0.22422791401,0.865789481684,0.411891396173
931,0.893944359743,0.223811134983,0.842105271001,0.595022648228
932,0.905400987343,0.211216142962,0.844736850968,0.710633608425
933,0.902782329561,0.217824102871,0.900000005568,0.308252783235
934,0.899836339556,0.215656866752,0.844736850379,0.527789675475
935,0.893944359304,0.220678189331,0.863157901913,0.567172804241
936,0.900163671925,0.213967500058,0.886842112008,0.548106793833
937,0.90016367173,0.216639612171,0.834210535413,0.477620471316
938,0.895253688487,0.224467725055,0.878947375636,0.610434520484
939,0.909656306482,0.203185418018,0.8657894809,0.331641617508
940,0.907037648456,0.207087883366,0.863157901717,0.484058384212
941,0.9047463228,0.213003993546,0.844736850968,0.519473681247
942,0.909328974015,0.204296687797,0.871052639265,0.432310255398
943,0.907037648603,0.209072861858,0.878947375636,0.382024374163
944,0.906382984108,0.214067408046,0.855263166522,0.843424052942
945,0.902454997387,0.2185147045,0.850000008941,0.37487335966
946,0.90180033299,0.224908643893,0.865789481684,0.4881422142
947,0.909983638558,0.208122376484,0.828947377832,0.726922884582
948,0.909983638558,0.206527587357,0.876315796846,0.50356543425
949,0.907364980874,0.21111108748,0.844736850968,0.358602773854
950,0.899836339459,0.218182961535,0.847368429758,0.690730135867
951,0.909328974064,0.201574435236,0.815789484272,0.55297057239
952,0.910638303028,0.206802088195,0.844736850575,0.503998097946
953,0.904091658452,0.208985254302,0.889473690798,0.3553361238
954,0.91031097083,0.208058661914,0.871052639265,0.472962636041
955,0.914893621948,0.196120871038,0.868421060474,0.439691106582
956,0.893617027422,0.235302980794,0.852631587339,0.595618568565
957,0.902454997387,0.223500461706,0.881578954035,0.340087238812
958,0.902454997338,0.205042119702,0.873684217271,0.413022246199
959,0.897217681872,0.22518366641,0.886842111616,0.403121617373
960,0.905073655022,0.20398253221,0.857894744528,0.677397057753
961,0.901145668496,0.211039057719,0.868421060082,0.370468697948
962,0.909656306433,0.20611326629,0.855263166522,0.584799374786
963,0.908019645222,0.211495547171,0.878947375636,0.512673426504
964,0.904091658501,0.198767720422,0.884210533217,0.569092062238
965,0.89623568496,0.222170463596,0.876315796454,0.486540892226
966,0.904418990723,0.203372748303,0.89736842717,0.412783081614
967,0.907037648359,0.203253863276,0.863157902305,0.439882954787
968,0.904418990772,0.21463141814,0.871052638873,0.428465972414
969,0.901145668447,0.222716282235,0.82631579865,0.860114495613
970,0.905728319663,0.211332018763,0.868421060474,0.368342569227
971,0.905073655022,0.214320567831,0.84736843015,0.666776636146
972,0.899509007358,0.21281164896,0.85789474492,0.608020593579
973,0.90736498063,0.212614329184,0.85526316613,0.606134721183
974,0.903436994055,0.222916201214,0.842105272569,0.584931735952
975,0.898199678394,0.21455177595,0.871052638873,0.755432120525
976,0.895253688243,0.235198856,0.863157902501,0.449353584522
977,0.899181675087,0.213642807022,0.886842111616,0.401637911327
978,0.897872346171,0.224846684226,0.865789481292,0.619450068385
979,0.900163671828,0.221630019781,0.876315795277,0.416787837376
980,0.912602296291,0.208812176454,0.860526322926,0.629590929114
981,0.898527010861,0.215735772042,0.82894737744,0.511916447463
982,0.909983638558,0.19881183301,0.834210535021,0.48097320421
983,0.901473000768,0.215686461827,0.884210533217,0.493217721261
984,0.911947631943,0.207716132726,0.860526324103,0.435731236286
985,0.90376432618,0.206239489769,0.873684217663,0.318314315755
986,0.903436994201,0.209427847721,0.871052638873,0.449445287262
987,0.898854342913,0.218781868495,0.85526316613,0.361812429296
988,0.909656306189,0.204723358691,0.865789481684,0.51278917268
989,0.902454997436,0.205259010269,0.894736848379,0.382280741851
990,0.904418990772,0.20865741453,0.90000000596,0.471082235477
991,0.910310970732,0.195752211717,0.85526316613,0.57695561147
992,0.907037648603,0.201361076258,0.857894745312,0.417465643676
993,0.922422262973,0.181098402234,0.873684218055,0.439529111828
994,0.901145668472,0.224879300346,0.852631587731,0.467999726249
995,0.902127665164,0.218349161954,0.857894745312,0.709033223319
996,0.909983638509,0.203238166881,0.852631587731,0.594343990387
997,0.907692312902,0.203219980225,0.823684219859,0.640877439648
998,0.923076927467,0.18374739987,0.881578954035,0.368604634852
999,0.915548286442,0.196051916975,0.871052638481,0.559615654994
