epoch,acc,loss,val_acc,val_loss
0,0.752536836384,0.520043378778,0.755263170129,0.493568791175
1,0.769558112965,0.502300338518,0.781578959407,0.526117499722
2,0.759410813597,0.499167095656,0.834210535413,0.419599673074
3,0.779705411869,0.456909206051,0.752631590162,0.540438437344
4,0.773813431787,0.472578517544,0.792105275157,0.408423197603
5,0.780032743872,0.458263555667,0.765789485684,0.526337335278
6,0.77414076401,0.480112302128,0.797368432346,0.458561401618
7,0.779378079671,0.449492394802,0.742105276177,0.48948392723
8,0.774140763912,0.468976288046,0.760526328103,0.490792119189
9,0.774795428089,0.452293974227,0.765789485487,0.47302244035
10,0.798036016853,0.431793316882,0.786842116596,0.473106163505
11,0.779378079402,0.445370935965,0.794736852771,0.468003483489
12,0.792798701095,0.419017522917,0.765789485487,0.463906169526
13,0.790507374926,0.412594030988,0.786842117184,0.44890926298
14,0.788870714446,0.407797495809,0.781578958427,0.449540631748
15,0.782978734413,0.410055902666,0.823684219859,0.416039797428
16,0.78952537816,0.398370758553,0.802631589535,0.41147613496
17,0.801636671644,0.386901648743,0.828947377832,0.393134766503
18,0.802946000267,0.395645203828,0.77631580163,0.430769324695
19,0.803927997033,0.379710706222,0.786842117576,0.44094021138
20,0.80294599995,0.38049768498,0.842105272177,0.371694809561
21,0.810474641463,0.380158357127,0.773684221467,0.550887272644
22,0.815711957514,0.374230699824,0.847368429758,0.364876990452
23,0.807855983656,0.383246600555,0.813157904305,0.39943297575
24,0.811129305664,0.38177250155,0.807894746724,0.412915262835
25,0.815384624779,0.369804290216,0.82894737744,0.391856295204
26,0.811456637789,0.373518059692,0.805263168326,0.38561714519
27,0.803927996447,0.374668233121,0.802631590319,0.373094973988
28,0.812765966851,0.376118117032,0.815789483488,0.383217232694
29,0.81472996048,0.366387488202,0.813157905089,0.397986931432
30,0.812438634774,0.384306498286,0.831578956231,0.37319279766
31,0.812765967265,0.36959108036,0.800000010352,0.415412669805
32,0.817675950192,0.374706170392,0.79736843117,0.393628214927
33,0.817675950265,0.366610517027,0.805263168326,0.377790356153
34,0.811783970036,0.361088101424,0.823684220251,0.395706945246
35,0.813420631077,0.371034065716,0.815789483488,0.368827681498
36,0.816366621301,0.368084814713,0.818421062278,0.419184030769
37,0.819639943674,0.362729200365,0.792105274373,0.410562108418
38,0.812765966973,0.374023088554,0.813157904305,0.382181169759
39,0.810801973734,0.359171697275,0.828947378224,0.433984378549
40,0.831096572006,0.34141089266,0.805263168326,0.390878119261
41,0.835679222904,0.349023782936,0.786842115223,0.436892727292
42,0.818657947055,0.368825482939,0.81578948388,0.389325403706
43,0.825531923586,0.343344383826,0.815789484272,0.366939225528
44,0.825531924195,0.357216891334,0.786842116792,0.419333043949
45,0.829787243042,0.343462094774,0.800000009568,0.418487118753
46,0.812438634457,0.366370222548,0.792105274373,0.418146045682
47,0.829459910722,0.346723383204,0.810526326691,0.390893381873
48,0.839607210187,0.330464831332,0.826315799042,0.396824999614
49,0.832078568503,0.334989800049,0.805263167737,0.413832222161
50,0.833715229592,0.344271465453,0.815789484272,0.379123132345
51,0.832733232656,0.343187999279,0.79736843117,0.427911459419
52,0.822585934069,0.349215383622,0.852631587731,0.345172242752
53,0.836661219621,0.338712762587,0.802631589927,0.394715577217
54,0.819312611525,0.362871719131,0.802631588947,0.418522737969
55,0.839279877671,0.332082688595,0.794736852183,0.40963494562
56,0.826841252672,0.355207600388,0.805263168326,0.416062301466
57,0.839279877769,0.340118987855,0.818421062278,0.402752247755
58,0.836333887472,0.346491849022,0.815789484272,0.421278886497
59,0.832405900799,0.348908247874,0.818421062278,0.408253606409
60,0.843535196664,0.329531297533,0.81842106267,0.429395255339
61,0.83436989394,0.330537737623,0.781578959211,0.440752761095
62,0.837643216314,0.338474784174,0.823684219859,0.378281715865
63,0.821931269599,0.348493537053,0.813157905481,0.376744231895
64,0.832405900921,0.342583184175,0.85789474492,0.394246896802
65,0.836333887472,0.335309249552,0.810526326299,0.371730420984
66,0.833387897687,0.349693780134,0.847368429366,0.355904693005
67,0.846153854543,0.3300164222,0.828947377636,0.377349481134
68,0.838297881003,0.330460240007,0.828947377832,0.387561624061
69,0.847135851041,0.323945212628,0.834210536198,0.382228144812
70,0.830114575362,0.337567163726,0.810526325907,0.407905904098
71,0.834369893867,0.334035354445,0.828947378224,0.342357598
72,0.843862528887,0.330103805517,0.836842114204,0.372826307865
73,0.831751236622,0.333595061275,0.828947378224,0.369718401546
74,0.842553199898,0.333368301544,0.842105272177,0.34564858974
75,0.837970548902,0.330691786773,0.868421060082,0.319054940314
76,0.843535196371,0.334758393576,0.863157902501,0.34502162674
77,0.832078568211,0.341696125743,0.792105273785,0.405593985103
78,0.835679222636,0.339191719146,0.844736850968,0.389757544292
79,0.841571202986,0.326661289104,0.778947380028,0.525278466227
80,0.8432078641,0.321009064401,0.860526323711,0.328200261586
81,0.82815058166,0.351075632062,0.807894747508,0.387220657725
82,0.841243870886,0.330049775547,0.800000010745,0.445586396418
83,0.843862529179,0.319365469224,0.83947369221,0.391822652303
84,0.848117848124,0.334913578445,0.823684220251,0.375653009175
85,0.84549919022,0.329530612671,0.842105272177,0.359906374661
86,0.84582652193,0.325260664695,0.852631586947,0.373655898398
87,0.847790515389,0.331771550417,0.834210534629,0.36565637064
88,0.850736505198,0.312203540459,0.852631587339,0.368763631902
89,0.85368249569,0.306090621689,0.823684220643,0.404468534588
90,0.844844525287,0.321528653375,0.842105272177,0.36425695371
91,0.842225867871,0.321175736473,0.792105273981,0.438053606029
92,0.845826522467,0.324284672079,0.839473692602,0.360241026091
93,0.844844525457,0.337128324071,0.834210535413,0.354689019242
94,0.838297880954,0.332015392098,0.821052641461,0.3561976278
95,0.836661219524,0.338063791095,0.810526326299,0.399845997925
96,0.852373166921,0.307462783151,0.844736850379,0.364430676508
97,0.842225867651,0.322810464223,0.823684219859,0.398377150836
98,0.849754508969,0.314716313888,0.831578956231,0.389465028212
99,0.838297880857,0.326784756675,0.865789481684,0.340330578975
100,0.844517193381,0.317071189107,0.839473693387,0.383962285629
101,0.839279877549,0.326120415327,0.810526325514,0.461767283862
102,0.846153854275,0.320299524097,0.802631589535,0.397852149633
103,0.847135851358,0.317891472448,0.8657894809,0.336592849185
104,0.84484452497,0.326122359853,0.823684220251,0.419938293047
105,0.853355163467,0.316225004725,0.82631579865,0.388443708236
106,0.852700499193,0.313482743354,0.821052641461,0.39623553214
107,0.843207864319,0.335089911873,0.823684220055,0.382567685434
108,0.832078568454,0.337995536967,0.834210535021,0.367925099759
109,0.85302783105,0.307543802988,0.855263166522,0.342956415206
110,0.831096571908,0.338745106749,0.834210535805,0.41319523438
111,0.843535196445,0.324929596676,0.844736850575,0.368990342296
112,0.843535196664,0.327678643935,0.844736850968,0.43016429103
113,0.850736505296,0.316696853464,0.815789482311,0.402970890171
114,0.843535196274,0.326242351895,0.81578948388,0.383996099724
115,0.840261873778,0.33228208863,0.836842114596,0.383209475047
116,0.854009827986,0.310993488095,0.800000010352,0.446533618041
117,0.848117848172,0.307158400873,0.852631587339,0.394569734124
118,0.847135851285,0.312649708592,0.834210535805,0.367687058169
119,0.857283150018,0.304071448676,0.821052641461,0.371836205192
120,0.857283149872,0.300621980749,0.82894737744,0.380888842178
121,0.84877251191,0.321054121261,0.821052642245,0.3694353041
122,0.841571203279,0.326106113728,0.810526325907,0.37948193308
123,0.852045834333,0.322890648469,0.831578956623,0.420873963397
124,0.850409173366,0.31186613036,0.865789481292,0.35721271229
125,0.833715229763,0.328554284236,0.839473693387,0.386128272347
126,0.851391169765,0.311492127618,0.842105271001,0.352269809806
127,0.851718502256,0.312317045921,0.834210535021,0.403746920331
128,0.841898535112,0.334827271853,0.834210535021,0.363539391062
129,0.853682495593,0.316954859571,0.828947378224,0.374253183254
130,0.858265146857,0.313483351387,0.818421063062,0.442792465353
131,0.849754508676,0.305586686422,0.828947378224,0.370891642892
132,0.854664492358,0.31238331532,0.821052641461,0.402021976016
133,0.857610482168,0.31282668982,0.831578957015,0.404869675293
134,0.847790515901,0.321670141839,0.823684220643,0.413563410114
135,0.8589198114,0.301804437962,0.831578955839,0.353256837538
136,0.844517193015,0.324880808842,0.842105272177,0.365289211886
137,0.853682495763,0.313983757393,0.828947378224,0.388428517397
138,0.845171857705,0.321190655128,0.84736843015,0.391873042393
139,0.855319156731,0.311602001385,0.823684220251,0.372139241504
140,0.859901808093,0.297676889808,0.839473693387,0.347249007465
141,0.847463183117,0.321903376534,0.84736843015,0.356888870703
142,0.852700499266,0.315773931379,0.810526325907,0.416501755213
143,0.852045834382,0.307529829964,0.823684219859,0.398959068018
144,0.838297881027,0.311308578218,0.852631586947,0.361472379539
145,0.852045834625,0.30735706263,0.842105271785,0.350759900298
146,0.849754508896,0.315076294994,0.823684220251,0.397362997625
147,0.85302783083,0.309113966551,0.852631586947,0.344672567174
148,0.864157126744,0.299487087998,0.834210534433,0.410121960614
149,0.858592479055,0.299771121415,0.836842114596,0.362220545679
150,0.850736505637,0.305778259329,0.794736853752,0.420951204669
151,0.848445180346,0.316500759847,0.836842114204,0.343790958476
152,0.858592479104,0.292723824125,0.842105272569,0.399711046797
153,0.865793788101,0.304579730839,0.847368428974,0.381133858237
154,0.865793788053,0.301278441471,0.863157902501,0.31065334232
155,0.854991824752,0.306385839727,0.852631586947,0.400919436685
156,0.866775784916,0.296971497576,0.839473693387,0.355917693312
157,0.842225867895,0.325747017433,0.826315799042,0.469973501455
158,0.848117847758,0.323146624006,0.836842114008,0.387363271144
159,0.851063837933,0.303548452675,0.831578955839,0.382633595041
160,0.861211136935,0.303973628647,0.850000008941,0.397176530751
161,0.851718502451,0.313922081463,0.823684219859,0.377275406677
162,0.854991824288,0.298750771191,0.850000008941,0.361020611783
163,0.858265146784,0.296774894639,0.836842113812,0.403826925413
164,0.856955818259,0.298548521727,0.857894744528,0.397654330407
165,0.86448445904,0.294556219899,0.834210535805,0.34171921054
166,0.85499182463,0.308225715502,0.857894745312,0.316737646286
167,0.859247143452,0.292536803809,0.828947378224,0.372452153061
168,0.851063837933,0.304503800783,0.828947378617,0.422646496837
169,0.852700498607,0.304811542252,0.852631586555,0.36770385399
170,0.859247143452,0.31160817177,0.850000008941,0.361284051703
171,0.849754508505,0.305200985936,0.865789481684,0.33786217758
172,0.861865801526,0.302051357763,0.847368429758,0.346869209928
173,0.854337160062,0.306998494583,0.815789484272,0.42788280766
174,0.855319156926,0.316122061699,0.852631587731,0.364143203846
175,0.848117847611,0.311872307431,0.847368429758,0.354531726555
176,0.844844525457,0.31921107978,0.839473692994,0.350940335634
177,0.866121120324,0.290603540777,0.797368431758,0.440284099491
178,0.853355163272,0.305481534691,0.828947376852,0.436417048797
179,0.844189860719,0.317529006282,0.84736843015,0.371812700803
180,0.84942717699,0.306937972425,0.83947369221,0.365549779828
181,0.85924714355,0.308670337115,0.818421063455,0.430362878692
182,0.84909984484,0.315039883206,0.873684218055,0.328178583075
183,0.863829794521,0.293439019514,0.823684219467,0.36995409687
184,0.855973821371,0.306988786766,0.857894744136,0.330674331617
185,0.862847797926,0.293370234273,0.85789474492,0.375020579961
186,0.861538469109,0.29792279027,0.839473692994,0.380584351712
187,0.85531915695,0.296652793763,0.850000008549,0.357123699376
188,0.86382979457,0.296149266981,0.831578957015,0.419982326805
189,0.863502462494,0.297298879921,0.871052638481,0.393073696717
190,0.859247143623,0.2968309038,0.836842114204,0.440390862803
191,0.852373166702,0.311631882764,0.863157902893,0.420642860614
192,0.863175130173,0.290524750756,0.84736843015,0.400698335751
193,0.862193133652,0.293381991299,0.826315799042,0.39780764207
194,0.864484459162,0.283991603272,0.839473693387,0.388276814214
195,0.864484458723,0.290996866907,0.823684219859,0.399108258125
196,0.854991824947,0.307050101807,0.847368429758,0.381684804825
197,0.862847797951,0.295408961584,0.826315799042,0.419256300898
198,0.870376439341,0.285752576312,0.839473693387,0.427594989538
199,0.868412445664,0.286469265628,0.863157902893,0.397675248339
200,0.861865801282,0.28305469082,0.828947378224,0.400241913482
201,0.858265146686,0.292302682342,0.844736850575,0.336801461584
202,0.858592479007,0.29633422447,0.85526316613,0.393238610588
203,0.863175130344,0.286327700993,0.8657894809,0.305541525834
204,0.855973821079,0.28686797586,0.871052638873,0.310511553262
205,0.853355163931,0.310800643545,0.847368429758,0.372982318378
206,0.858265146857,0.293798621104,0.871052638873,0.329578732296
207,0.854337160014,0.312836819132,0.836842114988,0.391606507333
208,0.856955817893,0.289366939084,0.844736850575,0.356968605143
209,0.860883804517,0.294986537336,0.850000008941,0.366454373423
210,0.865466455781,0.296464241753,0.844736850183,0.353538069274
211,0.873322429151,0.275260914739,0.84473685136,0.414311500415
212,0.864157126768,0.299495094581,0.81842106267,0.423253145167
213,0.864157127085,0.293243433911,0.852631587339,0.38189856648
214,0.849427176624,0.306236442424,0.836842114596,0.398034962259
215,0.864811791433,0.300820856008,0.844736850379,0.424957953927
216,0.86743044941,0.295468212951,0.839473693387,0.344848888009
217,0.85662848567,0.306755709841,0.828947378224,0.413371227574
218,0.860556472318,0.298399601909,0.860526323711,0.351427229886
219,0.866775784696,0.279111053868,0.852631587339,0.452792611512
220,0.869394442429,0.28436662073,0.823684220643,0.422276605276
221,0.858592479177,0.297018381384,0.873684218055,0.30588405023
222,0.865139123339,0.287896148382,0.828947378617,0.389954426228
223,0.858919811424,0.299953427233,0.850000008156,0.369350848523
224,0.86677578455,0.292319858052,0.850000008549,0.357413217323
225,0.868739778179,0.281729062382,0.815789483488,0.382629393345
226,0.870049106582,0.290254518874,0.836842114204,0.369070562416
227,0.86612112008,0.290464105286,0.836842114204,0.38351952727
228,0.860556472294,0.296907345384,0.842105271785,0.34720546459
229,0.86088380437,0.289156119851,0.82631579865,0.409367771984
230,0.865139123168,0.287822785102,0.855263166522,0.332922084731
231,0.86382979457,0.286931340352,0.836842114204,0.337597903009
232,0.861211136739,0.296697996535,0.839473693779,0.390976310579
233,0.869721774725,0.279117860368,0.828947378224,0.397015689953
234,0.849427176697,0.308622770534,0.826315799042,0.441471205755
235,0.857283150238,0.294597294688,0.836842113812,0.341440640601
236,0.865466455586,0.293333689614,0.847368429366,0.456119780958
237,0.861865801526,0.28815043605,0.800000010352,0.427263122276
238,0.857283150164,0.309841937896,0.839473693779,0.339915641547
239,0.861865801234,0.2858017107,0.836842114204,0.396757083197
240,0.881833067161,0.26899696801,0.844736850968,0.351845899364
241,0.862193133969,0.291128050912,0.842105272177,0.334644156588
242,0.858592479153,0.301362184768,0.834210535805,0.369804128906
243,0.870376439293,0.280390190572,0.85789474492,0.323950288192
244,0.866775784867,0.295127440146,0.857894744136,0.352899068835
245,0.867757781413,0.288013491027,0.857894743744,0.299383271106
246,0.862847797975,0.296526099182,0.865789481684,0.374977252177
247,0.873322429297,0.279181682999,0.852631587339,0.324375240426
248,0.878232412638,0.264125220697,0.844736850968,0.327398618009
249,0.862520465338,0.292419083104,0.810526325514,0.366496311341
250,0.873322429126,0.277102293515,0.839473693387,0.403904463384
251,0.856955818088,0.295961918429,0.868421060082,0.368918027933
252,0.857283150067,0.2943322241,0.863157902501,0.346285543699
253,0.868739777984,0.27610951619,0.86842105969,0.384603456404
254,0.867430449459,0.288020776387,0.855263166522,0.325428284215
255,0.869721774554,0.282755635004,0.847368429758,0.40276682443
256,0.856628485695,0.301367100923,0.865789481684,0.320620756002
257,0.866121120422,0.282800176142,0.818421063455,0.430619578686
258,0.87561375488,0.280808103765,0.873684217271,0.297663219242
259,0.864811791433,0.291317427805,0.836842114988,0.365754158694
260,0.867103116846,0.282807267229,0.821052641853,0.411047460714
261,0.866775784916,0.281591209935,0.860526323711,0.475590544476
262,0.861865801478,0.29503945521,0.84473685136,0.337103804524
263,0.867430448995,0.281976121302,0.857894745312,0.37805620369
264,0.864811791458,0.291523713151,0.871052637892,0.310388673746
265,0.874631758066,0.277477588319,0.871052638481,0.338433113023
266,0.868085113807,0.290951792024,0.839473692994,0.313461645087
267,0.876595751353,0.274809898377,0.826315799042,0.345664453619
268,0.872013100284,0.277402125799,0.85526316613,0.341449046938
269,0.880851070493,0.272310362818,0.847368429758,0.354411780062
270,0.870049107094,0.283515352,0.831578956623,0.378172058088
271,0.864157126573,0.281423764635,0.865789481684,0.318617700521
272,0.872995097147,0.273282441335,0.871052639265,0.30318344878
273,0.87070377132,0.27894678629,0.860526323711,0.345128907605
274,0.852373166555,0.298586860409,0.844736850575,0.35703484423
275,0.872995097221,0.268759625722,0.855263166522,0.328160246909
276,0.877250415872,0.27815808571,0.839473692994,0.348455339594
277,0.859247143574,0.294853096105,0.85526316613,0.323493090137
278,0.863829794521,0.295967418069,0.857894745312,0.346001369933
279,0.860556472392,0.289579332411,0.82631579865,0.421714225511
280,0.87135843579,0.271849382652,0.842105272177,0.381205431036
281,0.8621931337,0.293878616085,0.868421060082,0.309890184542
282,0.868085113734,0.288906585593,0.823684220251,0.405185762434
283,0.882487731509,0.264910267396,0.823684221036,0.428611615202
284,0.872340432848,0.279722710371,0.844736850968,0.339820355784
285,0.871031103421,0.284186606855,0.855263165737,0.374152685436
286,0.873977093913,0.272973575443,0.857894744528,0.338311195749
287,0.864484459015,0.296926666642,0.850000008941,0.362147740701
288,0.885761054028,0.256201005277,0.842105272569,0.399067699823
289,0.864811791092,0.276038978471,0.813157903913,0.384800047706
290,0.870703771271,0.284531147749,0.839473692602,0.446384452364
291,0.869394442551,0.280185249204,0.847368429366,0.350466414612
292,0.87430442599,0.282196496959,0.857894745312,0.339729159384
293,0.873977093791,0.279889449185,0.836842114596,0.360103209994
294,0.866448452766,0.288870676147,0.831578956623,0.384831327685
295,0.861211136618,0.295974571255,0.871052638873,0.356632041958
296,0.881505734938,0.264585678596,0.839473693387,0.339657999035
297,0.871685768159,0.277402925705,0.863157902501,0.324703894482
298,0.864484459089,0.287735569462,0.860526324103,0.354480216886
299,0.874631757993,0.276479229947,0.84736843015,0.343159806887
300,0.868412445834,0.283040030605,0.857894743744,0.351928853185
301,0.871031103543,0.275678997753,0.842105272177,0.372958053941
302,0.871358436034,0.280077432278,0.855263165737,0.331695547277
303,0.8599018078,0.283846317469,0.839473693779,0.349164105063
304,0.873649761349,0.270008554899,0.828947377832,0.37967238763
305,0.868085113465,0.272111514091,0.857894745312,0.357801600001
306,0.879869073922,0.276366583988,0.834210535805,0.40270824619
307,0.848772512471,0.30736517492,0.878947375244,0.318941633159
308,0.862847797975,0.299916184484,0.839473692994,0.370262266713
309,0.868085113587,0.276596691755,0.868421060474,0.342213669083
310,0.867757781243,0.283817973756,0.836842114988,0.339112566695
311,0.869721774676,0.278983383194,0.831578957407,0.32710119153
312,0.860883804858,0.284912739504,0.839473692994,0.413843339907
313,0.873977093621,0.273989326985,0.836842113812,0.338574110432
314,0.862520465777,0.283592792766,0.860526323318,0.341818092967
315,0.868412445981,0.287053988166,0.821052641461,0.423016904651
316,0.881833067136,0.260244635627,0.85789474492,0.321331246732
317,0.875941087152,0.26743900281,0.813157905481,0.369430358532
318,0.876268419326,0.275414770742,0.863157902501,0.307478669835
319,0.878559744885,0.265983905094,0.852631587731,0.346075610463
320,0.88183306699,0.256894017632,0.821052641853,0.455332207904
321,0.869721774628,0.278777591992,0.850000008549,0.46584550442
322,0.868085113904,0.281383706487,0.860526323711,0.392563325586
323,0.865466455684,0.286843527956,0.852631587339,0.322292179421
324,0.870376439268,0.276966230819,0.868421060474,0.344103497786
325,0.867430449166,0.273428466487,0.850000008549,0.318471471012
326,0.868739778106,0.276701696958,0.852631586947,0.369661067282
327,0.871031103567,0.278549061785,0.860526324103,0.40089551364
328,0.866121120348,0.290928463256,0.81578948388,0.390617887195
329,0.886088386007,0.263410533035,0.863157902893,0.310794758206
330,0.868412445981,0.281847541217,0.85789474492,0.338529860926
331,0.871358435424,0.277525072754,0.868421059298,0.319029880688
332,0.872340432458,0.275778587115,0.863157902501,0.304140867604
333,0.874304426038,0.274057548908,0.844736850968,0.399748344485
334,0.867430449361,0.284614205635,0.84473685136,0.324707143395
335,0.87561375488,0.273674436029,0.842105272569,0.404255997193
336,0.875286422609,0.280484736804,0.839473692798,0.403109474138
337,0.871685768037,0.283595834674,0.844736850968,0.34701206752
338,0.866775784891,0.281182577616,0.865789481684,0.32653027546
339,0.872340432702,0.272610343048,0.857894744528,0.370759176103
340,0.878887077205,0.272043758014,0.850000008941,0.328153760163
341,0.876268419228,0.27825589617,0.865789481292,0.361817757603
342,0.862520465582,0.278700587896,0.839473693387,0.412141165629
343,0.876268419131,0.272941040006,0.844736850968,0.333896625861
344,0.864811791263,0.274629544849,0.886842111224,0.266968150354
345,0.873977093645,0.271907510879,0.839473692994,0.34613998162
346,0.874959090313,0.27869871393,0.810526327083,0.43132164159
347,0.872013100235,0.27577474032,0.847368429758,0.341107360063
348,0.883142396149,0.261886456051,0.85789474492,0.372266253898
349,0.871031103494,0.277046793354,0.863157902501,0.290060950848
350,0.873977093816,0.273667814071,0.836842114988,0.359547390701
351,0.871031103762,0.276543772132,0.842105271393,0.349732151792
352,0.88183306721,0.260665152059,0.852631587339,0.337579589386
353,0.886743050672,0.267962928179,0.831578956623,0.375712719501
354,0.882487731509,0.270464349415,0.860526324103,0.31560221055
355,0.87757774829,0.267479664739,0.815789483684,0.381458329264
356,0.877250416238,0.266828144766,0.847368428974,0.3387413243
357,0.863502462372,0.28839203226,0.85526316613,0.34434767263
358,0.865139123461,0.288733607036,0.881578953643,0.328199855695
359,0.870703771637,0.273935364594,0.836842114596,0.407599846018
360,0.879869073824,0.267491260265,0.857894745312,0.34524246524
361,0.870703771442,0.278028384792,0.842105271197,0.357535067884
362,0.87168576811,0.270040724035,0.839473693387,0.32691223473
363,0.875941086859,0.273516413414,0.828947377832,0.351115582854
364,0.882487731728,0.264965580256,0.847368428974,0.345649701156
365,0.876923083869,0.262905333639,0.860526323711,0.325761866968
366,0.874631758163,0.278301285519,0.828947378224,0.368333102008
367,0.887070382749,0.248528216893,0.863157902501,0.364910764617
368,0.867757781438,0.284404721738,0.860526323711,0.406159127002
369,0.872995097221,0.275791140947,0.84736843015,0.380084708066
370,0.870376438854,0.287130282135,0.847368429758,0.389701263356
371,0.873322429151,0.275745540498,0.85789474492,0.351648852915
372,0.878887077254,0.261135555218,0.863157902501,0.351687746528
373,0.861211136739,0.284366723351,0.868421060474,0.33344700573
374,0.874304426063,0.283679502975,0.863157902501,0.349370435248
375,0.868739778106,0.276512597611,0.842105271785,0.403767963161
376,0.860883804492,0.287500516238,0.831578956623,0.439303003264
377,0.875286422731,0.280906691828,0.884210533217,0.317774841833
378,0.873649761447,0.269429532422,0.836842114988,0.413041534049
379,0.869721774847,0.278187043873,0.836842113812,0.363676590955
380,0.865139123851,0.287518267969,0.857894745312,0.386842766011
381,0.874959090313,0.275709162611,0.857894744528,0.356171109483
382,0.872013100528,0.280943272,0.852631586947,0.375139294846
383,0.869394442527,0.278120708435,0.852631586947,0.315054182
384,0.878232412662,0.266356044031,0.868421060474,0.328282477748
385,0.874304426038,0.265180533274,0.839473692994,0.358756569638
386,0.871685768208,0.269481510946,0.852631587339,0.346984160454
387,0.875286422804,0.267378421941,0.84736843015,0.371053942899
388,0.876268419521,0.270221748759,0.878947374852,0.307265464731
389,0.880523738246,0.264207693847,0.85526316613,0.339411948683
390,0.874631758115,0.26585730666,0.850000007764,0.395653231552
391,0.876923083771,0.267917341125,0.865789481292,0.357242914281
392,0.881833067356,0.254728615418,0.873684218055,0.382044303866
393,0.873322429224,0.273913942804,0.844736850575,0.405387537082
394,0.875613754637,0.257950559652,0.839473692994,0.334356035688
395,0.879214409038,0.264667434304,0.852631587731,0.414717422798
396,0.873977093816,0.275353727583,0.842105272569,0.394444168153
397,0.875613754832,0.261259331046,0.834210535805,0.440308222419
398,0.88052373827,0.259090052575,0.826315799434,0.396021528071
399,0.886743050258,0.252780732202,0.881578954035,0.310578989517
400,0.883797060351,0.254380777879,0.831578956231,0.394232837818
401,0.875941087103,0.264451061269,0.852631586947,0.504959737992
402,0.879541741504,0.266245773585,0.847368429366,0.361935212002
403,0.875613754978,0.263027020413,0.847368429366,0.352239718927
404,0.879869073776,0.257876755278,0.85789474492,0.336695908544
405,0.875613754832,0.275671199607,0.850000007764,0.358381970841
406,0.872995097196,0.266895049342,0.865789480507,0.31981802491
407,0.863175130661,0.287058705187,0.85526316613,0.367729051937
408,0.87332242937,0.259991526561,0.884210532825,0.276407813537
409,0.884779057019,0.255717189262,0.876315796846,0.366797012236
410,0.879214409306,0.269947239326,0.873684217663,0.316998051755
411,0.880851070273,0.256544089805,0.852631587731,0.356493021665
412,0.881833066844,0.265604504517,0.836842114596,0.533650514927
413,0.883469728348,0.260446209326,0.85789474492,0.283183076449
414,0.858265146589,0.289271911272,0.857894744528,0.353441532674
415,0.872667764925,0.262279763074,0.813157905481,0.40025152202
416,0.884451725235,0.259531828425,0.84473685136,0.358479823026
417,0.868739778008,0.282832166346,0.852631586947,0.367885137565
418,0.88445172504,0.260637912764,0.863157902501,0.353919993253
419,0.881178402471,0.251769292987,0.84736843015,0.341191901154
420,0.87397709384,0.266229370316,0.84473685136,0.37529608682
421,0.868739778179,0.270160139926,0.855263166522,0.319208718034
422,0.872995096928,0.258419977786,0.8657894809,0.360805653356
423,0.868412445883,0.276304304306,0.860526323318,0.307625216652
424,0.881178402715,0.264220834569,0.886842111616,0.316334561452
425,0.87954174148,0.255606819674,0.852631587339,0.331367180876
426,0.88150573445,0.262869378893,0.881578954427,0.309325279517
427,0.880196406194,0.263605611623,0.844736850575,0.418068165943
428,0.874304425941,0.274074882687,0.852631587731,0.344888088264
429,0.87888707701,0.265842947493,0.884210532825,0.321613383823
430,0.884779057092,0.261412901882,0.847368429758,0.339053969144
431,0.873977093547,0.2669509549,0.900000005568,0.301345016136
432,0.874304426038,0.264807167038,0.871052639265,0.296657015373
433,0.874959090386,0.265464881968,0.847368429758,0.412729352602
434,0.861211136642,0.289222610329,0.886842111616,0.381226156847
435,0.875613754929,0.260402002488,0.821052642245,0.453005258359
436,0.869394442454,0.269042354624,0.871052638873,0.385408027793
437,0.871358435741,0.272308340873,0.831578957015,0.374481345823
438,0.87855974469,0.276613241108,0.842105272569,0.382507150201
439,0.877905080537,0.257624964154,0.844736850968,0.372687780657
440,0.892307698629,0.240775380751,0.850000008156,0.317018029948
441,0.868739778277,0.278829023663,0.86842105969,0.404066930106
442,0.871685768257,0.268769139193,0.863157902501,0.302762445705
443,0.878559744812,0.266822844676,0.85526316613,0.3825716436
444,0.883797060643,0.269854162088,0.8657894809,0.292788926926
445,0.876268419399,0.264941706885,0.855263165737,0.3238797303
446,0.879541741651,0.265202332491,0.844736850183,0.35883379757
447,0.890343705098,0.247495467382,0.847368429758,0.315444499793
448,0.887397714898,0.245381684974,0.842105272177,0.348576961899
449,0.866448452596,0.275135323972,0.863157902109,0.299918664518
450,0.885761053833,0.249343958235,0.868421060082,0.309374420779
451,0.878887077205,0.273224050972,0.871052639265,0.306421142629
452,0.876923083869,0.263293309851,0.844736849791,0.346286700616
453,0.889689040652,0.252073808509,0.855263166522,0.372222520626
454,0.883142396344,0.262361700515,0.857894744528,0.313912551524
455,0.883797060351,0.260111945499,0.871052639265,0.356072742317
456,0.87659575167,0.27365115124,0.847368429366,0.374410092097
457,0.881505734987,0.256088450324,0.839473692602,0.36779375916
458,0.885761054077,0.253041735967,0.85789474492,0.29924498449
459,0.877577748095,0.265896003304,0.886842112008,0.283525330209
460,0.882487731826,0.260383501317,0.850000008941,0.357324660242
461,0.876595751402,0.2632369101,0.865789481292,0.335736775006
462,0.870703771613,0.271793357422,0.860526323318,0.316563721432
463,0.884451725186,0.255231750327,0.844736850575,0.338322098035
464,0.872995096977,0.272509329678,0.852631587339,0.376751285773
465,0.883797060643,0.253670362865,0.850000008941,0.383617219567
466,0.883797060643,0.261990312246,0.85789474492,0.347744947465
467,0.872995097147,0.264378791682,0.828947378617,0.383630771325
468,0.886088385959,0.247365494207,0.81842106267,0.395629480549
469,0.883797060595,0.254915865464,0.860526324103,0.37025303723
470,0.880196406047,0.261336272657,0.828947378224,0.379890281658
471,0.887397714703,0.256116973091,0.84736843015,0.354531698297
472,0.880523738367,0.257515117303,0.852631586947,0.320871227562
473,0.876595751427,0.262943820443,0.865789481684,0.431682185423
474,0.864811791238,0.266652766918,0.855263165737,0.346020392303
475,0.890671037198,0.248929527779,0.863157902109,0.312331584726
476,0.879869073922,0.260211341652,0.852631587731,0.337246696496
477,0.874959090337,0.276316390346,0.834210535805,0.37610545176
478,0.879869073873,0.262532874302,0.852631587339,0.325842962854
479,0.872340432556,0.273350388648,0.850000008549,0.359809183837
480,0.880523738172,0.248826167548,0.844736850968,0.415777038905
481,0.882487731606,0.265505531824,0.871052639265,0.2979359743
482,0.872013100577,0.272318184665,0.836842114596,0.31454537338
483,0.887397715093,0.253250815188,0.850000008941,0.354565880577
484,0.88772504734,0.253355644171,0.863157902109,0.346721122377
485,0.884779057068,0.261671251229,0.850000008941,0.365313243329
486,0.877905080439,0.266446978879,0.85789474492,0.36664908598
487,0.880851070346,0.263628624971,0.857894745312,0.359488594548
488,0.896235685107,0.240616286581,0.834210536198,0.403629333762
489,0.881178402569,0.2506833887,0.84736843015,0.439817256902
490,0.885433721391,0.254627352712,0.805263168718,0.391018465055
491,0.876595751646,0.261942184315,0.847368428974,0.330520585146
492,0.873977093669,0.266693109931,0.842105272177,0.411376901882
493,0.890016372704,0.2500216431,0.828947377832,0.508867583581
494,0.869067110158,0.276589832402,0.84736843015,0.358203998537
495,0.878559744982,0.262518822251,0.842105271785,0.356005026138
496,0.88576105398,0.250036709088,0.868421060082,0.288783718997
497,0.874304425868,0.26491228784,0.852631587731,0.362296711351
498,0.879214409282,0.2618614956,0.831578957407,0.429133381915
499,0.885106389437,0.254202704988,0.85789474492,0.342535605467
500,0.874304425941,0.270221065394,0.84473685136,0.378000555094
501,0.891653033891,0.238734019426,0.873684217663,0.273236155906
502,0.88117840291,0.259883404901,0.889473690798,0.319396230683
503,0.870703771442,0.268153327312,0.839473692994,0.339464775309
504,0.881505735084,0.255617846175,0.863157901717,0.434742723334
505,0.886088386154,0.248249821967,0.842105272177,0.356667813524
506,0.884451725138,0.254544632999,0.813157905089,0.444974279246
507,0.859247143452,0.291783262162,0.847368429366,0.400091506539
508,0.876923083722,0.271699327716,0.868421060082,0.301434056594
509,0.87430442577,0.266259817682,0.868421060474,0.302015305537
510,0.876595751597,0.256635335478,0.84473685136,0.33244651109
511,0.884451724845,0.264623985483,0.834210535021,0.512067111748
512,0.876595751695,0.262656416521,0.839473693779,0.378756773354
513,0.887070382627,0.251198391386,0.852631587339,0.410439301325
514,0.875286422438,0.266529938788,0.826315799042,0.448377831968
515,0.879869073581,0.255400356138,0.850000008156,0.36105413917
516,0.89230769819,0.243050277743,0.868421060474,0.329778381763
517,0.889361708332,0.247959610393,0.852631587143,0.345997012233
518,0.882487731509,0.255963933108,0.828947378224,0.344177411486
519,0.88248773146,0.249761169443,0.860526324103,0.448659947581
520,0.891325701595,0.235272903996,0.834210536198,0.384401523726
521,0.884451724942,0.253074424659,0.8657894809,0.306578041312
522,0.878887077156,0.264803247928,0.868421058906,0.33456296727
523,0.883797060595,0.257714394655,0.813157905089,0.409279321513
524,0.879214409623,0.264540567282,0.839473693779,0.366733814314
525,0.883142396003,0.25001863089,0.863157902109,0.420290895299
526,0.880523738124,0.258881805432,0.852631587731,0.348227797009
527,0.876268419326,0.276418935627,0.852631587339,0.362523377035
528,0.877905080732,0.267535716995,0.865789481684,0.343813825926
529,0.901473000499,0.243681171175,0.821052641461,0.390312875148
530,0.880523738343,0.265810376873,0.863157902893,0.37428676528
531,0.884124392452,0.25162794964,0.852631586947,0.383804232452
532,0.878559744982,0.254728386505,0.850000008156,0.348145968488
533,0.884451725138,0.256631518084,0.81842106267,0.39870150311
534,0.876268419521,0.260204468586,0.8657894809,0.319906143501
535,0.884779057214,0.256507568629,0.839473693387,0.380261841806
536,0.883797060595,0.264943552582,0.873684218055,0.349567678372
537,0.873322429224,0.269431077779,0.847368429758,0.393239462384
538,0.875286422804,0.26873635453,0.884210533217,0.326601076067
539,0.887725047365,0.244166533759,0.842105272177,0.375932569877
540,0.889034376256,0.244045431903,0.868421060082,0.32158640269
541,0.874631757871,0.265723408055,0.865789481292,0.338994341872
542,0.879541741553,0.2571658676,0.847368428974,0.4116917363
543,0.887070382871,0.243588489962,0.876315796454,0.34930581586
544,0.884124392573,0.249902556135,0.823684220643,0.370633471904
545,0.885106389095,0.251615428805,0.89736842717,0.29176266689
546,0.878559744982,0.263984372219,0.836842114596,0.404183844913
547,0.895908352689,0.24555506388,0.847368429758,0.514248953951
548,0.889034376304,0.241592131212,0.834210536198,0.426763908457
549,0.885106389485,0.259295508438,0.844736850575,0.333969277713
550,0.880196406145,0.256610412328,0.842105272177,0.384714588651
551,0.882815063731,0.254701421029,0.868421060474,0.308496759348
552,0.892962362831,0.247630789543,0.878947375636,0.320046741283
553,0.889034376231,0.251617260703,0.813157904697,0.398306174449
554,0.896235685033,0.248061556282,0.836842114596,0.446279145058
555,0.893289695297,0.241663663783,0.857894744528,0.517114965893
556,0.882815063902,0.25890808587,0.836842114988,0.359302922421
557,0.870049106997,0.276846932341,0.844736850968,0.326936461258
558,0.881505734841,0.262150734089,0.834210535413,0.437397813803
559,0.885433721659,0.252762959999,0.852631586555,0.33114368994
560,0.88281506378,0.249844923553,0.878947375636,0.436577679461
561,0.881833067161,0.258824289783,0.847368429758,0.396447544831
562,0.891653033989,0.241804672522,0.831578957407,0.39014055699
563,0.880523738075,0.258134306499,0.823684220251,0.455659345614
564,0.891980366065,0.243943632749,0.863157902893,0.353781966201
565,0.887070382749,0.252046314219,0.855263166522,0.422758052331
566,0.878887077034,0.260426605961,0.863157902501,0.341630475532
567,0.893289695151,0.237984452611,0.844736850183,0.462713113739
568,0.885106389144,0.255235470127,0.850000008549,0.458466531778
569,0.879541741382,0.268951350929,0.863157902893,0.493438674728
570,0.879214409282,0.26711703371,0.863157902109,0.426553022546
571,0.883797060253,0.25709881728,0.855263165934,0.417847997501
572,0.882815063975,0.247234292575,0.850000008549,0.404041718695
573,0.87495909024,0.268402403094,0.868421060474,0.371804712838
574,0.881178402691,0.261455168136,0.84473685136,0.480557497726
575,0.876268419277,0.269056279317,0.844736850968,0.503565705712
576,0.880523737953,0.255866449817,0.836842114596,0.411330316047
577,0.879541741602,0.258723575435,0.871052639265,0.329235589635
578,0.879541741626,0.259195979022,0.839473693779,0.413956829111
579,0.88346972825,0.256827390827,0.844736850575,0.585114260074
580,0.880523738367,0.268140693267,0.839473693779,0.356116536563
581,0.877905080415,0.259943943043,0.828947378224,0.443158247352
582,0.879869073581,0.254633300146,0.85526316613,0.333379123309
583,0.882815063926,0.256407676701,0.842105271785,0.370320029315
584,0.885106389388,0.247432745341,0.863157902501,0.347430559484
585,0.878232412857,0.257257293019,0.850000008156,0.406265150843
586,0.879541741748,0.254787009891,0.868421060474,0.455265927081
587,0.880523738367,0.25256214547,0.823684220643,0.683691693232
588,0.892962362855,0.243446744014,0.844736850575,0.348240116545
589,0.887397715191,0.248820400667,0.842105272569,0.482122884989
590,0.883797060546,0.250353579894,0.826315799434,0.598062095765
591,0.888707043935,0.248458883793,0.850000008941,0.34752444383
592,0.88576105398,0.249924619309,0.850000008156,0.46212516439
593,0.891653033989,0.245668595468,0.805263168718,0.507003368714
594,0.883469728177,0.24987189059,0.810526326299,0.443284214781
595,0.889689040603,0.249882091984,0.84473685136,0.43613033937
596,0.876268419375,0.261377317705,0.834210536198,0.455679387087
597,0.888379711786,0.236759347891,0.839473693387,0.410352865657
598,0.894599023895,0.236439449865,0.850000008941,0.471059857437
599,0.885433721611,0.244006006783,0.834210535413,0.487973216405
600,0.890016372631,0.239665015656,0.852631587731,0.332214935043
601,0.890998369397,0.246999763371,0.847368429758,0.447191538132
602,0.894599024091,0.23993599198,0.873684218055,0.359170428241
603,0.883142396149,0.247011360167,0.84736843015,0.301166377539
604,0.886743050477,0.256005464137,0.865789480507,0.318196476878
605,0.885106389388,0.255122277233,0.855263165737,0.447704864876
606,0.885433721513,0.252825701806,0.836842114988,0.347146063891
607,0.868739778496,0.267074966628,0.850000008549,0.391436654873
608,0.882815063926,0.24440758485,0.855263166522,0.348474289689
609,0.890016372582,0.245612263464,0.902631584751,0.260199016755
610,0.883142396149,0.251315492168,0.863157902893,0.326788609942
611,0.890016372534,0.240016735389,0.860526324103,0.4367306442
612,0.892962362684,0.239215261485,0.860526324103,0.57387868052
613,0.88674305055,0.251983730941,0.844736850968,0.328346029323
614,0.882160399188,0.253125494049,0.852631587339,0.454997345429
615,0.883797060448,0.247381292985,0.850000008549,0.510109607474
616,0.888052379587,0.246270122564,0.868421060474,0.371722983088
617,0.879541741651,0.265289402426,0.868421060474,0.343414111295
618,0.892962363026,0.238809328604,0.834210536198,0.360135835504
619,0.890998369324,0.238457510668,0.865789481292,0.386938876759
620,0.887070382749,0.245669504214,0.871052639265,0.316993703989
621,0.887397715044,0.241276042718,0.855263165737,0.378068976522
622,0.882815063829,0.25197252704,0.8657894809,0.319919614134
623,0.891980366163,0.250059335738,0.852631587339,0.370509888899
624,0.886088386105,0.244991423983,0.850000008549,0.454253473518
625,0.886743050648,0.245405987539,0.847368429758,0.408605786036
626,0.884124392769,0.251461053779,0.842105272569,0.499497151676
627,0.88477905736,0.249023654653,0.847368429366,0.416829891528
628,0.88445172504,0.257856719936,0.873684218055,0.299380977285
629,0.887070382602,0.251433528121,0.871052638481,0.340524485053
630,0.892307698361,0.240877649331,0.873684217663,0.43442991219
631,0.883469728372,0.251040787854,0.823684220251,0.516427120934
632,0.881833067112,0.255505295213,0.860526323711,0.28954605732
633,0.879869073824,0.253395463359,0.881578954035,0.369100846565
634,0.87103110364,0.272955297086,0.839473692994,0.504207972512
635,0.884124392915,0.246458229906,0.84473685136,0.413600299993
636,0.878887077132,0.25639430371,0.884210533217,0.310324302306
637,0.870703771588,0.268043571492,0.881578954427,0.39031350705
638,0.886743050404,0.255458117671,0.850000008941,0.386242553249
639,0.886088386251,0.243910296696,0.868421060082,0.386510177371
640,0.893617027422,0.234663040606,0.828947377832,0.399787378676
641,0.876595751549,0.260670852412,0.892105269197,0.331926121275
642,0.888052379295,0.248344251625,0.871052639265,0.306725822893
643,0.883797060473,0.247199127233,0.847368429758,0.413936970153
644,0.889034376256,0.251623720625,0.876315796846,0.34393582581
645,0.880196406218,0.245807236192,0.863157902109,0.361725696197
646,0.888379711664,0.249688924935,0.839473692602,0.362814772176
647,0.89689034965,0.232227600357,0.894736847987,0.272218006144
648,0.898527010617,0.227938304509,0.852631587339,0.392490425931
649,0.879869073922,0.259097894257,0.836842114988,0.416453190381
650,0.891325701473,0.236552618075,0.85789474492,0.348010542007
651,0.886743050843,0.256589440838,0.881578954035,0.27908230163
652,0.88412439272,0.24895495009,0.852631587339,0.363690759621
653,0.897545014046,0.230727367028,0.868421060474,0.363405213258
654,0.885761053931,0.243467221057,0.876315796846,0.325539530324
655,0.893617027422,0.249581875362,0.842105272177,0.403989761953
656,0.885761053858,0.256707481173,0.873684217663,0.294082686335
657,0.893289695005,0.236387059103,0.863157902893,0.350492825293
658,0.888379711664,0.248985901757,0.860526323711,0.388822629151
659,0.891325701741,0.243368353714,0.868421060082,0.351289503062
660,0.88576105398,0.250470968912,0.855263165345,0.34441493648
661,0.888707044082,0.245786610784,0.84736843015,0.39631569767
662,0.881833067234,0.252411247064,0.857894744528,0.412140402025
663,0.896563017329,0.236224385851,0.855263166522,0.37770955033
664,0.882815063805,0.25764321603,0.850000008941,0.454617853208
665,0.895253688438,0.227268203534,0.857894745312,0.408181523959
666,0.88445172504,0.248566278739,0.839473692602,0.51244474494
667,0.887397714996,0.239671904258,0.860526323711,0.418834784457
668,0.895253688341,0.234150513846,0.831578956819,0.416403969645
669,0.888707043935,0.247006620359,0.844736850575,0.340541497252
670,0.885761053882,0.247847290362,0.860526324103,0.386287451089
671,0.897545013802,0.234471374422,0.836842114596,0.45105178745
672,0.884779057263,0.244944363118,0.855263166522,0.418928930661
673,0.881833067307,0.247623057991,0.847368429758,0.343128641719
674,0.889034376109,0.239530934159,0.894736848379,0.277708743171
675,0.898199678418,0.238810505741,0.865789481684,0.325119236184
676,0.88477905736,0.242983312141,0.852631587339,0.562057693886
677,0.874304425794,0.256333042794,0.873684218055,0.299388304192
678,0.885433721562,0.254967543432,0.834210536198,0.491522895564
679,0.8860883863,0.247132179264,0.865789481292,0.305822711636
680,0.890998369494,0.245058690618,0.894736848379,0.27110372836
681,0.890343705146,0.246192659382,0.834210535021,0.357422051836
682,0.879214409282,0.260957592963,0.865789481292,0.400662166305
683,0.900163671828,0.236487073895,0.836842114596,0.443364242095
684,0.890343705025,0.245583383206,0.839473692994,0.435548970733
685,0.884779057116,0.243884540318,0.85526316613,0.342933301307
686,0.882815063585,0.264783043584,0.865789481684,0.31127380433
687,0.895253688536,0.241690399512,0.881578954035,0.303193392965
688,0.897217681824,0.228218519679,0.863157902501,0.350305316875
689,0.890016372826,0.238078115106,0.82894737744,0.588660322406
690,0.88936170843,0.244304853064,0.836842114204,0.393423960493
691,0.889361708234,0.242775180782,0.850000008549,0.443325809612
692,0.885433721611,0.256677264359,0.839473693779,0.436454552223
693,0.896890349674,0.235952901283,0.844736850968,0.372098695906
694,0.872013100284,0.269251366848,0.902631584359,0.305668890769
695,0.890343705195,0.245484036622,0.868421060474,0.499213784646
696,0.897872346318,0.234095675561,0.839473693387,0.378458141002
697,0.887397714996,0.242185623715,0.863157902893,0.416815268365
698,0.889689040433,0.24416610202,0.850000008941,0.393059603879
699,0.894926356264,0.243357602478,0.850000008549,0.361614382176
700,0.88510638929,0.248380737246,0.852631586947,0.373977249624
701,0.900818336225,0.220434488901,0.836842114596,0.370620652924
702,0.88248773146,0.251917223701,0.834210535805,0.36269605384
703,0.888379711615,0.240402595953,0.836842114596,0.353291261814
704,0.889689040482,0.240789102195,0.852631587731,0.352130049613
705,0.89885434284,0.230133351031,0.8657894809,0.40389080412
706,0.883142396149,0.248108279991,0.839473693779,0.376558030422
707,0.875941087103,0.265939920997,0.852631586947,0.459187566523
708,0.884451724796,0.250434100147,0.8657894809,0.47385755584
709,0.878559744495,0.259911525151,0.84473685136,0.382257366555
710,0.894271691819,0.234340042065,0.871052639265,0.392769870769
711,0.885433721611,0.256583226645,0.836842114204,0.56434393615
712,0.888707044033,0.239782227737,0.86842105969,0.442190552487
713,0.900163671755,0.231432084419,0.852631587731,0.446348660842
714,0.882487731314,0.253308591697,0.876315796846,0.414293259447
715,0.891980366163,0.234852052306,0.852631587731,0.451628184686
716,0.898527010714,0.23530032308,0.881578954427,0.362565149018
717,0.89427169177,0.236498528025,0.836842114596,0.388296154589
718,0.889034375963,0.243382227922,0.852631587339,0.527626108428
719,0.893617026983,0.230542736632,0.860526323318,0.326211114754
720,0.89623568479,0.225773714217,0.857894744528,0.367058358992
721,0.881833067063,0.250153416197,0.863157901717,0.481947562352
722,0.895253688438,0.246261734929,0.821052641461,0.510866187121
723,0.888379711859,0.24230765916,0.868421060474,0.307707359461
724,0.892307698434,0.241065580282,0.857894745312,0.437002502345
725,0.892307698288,0.237125778884,0.84736843015,0.532423731105
726,0.890671037272,0.246642305137,0.836842114204,0.537045840768
727,0.878887077108,0.263902846723,0.868421060474,0.44484256607
728,0.88805237949,0.248921644757,0.834210535805,0.461820784252
729,0.900163671657,0.23113437582,0.863157902109,0.457220616557
730,0.888052379441,0.246335087227,0.84736843015,0.439460044227
731,0.883797060497,0.247368867863,0.826315799434,0.391003425392
732,0.902127665164,0.214581683806,0.815789483488,0.830307933299
733,0.890016372777,0.248148722747,0.847368429758,0.461605979496
734,0.890343705098,0.238921436463,0.834210536198,0.64248674069
735,0.884779056921,0.245097209735,0.863157902893,0.383518137164
736,0.885433721611,0.254477192564,0.842105272177,0.572505377475
737,0.884779057116,0.242042768731,0.868421060474,0.472666598557
738,0.880196406145,0.252284824436,0.852631587339,0.462694612128
739,0.892307698532,0.233259394671,0.844736850575,0.660253055121
740,0.894926356167,0.226201416219,0.865789481292,0.499362709886
741,0.881178402423,0.252595387091,0.863157902893,0.404229321758
742,0.88837971142,0.244517497685,0.842105271785,0.378118012411
743,0.892635030705,0.230623704981,0.865789481684,0.562916207166
744,0.891653033989,0.234609716599,0.863157902109,0.330398827717
745,0.897217681726,0.241520648745,0.839473692994,0.500949449646
746,0.88412439272,0.248424320046,0.855263165737,0.44149891397
747,0.905728319712,0.22871365058,0.871052638873,0.475698637732
748,0.893944359596,0.232851374997,0.863157902893,0.361916206923
749,0.890343705195,0.24428988212,0.85526316613,0.369876244036
750,0.884124392647,0.25083094245,0.863157902501,0.431210464003
751,0.89590835264,0.223689133662,0.852631587731,0.377106968957
752,0.895581020564,0.23691826917,0.834210535805,0.515860753132
753,0.896563017378,0.237152108373,0.836842114988,0.424596095824
754,0.901800332942,0.23481694449,0.823684220643,0.430604266521
755,0.898527010714,0.222302650499,0.834210536198,0.418008999733
756,0.881505734987,0.262974904536,0.852631587339,0.392955575411
757,0.887397714898,0.253523125588,0.863157902501,0.554314445443
758,0.887070382822,0.246538774375,0.823684220643,0.379051941867
759,0.897217681824,0.241095369195,0.831578956623,0.454760844627
760,0.886415718303,0.237855705174,0.855263166522,0.356035635172
761,0.895908352786,0.230196384061,0.828947377832,0.399304607223
762,0.896235685058,0.237848377666,0.836842113812,0.360732150318
763,0.890343704781,0.244763093542,0.847368429758,0.420542003021
764,0.899836339654,0.220609997308,0.873684217663,0.462480276251
765,0.887725047218,0.248918654117,0.852631587339,0.670301846594
766,0.896890349284,0.234021060952,0.860526324103,0.433437603262
767,0.902127665213,0.229595744226,0.842105272569,0.560607154709
768,0.894271691624,0.235981323583,0.823684220447,0.639092561664
769,0.884451724821,0.257011666293,0.828947378617,0.427177948746
770,0.888052379392,0.250342245339,0.850000008941,0.561161955035
771,0.890016372729,0.249688648266,0.834210535805,0.553569540542
772,0.899509007383,0.22769071422,0.84736843015,0.525995682909
773,0.890016372704,0.248386244336,0.842105271393,0.627614283234
774,0.889361708478,0.247807928181,0.850000008156,0.485895785567
775,0.885433721708,0.240043665986,0.836842114204,0.577956424013
776,0.882815063829,0.258705815834,0.855263166522,0.428442793988
777,0.89721768197,0.230533883426,0.842105271785,0.508676877907
778,0.877905080269,0.257465216441,0.857894745312,0.374149959296
779,0.885433721806,0.246570955586,0.847368429758,0.493458860034
780,0.889361708356,0.245116497333,0.878947375636,0.699201081446
781,0.887725047365,0.241886359041,0.831578957407,0.585524079146
782,0.893289694858,0.235011774465,0.871052638873,0.404759086449
783,0.882160399579,0.240910067852,0.847368428974,0.767804207904
784,0.893944359523,0.242391825383,0.84736843015,0.552434867633
785,0.884779057263,0.238987176151,0.839473692994,0.551709627087
786,0.885433721659,0.235987039146,0.852631587339,0.441554494424
787,0.892635030754,0.227455563066,0.878947375244,0.305546762976
788,0.892307698336,0.241157746062,0.878947375244,0.361727654009
789,0.895581020612,0.229379260449,0.860526324103,0.375062792109
790,0.897217681677,0.240077814829,0.85789474492,0.521620308742
791,0.897217681677,0.231037659159,0.84473685136,0.390723727601
792,0.892635030754,0.238285743887,0.852631587339,0.42101376981
793,0.894599023993,0.227586384114,0.852631587339,0.496097529466
794,0.884779056824,0.249425096653,0.844736850968,0.49082727366
795,0.89590835303,0.236143214005,0.84736843015,0.605900593831
796,0.890016372729,0.241482373753,0.863157902893,0.342888635611
797,0.900163671828,0.21953239731,0.873684217663,0.645752240942
798,0.90769231295,0.211974026616,0.855263166522,0.46946493025
799,0.89689034965,0.225950195774,0.855263166522,0.49763049084
800,0.895581020661,0.22050344849,0.86842105969,0.532568120054
801,0.891325701766,0.235687697453,0.847368429758,0.589959990842
802,0.901145668277,0.225836269804,0.876315796454,0.391256149736
803,0.889034376256,0.236628860676,0.855263166522,0.342585636346
804,0.893289694931,0.237077211634,0.865789481684,0.432033947022
805,0.887070382822,0.245007677619,0.852631586947,0.458480205274
806,0.887725047218,0.240052525665,0.847368429758,0.437149866821
807,0.883142396247,0.245050343731,0.89736842717,0.362799101841
808,0.89263503051,0.220068775568,0.855263165737,0.65242420811
809,0.895908352786,0.237436802101,0.863157902893,0.382388768949
810,0.890671037418,0.233943455602,0.860526324103,0.304622881125
811,0.900163671487,0.223028220035,0.873684218055,0.358937615878
812,0.899509007114,0.22930067154,0.857894744528,0.556434712019
813,0.898199678248,0.228871173306,0.8657894809,0.322809210639
814,0.887070382627,0.244407280923,0.873684217663,0.5519442082
815,0.901145668447,0.225895399917,0.863157902893,0.480317723769
816,0.896235685302,0.232038301563,0.850000008941,0.4591153136
817,0.887070382797,0.257197305554,0.857894745312,0.612488055366
818,0.899509007383,0.219808939393,0.842105272177,0.54186254751
819,0.90671031616,0.211243675311,0.868421060082,0.421780737911
820,0.88608838608,0.243171891759,0.889473690798,0.36099251507
821,0.902454997436,0.218365526098,0.828947378617,0.519677030613
822,0.897217681775,0.240291458544,0.847368429758,0.36055594914
823,0.894926356313,0.234069496475,0.860526323318,0.385302274941
824,0.890671037174,0.232814947441,0.82631579865,0.737542204286
825,0.904746322873,0.217806807805,0.881578954427,0.425732587552
826,0.884451724942,0.249432544377,0.8657894809,0.337659671241
827,0.893617027179,0.231579315105,0.844736850575,0.599743697615
828,0.895253688463,0.233000827377,0.863157902501,0.530825497473
829,0.890016372655,0.242766371378,0.876315796454,0.544841700686
830,0.899181675135,0.226312710888,0.850000008941,0.486978681264
831,0.889689040701,0.240591384692,0.852631587731,0.501462026046
832,0.894599023847,0.239196943876,0.857894745312,0.63267507542
833,0.89198036626,0.23504590797,0.852631587731,0.421451874922
834,0.880196406047,0.252464187009,0.886842112008,0.31619338153
835,0.893289695102,0.231762429362,0.85789474492,0.398624153686
836,0.889034375963,0.235272564552,0.89736842717,0.463402525409
837,0.880523738367,0.25330440157,0.876315796846,0.531250120575
838,0.889034376085,0.232932686909,0.857894745312,0.378002641382
839,0.897872346318,0.228603361201,0.842105272177,0.51486096687
840,0.89950900748,0.220196664005,0.860526324103,0.528590129283
841,0.88183306721,0.253162237502,0.881578954427,0.410250009814
842,0.901800332844,0.223347587232,0.857894745312,0.531287638873
843,0.891980366211,0.238550648718,0.868421060474,0.615247756929
844,0.897217681872,0.232002637694,0.82631579865,0.479797573494
845,0.894599023944,0.229207880429,0.852631586947,0.564879473643
846,0.899181675013,0.225741910808,0.818421063062,0.486977219251
847,0.902454997289,0.21591997959,0.865789481292,0.468576250086
848,0.898527010422,0.220345445052,0.84473685136,0.522144410322
849,0.888052379587,0.232915184279,0.836842114596,0.661176595479
850,0.89427169138,0.228388345691,0.855263166522,0.571867078147
851,0.902127665164,0.229605496976,0.842105272177,0.413591135955
852,0.893944359596,0.226818619953,0.863157902893,0.5517717263
853,0.910965635226,0.216313413312,0.873684218055,0.378254808068
854,0.905073655266,0.214791376947,0.865789481292,0.521870449234
855,0.89525368839,0.248090804195,0.876315796454,0.377809990306
856,0.893944359548,0.234568741124,0.839473693387,0.598870863204
857,0.904091658501,0.220127702949,0.868421060474,0.356607694231
858,0.898199678297,0.230485727502,0.873684217663,0.355390307082
859,0.896890349503,0.226543143366,0.852631587339,0.381100840712
860,0.89230769858,0.239416418307,0.873684217663,0.366947996343
861,0.894271691917,0.226322005636,0.828947377048,0.549691854873
862,0.890343704976,0.232078070397,0.855263165737,0.44170968554
863,0.89165303394,0.237910236789,0.834210536198,0.462765598892
864,0.893289695005,0.228718841685,0.860526323711,0.385906360932
865,0.896235685204,0.226966748938,0.876315796454,0.383291807784
866,0.896890349503,0.223507662483,0.865789481292,0.470362063168
867,0.902454997485,0.219844675832,0.836842114596,0.619067632177
868,0.903764326375,0.219551655808,0.84736843015,0.516424182765
869,0.889689040652,0.241714376097,0.84473685136,0.623679382547
870,0.901473000572,0.23068473147,0.844736850183,0.353491265186
871,0.901145668399,0.221063684897,0.84736843015,0.424074798843
872,0.894926356094,0.231529969962,0.884210533217,0.34182610071
873,0.889689040506,0.232376483752,0.865789481292,0.462834631973
874,0.903764326278,0.221397242371,0.850000008941,0.446575502002
875,0.907364980801,0.221371278489,0.857894745312,0.432907597185
876,0.893617027471,0.227309119134,0.855263166522,0.410209288664
877,0.879541741602,0.257097476064,0.850000008941,0.323416806865
878,0.888379711566,0.242733243271,0.871052639265,0.505613195905
879,0.892962362977,0.229458328115,0.852631586947,0.427243646672
880,0.886743050697,0.246308983397,0.860526323711,0.478300500553
881,0.905400987343,0.223740643862,0.847368429758,0.481116937745
882,0.891980366406,0.243914191643,0.84736843015,0.560483275696
883,0.900163671682,0.221058002387,0.873684218055,0.44151196075
884,0.894926356362,0.236540587459,0.865789481684,0.381129053814
885,0.898527010422,0.224652999009,0.865789481684,0.379886999492
886,0.893617027179,0.245035234554,0.855263165737,0.432073809059
887,0.89885434284,0.220317222343,0.865789481292,0.479203666306
888,0.908346977445,0.206287061299,0.871052639265,0.326064841063
889,0.902127665164,0.221297895101,0.821052641853,0.805936602239
890,0.894271691478,0.229990580644,0.839473693779,0.620236309329
891,0.903764326375,0.224143731211,0.850000008549,0.765067155927
892,0.88805237949,0.239802986579,0.839473693779,0.597460095979
893,0.898854342913,0.221597586415,0.852631586947,0.59138372517
894,0.886743050623,0.250619113671,0.823684219467,0.543756442018
895,0.902782329707,0.214567989005,0.850000008941,0.549722753275
896,0.898854342937,0.230058859379,0.863157902893,0.55063995565
897,0.904091658549,0.220295533692,0.894736848379,0.35752121854
898,0.90343699386,0.224086223436,0.844736850968,0.547306778416
899,0.900163671925,0.225298993417,0.871052638873,0.578088445511
900,0.890016372777,0.232776367246,0.82894737744,0.66227048909
901,0.901473000597,0.212637432061,0.884210533217,0.333807671277
902,0.892307698483,0.234930902211,0.868421060082,0.426943844387
903,0.897872346269,0.229126881943,0.823684221036,0.813766387611
904,0.890998369348,0.224171909168,0.828947377832,0.773175822861
905,0.90016367173,0.219236656315,0.876315796062,0.59230798769
906,0.887725047243,0.239320477509,0.857894745312,0.442560769619
907,0.891325701668,0.246002934175,0.857894744136,0.624774300838
908,0.887725047218,0.239062535492,0.878947375636,0.406015778629
909,0.890343704756,0.235746595616,0.818421061886,0.457193170446
910,0.896890349503,0.226007128465,0.836842114596,0.707874410895
911,0.895581020856,0.235234618802,0.865789481684,0.673843286749
912,0.901145668545,0.223689499361,0.813157905481,0.818086478798
913,0.903764326278,0.220112837332,0.857894745312,0.397278728141
914,0.890998369397,0.24320382384,0.863157902893,0.382757448218
915,0.908019645027,0.206154535127,0.863157902109,0.602251490856
916,0.907364980825,0.217950698086,0.857894745312,0.548929380771
917,0.900163671828,0.227795372927,0.855263166522,0.64919384361
918,0.903764326473,0.213685984842,0.873684218055,0.358763859355
919,0.909328974015,0.210242972777,0.865789481684,0.494986926282
920,0.903109661735,0.218145828535,0.871052639265,0.371128565423
921,0.888707043984,0.239438329382,0.865789481292,0.644406513001
922,0.900818336225,0.219763877476,0.881578954427,0.366992738151
923,0.899836339605,0.216908443484,0.850000008156,0.530459858799
924,0.895581020759,0.233409538674,0.836842114988,0.851368174717
925,0.904746322995,0.214552309517,0.847368429758,0.576626007341
926,0.894271691722,0.236143489805,0.855263166522,0.43521552364
927,0.891325701766,0.241921433032,0.852631587339,0.570342408598
928,0.897217681824,0.23816719621,0.855263165737,0.506922521443
929,0.900818336225,0.222009474752,0.857894745312,0.4611247758
930,0.894926356216,0.233949843114,0.839473693779,0.494506917481
931,0.89067103732,0.229696561945,0.828947378224,0.586521422702
932,0.907037648505,0.206330891617,0.818421063455,0.939360264376
933,0.894599024091,0.231017575074,0.84736843015,0.666083882187
934,0.900818336371,0.225775841525,0.878947374852,0.383029355307
935,0.884779057165,0.236928423234,0.855263165345,0.636880614663
936,0.897217681872,0.227551384931,0.842105272569,0.6957667968
937,0.893289694956,0.228515482705,0.844736850575,0.640217024028
938,0.889689040506,0.230577394175,0.852631587731,0.474216209476
939,0.897545014095,0.216349134292,0.844736850183,0.543013276957
940,0.903764326278,0.217130302709,0.836842114204,0.455992743114
941,0.893289694907,0.229486842712,0.839473692994,0.471580598737
942,0.907037648505,0.21379478504,0.886842112008,0.588470151811
943,0.901800333039,0.215388580678,0.865789481292,0.720868020986
944,0.900818336371,0.220730286369,0.884210533217,0.349245222767
945,0.900818336273,0.220508146234,0.850000008549,0.682559573107
946,0.89558102071,0.233647335958,0.842105271785,0.876297549264
947,0.909983638534,0.211076961126,0.850000008941,0.526888684957
948,0.90310966193,0.226538159122,0.85789474492,0.659061586124
949,0.894271691965,0.229411178367,0.850000008549,0.479947724327
950,0.898199678248,0.227861161418,0.842105272569,0.44202386458
951,0.909001641744,0.196305610375,0.868421060082,0.48356270196
952,0.907364980776,0.223181162868,0.865789481684,0.495228629641
953,0.901473000572,0.224192297303,0.842105272177,0.572411997119
954,0.905728319614,0.213101095954,0.857894745312,0.406102307404
955,0.91522095417,0.200221140852,0.847368429758,0.661451521648
956,0.8841243925,0.251962681448,0.85789474492,0.404597286485
957,0.890671037174,0.238698768879,0.863157902501,0.428029505556
958,0.893289694907,0.227244372607,0.894736848379,0.541334248752
959,0.899509007431,0.231197056259,0.850000008941,0.390971534193
960,0.898199678126,0.215148558435,0.863157902501,0.430431627523
961,0.898527010397,0.226074684522,0.876315796062,0.551749673458
962,0.911620299672,0.205344185698,0.839473693779,0.513204352575
963,0.904091658354,0.221951300466,0.876315796846,0.548728490041
964,0.903436994006,0.204076623833,0.855263166522,0.477972865262
965,0.894271691624,0.236939241758,0.902631584751,0.335829594288
966,0.905400987367,0.218106746136,0.863157902109,0.440092115451
967,0.90671031638,0.210682428775,0.850000008549,0.682520235715
968,0.905073655096,0.222999925545,0.842105272177,0.858533226198
969,0.895581020393,0.237005349514,0.84736843015,0.644252689778
970,0.899836339752,0.221484640274,0.850000008549,0.524836074047
971,0.900163671535,0.222354867006,0.810526325907,1.20562725908
972,0.897545013949,0.219563731437,0.850000008941,0.458601718588
973,0.903436993958,0.223871054371,0.834210535805,0.901030282409
974,0.89852701069,0.225314733914,0.876315796846,0.413886130795
975,0.898527010617,0.221376810525,0.871052639265,0.740224951674
976,0.89590835264,0.235731200227,0.84473685136,0.485923911733
977,0.897872346366,0.218701740996,0.873684217271,0.511316107863
978,0.888379711639,0.237032972284,0.863157901717,0.574759112003
979,0.893944359694,0.227086304477,0.85526316613,0.575195693402
980,0.895908352835,0.230875279142,0.842105271785,0.765499325849
981,0.893944359645,0.227774703373,0.836842114204,0.538476616291
982,0.906382984011,0.217104967281,0.836842114988,0.595031862697
983,0.897545014193,0.224707127708,0.844736850575,0.877993898709
984,0.905400987538,0.210737162762,0.823684220643,0.856011855033
985,0.894926356264,0.224964925085,0.863157902501,0.526858986302
986,0.896563017378,0.227046785978,0.844736850575,0.751757403191
987,0.900163671706,0.215883754805,0.868421060474,0.496247356558
988,0.908019645271,0.21231856277,0.855263165737,0.383452210855
989,0.903436994104,0.220070772436,0.884210532825,0.525150522339
990,0.907364980874,0.211471433454,0.850000008156,0.748209151688
991,0.901800332795,0.22206593534,0.873684217663,0.448531525086
992,0.897545014144,0.225088344574,0.850000008549,0.689242961975
993,0.905728319517,0.211628023118,0.855263166522,0.559608111442
994,0.895253688243,0.227790796105,0.847368429758,0.477710743167
995,0.900491004002,0.223579505731,0.839473693387,0.611772984027
996,0.903109661832,0.215346741511,0.836842114596,0.559087609215
997,0.905073655217,0.209024315043,0.85789474492,0.697741119561
998,0.915220954122,0.197541785529,0.852631587731,0.616539085248
999,0.903109661881,0.207290078326,0.836842114988,0.624920280925
